torch.Size([14031, 5, 64, 32])
torch.Size([4677, 5, 64, 32])
torch.Size([4678, 5, 64, 32])
Shape: (5, 144, 72)
Training Decoder
Starting Downstream Task
Starting Latent Downstream Task
MSE Loss Between Generated and Conditioned: 671169.1875
Epoch: 1, Loss: 1.0101
MSE Loss Between Generated and Conditioned: 132676.9844
Epoch: 2, Loss: 0.8112
MSE Loss Between Generated and Conditioned: 79402.7734
Epoch: 3, Loss: 0.7021
MSE Loss Between Generated and Conditioned: 63725.3555
Epoch: 4, Loss: 0.6174
MSE Loss Between Generated and Conditioned: 49703.7148
Epoch: 5, Loss: 0.5445
MSE Loss Between Generated and Conditioned: 44295.9102
Epoch: 6, Loss: 0.4889
MSE Loss Between Generated and Conditioned: 36056.0273
Epoch: 7, Loss: 0.4452
MSE Loss Between Generated and Conditioned: 29965.0449
Epoch: 8, Loss: 0.4107
MSE Loss Between Generated and Conditioned: 28303.4434
Epoch: 9, Loss: 0.3792
MSE Loss Between Generated and Conditioned: 23303.9824
Epoch: 10, Loss: 0.3591
MSE Loss Between Generated and Conditioned: 21153.2949
Epoch: 11, Loss: 0.3406
MSE Loss Between Generated and Conditioned: 19541.8730
Epoch: 12, Loss: 0.3251
MSE Loss Between Generated and Conditioned: 16181.3154
Epoch: 13, Loss: 0.3116
MSE Loss Between Generated and Conditioned: 16619.8750
Epoch: 14, Loss: 0.2975
MSE Loss Between Generated and Conditioned: 14602.7627
Epoch: 15, Loss: 0.2729
MSE Loss Between Generated and Conditioned: 12966.6338
Epoch: 16, Loss: 0.2660
MSE Loss Between Generated and Conditioned: 10486.2988
Epoch: 17, Loss: 0.2479
MSE Loss Between Generated and Conditioned: 9234.4092
Epoch: 18, Loss: 0.2398
MSE Loss Between Generated and Conditioned: 6060.3335
Epoch: 19, Loss: 0.2329
MSE Loss Between Generated and Conditioned: 6829.4390
Epoch: 20, Loss: 0.2233
MSE Loss Between Generated and Conditioned: 5678.4331
Epoch: 21, Loss: 0.2190
MSE Loss Between Generated and Conditioned: 6191.9658
Epoch: 22, Loss: 0.2140
MSE Loss Between Generated and Conditioned: 7036.3931
Epoch: 23, Loss: 0.2162
MSE Loss Between Generated and Conditioned: 5716.0630
Epoch: 24, Loss: 0.2095
MSE Loss Between Generated and Conditioned: 3963.1626
Epoch: 25, Loss: 0.2014
MSE Loss Between Generated and Conditioned: 3579.3071
Epoch: 26, Loss: 0.2015
MSE Loss Between Generated and Conditioned: 5468.3198
Epoch: 27, Loss: 0.2003
MSE Loss Between Generated and Conditioned: 3608.0642
Epoch: 28, Loss: 0.2035
MSE Loss Between Generated and Conditioned: 2514.4961
Epoch: 29, Loss: 0.2023
MSE Loss Between Generated and Conditioned: 2630.9355
Epoch: 30, Loss: 0.1919
MSE Loss Between Generated and Conditioned: 2625.8645
Epoch: 31, Loss: 0.1855
MSE Loss Between Generated and Conditioned: 3384.0352
Epoch: 32, Loss: 0.1889
MSE Loss Between Generated and Conditioned: 3393.3445
Epoch: 33, Loss: 0.1857
MSE Loss Between Generated and Conditioned: 2617.6016
Epoch: 34, Loss: 0.1819
MSE Loss Between Generated and Conditioned: 2090.6777
Epoch: 35, Loss: 0.1714
MSE Loss Between Generated and Conditioned: 2048.4070
Epoch: 36, Loss: 0.1830
MSE Loss Between Generated and Conditioned: 1103.0087
Epoch: 37, Loss: 0.1791
MSE Loss Between Generated and Conditioned: 1322.1631
Epoch: 38, Loss: 0.1746
MSE Loss Between Generated and Conditioned: 1594.1508
Epoch: 39, Loss: 0.1703
MSE Loss Between Generated and Conditioned: 1400.9457
Epoch: 40, Loss: 0.1720
MSE Loss Between Generated and Conditioned: 1418.4850
Epoch: 41, Loss: 0.1657
MSE Loss Between Generated and Conditioned: 1239.8920
Epoch: 42, Loss: 0.1608
MSE Loss Between Generated and Conditioned: 1721.8391
Epoch: 43, Loss: 0.1573
MSE Loss Between Generated and Conditioned: 784.4345
Epoch: 44, Loss: 0.1621
MSE Loss Between Generated and Conditioned: 1403.3311
Epoch: 45, Loss: 0.1533
MSE Loss Between Generated and Conditioned: 994.0246
Epoch: 46, Loss: 0.1596
MSE Loss Between Generated and Conditioned: 815.5879
Epoch: 47, Loss: 0.1584
MSE Loss Between Generated and Conditioned: 696.9583
Epoch: 48, Loss: 0.1553
MSE Loss Between Generated and Conditioned: 836.7327
Epoch: 49, Loss: 0.1591
MSE Loss Between Generated and Conditioned: 601.7845
Epoch: 50, Loss: 0.1633
MSE Loss Between Generated and Conditioned: 456.8237
Epoch: 51, Loss: 0.1548
MSE Loss Between Generated and Conditioned: 446.1974
Epoch: 52, Loss: 0.1573
MSE Loss Between Generated and Conditioned: 527.4462
Epoch: 53, Loss: 0.1477
MSE Loss Between Generated and Conditioned: 428.8103
Epoch: 54, Loss: 0.1453
MSE Loss Between Generated and Conditioned: 619.6618
Epoch: 55, Loss: 0.1524
MSE Loss Between Generated and Conditioned: 490.5081
Epoch: 56, Loss: 0.1511
MSE Loss Between Generated and Conditioned: 343.1566
Epoch: 57, Loss: 0.1476
MSE Loss Between Generated and Conditioned: 300.7144
Epoch: 58, Loss: 0.1459
MSE Loss Between Generated and Conditioned: 260.9732
Epoch: 59, Loss: 0.1514
MSE Loss Between Generated and Conditioned: 211.9468
Epoch: 60, Loss: 0.1539
MSE Loss Between Generated and Conditioned: 251.8337
Epoch: 61, Loss: 0.1425
MSE Loss Between Generated and Conditioned: 135.7551
Epoch: 62, Loss: 0.1581
MSE Loss Between Generated and Conditioned: 343.1527
Epoch: 63, Loss: 0.1394
MSE Loss Between Generated and Conditioned: 210.5933
Epoch: 64, Loss: 0.1462
MSE Loss Between Generated and Conditioned: 290.8550
Epoch: 65, Loss: 0.1463
MSE Loss Between Generated and Conditioned: 218.9130
Epoch: 66, Loss: 0.1413
MSE Loss Between Generated and Conditioned: 243.9028
Epoch: 67, Loss: 0.1449
MSE Loss Between Generated and Conditioned: 243.0017
Epoch: 68, Loss: 0.1473
MSE Loss Between Generated and Conditioned: 180.8038
Epoch: 69, Loss: 0.1486
MSE Loss Between Generated and Conditioned: 192.8570
Epoch: 70, Loss: 0.1483
MSE Loss Between Generated and Conditioned: 184.5124
Epoch: 71, Loss: 0.1448
MSE Loss Between Generated and Conditioned: 155.5226
Epoch: 72, Loss: 0.1496
MSE Loss Between Generated and Conditioned: 141.2126
Epoch: 73, Loss: 0.1359
MSE Loss Between Generated and Conditioned: 173.4140
Epoch: 74, Loss: 0.1395
MSE Loss Between Generated and Conditioned: 108.4520
Epoch: 75, Loss: 0.1400
MSE Loss Between Generated and Conditioned: 118.3063
Epoch: 76, Loss: 0.1406
MSE Loss Between Generated and Conditioned: 171.0706
Epoch: 77, Loss: 0.1435
MSE Loss Between Generated and Conditioned: 124.6213
Epoch: 78, Loss: 0.1440
MSE Loss Between Generated and Conditioned: 101.9520
Epoch: 79, Loss: 0.1457
MSE Loss Between Generated and Conditioned: 78.8745
Epoch: 80, Loss: 0.1465
MSE Loss Between Generated and Conditioned: 43.7850
Epoch: 81, Loss: 0.1430
MSE Loss Between Generated and Conditioned: 71.5174
Epoch: 82, Loss: 0.1456
MSE Loss Between Generated and Conditioned: 58.5073
Epoch: 83, Loss: 0.1421
MSE Loss Between Generated and Conditioned: 72.4860
Epoch: 84, Loss: 0.1391
MSE Loss Between Generated and Conditioned: 77.1531
Epoch: 85, Loss: 0.1328
MSE Loss Between Generated and Conditioned: 58.0274
Epoch: 86, Loss: 0.1382
MSE Loss Between Generated and Conditioned: 69.7291
Epoch: 87, Loss: 0.1306
MSE Loss Between Generated and Conditioned: 53.1295
Epoch: 88, Loss: 0.1379
MSE Loss Between Generated and Conditioned: 84.6025
Epoch: 89, Loss: 0.1329
MSE Loss Between Generated and Conditioned: 52.3560
Epoch: 90, Loss: 0.1281
MSE Loss Between Generated and Conditioned: 50.6152
Epoch: 91, Loss: 0.1332
MSE Loss Between Generated and Conditioned: 60.2349
Epoch: 92, Loss: 0.1271
MSE Loss Between Generated and Conditioned: 70.3102
Epoch: 93, Loss: 0.1325
MSE Loss Between Generated and Conditioned: 55.8017
Epoch: 94, Loss: 0.1274
MSE Loss Between Generated and Conditioned: 49.2606
Epoch: 95, Loss: 0.1262
MSE Loss Between Generated and Conditioned: 54.2678
Epoch: 96, Loss: 0.1325
MSE Loss Between Generated and Conditioned: 64.6909
Epoch: 97, Loss: 0.1262
MSE Loss Between Generated and Conditioned: 56.0553
Epoch: 98, Loss: 0.1365
MSE Loss Between Generated and Conditioned: 57.8763
Epoch: 99, Loss: 0.1218
MSE Loss Between Generated and Conditioned: 44.3694
Epoch: 100, Loss: 0.1373
MSE Loss Between Generated and Conditioned: 51.3136
Epoch: 101, Loss: 0.1379
MSE Loss Between Generated and Conditioned: 56.1171
Epoch: 102, Loss: 0.1316
MSE Loss Between Generated and Conditioned: 96.7125
Epoch: 103, Loss: 0.1258
MSE Loss Between Generated and Conditioned: 35.0054
Epoch: 104, Loss: 0.1322
MSE Loss Between Generated and Conditioned: 55.9518
Epoch: 105, Loss: 0.1366
MSE Loss Between Generated and Conditioned: 60.3450
Epoch: 106, Loss: 0.1286
MSE Loss Between Generated and Conditioned: 56.4480
Epoch: 107, Loss: 0.1265
MSE Loss Between Generated and Conditioned: 43.8860
Epoch: 108, Loss: 0.1331
MSE Loss Between Generated and Conditioned: 47.9324
Epoch: 109, Loss: 0.1354
MSE Loss Between Generated and Conditioned: 48.6919
Epoch: 110, Loss: 0.1364
MSE Loss Between Generated and Conditioned: 51.4517
Epoch: 111, Loss: 0.1305
MSE Loss Between Generated and Conditioned: 33.1485
Epoch: 112, Loss: 0.1281
MSE Loss Between Generated and Conditioned: 58.1666
Epoch: 113, Loss: 0.1292
MSE Loss Between Generated and Conditioned: 49.2179
Epoch: 114, Loss: 0.1322
MSE Loss Between Generated and Conditioned: 47.7504
Epoch: 115, Loss: 0.1309
MSE Loss Between Generated and Conditioned: 64.1288
Epoch: 116, Loss: 0.1230
MSE Loss Between Generated and Conditioned: 54.2238
Epoch: 117, Loss: 0.1309
MSE Loss Between Generated and Conditioned: 54.4795
Epoch: 118, Loss: 0.1326
MSE Loss Between Generated and Conditioned: 46.5749
Epoch: 119, Loss: 0.1261
MSE Loss Between Generated and Conditioned: 34.1725
Epoch: 120, Loss: 0.1333
MSE Loss Between Generated and Conditioned: 53.5705
Epoch: 121, Loss: 0.1334
MSE Loss Between Generated and Conditioned: 55.6610
Epoch: 122, Loss: 0.1297
MSE Loss Between Generated and Conditioned: 41.1360
Epoch: 123, Loss: 0.1297
MSE Loss Between Generated and Conditioned: 55.1352
Epoch: 124, Loss: 0.1262
MSE Loss Between Generated and Conditioned: 45.9327
Epoch: 125, Loss: 0.1281
MSE Loss Between Generated and Conditioned: 39.2686
Epoch: 126, Loss: 0.1304
MSE Loss Between Generated and Conditioned: 38.4259
Epoch: 127, Loss: 0.1254
MSE Loss Between Generated and Conditioned: 57.8633
Epoch: 128, Loss: 0.1296
MSE Loss Between Generated and Conditioned: 48.8370
Epoch: 129, Loss: 0.1254
MSE Loss Between Generated and Conditioned: 59.2934
Epoch: 130, Loss: 0.1353
MSE Loss Between Generated and Conditioned: 38.3173
Epoch: 131, Loss: 0.1244
MSE Loss Between Generated and Conditioned: 53.7739
Epoch: 132, Loss: 0.1278
MSE Loss Between Generated and Conditioned: 59.1401
Epoch: 133, Loss: 0.1284
MSE Loss Between Generated and Conditioned: 46.9190
Epoch: 134, Loss: 0.1270
MSE Loss Between Generated and Conditioned: 49.8341
Epoch: 135, Loss: 0.1235
MSE Loss Between Generated and Conditioned: 27.1836
Epoch: 136, Loss: 0.1267
MSE Loss Between Generated and Conditioned: 53.5315
Epoch: 137, Loss: 0.1287
MSE Loss Between Generated and Conditioned: 52.9985
Epoch: 138, Loss: 0.1291
MSE Loss Between Generated and Conditioned: 49.7523
Epoch: 139, Loss: 0.1259
MSE Loss Between Generated and Conditioned: 70.7012
Epoch: 140, Loss: 0.1260
MSE Loss Between Generated and Conditioned: 55.7423
Epoch: 141, Loss: 0.1306
MSE Loss Between Generated and Conditioned: 48.3503
Epoch: 142, Loss: 0.1336
MSE Loss Between Generated and Conditioned: 46.1362
Epoch: 143, Loss: 0.1318
MSE Loss Between Generated and Conditioned: 60.4719
Epoch: 144, Loss: 0.1346
MSE Loss Between Generated and Conditioned: 42.3730
Epoch: 145, Loss: 0.1222
MSE Loss Between Generated and Conditioned: 58.4254
Epoch: 146, Loss: 0.1287
MSE Loss Between Generated and Conditioned: 38.7167
Epoch: 147, Loss: 0.1281
MSE Loss Between Generated and Conditioned: 55.7375
Epoch: 148, Loss: 0.1226
MSE Loss Between Generated and Conditioned: 41.9115
Epoch: 149, Loss: 0.1373
MSE Loss Between Generated and Conditioned: 51.7992
Epoch: 150, Loss: 0.1273
MSE Loss Between Generated and Conditioned: 54.6797
Epoch: 151, Loss: 0.1321
MSE Loss Between Generated and Conditioned: 37.3866
Epoch: 152, Loss: 0.1290
MSE Loss Between Generated and Conditioned: 41.1867
Epoch: 153, Loss: 0.1371
MSE Loss Between Generated and Conditioned: 62.7197
Epoch: 154, Loss: 0.1342
MSE Loss Between Generated and Conditioned: 54.3109
Epoch: 155, Loss: 0.1340
MSE Loss Between Generated and Conditioned: 65.4362
Epoch: 156, Loss: 0.1347
MSE Loss Between Generated and Conditioned: 45.7262
Epoch: 157, Loss: 0.1257
MSE Loss Between Generated and Conditioned: 59.2314
Epoch: 158, Loss: 0.1242
MSE Loss Between Generated and Conditioned: 65.0127
Epoch: 159, Loss: 0.1255
MSE Loss Between Generated and Conditioned: 48.6409
Epoch: 160, Loss: 0.1335
MSE Loss Between Generated and Conditioned: 35.4890
Epoch: 161, Loss: 0.1286
MSE Loss Between Generated and Conditioned: 52.8661
Epoch: 162, Loss: 0.1258
MSE Loss Between Generated and Conditioned: 50.0715
Epoch: 163, Loss: 0.1299
MSE Loss Between Generated and Conditioned: 42.2518
Epoch: 164, Loss: 0.1285
MSE Loss Between Generated and Conditioned: 48.0338
Epoch: 165, Loss: 0.1290
MSE Loss Between Generated and Conditioned: 35.0520
Epoch: 166, Loss: 0.1288
MSE Loss Between Generated and Conditioned: 72.2238
Epoch: 167, Loss: 0.1302
MSE Loss Between Generated and Conditioned: 61.3375
Epoch: 168, Loss: 0.1263
MSE Loss Between Generated and Conditioned: 51.8391
Epoch: 169, Loss: 0.1312
MSE Loss Between Generated and Conditioned: 40.0058
Epoch: 170, Loss: 0.1330
MSE Loss Between Generated and Conditioned: 49.9334
Epoch: 171, Loss: 0.1305
MSE Loss Between Generated and Conditioned: 31.7537
Epoch: 172, Loss: 0.1263
MSE Loss Between Generated and Conditioned: 51.4438
Epoch: 173, Loss: 0.1266
MSE Loss Between Generated and Conditioned: 56.8274
Epoch: 174, Loss: 0.1324
MSE Loss Between Generated and Conditioned: 43.4754
Epoch: 175, Loss: 0.1267
MSE Loss Between Generated and Conditioned: 45.9961
Epoch: 176, Loss: 0.1249
MSE Loss Between Generated and Conditioned: 42.4778
Epoch: 177, Loss: 0.1371
MSE Loss Between Generated and Conditioned: 41.8269
Epoch: 178, Loss: 0.1315
MSE Loss Between Generated and Conditioned: 41.2020
Epoch: 179, Loss: 0.1311
MSE Loss Between Generated and Conditioned: 42.1312
Epoch: 180, Loss: 0.1282
MSE Loss Between Generated and Conditioned: 50.5076
Epoch: 181, Loss: 0.1308
MSE Loss Between Generated and Conditioned: 58.8053
Epoch: 182, Loss: 0.1344
MSE Loss Between Generated and Conditioned: 51.8121
Epoch: 183, Loss: 0.1301
MSE Loss Between Generated and Conditioned: 58.0500
Epoch: 184, Loss: 0.1284
MSE Loss Between Generated and Conditioned: 39.4167
Epoch: 185, Loss: 0.1317
MSE Loss Between Generated and Conditioned: 44.0377
Epoch: 186, Loss: 0.1274
MSE Loss Between Generated and Conditioned: 50.8547
Epoch: 187, Loss: 0.1299
MSE Loss Between Generated and Conditioned: 63.7259
Epoch: 188, Loss: 0.1295
MSE Loss Between Generated and Conditioned: 42.3384
Epoch: 189, Loss: 0.1345
MSE Loss Between Generated and Conditioned: 45.6195
Epoch: 190, Loss: 0.1292
MSE Loss Between Generated and Conditioned: 48.5601
Epoch: 191, Loss: 0.1338
MSE Loss Between Generated and Conditioned: 58.2512
Epoch: 192, Loss: 0.1215
MSE Loss Between Generated and Conditioned: 46.0801
Epoch: 193, Loss: 0.1362
MSE Loss Between Generated and Conditioned: 65.2593
Epoch: 194, Loss: 0.1218
MSE Loss Between Generated and Conditioned: 56.0702
Epoch: 195, Loss: 0.1305
MSE Loss Between Generated and Conditioned: 48.7220
Epoch: 196, Loss: 0.1276
MSE Loss Between Generated and Conditioned: 41.0924
Epoch: 197, Loss: 0.1276
MSE Loss Between Generated and Conditioned: 49.5504
Epoch: 198, Loss: 0.1268
MSE Loss Between Generated and Conditioned: 50.4048
Epoch: 199, Loss: 0.1315
MSE Loss Between Generated and Conditioned: 53.3086
Epoch: 200, Loss: 0.1334
MSE Loss Between Generated and Conditioned: 46.9098
Epoch: 201, Loss: 0.1313
MSE Loss Between Generated and Conditioned: 44.9666
Epoch: 202, Loss: 0.1264
MSE Loss Between Generated and Conditioned: 51.6384
Epoch: 203, Loss: 0.1318
MSE Loss Between Generated and Conditioned: 54.3731
Epoch: 204, Loss: 0.1279
MSE Loss Between Generated and Conditioned: 66.5808
Epoch: 205, Loss: 0.1339
MSE Loss Between Generated and Conditioned: 38.7476
Epoch: 206, Loss: 0.1246
MSE Loss Between Generated and Conditioned: 71.2892
Epoch: 207, Loss: 0.1329
MSE Loss Between Generated and Conditioned: 51.6971
Epoch: 208, Loss: 0.1288
MSE Loss Between Generated and Conditioned: 30.5306
Epoch: 209, Loss: 0.1280
MSE Loss Between Generated and Conditioned: 42.6440
Epoch: 210, Loss: 0.1333
MSE Loss Between Generated and Conditioned: 64.3993
Epoch: 211, Loss: 0.1312
MSE Loss Between Generated and Conditioned: 47.1153
Epoch: 212, Loss: 0.1343
MSE Loss Between Generated and Conditioned: 57.0976
Epoch: 213, Loss: 0.1243
MSE Loss Between Generated and Conditioned: 51.3481
Epoch: 214, Loss: 0.1297
MSE Loss Between Generated and Conditioned: 52.4195
Epoch: 215, Loss: 0.1257
MSE Loss Between Generated and Conditioned: 52.5334
Epoch: 216, Loss: 0.1329
MSE Loss Between Generated and Conditioned: 44.1082
Epoch: 217, Loss: 0.1293
MSE Loss Between Generated and Conditioned: 47.5931
Epoch: 218, Loss: 0.1296
MSE Loss Between Generated and Conditioned: 51.6433
Epoch: 219, Loss: 0.1240
MSE Loss Between Generated and Conditioned: 40.0651
Epoch: 220, Loss: 0.1297
MSE Loss Between Generated and Conditioned: 53.4922
Epoch: 221, Loss: 0.1318
MSE Loss Between Generated and Conditioned: 60.9969
Epoch: 222, Loss: 0.1195
MSE Loss Between Generated and Conditioned: 51.9082
Epoch: 223, Loss: 0.1297
MSE Loss Between Generated and Conditioned: 58.3800
Epoch: 224, Loss: 0.1218
MSE Loss Between Generated and Conditioned: 36.6615
Epoch: 225, Loss: 0.1383
MSE Loss Between Generated and Conditioned: 62.9482
Epoch: 226, Loss: 0.1195
MSE Loss Between Generated and Conditioned: 43.3342
Epoch: 227, Loss: 0.1263
MSE Loss Between Generated and Conditioned: 38.9674
Epoch: 228, Loss: 0.1312
MSE Loss Between Generated and Conditioned: 61.9001
Epoch: 229, Loss: 0.1322
MSE Loss Between Generated and Conditioned: 53.4022
Epoch: 230, Loss: 0.1273
MSE Loss Between Generated and Conditioned: 46.3095
Epoch: 231, Loss: 0.1307
MSE Loss Between Generated and Conditioned: 44.1577
Epoch: 232, Loss: 0.1261
MSE Loss Between Generated and Conditioned: 43.4581
Epoch: 233, Loss: 0.1289
MSE Loss Between Generated and Conditioned: 50.3440
Epoch: 234, Loss: 0.1223
MSE Loss Between Generated and Conditioned: 41.1496
Epoch: 235, Loss: 0.1243
MSE Loss Between Generated and Conditioned: 55.3174
Epoch: 236, Loss: 0.1241
MSE Loss Between Generated and Conditioned: 40.3831
Epoch: 237, Loss: 0.1338
MSE Loss Between Generated and Conditioned: 40.7788
Epoch: 238, Loss: 0.1318
MSE Loss Between Generated and Conditioned: 65.3452
Epoch: 239, Loss: 0.1242
MSE Loss Between Generated and Conditioned: 52.1496
Epoch: 240, Loss: 0.1259
MSE Loss Between Generated and Conditioned: 48.4910
Epoch: 241, Loss: 0.1320
MSE Loss Between Generated and Conditioned: 31.6929
Epoch: 242, Loss: 0.1337
MSE Loss Between Generated and Conditioned: 49.6975
Epoch: 243, Loss: 0.1297
MSE Loss Between Generated and Conditioned: 51.2458
Epoch: 244, Loss: 0.1312
MSE Loss Between Generated and Conditioned: 43.5778
Epoch: 245, Loss: 0.1335
MSE Loss Between Generated and Conditioned: 54.0843
Epoch: 246, Loss: 0.1228
MSE Loss Between Generated and Conditioned: 36.9067
Epoch: 247, Loss: 0.1248
MSE Loss Between Generated and Conditioned: 65.9140
Epoch: 248, Loss: 0.1276
MSE Loss Between Generated and Conditioned: 45.9868
Epoch: 249, Loss: 0.1316
MSE Loss Between Generated and Conditioned: 61.7594
Epoch: 250, Loss: 0.1269
MSE Loss Between Generated and Conditioned: 55.7600
Epoch: 251, Loss: 0.1273
MSE Loss Between Generated and Conditioned: 53.7678
Epoch: 252, Loss: 0.1263
MSE Loss Between Generated and Conditioned: 48.9498
Epoch: 253, Loss: 0.1273
MSE Loss Between Generated and Conditioned: 32.4529
Epoch: 254, Loss: 0.1263
MSE Loss Between Generated and Conditioned: 56.9919
Epoch: 255, Loss: 0.1269
MSE Loss Between Generated and Conditioned: 49.8562
Epoch: 256, Loss: 0.1249
MSE Loss Between Generated and Conditioned: 35.2269
Epoch: 257, Loss: 0.1266
MSE Loss Between Generated and Conditioned: 69.3872
Epoch: 258, Loss: 0.1302
MSE Loss Between Generated and Conditioned: 49.3310
Epoch: 259, Loss: 0.1240
MSE Loss Between Generated and Conditioned: 52.4591
Epoch: 260, Loss: 0.1288
MSE Loss Between Generated and Conditioned: 62.4864
Epoch: 261, Loss: 0.1254
MSE Loss Between Generated and Conditioned: 49.5311
Epoch: 262, Loss: 0.1307
MSE Loss Between Generated and Conditioned: 43.0380
Epoch: 263, Loss: 0.1382
MSE Loss Between Generated and Conditioned: 54.2459
Epoch: 264, Loss: 0.1346
MSE Loss Between Generated and Conditioned: 52.8984
Epoch: 265, Loss: 0.1286
MSE Loss Between Generated and Conditioned: 50.3897
Epoch: 266, Loss: 0.1251
MSE Loss Between Generated and Conditioned: 30.8074
Epoch: 267, Loss: 0.1342
MSE Loss Between Generated and Conditioned: 38.7792
Epoch: 268, Loss: 0.1280
MSE Loss Between Generated and Conditioned: 44.9027
Epoch: 269, Loss: 0.1324
MSE Loss Between Generated and Conditioned: 57.4829
Epoch: 270, Loss: 0.1262
MSE Loss Between Generated and Conditioned: 46.1123
Epoch: 271, Loss: 0.1263
MSE Loss Between Generated and Conditioned: 38.0111
Epoch: 272, Loss: 0.1303
MSE Loss Between Generated and Conditioned: 52.8756
Epoch: 273, Loss: 0.1263
MSE Loss Between Generated and Conditioned: 42.9937
Epoch: 274, Loss: 0.1331
MSE Loss Between Generated and Conditioned: 33.4839
Epoch: 275, Loss: 0.1249
MSE Loss Between Generated and Conditioned: 39.4345
Epoch: 276, Loss: 0.1274
MSE Loss Between Generated and Conditioned: 45.3051
Epoch: 277, Loss: 0.1303
MSE Loss Between Generated and Conditioned: 57.9721
Epoch: 278, Loss: 0.1292
MSE Loss Between Generated and Conditioned: 40.3332
Epoch: 279, Loss: 0.1308
MSE Loss Between Generated and Conditioned: 68.7928
Epoch: 280, Loss: 0.1207
MSE Loss Between Generated and Conditioned: 38.8227
Epoch: 281, Loss: 0.1337
MSE Loss Between Generated and Conditioned: 50.6544
Epoch: 282, Loss: 0.1227
MSE Loss Between Generated and Conditioned: 57.5834
Epoch: 283, Loss: 0.1224
MSE Loss Between Generated and Conditioned: 48.4370
Epoch: 284, Loss: 0.1278
MSE Loss Between Generated and Conditioned: 34.5941
Epoch: 285, Loss: 0.1286
MSE Loss Between Generated and Conditioned: 52.7820
Epoch: 286, Loss: 0.1290
MSE Loss Between Generated and Conditioned: 70.4403
Epoch: 287, Loss: 0.1304
MSE Loss Between Generated and Conditioned: 63.5513
Epoch: 288, Loss: 0.1332
MSE Loss Between Generated and Conditioned: 80.8941
Epoch: 289, Loss: 0.1341
MSE Loss Between Generated and Conditioned: 47.9017
Epoch: 290, Loss: 0.1341
MSE Loss Between Generated and Conditioned: 46.5608
Epoch: 291, Loss: 0.1259
MSE Loss Between Generated and Conditioned: 54.7897
Epoch: 292, Loss: 0.1381
MSE Loss Between Generated and Conditioned: 63.1123
Epoch: 293, Loss: 0.1307
MSE Loss Between Generated and Conditioned: 72.7981
Epoch: 294, Loss: 0.1294
MSE Loss Between Generated and Conditioned: 50.2278
Epoch: 295, Loss: 0.1283
MSE Loss Between Generated and Conditioned: 36.3205
Epoch: 296, Loss: 0.1290
MSE Loss Between Generated and Conditioned: 43.4433
Epoch: 297, Loss: 0.1228
MSE Loss Between Generated and Conditioned: 50.3464
Epoch: 298, Loss: 0.1257
MSE Loss Between Generated and Conditioned: 42.6404
Epoch: 299, Loss: 0.1329
/vol/bitbucket/nb324/masters_project/msc_repo/part_4_improved_decoder/latent_diffusion_model_conditional_attn/latent_model_main.py:111: UserWarning: No artists with labels found to put in legend.  Note that artists whose label start with an underscore are ignored when legend() is called with no argument.
  plt.legend()
Traceback (most recent call last):
  File "/vol/bitbucket/nb324/masters_project/msc_repo/part_4_improved_decoder/autoencoder_hard_neg/main.py", line 139, in <module>
    main()
  File "/vol/bitbucket/nb324/masters_project/msc_repo/part_4_improved_decoder/autoencoder_hard_neg/main.py", line 135, in main
    downstream_task_latent_diffusion_conditional_attn(num_epochs=300, data=test_data, model_encoder=model_decoder.model.encoder, model_decoder=model_decoder.decoder)
  File "/vol/bitbucket/nb324/masters_project/msc_repo/part_4_improved_decoder/latent_diffusion_model_conditional_attn/latent_model_main.py", line 116, in downstream_task
    plt.plot(epochs, train_losses)
  File "/vol/bitbucket/nb324/masters_project/.venv/lib/python3.12/site-packages/matplotlib/pyplot.py", line 3827, in plot
    return gca().plot(
           ^^^^^^^^^^^
  File "/vol/bitbucket/nb324/masters_project/.venv/lib/python3.12/site-packages/matplotlib/axes/_axes.py", line 1777, in plot
    lines = [*self._get_lines(self, *args, data=data, **kwargs)]
            ^^^^^^^^^^^^^^^^^^^^^^^^^^^^^^^^^^^^^^^^^^^^^^^^^^^^
  File "/vol/bitbucket/nb324/masters_project/.venv/lib/python3.12/site-packages/matplotlib/axes/_base.py", line 297, in __call__
    yield from self._plot_args(
               ^^^^^^^^^^^^^^^^
  File "/vol/bitbucket/nb324/masters_project/.venv/lib/python3.12/site-packages/matplotlib/axes/_base.py", line 494, in _plot_args
    raise ValueError(f"x and y must have same first dimension, but "
ValueError: x and y must have same first dimension, but have shapes (1,) and (44,)
