nohup: ignoring input
torch.Size([14031, 5, 64, 32])
torch.Size([4677, 5, 64, 32])
torch.Size([4678, 5, 64, 32])
Shape: (5, 144, 72)
Fine Tuning Both
Epoch: 0, Alpha: 1.00, Total Train Loss: 1.03, Contrastive Train Loss: 1.03, Recon Train Loss: 1.02, Total Valid Loss: 1.86, Contrastive Valid Loss: 1.86, Recon Valid Loss: 1.04, Learning Rate: 0.001
Epoch: 1, Alpha: 0.99, Total Train Loss: 1.01, Contrastive Train Loss: 1.02, Recon Train Loss: 0.61, Total Valid Loss: 1.90, Contrastive Valid Loss: 1.92, Recon Valid Loss: 0.48, Learning Rate: 0.001
Epoch: 2, Alpha: 0.98, Total Train Loss: 1.00, Contrastive Train Loss: 1.01, Recon Train Loss: 0.40, Total Valid Loss: 1.88, Contrastive Valid Loss: 1.91, Recon Valid Loss: 0.42, Learning Rate: 0.001
Epoch: 3, Alpha: 0.97, Total Train Loss: 0.98, Contrastive Train Loss: 1.00, Recon Train Loss: 0.36, Total Valid Loss: 1.84, Contrastive Valid Loss: 1.89, Recon Valid Loss: 0.40, Learning Rate: 0.001
Epoch: 4, Alpha: 0.96, Total Train Loss: 0.96, Contrastive Train Loss: 0.99, Recon Train Loss: 0.34, Total Valid Loss: 1.80, Contrastive Valid Loss: 1.86, Recon Valid Loss: 0.39, Learning Rate: 0.001
Epoch: 5, Alpha: 0.95, Total Train Loss: 0.95, Contrastive Train Loss: 0.98, Recon Train Loss: 0.33, Total Valid Loss: 1.75, Contrastive Valid Loss: 1.82, Recon Valid Loss: 0.38, Learning Rate: 0.001
Epoch: 6, Alpha: 0.94, Total Train Loss: 0.94, Contrastive Train Loss: 0.98, Recon Train Loss: 0.33, Total Valid Loss: 1.72, Contrastive Valid Loss: 1.80, Recon Valid Loss: 0.38, Learning Rate: 0.001
Epoch: 7, Alpha: 0.93, Total Train Loss: 0.91, Contrastive Train Loss: 0.96, Recon Train Loss: 0.33, Total Valid Loss: 1.72, Contrastive Valid Loss: 1.81, Recon Valid Loss: 0.38, Learning Rate: 0.001
Epoch: 8, Alpha: 0.92, Total Train Loss: 0.89, Contrastive Train Loss: 0.94, Recon Train Loss: 0.32, Total Valid Loss: 1.67, Contrastive Valid Loss: 1.77, Recon Valid Loss: 0.38, Learning Rate: 0.001
Epoch: 9, Alpha: 0.91, Total Train Loss: 0.89, Contrastive Train Loss: 0.94, Recon Train Loss: 0.32, Total Valid Loss: 1.59, Contrastive Valid Loss: 1.71, Recon Valid Loss: 0.38, Learning Rate: 0.001
Epoch: 10, Alpha: 0.90, Total Train Loss: 0.89, Contrastive Train Loss: 0.95, Recon Train Loss: 0.32, Total Valid Loss: 1.61, Contrastive Valid Loss: 1.74, Recon Valid Loss: 0.38, Learning Rate: 0.001
Epoch: 11, Alpha: 0.90, Total Train Loss: 0.87, Contrastive Train Loss: 0.94, Recon Train Loss: 0.32, Total Valid Loss: 1.59, Contrastive Valid Loss: 1.73, Recon Valid Loss: 0.38, Learning Rate: 0.001
Epoch: 12, Alpha: 0.89, Total Train Loss: 0.85, Contrastive Train Loss: 0.92, Recon Train Loss: 0.32, Total Valid Loss: 1.58, Contrastive Valid Loss: 1.73, Recon Valid Loss: 0.38, Learning Rate: 0.001
Epoch: 13, Alpha: 0.88, Total Train Loss: 0.84, Contrastive Train Loss: 0.92, Recon Train Loss: 0.32, Total Valid Loss: 1.59, Contrastive Valid Loss: 1.76, Recon Valid Loss: 0.38, Learning Rate: 0.001
Epoch: 14, Alpha: 0.87, Total Train Loss: 0.83, Contrastive Train Loss: 0.91, Recon Train Loss: 0.32, Total Valid Loss: 1.55, Contrastive Valid Loss: 1.72, Recon Valid Loss: 0.38, Learning Rate: 0.001
Epoch: 15, Alpha: 0.86, Total Train Loss: 0.81, Contrastive Train Loss: 0.89, Recon Train Loss: 0.32, Total Valid Loss: 1.51, Contrastive Valid Loss: 1.70, Recon Valid Loss: 0.38, Learning Rate: 0.001
Epoch: 16, Alpha: 0.85, Total Train Loss: 0.80, Contrastive Train Loss: 0.89, Recon Train Loss: 0.32, Total Valid Loss: 1.50, Contrastive Valid Loss: 1.69, Recon Valid Loss: 0.38, Learning Rate: 0.001
Epoch: 17, Alpha: 0.84, Total Train Loss: 0.80, Contrastive Train Loss: 0.88, Recon Train Loss: 0.32, Total Valid Loss: 1.45, Contrastive Valid Loss: 1.65, Recon Valid Loss: 0.37, Learning Rate: 0.001
Epoch: 18, Alpha: 0.84, Total Train Loss: 0.79, Contrastive Train Loss: 0.89, Recon Train Loss: 0.32, Total Valid Loss: 1.45, Contrastive Valid Loss: 1.67, Recon Valid Loss: 0.38, Learning Rate: 0.001
Epoch: 19, Alpha: 0.83, Total Train Loss: 0.78, Contrastive Train Loss: 0.88, Recon Train Loss: 0.32, Total Valid Loss: 1.45, Contrastive Valid Loss: 1.67, Recon Valid Loss: 0.37, Learning Rate: 0.001
Epoch: 20, Alpha: 0.82, Total Train Loss: 0.78, Contrastive Train Loss: 0.88, Recon Train Loss: 0.32, Total Valid Loss: 1.47, Contrastive Valid Loss: 1.71, Recon Valid Loss: 0.38, Learning Rate: 0.001
Epoch: 21, Alpha: 0.81, Total Train Loss: 0.77, Contrastive Train Loss: 0.87, Recon Train Loss: 0.32, Total Valid Loss: 1.44, Contrastive Valid Loss: 1.69, Recon Valid Loss: 0.38, Learning Rate: 0.001
Epoch: 22, Alpha: 0.80, Total Train Loss: 0.76, Contrastive Train Loss: 0.87, Recon Train Loss: 0.32, Total Valid Loss: 1.46, Contrastive Valid Loss: 1.73, Recon Valid Loss: 0.38, Learning Rate: 0.001
Epoch: 23, Alpha: 0.79, Total Train Loss: 0.74, Contrastive Train Loss: 0.85, Recon Train Loss: 0.32, Total Valid Loss: 1.38, Contrastive Valid Loss: 1.64, Recon Valid Loss: 0.38, Learning Rate: 0.001
Epoch: 24, Alpha: 0.79, Total Train Loss: 0.74, Contrastive Train Loss: 0.85, Recon Train Loss: 0.32, Total Valid Loss: 1.38, Contrastive Valid Loss: 1.66, Recon Valid Loss: 0.37, Learning Rate: 0.001
Epoch: 25, Alpha: 0.78, Total Train Loss: 0.74, Contrastive Train Loss: 0.86, Recon Train Loss: 0.32, Total Valid Loss: 1.36, Contrastive Valid Loss: 1.64, Recon Valid Loss: 0.38, Learning Rate: 0.001
Epoch: 26, Alpha: 0.77, Total Train Loss: 0.73, Contrastive Train Loss: 0.85, Recon Train Loss: 0.31, Total Valid Loss: 1.36, Contrastive Valid Loss: 1.65, Recon Valid Loss: 0.37, Learning Rate: 0.001
Epoch: 27, Alpha: 0.76, Total Train Loss: 0.72, Contrastive Train Loss: 0.84, Recon Train Loss: 0.32, Total Valid Loss: 1.36, Contrastive Valid Loss: 1.66, Recon Valid Loss: 0.38, Learning Rate: 0.001
Epoch: 28, Alpha: 0.76, Total Train Loss: 0.71, Contrastive Train Loss: 0.84, Recon Train Loss: 0.31, Total Valid Loss: 1.34, Contrastive Valid Loss: 1.65, Recon Valid Loss: 0.37, Learning Rate: 0.001
Epoch: 29, Alpha: 0.75, Total Train Loss: 0.70, Contrastive Train Loss: 0.84, Recon Train Loss: 0.31, Total Valid Loss: 1.32, Contrastive Valid Loss: 1.64, Recon Valid Loss: 0.38, Learning Rate: 0.001
Epoch: 30, Alpha: 0.74, Total Train Loss: 0.70, Contrastive Train Loss: 0.83, Recon Train Loss: 0.31, Total Valid Loss: 1.34, Contrastive Valid Loss: 1.67, Recon Valid Loss: 0.37, Learning Rate: 0.001
Epoch: 31, Alpha: 0.73, Total Train Loss: 0.70, Contrastive Train Loss: 0.84, Recon Train Loss: 0.31, Total Valid Loss: 1.29, Contrastive Valid Loss: 1.62, Recon Valid Loss: 0.38, Learning Rate: 0.001
Epoch: 32, Alpha: 0.73, Total Train Loss: 0.68, Contrastive Train Loss: 0.82, Recon Train Loss: 0.31, Total Valid Loss: 1.27, Contrastive Valid Loss: 1.61, Recon Valid Loss: 0.37, Learning Rate: 0.001
Epoch: 33, Alpha: 0.72, Total Train Loss: 0.68, Contrastive Train Loss: 0.83, Recon Train Loss: 0.31, Total Valid Loss: 1.26, Contrastive Valid Loss: 1.60, Recon Valid Loss: 0.37, Learning Rate: 0.001
Epoch: 34, Alpha: 0.71, Total Train Loss: 0.68, Contrastive Train Loss: 0.82, Recon Train Loss: 0.31, Total Valid Loss: 1.28, Contrastive Valid Loss: 1.65, Recon Valid Loss: 0.37, Learning Rate: 0.001
Epoch: 35, Alpha: 0.70, Total Train Loss: 0.66, Contrastive Train Loss: 0.81, Recon Train Loss: 0.31, Total Valid Loss: 1.22, Contrastive Valid Loss: 1.57, Recon Valid Loss: 0.37, Learning Rate: 0.001
Epoch: 36, Alpha: 0.70, Total Train Loss: 0.66, Contrastive Train Loss: 0.81, Recon Train Loss: 0.31, Total Valid Loss: 1.27, Contrastive Valid Loss: 1.67, Recon Valid Loss: 0.37, Learning Rate: 0.001
Epoch: 37, Alpha: 0.69, Total Train Loss: 0.65, Contrastive Train Loss: 0.81, Recon Train Loss: 0.31, Total Valid Loss: 1.25, Contrastive Valid Loss: 1.65, Recon Valid Loss: 0.37, Learning Rate: 0.001
Epoch: 38, Alpha: 0.68, Total Train Loss: 0.65, Contrastive Train Loss: 0.81, Recon Train Loss: 0.31, Total Valid Loss: 1.23, Contrastive Valid Loss: 1.63, Recon Valid Loss: 0.37, Learning Rate: 0.001
Epoch: 39, Alpha: 0.68, Total Train Loss: 0.65, Contrastive Train Loss: 0.81, Recon Train Loss: 0.31, Total Valid Loss: 1.21, Contrastive Valid Loss: 1.61, Recon Valid Loss: 0.37, Learning Rate: 0.001
Epoch: 40, Alpha: 0.67, Total Train Loss: 0.64, Contrastive Train Loss: 0.80, Recon Train Loss: 0.31, Total Valid Loss: 1.21, Contrastive Valid Loss: 1.62, Recon Valid Loss: 0.37, Learning Rate: 0.001
Epoch: 41, Alpha: 0.66, Total Train Loss: 0.64, Contrastive Train Loss: 0.80, Recon Train Loss: 0.31, Total Valid Loss: 1.18, Contrastive Valid Loss: 1.58, Recon Valid Loss: 0.37, Learning Rate: 0.001
Epoch: 42, Alpha: 0.66, Total Train Loss: 0.63, Contrastive Train Loss: 0.79, Recon Train Loss: 0.31, Total Valid Loss: 1.20, Contrastive Valid Loss: 1.63, Recon Valid Loss: 0.37, Learning Rate: 0.001
Epoch: 43, Alpha: 0.65, Total Train Loss: 0.62, Contrastive Train Loss: 0.79, Recon Train Loss: 0.31, Total Valid Loss: 1.17, Contrastive Valid Loss: 1.60, Recon Valid Loss: 0.37, Learning Rate: 0.001
Epoch: 44, Alpha: 0.64, Total Train Loss: 0.62, Contrastive Train Loss: 0.79, Recon Train Loss: 0.31, Total Valid Loss: 1.19, Contrastive Valid Loss: 1.64, Recon Valid Loss: 0.37, Learning Rate: 0.001
Epoch: 45, Alpha: 0.64, Total Train Loss: 0.62, Contrastive Train Loss: 0.79, Recon Train Loss: 0.31, Total Valid Loss: 1.13, Contrastive Valid Loss: 1.56, Recon Valid Loss: 0.37, Learning Rate: 0.001
Epoch: 46, Alpha: 0.63, Total Train Loss: 0.61, Contrastive Train Loss: 0.79, Recon Train Loss: 0.31, Total Valid Loss: 1.13, Contrastive Valid Loss: 1.58, Recon Valid Loss: 0.37, Learning Rate: 0.001
Epoch: 47, Alpha: 0.63, Total Train Loss: 0.60, Contrastive Train Loss: 0.78, Recon Train Loss: 0.31, Total Valid Loss: 1.12, Contrastive Valid Loss: 1.57, Recon Valid Loss: 0.37, Learning Rate: 0.001
Epoch: 48, Alpha: 0.62, Total Train Loss: 0.61, Contrastive Train Loss: 0.79, Recon Train Loss: 0.31, Total Valid Loss: 1.09, Contrastive Valid Loss: 1.54, Recon Valid Loss: 0.37, Learning Rate: 0.001
Epoch: 49, Alpha: 0.61, Total Train Loss: 0.60, Contrastive Train Loss: 0.78, Recon Train Loss: 0.31, Total Valid Loss: 1.12, Contrastive Valid Loss: 1.60, Recon Valid Loss: 0.37, Learning Rate: 0.001
Epoch: 50, Alpha: 0.61, Total Train Loss: 0.60, Contrastive Train Loss: 0.78, Recon Train Loss: 0.31, Total Valid Loss: 1.10, Contrastive Valid Loss: 1.57, Recon Valid Loss: 0.37, Learning Rate: 0.001
Epoch: 51, Alpha: 0.60, Total Train Loss: 0.60, Contrastive Train Loss: 0.79, Recon Train Loss: 0.31, Total Valid Loss: 1.04, Contrastive Valid Loss: 1.50, Recon Valid Loss: 0.37, Learning Rate: 0.001
Epoch: 52, Alpha: 0.59, Total Train Loss: 0.58, Contrastive Train Loss: 0.77, Recon Train Loss: 0.30, Total Valid Loss: 1.08, Contrastive Valid Loss: 1.56, Recon Valid Loss: 0.37, Learning Rate: 0.001
Epoch: 53, Alpha: 0.59, Total Train Loss: 0.58, Contrastive Train Loss: 0.77, Recon Train Loss: 0.30, Total Valid Loss: 1.05, Contrastive Valid Loss: 1.53, Recon Valid Loss: 0.37, Learning Rate: 0.001
Epoch: 54, Alpha: 0.58, Total Train Loss: 0.57, Contrastive Train Loss: 0.76, Recon Train Loss: 0.30, Total Valid Loss: 1.10, Contrastive Valid Loss: 1.62, Recon Valid Loss: 0.37, Learning Rate: 0.001
Epoch: 55, Alpha: 0.58, Total Train Loss: 0.57, Contrastive Train Loss: 0.77, Recon Train Loss: 0.30, Total Valid Loss: 1.06, Contrastive Valid Loss: 1.57, Recon Valid Loss: 0.37, Learning Rate: 0.001
Epoch: 56, Alpha: 0.57, Total Train Loss: 0.56, Contrastive Train Loss: 0.76, Recon Train Loss: 0.30, Total Valid Loss: 1.06, Contrastive Valid Loss: 1.57, Recon Valid Loss: 0.37, Learning Rate: 0.001
Epoch: 57, Alpha: 0.57, Total Train Loss: 0.56, Contrastive Train Loss: 0.76, Recon Train Loss: 0.30, Total Valid Loss: 1.02, Contrastive Valid Loss: 1.52, Recon Valid Loss: 0.36, Learning Rate: 0.001
Epoch: 58, Alpha: 0.56, Total Train Loss: 0.56, Contrastive Train Loss: 0.76, Recon Train Loss: 0.30, Total Valid Loss: 1.02, Contrastive Valid Loss: 1.54, Recon Valid Loss: 0.36, Learning Rate: 0.001
Epoch: 59, Alpha: 0.55, Total Train Loss: 0.56, Contrastive Train Loss: 0.76, Recon Train Loss: 0.30, Total Valid Loss: 1.03, Contrastive Valid Loss: 1.56, Recon Valid Loss: 0.36, Learning Rate: 0.001
Epoch: 60, Alpha: 0.55, Total Train Loss: 0.55, Contrastive Train Loss: 0.75, Recon Train Loss: 0.30, Total Valid Loss: 1.00, Contrastive Valid Loss: 1.51, Recon Valid Loss: 0.36, Learning Rate: 0.001
Epoch: 61, Alpha: 0.54, Total Train Loss: 0.54, Contrastive Train Loss: 0.75, Recon Train Loss: 0.30, Total Valid Loss: 1.01, Contrastive Valid Loss: 1.55, Recon Valid Loss: 0.36, Learning Rate: 0.001
Epoch: 62, Alpha: 0.54, Total Train Loss: 0.54, Contrastive Train Loss: 0.75, Recon Train Loss: 0.30, Total Valid Loss: 0.99, Contrastive Valid Loss: 1.53, Recon Valid Loss: 0.36, Learning Rate: 0.001
Epoch: 63, Alpha: 0.53, Total Train Loss: 0.53, Contrastive Train Loss: 0.74, Recon Train Loss: 0.30, Total Valid Loss: 1.01, Contrastive Valid Loss: 1.58, Recon Valid Loss: 0.36, Learning Rate: 0.001
Epoch: 64, Alpha: 0.53, Total Train Loss: 0.53, Contrastive Train Loss: 0.74, Recon Train Loss: 0.30, Total Valid Loss: 0.98, Contrastive Valid Loss: 1.54, Recon Valid Loss: 0.36, Learning Rate: 0.001
Epoch: 65, Alpha: 0.52, Total Train Loss: 0.53, Contrastive Train Loss: 0.75, Recon Train Loss: 0.30, Total Valid Loss: 0.96, Contrastive Valid Loss: 1.51, Recon Valid Loss: 0.36, Learning Rate: 0.001
Epoch: 66, Alpha: 0.52, Total Train Loss: 0.53, Contrastive Train Loss: 0.74, Recon Train Loss: 0.30, Total Valid Loss: 0.96, Contrastive Valid Loss: 1.53, Recon Valid Loss: 0.36, Learning Rate: 0.001
Epoch: 67, Alpha: 0.51, Total Train Loss: 0.53, Contrastive Train Loss: 0.75, Recon Train Loss: 0.29, Total Valid Loss: 0.97, Contrastive Valid Loss: 1.55, Recon Valid Loss: 0.36, Learning Rate: 0.001
Epoch: 68, Alpha: 0.51, Total Train Loss: 0.52, Contrastive Train Loss: 0.74, Recon Train Loss: 0.29, Total Valid Loss: 0.93, Contrastive Valid Loss: 1.48, Recon Valid Loss: 0.36, Learning Rate: 0.001
Epoch: 69, Alpha: 0.50, Total Train Loss: 0.52, Contrastive Train Loss: 0.74, Recon Train Loss: 0.29, Total Valid Loss: 0.93, Contrastive Valid Loss: 1.49, Recon Valid Loss: 0.36, Learning Rate: 0.001
Epoch: 70, Alpha: 0.50, Total Train Loss: 0.51, Contrastive Train Loss: 0.74, Recon Train Loss: 0.29, Total Valid Loss: 0.92, Contrastive Valid Loss: 1.50, Recon Valid Loss: 0.35, Learning Rate: 0.001
Epoch: 71, Alpha: 0.49, Total Train Loss: 0.51, Contrastive Train Loss: 0.74, Recon Train Loss: 0.29, Total Valid Loss: 0.91, Contrastive Valid Loss: 1.49, Recon Valid Loss: 0.36, Learning Rate: 0.001
Epoch: 72, Alpha: 0.49, Total Train Loss: 0.50, Contrastive Train Loss: 0.73, Recon Train Loss: 0.29, Total Valid Loss: 0.91, Contrastive Valid Loss: 1.50, Recon Valid Loss: 0.35, Learning Rate: 0.001
Epoch: 73, Alpha: 0.48, Total Train Loss: 0.50, Contrastive Train Loss: 0.72, Recon Train Loss: 0.29, Total Valid Loss: 0.91, Contrastive Valid Loss: 1.51, Recon Valid Loss: 0.35, Learning Rate: 0.001
Epoch: 74, Alpha: 0.48, Total Train Loss: 0.49, Contrastive Train Loss: 0.72, Recon Train Loss: 0.29, Total Valid Loss: 0.91, Contrastive Valid Loss: 1.52, Recon Valid Loss: 0.35, Learning Rate: 0.001
Epoch: 75, Alpha: 0.47, Total Train Loss: 0.49, Contrastive Train Loss: 0.72, Recon Train Loss: 0.29, Total Valid Loss: 0.89, Contrastive Valid Loss: 1.50, Recon Valid Loss: 0.35, Learning Rate: 0.001
Epoch: 76, Alpha: 0.47, Total Train Loss: 0.49, Contrastive Train Loss: 0.72, Recon Train Loss: 0.29, Total Valid Loss: 0.88, Contrastive Valid Loss: 1.48, Recon Valid Loss: 0.35, Learning Rate: 0.001
Epoch: 77, Alpha: 0.46, Total Train Loss: 0.49, Contrastive Train Loss: 0.73, Recon Train Loss: 0.28, Total Valid Loss: 0.89, Contrastive Valid Loss: 1.51, Recon Valid Loss: 0.35, Learning Rate: 0.001
Epoch: 78, Alpha: 0.46, Total Train Loss: 0.48, Contrastive Train Loss: 0.72, Recon Train Loss: 0.28, Total Valid Loss: 0.87, Contrastive Valid Loss: 1.48, Recon Valid Loss: 0.35, Learning Rate: 0.001
Epoch: 79, Alpha: 0.45, Total Train Loss: 0.48, Contrastive Train Loss: 0.72, Recon Train Loss: 0.28, Total Valid Loss: 0.85, Contrastive Valid Loss: 1.44, Recon Valid Loss: 0.35, Learning Rate: 0.001
Epoch: 80, Alpha: 0.45, Total Train Loss: 0.48, Contrastive Train Loss: 0.72, Recon Train Loss: 0.28, Total Valid Loss: 0.83, Contrastive Valid Loss: 1.43, Recon Valid Loss: 0.35, Learning Rate: 0.001
Epoch: 81, Alpha: 0.44, Total Train Loss: 0.47, Contrastive Train Loss: 0.70, Recon Train Loss: 0.28, Total Valid Loss: 0.84, Contrastive Valid Loss: 1.45, Recon Valid Loss: 0.35, Learning Rate: 0.001
Epoch: 82, Alpha: 0.44, Total Train Loss: 0.47, Contrastive Train Loss: 0.71, Recon Train Loss: 0.28, Total Valid Loss: 0.83, Contrastive Valid Loss: 1.46, Recon Valid Loss: 0.35, Learning Rate: 0.001
Epoch: 83, Alpha: 0.44, Total Train Loss: 0.47, Contrastive Train Loss: 0.71, Recon Train Loss: 0.28, Total Valid Loss: 0.85, Contrastive Valid Loss: 1.50, Recon Valid Loss: 0.35, Learning Rate: 0.001
Epoch: 84, Alpha: 0.43, Total Train Loss: 0.46, Contrastive Train Loss: 0.71, Recon Train Loss: 0.28, Total Valid Loss: 0.82, Contrastive Valid Loss: 1.45, Recon Valid Loss: 0.35, Learning Rate: 0.001
Epoch: 85, Alpha: 0.43, Total Train Loss: 0.46, Contrastive Train Loss: 0.71, Recon Train Loss: 0.28, Total Valid Loss: 0.85, Contrastive Valid Loss: 1.54, Recon Valid Loss: 0.34, Learning Rate: 0.001
Epoch: 86, Alpha: 0.42, Total Train Loss: 0.46, Contrastive Train Loss: 0.71, Recon Train Loss: 0.28, Total Valid Loss: 0.84, Contrastive Valid Loss: 1.52, Recon Valid Loss: 0.34, Learning Rate: 0.001
Epoch: 87, Alpha: 0.42, Total Train Loss: 0.46, Contrastive Train Loss: 0.70, Recon Train Loss: 0.28, Total Valid Loss: 0.82, Contrastive Valid Loss: 1.48, Recon Valid Loss: 0.34, Learning Rate: 0.001
Epoch: 88, Alpha: 0.41, Total Train Loss: 0.46, Contrastive Train Loss: 0.71, Recon Train Loss: 0.28, Total Valid Loss: 0.82, Contrastive Valid Loss: 1.51, Recon Valid Loss: 0.34, Learning Rate: 0.001
Epoch: 89, Alpha: 0.41, Total Train Loss: 0.46, Contrastive Train Loss: 0.72, Recon Train Loss: 0.27, Total Valid Loss: 0.82, Contrastive Valid Loss: 1.51, Recon Valid Loss: 0.34, Learning Rate: 0.001
Epoch: 90, Alpha: 0.41, Total Train Loss: 0.45, Contrastive Train Loss: 0.70, Recon Train Loss: 0.27, Total Valid Loss: 0.83, Contrastive Valid Loss: 1.55, Recon Valid Loss: 0.34, Learning Rate: 0.001
Epoch: 91, Alpha: 0.40, Total Train Loss: 0.45, Contrastive Train Loss: 0.71, Recon Train Loss: 0.27, Total Valid Loss: 0.80, Contrastive Valid Loss: 1.48, Recon Valid Loss: 0.34, Learning Rate: 0.001
Epoch: 92, Alpha: 0.40, Total Train Loss: 0.44, Contrastive Train Loss: 0.69, Recon Train Loss: 0.27, Total Valid Loss: 0.78, Contrastive Valid Loss: 1.44, Recon Valid Loss: 0.34, Learning Rate: 0.001
Epoch: 93, Alpha: 0.39, Total Train Loss: 0.44, Contrastive Train Loss: 0.70, Recon Train Loss: 0.27, Total Valid Loss: 0.76, Contrastive Valid Loss: 1.41, Recon Valid Loss: 0.34, Learning Rate: 0.001
Epoch: 94, Alpha: 0.39, Total Train Loss: 0.44, Contrastive Train Loss: 0.71, Recon Train Loss: 0.27, Total Valid Loss: 0.77, Contrastive Valid Loss: 1.45, Recon Valid Loss: 0.34, Learning Rate: 0.001
Epoch: 95, Alpha: 0.39, Total Train Loss: 0.43, Contrastive Train Loss: 0.69, Recon Train Loss: 0.27, Total Valid Loss: 0.77, Contrastive Valid Loss: 1.44, Recon Valid Loss: 0.34, Learning Rate: 0.001
Epoch: 96, Alpha: 0.38, Total Train Loss: 0.43, Contrastive Train Loss: 0.70, Recon Train Loss: 0.27, Total Valid Loss: 0.76, Contrastive Valid Loss: 1.45, Recon Valid Loss: 0.34, Learning Rate: 0.001
Epoch: 97, Alpha: 0.38, Total Train Loss: 0.43, Contrastive Train Loss: 0.68, Recon Train Loss: 0.27, Total Valid Loss: 0.77, Contrastive Valid Loss: 1.48, Recon Valid Loss: 0.34, Learning Rate: 0.001
Epoch: 98, Alpha: 0.38, Total Train Loss: 0.43, Contrastive Train Loss: 0.69, Recon Train Loss: 0.27, Total Valid Loss: 0.77, Contrastive Valid Loss: 1.49, Recon Valid Loss: 0.33, Learning Rate: 0.001
Epoch: 99, Alpha: 0.37, Total Train Loss: 0.43, Contrastive Train Loss: 0.70, Recon Train Loss: 0.27, Total Valid Loss: 0.76, Contrastive Valid Loss: 1.48, Recon Valid Loss: 0.33, Learning Rate: 0.001
Epoch: 100, Alpha: 0.37, Total Train Loss: 0.42, Contrastive Train Loss: 0.69, Recon Train Loss: 0.27, Total Valid Loss: 0.74, Contrastive Valid Loss: 1.44, Recon Valid Loss: 0.33, Learning Rate: 0.001
Epoch: 101, Alpha: 0.36, Total Train Loss: 0.42, Contrastive Train Loss: 0.69, Recon Train Loss: 0.26, Total Valid Loss: 0.74, Contrastive Valid Loss: 1.44, Recon Valid Loss: 0.33, Learning Rate: 0.001
Epoch: 102, Alpha: 0.36, Total Train Loss: 0.42, Contrastive Train Loss: 0.69, Recon Train Loss: 0.26, Total Valid Loss: 0.75, Contrastive Valid Loss: 1.48, Recon Valid Loss: 0.33, Learning Rate: 0.001
Epoch: 103, Alpha: 0.36, Total Train Loss: 0.41, Contrastive Train Loss: 0.69, Recon Train Loss: 0.26, Total Valid Loss: 0.74, Contrastive Valid Loss: 1.47, Recon Valid Loss: 0.33, Learning Rate: 0.001
Epoch: 104, Alpha: 0.35, Total Train Loss: 0.41, Contrastive Train Loss: 0.67, Recon Train Loss: 0.26, Total Valid Loss: 0.72, Contrastive Valid Loss: 1.44, Recon Valid Loss: 0.33, Learning Rate: 0.001
Epoch: 105, Alpha: 0.35, Total Train Loss: 0.40, Contrastive Train Loss: 0.67, Recon Train Loss: 0.26, Total Valid Loss: 0.70, Contrastive Valid Loss: 1.38, Recon Valid Loss: 0.33, Learning Rate: 0.001
Epoch: 106, Alpha: 0.35, Total Train Loss: 0.40, Contrastive Train Loss: 0.67, Recon Train Loss: 0.26, Total Valid Loss: 0.72, Contrastive Valid Loss: 1.46, Recon Valid Loss: 0.33, Learning Rate: 0.001
Epoch: 107, Alpha: 0.34, Total Train Loss: 0.40, Contrastive Train Loss: 0.68, Recon Train Loss: 0.26, Total Valid Loss: 0.70, Contrastive Valid Loss: 1.42, Recon Valid Loss: 0.33, Learning Rate: 0.001
Epoch: 108, Alpha: 0.34, Total Train Loss: 0.40, Contrastive Train Loss: 0.68, Recon Train Loss: 0.26, Total Valid Loss: 0.70, Contrastive Valid Loss: 1.41, Recon Valid Loss: 0.33, Learning Rate: 0.001
Epoch: 109, Alpha: 0.34, Total Train Loss: 0.39, Contrastive Train Loss: 0.67, Recon Train Loss: 0.26, Total Valid Loss: 0.68, Contrastive Valid Loss: 1.36, Recon Valid Loss: 0.33, Learning Rate: 0.001
Epoch: 110, Alpha: 0.33, Total Train Loss: 0.39, Contrastive Train Loss: 0.67, Recon Train Loss: 0.25, Total Valid Loss: 0.69, Contrastive Valid Loss: 1.41, Recon Valid Loss: 0.32, Learning Rate: 0.001
Epoch: 111, Alpha: 0.33, Total Train Loss: 0.39, Contrastive Train Loss: 0.67, Recon Train Loss: 0.25, Total Valid Loss: 0.68, Contrastive Valid Loss: 1.42, Recon Valid Loss: 0.32, Learning Rate: 0.001
Epoch: 112, Alpha: 0.33, Total Train Loss: 0.39, Contrastive Train Loss: 0.67, Recon Train Loss: 0.25, Total Valid Loss: 0.67, Contrastive Valid Loss: 1.40, Recon Valid Loss: 0.32, Learning Rate: 0.001
Epoch: 113, Alpha: 0.32, Total Train Loss: 0.38, Contrastive Train Loss: 0.66, Recon Train Loss: 0.25, Total Valid Loss: 0.69, Contrastive Valid Loss: 1.46, Recon Valid Loss: 0.32, Learning Rate: 0.001
Epoch: 114, Alpha: 0.32, Total Train Loss: 0.39, Contrastive Train Loss: 0.67, Recon Train Loss: 0.25, Total Valid Loss: 0.68, Contrastive Valid Loss: 1.45, Recon Valid Loss: 0.32, Learning Rate: 0.001
Epoch: 115, Alpha: 0.32, Total Train Loss: 0.39, Contrastive Train Loss: 0.68, Recon Train Loss: 0.25, Total Valid Loss: 0.67, Contrastive Valid Loss: 1.41, Recon Valid Loss: 0.32, Learning Rate: 0.001
Epoch: 116, Alpha: 0.31, Total Train Loss: 0.38, Contrastive Train Loss: 0.66, Recon Train Loss: 0.25, Total Valid Loss: 0.67, Contrastive Valid Loss: 1.43, Recon Valid Loss: 0.32, Learning Rate: 0.001
Epoch: 117, Alpha: 0.31, Total Train Loss: 0.38, Contrastive Train Loss: 0.66, Recon Train Loss: 0.25, Total Valid Loss: 0.66, Contrastive Valid Loss: 1.41, Recon Valid Loss: 0.32, Learning Rate: 0.001
Epoch: 118, Alpha: 0.31, Total Train Loss: 0.37, Contrastive Train Loss: 0.66, Recon Train Loss: 0.25, Total Valid Loss: 0.67, Contrastive Valid Loss: 1.48, Recon Valid Loss: 0.32, Learning Rate: 0.001
Epoch: 119, Alpha: 0.30, Total Train Loss: 0.37, Contrastive Train Loss: 0.66, Recon Train Loss: 0.25, Total Valid Loss: 0.66, Contrastive Valid Loss: 1.43, Recon Valid Loss: 0.32, Learning Rate: 0.001
Epoch: 120, Alpha: 0.30, Total Train Loss: 0.37, Contrastive Train Loss: 0.66, Recon Train Loss: 0.25, Total Valid Loss: 0.66, Contrastive Valid Loss: 1.45, Recon Valid Loss: 0.32, Learning Rate: 0.001
Epoch: 121, Alpha: 0.30, Total Train Loss: 0.37, Contrastive Train Loss: 0.66, Recon Train Loss: 0.25, Total Valid Loss: 0.63, Contrastive Valid Loss: 1.38, Recon Valid Loss: 0.32, Learning Rate: 0.001
Epoch: 122, Alpha: 0.30, Total Train Loss: 0.37, Contrastive Train Loss: 0.65, Recon Train Loss: 0.25, Total Valid Loss: 0.64, Contrastive Valid Loss: 1.40, Recon Valid Loss: 0.31, Learning Rate: 0.001
Epoch: 123, Alpha: 0.29, Total Train Loss: 0.36, Contrastive Train Loss: 0.65, Recon Train Loss: 0.24, Total Valid Loss: 0.63, Contrastive Valid Loss: 1.40, Recon Valid Loss: 0.31, Learning Rate: 0.001
Epoch: 124, Alpha: 0.29, Total Train Loss: 0.37, Contrastive Train Loss: 0.66, Recon Train Loss: 0.24, Total Valid Loss: 0.64, Contrastive Valid Loss: 1.45, Recon Valid Loss: 0.31, Learning Rate: 0.001
Epoch: 125, Alpha: 0.29, Total Train Loss: 0.36, Contrastive Train Loss: 0.66, Recon Train Loss: 0.24, Total Valid Loss: 0.62, Contrastive Valid Loss: 1.39, Recon Valid Loss: 0.31, Learning Rate: 0.001
Epoch: 126, Alpha: 0.28, Total Train Loss: 0.36, Contrastive Train Loss: 0.65, Recon Train Loss: 0.24, Total Valid Loss: 0.63, Contrastive Valid Loss: 1.43, Recon Valid Loss: 0.31, Learning Rate: 0.001
Epoch: 127, Alpha: 0.28, Total Train Loss: 0.36, Contrastive Train Loss: 0.65, Recon Train Loss: 0.24, Total Valid Loss: 0.61, Contrastive Valid Loss: 1.37, Recon Valid Loss: 0.31, Learning Rate: 0.001
Epoch: 128, Alpha: 0.28, Total Train Loss: 0.35, Contrastive Train Loss: 0.65, Recon Train Loss: 0.24, Total Valid Loss: 0.62, Contrastive Valid Loss: 1.41, Recon Valid Loss: 0.31, Learning Rate: 0.001
Epoch: 129, Alpha: 0.28, Total Train Loss: 0.35, Contrastive Train Loss: 0.65, Recon Train Loss: 0.24, Total Valid Loss: 0.60, Contrastive Valid Loss: 1.36, Recon Valid Loss: 0.31, Learning Rate: 0.001
Epoch: 130, Alpha: 0.27, Total Train Loss: 0.35, Contrastive Train Loss: 0.64, Recon Train Loss: 0.24, Total Valid Loss: 0.62, Contrastive Valid Loss: 1.45, Recon Valid Loss: 0.31, Learning Rate: 0.001
Epoch: 131, Alpha: 0.27, Total Train Loss: 0.35, Contrastive Train Loss: 0.65, Recon Train Loss: 0.24, Total Valid Loss: 0.60, Contrastive Valid Loss: 1.38, Recon Valid Loss: 0.31, Learning Rate: 0.001
Epoch: 132, Alpha: 0.27, Total Train Loss: 0.34, Contrastive Train Loss: 0.64, Recon Train Loss: 0.24, Total Valid Loss: 0.60, Contrastive Valid Loss: 1.39, Recon Valid Loss: 0.31, Learning Rate: 0.001
Epoch: 133, Alpha: 0.26, Total Train Loss: 0.35, Contrastive Train Loss: 0.65, Recon Train Loss: 0.24, Total Valid Loss: 0.61, Contrastive Valid Loss: 1.44, Recon Valid Loss: 0.31, Learning Rate: 0.001
Epoch: 134, Alpha: 0.26, Total Train Loss: 0.34, Contrastive Train Loss: 0.64, Recon Train Loss: 0.24, Total Valid Loss: 0.60, Contrastive Valid Loss: 1.43, Recon Valid Loss: 0.31, Learning Rate: 0.001
Epoch: 135, Alpha: 0.26, Total Train Loss: 0.34, Contrastive Train Loss: 0.64, Recon Train Loss: 0.23, Total Valid Loss: 0.60, Contrastive Valid Loss: 1.44, Recon Valid Loss: 0.31, Learning Rate: 0.001
Epoch: 136, Alpha: 0.26, Total Train Loss: 0.34, Contrastive Train Loss: 0.64, Recon Train Loss: 0.23, Total Valid Loss: 0.58, Contrastive Valid Loss: 1.39, Recon Valid Loss: 0.31, Learning Rate: 0.001
Epoch: 137, Alpha: 0.25, Total Train Loss: 0.33, Contrastive Train Loss: 0.63, Recon Train Loss: 0.23, Total Valid Loss: 0.57, Contrastive Valid Loss: 1.33, Recon Valid Loss: 0.31, Learning Rate: 0.001
Epoch: 138, Alpha: 0.25, Total Train Loss: 0.34, Contrastive Train Loss: 0.65, Recon Train Loss: 0.23, Total Valid Loss: 0.59, Contrastive Valid Loss: 1.43, Recon Valid Loss: 0.31, Learning Rate: 0.001
Epoch: 139, Alpha: 0.25, Total Train Loss: 0.33, Contrastive Train Loss: 0.63, Recon Train Loss: 0.23, Total Valid Loss: 0.57, Contrastive Valid Loss: 1.37, Recon Valid Loss: 0.30, Learning Rate: 0.001
Epoch: 140, Alpha: 0.25, Total Train Loss: 0.33, Contrastive Train Loss: 0.63, Recon Train Loss: 0.23, Total Valid Loss: 0.55, Contrastive Valid Loss: 1.31, Recon Valid Loss: 0.31, Learning Rate: 0.001
Epoch: 141, Alpha: 0.24, Total Train Loss: 0.33, Contrastive Train Loss: 0.64, Recon Train Loss: 0.23, Total Valid Loss: 0.57, Contrastive Valid Loss: 1.39, Recon Valid Loss: 0.30, Learning Rate: 0.001
Epoch: 142, Alpha: 0.24, Total Train Loss: 0.33, Contrastive Train Loss: 0.64, Recon Train Loss: 0.23, Total Valid Loss: 0.56, Contrastive Valid Loss: 1.36, Recon Valid Loss: 0.30, Learning Rate: 0.001
Epoch: 143, Alpha: 0.24, Total Train Loss: 0.33, Contrastive Train Loss: 0.63, Recon Train Loss: 0.23, Total Valid Loss: 0.56, Contrastive Valid Loss: 1.36, Recon Valid Loss: 0.30, Learning Rate: 0.001
Epoch: 144, Alpha: 0.24, Total Train Loss: 0.32, Contrastive Train Loss: 0.63, Recon Train Loss: 0.23, Total Valid Loss: 0.55, Contrastive Valid Loss: 1.33, Recon Valid Loss: 0.30, Learning Rate: 0.001
Epoch: 145, Alpha: 0.23, Total Train Loss: 0.32, Contrastive Train Loss: 0.62, Recon Train Loss: 0.23, Total Valid Loss: 0.56, Contrastive Valid Loss: 1.40, Recon Valid Loss: 0.30, Learning Rate: 0.001
Epoch: 146, Alpha: 0.23, Total Train Loss: 0.32, Contrastive Train Loss: 0.63, Recon Train Loss: 0.23, Total Valid Loss: 0.56, Contrastive Valid Loss: 1.43, Recon Valid Loss: 0.30, Learning Rate: 0.001
Epoch: 147, Alpha: 0.23, Total Train Loss: 0.32, Contrastive Train Loss: 0.62, Recon Train Loss: 0.23, Total Valid Loss: 0.55, Contrastive Valid Loss: 1.38, Recon Valid Loss: 0.30, Learning Rate: 0.001
Epoch: 148, Alpha: 0.23, Total Train Loss: 0.32, Contrastive Train Loss: 0.63, Recon Train Loss: 0.23, Total Valid Loss: 0.55, Contrastive Valid Loss: 1.40, Recon Valid Loss: 0.30, Learning Rate: 0.001
Epoch: 149, Alpha: 0.23, Total Train Loss: 0.32, Contrastive Train Loss: 0.64, Recon Train Loss: 0.23, Total Valid Loss: 0.54, Contrastive Valid Loss: 1.38, Recon Valid Loss: 0.30, Learning Rate: 0.001
Epoch: 150, Alpha: 0.22, Total Train Loss: 0.31, Contrastive Train Loss: 0.62, Recon Train Loss: 0.23, Total Valid Loss: 0.54, Contrastive Valid Loss: 1.37, Recon Valid Loss: 0.30, Learning Rate: 0.001
Epoch: 151, Alpha: 0.22, Total Train Loss: 0.31, Contrastive Train Loss: 0.62, Recon Train Loss: 0.22, Total Valid Loss: 0.53, Contrastive Valid Loss: 1.36, Recon Valid Loss: 0.30, Learning Rate: 0.001
Epoch: 152, Alpha: 0.22, Total Train Loss: 0.31, Contrastive Train Loss: 0.62, Recon Train Loss: 0.22, Total Valid Loss: 0.52, Contrastive Valid Loss: 1.29, Recon Valid Loss: 0.30, Learning Rate: 0.001
Epoch: 153, Alpha: 0.22, Total Train Loss: 0.31, Contrastive Train Loss: 0.62, Recon Train Loss: 0.22, Total Valid Loss: 0.52, Contrastive Valid Loss: 1.31, Recon Valid Loss: 0.30, Learning Rate: 0.001
Epoch: 154, Alpha: 0.21, Total Train Loss: 0.31, Contrastive Train Loss: 0.63, Recon Train Loss: 0.22, Total Valid Loss: 0.52, Contrastive Valid Loss: 1.32, Recon Valid Loss: 0.30, Learning Rate: 0.001
Epoch: 155, Alpha: 0.21, Total Train Loss: 0.31, Contrastive Train Loss: 0.62, Recon Train Loss: 0.22, Total Valid Loss: 0.52, Contrastive Valid Loss: 1.35, Recon Valid Loss: 0.29, Learning Rate: 0.001
Epoch: 156, Alpha: 0.21, Total Train Loss: 0.31, Contrastive Train Loss: 0.62, Recon Train Loss: 0.22, Total Valid Loss: 0.51, Contrastive Valid Loss: 1.33, Recon Valid Loss: 0.30, Learning Rate: 0.001
Epoch: 157, Alpha: 0.21, Total Train Loss: 0.30, Contrastive Train Loss: 0.62, Recon Train Loss: 0.22, Total Valid Loss: 0.51, Contrastive Valid Loss: 1.31, Recon Valid Loss: 0.30, Learning Rate: 0.001
Epoch: 158, Alpha: 0.21, Total Train Loss: 0.30, Contrastive Train Loss: 0.61, Recon Train Loss: 0.22, Total Valid Loss: 0.52, Contrastive Valid Loss: 1.39, Recon Valid Loss: 0.29, Learning Rate: 0.001
Epoch: 159, Alpha: 0.20, Total Train Loss: 0.30, Contrastive Train Loss: 0.61, Recon Train Loss: 0.22, Total Valid Loss: 0.51, Contrastive Valid Loss: 1.38, Recon Valid Loss: 0.29, Learning Rate: 0.001
Epoch: 160, Alpha: 0.20, Total Train Loss: 0.30, Contrastive Train Loss: 0.61, Recon Train Loss: 0.22, Total Valid Loss: 0.51, Contrastive Valid Loss: 1.37, Recon Valid Loss: 0.29, Learning Rate: 0.001
Epoch: 161, Alpha: 0.20, Total Train Loss: 0.30, Contrastive Train Loss: 0.60, Recon Train Loss: 0.22, Total Valid Loss: 0.50, Contrastive Valid Loss: 1.33, Recon Valid Loss: 0.29, Learning Rate: 0.001
Epoch: 162, Alpha: 0.20, Total Train Loss: 0.30, Contrastive Train Loss: 0.61, Recon Train Loss: 0.22, Total Valid Loss: 0.51, Contrastive Valid Loss: 1.39, Recon Valid Loss: 0.29, Learning Rate: 0.001
Epoch: 163, Alpha: 0.20, Total Train Loss: 0.29, Contrastive Train Loss: 0.61, Recon Train Loss: 0.22, Total Valid Loss: 0.50, Contrastive Valid Loss: 1.37, Recon Valid Loss: 0.29, Learning Rate: 0.001
Epoch: 164, Alpha: 0.19, Total Train Loss: 0.29, Contrastive Train Loss: 0.60, Recon Train Loss: 0.22, Total Valid Loss: 0.49, Contrastive Valid Loss: 1.32, Recon Valid Loss: 0.29, Learning Rate: 0.001
Epoch: 165, Alpha: 0.19, Total Train Loss: 0.29, Contrastive Train Loss: 0.60, Recon Train Loss: 0.22, Total Valid Loss: 0.50, Contrastive Valid Loss: 1.39, Recon Valid Loss: 0.29, Learning Rate: 0.001
Epoch: 166, Alpha: 0.19, Total Train Loss: 0.29, Contrastive Train Loss: 0.62, Recon Train Loss: 0.22, Total Valid Loss: 0.49, Contrastive Valid Loss: 1.34, Recon Valid Loss: 0.29, Learning Rate: 0.001
Epoch: 167, Alpha: 0.19, Total Train Loss: 0.29, Contrastive Train Loss: 0.61, Recon Train Loss: 0.22, Total Valid Loss: 0.49, Contrastive Valid Loss: 1.36, Recon Valid Loss: 0.29, Learning Rate: 0.001
Epoch: 168, Alpha: 0.19, Total Train Loss: 0.29, Contrastive Train Loss: 0.60, Recon Train Loss: 0.22, Total Valid Loss: 0.49, Contrastive Valid Loss: 1.38, Recon Valid Loss: 0.29, Learning Rate: 0.001
Epoch: 169, Alpha: 0.18, Total Train Loss: 0.29, Contrastive Train Loss: 0.61, Recon Train Loss: 0.22, Total Valid Loss: 0.48, Contrastive Valid Loss: 1.32, Recon Valid Loss: 0.29, Learning Rate: 0.001
Epoch: 170, Alpha: 0.18, Total Train Loss: 0.29, Contrastive Train Loss: 0.60, Recon Train Loss: 0.21, Total Valid Loss: 0.49, Contrastive Valid Loss: 1.38, Recon Valid Loss: 0.29, Learning Rate: 0.001
Epoch: 171, Alpha: 0.18, Total Train Loss: 0.28, Contrastive Train Loss: 0.60, Recon Train Loss: 0.21, Total Valid Loss: 0.50, Contrastive Valid Loss: 1.44, Recon Valid Loss: 0.29, Learning Rate: 0.001
Epoch: 172, Alpha: 0.18, Total Train Loss: 0.28, Contrastive Train Loss: 0.60, Recon Train Loss: 0.21, Total Valid Loss: 0.49, Contrastive Valid Loss: 1.39, Recon Valid Loss: 0.29, Learning Rate: 0.001
Epoch: 173, Alpha: 0.18, Total Train Loss: 0.28, Contrastive Train Loss: 0.59, Recon Train Loss: 0.21, Total Valid Loss: 0.49, Contrastive Valid Loss: 1.40, Recon Valid Loss: 0.29, Learning Rate: 0.001
Epoch: 174, Alpha: 0.18, Total Train Loss: 0.28, Contrastive Train Loss: 0.59, Recon Train Loss: 0.21, Total Valid Loss: 0.46, Contrastive Valid Loss: 1.29, Recon Valid Loss: 0.29, Learning Rate: 0.001
Epoch: 175, Alpha: 0.17, Total Train Loss: 0.28, Contrastive Train Loss: 0.60, Recon Train Loss: 0.21, Total Valid Loss: 0.47, Contrastive Valid Loss: 1.36, Recon Valid Loss: 0.29, Learning Rate: 0.001
Epoch: 176, Alpha: 0.17, Total Train Loss: 0.28, Contrastive Train Loss: 0.60, Recon Train Loss: 0.21, Total Valid Loss: 0.46, Contrastive Valid Loss: 1.27, Recon Valid Loss: 0.29, Learning Rate: 0.001
Epoch: 177, Alpha: 0.17, Total Train Loss: 0.28, Contrastive Train Loss: 0.59, Recon Train Loss: 0.21, Total Valid Loss: 0.47, Contrastive Valid Loss: 1.37, Recon Valid Loss: 0.29, Learning Rate: 0.001
Epoch: 178, Alpha: 0.17, Total Train Loss: 0.27, Contrastive Train Loss: 0.59, Recon Train Loss: 0.21, Total Valid Loss: 0.46, Contrastive Valid Loss: 1.31, Recon Valid Loss: 0.29, Learning Rate: 0.001
Epoch: 179, Alpha: 0.17, Total Train Loss: 0.27, Contrastive Train Loss: 0.58, Recon Train Loss: 0.21, Total Valid Loss: 0.47, Contrastive Valid Loss: 1.37, Recon Valid Loss: 0.29, Learning Rate: 0.001
Starting Downstream Task
torch.Size([2806, 5, 64, 32])
torch.Size([935, 5, 64, 32])
torch.Size([937, 5, 64, 32])
Shape: (5, 144, 72)
Epoch: 0, Train Loss: 1.40502, Valid Loss: 1.08743
Epoch: 1, Train Loss: 1.13135, Valid Loss: 1.04365
Epoch: 2, Train Loss: 1.12745, Valid Loss: 1.22833
Epoch: 3, Train Loss: 1.10376, Valid Loss: 1.18647
Epoch: 4, Train Loss: 1.09890, Valid Loss: 1.09748
Epoch: 5, Train Loss: 1.05809, Valid Loss: 1.11406
Epoch: 6, Train Loss: 1.03372, Valid Loss: 1.10454
Epoch: 7, Train Loss: 1.03809, Valid Loss: 1.15762
Epoch: 8, Train Loss: 1.03775, Valid Loss: 1.10279
Epoch: 9, Train Loss: 1.02242, Valid Loss: 1.07815
Epoch: 10, Train Loss: 0.98723, Valid Loss: 1.15052
Epoch: 11, Train Loss: 1.04100, Valid Loss: 1.06968
Epoch: 12, Train Loss: 1.02555, Valid Loss: 1.05123
Epoch: 13, Train Loss: 0.96562, Valid Loss: 1.08241
Epoch: 14, Train Loss: 0.93241, Valid Loss: 1.06364
Epoch: 15, Train Loss: 0.93270, Valid Loss: 1.02280
Epoch: 16, Train Loss: 0.91864, Valid Loss: 1.02797
Epoch: 17, Train Loss: 0.89423, Valid Loss: 1.02843
Epoch: 18, Train Loss: 0.92226, Valid Loss: 1.04237
Epoch: 19, Train Loss: 0.90522, Valid Loss: 0.99118
Epoch: 20, Train Loss: 0.85930, Valid Loss: 0.98097
Epoch: 21, Train Loss: 0.85671, Valid Loss: 0.96053
Epoch: 22, Train Loss: 0.88963, Valid Loss: 0.98648
Epoch: 23, Train Loss: 0.81009, Valid Loss: 0.99923
Epoch: 24, Train Loss: 0.84785, Valid Loss: 0.99528
Epoch: 25, Train Loss: 0.85389, Valid Loss: 0.97291
Epoch: 26, Train Loss: 0.80963, Valid Loss: 0.99590
Epoch: 27, Train Loss: 0.83759, Valid Loss: 0.95157
Epoch: 28, Train Loss: 0.82126, Valid Loss: 0.96664
Epoch: 29, Train Loss: 0.82187, Valid Loss: 0.96714
Epoch: 30, Train Loss: 0.80867, Valid Loss: 0.97796
Epoch: 31, Train Loss: 0.80587, Valid Loss: 0.99289
Epoch: 32, Train Loss: 0.80570, Valid Loss: 0.96710
Epoch: 33, Train Loss: 0.80761, Valid Loss: 0.98983
Epoch: 34, Train Loss: 0.79357, Valid Loss: 0.95862
Epoch: 35, Train Loss: 0.81941, Valid Loss: 0.94032
Epoch: 36, Train Loss: 0.77060, Valid Loss: 0.95325
Epoch: 37, Train Loss: 0.78326, Valid Loss: 0.94681
Epoch: 38, Train Loss: 0.76973, Valid Loss: 0.95688
Epoch: 39, Train Loss: 0.76572, Valid Loss: 0.92927
Epoch: 40, Train Loss: 0.75500, Valid Loss: 0.90799
Epoch: 41, Train Loss: 0.77888, Valid Loss: 0.91406
Epoch: 42, Train Loss: 0.75744, Valid Loss: 0.93810
Epoch: 43, Train Loss: 0.75938, Valid Loss: 0.93041
Epoch: 44, Train Loss: 0.74296, Valid Loss: 0.92158
Epoch: 45, Train Loss: 0.74230, Valid Loss: 0.93784
Epoch: 46, Train Loss: 0.75920, Valid Loss: 0.91513
Epoch: 47, Train Loss: 0.76368, Valid Loss: 0.87866
Epoch: 48, Train Loss: 0.73225, Valid Loss: 0.92518
Epoch: 49, Train Loss: 0.74477, Valid Loss: 0.95034
Epoch: 50, Train Loss: 0.73021, Valid Loss: 0.93355
Epoch: 51, Train Loss: 0.72630, Valid Loss: 0.97748
Epoch: 52, Train Loss: 0.73328, Valid Loss: 0.92062
Epoch: 53, Train Loss: 0.71539, Valid Loss: 0.89418
Epoch: 54, Train Loss: 0.73527, Valid Loss: 0.93806
Epoch: 55, Train Loss: 0.72548, Valid Loss: 0.94662
Epoch: 56, Train Loss: 0.73724, Valid Loss: 0.90132
Epoch: 57, Train Loss: 0.74732, Valid Loss: 0.93615
Epoch: 58, Train Loss: 0.71870, Valid Loss: 0.93835
Epoch: 59, Train Loss: 0.71988, Valid Loss: 0.95091
Epoch: 60, Train Loss: 0.72436, Valid Loss: 0.91424
Epoch: 61, Train Loss: 0.73924, Valid Loss: 0.92243
Epoch: 62, Train Loss: 0.74452, Valid Loss: 0.93195
Epoch: 63, Train Loss: 0.72300, Valid Loss: 0.92274
Epoch: 64, Train Loss: 0.72555, Valid Loss: 0.92754
Epoch: 65, Train Loss: 0.73943, Valid Loss: 0.92964
Epoch: 66, Train Loss: 0.73211, Valid Loss: 0.92522
Epoch: 67, Train Loss: 0.72611, Valid Loss: 0.93182
Epoch: 68, Train Loss: 0.73804, Valid Loss: 0.99135
Epoch: 69, Train Loss: 0.70254, Valid Loss: 0.94971
Epoch: 70, Train Loss: 0.72751, Valid Loss: 0.92241
Epoch: 71, Train Loss: 0.73609, Valid Loss: 0.96567
Epoch: 72, Train Loss: 0.73846, Valid Loss: 0.95526
Epoch: 73, Train Loss: 0.74401, Valid Loss: 0.90205
Epoch: 74, Train Loss: 0.73732, Valid Loss: 0.95061
Epoch: 75, Train Loss: 0.73589, Valid Loss: 0.93690
Epoch: 76, Train Loss: 0.70434, Valid Loss: 0.93163
Epoch: 77, Train Loss: 0.73288, Valid Loss: 0.93086
Epoch: 78, Train Loss: 0.73706, Valid Loss: 0.97161
Epoch: 79, Train Loss: 0.71744, Valid Loss: 0.91594
Epoch: 80, Train Loss: 0.70771, Valid Loss: 0.92945
Epoch: 81, Train Loss: 0.72865, Valid Loss: 0.94614
Epoch: 82, Train Loss: 0.72645, Valid Loss: 0.93504
Epoch: 83, Train Loss: 0.72635, Valid Loss: 0.91780
Epoch: 84, Train Loss: 0.73171, Valid Loss: 0.94647
Epoch: 85, Train Loss: 0.71537, Valid Loss: 0.94035
Epoch: 86, Train Loss: 0.73818, Valid Loss: 0.92390
Epoch: 87, Train Loss: 0.72539, Valid Loss: 0.96074
Epoch: 88, Train Loss: 0.76903, Valid Loss: 0.93985
Epoch: 89, Train Loss: 0.70252, Valid Loss: 0.91038
Epoch: 90, Train Loss: 0.71936, Valid Loss: 0.92883
Epoch: 91, Train Loss: 0.72807, Valid Loss: 0.91505
Epoch: 92, Train Loss: 0.73341, Valid Loss: 0.91265
Epoch: 93, Train Loss: 0.74775, Valid Loss: 0.93245
Epoch: 94, Train Loss: 0.71822, Valid Loss: 0.92538
Epoch: 95, Train Loss: 0.71319, Valid Loss: 0.91889
Epoch: 96, Train Loss: 0.72884, Valid Loss: 0.92641
Epoch: 97, Train Loss: 0.72689, Valid Loss: 0.93390
Epoch: 98, Train Loss: 0.73720, Valid Loss: 0.92592
Epoch: 99, Train Loss: 0.73242, Valid Loss: 0.95427
Test Loss: 0.93615
Test Loss: 0.68297
