nohup: ignoring input
torch.Size([14031, 5, 64, 32])
torch.Size([4677, 5, 64, 32])
torch.Size([4678, 5, 64, 32])
Shape: (5, 144, 72)
Epoch: 0, Train Loss = 0.61, Valid loss = 0.43, lr = 0.00100
Epoch: 1, Train Loss = 0.39, Valid loss = 0.38, lr = 0.00100
Epoch: 2, Train Loss = 0.36, Valid loss = 0.37, lr = 0.00100
Epoch: 3, Train Loss = 0.35, Valid loss = 0.35, lr = 0.00100
Epoch: 4, Train Loss = 0.34, Valid loss = 0.34, lr = 0.00100
Epoch: 5, Train Loss = 0.32, Valid loss = 0.32, lr = 0.00100
Epoch: 6, Train Loss = 0.29, Valid loss = 0.31, lr = 0.00100
Epoch: 7, Train Loss = 0.27, Valid loss = 0.27, lr = 0.00100
Epoch: 8, Train Loss = 0.25, Valid loss = 0.25, lr = 0.00100
Epoch: 9, Train Loss = 0.23, Valid loss = 0.24, lr = 0.00100
Epoch: 10, Train Loss = 0.22, Valid loss = 0.22, lr = 0.00100
Epoch: 11, Train Loss = 0.21, Valid loss = 0.21, lr = 0.00100
Epoch: 12, Train Loss = 0.19, Valid loss = 0.20, lr = 0.00100
Epoch: 13, Train Loss = 0.18, Valid loss = 0.19, lr = 0.00100
Epoch: 14, Train Loss = 0.17, Valid loss = 0.18, lr = 0.00100
Epoch: 15, Train Loss = 0.17, Valid loss = 0.18, lr = 0.00100
Epoch: 16, Train Loss = 0.16, Valid loss = 0.17, lr = 0.00100
Epoch: 17, Train Loss = 0.16, Valid loss = 0.16, lr = 0.00100
Epoch: 18, Train Loss = 0.15, Valid loss = 0.16, lr = 0.00100
Epoch: 19, Train Loss = 0.15, Valid loss = 0.15, lr = 0.00100
Epoch: 20, Train Loss = 0.14, Valid loss = 0.15, lr = 0.00100
Epoch: 21, Train Loss = 0.14, Valid loss = 0.14, lr = 0.00100
Epoch: 22, Train Loss = 0.14, Valid loss = 0.14, lr = 0.00100
Epoch: 23, Train Loss = 0.13, Valid loss = 0.14, lr = 0.00100
Epoch: 24, Train Loss = 0.13, Valid loss = 0.14, lr = 0.00100
Epoch: 25, Train Loss = 0.13, Valid loss = 0.13, lr = 0.00100
Epoch: 26, Train Loss = 0.12, Valid loss = 0.13, lr = 0.00100
Epoch: 27, Train Loss = 0.12, Valid loss = 0.13, lr = 0.00100
Epoch: 28, Train Loss = 0.12, Valid loss = 0.13, lr = 0.00100
Epoch: 29, Train Loss = 0.12, Valid loss = 0.13, lr = 0.00100
Epoch: 30, Train Loss = 0.12, Valid loss = 0.13, lr = 0.00100
Epoch: 31, Train Loss = 0.11, Valid loss = 0.12, lr = 0.00100
Epoch: 32, Train Loss = 0.11, Valid loss = 0.12, lr = 0.00100
Epoch: 33, Train Loss = 0.11, Valid loss = 0.12, lr = 0.00100
Epoch: 34, Train Loss = 0.11, Valid loss = 0.11, lr = 0.00100
Epoch: 35, Train Loss = 0.11, Valid loss = 0.12, lr = 0.00100
Epoch: 36, Train Loss = 0.11, Valid loss = 0.11, lr = 0.00100
Epoch: 37, Train Loss = 0.10, Valid loss = 0.11, lr = 0.00100
Epoch: 38, Train Loss = 0.10, Valid loss = 0.11, lr = 0.00100
Epoch: 39, Train Loss = 0.10, Valid loss = 0.11, lr = 0.00100
Epoch: 40, Train Loss = 0.10, Valid loss = 0.11, lr = 0.00100
Epoch: 41, Train Loss = 0.10, Valid loss = 0.11, lr = 0.00100
Epoch: 42, Train Loss = 0.10, Valid loss = 0.11, lr = 0.00100
Epoch: 43, Train Loss = 0.10, Valid loss = 0.11, lr = 0.00100
Epoch: 44, Train Loss = 0.10, Valid loss = 0.10, lr = 0.00100
Epoch: 45, Train Loss = 0.09, Valid loss = 0.10, lr = 0.00100
Epoch: 46, Train Loss = 0.09, Valid loss = 0.10, lr = 0.00100
Epoch: 47, Train Loss = 0.09, Valid loss = 0.10, lr = 0.00100
Epoch: 48, Train Loss = 0.09, Valid loss = 0.10, lr = 0.00100
Epoch: 49, Train Loss = 0.09, Valid loss = 0.10, lr = 0.00100
Epoch: 50, Train Loss = 0.09, Valid loss = 0.10, lr = 0.00100
Epoch: 51, Train Loss = 0.09, Valid loss = 0.10, lr = 0.00100
Epoch: 52, Train Loss = 0.09, Valid loss = 0.10, lr = 0.00100
Epoch: 53, Train Loss = 0.09, Valid loss = 0.10, lr = 0.00100
Epoch: 54, Train Loss = 0.09, Valid loss = 0.10, lr = 0.00100
Epoch: 55, Train Loss = 0.09, Valid loss = 0.10, lr = 0.00100
Epoch: 56, Train Loss = 0.09, Valid loss = 0.10, lr = 0.00100
Epoch: 57, Train Loss = 0.08, Valid loss = 0.09, lr = 0.00100
Epoch: 58, Train Loss = 0.09, Valid loss = 0.09, lr = 0.00100
Epoch: 59, Train Loss = 0.08, Valid loss = 0.09, lr = 0.00100
Epoch: 60, Train Loss = 0.08, Valid loss = 0.09, lr = 0.00100
Epoch: 61, Train Loss = 0.08, Valid loss = 0.09, lr = 0.00100
Epoch: 62, Train Loss = 0.08, Valid loss = 0.09, lr = 0.00100
Epoch: 63, Train Loss = 0.08, Valid loss = 0.09, lr = 0.00100
Epoch: 64, Train Loss = 0.08, Valid loss = 0.09, lr = 0.00100
Epoch: 65, Train Loss = 0.08, Valid loss = 0.09, lr = 0.00100
Epoch: 66, Train Loss = 0.08, Valid loss = 0.09, lr = 0.00100
Epoch: 67, Train Loss = 0.08, Valid loss = 0.09, lr = 0.00100
Epoch: 68, Train Loss = 0.08, Valid loss = 0.09, lr = 0.00100
Epoch: 69, Train Loss = 0.08, Valid loss = 0.09, lr = 0.00100
Epoch: 70, Train Loss = 0.08, Valid loss = 0.09, lr = 0.00100
Epoch: 71, Train Loss = 0.08, Valid loss = 0.09, lr = 0.00100
Epoch: 72, Train Loss = 0.08, Valid loss = 0.09, lr = 0.00100
Epoch: 73, Train Loss = 0.08, Valid loss = 0.09, lr = 0.00100
Epoch: 74, Train Loss = 0.08, Valid loss = 0.08, lr = 0.00100
Epoch: 75, Train Loss = 0.08, Valid loss = 0.08, lr = 0.00100
Epoch: 76, Train Loss = 0.08, Valid loss = 0.09, lr = 0.00100
Epoch: 77, Train Loss = 0.08, Valid loss = 0.08, lr = 0.00100
Epoch: 78, Train Loss = 0.07, Valid loss = 0.08, lr = 0.00100
Epoch: 79, Train Loss = 0.07, Valid loss = 0.08, lr = 0.00100
Epoch: 80, Train Loss = 0.07, Valid loss = 0.08, lr = 0.00100
Epoch: 81, Train Loss = 0.07, Valid loss = 0.08, lr = 0.00100
Epoch: 82, Train Loss = 0.07, Valid loss = 0.08, lr = 0.00100
Epoch: 83, Train Loss = 0.07, Valid loss = 0.08, lr = 0.00100
Epoch: 84, Train Loss = 0.07, Valid loss = 0.08, lr = 0.00100
Epoch: 85, Train Loss = 0.07, Valid loss = 0.08, lr = 0.00100
Epoch: 86, Train Loss = 0.07, Valid loss = 0.08, lr = 0.00100
Epoch: 87, Train Loss = 0.07, Valid loss = 0.08, lr = 0.00100
Epoch: 88, Train Loss = 0.07, Valid loss = 0.08, lr = 0.00100
Epoch: 89, Train Loss = 0.07, Valid loss = 0.08, lr = 0.00100
Epoch: 90, Train Loss = 0.07, Valid loss = 0.08, lr = 0.00100
Epoch: 91, Train Loss = 0.07, Valid loss = 0.08, lr = 0.00100
Epoch: 92, Train Loss = 0.07, Valid loss = 0.08, lr = 0.00100
Epoch: 93, Train Loss = 0.07, Valid loss = 0.08, lr = 0.00100
Epoch: 94, Train Loss = 0.07, Valid loss = 0.08, lr = 0.00100
Epoch: 95, Train Loss = 0.07, Valid loss = 0.08, lr = 0.00100
Epoch: 96, Train Loss = 0.07, Valid loss = 0.08, lr = 0.00100
Epoch: 97, Train Loss = 0.07, Valid loss = 0.08, lr = 0.00100
Epoch: 98, Train Loss = 0.07, Valid loss = 0.08, lr = 0.00100
Epoch: 99, Train Loss = 0.07, Valid loss = 0.08, lr = 0.00100
Epoch: 100, Train Loss = 0.07, Valid loss = 0.08, lr = 0.00100
Epoch: 101, Train Loss = 0.07, Valid loss = 0.08, lr = 0.00100
Epoch: 102, Train Loss = 0.07, Valid loss = 0.08, lr = 0.00100
Epoch: 103, Train Loss = 0.07, Valid loss = 0.07, lr = 0.00100
Epoch: 104, Train Loss = 0.07, Valid loss = 0.08, lr = 0.00100
Epoch: 105, Train Loss = 0.07, Valid loss = 0.08, lr = 0.00100
Epoch: 106, Train Loss = 0.07, Valid loss = 0.08, lr = 0.00100
Epoch: 107, Train Loss = 0.07, Valid loss = 0.07, lr = 0.00100
Epoch: 108, Train Loss = 0.07, Valid loss = 0.07, lr = 0.00100
Epoch: 109, Train Loss = 0.07, Valid loss = 0.08, lr = 0.00100
Epoch: 110, Train Loss = 0.07, Valid loss = 0.07, lr = 0.00100
Epoch: 111, Train Loss = 0.07, Valid loss = 0.07, lr = 0.00100
Epoch: 112, Train Loss = 0.07, Valid loss = 0.07, lr = 0.00100
Epoch: 113, Train Loss = 0.07, Valid loss = 0.07, lr = 0.00100
Epoch: 114, Train Loss = 0.06, Valid loss = 0.07, lr = 0.00100
Epoch: 115, Train Loss = 0.06, Valid loss = 0.07, lr = 0.00100
Epoch: 116, Train Loss = 0.06, Valid loss = 0.07, lr = 0.00100
Epoch: 117, Train Loss = 0.06, Valid loss = 0.07, lr = 0.00100
Epoch: 118, Train Loss = 0.06, Valid loss = 0.07, lr = 0.00100
Epoch: 119, Train Loss = 0.06, Valid loss = 0.07, lr = 0.00100
Epoch: 120, Train Loss = 0.06, Valid loss = 0.07, lr = 0.00100
Epoch: 121, Train Loss = 0.06, Valid loss = 0.07, lr = 0.00100
Epoch: 122, Train Loss = 0.06, Valid loss = 0.07, lr = 0.00100
Epoch: 123, Train Loss = 0.06, Valid loss = 0.07, lr = 0.00100
Epoch: 124, Train Loss = 0.06, Valid loss = 0.07, lr = 0.00100
Epoch: 125, Train Loss = 0.06, Valid loss = 0.07, lr = 0.00100
Epoch: 126, Train Loss = 0.06, Valid loss = 0.07, lr = 0.00100
Epoch: 127, Train Loss = 0.06, Valid loss = 0.07, lr = 0.00100
Epoch: 128, Train Loss = 0.06, Valid loss = 0.07, lr = 0.00100
Epoch: 129, Train Loss = 0.06, Valid loss = 0.07, lr = 0.00100
Epoch: 130, Train Loss = 0.06, Valid loss = 0.07, lr = 0.00100
Epoch: 131, Train Loss = 0.06, Valid loss = 0.07, lr = 0.00100
Epoch: 132, Train Loss = 0.06, Valid loss = 0.07, lr = 0.00100
Epoch: 133, Train Loss = 0.06, Valid loss = 0.07, lr = 0.00100
Epoch: 134, Train Loss = 0.06, Valid loss = 0.07, lr = 0.00100
Epoch: 135, Train Loss = 0.06, Valid loss = 0.07, lr = 0.00100
Epoch: 136, Train Loss = 0.06, Valid loss = 0.07, lr = 0.00100
Epoch: 137, Train Loss = 0.06, Valid loss = 0.07, lr = 0.00100
Epoch: 138, Train Loss = 0.06, Valid loss = 0.07, lr = 0.00100
Epoch: 139, Train Loss = 0.06, Valid loss = 0.07, lr = 0.00100
Epoch: 140, Train Loss = 0.06, Valid loss = 0.07, lr = 0.00100
Epoch: 141, Train Loss = 0.06, Valid loss = 0.07, lr = 0.00100
Epoch: 142, Train Loss = 0.06, Valid loss = 0.07, lr = 0.00100
Epoch: 143, Train Loss = 0.06, Valid loss = 0.07, lr = 0.00100
Epoch: 144, Train Loss = 0.06, Valid loss = 0.07, lr = 0.00100
Epoch: 145, Train Loss = 0.06, Valid loss = 0.07, lr = 0.00100
Epoch: 146, Train Loss = 0.06, Valid loss = 0.07, lr = 0.00100
Epoch: 147, Train Loss = 0.06, Valid loss = 0.07, lr = 0.00100
Epoch: 148, Train Loss = 0.06, Valid loss = 0.07, lr = 0.00100
Epoch: 149, Train Loss = 0.06, Valid loss = 0.07, lr = 0.00100
Epoch: 150, Train Loss = 0.06, Valid loss = 0.07, lr = 0.00100
Epoch: 151, Train Loss = 0.06, Valid loss = 0.07, lr = 0.00100
Epoch: 152, Train Loss = 0.06, Valid loss = 0.07, lr = 0.00100
Epoch: 153, Train Loss = 0.06, Valid loss = 0.07, lr = 0.00100
Epoch: 154, Train Loss = 0.06, Valid loss = 0.07, lr = 0.00100
Epoch: 155, Train Loss = 0.06, Valid loss = 0.07, lr = 0.00100
Epoch: 156, Train Loss = 0.06, Valid loss = 0.07, lr = 0.00100
Epoch: 157, Train Loss = 0.06, Valid loss = 0.07, lr = 0.00100
Epoch: 158, Train Loss = 0.06, Valid loss = 0.07, lr = 0.00100
Epoch: 159, Train Loss = 0.06, Valid loss = 0.07, lr = 0.00100
Epoch: 160, Train Loss = 0.06, Valid loss = 0.07, lr = 0.00100
Epoch: 161, Train Loss = 0.06, Valid loss = 0.07, lr = 0.00100
Epoch: 162, Train Loss = 0.06, Valid loss = 0.07, lr = 0.00100
Epoch: 163, Train Loss = 0.06, Valid loss = 0.07, lr = 0.00100
Epoch: 164, Train Loss = 0.06, Valid loss = 0.07, lr = 0.00100
Epoch: 165, Train Loss = 0.06, Valid loss = 0.07, lr = 0.00100
Epoch: 166, Train Loss = 0.06, Valid loss = 0.07, lr = 0.00100
Epoch: 167, Train Loss = 0.06, Valid loss = 0.07, lr = 0.00100
Epoch: 168, Train Loss = 0.06, Valid loss = 0.07, lr = 0.00100
Epoch: 169, Train Loss = 0.06, Valid loss = 0.07, lr = 0.00100
Epoch: 170, Train Loss = 0.06, Valid loss = 0.07, lr = 0.00100
Epoch: 171, Train Loss = 0.06, Valid loss = 0.07, lr = 0.00100
Epoch: 172, Train Loss = 0.06, Valid loss = 0.06, lr = 0.00100
Epoch: 173, Train Loss = 0.06, Valid loss = 0.06, lr = 0.00100
Epoch: 174, Train Loss = 0.06, Valid loss = 0.06, lr = 0.00100
Epoch: 175, Train Loss = 0.06, Valid loss = 0.06, lr = 0.00100
Epoch: 176, Train Loss = 0.06, Valid loss = 0.06, lr = 0.00100
Epoch: 177, Train Loss = 0.06, Valid loss = 0.06, lr = 0.00100
Epoch: 178, Train Loss = 0.06, Valid loss = 0.06, lr = 0.00100
Epoch: 179, Train Loss = 0.06, Valid loss = 0.06, lr = 0.00100
Starting Downstream Task
torch.Size([2806, 5, 64, 32])
torch.Size([935, 5, 64, 32])
torch.Size([937, 5, 64, 32])
Shape: (5, 144, 72)
Epoch: 0, Train Loss: 0.60995, Valid Loss: 0.50880
Epoch: 1, Train Loss: 0.43702, Valid Loss: 0.46698
Epoch: 2, Train Loss: 0.39370, Valid Loss: 0.45497
Epoch: 3, Train Loss: 0.37140, Valid Loss: 0.45183
Epoch: 4, Train Loss: 0.35712, Valid Loss: 0.45300
Epoch: 5, Train Loss: 0.34595, Valid Loss: 0.45037
Epoch: 6, Train Loss: 0.33889, Valid Loss: 0.45522
Epoch: 7, Train Loss: 0.33354, Valid Loss: 0.45476
Epoch: 8, Train Loss: 0.32777, Valid Loss: 0.45703
Epoch: 9, Train Loss: 0.32306, Valid Loss: 0.45681
Epoch: 10, Train Loss: 0.31937, Valid Loss: 0.45754
Epoch: 11, Train Loss: 0.31589, Valid Loss: 0.46022
Epoch: 12, Train Loss: 0.31307, Valid Loss: 0.46009
Epoch: 13, Train Loss: 0.31093, Valid Loss: 0.46273
Epoch: 14, Train Loss: 0.30930, Valid Loss: 0.46321
Epoch: 15, Train Loss: 0.30637, Valid Loss: 0.46524
Epoch: 16, Train Loss: 0.30567, Valid Loss: 0.46266
Epoch: 17, Train Loss: 0.28204, Valid Loss: 0.45239
Epoch: 18, Train Loss: 0.27361, Valid Loss: 0.45200
Epoch: 19, Train Loss: 0.26953, Valid Loss: 0.45154
Epoch: 20, Train Loss: 0.26722, Valid Loss: 0.45119
Epoch: 21, Train Loss: 0.26568, Valid Loss: 0.45220
Epoch: 22, Train Loss: 0.26424, Valid Loss: 0.45154
Epoch: 23, Train Loss: 0.26308, Valid Loss: 0.45222
Epoch: 24, Train Loss: 0.26205, Valid Loss: 0.45291
Epoch: 25, Train Loss: 0.26121, Valid Loss: 0.45369
Epoch: 26, Train Loss: 0.26059, Valid Loss: 0.45362
Epoch: 27, Train Loss: 0.25977, Valid Loss: 0.45412
Epoch: 28, Train Loss: 0.25725, Valid Loss: 0.45289
Epoch: 29, Train Loss: 0.25675, Valid Loss: 0.45302
Epoch: 30, Train Loss: 0.25688, Valid Loss: 0.45272
Epoch: 31, Train Loss: 0.25678, Valid Loss: 0.45404
Epoch: 32, Train Loss: 0.25650, Valid Loss: 0.45453
Epoch: 33, Train Loss: 0.25648, Valid Loss: 0.45427
Epoch: 34, Train Loss: 0.25629, Valid Loss: 0.45443
Epoch: 35, Train Loss: 0.25605, Valid Loss: 0.45451
Epoch: 36, Train Loss: 0.25592, Valid Loss: 0.45384
Epoch: 37, Train Loss: 0.25593, Valid Loss: 0.45341
Epoch: 38, Train Loss: 0.25575, Valid Loss: 0.45392
Epoch: 39, Train Loss: 0.25559, Valid Loss: 0.45440
Epoch: 40, Train Loss: 0.25531, Valid Loss: 0.45401
Epoch: 41, Train Loss: 0.25530, Valid Loss: 0.45355
Epoch: 42, Train Loss: 0.25549, Valid Loss: 0.45384
Epoch: 43, Train Loss: 0.25526, Valid Loss: 0.45412
Epoch: 44, Train Loss: 0.25564, Valid Loss: 0.45405
Epoch: 45, Train Loss: 0.25527, Valid Loss: 0.45400
Epoch: 46, Train Loss: 0.25540, Valid Loss: 0.45481
Epoch: 47, Train Loss: 0.25542, Valid Loss: 0.45427
Epoch: 48, Train Loss: 0.25533, Valid Loss: 0.45426
Epoch: 49, Train Loss: 0.25523, Valid Loss: 0.45405
Epoch: 50, Train Loss: 0.25538, Valid Loss: 0.45421
Epoch: 51, Train Loss: 0.25547, Valid Loss: 0.45351
Epoch: 52, Train Loss: 0.25543, Valid Loss: 0.45392
Epoch: 53, Train Loss: 0.25522, Valid Loss: 0.45425
Epoch: 54, Train Loss: 0.25520, Valid Loss: 0.45390
Epoch: 55, Train Loss: 0.25507, Valid Loss: 0.45401
Epoch: 56, Train Loss: 0.25522, Valid Loss: 0.45349
Epoch: 57, Train Loss: 0.25515, Valid Loss: 0.45357
Epoch: 58, Train Loss: 0.25534, Valid Loss: 0.45379
Epoch: 59, Train Loss: 0.25547, Valid Loss: 0.45387
Epoch: 60, Train Loss: 0.25548, Valid Loss: 0.45406
Epoch: 61, Train Loss: 0.25519, Valid Loss: 0.45364
Epoch: 62, Train Loss: 0.25532, Valid Loss: 0.45436
Epoch: 63, Train Loss: 0.25501, Valid Loss: 0.45405
Epoch: 64, Train Loss: 0.25501, Valid Loss: 0.45391
Epoch: 65, Train Loss: 0.25511, Valid Loss: 0.45452
Epoch: 66, Train Loss: 0.25529, Valid Loss: 0.45420
Epoch: 67, Train Loss: 0.25543, Valid Loss: 0.45357
Epoch: 68, Train Loss: 0.25522, Valid Loss: 0.45357
Epoch: 69, Train Loss: 0.25540, Valid Loss: 0.45337
Epoch: 70, Train Loss: 0.25513, Valid Loss: 0.45478
Epoch: 71, Train Loss: 0.25514, Valid Loss: 0.45398
Epoch: 72, Train Loss: 0.25541, Valid Loss: 0.45468
Epoch: 73, Train Loss: 0.25535, Valid Loss: 0.45358
Epoch: 74, Train Loss: 0.25526, Valid Loss: 0.45399
Epoch: 75, Train Loss: 0.25532, Valid Loss: 0.45380
Epoch: 76, Train Loss: 0.25538, Valid Loss: 0.45378
Epoch: 77, Train Loss: 0.25544, Valid Loss: 0.45388
Epoch: 78, Train Loss: 0.25525, Valid Loss: 0.45417
Epoch: 79, Train Loss: 0.25533, Valid Loss: 0.45352
Epoch: 80, Train Loss: 0.25510, Valid Loss: 0.45418
Epoch: 81, Train Loss: 0.25508, Valid Loss: 0.45388
Epoch: 82, Train Loss: 0.25537, Valid Loss: 0.45352
Epoch: 83, Train Loss: 0.25541, Valid Loss: 0.45458
Epoch: 84, Train Loss: 0.25535, Valid Loss: 0.45400
Epoch: 85, Train Loss: 0.25532, Valid Loss: 0.45436
Epoch: 86, Train Loss: 0.25504, Valid Loss: 0.45404
Epoch: 87, Train Loss: 0.25534, Valid Loss: 0.45370
Epoch: 88, Train Loss: 0.25528, Valid Loss: 0.45459
Epoch: 89, Train Loss: 0.25512, Valid Loss: 0.45376
Epoch: 90, Train Loss: 0.25538, Valid Loss: 0.45370
Epoch: 91, Train Loss: 0.25524, Valid Loss: 0.45366
Epoch: 92, Train Loss: 0.25556, Valid Loss: 0.45397
Epoch: 93, Train Loss: 0.25518, Valid Loss: 0.45385
Epoch: 94, Train Loss: 0.25512, Valid Loss: 0.45467
Epoch: 95, Train Loss: 0.25514, Valid Loss: 0.45404
Epoch: 96, Train Loss: 0.25525, Valid Loss: 0.45320
Epoch: 97, Train Loss: 0.25530, Valid Loss: 0.45401
Epoch: 98, Train Loss: 0.25519, Valid Loss: 0.45399
Epoch: 99, Train Loss: 0.25528, Valid Loss: 0.45391
Test Loss: 0.45468
Test Loss: 0.44560
