nohup: ignoring input
torch.Size([14031, 5, 64, 32])
torch.Size([4677, 5, 64, 32])
torch.Size([4678, 5, 64, 32])
Shape: (5, 144, 72)
Epoch: 0, Train Loss: 3.97, Validation Loss: 3.68, Learning Rate: 0.0001
Epoch: 1, Train Loss: 3.09, Validation Loss: 3.27, Learning Rate: 0.0001
Epoch: 2, Train Loss: 2.85, Validation Loss: 3.12, Learning Rate: 0.0001
Epoch: 3, Train Loss: 2.74, Validation Loss: 3.03, Learning Rate: 0.0001
Epoch: 4, Train Loss: 2.68, Validation Loss: 3.00, Learning Rate: 0.0001
Epoch: 5, Train Loss: 2.64, Validation Loss: 2.93, Learning Rate: 0.0001
Epoch: 6, Train Loss: 2.61, Validation Loss: 2.88, Learning Rate: 0.0001
Epoch: 7, Train Loss: 2.59, Validation Loss: 2.87, Learning Rate: 0.0001
Epoch: 8, Train Loss: 2.57, Validation Loss: 2.85, Learning Rate: 0.0001
Epoch: 9, Train Loss: 2.55, Validation Loss: 2.83, Learning Rate: 0.0001
Epoch: 10, Train Loss: 2.54, Validation Loss: 2.81, Learning Rate: 0.0001
Epoch: 11, Train Loss: 2.53, Validation Loss: 2.80, Learning Rate: 0.0001
Epoch: 12, Train Loss: 2.52, Validation Loss: 2.78, Learning Rate: 0.0001
Epoch: 13, Train Loss: 2.51, Validation Loss: 2.77, Learning Rate: 0.0001
Epoch: 14, Train Loss: 2.50, Validation Loss: 2.77, Learning Rate: 0.0001
Epoch: 15, Train Loss: 2.49, Validation Loss: 2.75, Learning Rate: 0.0001
Epoch: 16, Train Loss: 2.49, Validation Loss: 2.74, Learning Rate: 0.0001
Epoch: 17, Train Loss: 2.48, Validation Loss: 2.73, Learning Rate: 0.0001
Epoch: 18, Train Loss: 2.47, Validation Loss: 2.72, Learning Rate: 0.0001
Epoch: 19, Train Loss: 2.47, Validation Loss: 2.71, Learning Rate: 0.0001
Epoch: 20, Train Loss: 2.46, Validation Loss: 2.71, Learning Rate: 0.0001
Epoch: 21, Train Loss: 2.46, Validation Loss: 2.70, Learning Rate: 0.0001
Epoch: 22, Train Loss: 2.45, Validation Loss: 2.69, Learning Rate: 0.0001
Epoch: 23, Train Loss: 2.45, Validation Loss: 2.69, Learning Rate: 0.0001
Epoch: 24, Train Loss: 2.45, Validation Loss: 2.69, Learning Rate: 0.0001
Epoch: 25, Train Loss: 2.44, Validation Loss: 2.68, Learning Rate: 0.0001
Epoch: 26, Train Loss: 2.44, Validation Loss: 2.67, Learning Rate: 0.0001
Epoch: 27, Train Loss: 2.44, Validation Loss: 2.66, Learning Rate: 0.0001
Epoch: 28, Train Loss: 2.44, Validation Loss: 2.66, Learning Rate: 0.0001
Epoch: 29, Train Loss: 2.43, Validation Loss: 2.66, Learning Rate: 0.0001
Epoch: 30, Train Loss: 2.43, Validation Loss: 2.66, Learning Rate: 0.0001
Epoch: 31, Train Loss: 2.43, Validation Loss: 2.65, Learning Rate: 0.0001
Epoch: 32, Train Loss: 2.43, Validation Loss: 2.65, Learning Rate: 0.0001
Epoch: 33, Train Loss: 2.42, Validation Loss: 2.64, Learning Rate: 0.0001
Epoch: 34, Train Loss: 2.42, Validation Loss: 2.64, Learning Rate: 0.0001
Epoch: 35, Train Loss: 2.42, Validation Loss: 2.64, Learning Rate: 0.0001
Epoch: 36, Train Loss: 2.42, Validation Loss: 2.63, Learning Rate: 0.0001
Epoch: 37, Train Loss: 2.42, Validation Loss: 2.63, Learning Rate: 0.0001
Epoch: 38, Train Loss: 2.41, Validation Loss: 2.62, Learning Rate: 0.0001
Epoch: 39, Train Loss: 2.41, Validation Loss: 2.63, Learning Rate: 0.0001
Epoch: 40, Train Loss: 2.41, Validation Loss: 2.62, Learning Rate: 0.0001
Epoch: 41, Train Loss: 2.41, Validation Loss: 2.62, Learning Rate: 0.0001
Epoch: 42, Train Loss: 2.41, Validation Loss: 2.61, Learning Rate: 0.0001
Epoch: 43, Train Loss: 2.41, Validation Loss: 2.61, Learning Rate: 0.0001
Epoch: 44, Train Loss: 2.40, Validation Loss: 2.61, Learning Rate: 0.0001
Epoch: 45, Train Loss: 2.40, Validation Loss: 2.60, Learning Rate: 0.0001
Epoch: 46, Train Loss: 2.40, Validation Loss: 2.60, Learning Rate: 0.0001
Epoch: 47, Train Loss: 2.40, Validation Loss: 2.60, Learning Rate: 0.0001
Epoch: 48, Train Loss: 2.40, Validation Loss: 2.60, Learning Rate: 0.0001
Epoch: 49, Train Loss: 2.40, Validation Loss: 2.60, Learning Rate: 0.0001
Epoch: 50, Train Loss: 2.40, Validation Loss: 2.59, Learning Rate: 0.0001
Epoch: 51, Train Loss: 2.40, Validation Loss: 2.59, Learning Rate: 0.0001
Epoch: 52, Train Loss: 2.39, Validation Loss: 2.59, Learning Rate: 0.0001
Epoch: 53, Train Loss: 2.39, Validation Loss: 2.59, Learning Rate: 0.0001
Epoch: 54, Train Loss: 2.39, Validation Loss: 2.58, Learning Rate: 0.0001
Epoch: 55, Train Loss: 2.39, Validation Loss: 2.58, Learning Rate: 0.0001
Epoch: 56, Train Loss: 2.39, Validation Loss: 2.58, Learning Rate: 0.0001
Epoch: 57, Train Loss: 2.39, Validation Loss: 2.58, Learning Rate: 0.0001
Epoch: 58, Train Loss: 2.39, Validation Loss: 2.58, Learning Rate: 0.0001
Epoch: 59, Train Loss: 2.39, Validation Loss: 2.58, Learning Rate: 0.0001
Epoch: 60, Train Loss: 2.39, Validation Loss: 2.58, Learning Rate: 0.0001
Epoch: 61, Train Loss: 2.39, Validation Loss: 2.57, Learning Rate: 0.0001
Epoch: 62, Train Loss: 2.39, Validation Loss: 2.57, Learning Rate: 0.0001
Epoch: 63, Train Loss: 2.38, Validation Loss: 2.57, Learning Rate: 0.0001
Epoch: 64, Train Loss: 2.38, Validation Loss: 2.57, Learning Rate: 0.0001
Epoch: 65, Train Loss: 2.38, Validation Loss: 2.56, Learning Rate: 0.0001
Epoch: 66, Train Loss: 2.38, Validation Loss: 2.56, Learning Rate: 0.0001
Epoch: 67, Train Loss: 2.38, Validation Loss: 2.56, Learning Rate: 0.0001
Epoch: 68, Train Loss: 2.38, Validation Loss: 2.56, Learning Rate: 0.0001
Epoch: 69, Train Loss: 2.38, Validation Loss: 2.56, Learning Rate: 0.0001
Epoch: 70, Train Loss: 2.38, Validation Loss: 2.56, Learning Rate: 0.0001
Epoch: 71, Train Loss: 2.38, Validation Loss: 2.56, Learning Rate: 0.0001
Epoch: 72, Train Loss: 2.38, Validation Loss: 2.56, Learning Rate: 0.0001
Epoch: 73, Train Loss: 2.38, Validation Loss: 2.55, Learning Rate: 0.0001
Epoch: 74, Train Loss: 2.38, Validation Loss: 2.55, Learning Rate: 0.0001
Epoch: 75, Train Loss: 2.38, Validation Loss: 2.55, Learning Rate: 0.0001
Epoch: 76, Train Loss: 2.38, Validation Loss: 2.55, Learning Rate: 0.0001
Epoch: 77, Train Loss: 2.38, Validation Loss: 2.55, Learning Rate: 0.0001
Epoch: 78, Train Loss: 2.37, Validation Loss: 2.55, Learning Rate: 0.0001
Epoch: 79, Train Loss: 2.37, Validation Loss: 2.55, Learning Rate: 0.0001
Epoch: 80, Train Loss: 2.37, Validation Loss: 2.55, Learning Rate: 0.0001
Epoch: 81, Train Loss: 2.37, Validation Loss: 2.54, Learning Rate: 0.0001
Epoch: 82, Train Loss: 2.37, Validation Loss: 2.55, Learning Rate: 0.0001
Epoch: 83, Train Loss: 2.37, Validation Loss: 2.54, Learning Rate: 0.0001
Epoch: 84, Train Loss: 2.37, Validation Loss: 2.54, Learning Rate: 0.0001
Epoch: 85, Train Loss: 2.37, Validation Loss: 2.54, Learning Rate: 0.0001
Epoch: 86, Train Loss: 2.37, Validation Loss: 2.54, Learning Rate: 0.0001
Epoch: 87, Train Loss: 2.37, Validation Loss: 2.54, Learning Rate: 0.0001
Epoch: 88, Train Loss: 2.37, Validation Loss: 2.54, Learning Rate: 0.0001
Epoch: 89, Train Loss: 2.37, Validation Loss: 2.54, Learning Rate: 0.0001
Epoch: 90, Train Loss: 2.37, Validation Loss: 2.54, Learning Rate: 0.0001
Epoch: 91, Train Loss: 2.37, Validation Loss: 2.54, Learning Rate: 0.0001
Epoch: 92, Train Loss: 2.37, Validation Loss: 2.53, Learning Rate: 0.0001
Epoch: 93, Train Loss: 2.37, Validation Loss: 2.53, Learning Rate: 0.0001
Epoch: 94, Train Loss: 2.37, Validation Loss: 2.53, Learning Rate: 0.0001
Epoch: 95, Train Loss: 2.37, Validation Loss: 2.53, Learning Rate: 0.0001
Epoch: 96, Train Loss: 2.37, Validation Loss: 2.53, Learning Rate: 0.0001
Epoch: 97, Train Loss: 2.37, Validation Loss: 2.53, Learning Rate: 0.0001
Epoch: 98, Train Loss: 2.37, Validation Loss: 2.53, Learning Rate: 0.0001
Epoch: 99, Train Loss: 2.37, Validation Loss: 2.53, Learning Rate: 0.0001
Fine Tuning Both
Epoch: 0, Alpha: 1.00, Total Train Loss: 2.37, Contrastive Train Loss: 2.37, Recon Train Loss: 1.08, Total Valid Loss: 2.53, Contrastive Valid Loss: 2.53, Recon Valid Loss: 1.10, Learning Rate: 0.0001
Epoch: 1, Alpha: 0.99, Total Train Loss: 2.35, Contrastive Train Loss: 2.37, Recon Train Loss: 0.93, Total Valid Loss: 2.51, Contrastive Valid Loss: 2.53, Recon Valid Loss: 0.76, Learning Rate: 0.0001
Epoch: 2, Alpha: 0.98, Total Train Loss: 2.33, Contrastive Train Loss: 2.37, Recon Train Loss: 0.61, Total Valid Loss: 2.49, Contrastive Valid Loss: 2.53, Recon Valid Loss: 0.58, Learning Rate: 0.0001
Epoch: 3, Alpha: 0.97, Total Train Loss: 2.31, Contrastive Train Loss: 2.36, Recon Train Loss: 0.50, Total Valid Loss: 2.46, Contrastive Valid Loss: 2.52, Recon Valid Loss: 0.51, Learning Rate: 0.0001
Epoch: 4, Alpha: 0.96, Total Train Loss: 2.29, Contrastive Train Loss: 2.36, Recon Train Loss: 0.44, Total Valid Loss: 2.44, Contrastive Valid Loss: 2.52, Recon Valid Loss: 0.46, Learning Rate: 0.0001
Epoch: 5, Alpha: 0.95, Total Train Loss: 2.27, Contrastive Train Loss: 2.36, Recon Train Loss: 0.41, Total Valid Loss: 2.42, Contrastive Valid Loss: 2.52, Recon Valid Loss: 0.44, Learning Rate: 0.0001
Epoch: 6, Alpha: 0.94, Total Train Loss: 2.25, Contrastive Train Loss: 2.36, Recon Train Loss: 0.39, Total Valid Loss: 2.40, Contrastive Valid Loss: 2.52, Recon Valid Loss: 0.43, Learning Rate: 0.0001
Epoch: 7, Alpha: 0.93, Total Train Loss: 2.23, Contrastive Train Loss: 2.36, Recon Train Loss: 0.38, Total Valid Loss: 2.38, Contrastive Valid Loss: 2.52, Recon Valid Loss: 0.42, Learning Rate: 0.0001
Epoch: 8, Alpha: 0.92, Total Train Loss: 2.21, Contrastive Train Loss: 2.36, Recon Train Loss: 0.37, Total Valid Loss: 2.36, Contrastive Valid Loss: 2.52, Recon Valid Loss: 0.41, Learning Rate: 0.0001
Epoch: 9, Alpha: 0.91, Total Train Loss: 2.19, Contrastive Train Loss: 2.36, Recon Train Loss: 0.36, Total Valid Loss: 2.34, Contrastive Valid Loss: 2.52, Recon Valid Loss: 0.40, Learning Rate: 0.0001
Epoch: 10, Alpha: 0.90, Total Train Loss: 2.17, Contrastive Train Loss: 2.36, Recon Train Loss: 0.35, Total Valid Loss: 2.32, Contrastive Valid Loss: 2.52, Recon Valid Loss: 0.40, Learning Rate: 0.0001
Epoch: 11, Alpha: 0.90, Total Train Loss: 2.15, Contrastive Train Loss: 2.36, Recon Train Loss: 0.34, Total Valid Loss: 2.30, Contrastive Valid Loss: 2.52, Recon Valid Loss: 0.39, Learning Rate: 0.0001
Epoch: 12, Alpha: 0.89, Total Train Loss: 2.13, Contrastive Train Loss: 2.36, Recon Train Loss: 0.34, Total Valid Loss: 2.28, Contrastive Valid Loss: 2.52, Recon Valid Loss: 0.38, Learning Rate: 0.0001
Epoch: 13, Alpha: 0.88, Total Train Loss: 2.11, Contrastive Train Loss: 2.36, Recon Train Loss: 0.33, Total Valid Loss: 2.26, Contrastive Valid Loss: 2.52, Recon Valid Loss: 0.38, Learning Rate: 0.0001
Epoch: 14, Alpha: 0.87, Total Train Loss: 2.09, Contrastive Train Loss: 2.36, Recon Train Loss: 0.32, Total Valid Loss: 2.24, Contrastive Valid Loss: 2.52, Recon Valid Loss: 0.37, Learning Rate: 0.0001
Epoch: 15, Alpha: 0.86, Total Train Loss: 2.08, Contrastive Train Loss: 2.36, Recon Train Loss: 0.32, Total Valid Loss: 2.22, Contrastive Valid Loss: 2.52, Recon Valid Loss: 0.37, Learning Rate: 0.0001
Epoch: 16, Alpha: 0.85, Total Train Loss: 2.06, Contrastive Train Loss: 2.36, Recon Train Loss: 0.31, Total Valid Loss: 2.20, Contrastive Valid Loss: 2.52, Recon Valid Loss: 0.36, Learning Rate: 0.0001
Epoch: 17, Alpha: 0.84, Total Train Loss: 2.04, Contrastive Train Loss: 2.36, Recon Train Loss: 0.31, Total Valid Loss: 2.18, Contrastive Valid Loss: 2.51, Recon Valid Loss: 0.36, Learning Rate: 0.0001
Epoch: 18, Alpha: 0.84, Total Train Loss: 2.02, Contrastive Train Loss: 2.36, Recon Train Loss: 0.30, Total Valid Loss: 2.16, Contrastive Valid Loss: 2.51, Recon Valid Loss: 0.36, Learning Rate: 0.0001
Epoch: 19, Alpha: 0.83, Total Train Loss: 2.00, Contrastive Train Loss: 2.36, Recon Train Loss: 0.30, Total Valid Loss: 2.14, Contrastive Valid Loss: 2.51, Recon Valid Loss: 0.35, Learning Rate: 0.0001
Epoch: 20, Alpha: 0.82, Total Train Loss: 1.99, Contrastive Train Loss: 2.36, Recon Train Loss: 0.30, Total Valid Loss: 2.12, Contrastive Valid Loss: 2.52, Recon Valid Loss: 0.35, Learning Rate: 0.0001
Epoch: 21, Alpha: 0.81, Total Train Loss: 1.97, Contrastive Train Loss: 2.36, Recon Train Loss: 0.29, Total Valid Loss: 2.10, Contrastive Valid Loss: 2.51, Recon Valid Loss: 0.35, Learning Rate: 0.0001
Epoch: 22, Alpha: 0.80, Total Train Loss: 1.95, Contrastive Train Loss: 2.36, Recon Train Loss: 0.29, Total Valid Loss: 2.09, Contrastive Valid Loss: 2.51, Recon Valid Loss: 0.35, Learning Rate: 0.0001
Epoch: 23, Alpha: 0.79, Total Train Loss: 1.93, Contrastive Train Loss: 2.36, Recon Train Loss: 0.29, Total Valid Loss: 2.07, Contrastive Valid Loss: 2.51, Recon Valid Loss: 0.34, Learning Rate: 0.0001
Epoch: 24, Alpha: 0.79, Total Train Loss: 1.92, Contrastive Train Loss: 2.36, Recon Train Loss: 0.29, Total Valid Loss: 2.05, Contrastive Valid Loss: 2.51, Recon Valid Loss: 0.34, Learning Rate: 0.0001
Epoch: 25, Alpha: 0.78, Total Train Loss: 1.90, Contrastive Train Loss: 2.36, Recon Train Loss: 0.28, Total Valid Loss: 2.03, Contrastive Valid Loss: 2.51, Recon Valid Loss: 0.34, Learning Rate: 0.0001
Epoch: 26, Alpha: 0.77, Total Train Loss: 1.88, Contrastive Train Loss: 2.36, Recon Train Loss: 0.28, Total Valid Loss: 2.01, Contrastive Valid Loss: 2.51, Recon Valid Loss: 0.34, Learning Rate: 0.0001
Epoch: 27, Alpha: 0.76, Total Train Loss: 1.87, Contrastive Train Loss: 2.36, Recon Train Loss: 0.28, Total Valid Loss: 2.00, Contrastive Valid Loss: 2.51, Recon Valid Loss: 0.33, Learning Rate: 0.0001
Epoch: 28, Alpha: 0.76, Total Train Loss: 1.85, Contrastive Train Loss: 2.36, Recon Train Loss: 0.28, Total Valid Loss: 1.98, Contrastive Valid Loss: 2.51, Recon Valid Loss: 0.33, Learning Rate: 0.0001
Epoch: 29, Alpha: 0.75, Total Train Loss: 1.83, Contrastive Train Loss: 2.36, Recon Train Loss: 0.27, Total Valid Loss: 1.96, Contrastive Valid Loss: 2.51, Recon Valid Loss: 0.33, Learning Rate: 0.0001
Epoch: 30, Alpha: 0.74, Total Train Loss: 1.82, Contrastive Train Loss: 2.36, Recon Train Loss: 0.27, Total Valid Loss: 1.94, Contrastive Valid Loss: 2.51, Recon Valid Loss: 0.32, Learning Rate: 0.0001
Epoch: 31, Alpha: 0.73, Total Train Loss: 1.80, Contrastive Train Loss: 2.36, Recon Train Loss: 0.27, Total Valid Loss: 1.93, Contrastive Valid Loss: 2.51, Recon Valid Loss: 0.32, Learning Rate: 0.0001
Epoch: 32, Alpha: 0.73, Total Train Loss: 1.78, Contrastive Train Loss: 2.36, Recon Train Loss: 0.26, Total Valid Loss: 1.91, Contrastive Valid Loss: 2.51, Recon Valid Loss: 0.32, Learning Rate: 0.0001
Epoch: 33, Alpha: 0.72, Total Train Loss: 1.77, Contrastive Train Loss: 2.36, Recon Train Loss: 0.26, Total Valid Loss: 1.89, Contrastive Valid Loss: 2.51, Recon Valid Loss: 0.32, Learning Rate: 0.0001
Epoch: 34, Alpha: 0.71, Total Train Loss: 1.75, Contrastive Train Loss: 2.36, Recon Train Loss: 0.26, Total Valid Loss: 1.88, Contrastive Valid Loss: 2.51, Recon Valid Loss: 0.31, Learning Rate: 0.0001
Epoch: 35, Alpha: 0.70, Total Train Loss: 1.74, Contrastive Train Loss: 2.36, Recon Train Loss: 0.26, Total Valid Loss: 1.86, Contrastive Valid Loss: 2.51, Recon Valid Loss: 0.31, Learning Rate: 0.0001
Epoch: 36, Alpha: 0.70, Total Train Loss: 1.72, Contrastive Train Loss: 2.35, Recon Train Loss: 0.25, Total Valid Loss: 1.84, Contrastive Valid Loss: 2.51, Recon Valid Loss: 0.31, Learning Rate: 0.0001
Epoch: 37, Alpha: 0.69, Total Train Loss: 1.70, Contrastive Train Loss: 2.35, Recon Train Loss: 0.25, Total Valid Loss: 1.83, Contrastive Valid Loss: 2.51, Recon Valid Loss: 0.31, Learning Rate: 0.0001
Epoch: 38, Alpha: 0.68, Total Train Loss: 1.69, Contrastive Train Loss: 2.35, Recon Train Loss: 0.25, Total Valid Loss: 1.81, Contrastive Valid Loss: 2.51, Recon Valid Loss: 0.31, Learning Rate: 0.0001
Epoch: 39, Alpha: 0.68, Total Train Loss: 1.67, Contrastive Train Loss: 2.35, Recon Train Loss: 0.25, Total Valid Loss: 1.80, Contrastive Valid Loss: 2.51, Recon Valid Loss: 0.30, Learning Rate: 0.0001
Epoch: 40, Alpha: 0.67, Total Train Loss: 1.66, Contrastive Train Loss: 2.35, Recon Train Loss: 0.25, Total Valid Loss: 1.78, Contrastive Valid Loss: 2.51, Recon Valid Loss: 0.30, Learning Rate: 0.0001
Epoch: 41, Alpha: 0.66, Total Train Loss: 1.64, Contrastive Train Loss: 2.35, Recon Train Loss: 0.24, Total Valid Loss: 1.76, Contrastive Valid Loss: 2.51, Recon Valid Loss: 0.30, Learning Rate: 0.0001
Epoch: 42, Alpha: 0.66, Total Train Loss: 1.63, Contrastive Train Loss: 2.35, Recon Train Loss: 0.24, Total Valid Loss: 1.75, Contrastive Valid Loss: 2.51, Recon Valid Loss: 0.30, Learning Rate: 0.0001
Epoch: 43, Alpha: 0.65, Total Train Loss: 1.62, Contrastive Train Loss: 2.35, Recon Train Loss: 0.24, Total Valid Loss: 1.73, Contrastive Valid Loss: 2.51, Recon Valid Loss: 0.30, Learning Rate: 0.0001
Epoch: 44, Alpha: 0.64, Total Train Loss: 1.60, Contrastive Train Loss: 2.35, Recon Train Loss: 0.24, Total Valid Loss: 1.72, Contrastive Valid Loss: 2.50, Recon Valid Loss: 0.29, Learning Rate: 0.0001
Epoch: 45, Alpha: 0.64, Total Train Loss: 1.59, Contrastive Train Loss: 2.35, Recon Train Loss: 0.23, Total Valid Loss: 1.70, Contrastive Valid Loss: 2.51, Recon Valid Loss: 0.29, Learning Rate: 0.0001
Epoch: 46, Alpha: 0.63, Total Train Loss: 1.57, Contrastive Train Loss: 2.35, Recon Train Loss: 0.23, Total Valid Loss: 1.69, Contrastive Valid Loss: 2.51, Recon Valid Loss: 0.29, Learning Rate: 0.0001
Epoch: 47, Alpha: 0.63, Total Train Loss: 1.56, Contrastive Train Loss: 2.35, Recon Train Loss: 0.23, Total Valid Loss: 1.67, Contrastive Valid Loss: 2.50, Recon Valid Loss: 0.28, Learning Rate: 0.0001
Epoch: 48, Alpha: 0.62, Total Train Loss: 1.54, Contrastive Train Loss: 2.35, Recon Train Loss: 0.23, Total Valid Loss: 1.66, Contrastive Valid Loss: 2.50, Recon Valid Loss: 0.28, Learning Rate: 0.0001
Epoch: 49, Alpha: 0.61, Total Train Loss: 1.53, Contrastive Train Loss: 2.35, Recon Train Loss: 0.22, Total Valid Loss: 1.64, Contrastive Valid Loss: 2.50, Recon Valid Loss: 0.28, Learning Rate: 0.0001
Epoch: 50, Alpha: 0.61, Total Train Loss: 1.51, Contrastive Train Loss: 2.35, Recon Train Loss: 0.22, Total Valid Loss: 1.63, Contrastive Valid Loss: 2.50, Recon Valid Loss: 0.28, Learning Rate: 0.0001
Epoch: 51, Alpha: 0.60, Total Train Loss: 1.50, Contrastive Train Loss: 2.35, Recon Train Loss: 0.22, Total Valid Loss: 1.61, Contrastive Valid Loss: 2.50, Recon Valid Loss: 0.27, Learning Rate: 0.0001
Epoch: 52, Alpha: 0.59, Total Train Loss: 1.49, Contrastive Train Loss: 2.35, Recon Train Loss: 0.22, Total Valid Loss: 1.60, Contrastive Valid Loss: 2.50, Recon Valid Loss: 0.27, Learning Rate: 0.0001
Epoch: 53, Alpha: 0.59, Total Train Loss: 1.47, Contrastive Train Loss: 2.35, Recon Train Loss: 0.22, Total Valid Loss: 1.58, Contrastive Valid Loss: 2.50, Recon Valid Loss: 0.27, Learning Rate: 0.0001
Epoch: 54, Alpha: 0.58, Total Train Loss: 1.46, Contrastive Train Loss: 2.35, Recon Train Loss: 0.21, Total Valid Loss: 1.57, Contrastive Valid Loss: 2.50, Recon Valid Loss: 0.27, Learning Rate: 0.0001
Epoch: 55, Alpha: 0.58, Total Train Loss: 1.45, Contrastive Train Loss: 2.35, Recon Train Loss: 0.21, Total Valid Loss: 1.56, Contrastive Valid Loss: 2.50, Recon Valid Loss: 0.27, Learning Rate: 0.0001
Epoch: 56, Alpha: 0.57, Total Train Loss: 1.43, Contrastive Train Loss: 2.35, Recon Train Loss: 0.21, Total Valid Loss: 1.54, Contrastive Valid Loss: 2.50, Recon Valid Loss: 0.26, Learning Rate: 0.0001
Epoch: 57, Alpha: 0.57, Total Train Loss: 1.42, Contrastive Train Loss: 2.35, Recon Train Loss: 0.21, Total Valid Loss: 1.53, Contrastive Valid Loss: 2.50, Recon Valid Loss: 0.26, Learning Rate: 0.0001
Epoch: 58, Alpha: 0.56, Total Train Loss: 1.41, Contrastive Train Loss: 2.35, Recon Train Loss: 0.21, Total Valid Loss: 1.52, Contrastive Valid Loss: 2.50, Recon Valid Loss: 0.26, Learning Rate: 0.0001
Epoch: 59, Alpha: 0.55, Total Train Loss: 1.39, Contrastive Train Loss: 2.35, Recon Train Loss: 0.20, Total Valid Loss: 1.50, Contrastive Valid Loss: 2.50, Recon Valid Loss: 0.26, Learning Rate: 0.0001
Epoch: 60, Alpha: 0.55, Total Train Loss: 1.38, Contrastive Train Loss: 2.35, Recon Train Loss: 0.20, Total Valid Loss: 1.49, Contrastive Valid Loss: 2.50, Recon Valid Loss: 0.26, Learning Rate: 0.0001
Epoch: 61, Alpha: 0.54, Total Train Loss: 1.37, Contrastive Train Loss: 2.35, Recon Train Loss: 0.20, Total Valid Loss: 1.48, Contrastive Valid Loss: 2.50, Recon Valid Loss: 0.25, Learning Rate: 0.0001
Epoch: 62, Alpha: 0.54, Total Train Loss: 1.36, Contrastive Train Loss: 2.35, Recon Train Loss: 0.20, Total Valid Loss: 1.46, Contrastive Valid Loss: 2.50, Recon Valid Loss: 0.25, Learning Rate: 0.0001
Epoch: 63, Alpha: 0.53, Total Train Loss: 1.34, Contrastive Train Loss: 2.35, Recon Train Loss: 0.20, Total Valid Loss: 1.45, Contrastive Valid Loss: 2.50, Recon Valid Loss: 0.25, Learning Rate: 0.0001
Epoch: 64, Alpha: 0.53, Total Train Loss: 1.33, Contrastive Train Loss: 2.35, Recon Train Loss: 0.20, Total Valid Loss: 1.44, Contrastive Valid Loss: 2.50, Recon Valid Loss: 0.25, Learning Rate: 0.0001
Epoch: 65, Alpha: 0.52, Total Train Loss: 1.32, Contrastive Train Loss: 2.35, Recon Train Loss: 0.19, Total Valid Loss: 1.42, Contrastive Valid Loss: 2.50, Recon Valid Loss: 0.24, Learning Rate: 0.0001
Epoch: 66, Alpha: 0.52, Total Train Loss: 1.31, Contrastive Train Loss: 2.35, Recon Train Loss: 0.19, Total Valid Loss: 1.41, Contrastive Valid Loss: 2.50, Recon Valid Loss: 0.24, Learning Rate: 0.0001
Epoch: 67, Alpha: 0.51, Total Train Loss: 1.29, Contrastive Train Loss: 2.35, Recon Train Loss: 0.19, Total Valid Loss: 1.40, Contrastive Valid Loss: 2.50, Recon Valid Loss: 0.24, Learning Rate: 0.0001
Epoch: 68, Alpha: 0.51, Total Train Loss: 1.28, Contrastive Train Loss: 2.35, Recon Train Loss: 0.19, Total Valid Loss: 1.38, Contrastive Valid Loss: 2.50, Recon Valid Loss: 0.24, Learning Rate: 0.0001
Epoch: 69, Alpha: 0.50, Total Train Loss: 1.27, Contrastive Train Loss: 2.35, Recon Train Loss: 0.19, Total Valid Loss: 1.37, Contrastive Valid Loss: 2.50, Recon Valid Loss: 0.23, Learning Rate: 0.0001
Epoch: 70, Alpha: 0.50, Total Train Loss: 1.26, Contrastive Train Loss: 2.35, Recon Train Loss: 0.18, Total Valid Loss: 1.36, Contrastive Valid Loss: 2.50, Recon Valid Loss: 0.23, Learning Rate: 0.0001
Epoch: 71, Alpha: 0.49, Total Train Loss: 1.25, Contrastive Train Loss: 2.35, Recon Train Loss: 0.18, Total Valid Loss: 1.35, Contrastive Valid Loss: 2.50, Recon Valid Loss: 0.23, Learning Rate: 0.0001
Epoch: 72, Alpha: 0.49, Total Train Loss: 1.24, Contrastive Train Loss: 2.35, Recon Train Loss: 0.18, Total Valid Loss: 1.33, Contrastive Valid Loss: 2.50, Recon Valid Loss: 0.23, Learning Rate: 0.0001
Epoch: 73, Alpha: 0.48, Total Train Loss: 1.22, Contrastive Train Loss: 2.35, Recon Train Loss: 0.18, Total Valid Loss: 1.32, Contrastive Valid Loss: 2.50, Recon Valid Loss: 0.23, Learning Rate: 0.0001
Epoch: 74, Alpha: 0.48, Total Train Loss: 1.21, Contrastive Train Loss: 2.35, Recon Train Loss: 0.18, Total Valid Loss: 1.31, Contrastive Valid Loss: 2.50, Recon Valid Loss: 0.22, Learning Rate: 0.0001
Epoch: 75, Alpha: 0.47, Total Train Loss: 1.20, Contrastive Train Loss: 2.35, Recon Train Loss: 0.18, Total Valid Loss: 1.30, Contrastive Valid Loss: 2.50, Recon Valid Loss: 0.22, Learning Rate: 0.0001
Epoch: 76, Alpha: 0.47, Total Train Loss: 1.19, Contrastive Train Loss: 2.35, Recon Train Loss: 0.17, Total Valid Loss: 1.29, Contrastive Valid Loss: 2.50, Recon Valid Loss: 0.22, Learning Rate: 0.0001
Epoch: 77, Alpha: 0.46, Total Train Loss: 1.18, Contrastive Train Loss: 2.35, Recon Train Loss: 0.17, Total Valid Loss: 1.27, Contrastive Valid Loss: 2.50, Recon Valid Loss: 0.22, Learning Rate: 0.0001
Epoch: 78, Alpha: 0.46, Total Train Loss: 1.17, Contrastive Train Loss: 2.35, Recon Train Loss: 0.17, Total Valid Loss: 1.26, Contrastive Valid Loss: 2.50, Recon Valid Loss: 0.22, Learning Rate: 0.0001
Epoch: 79, Alpha: 0.45, Total Train Loss: 1.16, Contrastive Train Loss: 2.35, Recon Train Loss: 0.17, Total Valid Loss: 1.25, Contrastive Valid Loss: 2.50, Recon Valid Loss: 0.21, Learning Rate: 0.0001
Epoch: 80, Alpha: 0.45, Total Train Loss: 1.15, Contrastive Train Loss: 2.35, Recon Train Loss: 0.17, Total Valid Loss: 1.24, Contrastive Valid Loss: 2.50, Recon Valid Loss: 0.21, Learning Rate: 0.0001
Epoch: 81, Alpha: 0.44, Total Train Loss: 1.13, Contrastive Train Loss: 2.35, Recon Train Loss: 0.16, Total Valid Loss: 1.23, Contrastive Valid Loss: 2.50, Recon Valid Loss: 0.20, Learning Rate: 0.0001
Epoch: 82, Alpha: 0.44, Total Train Loss: 1.12, Contrastive Train Loss: 2.35, Recon Train Loss: 0.16, Total Valid Loss: 1.22, Contrastive Valid Loss: 2.50, Recon Valid Loss: 0.20, Learning Rate: 0.0001
Epoch: 83, Alpha: 0.44, Total Train Loss: 1.11, Contrastive Train Loss: 2.35, Recon Train Loss: 0.16, Total Valid Loss: 1.20, Contrastive Valid Loss: 2.50, Recon Valid Loss: 0.20, Learning Rate: 0.0001
Epoch: 84, Alpha: 0.43, Total Train Loss: 1.10, Contrastive Train Loss: 2.35, Recon Train Loss: 0.16, Total Valid Loss: 1.19, Contrastive Valid Loss: 2.50, Recon Valid Loss: 0.20, Learning Rate: 0.0001
Epoch: 85, Alpha: 0.43, Total Train Loss: 1.09, Contrastive Train Loss: 2.35, Recon Train Loss: 0.16, Total Valid Loss: 1.18, Contrastive Valid Loss: 2.49, Recon Valid Loss: 0.20, Learning Rate: 0.0001
Epoch: 86, Alpha: 0.42, Total Train Loss: 1.08, Contrastive Train Loss: 2.35, Recon Train Loss: 0.15, Total Valid Loss: 1.17, Contrastive Valid Loss: 2.49, Recon Valid Loss: 0.20, Learning Rate: 0.0001
Epoch: 87, Alpha: 0.42, Total Train Loss: 1.07, Contrastive Train Loss: 2.35, Recon Train Loss: 0.15, Total Valid Loss: 1.16, Contrastive Valid Loss: 2.50, Recon Valid Loss: 0.19, Learning Rate: 0.0001
Epoch: 88, Alpha: 0.41, Total Train Loss: 1.06, Contrastive Train Loss: 2.35, Recon Train Loss: 0.15, Total Valid Loss: 1.15, Contrastive Valid Loss: 2.49, Recon Valid Loss: 0.19, Learning Rate: 0.0001
Epoch: 89, Alpha: 0.41, Total Train Loss: 1.05, Contrastive Train Loss: 2.35, Recon Train Loss: 0.15, Total Valid Loss: 1.14, Contrastive Valid Loss: 2.50, Recon Valid Loss: 0.19, Learning Rate: 0.0001
Epoch: 90, Alpha: 0.41, Total Train Loss: 1.04, Contrastive Train Loss: 2.35, Recon Train Loss: 0.15, Total Valid Loss: 1.13, Contrastive Valid Loss: 2.50, Recon Valid Loss: 0.19, Learning Rate: 0.0001
Epoch: 91, Alpha: 0.40, Total Train Loss: 1.03, Contrastive Train Loss: 2.35, Recon Train Loss: 0.15, Total Valid Loss: 1.11, Contrastive Valid Loss: 2.49, Recon Valid Loss: 0.19, Learning Rate: 0.0001
Epoch: 92, Alpha: 0.40, Total Train Loss: 1.02, Contrastive Train Loss: 2.35, Recon Train Loss: 0.14, Total Valid Loss: 1.10, Contrastive Valid Loss: 2.49, Recon Valid Loss: 0.18, Learning Rate: 0.0001
Epoch: 93, Alpha: 0.39, Total Train Loss: 1.01, Contrastive Train Loss: 2.35, Recon Train Loss: 0.14, Total Valid Loss: 1.09, Contrastive Valid Loss: 2.49, Recon Valid Loss: 0.18, Learning Rate: 0.0001
Epoch: 94, Alpha: 0.39, Total Train Loss: 1.00, Contrastive Train Loss: 2.35, Recon Train Loss: 0.14, Total Valid Loss: 1.08, Contrastive Valid Loss: 2.49, Recon Valid Loss: 0.18, Learning Rate: 0.0001
Epoch: 95, Alpha: 0.39, Total Train Loss: 0.99, Contrastive Train Loss: 2.35, Recon Train Loss: 0.14, Total Valid Loss: 1.07, Contrastive Valid Loss: 2.49, Recon Valid Loss: 0.18, Learning Rate: 0.0001
Epoch: 96, Alpha: 0.38, Total Train Loss: 0.98, Contrastive Train Loss: 2.35, Recon Train Loss: 0.14, Total Valid Loss: 1.06, Contrastive Valid Loss: 2.49, Recon Valid Loss: 0.18, Learning Rate: 0.0001
Epoch: 97, Alpha: 0.38, Total Train Loss: 0.97, Contrastive Train Loss: 2.35, Recon Train Loss: 0.14, Total Valid Loss: 1.05, Contrastive Valid Loss: 2.50, Recon Valid Loss: 0.17, Learning Rate: 0.0001
Epoch: 98, Alpha: 0.38, Total Train Loss: 0.96, Contrastive Train Loss: 2.35, Recon Train Loss: 0.14, Total Valid Loss: 1.04, Contrastive Valid Loss: 2.49, Recon Valid Loss: 0.17, Learning Rate: 0.0001
Epoch: 99, Alpha: 0.37, Total Train Loss: 0.96, Contrastive Train Loss: 2.35, Recon Train Loss: 0.13, Total Valid Loss: 1.04, Contrastive Valid Loss: 2.49, Recon Valid Loss: 0.17, Learning Rate: 0.0001
Epoch: 100, Alpha: 0.37, Total Train Loss: 0.95, Contrastive Train Loss: 2.35, Recon Train Loss: 0.13, Total Valid Loss: 1.03, Contrastive Valid Loss: 2.49, Recon Valid Loss: 0.17, Learning Rate: 0.0001
Epoch: 101, Alpha: 0.36, Total Train Loss: 0.94, Contrastive Train Loss: 2.34, Recon Train Loss: 0.13, Total Valid Loss: 1.02, Contrastive Valid Loss: 2.49, Recon Valid Loss: 0.17, Learning Rate: 0.0001
Epoch: 102, Alpha: 0.36, Total Train Loss: 0.93, Contrastive Train Loss: 2.34, Recon Train Loss: 0.13, Total Valid Loss: 1.01, Contrastive Valid Loss: 2.49, Recon Valid Loss: 0.17, Learning Rate: 0.0001
Epoch: 103, Alpha: 0.36, Total Train Loss: 0.92, Contrastive Train Loss: 2.34, Recon Train Loss: 0.13, Total Valid Loss: 1.00, Contrastive Valid Loss: 2.49, Recon Valid Loss: 0.17, Learning Rate: 0.0001
Epoch: 104, Alpha: 0.35, Total Train Loss: 0.91, Contrastive Train Loss: 2.34, Recon Train Loss: 0.13, Total Valid Loss: 0.99, Contrastive Valid Loss: 2.49, Recon Valid Loss: 0.17, Learning Rate: 0.0001
Epoch: 105, Alpha: 0.35, Total Train Loss: 0.90, Contrastive Train Loss: 2.34, Recon Train Loss: 0.13, Total Valid Loss: 0.98, Contrastive Valid Loss: 2.49, Recon Valid Loss: 0.17, Learning Rate: 0.0001
Epoch: 106, Alpha: 0.35, Total Train Loss: 0.90, Contrastive Train Loss: 2.34, Recon Train Loss: 0.13, Total Valid Loss: 0.97, Contrastive Valid Loss: 2.49, Recon Valid Loss: 0.16, Learning Rate: 0.0001
Epoch: 107, Alpha: 0.34, Total Train Loss: 0.89, Contrastive Train Loss: 2.34, Recon Train Loss: 0.13, Total Valid Loss: 0.96, Contrastive Valid Loss: 2.49, Recon Valid Loss: 0.16, Learning Rate: 0.0001
Epoch: 108, Alpha: 0.34, Total Train Loss: 0.88, Contrastive Train Loss: 2.34, Recon Train Loss: 0.12, Total Valid Loss: 0.95, Contrastive Valid Loss: 2.49, Recon Valid Loss: 0.16, Learning Rate: 0.0001
Epoch: 109, Alpha: 0.34, Total Train Loss: 0.87, Contrastive Train Loss: 2.34, Recon Train Loss: 0.12, Total Valid Loss: 0.94, Contrastive Valid Loss: 2.49, Recon Valid Loss: 0.16, Learning Rate: 0.0001
Epoch: 110, Alpha: 0.33, Total Train Loss: 0.86, Contrastive Train Loss: 2.34, Recon Train Loss: 0.12, Total Valid Loss: 0.93, Contrastive Valid Loss: 2.49, Recon Valid Loss: 0.16, Learning Rate: 0.0001
Epoch: 111, Alpha: 0.33, Total Train Loss: 0.85, Contrastive Train Loss: 2.34, Recon Train Loss: 0.12, Total Valid Loss: 0.93, Contrastive Valid Loss: 2.49, Recon Valid Loss: 0.16, Learning Rate: 0.0001
Epoch: 112, Alpha: 0.33, Total Train Loss: 0.85, Contrastive Train Loss: 2.34, Recon Train Loss: 0.12, Total Valid Loss: 0.92, Contrastive Valid Loss: 2.49, Recon Valid Loss: 0.15, Learning Rate: 0.0001
Epoch: 113, Alpha: 0.32, Total Train Loss: 0.84, Contrastive Train Loss: 2.34, Recon Train Loss: 0.12, Total Valid Loss: 0.91, Contrastive Valid Loss: 2.49, Recon Valid Loss: 0.16, Learning Rate: 0.0001
Epoch: 114, Alpha: 0.32, Total Train Loss: 0.83, Contrastive Train Loss: 2.34, Recon Train Loss: 0.12, Total Valid Loss: 0.90, Contrastive Valid Loss: 2.48, Recon Valid Loss: 0.16, Learning Rate: 0.0001
Epoch: 115, Alpha: 0.32, Total Train Loss: 0.82, Contrastive Train Loss: 2.34, Recon Train Loss: 0.12, Total Valid Loss: 0.89, Contrastive Valid Loss: 2.49, Recon Valid Loss: 0.15, Learning Rate: 0.0001
Epoch: 116, Alpha: 0.31, Total Train Loss: 0.82, Contrastive Train Loss: 2.34, Recon Train Loss: 0.12, Total Valid Loss: 0.89, Contrastive Valid Loss: 2.50, Recon Valid Loss: 0.15, Learning Rate: 0.0001
Epoch: 117, Alpha: 0.31, Total Train Loss: 0.81, Contrastive Train Loss: 2.34, Recon Train Loss: 0.12, Total Valid Loss: 0.88, Contrastive Valid Loss: 2.48, Recon Valid Loss: 0.15, Learning Rate: 0.0001
Epoch: 118, Alpha: 0.31, Total Train Loss: 0.80, Contrastive Train Loss: 2.34, Recon Train Loss: 0.12, Total Valid Loss: 0.87, Contrastive Valid Loss: 2.48, Recon Valid Loss: 0.16, Learning Rate: 0.0001
Epoch: 119, Alpha: 0.30, Total Train Loss: 0.79, Contrastive Train Loss: 2.34, Recon Train Loss: 0.12, Total Valid Loss: 0.86, Contrastive Valid Loss: 2.49, Recon Valid Loss: 0.15, Learning Rate: 0.0001
Epoch: 120, Alpha: 0.30, Total Train Loss: 0.79, Contrastive Train Loss: 2.34, Recon Train Loss: 0.12, Total Valid Loss: 0.85, Contrastive Valid Loss: 2.48, Recon Valid Loss: 0.15, Learning Rate: 0.0001
Epoch: 121, Alpha: 0.30, Total Train Loss: 0.78, Contrastive Train Loss: 2.34, Recon Train Loss: 0.11, Total Valid Loss: 0.85, Contrastive Valid Loss: 2.49, Recon Valid Loss: 0.15, Learning Rate: 0.0001
Epoch: 122, Alpha: 0.30, Total Train Loss: 0.77, Contrastive Train Loss: 2.34, Recon Train Loss: 0.11, Total Valid Loss: 0.84, Contrastive Valid Loss: 2.48, Recon Valid Loss: 0.16, Learning Rate: 0.0001
Epoch: 123, Alpha: 0.29, Total Train Loss: 0.77, Contrastive Train Loss: 2.34, Recon Train Loss: 0.11, Total Valid Loss: 0.83, Contrastive Valid Loss: 2.48, Recon Valid Loss: 0.15, Learning Rate: 0.0001
Epoch: 124, Alpha: 0.29, Total Train Loss: 0.76, Contrastive Train Loss: 2.34, Recon Train Loss: 0.11, Total Valid Loss: 0.82, Contrastive Valid Loss: 2.49, Recon Valid Loss: 0.14, Learning Rate: 0.0001
Epoch: 125, Alpha: 0.29, Total Train Loss: 0.75, Contrastive Train Loss: 2.34, Recon Train Loss: 0.11, Total Valid Loss: 0.82, Contrastive Valid Loss: 2.48, Recon Valid Loss: 0.15, Learning Rate: 0.0001
Epoch: 126, Alpha: 0.28, Total Train Loss: 0.74, Contrastive Train Loss: 2.34, Recon Train Loss: 0.11, Total Valid Loss: 0.81, Contrastive Valid Loss: 2.49, Recon Valid Loss: 0.14, Learning Rate: 0.0001
Epoch: 127, Alpha: 0.28, Total Train Loss: 0.74, Contrastive Train Loss: 2.34, Recon Train Loss: 0.11, Total Valid Loss: 0.80, Contrastive Valid Loss: 2.48, Recon Valid Loss: 0.15, Learning Rate: 0.0001
Epoch: 128, Alpha: 0.28, Total Train Loss: 0.73, Contrastive Train Loss: 2.34, Recon Train Loss: 0.11, Total Valid Loss: 0.79, Contrastive Valid Loss: 2.48, Recon Valid Loss: 0.14, Learning Rate: 0.0001
Epoch: 129, Alpha: 0.28, Total Train Loss: 0.72, Contrastive Train Loss: 2.34, Recon Train Loss: 0.11, Total Valid Loss: 0.79, Contrastive Valid Loss: 2.49, Recon Valid Loss: 0.14, Learning Rate: 0.0001
Epoch: 130, Alpha: 0.27, Total Train Loss: 0.72, Contrastive Train Loss: 2.34, Recon Train Loss: 0.11, Total Valid Loss: 0.78, Contrastive Valid Loss: 2.48, Recon Valid Loss: 0.15, Learning Rate: 0.0001
Epoch: 131, Alpha: 0.27, Total Train Loss: 0.71, Contrastive Train Loss: 2.34, Recon Train Loss: 0.11, Total Valid Loss: 0.78, Contrastive Valid Loss: 2.48, Recon Valid Loss: 0.15, Learning Rate: 0.0001
Epoch: 132, Alpha: 0.27, Total Train Loss: 0.70, Contrastive Train Loss: 2.34, Recon Train Loss: 0.11, Total Valid Loss: 0.77, Contrastive Valid Loss: 2.48, Recon Valid Loss: 0.14, Learning Rate: 0.0001
Epoch: 133, Alpha: 0.26, Total Train Loss: 0.70, Contrastive Train Loss: 2.34, Recon Train Loss: 0.11, Total Valid Loss: 0.76, Contrastive Valid Loss: 2.48, Recon Valid Loss: 0.15, Learning Rate: 0.0001
Epoch: 134, Alpha: 0.26, Total Train Loss: 0.69, Contrastive Train Loss: 2.34, Recon Train Loss: 0.11, Total Valid Loss: 0.76, Contrastive Valid Loss: 2.50, Recon Valid Loss: 0.14, Learning Rate: 0.0001
Epoch: 135, Alpha: 0.26, Total Train Loss: 0.69, Contrastive Train Loss: 2.34, Recon Train Loss: 0.11, Total Valid Loss: 0.76, Contrastive Valid Loss: 2.48, Recon Valid Loss: 0.15, Learning Rate: 0.0001
Epoch: 136, Alpha: 0.26, Total Train Loss: 0.68, Contrastive Train Loss: 2.34, Recon Train Loss: 0.11, Total Valid Loss: 0.74, Contrastive Valid Loss: 2.48, Recon Valid Loss: 0.14, Learning Rate: 0.0001
Epoch: 137, Alpha: 0.25, Total Train Loss: 0.67, Contrastive Train Loss: 2.34, Recon Train Loss: 0.11, Total Valid Loss: 0.74, Contrastive Valid Loss: 2.48, Recon Valid Loss: 0.15, Learning Rate: 0.0001
Epoch: 138, Alpha: 0.25, Total Train Loss: 0.67, Contrastive Train Loss: 2.34, Recon Train Loss: 0.11, Total Valid Loss: 0.73, Contrastive Valid Loss: 2.48, Recon Valid Loss: 0.14, Learning Rate: 0.0001
Epoch: 139, Alpha: 0.25, Total Train Loss: 0.66, Contrastive Train Loss: 2.34, Recon Train Loss: 0.11, Total Valid Loss: 0.72, Contrastive Valid Loss: 2.48, Recon Valid Loss: 0.14, Learning Rate: 0.0001
Epoch: 140, Alpha: 0.25, Total Train Loss: 0.66, Contrastive Train Loss: 2.34, Recon Train Loss: 0.10, Total Valid Loss: 0.72, Contrastive Valid Loss: 2.48, Recon Valid Loss: 0.14, Learning Rate: 0.0001
Epoch: 141, Alpha: 0.24, Total Train Loss: 0.65, Contrastive Train Loss: 2.34, Recon Train Loss: 0.10, Total Valid Loss: 0.71, Contrastive Valid Loss: 2.48, Recon Valid Loss: 0.13, Learning Rate: 0.0001
Epoch: 142, Alpha: 0.24, Total Train Loss: 0.64, Contrastive Train Loss: 2.34, Recon Train Loss: 0.10, Total Valid Loss: 0.71, Contrastive Valid Loss: 2.48, Recon Valid Loss: 0.14, Learning Rate: 0.0001
Epoch: 143, Alpha: 0.24, Total Train Loss: 0.64, Contrastive Train Loss: 2.34, Recon Train Loss: 0.10, Total Valid Loss: 0.70, Contrastive Valid Loss: 2.48, Recon Valid Loss: 0.14, Learning Rate: 0.0001
Epoch: 144, Alpha: 0.24, Total Train Loss: 0.63, Contrastive Train Loss: 2.34, Recon Train Loss: 0.10, Total Valid Loss: 0.69, Contrastive Valid Loss: 2.48, Recon Valid Loss: 0.14, Learning Rate: 0.0001
Epoch: 145, Alpha: 0.23, Total Train Loss: 0.63, Contrastive Train Loss: 2.34, Recon Train Loss: 0.10, Total Valid Loss: 0.68, Contrastive Valid Loss: 2.48, Recon Valid Loss: 0.13, Learning Rate: 0.0001
Epoch: 146, Alpha: 0.23, Total Train Loss: 0.62, Contrastive Train Loss: 2.34, Recon Train Loss: 0.10, Total Valid Loss: 0.68, Contrastive Valid Loss: 2.48, Recon Valid Loss: 0.13, Learning Rate: 0.0001
Epoch: 147, Alpha: 0.23, Total Train Loss: 0.62, Contrastive Train Loss: 2.34, Recon Train Loss: 0.10, Total Valid Loss: 0.67, Contrastive Valid Loss: 2.48, Recon Valid Loss: 0.13, Learning Rate: 0.0001
Epoch: 148, Alpha: 0.23, Total Train Loss: 0.61, Contrastive Train Loss: 2.34, Recon Train Loss: 0.10, Total Valid Loss: 0.67, Contrastive Valid Loss: 2.48, Recon Valid Loss: 0.14, Learning Rate: 0.0001
Epoch: 149, Alpha: 0.23, Total Train Loss: 0.61, Contrastive Train Loss: 2.34, Recon Train Loss: 0.10, Total Valid Loss: 0.66, Contrastive Valid Loss: 2.48, Recon Valid Loss: 0.13, Learning Rate: 0.0001
Epoch: 150, Alpha: 0.22, Total Train Loss: 0.60, Contrastive Train Loss: 2.34, Recon Train Loss: 0.10, Total Valid Loss: 0.65, Contrastive Valid Loss: 2.48, Recon Valid Loss: 0.13, Learning Rate: 0.0001
Epoch: 151, Alpha: 0.22, Total Train Loss: 0.59, Contrastive Train Loss: 2.34, Recon Train Loss: 0.10, Total Valid Loss: 0.65, Contrastive Valid Loss: 2.48, Recon Valid Loss: 0.13, Learning Rate: 0.0001
Epoch: 152, Alpha: 0.22, Total Train Loss: 0.59, Contrastive Train Loss: 2.34, Recon Train Loss: 0.10, Total Valid Loss: 0.65, Contrastive Valid Loss: 2.47, Recon Valid Loss: 0.15, Learning Rate: 0.0001
Epoch: 153, Alpha: 0.22, Total Train Loss: 0.58, Contrastive Train Loss: 2.34, Recon Train Loss: 0.10, Total Valid Loss: 0.64, Contrastive Valid Loss: 2.48, Recon Valid Loss: 0.13, Learning Rate: 0.0001
Epoch: 154, Alpha: 0.21, Total Train Loss: 0.58, Contrastive Train Loss: 2.34, Recon Train Loss: 0.10, Total Valid Loss: 0.63, Contrastive Valid Loss: 2.48, Recon Valid Loss: 0.13, Learning Rate: 0.0001
Epoch: 155, Alpha: 0.21, Total Train Loss: 0.57, Contrastive Train Loss: 2.34, Recon Train Loss: 0.10, Total Valid Loss: 0.63, Contrastive Valid Loss: 2.48, Recon Valid Loss: 0.13, Learning Rate: 0.0001
Epoch: 156, Alpha: 0.21, Total Train Loss: 0.57, Contrastive Train Loss: 2.34, Recon Train Loss: 0.10, Total Valid Loss: 0.62, Contrastive Valid Loss: 2.48, Recon Valid Loss: 0.13, Learning Rate: 0.0001
Epoch: 157, Alpha: 0.21, Total Train Loss: 0.56, Contrastive Train Loss: 2.34, Recon Train Loss: 0.10, Total Valid Loss: 0.63, Contrastive Valid Loss: 2.47, Recon Valid Loss: 0.14, Learning Rate: 0.0001
Epoch: 158, Alpha: 0.21, Total Train Loss: 0.56, Contrastive Train Loss: 2.34, Recon Train Loss: 0.10, Total Valid Loss: 0.62, Contrastive Valid Loss: 2.47, Recon Valid Loss: 0.14, Learning Rate: 0.0001
Epoch: 159, Alpha: 0.20, Total Train Loss: 0.55, Contrastive Train Loss: 2.34, Recon Train Loss: 0.10, Total Valid Loss: 0.61, Contrastive Valid Loss: 2.48, Recon Valid Loss: 0.13, Learning Rate: 0.0001
Epoch: 160, Alpha: 0.20, Total Train Loss: 0.55, Contrastive Train Loss: 2.34, Recon Train Loss: 0.10, Total Valid Loss: 0.60, Contrastive Valid Loss: 2.48, Recon Valid Loss: 0.12, Learning Rate: 0.0001
Epoch: 161, Alpha: 0.20, Total Train Loss: 0.54, Contrastive Train Loss: 2.34, Recon Train Loss: 0.10, Total Valid Loss: 0.59, Contrastive Valid Loss: 2.47, Recon Valid Loss: 0.13, Learning Rate: 0.0001
Epoch: 162, Alpha: 0.20, Total Train Loss: 0.54, Contrastive Train Loss: 2.34, Recon Train Loss: 0.10, Total Valid Loss: 0.59, Contrastive Valid Loss: 2.48, Recon Valid Loss: 0.12, Learning Rate: 0.0001
Epoch: 163, Alpha: 0.20, Total Train Loss: 0.54, Contrastive Train Loss: 2.34, Recon Train Loss: 0.10, Total Valid Loss: 0.59, Contrastive Valid Loss: 2.48, Recon Valid Loss: 0.12, Learning Rate: 0.0001
Epoch: 164, Alpha: 0.19, Total Train Loss: 0.53, Contrastive Train Loss: 2.34, Recon Train Loss: 0.10, Total Valid Loss: 0.58, Contrastive Valid Loss: 2.48, Recon Valid Loss: 0.12, Learning Rate: 0.0001
Epoch: 165, Alpha: 0.19, Total Train Loss: 0.53, Contrastive Train Loss: 2.34, Recon Train Loss: 0.09, Total Valid Loss: 0.58, Contrastive Valid Loss: 2.48, Recon Valid Loss: 0.12, Learning Rate: 0.0001
Epoch: 166, Alpha: 0.19, Total Train Loss: 0.52, Contrastive Train Loss: 2.34, Recon Train Loss: 0.09, Total Valid Loss: 0.57, Contrastive Valid Loss: 2.48, Recon Valid Loss: 0.12, Learning Rate: 0.0001
Epoch: 167, Alpha: 0.19, Total Train Loss: 0.52, Contrastive Train Loss: 2.34, Recon Train Loss: 0.09, Total Valid Loss: 0.56, Contrastive Valid Loss: 2.48, Recon Valid Loss: 0.12, Learning Rate: 0.0001
Epoch: 168, Alpha: 0.19, Total Train Loss: 0.51, Contrastive Train Loss: 2.34, Recon Train Loss: 0.09, Total Valid Loss: 0.56, Contrastive Valid Loss: 2.48, Recon Valid Loss: 0.12, Learning Rate: 0.0001
Epoch: 169, Alpha: 0.18, Total Train Loss: 0.51, Contrastive Train Loss: 2.34, Recon Train Loss: 0.09, Total Valid Loss: 0.56, Contrastive Valid Loss: 2.48, Recon Valid Loss: 0.13, Learning Rate: 0.0001
Epoch: 170, Alpha: 0.18, Total Train Loss: 0.50, Contrastive Train Loss: 2.34, Recon Train Loss: 0.09, Total Valid Loss: 0.55, Contrastive Valid Loss: 2.48, Recon Valid Loss: 0.12, Learning Rate: 0.0001
Epoch: 171, Alpha: 0.18, Total Train Loss: 0.50, Contrastive Train Loss: 2.34, Recon Train Loss: 0.09, Total Valid Loss: 0.55, Contrastive Valid Loss: 2.48, Recon Valid Loss: 0.12, Learning Rate: 0.0001
Epoch: 172, Alpha: 0.18, Total Train Loss: 0.49, Contrastive Train Loss: 2.34, Recon Train Loss: 0.09, Total Valid Loss: 0.55, Contrastive Valid Loss: 2.47, Recon Valid Loss: 0.12, Learning Rate: 0.0001
Epoch: 173, Alpha: 0.18, Total Train Loss: 0.49, Contrastive Train Loss: 2.34, Recon Train Loss: 0.09, Total Valid Loss: 0.54, Contrastive Valid Loss: 2.48, Recon Valid Loss: 0.12, Learning Rate: 0.0001
Epoch: 174, Alpha: 0.18, Total Train Loss: 0.49, Contrastive Train Loss: 2.34, Recon Train Loss: 0.09, Total Valid Loss: 0.53, Contrastive Valid Loss: 2.48, Recon Valid Loss: 0.12, Learning Rate: 0.0001
Epoch: 175, Alpha: 0.17, Total Train Loss: 0.48, Contrastive Train Loss: 2.34, Recon Train Loss: 0.09, Total Valid Loss: 0.53, Contrastive Valid Loss: 2.48, Recon Valid Loss: 0.12, Learning Rate: 0.0001
Epoch: 176, Alpha: 0.17, Total Train Loss: 0.48, Contrastive Train Loss: 2.34, Recon Train Loss: 0.09, Total Valid Loss: 0.52, Contrastive Valid Loss: 2.48, Recon Valid Loss: 0.12, Learning Rate: 0.0001
Epoch: 177, Alpha: 0.17, Total Train Loss: 0.47, Contrastive Train Loss: 2.34, Recon Train Loss: 0.09, Total Valid Loss: 0.52, Contrastive Valid Loss: 2.48, Recon Valid Loss: 0.12, Learning Rate: 0.0001
Epoch: 178, Alpha: 0.17, Total Train Loss: 0.47, Contrastive Train Loss: 2.34, Recon Train Loss: 0.09, Total Valid Loss: 0.53, Contrastive Valid Loss: 2.47, Recon Valid Loss: 0.13, Learning Rate: 0.0001
Epoch: 179, Alpha: 0.17, Total Train Loss: 0.47, Contrastive Train Loss: 2.34, Recon Train Loss: 0.09, Total Valid Loss: 0.51, Contrastive Valid Loss: 2.47, Recon Valid Loss: 0.12, Learning Rate: 0.0001
Starting Downstream Task
torch.Size([2806, 5, 64, 32])
torch.Size([935, 5, 64, 32])
torch.Size([937, 5, 64, 32])
Shape: (5, 144, 72)
Epoch: 0, Train Loss: 0.08701, Valid Loss: 0.05332
Epoch: 1, Train Loss: 0.04533, Valid Loss: 0.04454
Epoch: 2, Train Loss: 0.04012, Valid Loss: 0.04096
Epoch: 3, Train Loss: 0.03694, Valid Loss: 0.04123
Epoch: 4, Train Loss: 0.03496, Valid Loss: 0.03936
Epoch: 5, Train Loss: 0.03439, Valid Loss: 0.03984
Epoch: 6, Train Loss: 0.03308, Valid Loss: 0.03977
Epoch: 7, Train Loss: 0.03253, Valid Loss: 0.03884
Epoch: 8, Train Loss: 0.03139, Valid Loss: 0.03933
Epoch: 9, Train Loss: 0.03082, Valid Loss: 0.03874
Epoch: 10, Train Loss: 0.03073, Valid Loss: 0.04020
Epoch: 11, Train Loss: 0.03039, Valid Loss: 0.03874
Epoch: 12, Train Loss: 0.03044, Valid Loss: 0.03979
Epoch: 13, Train Loss: 0.02973, Valid Loss: 0.03781
Epoch: 14, Train Loss: 0.02921, Valid Loss: 0.03808
Epoch: 15, Train Loss: 0.02908, Valid Loss: 0.03860
Epoch: 16, Train Loss: 0.02913, Valid Loss: 0.03887
Epoch: 17, Train Loss: 0.02873, Valid Loss: 0.04001
Epoch: 18, Train Loss: 0.02889, Valid Loss: 0.03843
Epoch: 19, Train Loss: 0.02859, Valid Loss: 0.03969
Epoch: 20, Train Loss: 0.02846, Valid Loss: 0.03857
Epoch: 21, Train Loss: 0.02819, Valid Loss: 0.03832
Epoch: 22, Train Loss: 0.02832, Valid Loss: 0.03933
Epoch: 23, Train Loss: 0.02782, Valid Loss: 0.03948
Epoch: 24, Train Loss: 0.02788, Valid Loss: 0.03902
Epoch: 25, Train Loss: 0.02394, Valid Loss: 0.03589
Epoch: 26, Train Loss: 0.02250, Valid Loss: 0.03564
Epoch: 27, Train Loss: 0.02216, Valid Loss: 0.03548
Epoch: 28, Train Loss: 0.02193, Valid Loss: 0.03526
Epoch: 29, Train Loss: 0.02179, Valid Loss: 0.03569
Epoch: 30, Train Loss: 0.02159, Valid Loss: 0.03570
Epoch: 31, Train Loss: 0.02149, Valid Loss: 0.03568
Epoch: 32, Train Loss: 0.02135, Valid Loss: 0.03530
Epoch: 33, Train Loss: 0.02123, Valid Loss: 0.03544
Epoch: 34, Train Loss: 0.02124, Valid Loss: 0.03525
Epoch: 35, Train Loss: 0.02107, Valid Loss: 0.03574
Epoch: 36, Train Loss: 0.02106, Valid Loss: 0.03581
Epoch: 37, Train Loss: 0.02099, Valid Loss: 0.03543
Epoch: 38, Train Loss: 0.02091, Valid Loss: 0.03543
Epoch: 39, Train Loss: 0.02092, Valid Loss: 0.03552
Epoch: 40, Train Loss: 0.02075, Valid Loss: 0.03549
Epoch: 41, Train Loss: 0.02067, Valid Loss: 0.03545
Epoch: 42, Train Loss: 0.02062, Valid Loss: 0.03534
Epoch: 43, Train Loss: 0.02061, Valid Loss: 0.03554
Epoch: 44, Train Loss: 0.02052, Valid Loss: 0.03565
Epoch: 45, Train Loss: 0.02051, Valid Loss: 0.03527
Epoch: 46, Train Loss: 0.02000, Valid Loss: 0.03520
Epoch: 47, Train Loss: 0.01975, Valid Loss: 0.03560
Epoch: 48, Train Loss: 0.01981, Valid Loss: 0.03528
Epoch: 49, Train Loss: 0.01981, Valid Loss: 0.03519
Epoch: 50, Train Loss: 0.01988, Valid Loss: 0.03510
Epoch: 51, Train Loss: 0.01980, Valid Loss: 0.03523
Epoch: 52, Train Loss: 0.01979, Valid Loss: 0.03508
Epoch: 53, Train Loss: 0.01975, Valid Loss: 0.03546
Epoch: 54, Train Loss: 0.01983, Valid Loss: 0.03526
Epoch: 55, Train Loss: 0.01974, Valid Loss: 0.03520
Epoch: 56, Train Loss: 0.01977, Valid Loss: 0.03537
Epoch: 57, Train Loss: 0.01979, Valid Loss: 0.03539
Epoch: 58, Train Loss: 0.01974, Valid Loss: 0.03538
Epoch: 59, Train Loss: 0.01979, Valid Loss: 0.03525
Epoch: 60, Train Loss: 0.01969, Valid Loss: 0.03517
Epoch: 61, Train Loss: 0.01983, Valid Loss: 0.03519
Epoch: 62, Train Loss: 0.01973, Valid Loss: 0.03521
Epoch: 63, Train Loss: 0.01975, Valid Loss: 0.03518
Epoch: 64, Train Loss: 0.01964, Valid Loss: 0.03525
Epoch: 65, Train Loss: 0.01962, Valid Loss: 0.03531
Epoch: 66, Train Loss: 0.01959, Valid Loss: 0.03510
Epoch: 67, Train Loss: 0.01965, Valid Loss: 0.03508
Epoch: 68, Train Loss: 0.01969, Valid Loss: 0.03531
Epoch: 69, Train Loss: 0.01968, Valid Loss: 0.03522
Epoch: 70, Train Loss: 0.01958, Valid Loss: 0.03502
Epoch: 71, Train Loss: 0.01967, Valid Loss: 0.03508
Epoch: 72, Train Loss: 0.01960, Valid Loss: 0.03521
Epoch: 73, Train Loss: 0.01961, Valid Loss: 0.03517
Epoch: 74, Train Loss: 0.01960, Valid Loss: 0.03525
Epoch: 75, Train Loss: 0.01965, Valid Loss: 0.03521
Epoch: 76, Train Loss: 0.01966, Valid Loss: 0.03516
Epoch: 77, Train Loss: 0.01955, Valid Loss: 0.03516
Epoch: 78, Train Loss: 0.01961, Valid Loss: 0.03522
Epoch: 79, Train Loss: 0.01961, Valid Loss: 0.03523
Epoch: 80, Train Loss: 0.01972, Valid Loss: 0.03523
Epoch: 81, Train Loss: 0.01967, Valid Loss: 0.03536
Epoch: 82, Train Loss: 0.01962, Valid Loss: 0.03529
Epoch: 83, Train Loss: 0.01962, Valid Loss: 0.03515
Epoch: 84, Train Loss: 0.01969, Valid Loss: 0.03514
Epoch: 85, Train Loss: 0.01959, Valid Loss: 0.03513
Epoch: 86, Train Loss: 0.01964, Valid Loss: 0.03513
Epoch: 87, Train Loss: 0.01958, Valid Loss: 0.03522
Epoch: 88, Train Loss: 0.01960, Valid Loss: 0.03513
Epoch: 89, Train Loss: 0.01965, Valid Loss: 0.03527
Epoch: 90, Train Loss: 0.01959, Valid Loss: 0.03517
Epoch: 91, Train Loss: 0.01964, Valid Loss: 0.03527
Epoch: 92, Train Loss: 0.01961, Valid Loss: 0.03503
Epoch: 93, Train Loss: 0.01959, Valid Loss: 0.03519
Epoch: 94, Train Loss: 0.01958, Valid Loss: 0.03514
Epoch: 95, Train Loss: 0.01956, Valid Loss: 0.03510
Epoch: 96, Train Loss: 0.01964, Valid Loss: 0.03517
Epoch: 97, Train Loss: 0.01965, Valid Loss: 0.03522
Epoch: 98, Train Loss: 0.01962, Valid Loss: 0.03501
Epoch: 99, Train Loss: 0.01968, Valid Loss: 0.03549
Test Loss: 0.03515
Test Loss: 0.03859
