Train: torch.Size([14031, 5, 64, 32]), Valid: torch.Size([4677, 5, 64, 32]), Test: torch.Size([4678, 5, 64, 32])
Starting Downstream Task
Running context window: 5 with stride: 5 with seed: 0
torch.Size([2806, 5, 64, 32])
torch.Size([935, 5, 64, 32])
torch.Size([937, 5, 64, 32])
Shape: (5, 144, 72)
Epoch: 0, Train Loss: 0.02366, Valid Loss: 0.01676, EPS: 0.991
Epoch: 1, Train Loss: 0.01480, Valid Loss: 0.01382, EPS: 0.982
Epoch: 2, Train Loss: 0.01166, Valid Loss: 0.01217, EPS: 0.973
Epoch: 3, Train Loss: 0.00985, Valid Loss: 0.01117, EPS: 0.964
Epoch: 4, Train Loss: 0.00881, Valid Loss: 0.01086, EPS: 0.955
Epoch: 5, Train Loss: 0.00814, Valid Loss: 0.01051, EPS: 0.946
Epoch: 6, Train Loss: 0.00777, Valid Loss: 0.01040, EPS: 0.9369999999999999
Epoch: 7, Train Loss: 0.00750, Valid Loss: 0.01029, EPS: 0.928
Epoch: 8, Train Loss: 0.00731, Valid Loss: 0.01018, EPS: 0.919
Epoch: 9, Train Loss: 0.00717, Valid Loss: 0.01013, EPS: 0.91
Epoch: 10, Train Loss: 0.00701, Valid Loss: 0.01004, EPS: 0.901
Epoch: 11, Train Loss: 0.00691, Valid Loss: 0.01000, EPS: 0.892
Epoch: 12, Train Loss: 0.00677, Valid Loss: 0.00999, EPS: 0.883
Epoch: 13, Train Loss: 0.00663, Valid Loss: 0.00985, EPS: 0.874
Epoch: 14, Train Loss: 0.00651, Valid Loss: 0.00981, EPS: 0.865
Epoch: 15, Train Loss: 0.00649, Valid Loss: 0.00978, EPS: 0.856
Epoch: 16, Train Loss: 0.00644, Valid Loss: 0.00976, EPS: 0.847
Epoch: 17, Train Loss: 0.00640, Valid Loss: 0.00987, EPS: 0.8380000000000001
Epoch: 18, Train Loss: 0.00634, Valid Loss: 0.00975, EPS: 0.8290000000000001
Epoch: 19, Train Loss: 0.00626, Valid Loss: 0.00975, EPS: 0.8200000000000001
Epoch: 20, Train Loss: 0.00624, Valid Loss: 0.00983, EPS: 0.811
Epoch: 21, Train Loss: 0.00617, Valid Loss: 0.00974, EPS: 0.802
Epoch: 22, Train Loss: 0.00616, Valid Loss: 0.00977, EPS: 0.793
Epoch: 23, Train Loss: 0.00610, Valid Loss: 0.00972, EPS: 0.784
Epoch: 24, Train Loss: 0.00608, Valid Loss: 0.00973, EPS: 0.775
Epoch: 25, Train Loss: 0.00606, Valid Loss: 0.00968, EPS: 0.766
Epoch: 26, Train Loss: 0.00603, Valid Loss: 0.00962, EPS: 0.757
Epoch: 27, Train Loss: 0.00598, Valid Loss: 0.00963, EPS: 0.748
Epoch: 28, Train Loss: 0.00598, Valid Loss: 0.00965, EPS: 0.739
Epoch: 29, Train Loss: 0.00600, Valid Loss: 0.00965, EPS: 0.73
Epoch: 30, Train Loss: 0.00602, Valid Loss: 0.00960, EPS: 0.721
Epoch: 31, Train Loss: 0.00594, Valid Loss: 0.00970, EPS: 0.712
Epoch: 32, Train Loss: 0.00591, Valid Loss: 0.00951, EPS: 0.703
Epoch: 33, Train Loss: 0.00590, Valid Loss: 0.00968, EPS: 0.694
Epoch: 34, Train Loss: 0.00590, Valid Loss: 0.00955, EPS: 0.685
Epoch: 35, Train Loss: 0.00583, Valid Loss: 0.00963, EPS: 0.676
Epoch: 36, Train Loss: 0.00584, Valid Loss: 0.00952, EPS: 0.667
Epoch: 37, Train Loss: 0.00582, Valid Loss: 0.00964, EPS: 0.658
Epoch: 38, Train Loss: 0.00582, Valid Loss: 0.00959, EPS: 0.649
Epoch: 39, Train Loss: 0.00578, Valid Loss: 0.00956, EPS: 0.64
Epoch: 40, Train Loss: 0.00577, Valid Loss: 0.00958, EPS: 0.6310000000000001
Epoch: 41, Train Loss: 0.00579, Valid Loss: 0.00962, EPS: 0.6220000000000001
Epoch: 42, Train Loss: 0.00579, Valid Loss: 0.00964, EPS: 0.6130000000000001
Epoch: 43, Train Loss: 0.00575, Valid Loss: 0.00967, EPS: 0.6040000000000001
Epoch: 44, Train Loss: 0.00494, Valid Loss: 0.00924, EPS: 0.5950000000000001
Epoch: 45, Train Loss: 0.00441, Valid Loss: 0.00894, EPS: 0.5860000000000001
Epoch: 46, Train Loss: 0.00413, Valid Loss: 0.00890, EPS: 0.5770000000000001
Epoch: 47, Train Loss: 0.00400, Valid Loss: 0.00885, EPS: 0.5680000000000001
Epoch: 48, Train Loss: 0.00393, Valid Loss: 0.00883, EPS: 0.559
Epoch: 49, Train Loss: 0.00387, Valid Loss: 0.00880, EPS: 0.55
Epoch: 50, Train Loss: 0.00385, Valid Loss: 0.00882, EPS: 0.541
Epoch: 51, Train Loss: 0.00381, Valid Loss: 0.00883, EPS: 0.532
Epoch: 52, Train Loss: 0.00378, Valid Loss: 0.00884, EPS: 0.523
Epoch: 53, Train Loss: 0.00375, Valid Loss: 0.00882, EPS: 0.514
Epoch: 54, Train Loss: 0.00372, Valid Loss: 0.00882, EPS: 0.505
Epoch: 55, Train Loss: 0.00369, Valid Loss: 0.00883, EPS: 0.496
Epoch: 56, Train Loss: 0.00368, Valid Loss: 0.00885, EPS: 0.4870000000000001
Epoch: 57, Train Loss: 0.00364, Valid Loss: 0.00886, EPS: 0.4780000000000001
Epoch: 58, Train Loss: 0.00362, Valid Loss: 0.00887, EPS: 0.4690000000000001
Epoch: 59, Train Loss: 0.00360, Valid Loss: 0.00889, EPS: 0.4600000000000001
Epoch: 60, Train Loss: 0.00358, Valid Loss: 0.00891, EPS: 0.45100000000000007
Epoch: 61, Train Loss: 0.00345, Valid Loss: 0.00890, EPS: 0.44200000000000006
Epoch: 62, Train Loss: 0.00343, Valid Loss: 0.00891, EPS: 0.43300000000000005
Epoch: 63, Train Loss: 0.00341, Valid Loss: 0.00887, EPS: 0.42400000000000004
Epoch: 64, Train Loss: 0.00340, Valid Loss: 0.00890, EPS: 0.41500000000000004
Epoch: 65, Train Loss: 0.00339, Valid Loss: 0.00891, EPS: 0.406
Epoch: 66, Train Loss: 0.00339, Valid Loss: 0.00890, EPS: 0.397
Epoch: 67, Train Loss: 0.00338, Valid Loss: 0.00889, EPS: 0.388
Epoch: 68, Train Loss: 0.00337, Valid Loss: 0.00889, EPS: 0.3790000000000001
Epoch: 69, Train Loss: 0.00337, Valid Loss: 0.00890, EPS: 0.3700000000000001
Epoch: 70, Train Loss: 0.00337, Valid Loss: 0.00890, EPS: 0.3610000000000001
Epoch: 71, Train Loss: 0.00335, Valid Loss: 0.00892, EPS: 0.3520000000000001
Epoch: 72, Train Loss: 0.00335, Valid Loss: 0.00891, EPS: 0.343
Epoch: 73, Train Loss: 0.00335, Valid Loss: 0.00891, EPS: 0.334
Epoch: 74, Train Loss: 0.00334, Valid Loss: 0.00891, EPS: 0.325
Epoch: 75, Train Loss: 0.00334, Valid Loss: 0.00893, EPS: 0.316
Epoch: 76, Train Loss: 0.00334, Valid Loss: 0.00892, EPS: 0.307
Epoch: 77, Train Loss: 0.00335, Valid Loss: 0.00890, EPS: 0.298
Epoch: 78, Train Loss: 0.00335, Valid Loss: 0.00894, EPS: 0.289
Epoch: 79, Train Loss: 0.00334, Valid Loss: 0.00893, EPS: 0.27999999999999997
Epoch: 80, Train Loss: 0.00334, Valid Loss: 0.00891, EPS: 0.27099999999999996
Epoch: 81, Train Loss: 0.00333, Valid Loss: 0.00890, EPS: 0.26200000000000007
Epoch: 82, Train Loss: 0.00334, Valid Loss: 0.00893, EPS: 0.25300000000000006
Epoch: 83, Train Loss: 0.00335, Valid Loss: 0.00892, EPS: 0.24400000000000005
Epoch: 84, Train Loss: 0.00335, Valid Loss: 0.00890, EPS: 0.23500000000000004
Epoch: 85, Train Loss: 0.00333, Valid Loss: 0.00890, EPS: 0.22600000000000003
Epoch: 86, Train Loss: 0.00334, Valid Loss: 0.00893, EPS: 0.21700000000000003
Epoch: 87, Train Loss: 0.00334, Valid Loss: 0.00891, EPS: 0.20800000000000002
Epoch: 88, Train Loss: 0.00334, Valid Loss: 0.00895, EPS: 0.199
Epoch: 89, Train Loss: 0.00333, Valid Loss: 0.00891, EPS: 0.19
Epoch: 90, Train Loss: 0.00334, Valid Loss: 0.00892, EPS: 0.181
Epoch: 91, Train Loss: 0.00334, Valid Loss: 0.00894, EPS: 0.172
Epoch: 92, Train Loss: 0.00334, Valid Loss: 0.00892, EPS: 0.16299999999999998
Epoch: 93, Train Loss: 0.00334, Valid Loss: 0.00894, EPS: 0.15400000000000005
Epoch: 94, Train Loss: 0.00334, Valid Loss: 0.00893, EPS: 0.14500000000000005
Epoch: 95, Train Loss: 0.00334, Valid Loss: 0.00890, EPS: 0.13600000000000004
Epoch: 96, Train Loss: 0.00333, Valid Loss: 0.00892, EPS: 0.12700000000000003
Epoch: 97, Train Loss: 0.00333, Valid Loss: 0.00892, EPS: 0.11800000000000002
Epoch: 98, Train Loss: 0.00334, Valid Loss: 0.00891, EPS: 0.10900000000000001
Epoch: 99, Train Loss: 0.00334, Valid Loss: 0.00892, EPS: 0.1
Test Loss: 0.00893
Test Loss: 0.00903
Running context window: 5 with stride: 10 with seed: 0
torch.Size([2806, 5, 64, 32])
torch.Size([935, 5, 64, 32])
torch.Size([937, 5, 64, 32])
Shape: (5, 144, 72)
Epoch: 0, Train Loss: 0.02688, Valid Loss: 0.02237, EPS: 0.991
Epoch: 1, Train Loss: 0.01852, Valid Loss: 0.01676, EPS: 0.982
Epoch: 2, Train Loss: 0.01433, Valid Loss: 0.01484, EPS: 0.973
Epoch: 3, Train Loss: 0.01184, Valid Loss: 0.01365, EPS: 0.964
Epoch: 4, Train Loss: 0.00999, Valid Loss: 0.01282, EPS: 0.955
Epoch: 5, Train Loss: 0.00881, Valid Loss: 0.01239, EPS: 0.946
Epoch: 6, Train Loss: 0.00782, Valid Loss: 0.01204, EPS: 0.9369999999999999
Epoch: 7, Train Loss: 0.00719, Valid Loss: 0.01178, EPS: 0.928
Epoch: 8, Train Loss: 0.00665, Valid Loss: 0.01168, EPS: 0.919
Epoch: 9, Train Loss: 0.00631, Valid Loss: 0.01157, EPS: 0.91
Epoch: 10, Train Loss: 0.00598, Valid Loss: 0.01161, EPS: 0.901
Epoch: 11, Train Loss: 0.00580, Valid Loss: 0.01147, EPS: 0.892
Epoch: 12, Train Loss: 0.00564, Valid Loss: 0.01146, EPS: 0.883
Epoch: 13, Train Loss: 0.00549, Valid Loss: 0.01141, EPS: 0.874
Epoch: 14, Train Loss: 0.00526, Valid Loss: 0.01129, EPS: 0.865
Epoch: 15, Train Loss: 0.00508, Valid Loss: 0.01141, EPS: 0.856
Epoch: 16, Train Loss: 0.00494, Valid Loss: 0.01125, EPS: 0.847
Epoch: 17, Train Loss: 0.00475, Valid Loss: 0.01122, EPS: 0.8380000000000001
Epoch: 18, Train Loss: 0.00456, Valid Loss: 0.01112, EPS: 0.8290000000000001
Epoch: 19, Train Loss: 0.00450, Valid Loss: 0.01119, EPS: 0.8200000000000001
Epoch: 20, Train Loss: 0.00444, Valid Loss: 0.01118, EPS: 0.811
Epoch: 21, Train Loss: 0.00448, Valid Loss: 0.01123, EPS: 0.802
Epoch: 22, Train Loss: 0.00441, Valid Loss: 0.01120, EPS: 0.793
Epoch: 23, Train Loss: 0.00434, Valid Loss: 0.01122, EPS: 0.784
Epoch: 24, Train Loss: 0.00436, Valid Loss: 0.01126, EPS: 0.775
Epoch: 25, Train Loss: 0.00433, Valid Loss: 0.01117, EPS: 0.766
Epoch: 26, Train Loss: 0.00428, Valid Loss: 0.01123, EPS: 0.757
Epoch: 27, Train Loss: 0.00425, Valid Loss: 0.01120, EPS: 0.748
Epoch: 28, Train Loss: 0.00420, Valid Loss: 0.01124, EPS: 0.739
Epoch: 29, Train Loss: 0.00412, Valid Loss: 0.01126, EPS: 0.73
Epoch: 30, Train Loss: 0.00357, Valid Loss: 0.01095, EPS: 0.721
Epoch: 31, Train Loss: 0.00315, Valid Loss: 0.01072, EPS: 0.712
Epoch: 32, Train Loss: 0.00285, Valid Loss: 0.01067, EPS: 0.703
Epoch: 33, Train Loss: 0.00267, Valid Loss: 0.01061, EPS: 0.694
Epoch: 34, Train Loss: 0.00258, Valid Loss: 0.01059, EPS: 0.685
Epoch: 35, Train Loss: 0.00248, Valid Loss: 0.01059, EPS: 0.676
Epoch: 36, Train Loss: 0.00239, Valid Loss: 0.01059, EPS: 0.667
Epoch: 37, Train Loss: 0.00235, Valid Loss: 0.01060, EPS: 0.658
Epoch: 38, Train Loss: 0.00231, Valid Loss: 0.01060, EPS: 0.649
Epoch: 39, Train Loss: 0.00225, Valid Loss: 0.01061, EPS: 0.64
Epoch: 40, Train Loss: 0.00223, Valid Loss: 0.01064, EPS: 0.6310000000000001
Epoch: 41, Train Loss: 0.00221, Valid Loss: 0.01068, EPS: 0.6220000000000001
Epoch: 42, Train Loss: 0.00218, Valid Loss: 0.01067, EPS: 0.6130000000000001
Epoch: 43, Train Loss: 0.00216, Valid Loss: 0.01071, EPS: 0.6040000000000001
Epoch: 44, Train Loss: 0.00214, Valid Loss: 0.01075, EPS: 0.5950000000000001
Epoch: 45, Train Loss: 0.00211, Valid Loss: 0.01081, EPS: 0.5860000000000001
Epoch: 46, Train Loss: 0.00209, Valid Loss: 0.01081, EPS: 0.5770000000000001
Epoch: 47, Train Loss: 0.00205, Valid Loss: 0.01083, EPS: 0.5680000000000001
Epoch: 48, Train Loss: 0.00204, Valid Loss: 0.01078, EPS: 0.559
Epoch: 49, Train Loss: 0.00203, Valid Loss: 0.01081, EPS: 0.55
Epoch: 50, Train Loss: 0.00200, Valid Loss: 0.01076, EPS: 0.541
Epoch: 51, Train Loss: 0.00201, Valid Loss: 0.01078, EPS: 0.532
Epoch: 52, Train Loss: 0.00201, Valid Loss: 0.01075, EPS: 0.523
Epoch: 53, Train Loss: 0.00202, Valid Loss: 0.01076, EPS: 0.514
Epoch: 54, Train Loss: 0.00200, Valid Loss: 0.01075, EPS: 0.505
Epoch: 55, Train Loss: 0.00200, Valid Loss: 0.01077, EPS: 0.496
Epoch: 56, Train Loss: 0.00200, Valid Loss: 0.01077, EPS: 0.4870000000000001
Epoch: 57, Train Loss: 0.00198, Valid Loss: 0.01075, EPS: 0.4780000000000001
Epoch: 58, Train Loss: 0.00199, Valid Loss: 0.01072, EPS: 0.4690000000000001
Epoch: 59, Train Loss: 0.00198, Valid Loss: 0.01076, EPS: 0.4600000000000001
Epoch: 60, Train Loss: 0.00200, Valid Loss: 0.01075, EPS: 0.45100000000000007
Epoch: 61, Train Loss: 0.00199, Valid Loss: 0.01080, EPS: 0.44200000000000006
Epoch: 62, Train Loss: 0.00199, Valid Loss: 0.01078, EPS: 0.43300000000000005
Epoch: 63, Train Loss: 0.00198, Valid Loss: 0.01073, EPS: 0.42400000000000004
Epoch: 64, Train Loss: 0.00199, Valid Loss: 0.01075, EPS: 0.41500000000000004
Epoch: 65, Train Loss: 0.00198, Valid Loss: 0.01072, EPS: 0.406
Epoch: 66, Train Loss: 0.00198, Valid Loss: 0.01079, EPS: 0.397
Epoch: 67, Train Loss: 0.00197, Valid Loss: 0.01074, EPS: 0.388
Epoch: 68, Train Loss: 0.00198, Valid Loss: 0.01071, EPS: 0.3790000000000001
Epoch: 69, Train Loss: 0.00198, Valid Loss: 0.01076, EPS: 0.3700000000000001
Epoch: 70, Train Loss: 0.00197, Valid Loss: 0.01078, EPS: 0.3610000000000001
Epoch: 71, Train Loss: 0.00198, Valid Loss: 0.01076, EPS: 0.3520000000000001
Epoch: 72, Train Loss: 0.00196, Valid Loss: 0.01071, EPS: 0.343
Epoch: 73, Train Loss: 0.00198, Valid Loss: 0.01080, EPS: 0.334
Epoch: 74, Train Loss: 0.00198, Valid Loss: 0.01077, EPS: 0.325
Epoch: 75, Train Loss: 0.00198, Valid Loss: 0.01076, EPS: 0.316
Epoch: 76, Train Loss: 0.00198, Valid Loss: 0.01079, EPS: 0.307
Epoch: 77, Train Loss: 0.00199, Valid Loss: 0.01074, EPS: 0.298
Epoch: 78, Train Loss: 0.00198, Valid Loss: 0.01073, EPS: 0.289
Epoch: 79, Train Loss: 0.00199, Valid Loss: 0.01075, EPS: 0.27999999999999997
Epoch: 80, Train Loss: 0.00198, Valid Loss: 0.01079, EPS: 0.27099999999999996
Epoch: 81, Train Loss: 0.00197, Valid Loss: 0.01077, EPS: 0.26200000000000007
Epoch: 82, Train Loss: 0.00199, Valid Loss: 0.01080, EPS: 0.25300000000000006
Epoch: 83, Train Loss: 0.00198, Valid Loss: 0.01079, EPS: 0.24400000000000005
Epoch: 84, Train Loss: 0.00199, Valid Loss: 0.01071, EPS: 0.23500000000000004
Epoch: 85, Train Loss: 0.00198, Valid Loss: 0.01076, EPS: 0.22600000000000003
Epoch: 86, Train Loss: 0.00198, Valid Loss: 0.01078, EPS: 0.21700000000000003
Epoch: 87, Train Loss: 0.00199, Valid Loss: 0.01078, EPS: 0.20800000000000002
Epoch: 88, Train Loss: 0.00198, Valid Loss: 0.01074, EPS: 0.199
Epoch: 89, Train Loss: 0.00198, Valid Loss: 0.01080, EPS: 0.19
Epoch: 90, Train Loss: 0.00198, Valid Loss: 0.01076, EPS: 0.181
Epoch: 91, Train Loss: 0.00199, Valid Loss: 0.01077, EPS: 0.172
Epoch: 92, Train Loss: 0.00197, Valid Loss: 0.01077, EPS: 0.16299999999999998
Epoch: 93, Train Loss: 0.00198, Valid Loss: 0.01078, EPS: 0.15400000000000005
Epoch: 94, Train Loss: 0.00199, Valid Loss: 0.01075, EPS: 0.14500000000000005
Epoch: 95, Train Loss: 0.00199, Valid Loss: 0.01074, EPS: 0.13600000000000004
Epoch: 96, Train Loss: 0.00198, Valid Loss: 0.01075, EPS: 0.12700000000000003
Epoch: 97, Train Loss: 0.00198, Valid Loss: 0.01078, EPS: 0.11800000000000002
Epoch: 98, Train Loss: 0.00197, Valid Loss: 0.01079, EPS: 0.10900000000000001
Epoch: 99, Train Loss: 0.00198, Valid Loss: 0.01078, EPS: 0.1
Test Loss: 0.01080
Test Loss: 0.01077
Running context window: 5 with stride: 5 with seed: 42
torch.Size([2806, 5, 64, 32])
torch.Size([935, 5, 64, 32])
torch.Size([937, 5, 64, 32])
Shape: (5, 144, 72)
Epoch: 0, Train Loss: 0.02393, Valid Loss: 0.01721, EPS: 0.991
Epoch: 1, Train Loss: 0.01497, Valid Loss: 0.01396, EPS: 0.982
Epoch: 2, Train Loss: 0.01164, Valid Loss: 0.01209, EPS: 0.973
Epoch: 3, Train Loss: 0.00989, Valid Loss: 0.01116, EPS: 0.964
Epoch: 4, Train Loss: 0.00881, Valid Loss: 0.01077, EPS: 0.955
Epoch: 5, Train Loss: 0.00811, Valid Loss: 0.01046, EPS: 0.946
Epoch: 6, Train Loss: 0.00778, Valid Loss: 0.01038, EPS: 0.9369999999999999
Epoch: 7, Train Loss: 0.00755, Valid Loss: 0.01035, EPS: 0.928
Epoch: 8, Train Loss: 0.00735, Valid Loss: 0.01013, EPS: 0.919
Epoch: 9, Train Loss: 0.00713, Valid Loss: 0.01008, EPS: 0.91
Epoch: 10, Train Loss: 0.00697, Valid Loss: 0.00996, EPS: 0.901
Epoch: 11, Train Loss: 0.00676, Valid Loss: 0.00999, EPS: 0.892
Epoch: 12, Train Loss: 0.00666, Valid Loss: 0.00992, EPS: 0.883
Epoch: 13, Train Loss: 0.00658, Valid Loss: 0.00992, EPS: 0.874
Epoch: 14, Train Loss: 0.00659, Valid Loss: 0.00982, EPS: 0.865
Epoch: 15, Train Loss: 0.00648, Valid Loss: 0.00992, EPS: 0.856
Epoch: 16, Train Loss: 0.00635, Valid Loss: 0.00980, EPS: 0.847
Epoch: 17, Train Loss: 0.00632, Valid Loss: 0.00973, EPS: 0.8380000000000001
Epoch: 18, Train Loss: 0.00625, Valid Loss: 0.00980, EPS: 0.8290000000000001
Epoch: 19, Train Loss: 0.00621, Valid Loss: 0.00972, EPS: 0.8200000000000001
Epoch: 20, Train Loss: 0.00623, Valid Loss: 0.00966, EPS: 0.811
Epoch: 21, Train Loss: 0.00617, Valid Loss: 0.00967, EPS: 0.802
Epoch: 22, Train Loss: 0.00610, Valid Loss: 0.00969, EPS: 0.793
Epoch: 23, Train Loss: 0.00605, Valid Loss: 0.00977, EPS: 0.784
Epoch: 24, Train Loss: 0.00603, Valid Loss: 0.00963, EPS: 0.775
Epoch: 25, Train Loss: 0.00604, Valid Loss: 0.00967, EPS: 0.766
Epoch: 26, Train Loss: 0.00599, Valid Loss: 0.00966, EPS: 0.757
Epoch: 27, Train Loss: 0.00596, Valid Loss: 0.00972, EPS: 0.748
Epoch: 28, Train Loss: 0.00600, Valid Loss: 0.00966, EPS: 0.739
Epoch: 29, Train Loss: 0.00596, Valid Loss: 0.00972, EPS: 0.73
Epoch: 30, Train Loss: 0.00594, Valid Loss: 0.00960, EPS: 0.721
Epoch: 31, Train Loss: 0.00591, Valid Loss: 0.00968, EPS: 0.712
Epoch: 32, Train Loss: 0.00590, Valid Loss: 0.00970, EPS: 0.703
Epoch: 33, Train Loss: 0.00585, Valid Loss: 0.00966, EPS: 0.694
Epoch: 34, Train Loss: 0.00590, Valid Loss: 0.00966, EPS: 0.685
Epoch: 35, Train Loss: 0.00587, Valid Loss: 0.00972, EPS: 0.676
Epoch: 36, Train Loss: 0.00581, Valid Loss: 0.00962, EPS: 0.667
Epoch: 37, Train Loss: 0.00579, Valid Loss: 0.00975, EPS: 0.658
Epoch: 38, Train Loss: 0.00587, Valid Loss: 0.00960, EPS: 0.649
Epoch: 39, Train Loss: 0.00579, Valid Loss: 0.00968, EPS: 0.64
Epoch: 40, Train Loss: 0.00583, Valid Loss: 0.00959, EPS: 0.6310000000000001
Epoch: 41, Train Loss: 0.00583, Valid Loss: 0.00972, EPS: 0.6220000000000001
Epoch: 42, Train Loss: 0.00582, Valid Loss: 0.00966, EPS: 0.6130000000000001
Epoch: 43, Train Loss: 0.00577, Valid Loss: 0.00966, EPS: 0.6040000000000001
Epoch: 44, Train Loss: 0.00569, Valid Loss: 0.00959, EPS: 0.5950000000000001
Epoch: 45, Train Loss: 0.00567, Valid Loss: 0.00960, EPS: 0.5860000000000001
Epoch: 46, Train Loss: 0.00575, Valid Loss: 0.00957, EPS: 0.5770000000000001
Epoch: 47, Train Loss: 0.00580, Valid Loss: 0.00969, EPS: 0.5680000000000001
Epoch: 48, Train Loss: 0.00574, Valid Loss: 0.00967, EPS: 0.559
Epoch: 49, Train Loss: 0.00574, Valid Loss: 0.00971, EPS: 0.55
Epoch: 50, Train Loss: 0.00570, Valid Loss: 0.00963, EPS: 0.541
Epoch: 51, Train Loss: 0.00575, Valid Loss: 0.00966, EPS: 0.532
Epoch: 52, Train Loss: 0.00570, Valid Loss: 0.00960, EPS: 0.523
Epoch: 53, Train Loss: 0.00566, Valid Loss: 0.00965, EPS: 0.514
Epoch: 54, Train Loss: 0.00569, Valid Loss: 0.00971, EPS: 0.505
Epoch: 55, Train Loss: 0.00566, Valid Loss: 0.00971, EPS: 0.496
Epoch: 56, Train Loss: 0.00569, Valid Loss: 0.00963, EPS: 0.4870000000000001
Epoch: 57, Train Loss: 0.00568, Valid Loss: 0.00968, EPS: 0.4780000000000001
Epoch: 58, Train Loss: 0.00484, Valid Loss: 0.00926, EPS: 0.4690000000000001
Epoch: 59, Train Loss: 0.00432, Valid Loss: 0.00902, EPS: 0.4600000000000001
Epoch: 60, Train Loss: 0.00404, Valid Loss: 0.00893, EPS: 0.45100000000000007
Epoch: 61, Train Loss: 0.00392, Valid Loss: 0.00892, EPS: 0.44200000000000006
Epoch: 62, Train Loss: 0.00384, Valid Loss: 0.00886, EPS: 0.43300000000000005
Epoch: 63, Train Loss: 0.00378, Valid Loss: 0.00888, EPS: 0.42400000000000004
Epoch: 64, Train Loss: 0.00374, Valid Loss: 0.00888, EPS: 0.41500000000000004
Epoch: 65, Train Loss: 0.00371, Valid Loss: 0.00888, EPS: 0.406
Epoch: 66, Train Loss: 0.00368, Valid Loss: 0.00890, EPS: 0.397
Epoch: 67, Train Loss: 0.00365, Valid Loss: 0.00889, EPS: 0.388
Epoch: 68, Train Loss: 0.00363, Valid Loss: 0.00890, EPS: 0.3790000000000001
Epoch: 69, Train Loss: 0.00361, Valid Loss: 0.00890, EPS: 0.3700000000000001
Epoch: 70, Train Loss: 0.00358, Valid Loss: 0.00891, EPS: 0.3610000000000001
Epoch: 71, Train Loss: 0.00355, Valid Loss: 0.00897, EPS: 0.3520000000000001
Epoch: 72, Train Loss: 0.00352, Valid Loss: 0.00893, EPS: 0.343
Epoch: 73, Train Loss: 0.00350, Valid Loss: 0.00897, EPS: 0.334
Epoch: 74, Train Loss: 0.00337, Valid Loss: 0.00898, EPS: 0.325
Epoch: 75, Train Loss: 0.00335, Valid Loss: 0.00896, EPS: 0.316
Epoch: 76, Train Loss: 0.00334, Valid Loss: 0.00898, EPS: 0.307
Epoch: 77, Train Loss: 0.00333, Valid Loss: 0.00895, EPS: 0.298
Epoch: 78, Train Loss: 0.00332, Valid Loss: 0.00895, EPS: 0.289
Epoch: 79, Train Loss: 0.00331, Valid Loss: 0.00894, EPS: 0.27999999999999997
Epoch: 80, Train Loss: 0.00330, Valid Loss: 0.00894, EPS: 0.27099999999999996
Epoch: 81, Train Loss: 0.00331, Valid Loss: 0.00897, EPS: 0.26200000000000007
Epoch: 82, Train Loss: 0.00330, Valid Loss: 0.00896, EPS: 0.25300000000000006
Epoch: 83, Train Loss: 0.00330, Valid Loss: 0.00897, EPS: 0.24400000000000005
Epoch: 84, Train Loss: 0.00329, Valid Loss: 0.00895, EPS: 0.23500000000000004
Epoch: 85, Train Loss: 0.00328, Valid Loss: 0.00898, EPS: 0.22600000000000003
Epoch: 86, Train Loss: 0.00328, Valid Loss: 0.00901, EPS: 0.21700000000000003
Epoch: 87, Train Loss: 0.00327, Valid Loss: 0.00896, EPS: 0.20800000000000002
Epoch: 88, Train Loss: 0.00328, Valid Loss: 0.00899, EPS: 0.199
Epoch: 89, Train Loss: 0.00328, Valid Loss: 0.00899, EPS: 0.19
Epoch: 90, Train Loss: 0.00327, Valid Loss: 0.00899, EPS: 0.181
Epoch: 91, Train Loss: 0.00327, Valid Loss: 0.00898, EPS: 0.172
Epoch: 92, Train Loss: 0.00327, Valid Loss: 0.00896, EPS: 0.16299999999999998
Epoch: 93, Train Loss: 0.00327, Valid Loss: 0.00899, EPS: 0.15400000000000005
Epoch: 94, Train Loss: 0.00327, Valid Loss: 0.00899, EPS: 0.14500000000000005
Epoch: 95, Train Loss: 0.00327, Valid Loss: 0.00895, EPS: 0.13600000000000004
Epoch: 96, Train Loss: 0.00328, Valid Loss: 0.00900, EPS: 0.12700000000000003
Epoch: 97, Train Loss: 0.00327, Valid Loss: 0.00898, EPS: 0.11800000000000002
Epoch: 98, Train Loss: 0.00327, Valid Loss: 0.00898, EPS: 0.10900000000000001
Epoch: 99, Train Loss: 0.00327, Valid Loss: 0.00896, EPS: 0.1
Test Loss: 0.00896
Test Loss: 0.00906
Running context window: 5 with stride: 10 with seed: 42
torch.Size([2806, 5, 64, 32])
torch.Size([935, 5, 64, 32])
torch.Size([937, 5, 64, 32])
Shape: (5, 144, 72)
Epoch: 0, Train Loss: 0.02697, Valid Loss: 0.02205, EPS: 0.991
Epoch: 1, Train Loss: 0.01864, Valid Loss: 0.01696, EPS: 0.982
Epoch: 2, Train Loss: 0.01452, Valid Loss: 0.01488, EPS: 0.973
Epoch: 3, Train Loss: 0.01186, Valid Loss: 0.01367, EPS: 0.964
Epoch: 4, Train Loss: 0.01007, Valid Loss: 0.01277, EPS: 0.955
Epoch: 5, Train Loss: 0.00880, Valid Loss: 0.01235, EPS: 0.946
Epoch: 6, Train Loss: 0.00780, Valid Loss: 0.01196, EPS: 0.9369999999999999
Epoch: 7, Train Loss: 0.00710, Valid Loss: 0.01179, EPS: 0.928
Epoch: 8, Train Loss: 0.00664, Valid Loss: 0.01161, EPS: 0.919
Epoch: 9, Train Loss: 0.00626, Valid Loss: 0.01157, EPS: 0.91
Epoch: 10, Train Loss: 0.00601, Valid Loss: 0.01149, EPS: 0.901
Epoch: 11, Train Loss: 0.00561, Valid Loss: 0.01142, EPS: 0.892
Epoch: 12, Train Loss: 0.00552, Valid Loss: 0.01145, EPS: 0.883
Epoch: 13, Train Loss: 0.00536, Valid Loss: 0.01141, EPS: 0.874
Epoch: 14, Train Loss: 0.00517, Valid Loss: 0.01118, EPS: 0.865
Epoch: 15, Train Loss: 0.00506, Valid Loss: 0.01144, EPS: 0.856
Epoch: 16, Train Loss: 0.00492, Valid Loss: 0.01124, EPS: 0.847
Epoch: 17, Train Loss: 0.00474, Valid Loss: 0.01134, EPS: 0.8380000000000001
Epoch: 18, Train Loss: 0.00466, Valid Loss: 0.01136, EPS: 0.8290000000000001
Epoch: 19, Train Loss: 0.00459, Valid Loss: 0.01128, EPS: 0.8200000000000001
Epoch: 20, Train Loss: 0.00446, Valid Loss: 0.01128, EPS: 0.811
Epoch: 21, Train Loss: 0.00444, Valid Loss: 0.01126, EPS: 0.802
Epoch: 22, Train Loss: 0.00440, Valid Loss: 0.01132, EPS: 0.793
Epoch: 23, Train Loss: 0.00437, Valid Loss: 0.01128, EPS: 0.784
Epoch: 24, Train Loss: 0.00426, Valid Loss: 0.01112, EPS: 0.775
Epoch: 25, Train Loss: 0.00422, Valid Loss: 0.01127, EPS: 0.766
Epoch: 26, Train Loss: 0.00419, Valid Loss: 0.01123, EPS: 0.757
Epoch: 27, Train Loss: 0.00414, Valid Loss: 0.01134, EPS: 0.748
Epoch: 28, Train Loss: 0.00413, Valid Loss: 0.01114, EPS: 0.739
Epoch: 29, Train Loss: 0.00412, Valid Loss: 0.01128, EPS: 0.73
Epoch: 30, Train Loss: 0.00416, Valid Loss: 0.01146, EPS: 0.721
Epoch: 31, Train Loss: 0.00414, Valid Loss: 0.01144, EPS: 0.712
Epoch: 32, Train Loss: 0.00412, Valid Loss: 0.01125, EPS: 0.703
Epoch: 33, Train Loss: 0.00403, Valid Loss: 0.01131, EPS: 0.694
Epoch: 34, Train Loss: 0.00402, Valid Loss: 0.01128, EPS: 0.685
Epoch: 35, Train Loss: 0.00392, Valid Loss: 0.01126, EPS: 0.676
Epoch: 36, Train Loss: 0.00338, Valid Loss: 0.01098, EPS: 0.667
Epoch: 37, Train Loss: 0.00300, Valid Loss: 0.01076, EPS: 0.658
Epoch: 38, Train Loss: 0.00271, Valid Loss: 0.01065, EPS: 0.649
Epoch: 39, Train Loss: 0.00252, Valid Loss: 0.01065, EPS: 0.64
Epoch: 40, Train Loss: 0.00243, Valid Loss: 0.01065, EPS: 0.6310000000000001
Epoch: 41, Train Loss: 0.00234, Valid Loss: 0.01061, EPS: 0.6220000000000001
Epoch: 42, Train Loss: 0.00227, Valid Loss: 0.01061, EPS: 0.6130000000000001
Epoch: 43, Train Loss: 0.00222, Valid Loss: 0.01064, EPS: 0.6040000000000001
Epoch: 44, Train Loss: 0.00217, Valid Loss: 0.01073, EPS: 0.5950000000000001
Epoch: 45, Train Loss: 0.00214, Valid Loss: 0.01069, EPS: 0.5860000000000001
Epoch: 46, Train Loss: 0.00211, Valid Loss: 0.01072, EPS: 0.5770000000000001
Epoch: 47, Train Loss: 0.00207, Valid Loss: 0.01071, EPS: 0.5680000000000001
Epoch: 48, Train Loss: 0.00205, Valid Loss: 0.01073, EPS: 0.559
Epoch: 49, Train Loss: 0.00204, Valid Loss: 0.01075, EPS: 0.55
Epoch: 50, Train Loss: 0.00202, Valid Loss: 0.01076, EPS: 0.541
Epoch: 51, Train Loss: 0.00200, Valid Loss: 0.01079, EPS: 0.532
Epoch: 52, Train Loss: 0.00198, Valid Loss: 0.01084, EPS: 0.523
Epoch: 53, Train Loss: 0.00195, Valid Loss: 0.01083, EPS: 0.514
Epoch: 54, Train Loss: 0.00195, Valid Loss: 0.01077, EPS: 0.505
Epoch: 55, Train Loss: 0.00192, Valid Loss: 0.01078, EPS: 0.496
Epoch: 56, Train Loss: 0.00192, Valid Loss: 0.01083, EPS: 0.4870000000000001
Epoch: 57, Train Loss: 0.00191, Valid Loss: 0.01077, EPS: 0.4780000000000001
Epoch: 58, Train Loss: 0.00191, Valid Loss: 0.01077, EPS: 0.4690000000000001
Epoch: 59, Train Loss: 0.00191, Valid Loss: 0.01081, EPS: 0.4600000000000001
Epoch: 60, Train Loss: 0.00191, Valid Loss: 0.01079, EPS: 0.45100000000000007
Epoch: 61, Train Loss: 0.00191, Valid Loss: 0.01082, EPS: 0.44200000000000006
Epoch: 62, Train Loss: 0.00190, Valid Loss: 0.01079, EPS: 0.43300000000000005
Epoch: 63, Train Loss: 0.00189, Valid Loss: 0.01078, EPS: 0.42400000000000004
Epoch: 64, Train Loss: 0.00189, Valid Loss: 0.01078, EPS: 0.41500000000000004
Epoch: 65, Train Loss: 0.00188, Valid Loss: 0.01082, EPS: 0.406
Epoch: 66, Train Loss: 0.00189, Valid Loss: 0.01081, EPS: 0.397
Epoch: 67, Train Loss: 0.00188, Valid Loss: 0.01079, EPS: 0.388
Epoch: 68, Train Loss: 0.00189, Valid Loss: 0.01081, EPS: 0.3790000000000001
Epoch: 69, Train Loss: 0.00189, Valid Loss: 0.01081, EPS: 0.3700000000000001
Epoch: 70, Train Loss: 0.00189, Valid Loss: 0.01080, EPS: 0.3610000000000001
Epoch: 71, Train Loss: 0.00188, Valid Loss: 0.01084, EPS: 0.3520000000000001
Epoch: 72, Train Loss: 0.00189, Valid Loss: 0.01083, EPS: 0.343
Epoch: 73, Train Loss: 0.00187, Valid Loss: 0.01077, EPS: 0.334
Epoch: 74, Train Loss: 0.00189, Valid Loss: 0.01083, EPS: 0.325
Epoch: 75, Train Loss: 0.00189, Valid Loss: 0.01079, EPS: 0.316
Epoch: 76, Train Loss: 0.00190, Valid Loss: 0.01082, EPS: 0.307
Epoch: 77, Train Loss: 0.00189, Valid Loss: 0.01082, EPS: 0.298
Epoch: 78, Train Loss: 0.00188, Valid Loss: 0.01082, EPS: 0.289
Epoch: 79, Train Loss: 0.00189, Valid Loss: 0.01081, EPS: 0.27999999999999997
Epoch: 80, Train Loss: 0.00189, Valid Loss: 0.01081, EPS: 0.27099999999999996
Epoch: 81, Train Loss: 0.00187, Valid Loss: 0.01081, EPS: 0.26200000000000007
Epoch: 82, Train Loss: 0.00188, Valid Loss: 0.01079, EPS: 0.25300000000000006
Epoch: 83, Train Loss: 0.00188, Valid Loss: 0.01083, EPS: 0.24400000000000005
Epoch: 84, Train Loss: 0.00188, Valid Loss: 0.01081, EPS: 0.23500000000000004
Epoch: 85, Train Loss: 0.00189, Valid Loss: 0.01085, EPS: 0.22600000000000003
Epoch: 86, Train Loss: 0.00188, Valid Loss: 0.01078, EPS: 0.21700000000000003
Epoch: 87, Train Loss: 0.00188, Valid Loss: 0.01080, EPS: 0.20800000000000002
Epoch: 88, Train Loss: 0.00189, Valid Loss: 0.01081, EPS: 0.199
Epoch: 89, Train Loss: 0.00189, Valid Loss: 0.01085, EPS: 0.19
Epoch: 90, Train Loss: 0.00189, Valid Loss: 0.01084, EPS: 0.181
Epoch: 91, Train Loss: 0.00189, Valid Loss: 0.01082, EPS: 0.172
Epoch: 92, Train Loss: 0.00188, Valid Loss: 0.01078, EPS: 0.16299999999999998
Epoch: 93, Train Loss: 0.00188, Valid Loss: 0.01081, EPS: 0.15400000000000005
Epoch: 94, Train Loss: 0.00187, Valid Loss: 0.01085, EPS: 0.14500000000000005
Epoch: 95, Train Loss: 0.00188, Valid Loss: 0.01082, EPS: 0.13600000000000004
Epoch: 96, Train Loss: 0.00189, Valid Loss: 0.01081, EPS: 0.12700000000000003
Epoch: 97, Train Loss: 0.00189, Valid Loss: 0.01079, EPS: 0.11800000000000002
Epoch: 98, Train Loss: 0.00186, Valid Loss: 0.01081, EPS: 0.10900000000000001
Epoch: 99, Train Loss: 0.00188, Valid Loss: 0.01084, EPS: 0.1
Test Loss: 0.01080
Test Loss: 0.01079
Running context window: 5 with stride: 5 with seed: 123
torch.Size([2806, 5, 64, 32])
torch.Size([935, 5, 64, 32])
torch.Size([937, 5, 64, 32])
Shape: (5, 144, 72)
Epoch: 0, Train Loss: 0.02396, Valid Loss: 0.01713, EPS: 0.991
Epoch: 1, Train Loss: 0.01480, Valid Loss: 0.01393, EPS: 0.982
Epoch: 2, Train Loss: 0.01154, Valid Loss: 0.01211, EPS: 0.973
Epoch: 3, Train Loss: 0.00976, Valid Loss: 0.01119, EPS: 0.964
Epoch: 4, Train Loss: 0.00866, Valid Loss: 0.01075, EPS: 0.955
Epoch: 5, Train Loss: 0.00810, Valid Loss: 0.01057, EPS: 0.946
Epoch: 6, Train Loss: 0.00777, Valid Loss: 0.01034, EPS: 0.9369999999999999
Epoch: 7, Train Loss: 0.00751, Valid Loss: 0.01027, EPS: 0.928
Epoch: 8, Train Loss: 0.00730, Valid Loss: 0.01016, EPS: 0.919
Epoch: 9, Train Loss: 0.00715, Valid Loss: 0.01009, EPS: 0.91
Epoch: 10, Train Loss: 0.00700, Valid Loss: 0.01012, EPS: 0.901
Epoch: 11, Train Loss: 0.00691, Valid Loss: 0.00996, EPS: 0.892
Epoch: 12, Train Loss: 0.00689, Valid Loss: 0.01002, EPS: 0.883
Epoch: 13, Train Loss: 0.00675, Valid Loss: 0.00999, EPS: 0.874
Epoch: 14, Train Loss: 0.00659, Valid Loss: 0.00979, EPS: 0.865
Epoch: 15, Train Loss: 0.00646, Valid Loss: 0.00972, EPS: 0.856
Epoch: 16, Train Loss: 0.00642, Valid Loss: 0.00977, EPS: 0.847
Epoch: 17, Train Loss: 0.00641, Valid Loss: 0.00986, EPS: 0.8380000000000001
Epoch: 18, Train Loss: 0.00639, Valid Loss: 0.00975, EPS: 0.8290000000000001
Epoch: 19, Train Loss: 0.00625, Valid Loss: 0.00975, EPS: 0.8200000000000001
Epoch: 20, Train Loss: 0.00624, Valid Loss: 0.00976, EPS: 0.811
Epoch: 21, Train Loss: 0.00613, Valid Loss: 0.00972, EPS: 0.802
Epoch: 22, Train Loss: 0.00616, Valid Loss: 0.00968, EPS: 0.793
Epoch: 23, Train Loss: 0.00624, Valid Loss: 0.00976, EPS: 0.784
Epoch: 24, Train Loss: 0.00615, Valid Loss: 0.00981, EPS: 0.775
Epoch: 25, Train Loss: 0.00612, Valid Loss: 0.00965, EPS: 0.766
Epoch: 26, Train Loss: 0.00605, Valid Loss: 0.00969, EPS: 0.757
Epoch: 27, Train Loss: 0.00597, Valid Loss: 0.00961, EPS: 0.748
Epoch: 28, Train Loss: 0.00595, Valid Loss: 0.00965, EPS: 0.739
Epoch: 29, Train Loss: 0.00595, Valid Loss: 0.00967, EPS: 0.73
Epoch: 30, Train Loss: 0.00601, Valid Loss: 0.00973, EPS: 0.721
Epoch: 31, Train Loss: 0.00600, Valid Loss: 0.00965, EPS: 0.712
Epoch: 32, Train Loss: 0.00601, Valid Loss: 0.00960, EPS: 0.703
Epoch: 33, Train Loss: 0.00591, Valid Loss: 0.00965, EPS: 0.694
Epoch: 34, Train Loss: 0.00591, Valid Loss: 0.00965, EPS: 0.685
Epoch: 35, Train Loss: 0.00588, Valid Loss: 0.00957, EPS: 0.676
Epoch: 36, Train Loss: 0.00591, Valid Loss: 0.00961, EPS: 0.667
Epoch: 37, Train Loss: 0.00585, Valid Loss: 0.00970, EPS: 0.658
Epoch: 38, Train Loss: 0.00589, Valid Loss: 0.00974, EPS: 0.649
Epoch: 39, Train Loss: 0.00586, Valid Loss: 0.00964, EPS: 0.64
Epoch: 40, Train Loss: 0.00582, Valid Loss: 0.00957, EPS: 0.6310000000000001
Epoch: 41, Train Loss: 0.00577, Valid Loss: 0.00959, EPS: 0.6220000000000001
Epoch: 42, Train Loss: 0.00584, Valid Loss: 0.00965, EPS: 0.6130000000000001
Epoch: 43, Train Loss: 0.00578, Valid Loss: 0.00954, EPS: 0.6040000000000001
Epoch: 44, Train Loss: 0.00582, Valid Loss: 0.00970, EPS: 0.5950000000000001
Epoch: 45, Train Loss: 0.00575, Valid Loss: 0.00966, EPS: 0.5860000000000001
Epoch: 46, Train Loss: 0.00577, Valid Loss: 0.00958, EPS: 0.5770000000000001
Epoch: 47, Train Loss: 0.00578, Valid Loss: 0.00964, EPS: 0.5680000000000001
Epoch: 48, Train Loss: 0.00571, Valid Loss: 0.00966, EPS: 0.559
Epoch: 49, Train Loss: 0.00571, Valid Loss: 0.00950, EPS: 0.55
Epoch: 50, Train Loss: 0.00572, Valid Loss: 0.00972, EPS: 0.541
Epoch: 51, Train Loss: 0.00568, Valid Loss: 0.00961, EPS: 0.532
Epoch: 52, Train Loss: 0.00568, Valid Loss: 0.00960, EPS: 0.523
Epoch: 53, Train Loss: 0.00570, Valid Loss: 0.00973, EPS: 0.514
Epoch: 54, Train Loss: 0.00567, Valid Loss: 0.00966, EPS: 0.505
Epoch: 55, Train Loss: 0.00575, Valid Loss: 0.00972, EPS: 0.496
Epoch: 56, Train Loss: 0.00569, Valid Loss: 0.00967, EPS: 0.4870000000000001
Epoch: 57, Train Loss: 0.00568, Valid Loss: 0.00969, EPS: 0.4780000000000001
Epoch: 58, Train Loss: 0.00565, Valid Loss: 0.00968, EPS: 0.4690000000000001
Epoch: 59, Train Loss: 0.00562, Valid Loss: 0.00957, EPS: 0.4600000000000001
Epoch: 60, Train Loss: 0.00565, Valid Loss: 0.00964, EPS: 0.45100000000000007
Epoch: 61, Train Loss: 0.00483, Valid Loss: 0.00920, EPS: 0.44200000000000006
Epoch: 62, Train Loss: 0.00430, Valid Loss: 0.00896, EPS: 0.43300000000000005
Epoch: 63, Train Loss: 0.00404, Valid Loss: 0.00889, EPS: 0.42400000000000004
Epoch: 64, Train Loss: 0.00389, Valid Loss: 0.00889, EPS: 0.41500000000000004
Epoch: 65, Train Loss: 0.00382, Valid Loss: 0.00887, EPS: 0.406
Epoch: 66, Train Loss: 0.00377, Valid Loss: 0.00885, EPS: 0.397
Epoch: 67, Train Loss: 0.00372, Valid Loss: 0.00885, EPS: 0.388
Epoch: 68, Train Loss: 0.00370, Valid Loss: 0.00886, EPS: 0.3790000000000001
Epoch: 69, Train Loss: 0.00367, Valid Loss: 0.00885, EPS: 0.3700000000000001
Epoch: 70, Train Loss: 0.00364, Valid Loss: 0.00889, EPS: 0.3610000000000001
Epoch: 71, Train Loss: 0.00361, Valid Loss: 0.00890, EPS: 0.3520000000000001
Epoch: 72, Train Loss: 0.00359, Valid Loss: 0.00889, EPS: 0.343
Epoch: 73, Train Loss: 0.00357, Valid Loss: 0.00888, EPS: 0.334
Epoch: 74, Train Loss: 0.00354, Valid Loss: 0.00892, EPS: 0.325
Epoch: 75, Train Loss: 0.00353, Valid Loss: 0.00896, EPS: 0.316
Epoch: 76, Train Loss: 0.00349, Valid Loss: 0.00894, EPS: 0.307
Epoch: 77, Train Loss: 0.00347, Valid Loss: 0.00897, EPS: 0.298
Epoch: 78, Train Loss: 0.00346, Valid Loss: 0.00897, EPS: 0.289
Epoch: 79, Train Loss: 0.00331, Valid Loss: 0.00896, EPS: 0.27999999999999997
Epoch: 80, Train Loss: 0.00330, Valid Loss: 0.00892, EPS: 0.27099999999999996
Epoch: 81, Train Loss: 0.00327, Valid Loss: 0.00897, EPS: 0.26200000000000007
Epoch: 82, Train Loss: 0.00327, Valid Loss: 0.00896, EPS: 0.25300000000000006
Epoch: 83, Train Loss: 0.00326, Valid Loss: 0.00896, EPS: 0.24400000000000005
Epoch: 84, Train Loss: 0.00326, Valid Loss: 0.00898, EPS: 0.23500000000000004
Epoch: 85, Train Loss: 0.00325, Valid Loss: 0.00897, EPS: 0.22600000000000003
Epoch: 86, Train Loss: 0.00324, Valid Loss: 0.00900, EPS: 0.21700000000000003
Epoch: 87, Train Loss: 0.00324, Valid Loss: 0.00900, EPS: 0.20800000000000002
Epoch: 88, Train Loss: 0.00324, Valid Loss: 0.00898, EPS: 0.199
Epoch: 89, Train Loss: 0.00323, Valid Loss: 0.00896, EPS: 0.19
Epoch: 90, Train Loss: 0.00321, Valid Loss: 0.00899, EPS: 0.181
Epoch: 91, Train Loss: 0.00321, Valid Loss: 0.00897, EPS: 0.172
Epoch: 92, Train Loss: 0.00321, Valid Loss: 0.00900, EPS: 0.16299999999999998
Epoch: 93, Train Loss: 0.00320, Valid Loss: 0.00899, EPS: 0.15400000000000005
Epoch: 94, Train Loss: 0.00321, Valid Loss: 0.00898, EPS: 0.14500000000000005
Epoch: 95, Train Loss: 0.00321, Valid Loss: 0.00897, EPS: 0.13600000000000004
Epoch: 96, Train Loss: 0.00322, Valid Loss: 0.00897, EPS: 0.12700000000000003
Epoch: 97, Train Loss: 0.00322, Valid Loss: 0.00899, EPS: 0.11800000000000002
Epoch: 98, Train Loss: 0.00321, Valid Loss: 0.00900, EPS: 0.10900000000000001
Epoch: 99, Train Loss: 0.00321, Valid Loss: 0.00901, EPS: 0.1
Test Loss: 0.00899
Test Loss: 0.00909
Running context window: 5 with stride: 10 with seed: 123
torch.Size([2806, 5, 64, 32])
torch.Size([935, 5, 64, 32])
torch.Size([937, 5, 64, 32])
Shape: (5, 144, 72)
Epoch: 0, Train Loss: 0.02677, Valid Loss: 0.02189, EPS: 0.991
Epoch: 1, Train Loss: 0.01841, Valid Loss: 0.01672, EPS: 0.982
Epoch: 2, Train Loss: 0.01416, Valid Loss: 0.01489, EPS: 0.973
Epoch: 3, Train Loss: 0.01171, Valid Loss: 0.01349, EPS: 0.964
Epoch: 4, Train Loss: 0.00999, Valid Loss: 0.01272, EPS: 0.955
Epoch: 5, Train Loss: 0.00875, Valid Loss: 0.01218, EPS: 0.946
Epoch: 6, Train Loss: 0.00781, Valid Loss: 0.01187, EPS: 0.9369999999999999
Epoch: 7, Train Loss: 0.00711, Valid Loss: 0.01165, EPS: 0.928
Epoch: 8, Train Loss: 0.00663, Valid Loss: 0.01156, EPS: 0.919
Epoch: 9, Train Loss: 0.00625, Valid Loss: 0.01145, EPS: 0.91
Epoch: 10, Train Loss: 0.00593, Valid Loss: 0.01145, EPS: 0.901
Epoch: 11, Train Loss: 0.00575, Valid Loss: 0.01138, EPS: 0.892
Epoch: 12, Train Loss: 0.00552, Valid Loss: 0.01138, EPS: 0.883
Epoch: 13, Train Loss: 0.00533, Valid Loss: 0.01124, EPS: 0.874
Epoch: 14, Train Loss: 0.00509, Valid Loss: 0.01135, EPS: 0.865
Epoch: 15, Train Loss: 0.00498, Valid Loss: 0.01123, EPS: 0.856
Epoch: 16, Train Loss: 0.00483, Valid Loss: 0.01129, EPS: 0.847
Epoch: 17, Train Loss: 0.00471, Valid Loss: 0.01105, EPS: 0.8380000000000001
Epoch: 18, Train Loss: 0.00461, Valid Loss: 0.01108, EPS: 0.8290000000000001
Epoch: 19, Train Loss: 0.00450, Valid Loss: 0.01124, EPS: 0.8200000000000001
Epoch: 20, Train Loss: 0.00453, Valid Loss: 0.01116, EPS: 0.811
Epoch: 21, Train Loss: 0.00449, Valid Loss: 0.01107, EPS: 0.802
Epoch: 22, Train Loss: 0.00438, Valid Loss: 0.01111, EPS: 0.793
Epoch: 23, Train Loss: 0.00436, Valid Loss: 0.01120, EPS: 0.784
Epoch: 24, Train Loss: 0.00434, Valid Loss: 0.01132, EPS: 0.775
Epoch: 25, Train Loss: 0.00434, Valid Loss: 0.01114, EPS: 0.766
Epoch: 26, Train Loss: 0.00429, Valid Loss: 0.01109, EPS: 0.757
Epoch: 27, Train Loss: 0.00420, Valid Loss: 0.01124, EPS: 0.748
Epoch: 28, Train Loss: 0.00420, Valid Loss: 0.01113, EPS: 0.739
Epoch: 29, Train Loss: 0.00364, Valid Loss: 0.01092, EPS: 0.73
Epoch: 30, Train Loss: 0.00323, Valid Loss: 0.01072, EPS: 0.721
Epoch: 31, Train Loss: 0.00290, Valid Loss: 0.01065, EPS: 0.712
Epoch: 32, Train Loss: 0.00270, Valid Loss: 0.01056, EPS: 0.703
Epoch: 33, Train Loss: 0.00259, Valid Loss: 0.01055, EPS: 0.694
Epoch: 34, Train Loss: 0.00249, Valid Loss: 0.01055, EPS: 0.685
Epoch: 35, Train Loss: 0.00241, Valid Loss: 0.01052, EPS: 0.676
Epoch: 36, Train Loss: 0.00236, Valid Loss: 0.01056, EPS: 0.667
Epoch: 37, Train Loss: 0.00232, Valid Loss: 0.01059, EPS: 0.658
Epoch: 38, Train Loss: 0.00227, Valid Loss: 0.01061, EPS: 0.649
Epoch: 39, Train Loss: 0.00225, Valid Loss: 0.01059, EPS: 0.64
Epoch: 40, Train Loss: 0.00224, Valid Loss: 0.01060, EPS: 0.6310000000000001
Epoch: 41, Train Loss: 0.00221, Valid Loss: 0.01061, EPS: 0.6220000000000001
Epoch: 42, Train Loss: 0.00217, Valid Loss: 0.01070, EPS: 0.6130000000000001
Epoch: 43, Train Loss: 0.00215, Valid Loss: 0.01069, EPS: 0.6040000000000001
Epoch: 44, Train Loss: 0.00214, Valid Loss: 0.01075, EPS: 0.5950000000000001
Epoch: 45, Train Loss: 0.00211, Valid Loss: 0.01075, EPS: 0.5860000000000001
Epoch: 46, Train Loss: 0.00210, Valid Loss: 0.01075, EPS: 0.5770000000000001
Epoch: 47, Train Loss: 0.00204, Valid Loss: 0.01075, EPS: 0.5680000000000001
Epoch: 48, Train Loss: 0.00204, Valid Loss: 0.01075, EPS: 0.559
Epoch: 49, Train Loss: 0.00202, Valid Loss: 0.01072, EPS: 0.55
Epoch: 50, Train Loss: 0.00204, Valid Loss: 0.01071, EPS: 0.541
Epoch: 51, Train Loss: 0.00202, Valid Loss: 0.01075, EPS: 0.532
Epoch: 52, Train Loss: 0.00202, Valid Loss: 0.01076, EPS: 0.523
Epoch: 53, Train Loss: 0.00200, Valid Loss: 0.01075, EPS: 0.514
Epoch: 54, Train Loss: 0.00201, Valid Loss: 0.01075, EPS: 0.505
Epoch: 55, Train Loss: 0.00200, Valid Loss: 0.01078, EPS: 0.496
Epoch: 56, Train Loss: 0.00202, Valid Loss: 0.01076, EPS: 0.4870000000000001
Epoch: 57, Train Loss: 0.00200, Valid Loss: 0.01076, EPS: 0.4780000000000001
Epoch: 58, Train Loss: 0.00199, Valid Loss: 0.01078, EPS: 0.4690000000000001
Epoch: 59, Train Loss: 0.00199, Valid Loss: 0.01068, EPS: 0.4600000000000001
Epoch: 60, Train Loss: 0.00199, Valid Loss: 0.01074, EPS: 0.45100000000000007
Epoch: 61, Train Loss: 0.00198, Valid Loss: 0.01072, EPS: 0.44200000000000006
Epoch: 62, Train Loss: 0.00199, Valid Loss: 0.01073, EPS: 0.43300000000000005
Epoch: 63, Train Loss: 0.00199, Valid Loss: 0.01072, EPS: 0.42400000000000004
Epoch: 64, Train Loss: 0.00199, Valid Loss: 0.01072, EPS: 0.41500000000000004
Epoch: 65, Train Loss: 0.00200, Valid Loss: 0.01079, EPS: 0.406
Epoch: 66, Train Loss: 0.00199, Valid Loss: 0.01074, EPS: 0.397
Epoch: 67, Train Loss: 0.00199, Valid Loss: 0.01077, EPS: 0.388
Epoch: 68, Train Loss: 0.00199, Valid Loss: 0.01074, EPS: 0.3790000000000001
Epoch: 69, Train Loss: 0.00198, Valid Loss: 0.01074, EPS: 0.3700000000000001
Epoch: 70, Train Loss: 0.00197, Valid Loss: 0.01076, EPS: 0.3610000000000001
Epoch: 71, Train Loss: 0.00198, Valid Loss: 0.01071, EPS: 0.3520000000000001
Epoch: 72, Train Loss: 0.00199, Valid Loss: 0.01075, EPS: 0.343
Epoch: 73, Train Loss: 0.00199, Valid Loss: 0.01077, EPS: 0.334
Epoch: 74, Train Loss: 0.00200, Valid Loss: 0.01078, EPS: 0.325
Epoch: 75, Train Loss: 0.00198, Valid Loss: 0.01071, EPS: 0.316
Epoch: 76, Train Loss: 0.00199, Valid Loss: 0.01075, EPS: 0.307
Epoch: 77, Train Loss: 0.00198, Valid Loss: 0.01074, EPS: 0.298
Epoch: 78, Train Loss: 0.00200, Valid Loss: 0.01076, EPS: 0.289
Epoch: 79, Train Loss: 0.00198, Valid Loss: 0.01078, EPS: 0.27999999999999997
Epoch: 80, Train Loss: 0.00199, Valid Loss: 0.01073, EPS: 0.27099999999999996
Epoch: 81, Train Loss: 0.00200, Valid Loss: 0.01078, EPS: 0.26200000000000007
Epoch: 82, Train Loss: 0.00198, Valid Loss: 0.01078, EPS: 0.25300000000000006
Epoch: 83, Train Loss: 0.00197, Valid Loss: 0.01075, EPS: 0.24400000000000005
Epoch: 84, Train Loss: 0.00197, Valid Loss: 0.01076, EPS: 0.23500000000000004
Epoch: 85, Train Loss: 0.00198, Valid Loss: 0.01075, EPS: 0.22600000000000003
Epoch: 86, Train Loss: 0.00198, Valid Loss: 0.01077, EPS: 0.21700000000000003
Epoch: 87, Train Loss: 0.00198, Valid Loss: 0.01075, EPS: 0.20800000000000002
Epoch: 88, Train Loss: 0.00199, Valid Loss: 0.01076, EPS: 0.199
Epoch: 89, Train Loss: 0.00200, Valid Loss: 0.01076, EPS: 0.19
Epoch: 90, Train Loss: 0.00198, Valid Loss: 0.01077, EPS: 0.181
Epoch: 91, Train Loss: 0.00199, Valid Loss: 0.01072, EPS: 0.172
Epoch: 92, Train Loss: 0.00198, Valid Loss: 0.01079, EPS: 0.16299999999999998
Epoch: 93, Train Loss: 0.00198, Valid Loss: 0.01076, EPS: 0.15400000000000005
Epoch: 94, Train Loss: 0.00199, Valid Loss: 0.01076, EPS: 0.14500000000000005
Epoch: 95, Train Loss: 0.00198, Valid Loss: 0.01075, EPS: 0.13600000000000004
Epoch: 96, Train Loss: 0.00199, Valid Loss: 0.01073, EPS: 0.12700000000000003
Epoch: 97, Train Loss: 0.00198, Valid Loss: 0.01069, EPS: 0.11800000000000002
Epoch: 98, Train Loss: 0.00199, Valid Loss: 0.01073, EPS: 0.10900000000000001
Epoch: 99, Train Loss: 0.00200, Valid Loss: 0.01073, EPS: 0.1
Test Loss: 0.01073
Test Loss: 0.01091
