nohup: ignoring input
torch.Size([14031, 5, 64, 32])
torch.Size([4677, 5, 64, 32])
torch.Size([4678, 5, 64, 32])
Shape: (5, 144, 72)
Epoch: 0, Con Train Loss 1: 4.12, Con Train Loss 2: 4.13, Train Cycle Loss: 0.01, Train Loss: 8.27, Con Valid Loss 1: 4.04, Con Valid Loss 2: 4.05, Valid Cycle Loss: 0.01, Validation Loss: 8.11, Learning Rate: 0.0001
Epoch: 1, Con Train Loss 1: 3.34, Con Train Loss 2: 3.35, Train Cycle Loss: 0.01, Train Loss: 6.70, Con Valid Loss 1: 3.84, Con Valid Loss 2: 3.83, Valid Cycle Loss: 0.00, Validation Loss: 7.67, Learning Rate: 0.0001
Epoch: 2, Con Train Loss 1: 3.16, Con Train Loss 2: 3.17, Train Cycle Loss: 0.00, Train Loss: 6.33, Con Valid Loss 1: 3.72, Con Valid Loss 2: 3.71, Valid Cycle Loss: 0.00, Validation Loss: 7.43, Learning Rate: 0.0001
Epoch: 3, Con Train Loss 1: 3.06, Con Train Loss 2: 3.06, Train Cycle Loss: 0.00, Train Loss: 6.12, Con Valid Loss 1: 3.68, Con Valid Loss 2: 3.66, Valid Cycle Loss: 0.00, Validation Loss: 7.34, Learning Rate: 0.0001
Epoch: 4, Con Train Loss 1: 2.99, Con Train Loss 2: 3.00, Train Cycle Loss: 0.00, Train Loss: 6.00, Con Valid Loss 1: 3.63, Con Valid Loss 2: 3.62, Valid Cycle Loss: 0.00, Validation Loss: 7.25, Learning Rate: 0.0001
Epoch: 5, Con Train Loss 1: 2.94, Con Train Loss 2: 2.95, Train Cycle Loss: 0.00, Train Loss: 5.90, Con Valid Loss 1: 3.61, Con Valid Loss 2: 3.61, Valid Cycle Loss: 0.00, Validation Loss: 7.23, Learning Rate: 0.0001
Epoch: 6, Con Train Loss 1: 2.90, Con Train Loss 2: 2.91, Train Cycle Loss: 0.00, Train Loss: 5.82, Con Valid Loss 1: 3.59, Con Valid Loss 2: 3.60, Valid Cycle Loss: 0.00, Validation Loss: 7.19, Learning Rate: 0.0001
Epoch: 7, Con Train Loss 1: 2.87, Con Train Loss 2: 2.88, Train Cycle Loss: 0.00, Train Loss: 5.75, Con Valid Loss 1: 3.59, Con Valid Loss 2: 3.59, Valid Cycle Loss: 0.00, Validation Loss: 7.18, Learning Rate: 0.0001
Epoch: 8, Con Train Loss 1: 2.85, Con Train Loss 2: 2.85, Train Cycle Loss: 0.00, Train Loss: 5.70, Con Valid Loss 1: 3.59, Con Valid Loss 2: 3.60, Valid Cycle Loss: 0.00, Validation Loss: 7.19, Learning Rate: 0.0001
Epoch: 9, Con Train Loss 1: 2.82, Con Train Loss 2: 2.82, Train Cycle Loss: 0.00, Train Loss: 5.65, Con Valid Loss 1: 3.59, Con Valid Loss 2: 3.60, Valid Cycle Loss: 0.00, Validation Loss: 7.19, Learning Rate: 0.0001
Epoch: 10, Con Train Loss 1: 2.80, Con Train Loss 2: 2.80, Train Cycle Loss: 0.00, Train Loss: 5.60, Con Valid Loss 1: 3.61, Con Valid Loss 2: 3.60, Valid Cycle Loss: 0.00, Validation Loss: 7.21, Learning Rate: 0.0001
Epoch: 11, Con Train Loss 1: 2.78, Con Train Loss 2: 2.78, Train Cycle Loss: 0.00, Train Loss: 5.55, Con Valid Loss 1: 3.61, Con Valid Loss 2: 3.61, Valid Cycle Loss: 0.00, Validation Loss: 7.22, Learning Rate: 0.0001
Epoch: 12, Con Train Loss 1: 2.75, Con Train Loss 2: 2.75, Train Cycle Loss: 0.00, Train Loss: 5.51, Con Valid Loss 1: 3.63, Con Valid Loss 2: 3.61, Valid Cycle Loss: 0.00, Validation Loss: 7.24, Learning Rate: 0.0001
Epoch: 13, Con Train Loss 1: 2.73, Con Train Loss 2: 2.73, Train Cycle Loss: 0.00, Train Loss: 5.47, Con Valid Loss 1: 3.64, Con Valid Loss 2: 3.64, Valid Cycle Loss: 0.00, Validation Loss: 7.28, Learning Rate: 0.0001
Epoch: 14, Con Train Loss 1: 2.71, Con Train Loss 2: 2.71, Train Cycle Loss: 0.00, Train Loss: 5.43, Con Valid Loss 1: 3.64, Con Valid Loss 2: 3.63, Valid Cycle Loss: 0.00, Validation Loss: 7.27, Learning Rate: 0.0001
Epoch: 15, Con Train Loss 1: 2.70, Con Train Loss 2: 2.69, Train Cycle Loss: 0.00, Train Loss: 5.39, Con Valid Loss 1: 3.64, Con Valid Loss 2: 3.64, Valid Cycle Loss: 0.00, Validation Loss: 7.29, Learning Rate: 0.0001
Epoch: 16, Con Train Loss 1: 2.68, Con Train Loss 2: 2.68, Train Cycle Loss: 0.00, Train Loss: 5.36, Con Valid Loss 1: 3.65, Con Valid Loss 2: 3.65, Valid Cycle Loss: 0.00, Validation Loss: 7.30, Learning Rate: 0.0001
Epoch: 17, Con Train Loss 1: 2.67, Con Train Loss 2: 2.66, Train Cycle Loss: 0.00, Train Loss: 5.33, Con Valid Loss 1: 3.68, Con Valid Loss 2: 3.66, Valid Cycle Loss: 0.00, Validation Loss: 7.34, Learning Rate: 0.0001
Epoch: 18, Con Train Loss 1: 2.65, Con Train Loss 2: 2.65, Train Cycle Loss: 0.00, Train Loss: 5.30, Con Valid Loss 1: 3.66, Con Valid Loss 2: 3.66, Valid Cycle Loss: 0.00, Validation Loss: 7.32, Learning Rate: 0.0001
Epoch: 19, Con Train Loss 1: 2.62, Con Train Loss 2: 2.62, Train Cycle Loss: 0.00, Train Loss: 5.25, Con Valid Loss 1: 3.66, Con Valid Loss 2: 3.66, Valid Cycle Loss: 0.00, Validation Loss: 7.33, Learning Rate: 1e-05
Epoch: 20, Con Train Loss 1: 2.61, Con Train Loss 2: 2.61, Train Cycle Loss: 0.00, Train Loss: 5.22, Con Valid Loss 1: 3.67, Con Valid Loss 2: 3.66, Valid Cycle Loss: 0.00, Validation Loss: 7.34, Learning Rate: 1e-05
Epoch: 21, Con Train Loss 1: 2.61, Con Train Loss 2: 2.61, Train Cycle Loss: 0.00, Train Loss: 5.22, Con Valid Loss 1: 3.68, Con Valid Loss 2: 3.66, Valid Cycle Loss: 0.00, Validation Loss: 7.35, Learning Rate: 1e-05
Epoch: 22, Con Train Loss 1: 2.60, Con Train Loss 2: 2.60, Train Cycle Loss: 0.00, Train Loss: 5.21, Con Valid Loss 1: 3.68, Con Valid Loss 2: 3.68, Valid Cycle Loss: 0.00, Validation Loss: 7.36, Learning Rate: 1e-05
Epoch: 23, Con Train Loss 1: 2.60, Con Train Loss 2: 2.60, Train Cycle Loss: 0.00, Train Loss: 5.20, Con Valid Loss 1: 3.69, Con Valid Loss 2: 3.68, Valid Cycle Loss: 0.00, Validation Loss: 7.37, Learning Rate: 1e-05
Epoch: 24, Con Train Loss 1: 2.60, Con Train Loss 2: 2.59, Train Cycle Loss: 0.00, Train Loss: 5.19, Con Valid Loss 1: 3.68, Con Valid Loss 2: 3.68, Valid Cycle Loss: 0.00, Validation Loss: 7.37, Learning Rate: 1e-05
Epoch: 25, Con Train Loss 1: 2.60, Con Train Loss 2: 2.59, Train Cycle Loss: 0.00, Train Loss: 5.19, Con Valid Loss 1: 3.69, Con Valid Loss 2: 3.69, Valid Cycle Loss: 0.00, Validation Loss: 7.38, Learning Rate: 1e-05
Epoch: 26, Con Train Loss 1: 2.59, Con Train Loss 2: 2.59, Train Cycle Loss: 0.00, Train Loss: 5.19, Con Valid Loss 1: 3.69, Con Valid Loss 2: 3.68, Valid Cycle Loss: 0.00, Validation Loss: 7.38, Learning Rate: 1e-05
Epoch: 27, Con Train Loss 1: 2.59, Con Train Loss 2: 2.59, Train Cycle Loss: 0.00, Train Loss: 5.18, Con Valid Loss 1: 3.69, Con Valid Loss 2: 3.69, Valid Cycle Loss: 0.00, Validation Loss: 7.38, Learning Rate: 1e-05
Epoch: 28, Con Train Loss 1: 2.59, Con Train Loss 2: 2.59, Train Cycle Loss: 0.00, Train Loss: 5.18, Con Valid Loss 1: 3.70, Con Valid Loss 2: 3.69, Valid Cycle Loss: 0.00, Validation Loss: 7.39, Learning Rate: 1e-05
Epoch: 29, Con Train Loss 1: 2.59, Con Train Loss 2: 2.59, Train Cycle Loss: 0.00, Train Loss: 5.17, Con Valid Loss 1: 3.69, Con Valid Loss 2: 3.68, Valid Cycle Loss: 0.00, Validation Loss: 7.37, Learning Rate: 1e-05
Epoch: 30, Con Train Loss 1: 2.59, Con Train Loss 2: 2.59, Train Cycle Loss: 0.00, Train Loss: 5.17, Con Valid Loss 1: 3.71, Con Valid Loss 2: 3.70, Valid Cycle Loss: 0.00, Validation Loss: 7.42, Learning Rate: 1.0000000000000002e-06
Epoch: 31, Con Train Loss 1: 2.58, Con Train Loss 2: 2.58, Train Cycle Loss: 0.00, Train Loss: 5.17, Con Valid Loss 1: 3.71, Con Valid Loss 2: 3.71, Valid Cycle Loss: 0.00, Validation Loss: 7.43, Learning Rate: 1.0000000000000002e-06
Epoch: 32, Con Train Loss 1: 2.58, Con Train Loss 2: 2.58, Train Cycle Loss: 0.00, Train Loss: 5.17, Con Valid Loss 1: 3.70, Con Valid Loss 2: 3.68, Valid Cycle Loss: 0.00, Validation Loss: 7.39, Learning Rate: 1.0000000000000002e-06
Epoch: 33, Con Train Loss 1: 2.58, Con Train Loss 2: 2.58, Train Cycle Loss: 0.00, Train Loss: 5.17, Con Valid Loss 1: 3.70, Con Valid Loss 2: 3.71, Valid Cycle Loss: 0.00, Validation Loss: 7.41, Learning Rate: 1.0000000000000002e-06
Epoch: 34, Con Train Loss 1: 2.58, Con Train Loss 2: 2.58, Train Cycle Loss: 0.00, Train Loss: 5.17, Con Valid Loss 1: 3.69, Con Valid Loss 2: 3.69, Valid Cycle Loss: 0.00, Validation Loss: 7.39, Learning Rate: 1.0000000000000002e-06
Epoch: 35, Con Train Loss 1: 2.58, Con Train Loss 2: 2.58, Train Cycle Loss: 0.00, Train Loss: 5.16, Con Valid Loss 1: 3.69, Con Valid Loss 2: 3.69, Valid Cycle Loss: 0.00, Validation Loss: 7.38, Learning Rate: 1.0000000000000002e-06
Epoch: 36, Con Train Loss 1: 2.58, Con Train Loss 2: 2.58, Train Cycle Loss: 0.00, Train Loss: 5.16, Con Valid Loss 1: 3.71, Con Valid Loss 2: 3.69, Valid Cycle Loss: 0.00, Validation Loss: 7.40, Learning Rate: 1.0000000000000002e-06
Epoch: 37, Con Train Loss 1: 2.58, Con Train Loss 2: 2.58, Train Cycle Loss: 0.00, Train Loss: 5.16, Con Valid Loss 1: 3.70, Con Valid Loss 2: 3.70, Valid Cycle Loss: 0.00, Validation Loss: 7.40, Learning Rate: 1.0000000000000002e-06
Epoch: 38, Con Train Loss 1: 2.58, Con Train Loss 2: 2.58, Train Cycle Loss: 0.00, Train Loss: 5.16, Con Valid Loss 1: 3.68, Con Valid Loss 2: 3.69, Valid Cycle Loss: 0.00, Validation Loss: 7.37, Learning Rate: 1.0000000000000002e-06
Epoch: 39, Con Train Loss 1: 2.58, Con Train Loss 2: 2.58, Train Cycle Loss: 0.00, Train Loss: 5.16, Con Valid Loss 1: 3.69, Con Valid Loss 2: 3.70, Valid Cycle Loss: 0.00, Validation Loss: 7.40, Learning Rate: 1.0000000000000002e-06
Epoch: 40, Con Train Loss 1: 2.58, Con Train Loss 2: 2.58, Train Cycle Loss: 0.00, Train Loss: 5.16, Con Valid Loss 1: 3.70, Con Valid Loss 2: 3.70, Valid Cycle Loss: 0.00, Validation Loss: 7.41, Learning Rate: 1.0000000000000002e-06
Epoch: 41, Con Train Loss 1: 2.58, Con Train Loss 2: 2.58, Train Cycle Loss: 0.00, Train Loss: 5.16, Con Valid Loss 1: 3.71, Con Valid Loss 2: 3.70, Valid Cycle Loss: 0.00, Validation Loss: 7.42, Learning Rate: 1.0000000000000002e-07
Epoch: 42, Con Train Loss 1: 2.58, Con Train Loss 2: 2.58, Train Cycle Loss: 0.00, Train Loss: 5.16, Con Valid Loss 1: 3.71, Con Valid Loss 2: 3.70, Valid Cycle Loss: 0.00, Validation Loss: 7.42, Learning Rate: 1.0000000000000002e-07
Epoch: 43, Con Train Loss 1: 2.58, Con Train Loss 2: 2.58, Train Cycle Loss: 0.00, Train Loss: 5.16, Con Valid Loss 1: 3.72, Con Valid Loss 2: 3.72, Valid Cycle Loss: 0.00, Validation Loss: 7.44, Learning Rate: 1.0000000000000002e-07
Epoch: 44, Con Train Loss 1: 2.58, Con Train Loss 2: 2.58, Train Cycle Loss: 0.00, Train Loss: 5.16, Con Valid Loss 1: 3.70, Con Valid Loss 2: 3.68, Valid Cycle Loss: 0.00, Validation Loss: 7.39, Learning Rate: 1.0000000000000002e-07
Epoch: 45, Con Train Loss 1: 2.58, Con Train Loss 2: 2.58, Train Cycle Loss: 0.00, Train Loss: 5.16, Con Valid Loss 1: 3.70, Con Valid Loss 2: 3.70, Valid Cycle Loss: 0.00, Validation Loss: 7.40, Learning Rate: 1.0000000000000002e-07
Epoch: 46, Con Train Loss 1: 2.58, Con Train Loss 2: 2.58, Train Cycle Loss: 0.00, Train Loss: 5.16, Con Valid Loss 1: 3.71, Con Valid Loss 2: 3.70, Valid Cycle Loss: 0.00, Validation Loss: 7.41, Learning Rate: 1.0000000000000002e-07
Epoch: 47, Con Train Loss 1: 2.58, Con Train Loss 2: 2.58, Train Cycle Loss: 0.00, Train Loss: 5.16, Con Valid Loss 1: 3.71, Con Valid Loss 2: 3.71, Valid Cycle Loss: 0.00, Validation Loss: 7.42, Learning Rate: 1.0000000000000002e-07
Epoch: 48, Con Train Loss 1: 2.58, Con Train Loss 2: 2.58, Train Cycle Loss: 0.00, Train Loss: 5.16, Con Valid Loss 1: 3.70, Con Valid Loss 2: 3.69, Valid Cycle Loss: 0.00, Validation Loss: 7.39, Learning Rate: 1.0000000000000002e-07
Epoch: 49, Con Train Loss 1: 2.58, Con Train Loss 2: 2.58, Train Cycle Loss: 0.00, Train Loss: 5.16, Con Valid Loss 1: 3.70, Con Valid Loss 2: 3.70, Valid Cycle Loss: 0.00, Validation Loss: 7.41, Learning Rate: 1.0000000000000002e-07
Epoch: 50, Con Train Loss 1: 2.58, Con Train Loss 2: 2.58, Train Cycle Loss: 0.00, Train Loss: 5.16, Con Valid Loss 1: 3.71, Con Valid Loss 2: 3.70, Valid Cycle Loss: 0.00, Validation Loss: 7.42, Learning Rate: 1.0000000000000002e-07
Epoch: 51, Con Train Loss 1: 2.58, Con Train Loss 2: 2.58, Train Cycle Loss: 0.00, Train Loss: 5.16, Con Valid Loss 1: 3.70, Con Valid Loss 2: 3.70, Valid Cycle Loss: 0.00, Validation Loss: 7.40, Learning Rate: 1.0000000000000002e-07
Epoch: 52, Con Train Loss 1: 2.58, Con Train Loss 2: 2.58, Train Cycle Loss: 0.00, Train Loss: 5.16, Con Valid Loss 1: 3.70, Con Valid Loss 2: 3.69, Valid Cycle Loss: 0.00, Validation Loss: 7.39, Learning Rate: 1.0000000000000004e-08
Epoch: 53, Con Train Loss 1: 2.58, Con Train Loss 2: 2.58, Train Cycle Loss: 0.00, Train Loss: 5.16, Con Valid Loss 1: 3.70, Con Valid Loss 2: 3.69, Valid Cycle Loss: 0.00, Validation Loss: 7.38, Learning Rate: 1.0000000000000004e-08
Epoch: 54, Con Train Loss 1: 2.58, Con Train Loss 2: 2.58, Train Cycle Loss: 0.00, Train Loss: 5.16, Con Valid Loss 1: 3.71, Con Valid Loss 2: 3.69, Valid Cycle Loss: 0.00, Validation Loss: 7.41, Learning Rate: 1.0000000000000004e-08
Epoch: 55, Con Train Loss 1: 2.58, Con Train Loss 2: 2.58, Train Cycle Loss: 0.00, Train Loss: 5.16, Con Valid Loss 1: 3.70, Con Valid Loss 2: 3.70, Valid Cycle Loss: 0.00, Validation Loss: 7.40, Learning Rate: 1.0000000000000004e-08
Epoch: 56, Con Train Loss 1: 2.58, Con Train Loss 2: 2.58, Train Cycle Loss: 0.00, Train Loss: 5.16, Con Valid Loss 1: 3.70, Con Valid Loss 2: 3.69, Valid Cycle Loss: 0.00, Validation Loss: 7.40, Learning Rate: 1.0000000000000004e-08
Epoch: 57, Con Train Loss 1: 2.58, Con Train Loss 2: 2.58, Train Cycle Loss: 0.00, Train Loss: 5.16, Con Valid Loss 1: 3.70, Con Valid Loss 2: 3.69, Valid Cycle Loss: 0.00, Validation Loss: 7.40, Learning Rate: 1.0000000000000004e-08
Epoch: 58, Con Train Loss 1: 2.58, Con Train Loss 2: 2.58, Train Cycle Loss: 0.00, Train Loss: 5.16, Con Valid Loss 1: 3.70, Con Valid Loss 2: 3.70, Valid Cycle Loss: 0.00, Validation Loss: 7.40, Learning Rate: 1.0000000000000004e-08
Epoch: 59, Con Train Loss 1: 2.58, Con Train Loss 2: 2.58, Train Cycle Loss: 0.00, Train Loss: 5.16, Con Valid Loss 1: 3.70, Con Valid Loss 2: 3.69, Valid Cycle Loss: 0.00, Validation Loss: 7.39, Learning Rate: 1.0000000000000004e-08
Epoch: 60, Con Train Loss 1: 2.58, Con Train Loss 2: 2.58, Train Cycle Loss: 0.00, Train Loss: 5.16, Con Valid Loss 1: 3.70, Con Valid Loss 2: 3.70, Valid Cycle Loss: 0.00, Validation Loss: 7.41, Learning Rate: 1.0000000000000004e-08
Epoch: 61, Con Train Loss 1: 2.58, Con Train Loss 2: 2.58, Train Cycle Loss: 0.00, Train Loss: 5.16, Con Valid Loss 1: 3.71, Con Valid Loss 2: 3.69, Valid Cycle Loss: 0.00, Validation Loss: 7.40, Learning Rate: 1.0000000000000004e-08
Epoch: 62, Con Train Loss 1: 2.58, Con Train Loss 2: 2.58, Train Cycle Loss: 0.00, Train Loss: 5.16, Con Valid Loss 1: 3.71, Con Valid Loss 2: 3.70, Valid Cycle Loss: 0.00, Validation Loss: 7.41, Learning Rate: 1.0000000000000004e-08
Epoch: 63, Con Train Loss 1: 2.58, Con Train Loss 2: 2.58, Train Cycle Loss: 0.00, Train Loss: 5.16, Con Valid Loss 1: 3.70, Con Valid Loss 2: 3.70, Valid Cycle Loss: 0.00, Validation Loss: 7.41, Learning Rate: 1.0000000000000004e-08
Epoch: 64, Con Train Loss 1: 2.58, Con Train Loss 2: 2.58, Train Cycle Loss: 0.00, Train Loss: 5.16, Con Valid Loss 1: 3.71, Con Valid Loss 2: 3.69, Valid Cycle Loss: 0.00, Validation Loss: 7.41, Learning Rate: 1.0000000000000004e-08
Epoch: 65, Con Train Loss 1: 2.58, Con Train Loss 2: 2.58, Train Cycle Loss: 0.00, Train Loss: 5.16, Con Valid Loss 1: 3.71, Con Valid Loss 2: 3.69, Valid Cycle Loss: 0.00, Validation Loss: 7.41, Learning Rate: 1.0000000000000004e-08
Epoch: 66, Con Train Loss 1: 2.58, Con Train Loss 2: 2.58, Train Cycle Loss: 0.00, Train Loss: 5.16, Con Valid Loss 1: 3.70, Con Valid Loss 2: 3.70, Valid Cycle Loss: 0.00, Validation Loss: 7.40, Learning Rate: 1.0000000000000004e-08
Epoch: 67, Con Train Loss 1: 2.58, Con Train Loss 2: 2.58, Train Cycle Loss: 0.00, Train Loss: 5.16, Con Valid Loss 1: 3.70, Con Valid Loss 2: 3.69, Valid Cycle Loss: 0.00, Validation Loss: 7.39, Learning Rate: 1.0000000000000004e-08
Epoch: 68, Con Train Loss 1: 2.58, Con Train Loss 2: 2.58, Train Cycle Loss: 0.00, Train Loss: 5.16, Con Valid Loss 1: 3.70, Con Valid Loss 2: 3.70, Valid Cycle Loss: 0.00, Validation Loss: 7.40, Learning Rate: 1.0000000000000004e-08
Epoch: 69, Con Train Loss 1: 2.58, Con Train Loss 2: 2.58, Train Cycle Loss: 0.00, Train Loss: 5.16, Con Valid Loss 1: 3.71, Con Valid Loss 2: 3.71, Valid Cycle Loss: 0.00, Validation Loss: 7.42, Learning Rate: 1.0000000000000004e-08
Epoch: 70, Con Train Loss 1: 2.58, Con Train Loss 2: 2.58, Train Cycle Loss: 0.00, Train Loss: 5.16, Con Valid Loss 1: 3.70, Con Valid Loss 2: 3.69, Valid Cycle Loss: 0.00, Validation Loss: 7.40, Learning Rate: 1.0000000000000004e-08
Epoch: 71, Con Train Loss 1: 2.58, Con Train Loss 2: 2.58, Train Cycle Loss: 0.00, Train Loss: 5.16, Con Valid Loss 1: 3.70, Con Valid Loss 2: 3.69, Valid Cycle Loss: 0.00, Validation Loss: 7.40, Learning Rate: 1.0000000000000004e-08
Epoch: 72, Con Train Loss 1: 2.58, Con Train Loss 2: 2.58, Train Cycle Loss: 0.00, Train Loss: 5.16, Con Valid Loss 1: 3.71, Con Valid Loss 2: 3.70, Valid Cycle Loss: 0.00, Validation Loss: 7.41, Learning Rate: 1.0000000000000004e-08
Epoch: 73, Con Train Loss 1: 2.58, Con Train Loss 2: 2.58, Train Cycle Loss: 0.00, Train Loss: 5.16, Con Valid Loss 1: 3.70, Con Valid Loss 2: 3.70, Valid Cycle Loss: 0.00, Validation Loss: 7.40, Learning Rate: 1.0000000000000004e-08
Epoch: 74, Con Train Loss 1: 2.58, Con Train Loss 2: 2.58, Train Cycle Loss: 0.00, Train Loss: 5.16, Con Valid Loss 1: 3.71, Con Valid Loss 2: 3.70, Valid Cycle Loss: 0.00, Validation Loss: 7.41, Learning Rate: 1.0000000000000004e-08
Epoch: 75, Con Train Loss 1: 2.58, Con Train Loss 2: 2.58, Train Cycle Loss: 0.00, Train Loss: 5.16, Con Valid Loss 1: 3.70, Con Valid Loss 2: 3.70, Valid Cycle Loss: 0.00, Validation Loss: 7.41, Learning Rate: 1.0000000000000004e-08
Epoch: 76, Con Train Loss 1: 2.58, Con Train Loss 2: 2.58, Train Cycle Loss: 0.00, Train Loss: 5.16, Con Valid Loss 1: 3.71, Con Valid Loss 2: 3.70, Valid Cycle Loss: 0.00, Validation Loss: 7.42, Learning Rate: 1.0000000000000004e-08
Epoch: 77, Con Train Loss 1: 2.58, Con Train Loss 2: 2.58, Train Cycle Loss: 0.00, Train Loss: 5.16, Con Valid Loss 1: 3.71, Con Valid Loss 2: 3.70, Valid Cycle Loss: 0.00, Validation Loss: 7.41, Learning Rate: 1.0000000000000004e-08
Epoch: 78, Con Train Loss 1: 2.58, Con Train Loss 2: 2.58, Train Cycle Loss: 0.00, Train Loss: 5.16, Con Valid Loss 1: 3.70, Con Valid Loss 2: 3.69, Valid Cycle Loss: 0.00, Validation Loss: 7.39, Learning Rate: 1.0000000000000004e-08
Epoch: 79, Con Train Loss 1: 2.58, Con Train Loss 2: 2.58, Train Cycle Loss: 0.00, Train Loss: 5.16, Con Valid Loss 1: 3.71, Con Valid Loss 2: 3.70, Valid Cycle Loss: 0.00, Validation Loss: 7.41, Learning Rate: 1.0000000000000004e-08
Epoch: 80, Con Train Loss 1: 2.58, Con Train Loss 2: 2.58, Train Cycle Loss: 0.00, Train Loss: 5.16, Con Valid Loss 1: 3.70, Con Valid Loss 2: 3.69, Valid Cycle Loss: 0.00, Validation Loss: 7.40, Learning Rate: 1.0000000000000004e-08
Epoch: 81, Con Train Loss 1: 2.58, Con Train Loss 2: 2.58, Train Cycle Loss: 0.00, Train Loss: 5.16, Con Valid Loss 1: 3.70, Con Valid Loss 2: 3.69, Valid Cycle Loss: 0.00, Validation Loss: 7.39, Learning Rate: 1.0000000000000004e-08
Epoch: 82, Con Train Loss 1: 2.58, Con Train Loss 2: 2.58, Train Cycle Loss: 0.00, Train Loss: 5.16, Con Valid Loss 1: 3.70, Con Valid Loss 2: 3.70, Valid Cycle Loss: 0.00, Validation Loss: 7.40, Learning Rate: 1.0000000000000004e-08
Epoch: 83, Con Train Loss 1: 2.58, Con Train Loss 2: 2.58, Train Cycle Loss: 0.00, Train Loss: 5.16, Con Valid Loss 1: 3.71, Con Valid Loss 2: 3.70, Valid Cycle Loss: 0.00, Validation Loss: 7.41, Learning Rate: 1.0000000000000004e-08
Epoch: 84, Con Train Loss 1: 2.58, Con Train Loss 2: 2.58, Train Cycle Loss: 0.00, Train Loss: 5.16, Con Valid Loss 1: 3.70, Con Valid Loss 2: 3.69, Valid Cycle Loss: 0.00, Validation Loss: 7.40, Learning Rate: 1.0000000000000004e-08
Epoch: 85, Con Train Loss 1: 2.58, Con Train Loss 2: 2.58, Train Cycle Loss: 0.00, Train Loss: 5.16, Con Valid Loss 1: 3.71, Con Valid Loss 2: 3.70, Valid Cycle Loss: 0.00, Validation Loss: 7.42, Learning Rate: 1.0000000000000004e-08
Epoch: 86, Con Train Loss 1: 2.58, Con Train Loss 2: 2.58, Train Cycle Loss: 0.00, Train Loss: 5.16, Con Valid Loss 1: 3.71, Con Valid Loss 2: 3.69, Valid Cycle Loss: 0.00, Validation Loss: 7.40, Learning Rate: 1.0000000000000004e-08
Epoch: 87, Con Train Loss 1: 2.58, Con Train Loss 2: 2.58, Train Cycle Loss: 0.00, Train Loss: 5.16, Con Valid Loss 1: 3.70, Con Valid Loss 2: 3.70, Valid Cycle Loss: 0.00, Validation Loss: 7.40, Learning Rate: 1.0000000000000004e-08
Epoch: 88, Con Train Loss 1: 2.58, Con Train Loss 2: 2.58, Train Cycle Loss: 0.00, Train Loss: 5.16, Con Valid Loss 1: 3.71, Con Valid Loss 2: 3.70, Valid Cycle Loss: 0.00, Validation Loss: 7.41, Learning Rate: 1.0000000000000004e-08
Epoch: 89, Con Train Loss 1: 2.58, Con Train Loss 2: 2.58, Train Cycle Loss: 0.00, Train Loss: 5.16, Con Valid Loss 1: 3.71, Con Valid Loss 2: 3.69, Valid Cycle Loss: 0.00, Validation Loss: 7.40, Learning Rate: 1.0000000000000004e-08
Epoch: 90, Con Train Loss 1: 2.58, Con Train Loss 2: 2.58, Train Cycle Loss: 0.00, Train Loss: 5.16, Con Valid Loss 1: 3.69, Con Valid Loss 2: 3.69, Valid Cycle Loss: 0.00, Validation Loss: 7.39, Learning Rate: 1.0000000000000004e-08
Epoch: 91, Con Train Loss 1: 2.58, Con Train Loss 2: 2.58, Train Cycle Loss: 0.00, Train Loss: 5.16, Con Valid Loss 1: 3.70, Con Valid Loss 2: 3.70, Valid Cycle Loss: 0.00, Validation Loss: 7.41, Learning Rate: 1.0000000000000004e-08
Epoch: 92, Con Train Loss 1: 2.58, Con Train Loss 2: 2.58, Train Cycle Loss: 0.00, Train Loss: 5.16, Con Valid Loss 1: 3.70, Con Valid Loss 2: 3.70, Valid Cycle Loss: 0.00, Validation Loss: 7.41, Learning Rate: 1.0000000000000004e-08
Epoch: 93, Con Train Loss 1: 2.58, Con Train Loss 2: 2.58, Train Cycle Loss: 0.00, Train Loss: 5.16, Con Valid Loss 1: 3.71, Con Valid Loss 2: 3.70, Valid Cycle Loss: 0.00, Validation Loss: 7.41, Learning Rate: 1.0000000000000004e-08
Epoch: 94, Con Train Loss 1: 2.58, Con Train Loss 2: 2.58, Train Cycle Loss: 0.00, Train Loss: 5.16, Con Valid Loss 1: 3.70, Con Valid Loss 2: 3.69, Valid Cycle Loss: 0.00, Validation Loss: 7.40, Learning Rate: 1.0000000000000004e-08
Epoch: 95, Con Train Loss 1: 2.58, Con Train Loss 2: 2.58, Train Cycle Loss: 0.00, Train Loss: 5.16, Con Valid Loss 1: 3.70, Con Valid Loss 2: 3.70, Valid Cycle Loss: 0.00, Validation Loss: 7.40, Learning Rate: 1.0000000000000004e-08
Epoch: 96, Con Train Loss 1: 2.58, Con Train Loss 2: 2.58, Train Cycle Loss: 0.00, Train Loss: 5.16, Con Valid Loss 1: 3.71, Con Valid Loss 2: 3.69, Valid Cycle Loss: 0.00, Validation Loss: 7.40, Learning Rate: 1.0000000000000004e-08
Epoch: 97, Con Train Loss 1: 2.58, Con Train Loss 2: 2.58, Train Cycle Loss: 0.00, Train Loss: 5.16, Con Valid Loss 1: 3.72, Con Valid Loss 2: 3.70, Valid Cycle Loss: 0.00, Validation Loss: 7.43, Learning Rate: 1.0000000000000004e-08
Epoch: 98, Con Train Loss 1: 2.58, Con Train Loss 2: 2.58, Train Cycle Loss: 0.00, Train Loss: 5.16, Con Valid Loss 1: 3.70, Con Valid Loss 2: 3.70, Valid Cycle Loss: 0.00, Validation Loss: 7.41, Learning Rate: 1.0000000000000004e-08
Epoch: 99, Con Train Loss 1: 2.58, Con Train Loss 2: 2.58, Train Cycle Loss: 0.00, Train Loss: 5.16, Con Valid Loss 1: 3.70, Con Valid Loss 2: 3.70, Valid Cycle Loss: 0.00, Validation Loss: 7.40, Learning Rate: 1.0000000000000004e-08
Fine Tuning Both
Epoch: 0, Alpha: 1.00
  Total Train Loss:        11.60
    Contrastive Train Loss: 11.60
    Overall Recon Train Loss: 3.19
    Recon Train Loss:       0.64
  Total Valid Loss:        11.64
    Contrastive Valid Loss: 11.64
    Overall Recon Valid Loss: 2.17
    Recon Valid Loss:       0.43
Learning Rate: 0.0001
Epoch: 1, Alpha: 0.99
  Total Train Loss:        9.55
    Contrastive Train Loss: 9.62
    Overall Recon Train Loss: 2.21
    Recon Train Loss:       0.44
  Total Valid Loss:        11.08
    Contrastive Valid Loss: 11.18
    Overall Recon Valid Loss: 1.92
    Recon Valid Loss:       0.38
Learning Rate: 0.0001
Epoch: 2, Alpha: 0.98
  Total Train Loss:        9.14
    Contrastive Train Loss: 9.28
    Overall Recon Train Loss: 2.05
    Recon Train Loss:       0.41
  Total Valid Loss:        10.81
    Contrastive Valid Loss: 10.99
    Overall Recon Valid Loss: 1.83
    Recon Valid Loss:       0.37
Learning Rate: 0.0001
Epoch: 3, Alpha: 0.97
  Total Train Loss:        8.91
    Contrastive Train Loss: 9.12
    Overall Recon Train Loss: 1.98
    Recon Train Loss:       0.40
  Total Valid Loss:        10.63
    Contrastive Valid Loss: 10.90
    Overall Recon Valid Loss: 1.79
    Recon Valid Loss:       0.36
Learning Rate: 0.0001
Epoch: 4, Alpha: 0.96
  Total Train Loss:        8.73
    Contrastive Train Loss: 9.01
    Overall Recon Train Loss: 1.93
    Recon Train Loss:       0.39
  Total Valid Loss:        10.50
    Contrastive Valid Loss: 10.86
    Overall Recon Valid Loss: 1.76
    Recon Valid Loss:       0.35
Learning Rate: 0.0001
Epoch: 5, Alpha: 0.95
  Total Train Loss:        8.56
    Contrastive Train Loss: 8.90
    Overall Recon Train Loss: 1.89
    Recon Train Loss:       0.38
  Total Valid Loss:        10.35
    Contrastive Valid Loss: 10.79
    Overall Recon Valid Loss: 1.72
    Recon Valid Loss:       0.34
Learning Rate: 0.0001
Epoch: 6, Alpha: 0.94
  Total Train Loss:        8.40
    Contrastive Train Loss: 8.80
    Overall Recon Train Loss: 1.84
    Recon Train Loss:       0.37
  Total Valid Loss:        10.15
    Contrastive Valid Loss: 10.68
    Overall Recon Valid Loss: 1.66
    Recon Valid Loss:       0.33
Learning Rate: 0.0001
Epoch: 7, Alpha: 0.93
  Total Train Loss:        8.23
    Contrastive Train Loss: 8.70
    Overall Recon Train Loss: 1.80
    Recon Train Loss:       0.36
  Total Valid Loss:        9.98
    Contrastive Valid Loss: 10.59
    Overall Recon Valid Loss: 1.61
    Recon Valid Loss:       0.32
Learning Rate: 0.0001
Epoch: 8, Alpha: 0.92
  Total Train Loss:        8.06
    Contrastive Train Loss: 8.58
    Overall Recon Train Loss: 1.75
    Recon Train Loss:       0.35
  Total Valid Loss:        9.81
    Contrastive Valid Loss: 10.50
    Overall Recon Valid Loss: 1.55
    Recon Valid Loss:       0.31
Learning Rate: 0.0001
Epoch: 9, Alpha: 0.91
  Total Train Loss:        7.90
    Contrastive Train Loss: 8.48
    Overall Recon Train Loss: 1.70
    Recon Train Loss:       0.34
  Total Valid Loss:        9.69
    Contrastive Valid Loss: 10.46
    Overall Recon Valid Loss: 1.52
    Recon Valid Loss:       0.30
Learning Rate: 0.0001
Epoch: 10, Alpha: 0.90
  Total Train Loss:        7.76
    Contrastive Train Loss: 8.40
    Overall Recon Train Loss: 1.66
    Recon Train Loss:       0.33
  Total Valid Loss:        9.55
    Contrastive Valid Loss: 10.39
    Overall Recon Valid Loss: 1.48
    Recon Valid Loss:       0.30
Learning Rate: 0.0001
Epoch: 11, Alpha: 0.90
  Total Train Loss:        7.62
    Contrastive Train Loss: 8.32
    Overall Recon Train Loss: 1.63
    Recon Train Loss:       0.33
  Total Valid Loss:        9.42
    Contrastive Valid Loss: 10.34
    Overall Recon Valid Loss: 1.45
    Recon Valid Loss:       0.29
Learning Rate: 0.0001
Epoch: 12, Alpha: 0.89
  Total Train Loss:        7.49
    Contrastive Train Loss: 8.24
    Overall Recon Train Loss: 1.59
    Recon Train Loss:       0.32
  Total Valid Loss:        9.26
    Contrastive Valid Loss: 10.25
    Overall Recon Valid Loss: 1.42
    Recon Valid Loss:       0.28
Learning Rate: 0.0001
Epoch: 13, Alpha: 0.88
  Total Train Loss:        7.35
    Contrastive Train Loss: 8.16
    Overall Recon Train Loss: 1.56
    Recon Train Loss:       0.31
  Total Valid Loss:        9.15
    Contrastive Valid Loss: 10.22
    Overall Recon Valid Loss: 1.38
    Recon Valid Loss:       0.28
Learning Rate: 0.0001
Epoch: 14, Alpha: 0.87
  Total Train Loss:        7.23
    Contrastive Train Loss: 8.09
    Overall Recon Train Loss: 1.53
    Recon Train Loss:       0.31
  Total Valid Loss:        9.02
    Contrastive Valid Loss: 10.18
    Overall Recon Valid Loss: 1.35
    Recon Valid Loss:       0.27
Learning Rate: 0.0001
Epoch: 15, Alpha: 0.86
  Total Train Loss:        7.11
    Contrastive Train Loss: 8.02
    Overall Recon Train Loss: 1.50
    Recon Train Loss:       0.30
  Total Valid Loss:        8.91
    Contrastive Valid Loss: 10.14
    Overall Recon Valid Loss: 1.31
    Recon Valid Loss:       0.26
Learning Rate: 0.0001
Epoch: 16, Alpha: 0.85
  Total Train Loss:        7.00
    Contrastive Train Loss: 7.96
    Overall Recon Train Loss: 1.47
    Recon Train Loss:       0.29
  Total Valid Loss:        8.81
    Contrastive Valid Loss: 10.11
    Overall Recon Valid Loss: 1.29
    Recon Valid Loss:       0.26
Learning Rate: 0.0001
Epoch: 17, Alpha: 0.84
  Total Train Loss:        6.89
    Contrastive Train Loss: 7.90
    Overall Recon Train Loss: 1.44
    Recon Train Loss:       0.29
  Total Valid Loss:        8.73
    Contrastive Valid Loss: 10.11
    Overall Recon Valid Loss: 1.28
    Recon Valid Loss:       0.26
Learning Rate: 0.0001
Epoch: 18, Alpha: 0.84
  Total Train Loss:        6.79
    Contrastive Train Loss: 7.85
    Overall Recon Train Loss: 1.42
    Recon Train Loss:       0.28
  Total Valid Loss:        8.58
    Contrastive Valid Loss: 10.02
    Overall Recon Valid Loss: 1.24
    Recon Valid Loss:       0.25
Learning Rate: 0.0001
Epoch: 19, Alpha: 0.83
  Total Train Loss:        6.68
    Contrastive Train Loss: 7.79
    Overall Recon Train Loss: 1.39
    Recon Train Loss:       0.28
  Total Valid Loss:        8.47
    Contrastive Valid Loss: 9.99
    Overall Recon Valid Loss: 1.22
    Recon Valid Loss:       0.24
Learning Rate: 0.0001
Epoch: 20, Alpha: 0.82
  Total Train Loss:        6.58
    Contrastive Train Loss: 7.74
    Overall Recon Train Loss: 1.36
    Recon Train Loss:       0.27
  Total Valid Loss:        8.39
    Contrastive Valid Loss: 9.98
    Overall Recon Valid Loss: 1.21
    Recon Valid Loss:       0.24
Learning Rate: 0.0001
Epoch: 21, Alpha: 0.81
  Total Train Loss:        6.49
    Contrastive Train Loss: 7.69
    Overall Recon Train Loss: 1.34
    Recon Train Loss:       0.27
  Total Valid Loss:        8.29
    Contrastive Valid Loss: 9.95
    Overall Recon Valid Loss: 1.18
    Recon Valid Loss:       0.24
Learning Rate: 0.0001
Epoch: 22, Alpha: 0.80
  Total Train Loss:        6.40
    Contrastive Train Loss: 7.65
    Overall Recon Train Loss: 1.32
    Recon Train Loss:       0.26
  Total Valid Loss:        8.20
    Contrastive Valid Loss: 9.93
    Overall Recon Valid Loss: 1.16
    Recon Valid Loss:       0.23
Learning Rate: 0.0001
Epoch: 23, Alpha: 0.79
  Total Train Loss:        6.31
    Contrastive Train Loss: 7.61
    Overall Recon Train Loss: 1.30
    Recon Train Loss:       0.26
  Total Valid Loss:        8.13
    Contrastive Valid Loss: 9.94
    Overall Recon Valid Loss: 1.14
    Recon Valid Loss:       0.23
Learning Rate: 0.0001
Epoch: 24, Alpha: 0.79
  Total Train Loss:        6.23
    Contrastive Train Loss: 7.57
    Overall Recon Train Loss: 1.29
    Recon Train Loss:       0.26
  Total Valid Loss:        8.00
    Contrastive Valid Loss: 9.87
    Overall Recon Valid Loss: 1.12
    Recon Valid Loss:       0.22
Learning Rate: 0.0001
