Train: torch.Size([14031, 5, 64, 32]), Valid: torch.Size([4677, 5, 64, 32]), Test: torch.Size([4678, 5, 64, 32])
Starting Downstream Task
torch.Size([2806, 5, 64, 32])
torch.Size([935, 5, 64, 32])
torch.Size([937, 5, 64, 32])
Shape: (5, 144, 72)
Epoch: 0, Train Loss: 0.04600, Valid Loss: 0.03151, EPS: 0.991
Epoch: 1, Train Loss: 0.02765, Valid Loss: 0.02579, EPS: 0.982
Epoch: 2, Train Loss: 0.02210, Valid Loss: 0.02270, EPS: 0.973
Epoch: 3, Train Loss: 0.01869, Valid Loss: 0.02079, EPS: 0.964
Epoch: 4, Train Loss: 0.01635, Valid Loss: 0.01974, EPS: 0.955
Epoch: 5, Train Loss: 0.01475, Valid Loss: 0.01913, EPS: 0.946
Epoch: 6, Train Loss: 0.01356, Valid Loss: 0.01872, EPS: 0.9369999999999999
Epoch: 7, Train Loss: 0.01262, Valid Loss: 0.01849, EPS: 0.928
Epoch: 8, Train Loss: 0.01186, Valid Loss: 0.01822, EPS: 0.919
Epoch: 9, Train Loss: 0.01134, Valid Loss: 0.01818, EPS: 0.91
Epoch: 10, Train Loss: 0.01097, Valid Loss: 0.01787, EPS: 0.901
Epoch: 11, Train Loss: 0.01067, Valid Loss: 0.01792, EPS: 0.892
Epoch: 12, Train Loss: 0.01032, Valid Loss: 0.01795, EPS: 0.883
Epoch: 13, Train Loss: 0.01009, Valid Loss: 0.01805, EPS: 0.874
Epoch: 14, Train Loss: 0.00996, Valid Loss: 0.01777, EPS: 0.865
Epoch: 15, Train Loss: 0.00982, Valid Loss: 0.01765, EPS: 0.856
Epoch: 16, Train Loss: 0.00969, Valid Loss: 0.01771, EPS: 0.847
Epoch: 17, Train Loss: 0.00949, Valid Loss: 0.01765, EPS: 0.8380000000000001
Epoch: 18, Train Loss: 0.00938, Valid Loss: 0.01764, EPS: 0.8290000000000001
Epoch: 19, Train Loss: 0.00924, Valid Loss: 0.01778, EPS: 0.8200000000000001
Epoch: 20, Train Loss: 0.00922, Valid Loss: 0.01769, EPS: 0.811
Epoch: 21, Train Loss: 0.00916, Valid Loss: 0.01767, EPS: 0.802
Epoch: 22, Train Loss: 0.00910, Valid Loss: 0.01784, EPS: 0.793
Epoch: 23, Train Loss: 0.00909, Valid Loss: 0.01769, EPS: 0.784
Epoch: 24, Train Loss: 0.00897, Valid Loss: 0.01778, EPS: 0.775
Epoch: 25, Train Loss: 0.00881, Valid Loss: 0.01776, EPS: 0.766
Epoch: 26, Train Loss: 0.00858, Valid Loss: 0.01752, EPS: 0.757
Epoch: 27, Train Loss: 0.00865, Valid Loss: 0.01784, EPS: 0.748
Epoch: 28, Train Loss: 0.00872, Valid Loss: 0.01766, EPS: 0.739
Epoch: 29, Train Loss: 0.00871, Valid Loss: 0.01769, EPS: 0.73
Epoch: 30, Train Loss: 0.00872, Valid Loss: 0.01773, EPS: 0.721
Epoch: 31, Train Loss: 0.00865, Valid Loss: 0.01795, EPS: 0.712
Epoch: 32, Train Loss: 0.00852, Valid Loss: 0.01759, EPS: 0.703
Epoch: 33, Train Loss: 0.00839, Valid Loss: 0.01756, EPS: 0.694
Epoch: 34, Train Loss: 0.00836, Valid Loss: 0.01743, EPS: 0.685
Epoch: 35, Train Loss: 0.00833, Valid Loss: 0.01750, EPS: 0.676
Epoch: 36, Train Loss: 0.00824, Valid Loss: 0.01752, EPS: 0.667
Epoch: 37, Train Loss: 0.00831, Valid Loss: 0.01776, EPS: 0.658
Epoch: 38, Train Loss: 0.00822, Valid Loss: 0.01770, EPS: 0.649
Epoch: 39, Train Loss: 0.00819, Valid Loss: 0.01787, EPS: 0.64
Epoch: 40, Train Loss: 0.00821, Valid Loss: 0.01761, EPS: 0.6310000000000001
Epoch: 41, Train Loss: 0.00824, Valid Loss: 0.01783, EPS: 0.6220000000000001
Epoch: 42, Train Loss: 0.00818, Valid Loss: 0.01764, EPS: 0.6130000000000001
Epoch: 43, Train Loss: 0.00812, Valid Loss: 0.01784, EPS: 0.6040000000000001
Epoch: 44, Train Loss: 0.00809, Valid Loss: 0.01788, EPS: 0.5950000000000001
Epoch: 45, Train Loss: 0.00814, Valid Loss: 0.01772, EPS: 0.5860000000000001
Epoch: 46, Train Loss: 0.00694, Valid Loss: 0.01683, EPS: 0.5770000000000001
Epoch: 47, Train Loss: 0.00589, Valid Loss: 0.01643, EPS: 0.5680000000000001
Epoch: 48, Train Loss: 0.00539, Valid Loss: 0.01631, EPS: 0.559
Epoch: 49, Train Loss: 0.00516, Valid Loss: 0.01625, EPS: 0.55
Epoch: 50, Train Loss: 0.00504, Valid Loss: 0.01620, EPS: 0.541
Epoch: 51, Train Loss: 0.00496, Valid Loss: 0.01619, EPS: 0.532
Epoch: 52, Train Loss: 0.00491, Valid Loss: 0.01615, EPS: 0.523
Epoch: 53, Train Loss: 0.00486, Valid Loss: 0.01610, EPS: 0.514
Epoch: 54, Train Loss: 0.00481, Valid Loss: 0.01610, EPS: 0.505
Epoch: 55, Train Loss: 0.00476, Valid Loss: 0.01615, EPS: 0.496
Epoch: 56, Train Loss: 0.00474, Valid Loss: 0.01615, EPS: 0.4870000000000001
Epoch: 57, Train Loss: 0.00471, Valid Loss: 0.01618, EPS: 0.4780000000000001
Epoch: 58, Train Loss: 0.00469, Valid Loss: 0.01613, EPS: 0.4690000000000001
Epoch: 59, Train Loss: 0.00466, Valid Loss: 0.01614, EPS: 0.4600000000000001
Epoch: 60, Train Loss: 0.00466, Valid Loss: 0.01613, EPS: 0.45100000000000007
Epoch: 61, Train Loss: 0.00459, Valid Loss: 0.01608, EPS: 0.44200000000000006
Epoch: 62, Train Loss: 0.00458, Valid Loss: 0.01610, EPS: 0.43300000000000005
Epoch: 63, Train Loss: 0.00456, Valid Loss: 0.01611, EPS: 0.42400000000000004
Epoch: 64, Train Loss: 0.00451, Valid Loss: 0.01614, EPS: 0.41500000000000004
Epoch: 65, Train Loss: 0.00451, Valid Loss: 0.01615, EPS: 0.406
Epoch: 66, Train Loss: 0.00447, Valid Loss: 0.01617, EPS: 0.397
Epoch: 67, Train Loss: 0.00444, Valid Loss: 0.01613, EPS: 0.388
Epoch: 68, Train Loss: 0.00438, Valid Loss: 0.01612, EPS: 0.3790000000000001
Epoch: 69, Train Loss: 0.00433, Valid Loss: 0.01616, EPS: 0.3700000000000001
Epoch: 70, Train Loss: 0.00432, Valid Loss: 0.01621, EPS: 0.3610000000000001
Epoch: 71, Train Loss: 0.00428, Valid Loss: 0.01623, EPS: 0.3520000000000001
Epoch: 72, Train Loss: 0.00426, Valid Loss: 0.01629, EPS: 0.343
Epoch: 73, Train Loss: 0.00405, Valid Loss: 0.01620, EPS: 0.334
Epoch: 74, Train Loss: 0.00398, Valid Loss: 0.01614, EPS: 0.325
Epoch: 75, Train Loss: 0.00393, Valid Loss: 0.01614, EPS: 0.316
Epoch: 76, Train Loss: 0.00392, Valid Loss: 0.01617, EPS: 0.307
Epoch: 77, Train Loss: 0.00389, Valid Loss: 0.01615, EPS: 0.298
Epoch: 78, Train Loss: 0.00389, Valid Loss: 0.01616, EPS: 0.289
Epoch: 79, Train Loss: 0.00388, Valid Loss: 0.01619, EPS: 0.27999999999999997
Epoch: 80, Train Loss: 0.00386, Valid Loss: 0.01618, EPS: 0.27099999999999996
Epoch: 81, Train Loss: 0.00385, Valid Loss: 0.01618, EPS: 0.26200000000000007
Epoch: 82, Train Loss: 0.00384, Valid Loss: 0.01624, EPS: 0.25300000000000006
Epoch: 83, Train Loss: 0.00386, Valid Loss: 0.01622, EPS: 0.24400000000000005
Epoch: 84, Train Loss: 0.00381, Valid Loss: 0.01617, EPS: 0.23500000000000004
Epoch: 85, Train Loss: 0.00381, Valid Loss: 0.01618, EPS: 0.22600000000000003
Epoch: 86, Train Loss: 0.00383, Valid Loss: 0.01621, EPS: 0.21700000000000003
Epoch: 87, Train Loss: 0.00381, Valid Loss: 0.01617, EPS: 0.20800000000000002
Epoch: 88, Train Loss: 0.00380, Valid Loss: 0.01619, EPS: 0.199
Epoch: 89, Train Loss: 0.00381, Valid Loss: 0.01624, EPS: 0.19
Epoch: 90, Train Loss: 0.00381, Valid Loss: 0.01622, EPS: 0.181
Epoch: 91, Train Loss: 0.00380, Valid Loss: 0.01618, EPS: 0.172
Epoch: 92, Train Loss: 0.00380, Valid Loss: 0.01625, EPS: 0.16299999999999998
Epoch: 93, Train Loss: 0.00380, Valid Loss: 0.01625, EPS: 0.15400000000000005
Epoch: 94, Train Loss: 0.00380, Valid Loss: 0.01623, EPS: 0.14500000000000005
Epoch: 95, Train Loss: 0.00381, Valid Loss: 0.01619, EPS: 0.13600000000000004
Epoch: 96, Train Loss: 0.00381, Valid Loss: 0.01622, EPS: 0.12700000000000003
Epoch: 97, Train Loss: 0.00379, Valid Loss: 0.01620, EPS: 0.11800000000000002
Epoch: 98, Train Loss: 0.00380, Valid Loss: 0.01623, EPS: 0.10900000000000001
Epoch: 99, Train Loss: 0.00379, Valid Loss: 0.01625, EPS: 0.1
Test Loss: 0.01618
Test Loss: 0.01622
torch.Size([2806, 5, 64, 32])
torch.Size([935, 5, 64, 32])
torch.Size([937, 5, 64, 32])
Shape: (5, 144, 72)
Epoch: 0, Train Loss: 0.05274, Valid Loss: 0.03971, EPS: 0.991
Epoch: 1, Train Loss: 0.03336, Valid Loss: 0.03049, EPS: 0.982
Epoch: 2, Train Loss: 0.02606, Valid Loss: 0.02732, EPS: 0.973
Epoch: 3, Train Loss: 0.02191, Valid Loss: 0.02488, EPS: 0.964
Epoch: 4, Train Loss: 0.01858, Valid Loss: 0.02344, EPS: 0.955
Epoch: 5, Train Loss: 0.01638, Valid Loss: 0.02243, EPS: 0.946
Epoch: 6, Train Loss: 0.01425, Valid Loss: 0.02164, EPS: 0.9369999999999999
Epoch: 7, Train Loss: 0.01288, Valid Loss: 0.02117, EPS: 0.928
Epoch: 8, Train Loss: 0.01171, Valid Loss: 0.02044, EPS: 0.919
Epoch: 9, Train Loss: 0.01070, Valid Loss: 0.02069, EPS: 0.91
Epoch: 10, Train Loss: 0.01009, Valid Loss: 0.02031, EPS: 0.901
Epoch: 11, Train Loss: 0.00941, Valid Loss: 0.02055, EPS: 0.892
Epoch: 12, Train Loss: 0.00894, Valid Loss: 0.02039, EPS: 0.883
Epoch: 13, Train Loss: 0.00838, Valid Loss: 0.02023, EPS: 0.874
Epoch: 14, Train Loss: 0.00800, Valid Loss: 0.02014, EPS: 0.865
Epoch: 15, Train Loss: 0.00767, Valid Loss: 0.02014, EPS: 0.856
Epoch: 16, Train Loss: 0.00738, Valid Loss: 0.02013, EPS: 0.847
Epoch: 17, Train Loss: 0.00707, Valid Loss: 0.01999, EPS: 0.8380000000000001
Epoch: 18, Train Loss: 0.00687, Valid Loss: 0.01986, EPS: 0.8290000000000001
Epoch: 19, Train Loss: 0.00669, Valid Loss: 0.02027, EPS: 0.8200000000000001
Epoch: 20, Train Loss: 0.00675, Valid Loss: 0.02023, EPS: 0.811
Epoch: 21, Train Loss: 0.00684, Valid Loss: 0.02003, EPS: 0.802
Epoch: 22, Train Loss: 0.00662, Valid Loss: 0.02007, EPS: 0.793
Epoch: 23, Train Loss: 0.00645, Valid Loss: 0.02013, EPS: 0.784
Epoch: 24, Train Loss: 0.00642, Valid Loss: 0.01999, EPS: 0.775
Epoch: 25, Train Loss: 0.00618, Valid Loss: 0.01997, EPS: 0.766
Epoch: 26, Train Loss: 0.00614, Valid Loss: 0.02007, EPS: 0.757
Epoch: 27, Train Loss: 0.00603, Valid Loss: 0.02011, EPS: 0.748
Epoch: 28, Train Loss: 0.00601, Valid Loss: 0.01999, EPS: 0.739
Epoch: 29, Train Loss: 0.00595, Valid Loss: 0.02032, EPS: 0.73
Epoch: 30, Train Loss: 0.00527, Valid Loss: 0.01968, EPS: 0.721
Epoch: 31, Train Loss: 0.00448, Valid Loss: 0.01925, EPS: 0.712
Epoch: 32, Train Loss: 0.00403, Valid Loss: 0.01911, EPS: 0.703
Epoch: 33, Train Loss: 0.00371, Valid Loss: 0.01902, EPS: 0.694
Epoch: 34, Train Loss: 0.00354, Valid Loss: 0.01902, EPS: 0.685
Epoch: 35, Train Loss: 0.00339, Valid Loss: 0.01889, EPS: 0.676
Epoch: 36, Train Loss: 0.00325, Valid Loss: 0.01884, EPS: 0.667
Epoch: 37, Train Loss: 0.00321, Valid Loss: 0.01886, EPS: 0.658
Epoch: 38, Train Loss: 0.00317, Valid Loss: 0.01881, EPS: 0.649
Epoch: 39, Train Loss: 0.00307, Valid Loss: 0.01885, EPS: 0.64
Epoch: 40, Train Loss: 0.00304, Valid Loss: 0.01877, EPS: 0.6310000000000001
Epoch: 41, Train Loss: 0.00300, Valid Loss: 0.01887, EPS: 0.6220000000000001
Epoch: 42, Train Loss: 0.00298, Valid Loss: 0.01873, EPS: 0.6130000000000001
Epoch: 43, Train Loss: 0.00292, Valid Loss: 0.01881, EPS: 0.6040000000000001
Epoch: 44, Train Loss: 0.00292, Valid Loss: 0.01877, EPS: 0.5950000000000001
Epoch: 45, Train Loss: 0.00288, Valid Loss: 0.01887, EPS: 0.5860000000000001
Epoch: 46, Train Loss: 0.00288, Valid Loss: 0.01884, EPS: 0.5770000000000001
Epoch: 47, Train Loss: 0.00284, Valid Loss: 0.01887, EPS: 0.5680000000000001
Epoch: 48, Train Loss: 0.00280, Valid Loss: 0.01884, EPS: 0.559
Epoch: 49, Train Loss: 0.00278, Valid Loss: 0.01885, EPS: 0.55
Epoch: 50, Train Loss: 0.00276, Valid Loss: 0.01883, EPS: 0.541
Epoch: 51, Train Loss: 0.00271, Valid Loss: 0.01879, EPS: 0.532
Epoch: 52, Train Loss: 0.00271, Valid Loss: 0.01881, EPS: 0.523
Epoch: 53, Train Loss: 0.00269, Valid Loss: 0.01881, EPS: 0.514
Epoch: 54, Train Loss: 0.00264, Valid Loss: 0.01881, EPS: 0.505
Epoch: 55, Train Loss: 0.00261, Valid Loss: 0.01884, EPS: 0.496
Epoch: 56, Train Loss: 0.00259, Valid Loss: 0.01887, EPS: 0.4870000000000001
Epoch: 57, Train Loss: 0.00260, Valid Loss: 0.01886, EPS: 0.4780000000000001
Epoch: 58, Train Loss: 0.00260, Valid Loss: 0.01880, EPS: 0.4690000000000001
Epoch: 59, Train Loss: 0.00256, Valid Loss: 0.01886, EPS: 0.4600000000000001
Epoch: 60, Train Loss: 0.00257, Valid Loss: 0.01877, EPS: 0.45100000000000007
Epoch: 61, Train Loss: 0.00256, Valid Loss: 0.01883, EPS: 0.44200000000000006
Epoch: 62, Train Loss: 0.00256, Valid Loss: 0.01883, EPS: 0.43300000000000005
Epoch: 63, Train Loss: 0.00255, Valid Loss: 0.01879, EPS: 0.42400000000000004
Epoch: 64, Train Loss: 0.00255, Valid Loss: 0.01875, EPS: 0.41500000000000004
Epoch: 65, Train Loss: 0.00253, Valid Loss: 0.01877, EPS: 0.406
Epoch: 66, Train Loss: 0.00254, Valid Loss: 0.01881, EPS: 0.397
Epoch: 67, Train Loss: 0.00253, Valid Loss: 0.01881, EPS: 0.388
Epoch: 68, Train Loss: 0.00253, Valid Loss: 0.01876, EPS: 0.3790000000000001
Epoch: 69, Train Loss: 0.00252, Valid Loss: 0.01881, EPS: 0.3700000000000001
Epoch: 70, Train Loss: 0.00253, Valid Loss: 0.01888, EPS: 0.3610000000000001
Epoch: 71, Train Loss: 0.00253, Valid Loss: 0.01880, EPS: 0.3520000000000001
Epoch: 72, Train Loss: 0.00252, Valid Loss: 0.01886, EPS: 0.343
Epoch: 73, Train Loss: 0.00253, Valid Loss: 0.01890, EPS: 0.334
Epoch: 74, Train Loss: 0.00253, Valid Loss: 0.01879, EPS: 0.325
Epoch: 75, Train Loss: 0.00252, Valid Loss: 0.01880, EPS: 0.316
Epoch: 76, Train Loss: 0.00252, Valid Loss: 0.01883, EPS: 0.307
Epoch: 77, Train Loss: 0.00254, Valid Loss: 0.01879, EPS: 0.298
Epoch: 78, Train Loss: 0.00252, Valid Loss: 0.01879, EPS: 0.289
Epoch: 79, Train Loss: 0.00254, Valid Loss: 0.01880, EPS: 0.27999999999999997
Epoch: 80, Train Loss: 0.00253, Valid Loss: 0.01886, EPS: 0.27099999999999996
Epoch: 81, Train Loss: 0.00252, Valid Loss: 0.01887, EPS: 0.26200000000000007
Epoch: 82, Train Loss: 0.00254, Valid Loss: 0.01881, EPS: 0.25300000000000006
Epoch: 83, Train Loss: 0.00254, Valid Loss: 0.01884, EPS: 0.24400000000000005
Epoch: 84, Train Loss: 0.00251, Valid Loss: 0.01879, EPS: 0.23500000000000004
Epoch: 85, Train Loss: 0.00253, Valid Loss: 0.01885, EPS: 0.22600000000000003
Epoch: 86, Train Loss: 0.00252, Valid Loss: 0.01874, EPS: 0.21700000000000003
Epoch: 87, Train Loss: 0.00253, Valid Loss: 0.01873, EPS: 0.20800000000000002
Epoch: 88, Train Loss: 0.00253, Valid Loss: 0.01884, EPS: 0.199
Epoch: 89, Train Loss: 0.00253, Valid Loss: 0.01887, EPS: 0.19
Epoch: 90, Train Loss: 0.00252, Valid Loss: 0.01887, EPS: 0.181
Epoch: 91, Train Loss: 0.00255, Valid Loss: 0.01878, EPS: 0.172
Epoch: 92, Train Loss: 0.00253, Valid Loss: 0.01892, EPS: 0.16299999999999998
Epoch: 93, Train Loss: 0.00252, Valid Loss: 0.01885, EPS: 0.15400000000000005
Epoch: 94, Train Loss: 0.00252, Valid Loss: 0.01880, EPS: 0.14500000000000005
Epoch: 95, Train Loss: 0.00252, Valid Loss: 0.01875, EPS: 0.13600000000000004
Epoch: 96, Train Loss: 0.00254, Valid Loss: 0.01875, EPS: 0.12700000000000003
Epoch: 97, Train Loss: 0.00255, Valid Loss: 0.01880, EPS: 0.11800000000000002
Epoch: 98, Train Loss: 0.00251, Valid Loss: 0.01882, EPS: 0.10900000000000001
Epoch: 99, Train Loss: 0.00254, Valid Loss: 0.01879, EPS: 0.1
Test Loss: 0.01892
Test Loss: 0.01875
torch.Size([2806, 5, 64, 32])
torch.Size([935, 5, 64, 32])
torch.Size([937, 5, 64, 32])
Shape: (5, 144, 72)
Epoch: 0, Train Loss: 0.04532, Valid Loss: 0.03188, EPS: 0.991
Epoch: 1, Train Loss: 0.02727, Valid Loss: 0.02562, EPS: 0.982
Epoch: 2, Train Loss: 0.02165, Valid Loss: 0.02251, EPS: 0.973
Epoch: 3, Train Loss: 0.01829, Valid Loss: 0.02098, EPS: 0.964
Epoch: 4, Train Loss: 0.01620, Valid Loss: 0.01975, EPS: 0.955
Epoch: 5, Train Loss: 0.01443, Valid Loss: 0.01933, EPS: 0.946
Epoch: 6, Train Loss: 0.01327, Valid Loss: 0.01878, EPS: 0.9369999999999999
Epoch: 7, Train Loss: 0.01238, Valid Loss: 0.01865, EPS: 0.928
Epoch: 8, Train Loss: 0.01187, Valid Loss: 0.01820, EPS: 0.919
Epoch: 9, Train Loss: 0.01138, Valid Loss: 0.01808, EPS: 0.91
Epoch: 10, Train Loss: 0.01094, Valid Loss: 0.01801, EPS: 0.901
Epoch: 11, Train Loss: 0.01048, Valid Loss: 0.01776, EPS: 0.892
Epoch: 12, Train Loss: 0.01024, Valid Loss: 0.01791, EPS: 0.883
Epoch: 13, Train Loss: 0.01007, Valid Loss: 0.01772, EPS: 0.874
Epoch: 14, Train Loss: 0.00981, Valid Loss: 0.01786, EPS: 0.865
Epoch: 15, Train Loss: 0.00978, Valid Loss: 0.01805, EPS: 0.856
Epoch: 16, Train Loss: 0.00964, Valid Loss: 0.01772, EPS: 0.847
Epoch: 17, Train Loss: 0.00943, Valid Loss: 0.01785, EPS: 0.8380000000000001
Epoch: 18, Train Loss: 0.00928, Valid Loss: 0.01774, EPS: 0.8290000000000001
Epoch: 19, Train Loss: 0.00921, Valid Loss: 0.01766, EPS: 0.8200000000000001
Epoch: 20, Train Loss: 0.00912, Valid Loss: 0.01769, EPS: 0.811
Epoch: 21, Train Loss: 0.00894, Valid Loss: 0.01751, EPS: 0.802
Epoch: 22, Train Loss: 0.00902, Valid Loss: 0.01746, EPS: 0.793
Epoch: 23, Train Loss: 0.00877, Valid Loss: 0.01769, EPS: 0.784
Epoch: 24, Train Loss: 0.00881, Valid Loss: 0.01777, EPS: 0.775
Epoch: 25, Train Loss: 0.00880, Valid Loss: 0.01774, EPS: 0.766
Epoch: 26, Train Loss: 0.00869, Valid Loss: 0.01754, EPS: 0.757
Epoch: 27, Train Loss: 0.00861, Valid Loss: 0.01778, EPS: 0.748
Epoch: 28, Train Loss: 0.00865, Valid Loss: 0.01776, EPS: 0.739
Epoch: 29, Train Loss: 0.00864, Valid Loss: 0.01753, EPS: 0.73
Epoch: 30, Train Loss: 0.00860, Valid Loss: 0.01747, EPS: 0.721
Epoch: 31, Train Loss: 0.00852, Valid Loss: 0.01762, EPS: 0.712
Epoch: 32, Train Loss: 0.00856, Valid Loss: 0.01767, EPS: 0.703
Epoch: 33, Train Loss: 0.00848, Valid Loss: 0.01759, EPS: 0.694
Epoch: 34, Train Loss: 0.00718, Valid Loss: 0.01676, EPS: 0.685
Epoch: 35, Train Loss: 0.00615, Valid Loss: 0.01636, EPS: 0.676
Epoch: 36, Train Loss: 0.00564, Valid Loss: 0.01619, EPS: 0.667
Epoch: 37, Train Loss: 0.00540, Valid Loss: 0.01605, EPS: 0.658
Epoch: 38, Train Loss: 0.00525, Valid Loss: 0.01608, EPS: 0.649
Epoch: 39, Train Loss: 0.00518, Valid Loss: 0.01594, EPS: 0.64
Epoch: 40, Train Loss: 0.00510, Valid Loss: 0.01594, EPS: 0.6310000000000001
Epoch: 41, Train Loss: 0.00504, Valid Loss: 0.01593, EPS: 0.6220000000000001
Epoch: 42, Train Loss: 0.00499, Valid Loss: 0.01593, EPS: 0.6130000000000001
Epoch: 43, Train Loss: 0.00496, Valid Loss: 0.01590, EPS: 0.6040000000000001
Epoch: 44, Train Loss: 0.00490, Valid Loss: 0.01590, EPS: 0.5950000000000001
Epoch: 45, Train Loss: 0.00488, Valid Loss: 0.01592, EPS: 0.5860000000000001
Epoch: 46, Train Loss: 0.00486, Valid Loss: 0.01592, EPS: 0.5770000000000001
Epoch: 47, Train Loss: 0.00484, Valid Loss: 0.01596, EPS: 0.5680000000000001
Epoch: 48, Train Loss: 0.00479, Valid Loss: 0.01592, EPS: 0.559
Epoch: 49, Train Loss: 0.00475, Valid Loss: 0.01596, EPS: 0.55
Epoch: 50, Train Loss: 0.00472, Valid Loss: 0.01595, EPS: 0.541
Epoch: 51, Train Loss: 0.00469, Valid Loss: 0.01598, EPS: 0.532
Epoch: 52, Train Loss: 0.00464, Valid Loss: 0.01601, EPS: 0.523
Epoch: 53, Train Loss: 0.00461, Valid Loss: 0.01597, EPS: 0.514
Epoch: 54, Train Loss: 0.00457, Valid Loss: 0.01603, EPS: 0.505
Epoch: 55, Train Loss: 0.00437, Valid Loss: 0.01592, EPS: 0.496
Epoch: 56, Train Loss: 0.00434, Valid Loss: 0.01592, EPS: 0.4870000000000001
Epoch: 57, Train Loss: 0.00430, Valid Loss: 0.01598, EPS: 0.4780000000000001
Epoch: 58, Train Loss: 0.00427, Valid Loss: 0.01594, EPS: 0.4690000000000001
Epoch: 59, Train Loss: 0.00427, Valid Loss: 0.01594, EPS: 0.4600000000000001
Epoch: 60, Train Loss: 0.00424, Valid Loss: 0.01591, EPS: 0.45100000000000007
Epoch: 61, Train Loss: 0.00423, Valid Loss: 0.01594, EPS: 0.44200000000000006
Epoch: 62, Train Loss: 0.00424, Valid Loss: 0.01591, EPS: 0.43300000000000005
Epoch: 63, Train Loss: 0.00423, Valid Loss: 0.01591, EPS: 0.42400000000000004
Epoch: 64, Train Loss: 0.00420, Valid Loss: 0.01592, EPS: 0.41500000000000004
Epoch: 65, Train Loss: 0.00421, Valid Loss: 0.01594, EPS: 0.406
Epoch: 66, Train Loss: 0.00418, Valid Loss: 0.01599, EPS: 0.397
Epoch: 67, Train Loss: 0.00417, Valid Loss: 0.01592, EPS: 0.388
Epoch: 68, Train Loss: 0.00417, Valid Loss: 0.01590, EPS: 0.3790000000000001
Epoch: 69, Train Loss: 0.00418, Valid Loss: 0.01587, EPS: 0.3700000000000001
Epoch: 70, Train Loss: 0.00417, Valid Loss: 0.01594, EPS: 0.3610000000000001
Epoch: 71, Train Loss: 0.00418, Valid Loss: 0.01597, EPS: 0.3520000000000001
Epoch: 72, Train Loss: 0.00418, Valid Loss: 0.01598, EPS: 0.343
Epoch: 73, Train Loss: 0.00417, Valid Loss: 0.01590, EPS: 0.334
Epoch: 74, Train Loss: 0.00416, Valid Loss: 0.01596, EPS: 0.325
Epoch: 75, Train Loss: 0.00419, Valid Loss: 0.01593, EPS: 0.316
Epoch: 76, Train Loss: 0.00417, Valid Loss: 0.01595, EPS: 0.307
Epoch: 77, Train Loss: 0.00417, Valid Loss: 0.01594, EPS: 0.298
Epoch: 78, Train Loss: 0.00419, Valid Loss: 0.01595, EPS: 0.289
Epoch: 79, Train Loss: 0.00417, Valid Loss: 0.01595, EPS: 0.27999999999999997
Epoch: 80, Train Loss: 0.00417, Valid Loss: 0.01592, EPS: 0.27099999999999996
Epoch: 81, Train Loss: 0.00416, Valid Loss: 0.01600, EPS: 0.26200000000000007
Epoch: 82, Train Loss: 0.00417, Valid Loss: 0.01592, EPS: 0.25300000000000006
Epoch: 83, Train Loss: 0.00416, Valid Loss: 0.01593, EPS: 0.24400000000000005
Epoch: 84, Train Loss: 0.00417, Valid Loss: 0.01591, EPS: 0.23500000000000004
Epoch: 85, Train Loss: 0.00418, Valid Loss: 0.01593, EPS: 0.22600000000000003
Epoch: 86, Train Loss: 0.00416, Valid Loss: 0.01596, EPS: 0.21700000000000003
Epoch: 87, Train Loss: 0.00417, Valid Loss: 0.01588, EPS: 0.20800000000000002
Epoch: 88, Train Loss: 0.00416, Valid Loss: 0.01599, EPS: 0.199
Epoch: 89, Train Loss: 0.00416, Valid Loss: 0.01595, EPS: 0.19
Epoch: 90, Train Loss: 0.00416, Valid Loss: 0.01590, EPS: 0.181
Epoch: 91, Train Loss: 0.00417, Valid Loss: 0.01595, EPS: 0.172
Epoch: 92, Train Loss: 0.00416, Valid Loss: 0.01591, EPS: 0.16299999999999998
Epoch: 93, Train Loss: 0.00417, Valid Loss: 0.01596, EPS: 0.15400000000000005
Epoch: 94, Train Loss: 0.00418, Valid Loss: 0.01587, EPS: 0.14500000000000005
Epoch: 95, Train Loss: 0.00416, Valid Loss: 0.01590, EPS: 0.13600000000000004
Epoch: 96, Train Loss: 0.00418, Valid Loss: 0.01596, EPS: 0.12700000000000003
Epoch: 97, Train Loss: 0.00416, Valid Loss: 0.01591, EPS: 0.11800000000000002
Epoch: 98, Train Loss: 0.00418, Valid Loss: 0.01594, EPS: 0.10900000000000001
Epoch: 99, Train Loss: 0.00415, Valid Loss: 0.01597, EPS: 0.1
Test Loss: 0.01595
Test Loss: 0.01606
torch.Size([2806, 5, 64, 32])
torch.Size([935, 5, 64, 32])
torch.Size([937, 5, 64, 32])
Shape: (5, 144, 72)
Epoch: 0, Train Loss: 0.05366, Valid Loss: 0.04063, EPS: 0.991
Epoch: 1, Train Loss: 0.03414, Valid Loss: 0.03168, EPS: 0.982
Epoch: 2, Train Loss: 0.02640, Valid Loss: 0.02775, EPS: 0.973
Epoch: 3, Train Loss: 0.02218, Valid Loss: 0.02492, EPS: 0.964
Epoch: 4, Train Loss: 0.01900, Valid Loss: 0.02363, EPS: 0.955
Epoch: 5, Train Loss: 0.01670, Valid Loss: 0.02228, EPS: 0.946
Epoch: 6, Train Loss: 0.01477, Valid Loss: 0.02199, EPS: 0.9369999999999999
Epoch: 7, Train Loss: 0.01336, Valid Loss: 0.02204, EPS: 0.928
Epoch: 8, Train Loss: 0.01228, Valid Loss: 0.02139, EPS: 0.919
Epoch: 9, Train Loss: 0.01131, Valid Loss: 0.02084, EPS: 0.91
Epoch: 10, Train Loss: 0.01043, Valid Loss: 0.02054, EPS: 0.901
Epoch: 11, Train Loss: 0.00953, Valid Loss: 0.02029, EPS: 0.892
Epoch: 12, Train Loss: 0.00882, Valid Loss: 0.02026, EPS: 0.883
Epoch: 13, Train Loss: 0.00834, Valid Loss: 0.02027, EPS: 0.874
Epoch: 14, Train Loss: 0.00794, Valid Loss: 0.02033, EPS: 0.865
Epoch: 15, Train Loss: 0.00757, Valid Loss: 0.02039, EPS: 0.856
Epoch: 16, Train Loss: 0.00745, Valid Loss: 0.02024, EPS: 0.847
Epoch: 17, Train Loss: 0.00719, Valid Loss: 0.02002, EPS: 0.8380000000000001
Epoch: 18, Train Loss: 0.00715, Valid Loss: 0.02037, EPS: 0.8290000000000001
Epoch: 19, Train Loss: 0.00686, Valid Loss: 0.02021, EPS: 0.8200000000000001
Epoch: 20, Train Loss: 0.00672, Valid Loss: 0.02007, EPS: 0.811
Epoch: 21, Train Loss: 0.00656, Valid Loss: 0.02023, EPS: 0.802
Epoch: 22, Train Loss: 0.00650, Valid Loss: 0.02017, EPS: 0.793
Epoch: 23, Train Loss: 0.00628, Valid Loss: 0.01986, EPS: 0.784
Epoch: 24, Train Loss: 0.00615, Valid Loss: 0.01997, EPS: 0.775
Epoch: 25, Train Loss: 0.00608, Valid Loss: 0.02017, EPS: 0.766
Epoch: 26, Train Loss: 0.00594, Valid Loss: 0.02017, EPS: 0.757
Epoch: 27, Train Loss: 0.00589, Valid Loss: 0.02005, EPS: 0.748
Epoch: 28, Train Loss: 0.00584, Valid Loss: 0.02005, EPS: 0.739
Epoch: 29, Train Loss: 0.00586, Valid Loss: 0.02015, EPS: 0.73
Epoch: 30, Train Loss: 0.00592, Valid Loss: 0.02032, EPS: 0.721
Epoch: 31, Train Loss: 0.00583, Valid Loss: 0.02043, EPS: 0.712
Epoch: 32, Train Loss: 0.00586, Valid Loss: 0.02006, EPS: 0.703
Epoch: 33, Train Loss: 0.00566, Valid Loss: 0.02024, EPS: 0.694
Epoch: 34, Train Loss: 0.00560, Valid Loss: 0.02005, EPS: 0.685
Epoch: 35, Train Loss: 0.00475, Valid Loss: 0.01956, EPS: 0.676
Epoch: 36, Train Loss: 0.00409, Valid Loss: 0.01929, EPS: 0.667
Epoch: 37, Train Loss: 0.00368, Valid Loss: 0.01913, EPS: 0.658
Epoch: 38, Train Loss: 0.00343, Valid Loss: 0.01911, EPS: 0.649
Epoch: 39, Train Loss: 0.00324, Valid Loss: 0.01905, EPS: 0.64
Epoch: 40, Train Loss: 0.00311, Valid Loss: 0.01911, EPS: 0.6310000000000001
Epoch: 41, Train Loss: 0.00302, Valid Loss: 0.01898, EPS: 0.6220000000000001
Epoch: 42, Train Loss: 0.00294, Valid Loss: 0.01886, EPS: 0.6130000000000001
Epoch: 43, Train Loss: 0.00290, Valid Loss: 0.01893, EPS: 0.6040000000000001
Epoch: 44, Train Loss: 0.00284, Valid Loss: 0.01900, EPS: 0.5950000000000001
Epoch: 45, Train Loss: 0.00280, Valid Loss: 0.01891, EPS: 0.5860000000000001
Epoch: 46, Train Loss: 0.00277, Valid Loss: 0.01893, EPS: 0.5770000000000001
Epoch: 47, Train Loss: 0.00272, Valid Loss: 0.01895, EPS: 0.5680000000000001
Epoch: 48, Train Loss: 0.00267, Valid Loss: 0.01888, EPS: 0.559
Epoch: 49, Train Loss: 0.00266, Valid Loss: 0.01898, EPS: 0.55
Epoch: 50, Train Loss: 0.00267, Valid Loss: 0.01892, EPS: 0.541
Epoch: 51, Train Loss: 0.00262, Valid Loss: 0.01890, EPS: 0.532
Epoch: 52, Train Loss: 0.00259, Valid Loss: 0.01902, EPS: 0.523
Epoch: 53, Train Loss: 0.00257, Valid Loss: 0.01902, EPS: 0.514
Epoch: 54, Train Loss: 0.00254, Valid Loss: 0.01895, EPS: 0.505
Epoch: 55, Train Loss: 0.00250, Valid Loss: 0.01893, EPS: 0.496
Epoch: 56, Train Loss: 0.00251, Valid Loss: 0.01894, EPS: 0.4870000000000001
Epoch: 57, Train Loss: 0.00248, Valid Loss: 0.01889, EPS: 0.4780000000000001
Epoch: 58, Train Loss: 0.00248, Valid Loss: 0.01895, EPS: 0.4690000000000001
Epoch: 59, Train Loss: 0.00249, Valid Loss: 0.01888, EPS: 0.4600000000000001
Epoch: 60, Train Loss: 0.00248, Valid Loss: 0.01885, EPS: 0.45100000000000007
Epoch: 61, Train Loss: 0.00246, Valid Loss: 0.01892, EPS: 0.44200000000000006
Epoch: 62, Train Loss: 0.00246, Valid Loss: 0.01895, EPS: 0.43300000000000005
Epoch: 63, Train Loss: 0.00247, Valid Loss: 0.01885, EPS: 0.42400000000000004
Epoch: 64, Train Loss: 0.00245, Valid Loss: 0.01890, EPS: 0.41500000000000004
Epoch: 65, Train Loss: 0.00244, Valid Loss: 0.01894, EPS: 0.406
Epoch: 66, Train Loss: 0.00245, Valid Loss: 0.01890, EPS: 0.397
Epoch: 67, Train Loss: 0.00245, Valid Loss: 0.01893, EPS: 0.388
Epoch: 68, Train Loss: 0.00243, Valid Loss: 0.01885, EPS: 0.3790000000000001
Epoch: 69, Train Loss: 0.00243, Valid Loss: 0.01896, EPS: 0.3700000000000001
Epoch: 70, Train Loss: 0.00242, Valid Loss: 0.01900, EPS: 0.3610000000000001
Epoch: 71, Train Loss: 0.00242, Valid Loss: 0.01898, EPS: 0.3520000000000001
Epoch: 72, Train Loss: 0.00243, Valid Loss: 0.01895, EPS: 0.343
Epoch: 73, Train Loss: 0.00242, Valid Loss: 0.01889, EPS: 0.334
Epoch: 74, Train Loss: 0.00243, Valid Loss: 0.01900, EPS: 0.325
Epoch: 75, Train Loss: 0.00244, Valid Loss: 0.01892, EPS: 0.316
Epoch: 76, Train Loss: 0.00243, Valid Loss: 0.01904, EPS: 0.307
Epoch: 77, Train Loss: 0.00241, Valid Loss: 0.01892, EPS: 0.298
Epoch: 78, Train Loss: 0.00240, Valid Loss: 0.01904, EPS: 0.289
Epoch: 79, Train Loss: 0.00245, Valid Loss: 0.01889, EPS: 0.27999999999999997
Epoch: 80, Train Loss: 0.00243, Valid Loss: 0.01898, EPS: 0.27099999999999996
Epoch: 81, Train Loss: 0.00240, Valid Loss: 0.01891, EPS: 0.26200000000000007
Epoch: 82, Train Loss: 0.00243, Valid Loss: 0.01883, EPS: 0.25300000000000006
Epoch: 83, Train Loss: 0.00241, Valid Loss: 0.01887, EPS: 0.24400000000000005
Epoch: 84, Train Loss: 0.00243, Valid Loss: 0.01903, EPS: 0.23500000000000004
Epoch: 85, Train Loss: 0.00238, Valid Loss: 0.01896, EPS: 0.22600000000000003
Epoch: 86, Train Loss: 0.00241, Valid Loss: 0.01891, EPS: 0.21700000000000003
Epoch: 87, Train Loss: 0.00241, Valid Loss: 0.01893, EPS: 0.20800000000000002
Epoch: 88, Train Loss: 0.00239, Valid Loss: 0.01887, EPS: 0.199
Epoch: 89, Train Loss: 0.00244, Valid Loss: 0.01904, EPS: 0.19
Epoch: 90, Train Loss: 0.00241, Valid Loss: 0.01903, EPS: 0.181
Epoch: 91, Train Loss: 0.00242, Valid Loss: 0.01900, EPS: 0.172
Epoch: 92, Train Loss: 0.00241, Valid Loss: 0.01889, EPS: 0.16299999999999998
Epoch: 93, Train Loss: 0.00242, Valid Loss: 0.01882, EPS: 0.15400000000000005
Epoch: 94, Train Loss: 0.00239, Valid Loss: 0.01894, EPS: 0.14500000000000005
Epoch: 95, Train Loss: 0.00242, Valid Loss: 0.01901, EPS: 0.13600000000000004
Epoch: 96, Train Loss: 0.00240, Valid Loss: 0.01889, EPS: 0.12700000000000003
Epoch: 97, Train Loss: 0.00242, Valid Loss: 0.01893, EPS: 0.11800000000000002
Epoch: 98, Train Loss: 0.00240, Valid Loss: 0.01895, EPS: 0.10900000000000001
Epoch: 99, Train Loss: 0.00240, Valid Loss: 0.01897, EPS: 0.1
Test Loss: 0.01893
Test Loss: 0.01872
torch.Size([2806, 5, 64, 32])
torch.Size([935, 5, 64, 32])
torch.Size([937, 5, 64, 32])
Shape: (5, 144, 72)
Epoch: 0, Train Loss: 0.04503, Valid Loss: 0.03141, EPS: 0.991
Epoch: 1, Train Loss: 0.02731, Valid Loss: 0.02547, EPS: 0.982
Epoch: 2, Train Loss: 0.02170, Valid Loss: 0.02248, EPS: 0.973
Epoch: 3, Train Loss: 0.01837, Valid Loss: 0.02065, EPS: 0.964
Epoch: 4, Train Loss: 0.01596, Valid Loss: 0.01962, EPS: 0.955
Epoch: 5, Train Loss: 0.01442, Valid Loss: 0.01904, EPS: 0.946
Epoch: 6, Train Loss: 0.01329, Valid Loss: 0.01850, EPS: 0.9369999999999999
Epoch: 7, Train Loss: 0.01235, Valid Loss: 0.01822, EPS: 0.928
Epoch: 8, Train Loss: 0.01177, Valid Loss: 0.01829, EPS: 0.919
Epoch: 9, Train Loss: 0.01128, Valid Loss: 0.01801, EPS: 0.91
Epoch: 10, Train Loss: 0.01085, Valid Loss: 0.01803, EPS: 0.901
Epoch: 11, Train Loss: 0.01049, Valid Loss: 0.01781, EPS: 0.892
Epoch: 12, Train Loss: 0.01034, Valid Loss: 0.01810, EPS: 0.883
Epoch: 13, Train Loss: 0.01020, Valid Loss: 0.01781, EPS: 0.874
Epoch: 14, Train Loss: 0.00993, Valid Loss: 0.01783, EPS: 0.865
Epoch: 15, Train Loss: 0.00971, Valid Loss: 0.01763, EPS: 0.856
Epoch: 16, Train Loss: 0.00957, Valid Loss: 0.01785, EPS: 0.847
Epoch: 17, Train Loss: 0.00949, Valid Loss: 0.01780, EPS: 0.8380000000000001
Epoch: 18, Train Loss: 0.00932, Valid Loss: 0.01757, EPS: 0.8290000000000001
Epoch: 19, Train Loss: 0.00919, Valid Loss: 0.01773, EPS: 0.8200000000000001
Epoch: 20, Train Loss: 0.00927, Valid Loss: 0.01755, EPS: 0.811
Epoch: 21, Train Loss: 0.00904, Valid Loss: 0.01757, EPS: 0.802
Epoch: 22, Train Loss: 0.00897, Valid Loss: 0.01766, EPS: 0.793
Epoch: 23, Train Loss: 0.00912, Valid Loss: 0.01776, EPS: 0.784
Epoch: 24, Train Loss: 0.00897, Valid Loss: 0.01780, EPS: 0.775
Epoch: 25, Train Loss: 0.00893, Valid Loss: 0.01793, EPS: 0.766
Epoch: 26, Train Loss: 0.00877, Valid Loss: 0.01757, EPS: 0.757
Epoch: 27, Train Loss: 0.00875, Valid Loss: 0.01761, EPS: 0.748
Epoch: 28, Train Loss: 0.00876, Valid Loss: 0.01780, EPS: 0.739
Epoch: 29, Train Loss: 0.00882, Valid Loss: 0.01764, EPS: 0.73
Epoch: 30, Train Loss: 0.00862, Valid Loss: 0.01794, EPS: 0.721
Epoch: 31, Train Loss: 0.00859, Valid Loss: 0.01758, EPS: 0.712
Epoch: 32, Train Loss: 0.00724, Valid Loss: 0.01676, EPS: 0.703
Epoch: 33, Train Loss: 0.00621, Valid Loss: 0.01628, EPS: 0.694
Epoch: 34, Train Loss: 0.00571, Valid Loss: 0.01616, EPS: 0.685
Epoch: 35, Train Loss: 0.00548, Valid Loss: 0.01606, EPS: 0.676
Epoch: 36, Train Loss: 0.00534, Valid Loss: 0.01610, EPS: 0.667
Epoch: 37, Train Loss: 0.00524, Valid Loss: 0.01604, EPS: 0.658
Epoch: 38, Train Loss: 0.00519, Valid Loss: 0.01600, EPS: 0.649
Epoch: 39, Train Loss: 0.00511, Valid Loss: 0.01595, EPS: 0.64
Epoch: 40, Train Loss: 0.00508, Valid Loss: 0.01597, EPS: 0.6310000000000001
Epoch: 41, Train Loss: 0.00504, Valid Loss: 0.01595, EPS: 0.6220000000000001
Epoch: 42, Train Loss: 0.00501, Valid Loss: 0.01598, EPS: 0.6130000000000001
Epoch: 43, Train Loss: 0.00498, Valid Loss: 0.01599, EPS: 0.6040000000000001
Epoch: 44, Train Loss: 0.00494, Valid Loss: 0.01595, EPS: 0.5950000000000001
Epoch: 45, Train Loss: 0.00490, Valid Loss: 0.01597, EPS: 0.5860000000000001
Epoch: 46, Train Loss: 0.00488, Valid Loss: 0.01591, EPS: 0.5770000000000001
Epoch: 47, Train Loss: 0.00485, Valid Loss: 0.01597, EPS: 0.5680000000000001
Epoch: 48, Train Loss: 0.00480, Valid Loss: 0.01595, EPS: 0.559
Epoch: 49, Train Loss: 0.00475, Valid Loss: 0.01601, EPS: 0.55
Epoch: 50, Train Loss: 0.00474, Valid Loss: 0.01608, EPS: 0.541
Epoch: 51, Train Loss: 0.00470, Valid Loss: 0.01613, EPS: 0.532
Epoch: 52, Train Loss: 0.00467, Valid Loss: 0.01597, EPS: 0.523
Epoch: 53, Train Loss: 0.00462, Valid Loss: 0.01610, EPS: 0.514
Epoch: 54, Train Loss: 0.00458, Valid Loss: 0.01608, EPS: 0.505
Epoch: 55, Train Loss: 0.00455, Valid Loss: 0.01606, EPS: 0.496
Epoch: 56, Train Loss: 0.00450, Valid Loss: 0.01608, EPS: 0.4870000000000001
Epoch: 57, Train Loss: 0.00447, Valid Loss: 0.01620, EPS: 0.4780000000000001
Epoch: 58, Train Loss: 0.00424, Valid Loss: 0.01614, EPS: 0.4690000000000001
Epoch: 59, Train Loss: 0.00417, Valid Loss: 0.01612, EPS: 0.4600000000000001
Epoch: 60, Train Loss: 0.00414, Valid Loss: 0.01610, EPS: 0.45100000000000007
Epoch: 61, Train Loss: 0.00409, Valid Loss: 0.01608, EPS: 0.44200000000000006
Epoch: 62, Train Loss: 0.00409, Valid Loss: 0.01610, EPS: 0.43300000000000005
Epoch: 63, Train Loss: 0.00410, Valid Loss: 0.01612, EPS: 0.42400000000000004
Epoch: 64, Train Loss: 0.00407, Valid Loss: 0.01609, EPS: 0.41500000000000004
Epoch: 65, Train Loss: 0.00408, Valid Loss: 0.01613, EPS: 0.406
Epoch: 66, Train Loss: 0.00406, Valid Loss: 0.01609, EPS: 0.397
Epoch: 67, Train Loss: 0.00404, Valid Loss: 0.01617, EPS: 0.388
Epoch: 68, Train Loss: 0.00404, Valid Loss: 0.01605, EPS: 0.3790000000000001
Epoch: 69, Train Loss: 0.00400, Valid Loss: 0.01608, EPS: 0.3700000000000001
Epoch: 70, Train Loss: 0.00402, Valid Loss: 0.01613, EPS: 0.3610000000000001
Epoch: 71, Train Loss: 0.00400, Valid Loss: 0.01616, EPS: 0.3520000000000001
Epoch: 72, Train Loss: 0.00399, Valid Loss: 0.01610, EPS: 0.343
Epoch: 73, Train Loss: 0.00401, Valid Loss: 0.01618, EPS: 0.334
Epoch: 74, Train Loss: 0.00398, Valid Loss: 0.01616, EPS: 0.325
Epoch: 75, Train Loss: 0.00400, Valid Loss: 0.01614, EPS: 0.316
Epoch: 76, Train Loss: 0.00400, Valid Loss: 0.01614, EPS: 0.307
Epoch: 77, Train Loss: 0.00400, Valid Loss: 0.01614, EPS: 0.298
Epoch: 78, Train Loss: 0.00400, Valid Loss: 0.01610, EPS: 0.289
Epoch: 79, Train Loss: 0.00398, Valid Loss: 0.01613, EPS: 0.27999999999999997
Epoch: 80, Train Loss: 0.00399, Valid Loss: 0.01612, EPS: 0.27099999999999996
Epoch: 81, Train Loss: 0.00398, Valid Loss: 0.01607, EPS: 0.26200000000000007
Epoch: 82, Train Loss: 0.00399, Valid Loss: 0.01619, EPS: 0.25300000000000006
Epoch: 83, Train Loss: 0.00399, Valid Loss: 0.01615, EPS: 0.24400000000000005
Epoch: 84, Train Loss: 0.00401, Valid Loss: 0.01615, EPS: 0.23500000000000004
Epoch: 85, Train Loss: 0.00399, Valid Loss: 0.01619, EPS: 0.22600000000000003
Epoch: 86, Train Loss: 0.00399, Valid Loss: 0.01616, EPS: 0.21700000000000003
Epoch: 87, Train Loss: 0.00399, Valid Loss: 0.01619, EPS: 0.20800000000000002
Epoch: 88, Train Loss: 0.00399, Valid Loss: 0.01612, EPS: 0.199
Epoch: 89, Train Loss: 0.00400, Valid Loss: 0.01610, EPS: 0.19
Epoch: 90, Train Loss: 0.00398, Valid Loss: 0.01604, EPS: 0.181
Epoch: 91, Train Loss: 0.00399, Valid Loss: 0.01614, EPS: 0.172
Epoch: 92, Train Loss: 0.00400, Valid Loss: 0.01614, EPS: 0.16299999999999998
Epoch: 93, Train Loss: 0.00400, Valid Loss: 0.01611, EPS: 0.15400000000000005
Epoch: 94, Train Loss: 0.00399, Valid Loss: 0.01610, EPS: 0.14500000000000005
Epoch: 95, Train Loss: 0.00400, Valid Loss: 0.01610, EPS: 0.13600000000000004
Epoch: 96, Train Loss: 0.00399, Valid Loss: 0.01615, EPS: 0.12700000000000003
Epoch: 97, Train Loss: 0.00400, Valid Loss: 0.01612, EPS: 0.11800000000000002
Epoch: 98, Train Loss: 0.00400, Valid Loss: 0.01612, EPS: 0.10900000000000001
Epoch: 99, Train Loss: 0.00399, Valid Loss: 0.01620, EPS: 0.1
Test Loss: 0.01606
Test Loss: 0.01623
torch.Size([2806, 5, 64, 32])
torch.Size([935, 5, 64, 32])
torch.Size([937, 5, 64, 32])
Shape: (5, 144, 72)
Epoch: 0, Train Loss: 0.05359, Valid Loss: 0.04132, EPS: 0.991
Epoch: 1, Train Loss: 0.03463, Valid Loss: 0.03200, EPS: 0.982
Epoch: 2, Train Loss: 0.02689, Valid Loss: 0.02770, EPS: 0.973
Epoch: 3, Train Loss: 0.02236, Valid Loss: 0.02532, EPS: 0.964
Epoch: 4, Train Loss: 0.01904, Valid Loss: 0.02364, EPS: 0.955
Epoch: 5, Train Loss: 0.01675, Valid Loss: 0.02266, EPS: 0.946
Epoch: 6, Train Loss: 0.01468, Valid Loss: 0.02197, EPS: 0.9369999999999999
Epoch: 7, Train Loss: 0.01323, Valid Loss: 0.02161, EPS: 0.928
Epoch: 8, Train Loss: 0.01220, Valid Loss: 0.02121, EPS: 0.919
Epoch: 9, Train Loss: 0.01102, Valid Loss: 0.02056, EPS: 0.91
Epoch: 10, Train Loss: 0.01016, Valid Loss: 0.02045, EPS: 0.901
Epoch: 11, Train Loss: 0.00925, Valid Loss: 0.02053, EPS: 0.892
Epoch: 12, Train Loss: 0.00866, Valid Loss: 0.02011, EPS: 0.883
Epoch: 13, Train Loss: 0.00811, Valid Loss: 0.02018, EPS: 0.874
Epoch: 14, Train Loss: 0.00785, Valid Loss: 0.02020, EPS: 0.865
Epoch: 15, Train Loss: 0.00762, Valid Loss: 0.02033, EPS: 0.856
Epoch: 16, Train Loss: 0.00726, Valid Loss: 0.01995, EPS: 0.847
Epoch: 17, Train Loss: 0.00705, Valid Loss: 0.01997, EPS: 0.8380000000000001
Epoch: 18, Train Loss: 0.00685, Valid Loss: 0.01994, EPS: 0.8290000000000001
Epoch: 19, Train Loss: 0.00666, Valid Loss: 0.02009, EPS: 0.8200000000000001
Epoch: 20, Train Loss: 0.00669, Valid Loss: 0.02015, EPS: 0.811
Epoch: 21, Train Loss: 0.00654, Valid Loss: 0.01991, EPS: 0.802
Epoch: 22, Train Loss: 0.00639, Valid Loss: 0.02012, EPS: 0.793
Epoch: 23, Train Loss: 0.00633, Valid Loss: 0.02007, EPS: 0.784
Epoch: 24, Train Loss: 0.00621, Valid Loss: 0.02005, EPS: 0.775
Epoch: 25, Train Loss: 0.00614, Valid Loss: 0.02047, EPS: 0.766
Epoch: 26, Train Loss: 0.00604, Valid Loss: 0.02019, EPS: 0.757
Epoch: 27, Train Loss: 0.00598, Valid Loss: 0.02028, EPS: 0.748
Epoch: 28, Train Loss: 0.00594, Valid Loss: 0.02024, EPS: 0.739
Epoch: 29, Train Loss: 0.00590, Valid Loss: 0.02015, EPS: 0.73
Epoch: 30, Train Loss: 0.00583, Valid Loss: 0.02012, EPS: 0.721
Epoch: 31, Train Loss: 0.00578, Valid Loss: 0.02033, EPS: 0.712
Epoch: 32, Train Loss: 0.00563, Valid Loss: 0.02029, EPS: 0.703
Epoch: 33, Train Loss: 0.00492, Valid Loss: 0.01974, EPS: 0.694
Epoch: 34, Train Loss: 0.00424, Valid Loss: 0.01925, EPS: 0.685
Epoch: 35, Train Loss: 0.00374, Valid Loss: 0.01913, EPS: 0.676
Epoch: 36, Train Loss: 0.00349, Valid Loss: 0.01891, EPS: 0.667
Epoch: 37, Train Loss: 0.00329, Valid Loss: 0.01889, EPS: 0.658
Epoch: 38, Train Loss: 0.00315, Valid Loss: 0.01889, EPS: 0.649
Epoch: 39, Train Loss: 0.00306, Valid Loss: 0.01880, EPS: 0.64
Epoch: 40, Train Loss: 0.00298, Valid Loss: 0.01873, EPS: 0.6310000000000001
Epoch: 41, Train Loss: 0.00292, Valid Loss: 0.01882, EPS: 0.6220000000000001
Epoch: 42, Train Loss: 0.00283, Valid Loss: 0.01880, EPS: 0.6130000000000001
Epoch: 43, Train Loss: 0.00280, Valid Loss: 0.01878, EPS: 0.6040000000000001
Epoch: 44, Train Loss: 0.00280, Valid Loss: 0.01884, EPS: 0.5950000000000001
Epoch: 45, Train Loss: 0.00276, Valid Loss: 0.01880, EPS: 0.5860000000000001
Epoch: 46, Train Loss: 0.00275, Valid Loss: 0.01884, EPS: 0.5770000000000001
Epoch: 47, Train Loss: 0.00269, Valid Loss: 0.01881, EPS: 0.5680000000000001
Epoch: 48, Train Loss: 0.00268, Valid Loss: 0.01875, EPS: 0.559
Epoch: 49, Train Loss: 0.00267, Valid Loss: 0.01884, EPS: 0.55
Epoch: 50, Train Loss: 0.00263, Valid Loss: 0.01871, EPS: 0.541
Epoch: 51, Train Loss: 0.00260, Valid Loss: 0.01884, EPS: 0.532
Epoch: 52, Train Loss: 0.00261, Valid Loss: 0.01883, EPS: 0.523
Epoch: 53, Train Loss: 0.00255, Valid Loss: 0.01882, EPS: 0.514
Epoch: 54, Train Loss: 0.00255, Valid Loss: 0.01882, EPS: 0.505
Epoch: 55, Train Loss: 0.00251, Valid Loss: 0.01895, EPS: 0.496
Epoch: 56, Train Loss: 0.00251, Valid Loss: 0.01886, EPS: 0.4870000000000001
Epoch: 57, Train Loss: 0.00248, Valid Loss: 0.01880, EPS: 0.4780000000000001
Epoch: 58, Train Loss: 0.00250, Valid Loss: 0.01896, EPS: 0.4690000000000001
Epoch: 59, Train Loss: 0.00247, Valid Loss: 0.01876, EPS: 0.4600000000000001
Epoch: 60, Train Loss: 0.00244, Valid Loss: 0.01891, EPS: 0.45100000000000007
Epoch: 61, Train Loss: 0.00241, Valid Loss: 0.01892, EPS: 0.44200000000000006
Epoch: 62, Train Loss: 0.00236, Valid Loss: 0.01895, EPS: 0.43300000000000005
Epoch: 63, Train Loss: 0.00234, Valid Loss: 0.01885, EPS: 0.42400000000000004
Epoch: 64, Train Loss: 0.00233, Valid Loss: 0.01881, EPS: 0.41500000000000004
Epoch: 65, Train Loss: 0.00235, Valid Loss: 0.01895, EPS: 0.406
Epoch: 66, Train Loss: 0.00231, Valid Loss: 0.01882, EPS: 0.397
Epoch: 67, Train Loss: 0.00228, Valid Loss: 0.01888, EPS: 0.388
Epoch: 68, Train Loss: 0.00228, Valid Loss: 0.01883, EPS: 0.3790000000000001
Epoch: 69, Train Loss: 0.00227, Valid Loss: 0.01886, EPS: 0.3700000000000001
Epoch: 70, Train Loss: 0.00226, Valid Loss: 0.01891, EPS: 0.3610000000000001
Epoch: 71, Train Loss: 0.00226, Valid Loss: 0.01884, EPS: 0.3520000000000001
Epoch: 72, Train Loss: 0.00225, Valid Loss: 0.01888, EPS: 0.343
Epoch: 73, Train Loss: 0.00224, Valid Loss: 0.01884, EPS: 0.334
Epoch: 74, Train Loss: 0.00226, Valid Loss: 0.01889, EPS: 0.325
Epoch: 75, Train Loss: 0.00227, Valid Loss: 0.01887, EPS: 0.316
Epoch: 76, Train Loss: 0.00226, Valid Loss: 0.01884, EPS: 0.307
Epoch: 77, Train Loss: 0.00224, Valid Loss: 0.01888, EPS: 0.298
Epoch: 78, Train Loss: 0.00226, Valid Loss: 0.01894, EPS: 0.289
Epoch: 79, Train Loss: 0.00226, Valid Loss: 0.01888, EPS: 0.27999999999999997
Epoch: 80, Train Loss: 0.00225, Valid Loss: 0.01890, EPS: 0.27099999999999996
Epoch: 81, Train Loss: 0.00225, Valid Loss: 0.01887, EPS: 0.26200000000000007
Epoch: 82, Train Loss: 0.00224, Valid Loss: 0.01900, EPS: 0.25300000000000006
Epoch: 83, Train Loss: 0.00226, Valid Loss: 0.01878, EPS: 0.24400000000000005
Epoch: 84, Train Loss: 0.00225, Valid Loss: 0.01886, EPS: 0.23500000000000004
Epoch: 85, Train Loss: 0.00224, Valid Loss: 0.01894, EPS: 0.22600000000000003
Epoch: 86, Train Loss: 0.00222, Valid Loss: 0.01886, EPS: 0.21700000000000003
Epoch: 87, Train Loss: 0.00225, Valid Loss: 0.01897, EPS: 0.20800000000000002
Epoch: 88, Train Loss: 0.00226, Valid Loss: 0.01883, EPS: 0.199
Epoch: 89, Train Loss: 0.00225, Valid Loss: 0.01894, EPS: 0.19
Epoch: 90, Train Loss: 0.00225, Valid Loss: 0.01883, EPS: 0.181
Epoch: 91, Train Loss: 0.00225, Valid Loss: 0.01888, EPS: 0.172
Epoch: 92, Train Loss: 0.00225, Valid Loss: 0.01889, EPS: 0.16299999999999998
Epoch: 93, Train Loss: 0.00224, Valid Loss: 0.01890, EPS: 0.15400000000000005
Epoch: 94, Train Loss: 0.00224, Valid Loss: 0.01890, EPS: 0.14500000000000005
Epoch: 95, Train Loss: 0.00224, Valid Loss: 0.01880, EPS: 0.13600000000000004
Epoch: 96, Train Loss: 0.00226, Valid Loss: 0.01890, EPS: 0.12700000000000003
Epoch: 97, Train Loss: 0.00223, Valid Loss: 0.01877, EPS: 0.11800000000000002
Epoch: 98, Train Loss: 0.00224, Valid Loss: 0.01886, EPS: 0.10900000000000001
Epoch: 99, Train Loss: 0.00224, Valid Loss: 0.01892, EPS: 0.1
Test Loss: 0.01891
Test Loss: 0.01897
