nohup: ignoring input
Train: torch.Size([14031, 5, 64, 32]), Valid: torch.Size([4677, 5, 64, 32]), Test: torch.Size([4678, 5, 64, 32])
Input shape: (C=5, H=144, W=72)
Fine Tuning Both
Training Decoder
Starting Latent Downstream Task
MSE Loss Between Generated and Conditioned: 597240.1875
Epoch: 1, Loss: 1.0111
MSE Loss Between Generated and Conditioned: 139620.1250
Epoch: 2, Loss: 0.8170
MSE Loss Between Generated and Conditioned: 80086.8047
Epoch: 3, Loss: 0.6923
MSE Loss Between Generated and Conditioned: 72575.1250
Epoch: 4, Loss: 0.5977
MSE Loss Between Generated and Conditioned: 59302.6758
Epoch: 5, Loss: 0.5252
MSE Loss Between Generated and Conditioned: 43339.1367
Epoch: 6, Loss: 0.4686
MSE Loss Between Generated and Conditioned: 39608.8555
Epoch: 7, Loss: 0.4263
MSE Loss Between Generated and Conditioned: 32339.9746
Epoch: 8, Loss: 0.3937
MSE Loss Between Generated and Conditioned: 29537.5605
Epoch: 9, Loss: 0.3633
MSE Loss Between Generated and Conditioned: 22266.5957
Epoch: 10, Loss: 0.3347
MSE Loss Between Generated and Conditioned: 19213.9219
Epoch: 11, Loss: 0.3168
MSE Loss Between Generated and Conditioned: 17254.2695
Epoch: 12, Loss: 0.3041
MSE Loss Between Generated and Conditioned: 14318.6768
Epoch: 13, Loss: 0.2871
MSE Loss Between Generated and Conditioned: 9076.9014
Epoch: 14, Loss: 0.2779
MSE Loss Between Generated and Conditioned: 12906.6592
Epoch: 15, Loss: 0.2677
MSE Loss Between Generated and Conditioned: 11481.7051
Epoch: 16, Loss: 0.2568
MSE Loss Between Generated and Conditioned: 9719.3086
Epoch: 17, Loss: 0.2457
MSE Loss Between Generated and Conditioned: 8518.6445
Epoch: 18, Loss: 0.2450
MSE Loss Between Generated and Conditioned: 6839.4697
Epoch: 19, Loss: 0.2393
MSE Loss Between Generated and Conditioned: 8756.5674
Epoch: 20, Loss: 0.2345
MSE Loss Between Generated and Conditioned: 7931.0244
Epoch: 21, Loss: 0.2331
MSE Loss Between Generated and Conditioned: 8396.5889
Epoch: 22, Loss: 0.2255
MSE Loss Between Generated and Conditioned: 5455.4082
Epoch: 23, Loss: 0.2215
MSE Loss Between Generated and Conditioned: 3929.1685
Epoch: 24, Loss: 0.2065
MSE Loss Between Generated and Conditioned: 4495.3003
Epoch: 25, Loss: 0.2110
MSE Loss Between Generated and Conditioned: 4531.4272
Epoch: 26, Loss: 0.2081
MSE Loss Between Generated and Conditioned: 4754.5889
Epoch: 27, Loss: 0.2078
MSE Loss Between Generated and Conditioned: 5336.8682
Epoch: 28, Loss: 0.2108
MSE Loss Between Generated and Conditioned: 4912.8149
Epoch: 29, Loss: 0.1976
MSE Loss Between Generated and Conditioned: 3520.4255
Epoch: 30, Loss: 0.2024
MSE Loss Between Generated and Conditioned: 3975.9871
Epoch: 31, Loss: 0.1974
MSE Loss Between Generated and Conditioned: 4660.3643
Epoch: 32, Loss: 0.1931
MSE Loss Between Generated and Conditioned: 4393.6841
Epoch: 33, Loss: 0.1827
MSE Loss Between Generated and Conditioned: 3870.1375
Epoch: 34, Loss: 0.1937
MSE Loss Between Generated and Conditioned: 3297.1501
Epoch: 35, Loss: 0.1815
MSE Loss Between Generated and Conditioned: 2031.9434
Epoch: 36, Loss: 0.1818
MSE Loss Between Generated and Conditioned: 2562.7407
Epoch: 37, Loss: 0.1800
MSE Loss Between Generated and Conditioned: 2068.6768
Epoch: 38, Loss: 0.1801
MSE Loss Between Generated and Conditioned: 2446.7551
Epoch: 39, Loss: 0.1759
MSE Loss Between Generated and Conditioned: 1601.7444
Epoch: 40, Loss: 0.1742
MSE Loss Between Generated and Conditioned: 1204.5966
Epoch: 41, Loss: 0.1701
MSE Loss Between Generated and Conditioned: 1502.8832
Epoch: 42, Loss: 0.1695
MSE Loss Between Generated and Conditioned: 1385.2452
Epoch: 43, Loss: 0.1730
MSE Loss Between Generated and Conditioned: 2294.9851
Epoch: 44, Loss: 0.1631
MSE Loss Between Generated and Conditioned: 1482.4944
Epoch: 45, Loss: 0.1640
MSE Loss Between Generated and Conditioned: 1816.5746
Epoch: 46, Loss: 0.1645
MSE Loss Between Generated and Conditioned: 1685.7799
Epoch: 47, Loss: 0.1696
MSE Loss Between Generated and Conditioned: 910.0120
Epoch: 48, Loss: 0.1707
MSE Loss Between Generated and Conditioned: 715.9443
Epoch: 49, Loss: 0.1580
MSE Loss Between Generated and Conditioned: 591.2519
Epoch: 50, Loss: 0.1610
MSE Loss Between Generated and Conditioned: 726.5976
Epoch: 51, Loss: 0.1592
MSE Loss Between Generated and Conditioned: 750.6512
Epoch: 52, Loss: 0.1559
MSE Loss Between Generated and Conditioned: 623.7996
Epoch: 53, Loss: 0.1636
MSE Loss Between Generated and Conditioned: 754.7484
Epoch: 54, Loss: 0.1538
MSE Loss Between Generated and Conditioned: 415.6651
Epoch: 55, Loss: 0.1519
MSE Loss Between Generated and Conditioned: 592.9330
Epoch: 56, Loss: 0.1473
MSE Loss Between Generated and Conditioned: 497.8836
Epoch: 57, Loss: 0.1559
MSE Loss Between Generated and Conditioned: 404.4923
Epoch: 58, Loss: 0.1539
MSE Loss Between Generated and Conditioned: 274.8081
Epoch: 59, Loss: 0.1529
MSE Loss Between Generated and Conditioned: 405.7732
Epoch: 60, Loss: 0.1516
MSE Loss Between Generated and Conditioned: 320.0800
Epoch: 61, Loss: 0.1513
MSE Loss Between Generated and Conditioned: 304.7903
Epoch: 62, Loss: 0.1508
MSE Loss Between Generated and Conditioned: 222.7223
Epoch: 63, Loss: 0.1503
MSE Loss Between Generated and Conditioned: 429.8475
Epoch: 64, Loss: 0.1448
MSE Loss Between Generated and Conditioned: 255.8548
Epoch: 65, Loss: 0.1459
MSE Loss Between Generated and Conditioned: 326.6985
Epoch: 66, Loss: 0.1377
MSE Loss Between Generated and Conditioned: 222.2926
Epoch: 67, Loss: 0.1493
MSE Loss Between Generated and Conditioned: 178.9877
Epoch: 68, Loss: 0.1427
MSE Loss Between Generated and Conditioned: 308.0297
Epoch: 69, Loss: 0.1424
MSE Loss Between Generated and Conditioned: 223.2360
Epoch: 70, Loss: 0.1428
MSE Loss Between Generated and Conditioned: 347.9455
Epoch: 71, Loss: 0.1406
MSE Loss Between Generated and Conditioned: 235.8793
Epoch: 72, Loss: 0.1434
MSE Loss Between Generated and Conditioned: 175.4476
Epoch: 73, Loss: 0.1428
MSE Loss Between Generated and Conditioned: 223.1844
Epoch: 74, Loss: 0.1400
MSE Loss Between Generated and Conditioned: 197.2656
Epoch: 75, Loss: 0.1401
MSE Loss Between Generated and Conditioned: 145.5728
Epoch: 76, Loss: 0.1470
MSE Loss Between Generated and Conditioned: 136.7632
Epoch: 77, Loss: 0.1451
MSE Loss Between Generated and Conditioned: 108.8840
Epoch: 78, Loss: 0.1405
MSE Loss Between Generated and Conditioned: 99.0535
Epoch: 79, Loss: 0.1382
MSE Loss Between Generated and Conditioned: 119.2641
Epoch: 80, Loss: 0.1309
MSE Loss Between Generated and Conditioned: 94.8445
Epoch: 81, Loss: 0.1408
MSE Loss Between Generated and Conditioned: 103.6775
Epoch: 82, Loss: 0.1240
MSE Loss Between Generated and Conditioned: 111.4732
Epoch: 83, Loss: 0.1333
MSE Loss Between Generated and Conditioned: 96.2673
Epoch: 84, Loss: 0.1358
MSE Loss Between Generated and Conditioned: 78.4342
Epoch: 85, Loss: 0.1382
MSE Loss Between Generated and Conditioned: 133.8493
Epoch: 86, Loss: 0.1301
MSE Loss Between Generated and Conditioned: 83.7505
Epoch: 87, Loss: 0.1375
MSE Loss Between Generated and Conditioned: 65.5674
Epoch: 88, Loss: 0.1325
MSE Loss Between Generated and Conditioned: 89.3693
Epoch: 89, Loss: 0.1293
MSE Loss Between Generated and Conditioned: 99.1722
Epoch: 90, Loss: 0.1303
MSE Loss Between Generated and Conditioned: 78.2765
Epoch: 91, Loss: 0.1183
MSE Loss Between Generated and Conditioned: 75.9586
Epoch: 92, Loss: 0.1269
MSE Loss Between Generated and Conditioned: 87.8421
Epoch: 93, Loss: 0.1335
MSE Loss Between Generated and Conditioned: 86.7192
Epoch: 94, Loss: 0.1291
MSE Loss Between Generated and Conditioned: 100.4380
Epoch: 95, Loss: 0.1302
MSE Loss Between Generated and Conditioned: 90.6682
Epoch: 96, Loss: 0.1308
MSE Loss Between Generated and Conditioned: 87.8089
Epoch: 97, Loss: 0.1322
MSE Loss Between Generated and Conditioned: 79.3402
Epoch: 98, Loss: 0.1307
MSE Loss Between Generated and Conditioned: 90.3659
Epoch: 99, Loss: 0.1332
MSE Loss Between Generated and Conditioned: 93.2260
Epoch: 100, Loss: 0.1284
MSE Loss Between Generated and Conditioned: 87.6789
Epoch: 101, Loss: 0.1214
MSE Loss Between Generated and Conditioned: 57.5909
Epoch: 102, Loss: 0.1254
MSE Loss Between Generated and Conditioned: 69.7880
Epoch: 103, Loss: 0.1304
MSE Loss Between Generated and Conditioned: 79.4691
Epoch: 104, Loss: 0.1348
MSE Loss Between Generated and Conditioned: 81.3890
Epoch: 105, Loss: 0.1230
MSE Loss Between Generated and Conditioned: 86.6439
Epoch: 106, Loss: 0.1297
MSE Loss Between Generated and Conditioned: 60.0201
Epoch: 107, Loss: 0.1394
MSE Loss Between Generated and Conditioned: 65.8919
Epoch: 108, Loss: 0.1269
MSE Loss Between Generated and Conditioned: 56.7896
Epoch: 109, Loss: 0.1304
MSE Loss Between Generated and Conditioned: 84.1028
Epoch: 110, Loss: 0.1296
MSE Loss Between Generated and Conditioned: 61.4405
Epoch: 111, Loss: 0.1325
MSE Loss Between Generated and Conditioned: 84.6174
Epoch: 112, Loss: 0.1343
MSE Loss Between Generated and Conditioned: 82.5882
Epoch: 113, Loss: 0.1230
MSE Loss Between Generated and Conditioned: 103.8540
Epoch: 114, Loss: 0.1302
MSE Loss Between Generated and Conditioned: 89.5555
Epoch: 115, Loss: 0.1318
MSE Loss Between Generated and Conditioned: 77.6400
Epoch: 116, Loss: 0.1341
MSE Loss Between Generated and Conditioned: 91.0337
Epoch: 117, Loss: 0.1380
MSE Loss Between Generated and Conditioned: 56.5565
Epoch: 118, Loss: 0.1250
MSE Loss Between Generated and Conditioned: 77.4315
Epoch: 119, Loss: 0.1405
MSE Loss Between Generated and Conditioned: 70.6468
Epoch: 120, Loss: 0.1273
MSE Loss Between Generated and Conditioned: 65.4121
Epoch: 121, Loss: 0.1298
MSE Loss Between Generated and Conditioned: 71.0907
Epoch: 122, Loss: 0.1257
MSE Loss Between Generated and Conditioned: 62.1023
Epoch: 123, Loss: 0.1280
MSE Loss Between Generated and Conditioned: 61.9526
Epoch: 124, Loss: 0.1290
MSE Loss Between Generated and Conditioned: 69.5803
Epoch: 125, Loss: 0.1306
MSE Loss Between Generated and Conditioned: 95.7071
Epoch: 126, Loss: 0.1252
MSE Loss Between Generated and Conditioned: 71.6771
Epoch: 127, Loss: 0.1258
MSE Loss Between Generated and Conditioned: 68.2244
Epoch: 128, Loss: 0.1301
MSE Loss Between Generated and Conditioned: 67.0877
Epoch: 129, Loss: 0.1327
MSE Loss Between Generated and Conditioned: 44.2393
Epoch: 130, Loss: 0.1346
MSE Loss Between Generated and Conditioned: 60.5791
Epoch: 131, Loss: 0.1266
MSE Loss Between Generated and Conditioned: 78.6648
Epoch: 132, Loss: 0.1283
MSE Loss Between Generated and Conditioned: 79.3128
Epoch: 133, Loss: 0.1323
MSE Loss Between Generated and Conditioned: 75.1307
Epoch: 134, Loss: 0.1268
MSE Loss Between Generated and Conditioned: 91.3269
Epoch: 135, Loss: 0.1313
MSE Loss Between Generated and Conditioned: 78.7144
Epoch: 136, Loss: 0.1240
MSE Loss Between Generated and Conditioned: 80.1921
Epoch: 137, Loss: 0.1289
MSE Loss Between Generated and Conditioned: 74.4252
Epoch: 138, Loss: 0.1283
MSE Loss Between Generated and Conditioned: 81.0114
Epoch: 139, Loss: 0.1270
MSE Loss Between Generated and Conditioned: 61.7317
Epoch: 140, Loss: 0.1322
MSE Loss Between Generated and Conditioned: 90.6331
Epoch: 141, Loss: 0.1325
MSE Loss Between Generated and Conditioned: 64.4853
Epoch: 142, Loss: 0.1315
MSE Loss Between Generated and Conditioned: 76.2704
Epoch: 143, Loss: 0.1308
MSE Loss Between Generated and Conditioned: 77.1585
Epoch: 144, Loss: 0.1294
MSE Loss Between Generated and Conditioned: 62.4798
Epoch: 145, Loss: 0.1292
MSE Loss Between Generated and Conditioned: 81.7964
Epoch: 146, Loss: 0.1192
MSE Loss Between Generated and Conditioned: 62.7829
Epoch: 147, Loss: 0.1347
MSE Loss Between Generated and Conditioned: 50.0843
Epoch: 148, Loss: 0.1306
MSE Loss Between Generated and Conditioned: 71.2387
Epoch: 149, Loss: 0.1284
MSE Loss Between Generated and Conditioned: 69.0679
Epoch: 150, Loss: 0.1299
MSE Loss Between Generated and Conditioned: 93.2213
Epoch: 151, Loss: 0.1303
MSE Loss Between Generated and Conditioned: 60.1194
Epoch: 152, Loss: 0.1321
MSE Loss Between Generated and Conditioned: 59.0719
Epoch: 153, Loss: 0.1326
MSE Loss Between Generated and Conditioned: 70.9648
Epoch: 154, Loss: 0.1280
MSE Loss Between Generated and Conditioned: 61.2836
Epoch: 155, Loss: 0.1244
MSE Loss Between Generated and Conditioned: 83.4997
Epoch: 156, Loss: 0.1326
MSE Loss Between Generated and Conditioned: 70.7068
Epoch: 157, Loss: 0.1350
MSE Loss Between Generated and Conditioned: 104.0671
Epoch: 158, Loss: 0.1284
MSE Loss Between Generated and Conditioned: 76.1774
Epoch: 159, Loss: 0.1280
MSE Loss Between Generated and Conditioned: 64.7814
Epoch: 160, Loss: 0.1261
MSE Loss Between Generated and Conditioned: 86.3962
Epoch: 161, Loss: 0.1327
MSE Loss Between Generated and Conditioned: 69.0633
Epoch: 162, Loss: 0.1259
MSE Loss Between Generated and Conditioned: 57.2455
Epoch: 163, Loss: 0.1340
MSE Loss Between Generated and Conditioned: 69.0229
Epoch: 164, Loss: 0.1368
MSE Loss Between Generated and Conditioned: 47.9278
Epoch: 165, Loss: 0.1328
MSE Loss Between Generated and Conditioned: 78.6207
Epoch: 166, Loss: 0.1391
MSE Loss Between Generated and Conditioned: 62.7296
Epoch: 167, Loss: 0.1269
MSE Loss Between Generated and Conditioned: 50.9663
Epoch: 168, Loss: 0.1329
MSE Loss Between Generated and Conditioned: 74.0118
Epoch: 169, Loss: 0.1368
MSE Loss Between Generated and Conditioned: 84.8229
Epoch: 170, Loss: 0.1355
MSE Loss Between Generated and Conditioned: 91.6870
Epoch: 171, Loss: 0.1326
MSE Loss Between Generated and Conditioned: 58.5160
Epoch: 172, Loss: 0.1253
MSE Loss Between Generated and Conditioned: 82.7702
Epoch: 173, Loss: 0.1286
MSE Loss Between Generated and Conditioned: 63.9804
Epoch: 174, Loss: 0.1351
MSE Loss Between Generated and Conditioned: 80.8325
Epoch: 175, Loss: 0.1242
MSE Loss Between Generated and Conditioned: 102.4007
Epoch: 176, Loss: 0.1408
MSE Loss Between Generated and Conditioned: 98.3035
Epoch: 177, Loss: 0.1273
MSE Loss Between Generated and Conditioned: 85.4356
Epoch: 178, Loss: 0.1308
MSE Loss Between Generated and Conditioned: 92.6590
Epoch: 179, Loss: 0.1332
MSE Loss Between Generated and Conditioned: 77.8420
Epoch: 180, Loss: 0.1235
MSE Loss Between Generated and Conditioned: 83.4495
Epoch: 181, Loss: 0.1332
MSE Loss Between Generated and Conditioned: 87.9857
Epoch: 182, Loss: 0.1274
MSE Loss Between Generated and Conditioned: 65.2402
Epoch: 183, Loss: 0.1294
MSE Loss Between Generated and Conditioned: 76.8517
Epoch: 184, Loss: 0.1277
MSE Loss Between Generated and Conditioned: 79.8791
Epoch: 185, Loss: 0.1294
MSE Loss Between Generated and Conditioned: 78.4240
Epoch: 186, Loss: 0.1300
MSE Loss Between Generated and Conditioned: 86.7557
Epoch: 187, Loss: 0.1237
MSE Loss Between Generated and Conditioned: 63.0890
Epoch: 188, Loss: 0.1310
MSE Loss Between Generated and Conditioned: 91.1593
Epoch: 189, Loss: 0.1270
MSE Loss Between Generated and Conditioned: 67.1890
Epoch: 190, Loss: 0.1268
MSE Loss Between Generated and Conditioned: 75.5277
Epoch: 191, Loss: 0.1294
MSE Loss Between Generated and Conditioned: 73.8312
Epoch: 192, Loss: 0.1334
MSE Loss Between Generated and Conditioned: 61.8714
Epoch: 193, Loss: 0.1290
MSE Loss Between Generated and Conditioned: 60.2914
Epoch: 194, Loss: 0.1308
MSE Loss Between Generated and Conditioned: 69.9016
Epoch: 195, Loss: 0.1233
MSE Loss Between Generated and Conditioned: 89.3709
Epoch: 196, Loss: 0.1321
MSE Loss Between Generated and Conditioned: 84.9184
Epoch: 197, Loss: 0.1315
MSE Loss Between Generated and Conditioned: 59.4627
Epoch: 198, Loss: 0.1263
MSE Loss Between Generated and Conditioned: 72.3499
Epoch: 199, Loss: 0.1342
MSE Loss Between Generated and Conditioned: 60.3062
Epoch: 200, Loss: 0.1290
MSE Loss Between Generated and Conditioned: 81.9064
Epoch: 201, Loss: 0.1304
MSE Loss Between Generated and Conditioned: 53.9544
Epoch: 202, Loss: 0.1289
MSE Loss Between Generated and Conditioned: 90.4470
Epoch: 203, Loss: 0.1283
MSE Loss Between Generated and Conditioned: 59.8374
Epoch: 204, Loss: 0.1222
MSE Loss Between Generated and Conditioned: 62.4391
Epoch: 205, Loss: 0.1333
MSE Loss Between Generated and Conditioned: 68.0114
Epoch: 206, Loss: 0.1319
MSE Loss Between Generated and Conditioned: 78.4608
Epoch: 207, Loss: 0.1286
MSE Loss Between Generated and Conditioned: 73.1618
Epoch: 208, Loss: 0.1363
MSE Loss Between Generated and Conditioned: 76.3122
Epoch: 209, Loss: 0.1219
MSE Loss Between Generated and Conditioned: 75.4406
Epoch: 210, Loss: 0.1275
MSE Loss Between Generated and Conditioned: 77.4222
Epoch: 211, Loss: 0.1289
MSE Loss Between Generated and Conditioned: 73.9632
Epoch: 212, Loss: 0.1370
MSE Loss Between Generated and Conditioned: 70.5090
Epoch: 213, Loss: 0.1290
MSE Loss Between Generated and Conditioned: 84.4510
Epoch: 214, Loss: 0.1291
MSE Loss Between Generated and Conditioned: 67.3680
Epoch: 215, Loss: 0.1317
MSE Loss Between Generated and Conditioned: 63.5163
Epoch: 216, Loss: 0.1289
MSE Loss Between Generated and Conditioned: 65.9968
Epoch: 217, Loss: 0.1332
MSE Loss Between Generated and Conditioned: 86.7776
Epoch: 218, Loss: 0.1331
MSE Loss Between Generated and Conditioned: 71.0129
Epoch: 219, Loss: 0.1306
MSE Loss Between Generated and Conditioned: 65.4812
Epoch: 220, Loss: 0.1209
MSE Loss Between Generated and Conditioned: 82.6472
Epoch: 221, Loss: 0.1259
MSE Loss Between Generated and Conditioned: 88.3971
Epoch: 222, Loss: 0.1306
MSE Loss Between Generated and Conditioned: 64.8230
Epoch: 223, Loss: 0.1328
MSE Loss Between Generated and Conditioned: 72.8132
Epoch: 224, Loss: 0.1274
MSE Loss Between Generated and Conditioned: 52.9267
Epoch: 225, Loss: 0.1315
MSE Loss Between Generated and Conditioned: 63.6687
Epoch: 226, Loss: 0.1278
MSE Loss Between Generated and Conditioned: 93.3227
Epoch: 227, Loss: 0.1258
MSE Loss Between Generated and Conditioned: 76.2229
Epoch: 228, Loss: 0.1315
MSE Loss Between Generated and Conditioned: 56.4556
Epoch: 229, Loss: 0.1339
MSE Loss Between Generated and Conditioned: 74.8864
Epoch: 230, Loss: 0.1250
MSE Loss Between Generated and Conditioned: 46.4450
Epoch: 231, Loss: 0.1279
MSE Loss Between Generated and Conditioned: 63.0593
Epoch: 232, Loss: 0.1304
MSE Loss Between Generated and Conditioned: 55.5763
Epoch: 233, Loss: 0.1345
MSE Loss Between Generated and Conditioned: 75.1020
Epoch: 234, Loss: 0.1234
MSE Loss Between Generated and Conditioned: 85.6913
Epoch: 235, Loss: 0.1307
MSE Loss Between Generated and Conditioned: 66.9710
Epoch: 236, Loss: 0.1289
MSE Loss Between Generated and Conditioned: 74.0667
Epoch: 237, Loss: 0.1324
MSE Loss Between Generated and Conditioned: 66.5452
Epoch: 238, Loss: 0.1253
MSE Loss Between Generated and Conditioned: 89.1296
Epoch: 239, Loss: 0.1311
MSE Loss Between Generated and Conditioned: 83.5175
Epoch: 240, Loss: 0.1350
MSE Loss Between Generated and Conditioned: 70.6952
Epoch: 241, Loss: 0.1224
MSE Loss Between Generated and Conditioned: 68.1201
Epoch: 242, Loss: 0.1281
MSE Loss Between Generated and Conditioned: 60.3343
Epoch: 243, Loss: 0.1304
MSE Loss Between Generated and Conditioned: 98.3196
Epoch: 244, Loss: 0.1269
MSE Loss Between Generated and Conditioned: 86.1828
Epoch: 245, Loss: 0.1312
MSE Loss Between Generated and Conditioned: 72.8775
Epoch: 246, Loss: 0.1258
MSE Loss Between Generated and Conditioned: 61.9895
Epoch: 247, Loss: 0.1293
MSE Loss Between Generated and Conditioned: 89.6783
Epoch: 248, Loss: 0.1334
MSE Loss Between Generated and Conditioned: 79.4324
Epoch: 249, Loss: 0.1294
MSE Loss Between Generated and Conditioned: 87.4802
Epoch: 250, Loss: 0.1328
MSE Loss Between Generated and Conditioned: 63.6523
Epoch: 251, Loss: 0.1340
MSE Loss Between Generated and Conditioned: 63.6520
Epoch: 252, Loss: 0.1282
MSE Loss Between Generated and Conditioned: 63.4202
Epoch: 253, Loss: 0.1263
MSE Loss Between Generated and Conditioned: 55.7930
Epoch: 254, Loss: 0.1265
MSE Loss Between Generated and Conditioned: 80.3392
Epoch: 255, Loss: 0.1275
MSE Loss Between Generated and Conditioned: 67.9828
Epoch: 256, Loss: 0.1262
MSE Loss Between Generated and Conditioned: 68.0884
Epoch: 257, Loss: 0.1297
MSE Loss Between Generated and Conditioned: 75.9937
Epoch: 258, Loss: 0.1264
MSE Loss Between Generated and Conditioned: 68.1375
Epoch: 259, Loss: 0.1347
MSE Loss Between Generated and Conditioned: 73.6880
Epoch: 260, Loss: 0.1283
MSE Loss Between Generated and Conditioned: 54.9653
Epoch: 261, Loss: 0.1315
MSE Loss Between Generated and Conditioned: 75.6528
Epoch: 262, Loss: 0.1347
MSE Loss Between Generated and Conditioned: 80.8724
Epoch: 263, Loss: 0.1304
MSE Loss Between Generated and Conditioned: 69.7532
Epoch: 264, Loss: 0.1343
MSE Loss Between Generated and Conditioned: 63.0881
Epoch: 265, Loss: 0.1279
MSE Loss Between Generated and Conditioned: 81.0689
Epoch: 266, Loss: 0.1233
MSE Loss Between Generated and Conditioned: 75.9398
Epoch: 267, Loss: 0.1295
MSE Loss Between Generated and Conditioned: 82.5364
Epoch: 268, Loss: 0.1287
MSE Loss Between Generated and Conditioned: 74.8362
Epoch: 269, Loss: 0.1254
MSE Loss Between Generated and Conditioned: 88.8557
Epoch: 270, Loss: 0.1294
MSE Loss Between Generated and Conditioned: 75.9850
Epoch: 271, Loss: 0.1309
MSE Loss Between Generated and Conditioned: 66.7355
Epoch: 272, Loss: 0.1272
MSE Loss Between Generated and Conditioned: 93.7364
Epoch: 273, Loss: 0.1270
MSE Loss Between Generated and Conditioned: 66.1951
Epoch: 274, Loss: 0.1262
MSE Loss Between Generated and Conditioned: 82.9118
Epoch: 275, Loss: 0.1279
MSE Loss Between Generated and Conditioned: 71.1340
Epoch: 276, Loss: 0.1359
MSE Loss Between Generated and Conditioned: 73.3448
Epoch: 277, Loss: 0.1361
MSE Loss Between Generated and Conditioned: 74.6192
Epoch: 278, Loss: 0.1255
MSE Loss Between Generated and Conditioned: 89.7424
Epoch: 279, Loss: 0.1321
MSE Loss Between Generated and Conditioned: 54.2362
Epoch: 280, Loss: 0.1303
MSE Loss Between Generated and Conditioned: 79.9395
Epoch: 281, Loss: 0.1239
MSE Loss Between Generated and Conditioned: 73.7485
Epoch: 282, Loss: 0.1333
MSE Loss Between Generated and Conditioned: 81.2493
Epoch: 283, Loss: 0.1276
MSE Loss Between Generated and Conditioned: 76.7717
Epoch: 284, Loss: 0.1288
MSE Loss Between Generated and Conditioned: 66.1301
Epoch: 285, Loss: 0.1280
MSE Loss Between Generated and Conditioned: 73.8526
Epoch: 286, Loss: 0.1356
MSE Loss Between Generated and Conditioned: 92.6219
Epoch: 287, Loss: 0.1319
MSE Loss Between Generated and Conditioned: 74.1337
Epoch: 288, Loss: 0.1291
MSE Loss Between Generated and Conditioned: 81.3442
Epoch: 289, Loss: 0.1317
MSE Loss Between Generated and Conditioned: 85.9287
Epoch: 290, Loss: 0.1279
MSE Loss Between Generated and Conditioned: 67.9993
Epoch: 291, Loss: 0.1283
MSE Loss Between Generated and Conditioned: 74.6401
Epoch: 292, Loss: 0.1306
MSE Loss Between Generated and Conditioned: 94.6748
Epoch: 293, Loss: 0.1344
MSE Loss Between Generated and Conditioned: 82.4508
Epoch: 294, Loss: 0.1209
MSE Loss Between Generated and Conditioned: 69.9335
Epoch: 295, Loss: 0.1338
MSE Loss Between Generated and Conditioned: 81.4487
Epoch: 296, Loss: 0.1292
MSE Loss Between Generated and Conditioned: 84.0434
Epoch: 297, Loss: 0.1207
MSE Loss Between Generated and Conditioned: 82.5304
Epoch: 298, Loss: 0.1349
MSE Loss Between Generated and Conditioned: 123.6682
Epoch: 299, Loss: 0.1262
/vol/bitbucket/nb324/masters_project/msc_repo/part_5_further_analysis/latent_diffusion_model_conditional_attn/latent_model_main.py:116: UserWarning: No artists with labels found to put in legend.  Note that artists whose label start with an underscore are ignored when legend() is called with no argument.
  plt.legend()
Traceback (most recent call last):
  File "/vol/bitbucket/nb324/masters_project/msc_repo/part_5_further_analysis/simclr_log_cap_alpha_batch_0.2_cycle/main.py", line 186, in <module>
    main()
  File "/vol/bitbucket/nb324/masters_project/msc_repo/part_5_further_analysis/simclr_log_cap_alpha_batch_0.2_cycle/main.py", line 168, in main
    downstream_task_latent_diffusion_conditional_attn(
  File "/vol/bitbucket/nb324/masters_project/msc_repo/part_5_further_analysis/latent_diffusion_model_conditional_attn/latent_model_main.py", line 121, in downstream_task
    plt.plot(epochs, train_losses)
  File "/vol/bitbucket/nb324/masters_project/.venv/lib/python3.12/site-packages/matplotlib/pyplot.py", line 3827, in plot
    return gca().plot(
           ^^^^^^^^^^^
  File "/vol/bitbucket/nb324/masters_project/.venv/lib/python3.12/site-packages/matplotlib/axes/_axes.py", line 1777, in plot
    lines = [*self._get_lines(self, *args, data=data, **kwargs)]
            ^^^^^^^^^^^^^^^^^^^^^^^^^^^^^^^^^^^^^^^^^^^^^^^^^^^^
  File "/vol/bitbucket/nb324/masters_project/.venv/lib/python3.12/site-packages/matplotlib/axes/_base.py", line 297, in __call__
    yield from self._plot_args(
               ^^^^^^^^^^^^^^^^
  File "/vol/bitbucket/nb324/masters_project/.venv/lib/python3.12/site-packages/matplotlib/axes/_base.py", line 494, in _plot_args
    raise ValueError(f"x and y must have same first dimension, but "
ValueError: x and y must have same first dimension, but have shapes (1,) and (44,)
