torch.Size([14031, 5, 64, 32])
torch.Size([4677, 5, 64, 32])
torch.Size([4678, 5, 64, 32])
Shape: (5, 144, 72)
Fine Tuning Both
Epoch: 0, Alpha: 1.00, Total Train Loss: 1.03, Contrastive Train Loss: 1.03, Recon Train Loss: 1.03, Total Valid Loss: 1.90, Contrastive Valid Loss: 1.90, Recon Valid Loss: 1.05, Learning Rate: 0.001
Epoch: 1, Alpha: 0.99, Total Train Loss: 1.01, Contrastive Train Loss: 1.01, Recon Train Loss: 0.53, Total Valid Loss: 1.89, Contrastive Valid Loss: 1.90, Recon Valid Loss: 0.44, Learning Rate: 0.001
Epoch: 2, Alpha: 0.98, Total Train Loss: 0.99, Contrastive Train Loss: 1.00, Recon Train Loss: 0.38, Total Valid Loss: 1.87, Contrastive Valid Loss: 1.90, Recon Valid Loss: 0.41, Learning Rate: 0.001
Epoch: 3, Alpha: 0.97, Total Train Loss: 0.97, Contrastive Train Loss: 0.99, Recon Train Loss: 0.35, Total Valid Loss: 1.81, Contrastive Valid Loss: 1.86, Recon Valid Loss: 0.39, Learning Rate: 0.001
Epoch: 4, Alpha: 0.96, Total Train Loss: 0.96, Contrastive Train Loss: 0.99, Recon Train Loss: 0.34, Total Valid Loss: 1.83, Contrastive Valid Loss: 1.89, Recon Valid Loss: 0.39, Learning Rate: 0.001
Epoch: 5, Alpha: 0.95, Total Train Loss: 0.94, Contrastive Train Loss: 0.98, Recon Train Loss: 0.33, Total Valid Loss: 1.77, Contrastive Valid Loss: 1.84, Recon Valid Loss: 0.39, Learning Rate: 0.001
Epoch: 6, Alpha: 0.94, Total Train Loss: 0.93, Contrastive Train Loss: 0.97, Recon Train Loss: 0.33, Total Valid Loss: 1.71, Contrastive Valid Loss: 1.79, Recon Valid Loss: 0.38, Learning Rate: 0.001
Epoch: 7, Alpha: 0.93, Total Train Loss: 0.91, Contrastive Train Loss: 0.96, Recon Train Loss: 0.33, Total Valid Loss: 1.72, Contrastive Valid Loss: 1.81, Recon Valid Loss: 0.38, Learning Rate: 0.001
Epoch: 8, Alpha: 0.92, Total Train Loss: 0.91, Contrastive Train Loss: 0.96, Recon Train Loss: 0.33, Total Valid Loss: 1.67, Contrastive Valid Loss: 1.78, Recon Valid Loss: 0.38, Learning Rate: 0.001
Epoch: 9, Alpha: 0.91, Total Train Loss: 0.88, Contrastive Train Loss: 0.93, Recon Train Loss: 0.32, Total Valid Loss: 1.69, Contrastive Valid Loss: 1.82, Recon Valid Loss: 0.38, Learning Rate: 0.001
Epoch: 10, Alpha: 0.90, Total Train Loss: 0.87, Contrastive Train Loss: 0.93, Recon Train Loss: 0.32, Total Valid Loss: 1.63, Contrastive Valid Loss: 1.76, Recon Valid Loss: 0.38, Learning Rate: 0.001
Epoch: 11, Alpha: 0.90, Total Train Loss: 0.87, Contrastive Train Loss: 0.93, Recon Train Loss: 0.32, Total Valid Loss: 1.57, Contrastive Valid Loss: 1.71, Recon Valid Loss: 0.38, Learning Rate: 0.001
Epoch: 12, Alpha: 0.89, Total Train Loss: 0.85, Contrastive Train Loss: 0.92, Recon Train Loss: 0.32, Total Valid Loss: 1.59, Contrastive Valid Loss: 1.75, Recon Valid Loss: 0.38, Learning Rate: 0.001
Epoch: 13, Alpha: 0.88, Total Train Loss: 0.83, Contrastive Train Loss: 0.91, Recon Train Loss: 0.32, Total Valid Loss: 1.59, Contrastive Valid Loss: 1.76, Recon Valid Loss: 0.38, Learning Rate: 0.001
Epoch: 14, Alpha: 0.87, Total Train Loss: 0.83, Contrastive Train Loss: 0.91, Recon Train Loss: 0.32, Total Valid Loss: 1.52, Contrastive Valid Loss: 1.69, Recon Valid Loss: 0.38, Learning Rate: 0.001
Epoch: 15, Alpha: 0.86, Total Train Loss: 0.82, Contrastive Train Loss: 0.90, Recon Train Loss: 0.32, Total Valid Loss: 1.51, Contrastive Valid Loss: 1.70, Recon Valid Loss: 0.38, Learning Rate: 0.001
Epoch: 16, Alpha: 0.85, Total Train Loss: 0.81, Contrastive Train Loss: 0.89, Recon Train Loss: 0.32, Total Valid Loss: 1.43, Contrastive Valid Loss: 1.62, Recon Valid Loss: 0.38, Learning Rate: 0.001
Epoch: 17, Alpha: 0.84, Total Train Loss: 0.80, Contrastive Train Loss: 0.89, Recon Train Loss: 0.32, Total Valid Loss: 1.49, Contrastive Valid Loss: 1.70, Recon Valid Loss: 0.38, Learning Rate: 0.001
Epoch: 18, Alpha: 0.84, Total Train Loss: 0.78, Contrastive Train Loss: 0.87, Recon Train Loss: 0.32, Total Valid Loss: 1.46, Contrastive Valid Loss: 1.68, Recon Valid Loss: 0.38, Learning Rate: 0.001
Epoch: 19, Alpha: 0.83, Total Train Loss: 0.78, Contrastive Train Loss: 0.87, Recon Train Loss: 0.32, Total Valid Loss: 1.45, Contrastive Valid Loss: 1.67, Recon Valid Loss: 0.38, Learning Rate: 0.001
Epoch: 20, Alpha: 0.82, Total Train Loss: 0.76, Contrastive Train Loss: 0.86, Recon Train Loss: 0.32, Total Valid Loss: 1.43, Contrastive Valid Loss: 1.66, Recon Valid Loss: 0.38, Learning Rate: 0.001
Epoch: 21, Alpha: 0.81, Total Train Loss: 0.77, Contrastive Train Loss: 0.88, Recon Train Loss: 0.32, Total Valid Loss: 1.41, Contrastive Valid Loss: 1.65, Recon Valid Loss: 0.37, Learning Rate: 0.001
Epoch: 22, Alpha: 0.80, Total Train Loss: 0.76, Contrastive Train Loss: 0.87, Recon Train Loss: 0.32, Total Valid Loss: 1.36, Contrastive Valid Loss: 1.61, Recon Valid Loss: 0.38, Learning Rate: 0.001
Epoch: 23, Alpha: 0.79, Total Train Loss: 0.75, Contrastive Train Loss: 0.86, Recon Train Loss: 0.32, Total Valid Loss: 1.36, Contrastive Valid Loss: 1.61, Recon Valid Loss: 0.38, Learning Rate: 0.001
Epoch: 24, Alpha: 0.79, Total Train Loss: 0.74, Contrastive Train Loss: 0.85, Recon Train Loss: 0.32, Total Valid Loss: 1.37, Contrastive Valid Loss: 1.64, Recon Valid Loss: 0.38, Learning Rate: 0.001
Epoch: 25, Alpha: 0.78, Total Train Loss: 0.73, Contrastive Train Loss: 0.85, Recon Train Loss: 0.32, Total Valid Loss: 1.31, Contrastive Valid Loss: 1.58, Recon Valid Loss: 0.37, Learning Rate: 0.001
Epoch: 26, Alpha: 0.77, Total Train Loss: 0.72, Contrastive Train Loss: 0.84, Recon Train Loss: 0.32, Total Valid Loss: 1.31, Contrastive Valid Loss: 1.59, Recon Valid Loss: 0.38, Learning Rate: 0.001
Epoch: 27, Alpha: 0.76, Total Train Loss: 0.72, Contrastive Train Loss: 0.84, Recon Train Loss: 0.32, Total Valid Loss: 1.31, Contrastive Valid Loss: 1.60, Recon Valid Loss: 0.38, Learning Rate: 0.001
Epoch: 28, Alpha: 0.76, Total Train Loss: 0.71, Contrastive Train Loss: 0.83, Recon Train Loss: 0.32, Total Valid Loss: 1.31, Contrastive Valid Loss: 1.61, Recon Valid Loss: 0.38, Learning Rate: 0.001
Epoch: 29, Alpha: 0.75, Total Train Loss: 0.69, Contrastive Train Loss: 0.82, Recon Train Loss: 0.32, Total Valid Loss: 1.33, Contrastive Valid Loss: 1.65, Recon Valid Loss: 0.37, Learning Rate: 0.001
Epoch: 30, Alpha: 0.74, Total Train Loss: 0.70, Contrastive Train Loss: 0.84, Recon Train Loss: 0.32, Total Valid Loss: 1.30, Contrastive Valid Loss: 1.62, Recon Valid Loss: 0.38, Learning Rate: 0.001
Epoch: 31, Alpha: 0.73, Total Train Loss: 0.69, Contrastive Train Loss: 0.83, Recon Train Loss: 0.31, Total Valid Loss: 1.27, Contrastive Valid Loss: 1.59, Recon Valid Loss: 0.38, Learning Rate: 0.001
Epoch: 32, Alpha: 0.73, Total Train Loss: 0.69, Contrastive Train Loss: 0.83, Recon Train Loss: 0.31, Total Valid Loss: 1.28, Contrastive Valid Loss: 1.62, Recon Valid Loss: 0.37, Learning Rate: 0.001
Epoch: 33, Alpha: 0.72, Total Train Loss: 0.68, Contrastive Train Loss: 0.83, Recon Train Loss: 0.31, Total Valid Loss: 1.22, Contrastive Valid Loss: 1.56, Recon Valid Loss: 0.37, Learning Rate: 0.001
Epoch: 34, Alpha: 0.71, Total Train Loss: 0.68, Contrastive Train Loss: 0.83, Recon Train Loss: 0.31, Total Valid Loss: 1.22, Contrastive Valid Loss: 1.56, Recon Valid Loss: 0.38, Learning Rate: 0.001
Epoch: 35, Alpha: 0.70, Total Train Loss: 0.67, Contrastive Train Loss: 0.82, Recon Train Loss: 0.31, Total Valid Loss: 1.22, Contrastive Valid Loss: 1.58, Recon Valid Loss: 0.38, Learning Rate: 0.001
Epoch: 36, Alpha: 0.70, Total Train Loss: 0.66, Contrastive Train Loss: 0.82, Recon Train Loss: 0.31, Total Valid Loss: 1.20, Contrastive Valid Loss: 1.56, Recon Valid Loss: 0.37, Learning Rate: 0.001
Epoch: 37, Alpha: 0.69, Total Train Loss: 0.66, Contrastive Train Loss: 0.81, Recon Train Loss: 0.31, Total Valid Loss: 1.17, Contrastive Valid Loss: 1.53, Recon Valid Loss: 0.38, Learning Rate: 0.001
Epoch: 38, Alpha: 0.68, Total Train Loss: 0.66, Contrastive Train Loss: 0.82, Recon Train Loss: 0.31, Total Valid Loss: 1.21, Contrastive Valid Loss: 1.59, Recon Valid Loss: 0.37, Learning Rate: 0.001
Epoch: 39, Alpha: 0.68, Total Train Loss: 0.64, Contrastive Train Loss: 0.80, Recon Train Loss: 0.31, Total Valid Loss: 1.15, Contrastive Valid Loss: 1.51, Recon Valid Loss: 0.37, Learning Rate: 0.001
Epoch: 40, Alpha: 0.67, Total Train Loss: 0.64, Contrastive Train Loss: 0.80, Recon Train Loss: 0.31, Total Valid Loss: 1.15, Contrastive Valid Loss: 1.54, Recon Valid Loss: 0.37, Learning Rate: 0.001
Epoch: 41, Alpha: 0.66, Total Train Loss: 0.63, Contrastive Train Loss: 0.79, Recon Train Loss: 0.31, Total Valid Loss: 1.16, Contrastive Valid Loss: 1.57, Recon Valid Loss: 0.37, Learning Rate: 0.001
Epoch: 42, Alpha: 0.66, Total Train Loss: 0.62, Contrastive Train Loss: 0.79, Recon Train Loss: 0.31, Total Valid Loss: 1.14, Contrastive Valid Loss: 1.54, Recon Valid Loss: 0.37, Learning Rate: 0.001
Epoch: 43, Alpha: 0.65, Total Train Loss: 0.62, Contrastive Train Loss: 0.79, Recon Train Loss: 0.31, Total Valid Loss: 1.13, Contrastive Valid Loss: 1.54, Recon Valid Loss: 0.37, Learning Rate: 0.001
Epoch: 44, Alpha: 0.64, Total Train Loss: 0.62, Contrastive Train Loss: 0.80, Recon Train Loss: 0.31, Total Valid Loss: 1.12, Contrastive Valid Loss: 1.54, Recon Valid Loss: 0.37, Learning Rate: 0.001
Epoch: 45, Alpha: 0.64, Total Train Loss: 0.61, Contrastive Train Loss: 0.79, Recon Train Loss: 0.31, Total Valid Loss: 1.14, Contrastive Valid Loss: 1.58, Recon Valid Loss: 0.37, Learning Rate: 0.001
Epoch: 46, Alpha: 0.63, Total Train Loss: 0.60, Contrastive Train Loss: 0.78, Recon Train Loss: 0.31, Total Valid Loss: 1.09, Contrastive Valid Loss: 1.50, Recon Valid Loss: 0.37, Learning Rate: 0.001
Epoch: 47, Alpha: 0.63, Total Train Loss: 0.60, Contrastive Train Loss: 0.78, Recon Train Loss: 0.30, Total Valid Loss: 1.14, Contrastive Valid Loss: 1.60, Recon Valid Loss: 0.37, Learning Rate: 0.001
Epoch: 48, Alpha: 0.62, Total Train Loss: 0.60, Contrastive Train Loss: 0.79, Recon Train Loss: 0.30, Total Valid Loss: 1.10, Contrastive Valid Loss: 1.55, Recon Valid Loss: 0.37, Learning Rate: 0.001
Epoch: 49, Alpha: 0.61, Total Train Loss: 0.60, Contrastive Train Loss: 0.78, Recon Train Loss: 0.30, Total Valid Loss: 1.05, Contrastive Valid Loss: 1.48, Recon Valid Loss: 0.37, Learning Rate: 0.001
Epoch: 50, Alpha: 0.61, Total Train Loss: 0.60, Contrastive Train Loss: 0.79, Recon Train Loss: 0.30, Total Valid Loss: 1.07, Contrastive Valid Loss: 1.52, Recon Valid Loss: 0.37, Learning Rate: 0.001
Epoch: 51, Alpha: 0.60, Total Train Loss: 0.59, Contrastive Train Loss: 0.78, Recon Train Loss: 0.30, Total Valid Loss: 1.04, Contrastive Valid Loss: 1.49, Recon Valid Loss: 0.37, Learning Rate: 0.001
Epoch: 52, Alpha: 0.59, Total Train Loss: 0.58, Contrastive Train Loss: 0.77, Recon Train Loss: 0.30, Total Valid Loss: 1.03, Contrastive Valid Loss: 1.49, Recon Valid Loss: 0.37, Learning Rate: 0.001
Epoch: 53, Alpha: 0.59, Total Train Loss: 0.58, Contrastive Train Loss: 0.77, Recon Train Loss: 0.30, Total Valid Loss: 1.05, Contrastive Valid Loss: 1.54, Recon Valid Loss: 0.36, Learning Rate: 0.001
Epoch: 54, Alpha: 0.58, Total Train Loss: 0.58, Contrastive Train Loss: 0.77, Recon Train Loss: 0.30, Total Valid Loss: 1.04, Contrastive Valid Loss: 1.52, Recon Valid Loss: 0.36, Learning Rate: 0.001
Epoch: 55, Alpha: 0.58, Total Train Loss: 0.57, Contrastive Train Loss: 0.77, Recon Train Loss: 0.30, Total Valid Loss: 1.03, Contrastive Valid Loss: 1.53, Recon Valid Loss: 0.36, Learning Rate: 0.001
Epoch: 56, Alpha: 0.57, Total Train Loss: 0.56, Contrastive Train Loss: 0.76, Recon Train Loss: 0.30, Total Valid Loss: 1.01, Contrastive Valid Loss: 1.50, Recon Valid Loss: 0.36, Learning Rate: 0.001
Epoch: 57, Alpha: 0.57, Total Train Loss: 0.56, Contrastive Train Loss: 0.76, Recon Train Loss: 0.29, Total Valid Loss: 1.02, Contrastive Valid Loss: 1.53, Recon Valid Loss: 0.36, Learning Rate: 0.001
Epoch: 58, Alpha: 0.56, Total Train Loss: 0.55, Contrastive Train Loss: 0.76, Recon Train Loss: 0.29, Total Valid Loss: 1.04, Contrastive Valid Loss: 1.57, Recon Valid Loss: 0.36, Learning Rate: 0.001
Epoch: 59, Alpha: 0.55, Total Train Loss: 0.55, Contrastive Train Loss: 0.76, Recon Train Loss: 0.29, Total Valid Loss: 1.02, Contrastive Valid Loss: 1.56, Recon Valid Loss: 0.36, Learning Rate: 0.001
Epoch: 60, Alpha: 0.55, Total Train Loss: 0.54, Contrastive Train Loss: 0.75, Recon Train Loss: 0.29, Total Valid Loss: 1.00, Contrastive Valid Loss: 1.53, Recon Valid Loss: 0.36, Learning Rate: 0.001
Epoch: 61, Alpha: 0.54, Total Train Loss: 0.54, Contrastive Train Loss: 0.75, Recon Train Loss: 0.29, Total Valid Loss: 0.97, Contrastive Valid Loss: 1.48, Recon Valid Loss: 0.35, Learning Rate: 0.001
Epoch: 62, Alpha: 0.54, Total Train Loss: 0.53, Contrastive Train Loss: 0.74, Recon Train Loss: 0.29, Total Valid Loss: 0.95, Contrastive Valid Loss: 1.47, Recon Valid Loss: 0.35, Learning Rate: 0.001
Epoch: 63, Alpha: 0.53, Total Train Loss: 0.53, Contrastive Train Loss: 0.75, Recon Train Loss: 0.29, Total Valid Loss: 0.93, Contrastive Valid Loss: 1.44, Recon Valid Loss: 0.35, Learning Rate: 0.001
Epoch: 64, Alpha: 0.53, Total Train Loss: 0.54, Contrastive Train Loss: 0.76, Recon Train Loss: 0.29, Total Valid Loss: 0.96, Contrastive Valid Loss: 1.51, Recon Valid Loss: 0.35, Learning Rate: 0.001
Epoch: 65, Alpha: 0.52, Total Train Loss: 0.53, Contrastive Train Loss: 0.75, Recon Train Loss: 0.29, Total Valid Loss: 0.92, Contrastive Valid Loss: 1.43, Recon Valid Loss: 0.36, Learning Rate: 0.001
Epoch: 66, Alpha: 0.52, Total Train Loss: 0.52, Contrastive Train Loss: 0.74, Recon Train Loss: 0.29, Total Valid Loss: 0.93, Contrastive Valid Loss: 1.46, Recon Valid Loss: 0.35, Learning Rate: 0.001
Epoch: 67, Alpha: 0.51, Total Train Loss: 0.52, Contrastive Train Loss: 0.74, Recon Train Loss: 0.29, Total Valid Loss: 0.90, Contrastive Valid Loss: 1.43, Recon Valid Loss: 0.35, Learning Rate: 0.001
Epoch: 68, Alpha: 0.51, Total Train Loss: 0.51, Contrastive Train Loss: 0.74, Recon Train Loss: 0.29, Total Valid Loss: 0.89, Contrastive Valid Loss: 1.42, Recon Valid Loss: 0.35, Learning Rate: 0.001
Epoch: 69, Alpha: 0.50, Total Train Loss: 0.51, Contrastive Train Loss: 0.73, Recon Train Loss: 0.28, Total Valid Loss: 0.87, Contrastive Valid Loss: 1.37, Recon Valid Loss: 0.35, Learning Rate: 0.001
Epoch: 70, Alpha: 0.50, Total Train Loss: 0.51, Contrastive Train Loss: 0.74, Recon Train Loss: 0.28, Total Valid Loss: 0.88, Contrastive Valid Loss: 1.42, Recon Valid Loss: 0.35, Learning Rate: 0.001
Epoch: 71, Alpha: 0.49, Total Train Loss: 0.50, Contrastive Train Loss: 0.73, Recon Train Loss: 0.28, Total Valid Loss: 0.88, Contrastive Valid Loss: 1.44, Recon Valid Loss: 0.35, Learning Rate: 0.001
Epoch: 72, Alpha: 0.49, Total Train Loss: 0.50, Contrastive Train Loss: 0.74, Recon Train Loss: 0.28, Total Valid Loss: 0.90, Contrastive Valid Loss: 1.49, Recon Valid Loss: 0.35, Learning Rate: 0.001
Epoch: 73, Alpha: 0.48, Total Train Loss: 0.49, Contrastive Train Loss: 0.72, Recon Train Loss: 0.28, Total Valid Loss: 0.87, Contrastive Valid Loss: 1.43, Recon Valid Loss: 0.35, Learning Rate: 0.001
Epoch: 74, Alpha: 0.48, Total Train Loss: 0.50, Contrastive Train Loss: 0.73, Recon Train Loss: 0.28, Total Valid Loss: 0.88, Contrastive Valid Loss: 1.47, Recon Valid Loss: 0.35, Learning Rate: 0.001
Epoch: 75, Alpha: 0.47, Total Train Loss: 0.49, Contrastive Train Loss: 0.73, Recon Train Loss: 0.28, Total Valid Loss: 0.87, Contrastive Valid Loss: 1.46, Recon Valid Loss: 0.34, Learning Rate: 0.001
Epoch: 76, Alpha: 0.47, Total Train Loss: 0.48, Contrastive Train Loss: 0.72, Recon Train Loss: 0.27, Total Valid Loss: 0.84, Contrastive Valid Loss: 1.42, Recon Valid Loss: 0.34, Learning Rate: 0.001
Epoch: 77, Alpha: 0.46, Total Train Loss: 0.49, Contrastive Train Loss: 0.73, Recon Train Loss: 0.27, Total Valid Loss: 0.86, Contrastive Valid Loss: 1.47, Recon Valid Loss: 0.34, Learning Rate: 0.001
Epoch: 78, Alpha: 0.46, Total Train Loss: 0.48, Contrastive Train Loss: 0.72, Recon Train Loss: 0.27, Total Valid Loss: 0.84, Contrastive Valid Loss: 1.43, Recon Valid Loss: 0.34, Learning Rate: 0.001
Epoch: 79, Alpha: 0.45, Total Train Loss: 0.47, Contrastive Train Loss: 0.71, Recon Train Loss: 0.27, Total Valid Loss: 0.82, Contrastive Valid Loss: 1.41, Recon Valid Loss: 0.34, Learning Rate: 0.001
Epoch: 80, Alpha: 0.45, Total Train Loss: 0.47, Contrastive Train Loss: 0.72, Recon Train Loss: 0.27, Total Valid Loss: 0.84, Contrastive Valid Loss: 1.46, Recon Valid Loss: 0.33, Learning Rate: 0.001
Epoch: 81, Alpha: 0.44, Total Train Loss: 0.47, Contrastive Train Loss: 0.72, Recon Train Loss: 0.27, Total Valid Loss: 0.84, Contrastive Valid Loss: 1.47, Recon Valid Loss: 0.33, Learning Rate: 0.001
Epoch: 82, Alpha: 0.44, Total Train Loss: 0.46, Contrastive Train Loss: 0.71, Recon Train Loss: 0.27, Total Valid Loss: 0.81, Contrastive Valid Loss: 1.41, Recon Valid Loss: 0.33, Learning Rate: 0.001
Epoch: 83, Alpha: 0.44, Total Train Loss: 0.46, Contrastive Train Loss: 0.71, Recon Train Loss: 0.26, Total Valid Loss: 0.82, Contrastive Valid Loss: 1.46, Recon Valid Loss: 0.33, Learning Rate: 0.001
Epoch: 84, Alpha: 0.43, Total Train Loss: 0.46, Contrastive Train Loss: 0.71, Recon Train Loss: 0.26, Total Valid Loss: 0.81, Contrastive Valid Loss: 1.45, Recon Valid Loss: 0.33, Learning Rate: 0.001
Epoch: 85, Alpha: 0.43, Total Train Loss: 0.45, Contrastive Train Loss: 0.71, Recon Train Loss: 0.26, Total Valid Loss: 0.80, Contrastive Valid Loss: 1.42, Recon Valid Loss: 0.33, Learning Rate: 0.001
Epoch: 86, Alpha: 0.42, Total Train Loss: 0.45, Contrastive Train Loss: 0.72, Recon Train Loss: 0.26, Total Valid Loss: 0.80, Contrastive Valid Loss: 1.45, Recon Valid Loss: 0.33, Learning Rate: 0.001
Epoch: 87, Alpha: 0.42, Total Train Loss: 0.44, Contrastive Train Loss: 0.71, Recon Train Loss: 0.26, Total Valid Loss: 0.80, Contrastive Valid Loss: 1.46, Recon Valid Loss: 0.32, Learning Rate: 0.001
Epoch: 88, Alpha: 0.41, Total Train Loss: 0.44, Contrastive Train Loss: 0.71, Recon Train Loss: 0.26, Total Valid Loss: 0.78, Contrastive Valid Loss: 1.42, Recon Valid Loss: 0.32, Learning Rate: 0.001
Epoch: 89, Alpha: 0.41, Total Train Loss: 0.44, Contrastive Train Loss: 0.71, Recon Train Loss: 0.25, Total Valid Loss: 0.77, Contrastive Valid Loss: 1.41, Recon Valid Loss: 0.32, Learning Rate: 0.001
Epoch: 90, Alpha: 0.41, Total Train Loss: 0.43, Contrastive Train Loss: 0.70, Recon Train Loss: 0.25, Total Valid Loss: 0.78, Contrastive Valid Loss: 1.45, Recon Valid Loss: 0.32, Learning Rate: 0.001
Epoch: 91, Alpha: 0.40, Total Train Loss: 0.43, Contrastive Train Loss: 0.70, Recon Train Loss: 0.25, Total Valid Loss: 0.77, Contrastive Valid Loss: 1.44, Recon Valid Loss: 0.32, Learning Rate: 0.001
Epoch: 92, Alpha: 0.40, Total Train Loss: 0.43, Contrastive Train Loss: 0.70, Recon Train Loss: 0.25, Total Valid Loss: 0.76, Contrastive Valid Loss: 1.42, Recon Valid Loss: 0.32, Learning Rate: 0.001
Epoch: 93, Alpha: 0.39, Total Train Loss: 0.42, Contrastive Train Loss: 0.69, Recon Train Loss: 0.25, Total Valid Loss: 0.76, Contrastive Valid Loss: 1.43, Recon Valid Loss: 0.32, Learning Rate: 0.001
Epoch: 94, Alpha: 0.39, Total Train Loss: 0.42, Contrastive Train Loss: 0.69, Recon Train Loss: 0.25, Total Valid Loss: 0.76, Contrastive Valid Loss: 1.44, Recon Valid Loss: 0.31, Learning Rate: 0.001
Epoch: 95, Alpha: 0.39, Total Train Loss: 0.42, Contrastive Train Loss: 0.69, Recon Train Loss: 0.25, Total Valid Loss: 0.76, Contrastive Valid Loss: 1.45, Recon Valid Loss: 0.31, Learning Rate: 0.001
Epoch: 96, Alpha: 0.38, Total Train Loss: 0.42, Contrastive Train Loss: 0.71, Recon Train Loss: 0.25, Total Valid Loss: 0.75, Contrastive Valid Loss: 1.46, Recon Valid Loss: 0.31, Learning Rate: 0.001
Epoch: 97, Alpha: 0.38, Total Train Loss: 0.41, Contrastive Train Loss: 0.69, Recon Train Loss: 0.24, Total Valid Loss: 0.75, Contrastive Valid Loss: 1.47, Recon Valid Loss: 0.31, Learning Rate: 0.001
Epoch: 98, Alpha: 0.38, Total Train Loss: 0.41, Contrastive Train Loss: 0.70, Recon Train Loss: 0.24, Total Valid Loss: 0.73, Contrastive Valid Loss: 1.43, Recon Valid Loss: 0.31, Learning Rate: 0.001
Epoch: 99, Alpha: 0.37, Total Train Loss: 0.41, Contrastive Train Loss: 0.70, Recon Train Loss: 0.24, Total Valid Loss: 0.72, Contrastive Valid Loss: 1.42, Recon Valid Loss: 0.31, Learning Rate: 0.001
Epoch: 100, Alpha: 0.37, Total Train Loss: 0.41, Contrastive Train Loss: 0.69, Recon Train Loss: 0.24, Total Valid Loss: 0.73, Contrastive Valid Loss: 1.45, Recon Valid Loss: 0.31, Learning Rate: 0.001
Epoch: 101, Alpha: 0.36, Total Train Loss: 0.41, Contrastive Train Loss: 0.69, Recon Train Loss: 0.24, Total Valid Loss: 0.71, Contrastive Valid Loss: 1.40, Recon Valid Loss: 0.31, Learning Rate: 0.001
Epoch: 102, Alpha: 0.36, Total Train Loss: 0.40, Contrastive Train Loss: 0.68, Recon Train Loss: 0.24, Total Valid Loss: 0.70, Contrastive Valid Loss: 1.41, Recon Valid Loss: 0.31, Learning Rate: 0.001
Epoch: 103, Alpha: 0.36, Total Train Loss: 0.40, Contrastive Train Loss: 0.69, Recon Train Loss: 0.24, Total Valid Loss: 0.71, Contrastive Valid Loss: 1.44, Recon Valid Loss: 0.31, Learning Rate: 0.001
Epoch: 104, Alpha: 0.35, Total Train Loss: 0.40, Contrastive Train Loss: 0.69, Recon Train Loss: 0.24, Total Valid Loss: 0.72, Contrastive Valid Loss: 1.47, Recon Valid Loss: 0.30, Learning Rate: 0.001
Epoch: 105, Alpha: 0.35, Total Train Loss: 0.39, Contrastive Train Loss: 0.68, Recon Train Loss: 0.23, Total Valid Loss: 0.70, Contrastive Valid Loss: 1.43, Recon Valid Loss: 0.30, Learning Rate: 0.001
Epoch: 106, Alpha: 0.35, Total Train Loss: 0.39, Contrastive Train Loss: 0.69, Recon Train Loss: 0.23, Total Valid Loss: 0.70, Contrastive Valid Loss: 1.44, Recon Valid Loss: 0.30, Learning Rate: 0.001
Epoch: 107, Alpha: 0.34, Total Train Loss: 0.39, Contrastive Train Loss: 0.68, Recon Train Loss: 0.23, Total Valid Loss: 0.67, Contrastive Valid Loss: 1.38, Recon Valid Loss: 0.30, Learning Rate: 0.001
Epoch: 108, Alpha: 0.34, Total Train Loss: 0.39, Contrastive Train Loss: 0.69, Recon Train Loss: 0.23, Total Valid Loss: 0.66, Contrastive Valid Loss: 1.37, Recon Valid Loss: 0.30, Learning Rate: 0.001
Epoch: 109, Alpha: 0.34, Total Train Loss: 0.38, Contrastive Train Loss: 0.68, Recon Train Loss: 0.23, Total Valid Loss: 0.67, Contrastive Valid Loss: 1.39, Recon Valid Loss: 0.30, Learning Rate: 0.001
Epoch: 110, Alpha: 0.33, Total Train Loss: 0.38, Contrastive Train Loss: 0.68, Recon Train Loss: 0.23, Total Valid Loss: 0.65, Contrastive Valid Loss: 1.36, Recon Valid Loss: 0.30, Learning Rate: 0.001
Epoch: 111, Alpha: 0.33, Total Train Loss: 0.37, Contrastive Train Loss: 0.67, Recon Train Loss: 0.23, Total Valid Loss: 0.65, Contrastive Valid Loss: 1.36, Recon Valid Loss: 0.30, Learning Rate: 0.001
Epoch: 112, Alpha: 0.33, Total Train Loss: 0.37, Contrastive Train Loss: 0.67, Recon Train Loss: 0.23, Total Valid Loss: 0.66, Contrastive Valid Loss: 1.42, Recon Valid Loss: 0.30, Learning Rate: 0.001
Epoch: 113, Alpha: 0.32, Total Train Loss: 0.37, Contrastive Train Loss: 0.67, Recon Train Loss: 0.23, Total Valid Loss: 0.64, Contrastive Valid Loss: 1.36, Recon Valid Loss: 0.29, Learning Rate: 0.001
Epoch: 114, Alpha: 0.32, Total Train Loss: 0.37, Contrastive Train Loss: 0.66, Recon Train Loss: 0.22, Total Valid Loss: 0.64, Contrastive Valid Loss: 1.38, Recon Valid Loss: 0.29, Learning Rate: 0.001
Epoch: 115, Alpha: 0.32, Total Train Loss: 0.36, Contrastive Train Loss: 0.67, Recon Train Loss: 0.22, Total Valid Loss: 0.64, Contrastive Valid Loss: 1.38, Recon Valid Loss: 0.29, Learning Rate: 0.001
Epoch: 116, Alpha: 0.31, Total Train Loss: 0.36, Contrastive Train Loss: 0.66, Recon Train Loss: 0.22, Total Valid Loss: 0.63, Contrastive Valid Loss: 1.38, Recon Valid Loss: 0.29, Learning Rate: 0.001
Epoch: 117, Alpha: 0.31, Total Train Loss: 0.36, Contrastive Train Loss: 0.66, Recon Train Loss: 0.22, Total Valid Loss: 0.63, Contrastive Valid Loss: 1.37, Recon Valid Loss: 0.29, Learning Rate: 0.001
Epoch: 118, Alpha: 0.31, Total Train Loss: 0.36, Contrastive Train Loss: 0.67, Recon Train Loss: 0.22, Total Valid Loss: 0.63, Contrastive Valid Loss: 1.39, Recon Valid Loss: 0.29, Learning Rate: 0.001
Epoch: 119, Alpha: 0.30, Total Train Loss: 0.35, Contrastive Train Loss: 0.66, Recon Train Loss: 0.22, Total Valid Loss: 0.62, Contrastive Valid Loss: 1.38, Recon Valid Loss: 0.29, Learning Rate: 0.001
Epoch: 120, Alpha: 0.30, Total Train Loss: 0.35, Contrastive Train Loss: 0.67, Recon Train Loss: 0.22, Total Valid Loss: 0.61, Contrastive Valid Loss: 1.35, Recon Valid Loss: 0.29, Learning Rate: 0.001
Epoch: 121, Alpha: 0.30, Total Train Loss: 0.35, Contrastive Train Loss: 0.66, Recon Train Loss: 0.22, Total Valid Loss: 0.63, Contrastive Valid Loss: 1.43, Recon Valid Loss: 0.29, Learning Rate: 0.001
Epoch: 122, Alpha: 0.30, Total Train Loss: 0.35, Contrastive Train Loss: 0.66, Recon Train Loss: 0.22, Total Valid Loss: 0.62, Contrastive Valid Loss: 1.42, Recon Valid Loss: 0.29, Learning Rate: 0.001
Epoch: 123, Alpha: 0.29, Total Train Loss: 0.35, Contrastive Train Loss: 0.66, Recon Train Loss: 0.22, Total Valid Loss: 0.59, Contrastive Valid Loss: 1.33, Recon Valid Loss: 0.28, Learning Rate: 0.001
Epoch: 124, Alpha: 0.29, Total Train Loss: 0.34, Contrastive Train Loss: 0.66, Recon Train Loss: 0.22, Total Valid Loss: 0.61, Contrastive Valid Loss: 1.42, Recon Valid Loss: 0.28, Learning Rate: 0.001
Epoch: 125, Alpha: 0.29, Total Train Loss: 0.34, Contrastive Train Loss: 0.65, Recon Train Loss: 0.21, Total Valid Loss: 0.60, Contrastive Valid Loss: 1.40, Recon Valid Loss: 0.28, Learning Rate: 0.001
Epoch: 126, Alpha: 0.28, Total Train Loss: 0.34, Contrastive Train Loss: 0.66, Recon Train Loss: 0.21, Total Valid Loss: 0.59, Contrastive Valid Loss: 1.38, Recon Valid Loss: 0.28, Learning Rate: 0.001
Epoch: 127, Alpha: 0.28, Total Train Loss: 0.34, Contrastive Train Loss: 0.66, Recon Train Loss: 0.21, Total Valid Loss: 0.58, Contrastive Valid Loss: 1.36, Recon Valid Loss: 0.28, Learning Rate: 0.001
Epoch: 128, Alpha: 0.28, Total Train Loss: 0.34, Contrastive Train Loss: 0.66, Recon Train Loss: 0.21, Total Valid Loss: 0.59, Contrastive Valid Loss: 1.40, Recon Valid Loss: 0.28, Learning Rate: 0.001
Epoch: 129, Alpha: 0.28, Total Train Loss: 0.33, Contrastive Train Loss: 0.66, Recon Train Loss: 0.21, Total Valid Loss: 0.58, Contrastive Valid Loss: 1.38, Recon Valid Loss: 0.28, Learning Rate: 0.001
Epoch: 130, Alpha: 0.27, Total Train Loss: 0.33, Contrastive Train Loss: 0.65, Recon Train Loss: 0.21, Total Valid Loss: 0.59, Contrastive Valid Loss: 1.41, Recon Valid Loss: 0.28, Learning Rate: 0.001
Epoch: 131, Alpha: 0.27, Total Train Loss: 0.33, Contrastive Train Loss: 0.64, Recon Train Loss: 0.21, Total Valid Loss: 0.57, Contrastive Valid Loss: 1.35, Recon Valid Loss: 0.28, Learning Rate: 0.001
Epoch: 132, Alpha: 0.27, Total Train Loss: 0.33, Contrastive Train Loss: 0.65, Recon Train Loss: 0.21, Total Valid Loss: 0.56, Contrastive Valid Loss: 1.33, Recon Valid Loss: 0.28, Learning Rate: 0.001
Epoch: 133, Alpha: 0.26, Total Train Loss: 0.32, Contrastive Train Loss: 0.65, Recon Train Loss: 0.21, Total Valid Loss: 0.56, Contrastive Valid Loss: 1.34, Recon Valid Loss: 0.27, Learning Rate: 0.001
Epoch: 134, Alpha: 0.26, Total Train Loss: 0.32, Contrastive Train Loss: 0.65, Recon Train Loss: 0.21, Total Valid Loss: 0.54, Contrastive Valid Loss: 1.30, Recon Valid Loss: 0.27, Learning Rate: 0.001
Epoch: 135, Alpha: 0.26, Total Train Loss: 0.32, Contrastive Train Loss: 0.64, Recon Train Loss: 0.21, Total Valid Loss: 0.54, Contrastive Valid Loss: 1.29, Recon Valid Loss: 0.27, Learning Rate: 0.001
Epoch: 136, Alpha: 0.26, Total Train Loss: 0.32, Contrastive Train Loss: 0.63, Recon Train Loss: 0.21, Total Valid Loss: 0.54, Contrastive Valid Loss: 1.33, Recon Valid Loss: 0.27, Learning Rate: 0.001
Epoch: 137, Alpha: 0.25, Total Train Loss: 0.32, Contrastive Train Loss: 0.64, Recon Train Loss: 0.21, Total Valid Loss: 0.54, Contrastive Valid Loss: 1.34, Recon Valid Loss: 0.27, Learning Rate: 0.001
Epoch: 138, Alpha: 0.25, Total Train Loss: 0.31, Contrastive Train Loss: 0.64, Recon Train Loss: 0.20, Total Valid Loss: 0.55, Contrastive Valid Loss: 1.37, Recon Valid Loss: 0.27, Learning Rate: 0.001
Epoch: 139, Alpha: 0.25, Total Train Loss: 0.31, Contrastive Train Loss: 0.64, Recon Train Loss: 0.20, Total Valid Loss: 0.53, Contrastive Valid Loss: 1.32, Recon Valid Loss: 0.27, Learning Rate: 0.001
Epoch: 140, Alpha: 0.25, Total Train Loss: 0.31, Contrastive Train Loss: 0.64, Recon Train Loss: 0.20, Total Valid Loss: 0.52, Contrastive Valid Loss: 1.31, Recon Valid Loss: 0.27, Learning Rate: 0.001
Epoch: 141, Alpha: 0.24, Total Train Loss: 0.31, Contrastive Train Loss: 0.64, Recon Train Loss: 0.20, Total Valid Loss: 0.52, Contrastive Valid Loss: 1.32, Recon Valid Loss: 0.27, Learning Rate: 0.001
Epoch: 142, Alpha: 0.24, Total Train Loss: 0.31, Contrastive Train Loss: 0.64, Recon Train Loss: 0.20, Total Valid Loss: 0.52, Contrastive Valid Loss: 1.32, Recon Valid Loss: 0.27, Learning Rate: 0.001
Epoch: 143, Alpha: 0.24, Total Train Loss: 0.31, Contrastive Train Loss: 0.64, Recon Train Loss: 0.20, Total Valid Loss: 0.52, Contrastive Valid Loss: 1.33, Recon Valid Loss: 0.27, Learning Rate: 0.001
Epoch: 144, Alpha: 0.24, Total Train Loss: 0.30, Contrastive Train Loss: 0.63, Recon Train Loss: 0.20, Total Valid Loss: 0.51, Contrastive Valid Loss: 1.31, Recon Valid Loss: 0.27, Learning Rate: 0.001
Epoch: 145, Alpha: 0.23, Total Train Loss: 0.30, Contrastive Train Loss: 0.64, Recon Train Loss: 0.20, Total Valid Loss: 0.53, Contrastive Valid Loss: 1.37, Recon Valid Loss: 0.27, Learning Rate: 0.001
Epoch: 146, Alpha: 0.23, Total Train Loss: 0.30, Contrastive Train Loss: 0.63, Recon Train Loss: 0.20, Total Valid Loss: 0.52, Contrastive Valid Loss: 1.36, Recon Valid Loss: 0.26, Learning Rate: 0.001
Epoch: 147, Alpha: 0.23, Total Train Loss: 0.30, Contrastive Train Loss: 0.63, Recon Train Loss: 0.20, Total Valid Loss: 0.52, Contrastive Valid Loss: 1.37, Recon Valid Loss: 0.26, Learning Rate: 0.001
Epoch: 148, Alpha: 0.23, Total Train Loss: 0.30, Contrastive Train Loss: 0.63, Recon Train Loss: 0.20, Total Valid Loss: 0.51, Contrastive Valid Loss: 1.34, Recon Valid Loss: 0.26, Learning Rate: 0.001
Epoch: 149, Alpha: 0.23, Total Train Loss: 0.29, Contrastive Train Loss: 0.63, Recon Train Loss: 0.20, Total Valid Loss: 0.50, Contrastive Valid Loss: 1.33, Recon Valid Loss: 0.26, Learning Rate: 0.001
Epoch: 150, Alpha: 0.22, Total Train Loss: 0.29, Contrastive Train Loss: 0.62, Recon Train Loss: 0.20, Total Valid Loss: 0.50, Contrastive Valid Loss: 1.32, Recon Valid Loss: 0.26, Learning Rate: 0.001
Epoch: 151, Alpha: 0.22, Total Train Loss: 0.29, Contrastive Train Loss: 0.63, Recon Train Loss: 0.20, Total Valid Loss: 0.49, Contrastive Valid Loss: 1.29, Recon Valid Loss: 0.26, Learning Rate: 0.001
Epoch: 152, Alpha: 0.22, Total Train Loss: 0.29, Contrastive Train Loss: 0.62, Recon Train Loss: 0.19, Total Valid Loss: 0.48, Contrastive Valid Loss: 1.26, Recon Valid Loss: 0.26, Learning Rate: 0.001
Epoch: 153, Alpha: 0.22, Total Train Loss: 0.29, Contrastive Train Loss: 0.62, Recon Train Loss: 0.19, Total Valid Loss: 0.49, Contrastive Valid Loss: 1.30, Recon Valid Loss: 0.26, Learning Rate: 0.001
Epoch: 154, Alpha: 0.21, Total Train Loss: 0.29, Contrastive Train Loss: 0.63, Recon Train Loss: 0.19, Total Valid Loss: 0.48, Contrastive Valid Loss: 1.28, Recon Valid Loss: 0.26, Learning Rate: 0.001
Epoch: 155, Alpha: 0.21, Total Train Loss: 0.28, Contrastive Train Loss: 0.62, Recon Train Loss: 0.19, Total Valid Loss: 0.50, Contrastive Valid Loss: 1.41, Recon Valid Loss: 0.26, Learning Rate: 0.001
Epoch: 156, Alpha: 0.21, Total Train Loss: 0.28, Contrastive Train Loss: 0.61, Recon Train Loss: 0.19, Total Valid Loss: 0.47, Contrastive Valid Loss: 1.27, Recon Valid Loss: 0.26, Learning Rate: 0.001
Epoch: 157, Alpha: 0.21, Total Train Loss: 0.28, Contrastive Train Loss: 0.61, Recon Train Loss: 0.19, Total Valid Loss: 0.48, Contrastive Valid Loss: 1.31, Recon Valid Loss: 0.26, Learning Rate: 0.001
Epoch: 158, Alpha: 0.21, Total Train Loss: 0.28, Contrastive Train Loss: 0.61, Recon Train Loss: 0.19, Total Valid Loss: 0.47, Contrastive Valid Loss: 1.29, Recon Valid Loss: 0.26, Learning Rate: 0.001
Epoch: 159, Alpha: 0.20, Total Train Loss: 0.28, Contrastive Train Loss: 0.62, Recon Train Loss: 0.19, Total Valid Loss: 0.47, Contrastive Valid Loss: 1.29, Recon Valid Loss: 0.26, Learning Rate: 0.001
Epoch: 160, Alpha: 0.20, Total Train Loss: 0.28, Contrastive Train Loss: 0.63, Recon Train Loss: 0.19, Total Valid Loss: 0.47, Contrastive Valid Loss: 1.33, Recon Valid Loss: 0.26, Learning Rate: 0.001
Epoch: 161, Alpha: 0.20, Total Train Loss: 0.27, Contrastive Train Loss: 0.61, Recon Train Loss: 0.19, Total Valid Loss: 0.46, Contrastive Valid Loss: 1.27, Recon Valid Loss: 0.26, Learning Rate: 0.001
Epoch: 162, Alpha: 0.20, Total Train Loss: 0.27, Contrastive Train Loss: 0.60, Recon Train Loss: 0.19, Total Valid Loss: 0.47, Contrastive Valid Loss: 1.34, Recon Valid Loss: 0.25, Learning Rate: 0.001
Epoch: 163, Alpha: 0.20, Total Train Loss: 0.27, Contrastive Train Loss: 0.60, Recon Train Loss: 0.19, Total Valid Loss: 0.46, Contrastive Valid Loss: 1.32, Recon Valid Loss: 0.26, Learning Rate: 0.001
Epoch: 164, Alpha: 0.19, Total Train Loss: 0.27, Contrastive Train Loss: 0.61, Recon Train Loss: 0.19, Total Valid Loss: 0.45, Contrastive Valid Loss: 1.28, Recon Valid Loss: 0.26, Learning Rate: 0.001
Epoch: 165, Alpha: 0.19, Total Train Loss: 0.27, Contrastive Train Loss: 0.60, Recon Train Loss: 0.19, Total Valid Loss: 0.47, Contrastive Valid Loss: 1.38, Recon Valid Loss: 0.25, Learning Rate: 0.001
Epoch: 166, Alpha: 0.19, Total Train Loss: 0.27, Contrastive Train Loss: 0.61, Recon Train Loss: 0.19, Total Valid Loss: 0.47, Contrastive Valid Loss: 1.37, Recon Valid Loss: 0.25, Learning Rate: 0.001
Epoch: 167, Alpha: 0.19, Total Train Loss: 0.27, Contrastive Train Loss: 0.61, Recon Train Loss: 0.19, Total Valid Loss: 0.45, Contrastive Valid Loss: 1.30, Recon Valid Loss: 0.25, Learning Rate: 0.001
Epoch: 168, Alpha: 0.19, Total Train Loss: 0.26, Contrastive Train Loss: 0.60, Recon Train Loss: 0.19, Total Valid Loss: 0.45, Contrastive Valid Loss: 1.29, Recon Valid Loss: 0.25, Learning Rate: 0.001
Epoch: 169, Alpha: 0.18, Total Train Loss: 0.26, Contrastive Train Loss: 0.61, Recon Train Loss: 0.19, Total Valid Loss: 0.44, Contrastive Valid Loss: 1.27, Recon Valid Loss: 0.25, Learning Rate: 0.001
Epoch: 170, Alpha: 0.18, Total Train Loss: 0.26, Contrastive Train Loss: 0.59, Recon Train Loss: 0.19, Total Valid Loss: 0.45, Contrastive Valid Loss: 1.32, Recon Valid Loss: 0.25, Learning Rate: 0.001
Epoch: 171, Alpha: 0.18, Total Train Loss: 0.26, Contrastive Train Loss: 0.60, Recon Train Loss: 0.18, Total Valid Loss: 0.44, Contrastive Valid Loss: 1.31, Recon Valid Loss: 0.25, Learning Rate: 0.001
Epoch: 172, Alpha: 0.18, Total Train Loss: 0.26, Contrastive Train Loss: 0.60, Recon Train Loss: 0.19, Total Valid Loss: 0.44, Contrastive Valid Loss: 1.30, Recon Valid Loss: 0.25, Learning Rate: 0.001
Epoch: 173, Alpha: 0.18, Total Train Loss: 0.26, Contrastive Train Loss: 0.60, Recon Train Loss: 0.18, Total Valid Loss: 0.44, Contrastive Valid Loss: 1.30, Recon Valid Loss: 0.25, Learning Rate: 0.001
Epoch: 174, Alpha: 0.18, Total Train Loss: 0.26, Contrastive Train Loss: 0.60, Recon Train Loss: 0.18, Total Valid Loss: 0.43, Contrastive Valid Loss: 1.29, Recon Valid Loss: 0.25, Learning Rate: 0.001
Epoch: 175, Alpha: 0.17, Total Train Loss: 0.26, Contrastive Train Loss: 0.60, Recon Train Loss: 0.18, Total Valid Loss: 0.43, Contrastive Valid Loss: 1.30, Recon Valid Loss: 0.25, Learning Rate: 0.001
Epoch: 176, Alpha: 0.17, Total Train Loss: 0.25, Contrastive Train Loss: 0.59, Recon Train Loss: 0.18, Total Valid Loss: 0.43, Contrastive Valid Loss: 1.32, Recon Valid Loss: 0.25, Learning Rate: 0.001
Epoch: 177, Alpha: 0.17, Total Train Loss: 0.25, Contrastive Train Loss: 0.59, Recon Train Loss: 0.18, Total Valid Loss: 0.43, Contrastive Valid Loss: 1.31, Recon Valid Loss: 0.25, Learning Rate: 0.001
Epoch: 178, Alpha: 0.17, Total Train Loss: 0.25, Contrastive Train Loss: 0.60, Recon Train Loss: 0.18, Total Valid Loss: 0.42, Contrastive Valid Loss: 1.27, Recon Valid Loss: 0.24, Learning Rate: 0.001
Epoch: 179, Alpha: 0.17, Total Train Loss: 0.25, Contrastive Train Loss: 0.60, Recon Train Loss: 0.18, Total Valid Loss: 0.43, Contrastive Valid Loss: 1.32, Recon Valid Loss: 0.25, Learning Rate: 0.001
Starting Downstream Task
torch.Size([2806, 5, 64, 32])
torch.Size([935, 5, 64, 32])
torch.Size([937, 5, 64, 32])
Shape: (5, 144, 72)
Epoch: 0, Train Loss: 1.09665, Valid Loss: 0.79107
Epoch: 1, Train Loss: 0.88095, Valid Loss: 0.77984
Epoch: 2, Train Loss: 0.86419, Valid Loss: 0.77536
Epoch: 3, Train Loss: 0.87151, Valid Loss: 0.75160
Epoch: 4, Train Loss: 0.84117, Valid Loss: 0.75899
Epoch: 5, Train Loss: 0.82966, Valid Loss: 0.77333
Epoch: 6, Train Loss: 0.82736, Valid Loss: 0.74872
Epoch: 7, Train Loss: 0.82562, Valid Loss: 0.75438
Epoch: 8, Train Loss: 0.81210, Valid Loss: 0.76688
Epoch: 9, Train Loss: 0.80597, Valid Loss: 0.75393
Epoch: 10, Train Loss: 0.79433, Valid Loss: 0.72105
Epoch: 11, Train Loss: 0.78322, Valid Loss: 0.72360
Epoch: 12, Train Loss: 0.76464, Valid Loss: 0.73773
Epoch: 13, Train Loss: 0.79706, Valid Loss: 0.75490
Epoch: 14, Train Loss: 0.78625, Valid Loss: 0.75041
Epoch: 15, Train Loss: 0.77014, Valid Loss: 0.75230
Epoch: 16, Train Loss: 0.77572, Valid Loss: 0.75447
Epoch: 17, Train Loss: 0.76741, Valid Loss: 0.76087
Epoch: 18, Train Loss: 0.78240, Valid Loss: 0.74131
Epoch: 19, Train Loss: 0.78602, Valid Loss: 0.73628
Epoch: 20, Train Loss: 0.77997, Valid Loss: 0.74417
Epoch: 21, Train Loss: 0.77287, Valid Loss: 0.71132
Epoch: 22, Train Loss: 0.77539, Valid Loss: 0.74192
Epoch: 23, Train Loss: 0.78317, Valid Loss: 0.71558
Epoch: 24, Train Loss: 0.77267, Valid Loss: 0.71509
Epoch: 25, Train Loss: 0.76231, Valid Loss: 0.76411
Epoch: 26, Train Loss: 0.75990, Valid Loss: 0.72914
Epoch: 27, Train Loss: 0.75748, Valid Loss: 0.73783
Epoch: 28, Train Loss: 0.77837, Valid Loss: 0.74886
Epoch: 29, Train Loss: 0.75957, Valid Loss: 0.73706
Epoch: 30, Train Loss: 0.76405, Valid Loss: 0.75615
Epoch: 31, Train Loss: 0.76517, Valid Loss: 0.74060
Epoch: 32, Train Loss: 0.77983, Valid Loss: 0.73072
Epoch: 33, Train Loss: 0.75005, Valid Loss: 0.72193
Epoch: 34, Train Loss: 0.74270, Valid Loss: 0.72314
Epoch: 35, Train Loss: 0.73891, Valid Loss: 0.73128
Epoch: 36, Train Loss: 0.72096, Valid Loss: 0.71252
Epoch: 37, Train Loss: 0.72714, Valid Loss: 0.72163
Epoch: 38, Train Loss: 0.71794, Valid Loss: 0.68240
Epoch: 39, Train Loss: 0.71184, Valid Loss: 0.71160
Epoch: 40, Train Loss: 0.70644, Valid Loss: 0.70552
Epoch: 41, Train Loss: 0.72412, Valid Loss: 0.69775
Epoch: 42, Train Loss: 0.70659, Valid Loss: 0.69360
Epoch: 43, Train Loss: 0.70252, Valid Loss: 0.69105
Epoch: 44, Train Loss: 0.69624, Valid Loss: 0.69468
Epoch: 45, Train Loss: 0.72241, Valid Loss: 0.72837
Epoch: 46, Train Loss: 0.69604, Valid Loss: 0.70066
Epoch: 47, Train Loss: 0.69090, Valid Loss: 0.70732
Epoch: 48, Train Loss: 0.70695, Valid Loss: 0.70131
Epoch: 49, Train Loss: 0.68540, Valid Loss: 0.71078
Epoch: 50, Train Loss: 0.69011, Valid Loss: 0.70741
Epoch: 51, Train Loss: 0.68149, Valid Loss: 0.69930
Epoch: 52, Train Loss: 0.67951, Valid Loss: 0.69754
Epoch: 53, Train Loss: 0.67315, Valid Loss: 0.70923
Epoch: 54, Train Loss: 0.69674, Valid Loss: 0.72192
Epoch: 55, Train Loss: 0.67715, Valid Loss: 0.71245
Epoch: 56, Train Loss: 0.69175, Valid Loss: 0.72435
Epoch: 57, Train Loss: 0.68402, Valid Loss: 0.71427
Epoch: 58, Train Loss: 0.67781, Valid Loss: 0.71328
Epoch: 59, Train Loss: 0.68070, Valid Loss: 0.69577
Epoch: 60, Train Loss: 0.68133, Valid Loss: 0.72258
Epoch: 61, Train Loss: 0.68474, Valid Loss: 0.72509
Epoch: 62, Train Loss: 0.67294, Valid Loss: 0.68955
Epoch: 63, Train Loss: 0.68580, Valid Loss: 0.70518
Epoch: 64, Train Loss: 0.69350, Valid Loss: 0.69889
Epoch: 65, Train Loss: 0.67845, Valid Loss: 0.72362
Epoch: 66, Train Loss: 0.68623, Valid Loss: 0.71213
Epoch: 67, Train Loss: 0.69782, Valid Loss: 0.71626
Epoch: 68, Train Loss: 0.69497, Valid Loss: 0.71281
Epoch: 69, Train Loss: 0.68798, Valid Loss: 0.71256
Epoch: 70, Train Loss: 0.68956, Valid Loss: 0.69173
Epoch: 71, Train Loss: 0.66835, Valid Loss: 0.68903
Epoch: 72, Train Loss: 0.68032, Valid Loss: 0.70779
Epoch: 73, Train Loss: 0.68885, Valid Loss: 0.70690
Epoch: 74, Train Loss: 0.66875, Valid Loss: 0.71464
Epoch: 75, Train Loss: 0.69140, Valid Loss: 0.70271
Epoch: 76, Train Loss: 0.68363, Valid Loss: 0.71149
Epoch: 77, Train Loss: 0.68247, Valid Loss: 0.70601
Epoch: 78, Train Loss: 0.68793, Valid Loss: 0.71561
Epoch: 79, Train Loss: 0.69547, Valid Loss: 0.70435
Epoch: 80, Train Loss: 0.67706, Valid Loss: 0.70341
Epoch: 81, Train Loss: 0.69228, Valid Loss: 0.72093
Epoch: 82, Train Loss: 0.70146, Valid Loss: 0.68885
Epoch: 83, Train Loss: 0.67654, Valid Loss: 0.71168
Epoch: 84, Train Loss: 0.68192, Valid Loss: 0.69941
Epoch: 85, Train Loss: 0.72442, Valid Loss: 0.70888
Epoch: 86, Train Loss: 0.68580, Valid Loss: 0.70025
Epoch: 87, Train Loss: 0.68517, Valid Loss: 0.71046
Epoch: 88, Train Loss: 0.68224, Valid Loss: 0.70408
Epoch: 89, Train Loss: 0.67280, Valid Loss: 0.71687
Epoch: 90, Train Loss: 0.68182, Valid Loss: 0.70980
Epoch: 91, Train Loss: 0.68145, Valid Loss: 0.71035
Epoch: 92, Train Loss: 0.68383, Valid Loss: 0.68602
Epoch: 93, Train Loss: 0.68294, Valid Loss: 0.69152
Epoch: 94, Train Loss: 0.68933, Valid Loss: 0.70184
Epoch: 95, Train Loss: 0.67660, Valid Loss: 0.69930
Epoch: 96, Train Loss: 0.67936, Valid Loss: 0.71675
Epoch: 97, Train Loss: 0.67782, Valid Loss: 0.71328
Epoch: 98, Train Loss: 0.67432, Valid Loss: 0.72598
Epoch: 99, Train Loss: 0.66565, Valid Loss: 0.70830
Test Loss: 0.68595
Test Loss: 0.65095
