nohup: ignoring input
Train: torch.Size([14031, 5, 64, 32]), Valid: torch.Size([4677, 5, 64, 32]), Test: torch.Size([4678, 5, 64, 32])
Input shape: (C=5, H=144, W=72)
Fine Tuning Both
Starting Downstream Task
Training Decoder
Starting Latent Downstream Task
MSE Loss Between Generated and Conditioned: 429827.1562
Epoch: 1, Loss: 1.0101
MSE Loss Between Generated and Conditioned: 105487.3906
Epoch: 2, Loss: 0.7971
MSE Loss Between Generated and Conditioned: 62790.3320
Epoch: 3, Loss: 0.6717
MSE Loss Between Generated and Conditioned: 50516.6719
Epoch: 4, Loss: 0.5811
MSE Loss Between Generated and Conditioned: 37690.4141
Epoch: 5, Loss: 0.5159
MSE Loss Between Generated and Conditioned: 32438.6875
Epoch: 6, Loss: 0.4618
MSE Loss Between Generated and Conditioned: 29477.9941
Epoch: 7, Loss: 0.4213
MSE Loss Between Generated and Conditioned: 22932.5996
Epoch: 8, Loss: 0.3882
MSE Loss Between Generated and Conditioned: 19012.7461
Epoch: 9, Loss: 0.3589
MSE Loss Between Generated and Conditioned: 17457.4004
Epoch: 10, Loss: 0.3386
MSE Loss Between Generated and Conditioned: 14665.1787
Epoch: 11, Loss: 0.3139
MSE Loss Between Generated and Conditioned: 11735.1396
Epoch: 12, Loss: 0.2960
MSE Loss Between Generated and Conditioned: 10011.2910
Epoch: 13, Loss: 0.2770
MSE Loss Between Generated and Conditioned: 9055.2168
Epoch: 14, Loss: 0.2640
MSE Loss Between Generated and Conditioned: 8625.9316
Epoch: 15, Loss: 0.2578
MSE Loss Between Generated and Conditioned: 7495.7080
Epoch: 16, Loss: 0.2418
MSE Loss Between Generated and Conditioned: 7985.0327
Epoch: 17, Loss: 0.2360
MSE Loss Between Generated and Conditioned: 5386.1431
Epoch: 18, Loss: 0.2330
MSE Loss Between Generated and Conditioned: 3859.3298
Epoch: 19, Loss: 0.2238
MSE Loss Between Generated and Conditioned: 5299.6602
Epoch: 20, Loss: 0.2219
MSE Loss Between Generated and Conditioned: 4364.3164
Epoch: 21, Loss: 0.2248
MSE Loss Between Generated and Conditioned: 4247.1846
Epoch: 22, Loss: 0.2249
MSE Loss Between Generated and Conditioned: 4414.0508
Epoch: 23, Loss: 0.2242
MSE Loss Between Generated and Conditioned: 3917.7478
Epoch: 24, Loss: 0.2115
MSE Loss Between Generated and Conditioned: 3703.3293
Epoch: 25, Loss: 0.2091
MSE Loss Between Generated and Conditioned: 3068.9116
Epoch: 26, Loss: 0.1996
MSE Loss Between Generated and Conditioned: 1932.3066
Epoch: 27, Loss: 0.2094
MSE Loss Between Generated and Conditioned: 1378.6169
Epoch: 28, Loss: 0.2049
MSE Loss Between Generated and Conditioned: 2586.2759
Epoch: 29, Loss: 0.1943
MSE Loss Between Generated and Conditioned: 2381.1042
Epoch: 30, Loss: 0.1986
MSE Loss Between Generated and Conditioned: 2162.0686
Epoch: 31, Loss: 0.1849
MSE Loss Between Generated and Conditioned: 1810.9141
Epoch: 32, Loss: 0.1847
MSE Loss Between Generated and Conditioned: 1639.7979
Epoch: 33, Loss: 0.1910
MSE Loss Between Generated and Conditioned: 1513.9910
Epoch: 34, Loss: 0.1919
MSE Loss Between Generated and Conditioned: 980.5605
Epoch: 35, Loss: 0.1832
MSE Loss Between Generated and Conditioned: 1531.0541
Epoch: 36, Loss: 0.1743
MSE Loss Between Generated and Conditioned: 1080.8955
Epoch: 37, Loss: 0.1873
MSE Loss Between Generated and Conditioned: 1297.9834
Epoch: 38, Loss: 0.1755
MSE Loss Between Generated and Conditioned: 1352.9066
Epoch: 39, Loss: 0.1743
MSE Loss Between Generated and Conditioned: 1526.9146
Epoch: 40, Loss: 0.1771
MSE Loss Between Generated and Conditioned: 1103.5107
Epoch: 41, Loss: 0.1653
MSE Loss Between Generated and Conditioned: 1573.3770
Epoch: 42, Loss: 0.1700
MSE Loss Between Generated and Conditioned: 622.5345
Epoch: 43, Loss: 0.1743
MSE Loss Between Generated and Conditioned: 629.0122
Epoch: 44, Loss: 0.1603
MSE Loss Between Generated and Conditioned: 1012.0891
Epoch: 45, Loss: 0.1652
MSE Loss Between Generated and Conditioned: 506.7335
Epoch: 46, Loss: 0.1586
MSE Loss Between Generated and Conditioned: 789.8608
Epoch: 47, Loss: 0.1666
MSE Loss Between Generated and Conditioned: 685.7361
Epoch: 48, Loss: 0.1597
MSE Loss Between Generated and Conditioned: 523.7458
Epoch: 49, Loss: 0.1671
MSE Loss Between Generated and Conditioned: 551.7416
Epoch: 50, Loss: 0.1631
MSE Loss Between Generated and Conditioned: 495.6791
Epoch: 51, Loss: 0.1608
MSE Loss Between Generated and Conditioned: 443.5906
Epoch: 52, Loss: 0.1520
MSE Loss Between Generated and Conditioned: 457.2601
Epoch: 53, Loss: 0.1554
MSE Loss Between Generated and Conditioned: 311.5211
Epoch: 54, Loss: 0.1530
MSE Loss Between Generated and Conditioned: 317.8601
Epoch: 55, Loss: 0.1534
MSE Loss Between Generated and Conditioned: 608.8400
Epoch: 56, Loss: 0.1520
MSE Loss Between Generated and Conditioned: 319.3116
Epoch: 57, Loss: 0.1542
MSE Loss Between Generated and Conditioned: 449.3045
Epoch: 58, Loss: 0.1499
MSE Loss Between Generated and Conditioned: 243.3692
Epoch: 59, Loss: 0.1515
MSE Loss Between Generated and Conditioned: 365.8199
Epoch: 60, Loss: 0.1536
MSE Loss Between Generated and Conditioned: 260.8299
Epoch: 61, Loss: 0.1519
MSE Loss Between Generated and Conditioned: 156.9778
Epoch: 62, Loss: 0.1514
MSE Loss Between Generated and Conditioned: 177.5703
Epoch: 63, Loss: 0.1487
MSE Loss Between Generated and Conditioned: 195.6644
Epoch: 64, Loss: 0.1479
MSE Loss Between Generated and Conditioned: 222.0057
Epoch: 65, Loss: 0.1489
MSE Loss Between Generated and Conditioned: 170.9515
Epoch: 66, Loss: 0.1467
MSE Loss Between Generated and Conditioned: 219.0916
Epoch: 67, Loss: 0.1427
MSE Loss Between Generated and Conditioned: 198.4657
Epoch: 68, Loss: 0.1458
MSE Loss Between Generated and Conditioned: 164.0219
Epoch: 69, Loss: 0.1461
MSE Loss Between Generated and Conditioned: 166.9416
Epoch: 70, Loss: 0.1388
MSE Loss Between Generated and Conditioned: 147.4330
Epoch: 71, Loss: 0.1513
MSE Loss Between Generated and Conditioned: 166.2481
Epoch: 72, Loss: 0.1477
MSE Loss Between Generated and Conditioned: 111.8682
Epoch: 73, Loss: 0.1413
MSE Loss Between Generated and Conditioned: 75.5069
Epoch: 74, Loss: 0.1464
MSE Loss Between Generated and Conditioned: 89.2883
Epoch: 75, Loss: 0.1433
MSE Loss Between Generated and Conditioned: 127.3372
Epoch: 76, Loss: 0.1472
MSE Loss Between Generated and Conditioned: 63.4026
Epoch: 77, Loss: 0.1381
MSE Loss Between Generated and Conditioned: 46.7186
Epoch: 78, Loss: 0.1404
MSE Loss Between Generated and Conditioned: 86.6597
Epoch: 79, Loss: 0.1389
MSE Loss Between Generated and Conditioned: 86.9521
Epoch: 80, Loss: 0.1315
MSE Loss Between Generated and Conditioned: 80.5029
Epoch: 81, Loss: 0.1403
MSE Loss Between Generated and Conditioned: 91.4755
Epoch: 82, Loss: 0.1339
MSE Loss Between Generated and Conditioned: 119.5136
Epoch: 83, Loss: 0.1439
MSE Loss Between Generated and Conditioned: 71.9804
Epoch: 84, Loss: 0.1367
MSE Loss Between Generated and Conditioned: 50.0890
Epoch: 85, Loss: 0.1403
MSE Loss Between Generated and Conditioned: 53.7601
Epoch: 86, Loss: 0.1435
MSE Loss Between Generated and Conditioned: 30.7658
Epoch: 87, Loss: 0.1378
MSE Loss Between Generated and Conditioned: 65.5434
Epoch: 88, Loss: 0.1408
MSE Loss Between Generated and Conditioned: 57.8538
Epoch: 89, Loss: 0.1461
MSE Loss Between Generated and Conditioned: 69.9303
Epoch: 90, Loss: 0.1488
MSE Loss Between Generated and Conditioned: 51.9840
Epoch: 91, Loss: 0.1406
MSE Loss Between Generated and Conditioned: 36.3184
Epoch: 92, Loss: 0.1408
MSE Loss Between Generated and Conditioned: 28.2708
Epoch: 93, Loss: 0.1432
MSE Loss Between Generated and Conditioned: 47.9149
Epoch: 94, Loss: 0.1302
MSE Loss Between Generated and Conditioned: 45.1227
Epoch: 95, Loss: 0.1311
MSE Loss Between Generated and Conditioned: 34.5441
Epoch: 96, Loss: 0.1330
MSE Loss Between Generated and Conditioned: 34.2250
Epoch: 97, Loss: 0.1380
MSE Loss Between Generated and Conditioned: 33.5061
Epoch: 98, Loss: 0.1297
MSE Loss Between Generated and Conditioned: 29.0929
Epoch: 99, Loss: 0.1271
MSE Loss Between Generated and Conditioned: 31.9724
Epoch: 100, Loss: 0.1317
MSE Loss Between Generated and Conditioned: 24.1228
Epoch: 101, Loss: 0.1288
MSE Loss Between Generated and Conditioned: 27.7769
Epoch: 102, Loss: 0.1285
MSE Loss Between Generated and Conditioned: 32.6104
Epoch: 103, Loss: 0.1275
MSE Loss Between Generated and Conditioned: 27.8551
Epoch: 104, Loss: 0.1303
MSE Loss Between Generated and Conditioned: 33.2705
Epoch: 105, Loss: 0.1249
MSE Loss Between Generated and Conditioned: 35.7008
Epoch: 106, Loss: 0.1287
MSE Loss Between Generated and Conditioned: 27.5646
Epoch: 107, Loss: 0.1312
MSE Loss Between Generated and Conditioned: 34.8176
Epoch: 108, Loss: 0.1297
MSE Loss Between Generated and Conditioned: 48.2765
Epoch: 109, Loss: 0.1297
MSE Loss Between Generated and Conditioned: 18.9347
Epoch: 110, Loss: 0.1289
MSE Loss Between Generated and Conditioned: 26.6495
Epoch: 111, Loss: 0.1277
MSE Loss Between Generated and Conditioned: 37.6636
Epoch: 112, Loss: 0.1269
MSE Loss Between Generated and Conditioned: 29.0584
Epoch: 113, Loss: 0.1256
MSE Loss Between Generated and Conditioned: 25.6708
Epoch: 114, Loss: 0.1337
MSE Loss Between Generated and Conditioned: 25.7361
Epoch: 115, Loss: 0.1320
MSE Loss Between Generated and Conditioned: 31.6333
Epoch: 116, Loss: 0.1270
MSE Loss Between Generated and Conditioned: 31.8164
Epoch: 117, Loss: 0.1285
MSE Loss Between Generated and Conditioned: 21.3843
Epoch: 118, Loss: 0.1374
MSE Loss Between Generated and Conditioned: 43.5872
Epoch: 119, Loss: 0.1345
MSE Loss Between Generated and Conditioned: 32.6815
Epoch: 120, Loss: 0.1280
MSE Loss Between Generated and Conditioned: 34.5862
Epoch: 121, Loss: 0.1313
MSE Loss Between Generated and Conditioned: 28.9670
Epoch: 122, Loss: 0.1253
MSE Loss Between Generated and Conditioned: 33.2549
Epoch: 123, Loss: 0.1268
MSE Loss Between Generated and Conditioned: 26.7696
Epoch: 124, Loss: 0.1302
MSE Loss Between Generated and Conditioned: 33.0870
Epoch: 125, Loss: 0.1358
MSE Loss Between Generated and Conditioned: 27.5137
Epoch: 126, Loss: 0.1261
MSE Loss Between Generated and Conditioned: 17.3498
Epoch: 127, Loss: 0.1248
MSE Loss Between Generated and Conditioned: 33.1744
Epoch: 128, Loss: 0.1364
MSE Loss Between Generated and Conditioned: 17.8381
Epoch: 129, Loss: 0.1308
MSE Loss Between Generated and Conditioned: 27.2365
Epoch: 130, Loss: 0.1310
MSE Loss Between Generated and Conditioned: 35.1141
Epoch: 131, Loss: 0.1300
MSE Loss Between Generated and Conditioned: 25.7218
Epoch: 132, Loss: 0.1224
MSE Loss Between Generated and Conditioned: 26.4502
Epoch: 133, Loss: 0.1285
MSE Loss Between Generated and Conditioned: 23.4050
Epoch: 134, Loss: 0.1287
MSE Loss Between Generated and Conditioned: 32.4481
Epoch: 135, Loss: 0.1334
MSE Loss Between Generated and Conditioned: 24.8619
Epoch: 136, Loss: 0.1308
MSE Loss Between Generated and Conditioned: 23.3958
Epoch: 137, Loss: 0.1288
MSE Loss Between Generated and Conditioned: 42.9375
Epoch: 138, Loss: 0.1288
MSE Loss Between Generated and Conditioned: 28.9901
Epoch: 139, Loss: 0.1262
MSE Loss Between Generated and Conditioned: 37.8563
Epoch: 140, Loss: 0.1266
MSE Loss Between Generated and Conditioned: 25.7060
Epoch: 141, Loss: 0.1245
MSE Loss Between Generated and Conditioned: 27.1795
Epoch: 142, Loss: 0.1286
MSE Loss Between Generated and Conditioned: 30.7585
Epoch: 143, Loss: 0.1290
MSE Loss Between Generated and Conditioned: 39.0779
Epoch: 144, Loss: 0.1264
MSE Loss Between Generated and Conditioned: 24.1779
Epoch: 145, Loss: 0.1326
MSE Loss Between Generated and Conditioned: 29.5593
Epoch: 146, Loss: 0.1324
MSE Loss Between Generated and Conditioned: 19.3036
Epoch: 147, Loss: 0.1274
MSE Loss Between Generated and Conditioned: 33.5290
Epoch: 148, Loss: 0.1336
MSE Loss Between Generated and Conditioned: 43.6297
Epoch: 149, Loss: 0.1371
MSE Loss Between Generated and Conditioned: 28.3852
Epoch: 150, Loss: 0.1334
MSE Loss Between Generated and Conditioned: 19.7843
Epoch: 151, Loss: 0.1324
MSE Loss Between Generated and Conditioned: 28.0661
Epoch: 152, Loss: 0.1309
MSE Loss Between Generated and Conditioned: 26.8065
Epoch: 153, Loss: 0.1277
MSE Loss Between Generated and Conditioned: 32.5108
Epoch: 154, Loss: 0.1338
MSE Loss Between Generated and Conditioned: 26.3335
Epoch: 155, Loss: 0.1284
MSE Loss Between Generated and Conditioned: 19.2670
Epoch: 156, Loss: 0.1261
MSE Loss Between Generated and Conditioned: 25.3718
Epoch: 157, Loss: 0.1348
MSE Loss Between Generated and Conditioned: 31.0135
Epoch: 158, Loss: 0.1303
MSE Loss Between Generated and Conditioned: 16.3407
Epoch: 159, Loss: 0.1337
MSE Loss Between Generated and Conditioned: 22.4013
Epoch: 160, Loss: 0.1311
MSE Loss Between Generated and Conditioned: 30.6778
Epoch: 161, Loss: 0.1284
MSE Loss Between Generated and Conditioned: 27.1694
Epoch: 162, Loss: 0.1284
MSE Loss Between Generated and Conditioned: 28.1042
Epoch: 163, Loss: 0.1350
MSE Loss Between Generated and Conditioned: 48.4147
Epoch: 164, Loss: 0.1351
MSE Loss Between Generated and Conditioned: 41.3130
Epoch: 165, Loss: 0.1323
MSE Loss Between Generated and Conditioned: 31.5044
Epoch: 166, Loss: 0.1291
MSE Loss Between Generated and Conditioned: 27.0747
Epoch: 167, Loss: 0.1282
MSE Loss Between Generated and Conditioned: 27.5574
Epoch: 168, Loss: 0.1278
MSE Loss Between Generated and Conditioned: 35.6701
Epoch: 169, Loss: 0.1307
MSE Loss Between Generated and Conditioned: 22.1911
Epoch: 170, Loss: 0.1297
MSE Loss Between Generated and Conditioned: 21.3000
Epoch: 171, Loss: 0.1287
MSE Loss Between Generated and Conditioned: 31.0475
Epoch: 172, Loss: 0.1301
MSE Loss Between Generated and Conditioned: 23.8092
Epoch: 173, Loss: 0.1279
MSE Loss Between Generated and Conditioned: 17.6687
Epoch: 174, Loss: 0.1303
MSE Loss Between Generated and Conditioned: 24.3838
Epoch: 175, Loss: 0.1233
MSE Loss Between Generated and Conditioned: 30.5270
Epoch: 176, Loss: 0.1330
MSE Loss Between Generated and Conditioned: 27.8482
Epoch: 177, Loss: 0.1259
MSE Loss Between Generated and Conditioned: 29.4451
Epoch: 178, Loss: 0.1262
MSE Loss Between Generated and Conditioned: 32.3443
Epoch: 179, Loss: 0.1279
MSE Loss Between Generated and Conditioned: 31.3308
Epoch: 180, Loss: 0.1210
MSE Loss Between Generated and Conditioned: 18.1791
Epoch: 181, Loss: 0.1409
MSE Loss Between Generated and Conditioned: 32.2067
Epoch: 182, Loss: 0.1325
MSE Loss Between Generated and Conditioned: 31.2878
Epoch: 183, Loss: 0.1333
MSE Loss Between Generated and Conditioned: 28.4196
Epoch: 184, Loss: 0.1264
MSE Loss Between Generated and Conditioned: 28.8306
Epoch: 185, Loss: 0.1272
MSE Loss Between Generated and Conditioned: 33.9188
Epoch: 186, Loss: 0.1301
MSE Loss Between Generated and Conditioned: 30.2278
Epoch: 187, Loss: 0.1247
MSE Loss Between Generated and Conditioned: 30.4388
Epoch: 188, Loss: 0.1255
MSE Loss Between Generated and Conditioned: 22.0028
Epoch: 189, Loss: 0.1327
MSE Loss Between Generated and Conditioned: 25.6988
Epoch: 190, Loss: 0.1287
MSE Loss Between Generated and Conditioned: 19.4268
Epoch: 191, Loss: 0.1332
MSE Loss Between Generated and Conditioned: 37.0131
Epoch: 192, Loss: 0.1294
MSE Loss Between Generated and Conditioned: 21.8201
Epoch: 193, Loss: 0.1286
MSE Loss Between Generated and Conditioned: 24.6907
Epoch: 194, Loss: 0.1231
MSE Loss Between Generated and Conditioned: 25.1517
Epoch: 195, Loss: 0.1258
MSE Loss Between Generated and Conditioned: 39.3061
Epoch: 196, Loss: 0.1294
MSE Loss Between Generated and Conditioned: 21.1471
Epoch: 197, Loss: 0.1254
MSE Loss Between Generated and Conditioned: 25.5063
Epoch: 198, Loss: 0.1279
MSE Loss Between Generated and Conditioned: 32.3578
Epoch: 199, Loss: 0.1247
MSE Loss Between Generated and Conditioned: 30.4152
Epoch: 200, Loss: 0.1302
MSE Loss Between Generated and Conditioned: 33.0198
Epoch: 201, Loss: 0.1227
MSE Loss Between Generated and Conditioned: 26.0376
Epoch: 202, Loss: 0.1303
MSE Loss Between Generated and Conditioned: 18.4385
Epoch: 203, Loss: 0.1247
MSE Loss Between Generated and Conditioned: 33.3772
Epoch: 204, Loss: 0.1284
MSE Loss Between Generated and Conditioned: 22.0008
Epoch: 205, Loss: 0.1245
MSE Loss Between Generated and Conditioned: 27.1744
Epoch: 206, Loss: 0.1281
MSE Loss Between Generated and Conditioned: 34.9080
Epoch: 207, Loss: 0.1302
MSE Loss Between Generated and Conditioned: 30.1257
Epoch: 208, Loss: 0.1277
MSE Loss Between Generated and Conditioned: 26.2098
Epoch: 209, Loss: 0.1287
MSE Loss Between Generated and Conditioned: 26.8628
Epoch: 210, Loss: 0.1311
MSE Loss Between Generated and Conditioned: 24.1321
Epoch: 211, Loss: 0.1271
MSE Loss Between Generated and Conditioned: 26.3233
Epoch: 212, Loss: 0.1313
MSE Loss Between Generated and Conditioned: 21.2866
Epoch: 213, Loss: 0.1285
MSE Loss Between Generated and Conditioned: 49.0999
Epoch: 214, Loss: 0.1270
MSE Loss Between Generated and Conditioned: 31.4592
Epoch: 215, Loss: 0.1264
MSE Loss Between Generated and Conditioned: 21.4989
Epoch: 216, Loss: 0.1263
MSE Loss Between Generated and Conditioned: 32.0346
Epoch: 217, Loss: 0.1275
MSE Loss Between Generated and Conditioned: 18.5720
Epoch: 218, Loss: 0.1299
MSE Loss Between Generated and Conditioned: 27.9645
Epoch: 219, Loss: 0.1305
MSE Loss Between Generated and Conditioned: 19.8677
Epoch: 220, Loss: 0.1276
MSE Loss Between Generated and Conditioned: 35.4841
Epoch: 221, Loss: 0.1283
MSE Loss Between Generated and Conditioned: 35.6802
Epoch: 222, Loss: 0.1264
MSE Loss Between Generated and Conditioned: 36.2009
Epoch: 223, Loss: 0.1304
MSE Loss Between Generated and Conditioned: 28.7057
Epoch: 224, Loss: 0.1315
MSE Loss Between Generated and Conditioned: 27.5434
Epoch: 225, Loss: 0.1266
MSE Loss Between Generated and Conditioned: 26.6581
Epoch: 226, Loss: 0.1272
MSE Loss Between Generated and Conditioned: 16.6739
Epoch: 227, Loss: 0.1272
MSE Loss Between Generated and Conditioned: 29.8405
Epoch: 228, Loss: 0.1209
MSE Loss Between Generated and Conditioned: 17.6353
Epoch: 229, Loss: 0.1331
MSE Loss Between Generated and Conditioned: 23.2639
Epoch: 230, Loss: 0.1284
MSE Loss Between Generated and Conditioned: 27.2632
Epoch: 231, Loss: 0.1242
MSE Loss Between Generated and Conditioned: 31.1885
Epoch: 232, Loss: 0.1223
MSE Loss Between Generated and Conditioned: 27.4655
Epoch: 233, Loss: 0.1293
MSE Loss Between Generated and Conditioned: 33.5774
Epoch: 234, Loss: 0.1312
MSE Loss Between Generated and Conditioned: 24.7466
Epoch: 235, Loss: 0.1251
MSE Loss Between Generated and Conditioned: 22.7940
Epoch: 236, Loss: 0.1326
MSE Loss Between Generated and Conditioned: 23.7528
Epoch: 237, Loss: 0.1222
MSE Loss Between Generated and Conditioned: 25.1294
Epoch: 238, Loss: 0.1206
MSE Loss Between Generated and Conditioned: 34.9450
Epoch: 239, Loss: 0.1297
MSE Loss Between Generated and Conditioned: 21.3311
Epoch: 240, Loss: 0.1296
MSE Loss Between Generated and Conditioned: 27.7805
Epoch: 241, Loss: 0.1266
MSE Loss Between Generated and Conditioned: 28.5498
Epoch: 242, Loss: 0.1225
MSE Loss Between Generated and Conditioned: 30.8640
Epoch: 243, Loss: 0.1230
MSE Loss Between Generated and Conditioned: 29.2750
Epoch: 244, Loss: 0.1262
MSE Loss Between Generated and Conditioned: 27.7816
Epoch: 245, Loss: 0.1244
MSE Loss Between Generated and Conditioned: 23.7748
Epoch: 246, Loss: 0.1312
MSE Loss Between Generated and Conditioned: 16.0854
Epoch: 247, Loss: 0.1330
MSE Loss Between Generated and Conditioned: 41.6312
Epoch: 248, Loss: 0.1246
MSE Loss Between Generated and Conditioned: 33.7277
Epoch: 249, Loss: 0.1356
MSE Loss Between Generated and Conditioned: 27.3192
Epoch: 250, Loss: 0.1306
MSE Loss Between Generated and Conditioned: 26.3594
Epoch: 251, Loss: 0.1332
MSE Loss Between Generated and Conditioned: 25.4704
Epoch: 252, Loss: 0.1197
MSE Loss Between Generated and Conditioned: 23.7609
Epoch: 253, Loss: 0.1248
MSE Loss Between Generated and Conditioned: 23.1858
Epoch: 254, Loss: 0.1343
MSE Loss Between Generated and Conditioned: 25.8910
Epoch: 255, Loss: 0.1342
MSE Loss Between Generated and Conditioned: 26.0497
Epoch: 256, Loss: 0.1271
MSE Loss Between Generated and Conditioned: 33.8449
Epoch: 257, Loss: 0.1326
MSE Loss Between Generated and Conditioned: 29.7712
Epoch: 258, Loss: 0.1317
MSE Loss Between Generated and Conditioned: 34.0449
Epoch: 259, Loss: 0.1323
MSE Loss Between Generated and Conditioned: 26.8018
Epoch: 260, Loss: 0.1340
MSE Loss Between Generated and Conditioned: 28.3872
Epoch: 261, Loss: 0.1271
MSE Loss Between Generated and Conditioned: 22.8000
Epoch: 262, Loss: 0.1380
MSE Loss Between Generated and Conditioned: 29.2903
Epoch: 263, Loss: 0.1336
MSE Loss Between Generated and Conditioned: 21.6487
Epoch: 264, Loss: 0.1273
MSE Loss Between Generated and Conditioned: 21.7912
Epoch: 265, Loss: 0.1265
MSE Loss Between Generated and Conditioned: 29.5686
Epoch: 266, Loss: 0.1311
MSE Loss Between Generated and Conditioned: 27.2088
Epoch: 267, Loss: 0.1268
MSE Loss Between Generated and Conditioned: 27.3423
Epoch: 268, Loss: 0.1244
MSE Loss Between Generated and Conditioned: 16.4535
Epoch: 269, Loss: 0.1355
MSE Loss Between Generated and Conditioned: 27.6169
Epoch: 270, Loss: 0.1287
MSE Loss Between Generated and Conditioned: 30.6788
Epoch: 271, Loss: 0.1279
MSE Loss Between Generated and Conditioned: 22.0273
Epoch: 272, Loss: 0.1285
MSE Loss Between Generated and Conditioned: 25.2249
Epoch: 273, Loss: 0.1315
MSE Loss Between Generated and Conditioned: 29.1142
Epoch: 274, Loss: 0.1240
MSE Loss Between Generated and Conditioned: 26.4755
Epoch: 275, Loss: 0.1275
MSE Loss Between Generated and Conditioned: 45.5653
Epoch: 276, Loss: 0.1254
MSE Loss Between Generated and Conditioned: 29.6736
Epoch: 277, Loss: 0.1265
MSE Loss Between Generated and Conditioned: 23.3249
Epoch: 278, Loss: 0.1275
MSE Loss Between Generated and Conditioned: 25.1865
Epoch: 279, Loss: 0.1282
MSE Loss Between Generated and Conditioned: 26.1783
Epoch: 280, Loss: 0.1267
MSE Loss Between Generated and Conditioned: 16.4175
Epoch: 281, Loss: 0.1237
MSE Loss Between Generated and Conditioned: 33.2352
Epoch: 282, Loss: 0.1245
MSE Loss Between Generated and Conditioned: 37.3672
Epoch: 283, Loss: 0.1240
MSE Loss Between Generated and Conditioned: 26.3052
Epoch: 284, Loss: 0.1260
MSE Loss Between Generated and Conditioned: 30.6604
Epoch: 285, Loss: 0.1308
MSE Loss Between Generated and Conditioned: 28.9105
Epoch: 286, Loss: 0.1260
MSE Loss Between Generated and Conditioned: 28.8731
Epoch: 287, Loss: 0.1299
MSE Loss Between Generated and Conditioned: 21.3887
Epoch: 288, Loss: 0.1265
MSE Loss Between Generated and Conditioned: 43.9482
Epoch: 289, Loss: 0.1276
MSE Loss Between Generated and Conditioned: 26.2066
Epoch: 290, Loss: 0.1293
MSE Loss Between Generated and Conditioned: 24.0253
Epoch: 291, Loss: 0.1262
MSE Loss Between Generated and Conditioned: 34.7414
Epoch: 292, Loss: 0.1318
MSE Loss Between Generated and Conditioned: 25.0640
Epoch: 293, Loss: 0.1261
MSE Loss Between Generated and Conditioned: 23.5450
Epoch: 294, Loss: 0.1302
MSE Loss Between Generated and Conditioned: 33.6209
Epoch: 295, Loss: 0.1263
MSE Loss Between Generated and Conditioned: 28.2537
Epoch: 296, Loss: 0.1269
MSE Loss Between Generated and Conditioned: 35.8035
Epoch: 297, Loss: 0.1323
MSE Loss Between Generated and Conditioned: 17.3839
Epoch: 298, Loss: 0.1296
MSE Loss Between Generated and Conditioned: 23.4869
Epoch: 299, Loss: 0.1274
/vol/bitbucket/nb324/masters_project/msc_repo/part_5_further_analysis/latent_diffusion_model_conditional_attn/latent_model_main.py:116: UserWarning: No artists with labels found to put in legend.  Note that artists whose label start with an underscore are ignored when legend() is called with no argument.
  plt.legend()
Traceback (most recent call last):
  File "/vol/bitbucket/nb324/masters_project/msc_repo/part_5_further_analysis/simclr_log_cap_alpha_batch_0.2/main.py", line 203, in <module>
    main()
  File "/vol/bitbucket/nb324/masters_project/msc_repo/part_5_further_analysis/simclr_log_cap_alpha_batch_0.2/main.py", line 194, in main
    downstream_task_latent_diffusion_conditional_attn(
  File "/vol/bitbucket/nb324/masters_project/msc_repo/part_5_further_analysis/latent_diffusion_model_conditional_attn/latent_model_main.py", line 121, in downstream_task
    plt.plot(epochs, train_losses)
  File "/vol/bitbucket/nb324/masters_project/.venv/lib/python3.12/site-packages/matplotlib/pyplot.py", line 3827, in plot
    return gca().plot(
           ^^^^^^^^^^^
  File "/vol/bitbucket/nb324/masters_project/.venv/lib/python3.12/site-packages/matplotlib/axes/_axes.py", line 1777, in plot
    lines = [*self._get_lines(self, *args, data=data, **kwargs)]
            ^^^^^^^^^^^^^^^^^^^^^^^^^^^^^^^^^^^^^^^^^^^^^^^^^^^^
  File "/vol/bitbucket/nb324/masters_project/.venv/lib/python3.12/site-packages/matplotlib/axes/_base.py", line 297, in __call__
    yield from self._plot_args(
               ^^^^^^^^^^^^^^^^
  File "/vol/bitbucket/nb324/masters_project/.venv/lib/python3.12/site-packages/matplotlib/axes/_base.py", line 494, in _plot_args
    raise ValueError(f"x and y must have same first dimension, but "
ValueError: x and y must have same first dimension, but have shapes (1,) and (44,)
