nohup: ignoring input
[I 2025-04-12 08:51:59,760] A new study created in memory with name: no-name-8daa2184-d4e4-4e34-ae64-32c0e22c9d37
lr=0.001_latent_dim=128_lambd=0.1
Epoch: 0, Train Loss: 54.39, Validation Loss: 69.83, Learning Rate: 0.001
Epoch: 1, Train Loss: 34.30, Validation Loss: 54.08, Learning Rate: 0.001
Epoch: 2, Train Loss: 28.42, Validation Loss: 49.29, Learning Rate: 0.001
Epoch: 3, Train Loss: 28.10, Validation Loss: 44.61, Learning Rate: 0.001
Epoch: 4, Train Loss: 28.21, Validation Loss: 43.14, Learning Rate: 0.001
Epoch: 5, Train Loss: 25.91, Validation Loss: 40.87, Learning Rate: 0.001
Epoch: 6, Train Loss: 26.07, Validation Loss: 41.50, Learning Rate: 0.001
Epoch: 7, Train Loss: 23.87, Validation Loss: 39.06, Learning Rate: 0.001
Epoch: 8, Train Loss: 24.03, Validation Loss: 36.31, Learning Rate: 0.001
Epoch: 9, Train Loss: 24.79, Validation Loss: 35.18, Learning Rate: 0.001
Epoch: 10, Train Loss: 23.21, Validation Loss: 32.98, Learning Rate: 0.001
Epoch: 11, Train Loss: 22.25, Validation Loss: 35.05, Learning Rate: 0.001
Epoch: 12, Train Loss: 20.66, Validation Loss: 31.89, Learning Rate: 0.001
Epoch: 13, Train Loss: 22.54, Validation Loss: 30.30, Learning Rate: 0.001
Epoch: 14, Train Loss: 21.08, Validation Loss: 27.75, Learning Rate: 0.001
Epoch: 15, Train Loss: 20.57, Validation Loss: 28.44, Learning Rate: 0.001
Epoch: 16, Train Loss: 20.10, Validation Loss: 25.77, Learning Rate: 0.001
Epoch: 17, Train Loss: 20.84, Validation Loss: 27.79, Learning Rate: 0.001
Epoch: 18, Train Loss: 20.78, Validation Loss: 28.74, Learning Rate: 0.001
Epoch: 19, Train Loss: 20.63, Validation Loss: 30.23, Learning Rate: 0.001
Epoch: 20, Train Loss: 21.30, Validation Loss: 31.81, Learning Rate: 0.001
Epoch: 21, Train Loss: 21.33, Validation Loss: 26.79, Learning Rate: 0.001
Epoch: 22, Train Loss: 19.50, Validation Loss: 25.79, Learning Rate: 0.001
Epoch: 23, Train Loss: 19.41, Validation Loss: 27.14, Learning Rate: 0.001
Epoch: 24, Train Loss: 18.52, Validation Loss: 26.13, Learning Rate: 0.001
Epoch: 25, Train Loss: 18.97, Validation Loss: 26.57, Learning Rate: 0.001
Epoch: 26, Train Loss: 18.78, Validation Loss: 26.34, Learning Rate: 0.001
Epoch: 27, Train Loss: 19.00, Validation Loss: 24.73, Learning Rate: 0.001
Epoch: 28, Train Loss: 18.56, Validation Loss: 25.16, Learning Rate: 0.001
Epoch: 29, Train Loss: 20.27, Validation Loss: 26.54, Learning Rate: 0.001
Epoch: 30, Train Loss: 20.23, Validation Loss: 26.69, Learning Rate: 0.001
Epoch: 31, Train Loss: 19.23, Validation Loss: 27.03, Learning Rate: 0.001
Epoch: 32, Train Loss: 18.87, Validation Loss: 26.51, Learning Rate: 0.001
Epoch: 33, Train Loss: 19.63, Validation Loss: 27.17, Learning Rate: 0.001
Epoch: 34, Train Loss: 18.87, Validation Loss: 25.94, Learning Rate: 0.001
Epoch: 35, Train Loss: 20.14, Validation Loss: 27.52, Learning Rate: 0.001
Epoch: 36, Train Loss: 20.37, Validation Loss: 28.94, Learning Rate: 0.001
Epoch: 37, Train Loss: 20.88, Validation Loss: 26.19, Learning Rate: 0.001
Epoch: 38, Train Loss: 21.43, Validation Loss: 25.73, Learning Rate: 0.001
Epoch: 39, Train Loss: 19.68, Validation Loss: 25.57, Learning Rate: 0.001
Epoch: 40, Train Loss: 19.68, Validation Loss: 25.91, Learning Rate: 0.001
Epoch: 41, Train Loss: 18.47, Validation Loss: 25.65, Learning Rate: 0.001
Epoch: 42, Train Loss: 18.71, Validation Loss: 25.17, Learning Rate: 0.001
Epoch: 43, Train Loss: 19.98, Validation Loss: 23.70, Learning Rate: 0.001
Epoch: 44, Train Loss: 18.72, Validation Loss: 23.96, Learning Rate: 0.001
Epoch: 45, Train Loss: 17.96, Validation Loss: 24.25, Learning Rate: 0.001
Epoch: 46, Train Loss: 18.59, Validation Loss: 24.12, Learning Rate: 0.001
Epoch: 47, Train Loss: 17.66, Validation Loss: 25.54, Learning Rate: 0.001
Epoch: 48, Train Loss: 18.67, Validation Loss: 25.52, Learning Rate: 0.001
Epoch: 49, Train Loss: 18.26, Validation Loss: 23.18, Learning Rate: 0.001
Epoch: 50, Train Loss: 19.81, Validation Loss: 24.02, Learning Rate: 0.001
Epoch: 51, Train Loss: 18.30, Validation Loss: 22.18, Learning Rate: 0.001
Epoch: 52, Train Loss: 18.10, Validation Loss: 21.92, Learning Rate: 0.001
Epoch: 53, Train Loss: 17.86, Validation Loss: 21.68, Learning Rate: 0.001
Epoch: 54, Train Loss: 17.61, Validation Loss: 20.99, Learning Rate: 0.001
Epoch: 55, Train Loss: 17.44, Validation Loss: 20.15, Learning Rate: 0.001
Epoch: 56, Train Loss: 18.61, Validation Loss: 22.72, Learning Rate: 0.001
Epoch: 57, Train Loss: 21.01, Validation Loss: 23.12, Learning Rate: 0.001
Epoch: 58, Train Loss: 18.76, Validation Loss: 21.11, Learning Rate: 0.001
Epoch: 59, Train Loss: 17.99, Validation Loss: 21.76, Learning Rate: 0.001
Epoch: 60, Train Loss: 18.68, Validation Loss: 21.17, Learning Rate: 0.001
Epoch: 61, Train Loss: 18.08, Validation Loss: 20.85, Learning Rate: 0.001
Epoch: 62, Train Loss: 18.28, Validation Loss: 22.16, Learning Rate: 0.001
Epoch: 63, Train Loss: 17.68, Validation Loss: 21.92, Learning Rate: 0.001
Epoch: 64, Train Loss: 18.37, Validation Loss: 21.76, Learning Rate: 0.001
Epoch: 65, Train Loss: 17.16, Validation Loss: 22.15, Learning Rate: 0.001
Epoch: 66, Train Loss: 17.86, Validation Loss: 20.63, Learning Rate: 0.001
Epoch: 67, Train Loss: 17.16, Validation Loss: 20.44, Learning Rate: 0.001
Epoch: 68, Train Loss: 17.57, Validation Loss: 20.83, Learning Rate: 0.001
Epoch: 69, Train Loss: 17.39, Validation Loss: 20.49, Learning Rate: 0.001
Epoch: 70, Train Loss: 17.49, Validation Loss: 21.72, Learning Rate: 0.001
Epoch: 71, Train Loss: 16.92, Validation Loss: 20.99, Learning Rate: 0.001
Epoch: 72, Train Loss: 16.95, Validation Loss: 21.35, Learning Rate: 0.001
Epoch: 73, Train Loss: 16.53, Validation Loss: 21.56, Learning Rate: 0.001
Epoch: 74, Train Loss: 16.58, Validation Loss: 21.43, Learning Rate: 0.001
Epoch: 75, Train Loss: 17.33, Validation Loss: 20.61, Learning Rate: 0.001
Epoch: 76, Train Loss: 16.32, Validation Loss: 20.18, Learning Rate: 0.001
Epoch: 77, Train Loss: 16.90, Validation Loss: 20.62, Learning Rate: 0.001
Epoch: 78, Train Loss: 16.96, Validation Loss: 20.66, Learning Rate: 0.001
Epoch: 79, Train Loss: 17.69, Validation Loss: 22.15, Learning Rate: 0.001
Epoch: 80, Train Loss: 18.58, Validation Loss: 21.69, Learning Rate: 0.001
Epoch: 81, Train Loss: 18.47, Validation Loss: 21.38, Learning Rate: 0.001
Epoch: 82, Train Loss: 17.56, Validation Loss: 21.37, Learning Rate: 0.001
Epoch: 83, Train Loss: 16.95, Validation Loss: 21.03, Learning Rate: 0.001
Epoch: 84, Train Loss: 17.16, Validation Loss: 21.14, Learning Rate: 0.001
Epoch: 85, Train Loss: 17.31, Validation Loss: 22.49, Learning Rate: 0.001
Epoch: 86, Train Loss: 19.07, Validation Loss: 24.52, Learning Rate: 0.001
Epoch: 87, Train Loss: 17.36, Validation Loss: 23.17, Learning Rate: 0.001
Epoch: 88, Train Loss: 16.82, Validation Loss: 22.60, Learning Rate: 0.001
Epoch: 89, Train Loss: 16.20, Validation Loss: 21.86, Learning Rate: 0.001
Epoch: 90, Train Loss: 17.25, Validation Loss: 22.11, Learning Rate: 0.001
Epoch: 91, Train Loss: 16.40, Validation Loss: 22.74, Learning Rate: 0.001
Epoch: 92, Train Loss: 16.89, Validation Loss: 22.47, Learning Rate: 0.001
Epoch: 93, Train Loss: 16.66, Validation Loss: 21.33, Learning Rate: 0.001
Epoch: 94, Train Loss: 17.04, Validation Loss: 21.34, Learning Rate: 0.001
Epoch: 95, Train Loss: 16.84, Validation Loss: 21.59, Learning Rate: 0.001
Epoch: 96, Train Loss: 16.24, Validation Loss: 21.93, Learning Rate: 0.001
Epoch: 97, Train Loss: 15.94, Validation Loss: 21.76, Learning Rate: 0.001
Epoch: 98, Train Loss: 16.28, Validation Loss: 21.91, Learning Rate: 0.001
Epoch: 99, Train Loss: 16.78, Validation Loss: 22.77, Learning Rate: 0.001
torch.Size([20])
Mean Euclidean Distance: 21.526874542236328
Max Euclidean Distance: 47.14849853515625
Min Euclidean Distance: 9.194464683532715
torch.Size([20])
Mean Euclidean Distance: 228.64321899414062
Max Euclidean Distance: 311.8009948730469
Min Euclidean Distance: 14.90279483795166
torch.Size([20])
Mean cosine similarity: 0.9963420033454895
Min: 0.9882093071937561
Max: 0.9994882345199585
torch.Size([20])
Mean cosine similarity: 0.5565590262413025
Min: 0.17251721024513245
Max: 0.8295193314552307
Mean Cosine similarity: 0.9929805932373836
Negative Mean Cosine similarity: 0.5925802300716269
Mean Variance of Embeddings 30.905515276152514
[W 2025-04-12 09:06:58,775] Trial 0 failed with parameters: {'lr': 0.001, 'latent_dim': 128, 'lambd': 0.1} because of the following error: The value None could not be cast to float..
[W 2025-04-12 09:06:58,775] Trial 0 failed with value None.
lr=0.0001_latent_dim=128_lambd=0.01
Epoch: 0, Train Loss: 10.88, Validation Loss: 23.45, Learning Rate: 0.0001
Epoch: 1, Train Loss: 5.12, Validation Loss: 19.93, Learning Rate: 0.0001
Epoch: 2, Train Loss: 4.03, Validation Loss: 18.12, Learning Rate: 0.0001
Epoch: 3, Train Loss: 3.45, Validation Loss: 17.26, Learning Rate: 0.0001
Epoch: 4, Train Loss: 3.50, Validation Loss: 15.35, Learning Rate: 0.0001
Epoch: 5, Train Loss: 3.15, Validation Loss: 15.26, Learning Rate: 0.0001
Epoch: 6, Train Loss: 3.69, Validation Loss: 15.31, Learning Rate: 0.0001
Epoch: 7, Train Loss: 3.65, Validation Loss: 14.17, Learning Rate: 0.0001
Epoch: 8, Train Loss: 2.95, Validation Loss: 13.73, Learning Rate: 0.0001
Epoch: 9, Train Loss: 3.58, Validation Loss: 14.72, Learning Rate: 0.0001
Epoch: 10, Train Loss: 3.23, Validation Loss: 14.50, Learning Rate: 0.0001
Epoch: 11, Train Loss: 3.80, Validation Loss: 13.15, Learning Rate: 0.0001
Epoch: 12, Train Loss: 3.09, Validation Loss: 12.45, Learning Rate: 0.0001
Epoch: 13, Train Loss: 3.21, Validation Loss: 11.53, Learning Rate: 0.0001
Epoch: 14, Train Loss: 2.75, Validation Loss: 11.34, Learning Rate: 0.0001
Epoch: 15, Train Loss: 2.98, Validation Loss: 11.02, Learning Rate: 0.0001
Epoch: 16, Train Loss: 2.51, Validation Loss: 10.91, Learning Rate: 0.0001
Epoch: 17, Train Loss: 2.72, Validation Loss: 10.89, Learning Rate: 0.0001
Epoch: 18, Train Loss: 2.38, Validation Loss: 10.21, Learning Rate: 0.0001
Epoch: 19, Train Loss: 2.31, Validation Loss: 9.98, Learning Rate: 0.0001
Epoch: 20, Train Loss: 2.29, Validation Loss: 9.81, Learning Rate: 0.0001
Epoch: 21, Train Loss: 2.20, Validation Loss: 9.85, Learning Rate: 0.0001
Epoch: 22, Train Loss: 2.52, Validation Loss: 9.88, Learning Rate: 0.0001
Epoch: 23, Train Loss: 2.81, Validation Loss: 9.97, Learning Rate: 0.0001
Epoch: 24, Train Loss: 2.35, Validation Loss: 9.48, Learning Rate: 0.0001
Epoch: 25, Train Loss: 2.37, Validation Loss: 9.11, Learning Rate: 0.0001
Epoch: 26, Train Loss: 2.25, Validation Loss: 8.59, Learning Rate: 0.0001
Epoch: 27, Train Loss: 2.41, Validation Loss: 8.98, Learning Rate: 0.0001
Epoch: 28, Train Loss: 2.74, Validation Loss: 9.57, Learning Rate: 0.0001
Epoch: 29, Train Loss: 2.33, Validation Loss: 9.14, Learning Rate: 0.0001
Epoch: 30, Train Loss: 2.21, Validation Loss: 8.84, Learning Rate: 0.0001
Epoch: 31, Train Loss: 2.21, Validation Loss: 8.68, Learning Rate: 0.0001
Epoch: 32, Train Loss: 2.62, Validation Loss: 9.63, Learning Rate: 0.0001
Epoch: 33, Train Loss: 3.27, Validation Loss: 10.64, Learning Rate: 0.0001
Epoch: 34, Train Loss: 3.07, Validation Loss: 10.14, Learning Rate: 0.0001
Epoch: 35, Train Loss: 2.47, Validation Loss: 9.27, Learning Rate: 0.0001
Epoch: 36, Train Loss: 2.66, Validation Loss: 9.52, Learning Rate: 0.0001
Epoch: 37, Train Loss: 2.34, Validation Loss: 8.94, Learning Rate: 0.0001
Epoch: 38, Train Loss: 2.33, Validation Loss: 9.03, Learning Rate: 0.0001
Epoch: 39, Train Loss: 2.48, Validation Loss: 8.92, Learning Rate: 0.0001
Epoch: 40, Train Loss: 2.81, Validation Loss: 9.11, Learning Rate: 0.0001
Epoch: 41, Train Loss: 2.31, Validation Loss: 8.42, Learning Rate: 0.0001
Epoch: 42, Train Loss: 2.16, Validation Loss: 8.09, Learning Rate: 0.0001
Epoch: 43, Train Loss: 2.25, Validation Loss: 8.15, Learning Rate: 0.0001
Epoch: 44, Train Loss: 2.12, Validation Loss: 7.92, Learning Rate: 0.0001
Epoch: 45, Train Loss: 2.16, Validation Loss: 7.85, Learning Rate: 0.0001
Epoch: 46, Train Loss: 2.09, Validation Loss: 7.75, Learning Rate: 0.0001
Epoch: 47, Train Loss: 2.21, Validation Loss: 7.38, Learning Rate: 0.0001
Epoch: 48, Train Loss: 2.01, Validation Loss: 7.23, Learning Rate: 0.0001
Epoch: 49, Train Loss: 2.00, Validation Loss: 7.06, Learning Rate: 0.0001
Epoch: 50, Train Loss: 2.38, Validation Loss: 6.94, Learning Rate: 0.0001
Epoch: 51, Train Loss: 2.20, Validation Loss: 7.42, Learning Rate: 0.0001
Epoch: 52, Train Loss: 2.78, Validation Loss: 8.16, Learning Rate: 0.0001
Epoch: 53, Train Loss: 2.21, Validation Loss: 7.63, Learning Rate: 0.0001
Epoch: 54, Train Loss: 2.36, Validation Loss: 7.49, Learning Rate: 0.0001
Epoch: 55, Train Loss: 2.39, Validation Loss: 7.22, Learning Rate: 0.0001
Epoch: 56, Train Loss: 2.33, Validation Loss: 6.80, Learning Rate: 0.0001
Epoch: 57, Train Loss: 2.07, Validation Loss: 6.64, Learning Rate: 0.0001
Epoch: 58, Train Loss: 1.99, Validation Loss: 6.42, Learning Rate: 0.0001
Epoch: 59, Train Loss: 2.48, Validation Loss: 6.68, Learning Rate: 0.0001
Epoch: 60, Train Loss: 2.22, Validation Loss: 6.36, Learning Rate: 0.0001
Epoch: 61, Train Loss: 1.99, Validation Loss: 6.10, Learning Rate: 0.0001
Epoch: 62, Train Loss: 2.03, Validation Loss: 6.26, Learning Rate: 0.0001
Epoch: 63, Train Loss: 2.45, Validation Loss: 6.36, Learning Rate: 0.0001
Epoch: 64, Train Loss: 2.12, Validation Loss: 5.92, Learning Rate: 0.0001
Epoch: 65, Train Loss: 2.18, Validation Loss: 5.53, Learning Rate: 0.0001
Epoch: 66, Train Loss: 1.92, Validation Loss: 5.51, Learning Rate: 0.0001
Epoch: 67, Train Loss: 2.07, Validation Loss: 5.54, Learning Rate: 0.0001
Epoch: 68, Train Loss: 1.91, Validation Loss: 5.74, Learning Rate: 0.0001
Epoch: 69, Train Loss: 2.91, Validation Loss: 7.06, Learning Rate: 0.0001
Epoch: 70, Train Loss: 2.35, Validation Loss: 6.59, Learning Rate: 0.0001
Epoch: 71, Train Loss: 2.20, Validation Loss: 6.50, Learning Rate: 0.0001
Epoch: 72, Train Loss: 2.66, Validation Loss: 6.85, Learning Rate: 0.0001
Epoch: 73, Train Loss: 2.26, Validation Loss: 6.36, Learning Rate: 0.0001
Epoch: 74, Train Loss: 2.08, Validation Loss: 6.12, Learning Rate: 0.0001
Epoch: 75, Train Loss: 2.10, Validation Loss: 6.14, Learning Rate: 0.0001
Epoch: 76, Train Loss: 2.12, Validation Loss: 6.30, Learning Rate: 0.0001
Epoch: 77, Train Loss: 2.55, Validation Loss: 7.25, Learning Rate: 0.0001
Epoch: 78, Train Loss: 2.15, Validation Loss: 6.91, Learning Rate: 0.0001
Epoch: 79, Train Loss: 2.01, Validation Loss: 6.57, Learning Rate: 0.0001
Epoch: 80, Train Loss: 1.99, Validation Loss: 6.32, Learning Rate: 0.0001
Epoch: 81, Train Loss: 1.93, Validation Loss: 6.33, Learning Rate: 0.0001
Epoch: 82, Train Loss: 2.10, Validation Loss: 6.43, Learning Rate: 0.0001
Epoch: 83, Train Loss: 2.20, Validation Loss: 6.38, Learning Rate: 0.0001
Epoch: 84, Train Loss: 2.10, Validation Loss: 6.08, Learning Rate: 0.0001
Epoch: 85, Train Loss: 2.54, Validation Loss: 6.19, Learning Rate: 0.0001
Epoch: 86, Train Loss: 2.74, Validation Loss: 6.37, Learning Rate: 0.0001
Epoch: 87, Train Loss: 2.21, Validation Loss: 6.12, Learning Rate: 0.0001
Epoch: 88, Train Loss: 2.05, Validation Loss: 5.81, Learning Rate: 0.0001
Epoch: 89, Train Loss: 2.61, Validation Loss: 5.78, Learning Rate: 0.0001
Epoch: 90, Train Loss: 2.32, Validation Loss: 5.52, Learning Rate: 0.0001
Epoch: 91, Train Loss: 2.65, Validation Loss: 5.94, Learning Rate: 0.0001
Epoch: 92, Train Loss: 2.12, Validation Loss: 5.68, Learning Rate: 0.0001
Epoch: 93, Train Loss: 2.34, Validation Loss: 5.71, Learning Rate: 0.0001
Epoch: 94, Train Loss: 2.00, Validation Loss: 5.52, Learning Rate: 0.0001
Epoch: 95, Train Loss: 1.93, Validation Loss: 5.48, Learning Rate: 0.0001
Epoch: 96, Train Loss: 2.01, Validation Loss: 5.45, Learning Rate: 0.0001
Epoch: 97, Train Loss: 1.90, Validation Loss: 5.29, Learning Rate: 0.0001
Epoch: 98, Train Loss: 1.88, Validation Loss: 5.25, Learning Rate: 0.0001
Epoch: 99, Train Loss: 2.05, Validation Loss: 5.10, Learning Rate: 0.0001
torch.Size([20])
Mean Euclidean Distance: 2.07979154586792
Max Euclidean Distance: 5.0121541023254395
Min Euclidean Distance: 0.71117103099823
torch.Size([20])
Mean Euclidean Distance: 45.29051208496094
Max Euclidean Distance: 61.74851989746094
Min Euclidean Distance: 11.082891464233398
torch.Size([20])
Mean cosine similarity: 0.9987885355949402
Min: 0.9968791007995605
Max: 0.9998738765716553
torch.Size([20])
Mean cosine similarity: 0.43207159638404846
Min: 0.22922542691230774
Max: 0.9995425939559937
Mean Cosine similarity: 0.9918412442865043
Negative Mean Cosine similarity: 0.4672213278967759
Mean Variance of Embeddings 0.967946210811878
[W 2025-04-12 09:21:52,563] Trial 1 failed with parameters: {'lr': 0.0001, 'latent_dim': 128, 'lambd': 0.01} because of the following error: The value None could not be cast to float..
[W 2025-04-12 09:21:52,564] Trial 1 failed with value None.
lr=0.001_latent_dim=128_lambd=0.001
Epoch: 0, Train Loss: 2.12, Validation Loss: 4.75, Learning Rate: 0.001
Epoch: 1, Train Loss: 0.62, Validation Loss: 6.33, Learning Rate: 0.001
Epoch: 2, Train Loss: 0.55, Validation Loss: 3.59, Learning Rate: 0.001
Epoch: 3, Train Loss: 0.44, Validation Loss: 4.09, Learning Rate: 0.001
Epoch: 4, Train Loss: 0.36, Validation Loss: 3.24, Learning Rate: 0.001
Epoch: 5, Train Loss: 0.32, Validation Loss: 3.77, Learning Rate: 0.001
Epoch: 6, Train Loss: 0.29, Validation Loss: 3.83, Learning Rate: 0.001
Epoch: 7, Train Loss: 0.28, Validation Loss: 3.17, Learning Rate: 0.001
Epoch: 8, Train Loss: 0.27, Validation Loss: 5.70, Learning Rate: 0.001
Epoch: 9, Train Loss: 0.66, Validation Loss: 12.97, Learning Rate: 0.001
Epoch: 10, Train Loss: 0.77, Validation Loss: 8.21, Learning Rate: 0.001
Epoch: 11, Train Loss: 0.74, Validation Loss: 3.64, Learning Rate: 0.001
Epoch: 12, Train Loss: 0.72, Validation Loss: 12.83, Learning Rate: 0.001
Epoch: 13, Train Loss: 1.03, Validation Loss: 7.94, Learning Rate: 0.001
Epoch: 14, Train Loss: 0.59, Validation Loss: 5.39, Learning Rate: 0.001
Epoch: 15, Train Loss: 0.46, Validation Loss: 3.59, Learning Rate: 0.001
Epoch: 16, Train Loss: 0.41, Validation Loss: 3.56, Learning Rate: 0.001
Epoch: 17, Train Loss: 0.39, Validation Loss: 3.48, Learning Rate: 0.001
Epoch: 18, Train Loss: 0.35, Validation Loss: 3.38, Learning Rate: 0.001
Epoch: 19, Train Loss: 0.84, Validation Loss: 6.82, Learning Rate: 0.001
Epoch: 20, Train Loss: 0.88, Validation Loss: 3.62, Learning Rate: 0.001
Epoch: 21, Train Loss: 0.50, Validation Loss: 3.00, Learning Rate: 0.001
Epoch: 22, Train Loss: 0.60, Validation Loss: 2.95, Learning Rate: 0.001
Epoch: 23, Train Loss: 0.49, Validation Loss: 2.50, Learning Rate: 0.001
Epoch: 24, Train Loss: 0.40, Validation Loss: 2.53, Learning Rate: 0.001
Epoch: 25, Train Loss: 0.38, Validation Loss: 2.08, Learning Rate: 0.001
Epoch: 26, Train Loss: 0.40, Validation Loss: 3.52, Learning Rate: 0.001
Epoch: 27, Train Loss: 0.85, Validation Loss: 2.68, Learning Rate: 0.001
Epoch: 28, Train Loss: 0.51, Validation Loss: 2.45, Learning Rate: 0.001
Epoch: 29, Train Loss: 0.51, Validation Loss: 2.30, Learning Rate: 0.001
Epoch: 30, Train Loss: 0.70, Validation Loss: 2.42, Learning Rate: 0.001
Epoch: 31, Train Loss: 0.46, Validation Loss: 2.11, Learning Rate: 0.001
Epoch: 32, Train Loss: 0.41, Validation Loss: 2.02, Learning Rate: 0.001
Epoch: 33, Train Loss: 0.42, Validation Loss: 2.13, Learning Rate: 0.001
Epoch: 34, Train Loss: 0.61, Validation Loss: 3.45, Learning Rate: 0.001
Epoch: 35, Train Loss: 0.49, Validation Loss: 2.89, Learning Rate: 0.001
Epoch: 36, Train Loss: 0.81, Validation Loss: 2.60, Learning Rate: 0.001
Epoch: 37, Train Loss: 0.52, Validation Loss: 2.42, Learning Rate: 0.001
Epoch: 38, Train Loss: 0.45, Validation Loss: 2.47, Learning Rate: 0.001
Epoch: 39, Train Loss: 0.41, Validation Loss: 2.56, Learning Rate: 0.001
Epoch: 40, Train Loss: 0.39, Validation Loss: 2.36, Learning Rate: 0.001
Epoch: 41, Train Loss: 0.42, Validation Loss: 2.36, Learning Rate: 0.001
Epoch: 42, Train Loss: 0.36, Validation Loss: 2.23, Learning Rate: 0.001
Epoch: 43, Train Loss: 0.41, Validation Loss: 3.05, Learning Rate: 0.001
Epoch: 44, Train Loss: 0.50, Validation Loss: 2.30, Learning Rate: 0.001
Epoch: 45, Train Loss: 0.55, Validation Loss: 3.88, Learning Rate: 0.001
Epoch: 46, Train Loss: 0.45, Validation Loss: 2.99, Learning Rate: 0.001
Epoch: 47, Train Loss: 0.64, Validation Loss: 2.80, Learning Rate: 0.001
Epoch: 48, Train Loss: 0.75, Validation Loss: 2.21, Learning Rate: 0.001
Epoch: 49, Train Loss: 0.50, Validation Loss: 2.16, Learning Rate: 0.001
Epoch: 50, Train Loss: 0.43, Validation Loss: 2.20, Learning Rate: 0.001
Epoch: 51, Train Loss: 0.39, Validation Loss: 2.15, Learning Rate: 0.001
Epoch: 52, Train Loss: 0.39, Validation Loss: 2.10, Learning Rate: 0.001
Epoch: 53, Train Loss: 0.35, Validation Loss: 1.95, Learning Rate: 0.001
Epoch: 54, Train Loss: 0.33, Validation Loss: 1.98, Learning Rate: 0.001
Epoch: 55, Train Loss: 0.35, Validation Loss: 1.84, Learning Rate: 0.001
Epoch: 56, Train Loss: 0.33, Validation Loss: 1.78, Learning Rate: 0.001
Epoch: 57, Train Loss: 0.33, Validation Loss: 2.44, Learning Rate: 0.001
Epoch: 58, Train Loss: 0.62, Validation Loss: 2.63, Learning Rate: 0.001
Epoch: 59, Train Loss: 0.41, Validation Loss: 2.42, Learning Rate: 0.001
Epoch: 60, Train Loss: 0.37, Validation Loss: 2.24, Learning Rate: 0.001
Epoch: 61, Train Loss: 0.38, Validation Loss: 3.43, Learning Rate: 0.001
Epoch: 62, Train Loss: 0.48, Validation Loss: 4.05, Learning Rate: 0.001
Epoch: 63, Train Loss: 0.87, Validation Loss: 3.01, Learning Rate: 0.001
Epoch: 64, Train Loss: 0.66, Validation Loss: 2.31, Learning Rate: 0.001
Epoch: 65, Train Loss: 0.46, Validation Loss: 2.08, Learning Rate: 0.001
Epoch: 66, Train Loss: 0.39, Validation Loss: 1.91, Learning Rate: 0.001
Epoch: 67, Train Loss: 0.37, Validation Loss: 1.81, Learning Rate: 0.001
Epoch: 68, Train Loss: 0.35, Validation Loss: 1.69, Learning Rate: 0.001
Epoch: 69, Train Loss: 0.33, Validation Loss: 1.70, Learning Rate: 0.001
Epoch: 70, Train Loss: 0.33, Validation Loss: 1.75, Learning Rate: 0.001
Epoch: 71, Train Loss: 0.33, Validation Loss: 1.72, Learning Rate: 0.001
Epoch: 72, Train Loss: 0.30, Validation Loss: 1.76, Learning Rate: 0.001
Epoch: 73, Train Loss: 0.29, Validation Loss: 1.66, Learning Rate: 0.001
Epoch: 74, Train Loss: 0.29, Validation Loss: 1.61, Learning Rate: 0.001
Epoch: 75, Train Loss: 0.28, Validation Loss: 1.62, Learning Rate: 0.001
Epoch: 76, Train Loss: 0.27, Validation Loss: 1.72, Learning Rate: 0.001
Epoch: 77, Train Loss: 0.28, Validation Loss: 1.54, Learning Rate: 0.001
Epoch: 78, Train Loss: 0.54, Validation Loss: 2.64, Learning Rate: 0.001
Epoch: 79, Train Loss: 0.87, Validation Loss: 3.11, Learning Rate: 0.001
Epoch: 80, Train Loss: 0.92, Validation Loss: 3.72, Learning Rate: 0.001
Epoch: 81, Train Loss: 0.66, Validation Loss: 2.34, Learning Rate: 0.001
Epoch: 82, Train Loss: 0.93, Validation Loss: 2.38, Learning Rate: 0.001
Epoch: 83, Train Loss: 0.55, Validation Loss: 2.21, Learning Rate: 0.001
Epoch: 84, Train Loss: 0.47, Validation Loss: 2.13, Learning Rate: 0.001
Epoch: 85, Train Loss: 0.48, Validation Loss: 2.14, Learning Rate: 0.001
Epoch: 86, Train Loss: 0.41, Validation Loss: 2.06, Learning Rate: 0.001
Epoch: 87, Train Loss: 0.62, Validation Loss: 2.63, Learning Rate: 0.001
Epoch: 88, Train Loss: 0.46, Validation Loss: 2.49, Learning Rate: 0.001
Epoch: 89, Train Loss: 1.01, Validation Loss: 4.88, Learning Rate: 0.001
Epoch: 90, Train Loss: 0.60, Validation Loss: 3.83, Learning Rate: 0.001
Epoch: 91, Train Loss: 0.52, Validation Loss: 4.10, Learning Rate: 0.001
Epoch: 92, Train Loss: 0.83, Validation Loss: 6.38, Learning Rate: 0.001
Epoch: 93, Train Loss: 0.57, Validation Loss: 4.97, Learning Rate: 0.001
Epoch: 94, Train Loss: 0.48, Validation Loss: 4.59, Learning Rate: 0.001
Epoch: 95, Train Loss: 0.44, Validation Loss: 3.93, Learning Rate: 0.001
Epoch: 96, Train Loss: 0.43, Validation Loss: 3.39, Learning Rate: 0.001
Epoch: 97, Train Loss: 0.39, Validation Loss: 2.82, Learning Rate: 0.001
Epoch: 98, Train Loss: 0.37, Validation Loss: 2.50, Learning Rate: 0.001
Epoch: 99, Train Loss: 0.37, Validation Loss: 2.38, Learning Rate: 0.001
torch.Size([20])
Mean Euclidean Distance: 15.993636131286621
Max Euclidean Distance: 33.303619384765625
Min Euclidean Distance: 4.83162260055542
torch.Size([20])
Mean Euclidean Distance: 361.5875549316406
Max Euclidean Distance: 697.1050415039062
Min Euclidean Distance: 16.072065353393555
torch.Size([20])
Mean cosine similarity: 0.999133288860321
Min: 0.9951554536819458
Max: 0.9999932646751404
torch.Size([20])
Mean cosine similarity: 0.5861626863479614
Min: -0.08666707575321198
Max: 0.999921977519989
Mean Cosine similarity: 0.996076904494187
Negative Mean Cosine similarity: 0.6968575633805374
Mean Variance of Embeddings 56.632296068915004
[W 2025-04-12 09:37:00,213] Trial 2 failed with parameters: {'lr': 0.001, 'latent_dim': 128, 'lambd': 0.001} because of the following error: The value None could not be cast to float..
[W 2025-04-12 09:37:00,213] Trial 2 failed with value None.
lr=0.001_latent_dim=128_lambd=0.01
Epoch: 0, Train Loss: 6.78, Validation Loss: 14.20, Learning Rate: 0.001
Epoch: 1, Train Loss: 3.81, Validation Loss: 11.20, Learning Rate: 0.001
Epoch: 2, Train Loss: 3.53, Validation Loss: 9.40, Learning Rate: 0.001
Epoch: 3, Train Loss: 2.95, Validation Loss: 11.66, Learning Rate: 0.001
Epoch: 4, Train Loss: 3.37, Validation Loss: 12.57, Learning Rate: 0.001
Epoch: 5, Train Loss: 3.86, Validation Loss: 15.67, Learning Rate: 0.001
Epoch: 6, Train Loss: 3.72, Validation Loss: 11.98, Learning Rate: 0.001
Epoch: 7, Train Loss: 2.85, Validation Loss: 10.43, Learning Rate: 0.001
Epoch: 8, Train Loss: 2.47, Validation Loss: 10.93, Learning Rate: 0.001
Epoch: 9, Train Loss: 2.91, Validation Loss: 15.35, Learning Rate: 0.001
Epoch: 10, Train Loss: 3.91, Validation Loss: 13.54, Learning Rate: 0.001
Epoch: 11, Train Loss: 4.17, Validation Loss: 14.09, Learning Rate: 0.001
Epoch: 12, Train Loss: 4.08, Validation Loss: 11.13, Learning Rate: 0.001
Epoch: 13, Train Loss: 3.26, Validation Loss: 10.41, Learning Rate: 0.001
Epoch: 14, Train Loss: 2.72, Validation Loss: 9.54, Learning Rate: 0.001
Epoch: 15, Train Loss: 2.84, Validation Loss: 9.43, Learning Rate: 0.001
Epoch: 16, Train Loss: 2.47, Validation Loss: 10.66, Learning Rate: 0.001
Epoch: 17, Train Loss: 3.93, Validation Loss: 11.87, Learning Rate: 0.001
Epoch: 18, Train Loss: 4.29, Validation Loss: 11.51, Learning Rate: 0.001
Epoch: 19, Train Loss: 2.99, Validation Loss: 11.47, Learning Rate: 0.001
Epoch: 20, Train Loss: 3.05, Validation Loss: 11.11, Learning Rate: 0.001
Epoch: 21, Train Loss: 2.94, Validation Loss: 10.81, Learning Rate: 0.001
Epoch: 22, Train Loss: 2.56, Validation Loss: 10.07, Learning Rate: 0.001
Epoch: 23, Train Loss: 2.37, Validation Loss: 9.63, Learning Rate: 0.001
Epoch: 24, Train Loss: 2.22, Validation Loss: 9.35, Learning Rate: 0.001
Epoch: 25, Train Loss: 2.16, Validation Loss: 9.14, Learning Rate: 0.001
Epoch: 26, Train Loss: 2.11, Validation Loss: 9.55, Learning Rate: 0.001
Epoch: 27, Train Loss: 2.73, Validation Loss: 9.90, Learning Rate: 0.001
Epoch: 28, Train Loss: 2.50, Validation Loss: 8.74, Learning Rate: 0.001
Epoch: 29, Train Loss: 2.20, Validation Loss: 8.70, Learning Rate: 0.001
Epoch: 30, Train Loss: 2.82, Validation Loss: 9.02, Learning Rate: 0.001
Epoch: 31, Train Loss: 2.31, Validation Loss: 8.53, Learning Rate: 0.001
Epoch: 32, Train Loss: 2.12, Validation Loss: 7.85, Learning Rate: 0.001
Epoch: 33, Train Loss: 2.11, Validation Loss: 7.86, Learning Rate: 0.001
Epoch: 34, Train Loss: 2.03, Validation Loss: 7.35, Learning Rate: 0.001
Epoch: 35, Train Loss: 2.02, Validation Loss: 7.55, Learning Rate: 0.001
Epoch: 36, Train Loss: 2.25, Validation Loss: 7.67, Learning Rate: 0.001
Epoch: 37, Train Loss: 2.16, Validation Loss: 7.09, Learning Rate: 0.001
Epoch: 38, Train Loss: 2.23, Validation Loss: 8.17, Learning Rate: 0.001
Epoch: 39, Train Loss: 3.57, Validation Loss: 9.95, Learning Rate: 0.001
Epoch: 40, Train Loss: 2.94, Validation Loss: 11.53, Learning Rate: 0.001
Epoch: 41, Train Loss: 3.54, Validation Loss: 9.94, Learning Rate: 0.001
Epoch: 42, Train Loss: 2.75, Validation Loss: 10.43, Learning Rate: 0.001
Epoch: 43, Train Loss: 2.97, Validation Loss: 13.08, Learning Rate: 0.001
Epoch: 44, Train Loss: 2.90, Validation Loss: 9.67, Learning Rate: 0.001
Epoch: 45, Train Loss: 3.64, Validation Loss: 6.93, Learning Rate: 0.001
Epoch: 46, Train Loss: 2.56, Validation Loss: 6.87, Learning Rate: 0.001
Epoch: 47, Train Loss: 2.33, Validation Loss: 6.46, Learning Rate: 0.001
Epoch: 48, Train Loss: 2.33, Validation Loss: 6.15, Learning Rate: 0.001
Epoch: 49, Train Loss: 2.09, Validation Loss: 5.86, Learning Rate: 0.001
Epoch: 50, Train Loss: 2.23, Validation Loss: 5.73, Learning Rate: 0.001
Epoch: 51, Train Loss: 2.12, Validation Loss: 5.71, Learning Rate: 0.001
Epoch: 52, Train Loss: 2.46, Validation Loss: 6.46, Learning Rate: 0.001
Epoch: 53, Train Loss: 2.28, Validation Loss: 6.18, Learning Rate: 0.001
Epoch: 54, Train Loss: 2.13, Validation Loss: 6.02, Learning Rate: 0.001
Epoch: 55, Train Loss: 1.96, Validation Loss: 5.82, Learning Rate: 0.001
Epoch: 56, Train Loss: 2.06, Validation Loss: 5.80, Learning Rate: 0.001
Epoch: 57, Train Loss: 2.30, Validation Loss: 6.00, Learning Rate: 0.001
Epoch: 58, Train Loss: 2.08, Validation Loss: 5.71, Learning Rate: 0.001
Epoch: 59, Train Loss: 2.16, Validation Loss: 5.96, Learning Rate: 0.001
Epoch: 60, Train Loss: 2.41, Validation Loss: 5.97, Learning Rate: 0.001
Epoch: 61, Train Loss: 2.85, Validation Loss: 7.84, Learning Rate: 0.001
Epoch: 62, Train Loss: 2.24, Validation Loss: 6.90, Learning Rate: 0.001
Epoch: 63, Train Loss: 2.22, Validation Loss: 6.73, Learning Rate: 0.001
Epoch: 64, Train Loss: 2.35, Validation Loss: 6.34, Learning Rate: 0.001
Epoch: 65, Train Loss: 2.10, Validation Loss: 6.07, Learning Rate: 0.001
Epoch: 66, Train Loss: 2.15, Validation Loss: 5.91, Learning Rate: 0.001
Epoch: 67, Train Loss: 2.96, Validation Loss: 7.81, Learning Rate: 0.001
Epoch: 68, Train Loss: 2.77, Validation Loss: 7.50, Learning Rate: 0.001
Epoch: 69, Train Loss: 2.41, Validation Loss: 6.77, Learning Rate: 0.001
Epoch: 70, Train Loss: 2.30, Validation Loss: 5.77, Learning Rate: 0.001
Epoch: 71, Train Loss: 2.08, Validation Loss: 5.86, Learning Rate: 0.001
Epoch: 72, Train Loss: 2.38, Validation Loss: 6.32, Learning Rate: 0.001
Epoch: 73, Train Loss: 1.99, Validation Loss: 6.01, Learning Rate: 0.001
Epoch: 74, Train Loss: 2.45, Validation Loss: 7.28, Learning Rate: 0.001
Epoch: 75, Train Loss: 3.31, Validation Loss: 6.74, Learning Rate: 0.001
Epoch: 76, Train Loss: 2.34, Validation Loss: 6.41, Learning Rate: 0.001
Epoch: 77, Train Loss: 2.99, Validation Loss: 8.75, Learning Rate: 0.001
Epoch: 78, Train Loss: 2.63, Validation Loss: 8.52, Learning Rate: 0.001
Epoch: 79, Train Loss: 2.16, Validation Loss: 8.15, Learning Rate: 0.001
Epoch: 80, Train Loss: 2.41, Validation Loss: 8.19, Learning Rate: 0.001
Epoch: 81, Train Loss: 2.44, Validation Loss: 7.53, Learning Rate: 0.001
Epoch: 82, Train Loss: 2.45, Validation Loss: 7.48, Learning Rate: 0.001
Epoch: 83, Train Loss: 2.11, Validation Loss: 6.64, Learning Rate: 0.001
Epoch: 84, Train Loss: 2.04, Validation Loss: 6.78, Learning Rate: 0.001
Epoch: 85, Train Loss: 2.62, Validation Loss: 7.36, Learning Rate: 0.001
Epoch: 86, Train Loss: 2.43, Validation Loss: 7.32, Learning Rate: 0.001
Epoch: 87, Train Loss: 2.13, Validation Loss: 6.74, Learning Rate: 0.001
Epoch: 88, Train Loss: 2.01, Validation Loss: 6.50, Learning Rate: 0.001
Epoch: 89, Train Loss: 2.25, Validation Loss: 6.38, Learning Rate: 0.001
Epoch: 90, Train Loss: 2.82, Validation Loss: 7.80, Learning Rate: 0.001
Epoch: 91, Train Loss: 2.18, Validation Loss: 6.80, Learning Rate: 0.001
Epoch: 92, Train Loss: 2.04, Validation Loss: 6.47, Learning Rate: 0.001
Epoch: 93, Train Loss: 1.97, Validation Loss: 6.19, Learning Rate: 0.001
Epoch: 94, Train Loss: 1.90, Validation Loss: 6.01, Learning Rate: 0.001
Epoch: 95, Train Loss: 2.25, Validation Loss: 6.27, Learning Rate: 0.001
Epoch: 96, Train Loss: 2.05, Validation Loss: 6.09, Learning Rate: 0.001
Epoch: 97, Train Loss: 2.80, Validation Loss: 7.18, Learning Rate: 0.001
Epoch: 98, Train Loss: 2.28, Validation Loss: 6.53, Learning Rate: 0.001
Epoch: 99, Train Loss: 2.18, Validation Loss: 6.36, Learning Rate: 0.001
torch.Size([20])
Mean Euclidean Distance: 19.135574340820312
Max Euclidean Distance: 52.594024658203125
Min Euclidean Distance: 5.287787914276123
torch.Size([20])
Mean Euclidean Distance: 337.2251892089844
Max Euclidean Distance: 490.30401611328125
Min Euclidean Distance: 174.7891082763672
torch.Size([20])
Mean cosine similarity: 0.9964985251426697
Min: 0.980791449546814
Max: 0.9998635053634644
torch.Size([20])
Mean cosine similarity: 0.2642242908477783
Min: -0.24562814831733704
Max: 0.9917415380477905
Mean Cosine similarity: 0.988666335056568
Negative Mean Cosine similarity: 0.354455043529642
Mean Variance of Embeddings 45.572853351461475
[W 2025-04-12 09:52:01,151] Trial 3 failed with parameters: {'lr': 0.001, 'latent_dim': 128, 'lambd': 0.01} because of the following error: The value None could not be cast to float..
[W 2025-04-12 09:52:01,151] Trial 3 failed with value None.
lr=0.0001_latent_dim=128_lambd=0.001
Epoch: 0, Train Loss: 3.92, Validation Loss: 11.85, Learning Rate: 0.0001
Epoch: 1, Train Loss: 1.52, Validation Loss: 10.46, Learning Rate: 0.0001
Epoch: 2, Train Loss: 1.09, Validation Loss: 9.71, Learning Rate: 0.0001
Epoch: 3, Train Loss: 0.98, Validation Loss: 9.01, Learning Rate: 0.0001
Epoch: 4, Train Loss: 0.88, Validation Loss: 8.28, Learning Rate: 0.0001
Epoch: 5, Train Loss: 0.70, Validation Loss: 8.03, Learning Rate: 0.0001
Epoch: 6, Train Loss: 0.70, Validation Loss: 7.80, Learning Rate: 0.0001
Epoch: 7, Train Loss: 0.75, Validation Loss: 7.48, Learning Rate: 0.0001
Epoch: 8, Train Loss: 0.74, Validation Loss: 8.38, Learning Rate: 0.0001
Epoch: 9, Train Loss: 0.57, Validation Loss: 8.39, Learning Rate: 0.0001
Epoch: 10, Train Loss: 0.51, Validation Loss: 8.12, Learning Rate: 0.0001
Epoch: 11, Train Loss: 0.50, Validation Loss: 7.97, Learning Rate: 0.0001
Epoch: 12, Train Loss: 0.68, Validation Loss: 8.14, Learning Rate: 0.0001
Epoch: 13, Train Loss: 0.48, Validation Loss: 7.19, Learning Rate: 0.0001
Epoch: 14, Train Loss: 0.43, Validation Loss: 6.84, Learning Rate: 0.0001
Epoch: 15, Train Loss: 0.46, Validation Loss: 6.38, Learning Rate: 0.0001
Epoch: 16, Train Loss: 0.40, Validation Loss: 6.98, Learning Rate: 0.0001
Epoch: 17, Train Loss: 0.39, Validation Loss: 6.50, Learning Rate: 0.0001
Epoch: 18, Train Loss: 0.40, Validation Loss: 6.47, Learning Rate: 0.0001
Epoch: 19, Train Loss: 0.36, Validation Loss: 6.40, Learning Rate: 0.0001
Epoch: 20, Train Loss: 0.49, Validation Loss: 5.83, Learning Rate: 0.0001
Epoch: 21, Train Loss: 0.38, Validation Loss: 5.53, Learning Rate: 0.0001
Epoch: 22, Train Loss: 0.42, Validation Loss: 6.60, Learning Rate: 0.0001
Epoch: 23, Train Loss: 0.42, Validation Loss: 5.02, Learning Rate: 0.0001
Epoch: 24, Train Loss: 0.37, Validation Loss: 4.98, Learning Rate: 0.0001
Epoch: 25, Train Loss: 0.32, Validation Loss: 4.93, Learning Rate: 0.0001
Epoch: 26, Train Loss: 0.39, Validation Loss: 5.39, Learning Rate: 0.0001
Epoch: 27, Train Loss: 0.32, Validation Loss: 4.99, Learning Rate: 0.0001
Epoch: 28, Train Loss: 0.32, Validation Loss: 4.43, Learning Rate: 0.0001
Epoch: 29, Train Loss: 0.32, Validation Loss: 4.23, Learning Rate: 0.0001
Epoch: 30, Train Loss: 0.35, Validation Loss: 4.12, Learning Rate: 0.0001
Epoch: 31, Train Loss: 0.30, Validation Loss: 3.99, Learning Rate: 0.0001
Epoch: 32, Train Loss: 0.38, Validation Loss: 4.58, Learning Rate: 0.0001
Epoch: 33, Train Loss: 0.38, Validation Loss: 4.18, Learning Rate: 0.0001
Epoch: 34, Train Loss: 0.47, Validation Loss: 4.74, Learning Rate: 0.0001
Epoch: 35, Train Loss: 0.34, Validation Loss: 4.47, Learning Rate: 0.0001
Epoch: 36, Train Loss: 0.34, Validation Loss: 5.86, Learning Rate: 0.0001
Epoch: 37, Train Loss: 0.57, Validation Loss: 7.94, Learning Rate: 0.0001
Epoch: 38, Train Loss: 0.43, Validation Loss: 7.10, Learning Rate: 0.0001
Epoch: 39, Train Loss: 0.35, Validation Loss: 6.92, Learning Rate: 0.0001
Epoch: 40, Train Loss: 0.34, Validation Loss: 5.64, Learning Rate: 0.0001
Epoch: 41, Train Loss: 0.36, Validation Loss: 5.00, Learning Rate: 0.0001
Epoch: 42, Train Loss: 0.39, Validation Loss: 5.04, Learning Rate: 0.0001
Epoch: 43, Train Loss: 0.32, Validation Loss: 4.60, Learning Rate: 0.0001
Epoch: 44, Train Loss: 0.29, Validation Loss: 4.36, Learning Rate: 0.0001
Epoch: 45, Train Loss: 0.28, Validation Loss: 4.46, Learning Rate: 0.0001
Epoch: 46, Train Loss: 0.27, Validation Loss: 3.78, Learning Rate: 0.0001
Epoch: 47, Train Loss: 0.43, Validation Loss: 3.74, Learning Rate: 0.0001
Epoch: 48, Train Loss: 0.34, Validation Loss: 4.65, Learning Rate: 0.0001
Epoch: 49, Train Loss: 0.48, Validation Loss: 7.01, Learning Rate: 0.0001
Epoch: 50, Train Loss: 0.35, Validation Loss: 5.99, Learning Rate: 0.0001
Epoch: 51, Train Loss: 0.31, Validation Loss: 4.56, Learning Rate: 0.0001
Epoch: 52, Train Loss: 0.43, Validation Loss: 3.79, Learning Rate: 0.0001
Epoch: 53, Train Loss: 0.33, Validation Loss: 4.51, Learning Rate: 0.0001
Epoch: 54, Train Loss: 0.68, Validation Loss: 6.50, Learning Rate: 0.0001
Epoch: 55, Train Loss: 0.77, Validation Loss: 3.91, Learning Rate: 0.0001
Epoch: 56, Train Loss: 0.75, Validation Loss: 4.05, Learning Rate: 0.0001
Epoch: 57, Train Loss: 0.48, Validation Loss: 3.80, Learning Rate: 0.0001
Epoch: 58, Train Loss: 0.41, Validation Loss: 3.50, Learning Rate: 0.0001
Epoch: 59, Train Loss: 0.38, Validation Loss: 3.65, Learning Rate: 0.0001
Epoch: 60, Train Loss: 0.36, Validation Loss: 3.33, Learning Rate: 0.0001
Epoch: 61, Train Loss: 0.39, Validation Loss: 4.78, Learning Rate: 0.0001
Epoch: 62, Train Loss: 0.62, Validation Loss: 3.69, Learning Rate: 0.0001
Epoch: 63, Train Loss: 0.42, Validation Loss: 3.40, Learning Rate: 0.0001
Epoch: 64, Train Loss: 0.36, Validation Loss: 3.20, Learning Rate: 0.0001
Epoch: 65, Train Loss: 0.34, Validation Loss: 3.19, Learning Rate: 0.0001
Epoch: 66, Train Loss: 0.32, Validation Loss: 3.10, Learning Rate: 0.0001
Epoch: 67, Train Loss: 0.39, Validation Loss: 3.65, Learning Rate: 0.0001
Epoch: 68, Train Loss: 0.62, Validation Loss: 3.94, Learning Rate: 0.0001
Epoch: 69, Train Loss: 0.48, Validation Loss: 4.22, Learning Rate: 0.0001
Epoch: 70, Train Loss: 0.40, Validation Loss: 3.61, Learning Rate: 0.0001
Epoch: 71, Train Loss: 0.38, Validation Loss: 3.03, Learning Rate: 0.0001
Epoch: 72, Train Loss: 0.34, Validation Loss: 3.00, Learning Rate: 0.0001
Epoch: 73, Train Loss: 0.32, Validation Loss: 2.86, Learning Rate: 0.0001
Epoch: 74, Train Loss: 0.30, Validation Loss: 2.80, Learning Rate: 0.0001
Epoch: 75, Train Loss: 0.29, Validation Loss: 2.67, Learning Rate: 0.0001
Epoch: 76, Train Loss: 0.29, Validation Loss: 2.70, Learning Rate: 0.0001
Epoch: 77, Train Loss: 0.31, Validation Loss: 2.81, Learning Rate: 0.0001
Epoch: 78, Train Loss: 0.28, Validation Loss: 2.86, Learning Rate: 0.0001
Epoch: 79, Train Loss: 0.27, Validation Loss: 2.86, Learning Rate: 0.0001
Epoch: 80, Train Loss: 0.29, Validation Loss: 2.78, Learning Rate: 0.0001
Epoch: 81, Train Loss: 0.26, Validation Loss: 2.99, Learning Rate: 0.0001
Epoch: 82, Train Loss: 0.26, Validation Loss: 2.93, Learning Rate: 0.0001
Epoch: 83, Train Loss: 0.26, Validation Loss: 2.75, Learning Rate: 0.0001
Epoch: 84, Train Loss: 0.25, Validation Loss: 2.80, Learning Rate: 0.0001
Epoch: 85, Train Loss: 0.26, Validation Loss: 2.94, Learning Rate: 0.0001
Epoch: 86, Train Loss: 0.25, Validation Loss: 2.80, Learning Rate: 0.0001
Epoch: 87, Train Loss: 0.26, Validation Loss: 2.59, Learning Rate: 0.0001
Epoch: 88, Train Loss: 0.42, Validation Loss: 2.93, Learning Rate: 0.0001
Epoch: 89, Train Loss: 0.55, Validation Loss: 2.75, Learning Rate: 0.0001
Epoch: 90, Train Loss: 0.39, Validation Loss: 2.60, Learning Rate: 0.0001
Epoch: 91, Train Loss: 0.34, Validation Loss: 2.56, Learning Rate: 0.0001
Epoch: 92, Train Loss: 0.32, Validation Loss: 2.22, Learning Rate: 0.0001
Epoch: 93, Train Loss: 0.30, Validation Loss: 2.14, Learning Rate: 0.0001
Epoch: 94, Train Loss: 0.29, Validation Loss: 2.18, Learning Rate: 0.0001
Epoch: 95, Train Loss: 0.29, Validation Loss: 2.35, Learning Rate: 0.0001
Epoch: 96, Train Loss: 0.34, Validation Loss: 2.07, Learning Rate: 0.0001
Epoch: 97, Train Loss: 0.30, Validation Loss: 2.49, Learning Rate: 0.0001
Epoch: 98, Train Loss: 0.48, Validation Loss: 3.66, Learning Rate: 0.0001
Epoch: 99, Train Loss: 0.33, Validation Loss: 3.31, Learning Rate: 0.0001
torch.Size([20])
Mean Euclidean Distance: 2.3283050060272217
Max Euclidean Distance: 5.2795915603637695
Min Euclidean Distance: 0.6841720342636108
torch.Size([20])
Mean Euclidean Distance: 51.19434356689453
Max Euclidean Distance: 91.54672241210938
Min Euclidean Distance: 20.132909774780273
torch.Size([20])
Mean cosine similarity: 0.9978088736534119
Min: 0.9938963651657104
Max: 0.9998950362205505
torch.Size([20])
Mean cosine similarity: 0.36738312244415283
Min: -0.16304174065589905
Max: 0.9998123049736023
Mean Cosine similarity: 0.986543293656974
Negative Mean Cosine similarity: 0.4390976192622349
Mean Variance of Embeddings 1.043260779874078
[W 2025-04-12 10:07:08,856] Trial 4 failed with parameters: {'lr': 0.0001, 'latent_dim': 128, 'lambd': 0.001} because of the following error: The value None could not be cast to float..
[W 2025-04-12 10:07:08,856] Trial 4 failed with value None.
lr=0.0001_latent_dim=128_lambd=0.1
Epoch: 0, Train Loss: 44.77, Validation Loss: 74.76, Learning Rate: 0.0001
Epoch: 1, Train Loss: 32.12, Validation Loss: 70.98, Learning Rate: 0.0001
Epoch: 2, Train Loss: 28.81, Validation Loss: 68.57, Learning Rate: 0.0001
Epoch: 3, Train Loss: 27.52, Validation Loss: 66.87, Learning Rate: 0.0001
Epoch: 4, Train Loss: 25.27, Validation Loss: 67.80, Learning Rate: 0.0001
Epoch: 5, Train Loss: 24.24, Validation Loss: 66.50, Learning Rate: 0.0001
Epoch: 6, Train Loss: 23.42, Validation Loss: 65.07, Learning Rate: 0.0001
Epoch: 7, Train Loss: 22.78, Validation Loss: 65.13, Learning Rate: 0.0001
Epoch: 8, Train Loss: 23.61, Validation Loss: 65.15, Learning Rate: 0.0001
Epoch: 9, Train Loss: 23.68, Validation Loss: 62.10, Learning Rate: 0.0001
Epoch: 10, Train Loss: 21.98, Validation Loss: 61.77, Learning Rate: 0.0001
Epoch: 11, Train Loss: 22.68, Validation Loss: 60.55, Learning Rate: 0.0001
Epoch: 12, Train Loss: 21.02, Validation Loss: 59.71, Learning Rate: 0.0001
Epoch: 13, Train Loss: 21.03, Validation Loss: 58.92, Learning Rate: 0.0001
Epoch: 14, Train Loss: 20.00, Validation Loss: 58.91, Learning Rate: 0.0001
Epoch: 15, Train Loss: 20.44, Validation Loss: 58.18, Learning Rate: 0.0001
Epoch: 16, Train Loss: 20.27, Validation Loss: 57.40, Learning Rate: 0.0001
Epoch: 17, Train Loss: 20.17, Validation Loss: 57.82, Learning Rate: 0.0001
Epoch: 18, Train Loss: 21.10, Validation Loss: 56.77, Learning Rate: 0.0001
Epoch: 19, Train Loss: 21.05, Validation Loss: 56.20, Learning Rate: 0.0001
Epoch: 20, Train Loss: 19.82, Validation Loss: 56.88, Learning Rate: 0.0001
Epoch: 21, Train Loss: 20.11, Validation Loss: 56.12, Learning Rate: 0.0001
Epoch: 22, Train Loss: 20.65, Validation Loss: 56.44, Learning Rate: 0.0001
Epoch: 23, Train Loss: 19.94, Validation Loss: 54.39, Learning Rate: 0.0001
Epoch: 24, Train Loss: 19.18, Validation Loss: 55.53, Learning Rate: 0.0001
Epoch: 25, Train Loss: 19.18, Validation Loss: 54.79, Learning Rate: 0.0001
Epoch: 26, Train Loss: 19.18, Validation Loss: 55.14, Learning Rate: 0.0001
Epoch: 27, Train Loss: 19.14, Validation Loss: 55.04, Learning Rate: 0.0001
Epoch: 28, Train Loss: 19.91, Validation Loss: 55.41, Learning Rate: 0.0001
Epoch: 29, Train Loss: 18.61, Validation Loss: 53.93, Learning Rate: 0.0001
Epoch: 30, Train Loss: 18.06, Validation Loss: 53.58, Learning Rate: 0.0001
Epoch: 31, Train Loss: 18.21, Validation Loss: 53.85, Learning Rate: 0.0001
Epoch: 32, Train Loss: 18.19, Validation Loss: 53.49, Learning Rate: 0.0001
Epoch: 33, Train Loss: 18.86, Validation Loss: 53.54, Learning Rate: 0.0001
Epoch: 34, Train Loss: 17.84, Validation Loss: 52.60, Learning Rate: 0.0001
Epoch: 35, Train Loss: 18.74, Validation Loss: 52.43, Learning Rate: 0.0001
Epoch: 36, Train Loss: 17.75, Validation Loss: 51.88, Learning Rate: 0.0001
Epoch: 37, Train Loss: 17.90, Validation Loss: 51.76, Learning Rate: 0.0001
Epoch: 38, Train Loss: 18.21, Validation Loss: 51.62, Learning Rate: 0.0001
Epoch: 39, Train Loss: 18.36, Validation Loss: 50.52, Learning Rate: 0.0001
Epoch: 40, Train Loss: 18.84, Validation Loss: 51.52, Learning Rate: 0.0001
Epoch: 41, Train Loss: 18.63, Validation Loss: 51.56, Learning Rate: 0.0001
Epoch: 42, Train Loss: 18.20, Validation Loss: 50.77, Learning Rate: 0.0001
Epoch: 43, Train Loss: 18.08, Validation Loss: 51.16, Learning Rate: 0.0001
Epoch: 44, Train Loss: 18.41, Validation Loss: 48.67, Learning Rate: 0.0001
Epoch: 45, Train Loss: 18.31, Validation Loss: 48.67, Learning Rate: 0.0001
Epoch: 46, Train Loss: 17.77, Validation Loss: 48.04, Learning Rate: 0.0001
Epoch: 47, Train Loss: 17.48, Validation Loss: 48.44, Learning Rate: 0.0001
Epoch: 48, Train Loss: 17.93, Validation Loss: 47.70, Learning Rate: 0.0001
Epoch: 49, Train Loss: 17.71, Validation Loss: 47.18, Learning Rate: 0.0001
Epoch: 50, Train Loss: 17.23, Validation Loss: 46.83, Learning Rate: 0.0001
Epoch: 51, Train Loss: 17.15, Validation Loss: 47.71, Learning Rate: 0.0001
Epoch: 52, Train Loss: 16.98, Validation Loss: 47.59, Learning Rate: 0.0001
Epoch: 53, Train Loss: 17.01, Validation Loss: 46.71, Learning Rate: 0.0001
Epoch: 54, Train Loss: 17.16, Validation Loss: 47.13, Learning Rate: 0.0001
Epoch: 55, Train Loss: 17.66, Validation Loss: 47.19, Learning Rate: 0.0001
Epoch: 56, Train Loss: 18.29, Validation Loss: 45.63, Learning Rate: 0.0001
Epoch: 57, Train Loss: 17.08, Validation Loss: 46.85, Learning Rate: 0.0001
Epoch: 58, Train Loss: 17.55, Validation Loss: 45.91, Learning Rate: 0.0001
Epoch: 59, Train Loss: 18.87, Validation Loss: 44.98, Learning Rate: 0.0001
Epoch: 60, Train Loss: 17.79, Validation Loss: 45.13, Learning Rate: 0.0001
Epoch: 61, Train Loss: 17.26, Validation Loss: 45.85, Learning Rate: 0.0001
Epoch: 62, Train Loss: 17.47, Validation Loss: 44.04, Learning Rate: 0.0001
Epoch: 63, Train Loss: 17.44, Validation Loss: 44.71, Learning Rate: 0.0001
Epoch: 64, Train Loss: 17.24, Validation Loss: 45.21, Learning Rate: 0.0001
Epoch: 65, Train Loss: 17.08, Validation Loss: 44.70, Learning Rate: 0.0001
Epoch: 66, Train Loss: 17.22, Validation Loss: 44.19, Learning Rate: 0.0001
Epoch: 67, Train Loss: 17.36, Validation Loss: 43.99, Learning Rate: 0.0001
Epoch: 68, Train Loss: 17.23, Validation Loss: 43.89, Learning Rate: 0.0001
Epoch: 69, Train Loss: 16.97, Validation Loss: 43.60, Learning Rate: 0.0001
Epoch: 70, Train Loss: 17.03, Validation Loss: 42.27, Learning Rate: 0.0001
Epoch: 71, Train Loss: 17.16, Validation Loss: 42.05, Learning Rate: 0.0001
Epoch: 72, Train Loss: 17.08, Validation Loss: 42.59, Learning Rate: 0.0001
Epoch: 73, Train Loss: 16.76, Validation Loss: 42.98, Learning Rate: 0.0001
Epoch: 74, Train Loss: 17.29, Validation Loss: 42.81, Learning Rate: 0.0001
Epoch: 75, Train Loss: 16.63, Validation Loss: 43.05, Learning Rate: 0.0001
Epoch: 76, Train Loss: 18.27, Validation Loss: 43.38, Learning Rate: 0.0001
Epoch: 77, Train Loss: 17.86, Validation Loss: 42.03, Learning Rate: 0.0001
Epoch: 78, Train Loss: 17.16, Validation Loss: 41.53, Learning Rate: 0.0001
Epoch: 79, Train Loss: 17.51, Validation Loss: 41.43, Learning Rate: 0.0001
Epoch: 80, Train Loss: 17.06, Validation Loss: 40.63, Learning Rate: 0.0001
Epoch: 81, Train Loss: 16.71, Validation Loss: 41.14, Learning Rate: 0.0001
Epoch: 82, Train Loss: 16.88, Validation Loss: 40.75, Learning Rate: 0.0001
Epoch: 83, Train Loss: 16.52, Validation Loss: 40.96, Learning Rate: 0.0001
Epoch: 84, Train Loss: 17.83, Validation Loss: 40.00, Learning Rate: 0.0001
Epoch: 85, Train Loss: 16.75, Validation Loss: 39.61, Learning Rate: 0.0001
Epoch: 86, Train Loss: 17.66, Validation Loss: 40.79, Learning Rate: 0.0001
Epoch: 87, Train Loss: 16.70, Validation Loss: 39.63, Learning Rate: 0.0001
Epoch: 88, Train Loss: 16.59, Validation Loss: 39.11, Learning Rate: 0.0001
Epoch: 89, Train Loss: 16.39, Validation Loss: 38.80, Learning Rate: 0.0001
Epoch: 90, Train Loss: 16.74, Validation Loss: 39.18, Learning Rate: 0.0001
Epoch: 91, Train Loss: 16.18, Validation Loss: 38.77, Learning Rate: 0.0001
Epoch: 92, Train Loss: 16.61, Validation Loss: 38.79, Learning Rate: 0.0001
Epoch: 93, Train Loss: 16.48, Validation Loss: 40.00, Learning Rate: 0.0001
Epoch: 94, Train Loss: 16.57, Validation Loss: 38.98, Learning Rate: 0.0001
Epoch: 95, Train Loss: 16.31, Validation Loss: 39.17, Learning Rate: 0.0001
Epoch: 96, Train Loss: 16.23, Validation Loss: 39.56, Learning Rate: 0.0001
Epoch: 97, Train Loss: 16.48, Validation Loss: 40.29, Learning Rate: 0.0001
Epoch: 98, Train Loss: 16.49, Validation Loss: 40.19, Learning Rate: 0.0001
Epoch: 99, Train Loss: 16.84, Validation Loss: 39.85, Learning Rate: 0.0001
torch.Size([20])
Mean Euclidean Distance: 4.936496257781982
Max Euclidean Distance: 9.579379081726074
Min Euclidean Distance: 1.8538942337036133
torch.Size([20])
Mean Euclidean Distance: 40.913455963134766
Max Euclidean Distance: 48.735633850097656
Min Euclidean Distance: 26.152822494506836
torch.Size([20])
Mean cosine similarity: 0.9916366934776306
Min: 0.9745155572891235
Max: 0.998910129070282
torch.Size([20])
Mean cosine similarity: 0.481852263212204
Min: 0.24554969370365143
Max: 0.9947878122329712
Mean Cosine similarity: 0.9824595985741451
Negative Mean Cosine similarity: 0.531674364517475
Mean Variance of Embeddings 0.6656540755567879
[W 2025-04-12 10:22:18,055] Trial 5 failed with parameters: {'lr': 0.0001, 'latent_dim': 128, 'lambd': 0.1} because of the following error: The value None could not be cast to float..
[W 2025-04-12 10:22:18,055] Trial 5 failed with value None.
