lr=0.001_latent_dim=128_lambd=0.1
Epoch: 0, Train Loss: 54.39, Validation Loss: 69.83, Learning Rate: 0.001
Epoch: 1, Train Loss: 34.30, Validation Loss: 54.08, Learning Rate: 0.001
Epoch: 2, Train Loss: 28.42, Validation Loss: 49.29, Learning Rate: 0.001
Epoch: 3, Train Loss: 28.10, Validation Loss: 44.61, Learning Rate: 0.001
Epoch: 4, Train Loss: 28.21, Validation Loss: 43.14, Learning Rate: 0.001
Epoch: 5, Train Loss: 25.91, Validation Loss: 40.87, Learning Rate: 0.001
Epoch: 6, Train Loss: 26.07, Validation Loss: 41.50, Learning Rate: 0.001
Epoch: 7, Train Loss: 23.87, Validation Loss: 39.06, Learning Rate: 0.001
Epoch: 8, Train Loss: 24.03, Validation Loss: 36.31, Learning Rate: 0.001
Epoch: 9, Train Loss: 24.79, Validation Loss: 35.18, Learning Rate: 0.001
Epoch: 10, Train Loss: 23.21, Validation Loss: 32.98, Learning Rate: 0.001
Epoch: 11, Train Loss: 22.25, Validation Loss: 35.05, Learning Rate: 0.001
Epoch: 12, Train Loss: 20.66, Validation Loss: 31.89, Learning Rate: 0.001
Epoch: 13, Train Loss: 22.54, Validation Loss: 30.30, Learning Rate: 0.001
Epoch: 14, Train Loss: 21.08, Validation Loss: 27.75, Learning Rate: 0.001
Epoch: 15, Train Loss: 20.57, Validation Loss: 28.44, Learning Rate: 0.001
Epoch: 16, Train Loss: 20.10, Validation Loss: 25.77, Learning Rate: 0.001
Epoch: 17, Train Loss: 20.84, Validation Loss: 27.79, Learning Rate: 0.001
Epoch: 18, Train Loss: 20.78, Validation Loss: 28.74, Learning Rate: 0.001
Epoch: 19, Train Loss: 20.63, Validation Loss: 30.23, Learning Rate: 0.001
Epoch: 20, Train Loss: 21.30, Validation Loss: 31.81, Learning Rate: 0.001
Epoch: 21, Train Loss: 21.33, Validation Loss: 26.79, Learning Rate: 0.001
Epoch: 22, Train Loss: 19.50, Validation Loss: 25.79, Learning Rate: 0.001
Epoch: 23, Train Loss: 19.41, Validation Loss: 27.14, Learning Rate: 0.001
Epoch: 24, Train Loss: 18.52, Validation Loss: 26.13, Learning Rate: 0.001
Epoch: 25, Train Loss: 18.97, Validation Loss: 26.57, Learning Rate: 0.001
Epoch: 26, Train Loss: 18.78, Validation Loss: 26.34, Learning Rate: 0.001
Epoch: 27, Train Loss: 19.00, Validation Loss: 24.73, Learning Rate: 0.001
Epoch: 28, Train Loss: 18.56, Validation Loss: 25.16, Learning Rate: 0.001
Epoch: 29, Train Loss: 20.27, Validation Loss: 26.54, Learning Rate: 0.001
Epoch: 30, Train Loss: 20.23, Validation Loss: 26.69, Learning Rate: 0.001
Epoch: 31, Train Loss: 19.23, Validation Loss: 27.03, Learning Rate: 0.001
Epoch: 32, Train Loss: 18.87, Validation Loss: 26.51, Learning Rate: 0.001
Epoch: 33, Train Loss: 19.63, Validation Loss: 27.17, Learning Rate: 0.001
Epoch: 34, Train Loss: 18.87, Validation Loss: 25.94, Learning Rate: 0.001
Epoch: 35, Train Loss: 20.14, Validation Loss: 27.52, Learning Rate: 0.001
Epoch: 36, Train Loss: 20.37, Validation Loss: 28.94, Learning Rate: 0.001
Epoch: 37, Train Loss: 20.88, Validation Loss: 26.19, Learning Rate: 0.001
Epoch: 38, Train Loss: 21.43, Validation Loss: 25.73, Learning Rate: 0.001
Epoch: 39, Train Loss: 19.68, Validation Loss: 25.57, Learning Rate: 0.001
Epoch: 40, Train Loss: 19.68, Validation Loss: 25.91, Learning Rate: 0.001
Epoch: 41, Train Loss: 18.47, Validation Loss: 25.65, Learning Rate: 0.001
Epoch: 42, Train Loss: 18.71, Validation Loss: 25.17, Learning Rate: 0.001
Epoch: 43, Train Loss: 19.98, Validation Loss: 23.70, Learning Rate: 0.001
Epoch: 44, Train Loss: 18.72, Validation Loss: 23.96, Learning Rate: 0.001
Epoch: 45, Train Loss: 17.96, Validation Loss: 24.25, Learning Rate: 0.001
Epoch: 46, Train Loss: 18.59, Validation Loss: 24.12, Learning Rate: 0.001
Epoch: 47, Train Loss: 17.66, Validation Loss: 25.54, Learning Rate: 0.001
Epoch: 48, Train Loss: 18.67, Validation Loss: 25.52, Learning Rate: 0.001
Epoch: 49, Train Loss: 18.26, Validation Loss: 23.18, Learning Rate: 0.001
Epoch: 50, Train Loss: 19.81, Validation Loss: 24.02, Learning Rate: 0.001
Epoch: 51, Train Loss: 18.30, Validation Loss: 22.18, Learning Rate: 0.001
Epoch: 52, Train Loss: 18.10, Validation Loss: 21.92, Learning Rate: 0.001
Epoch: 53, Train Loss: 17.86, Validation Loss: 21.68, Learning Rate: 0.001
Epoch: 54, Train Loss: 17.61, Validation Loss: 20.99, Learning Rate: 0.001
Epoch: 55, Train Loss: 17.44, Validation Loss: 20.15, Learning Rate: 0.001
Epoch: 56, Train Loss: 18.61, Validation Loss: 22.72, Learning Rate: 0.001
Epoch: 57, Train Loss: 21.01, Validation Loss: 23.12, Learning Rate: 0.001
Epoch: 58, Train Loss: 18.76, Validation Loss: 21.11, Learning Rate: 0.001
Epoch: 59, Train Loss: 17.99, Validation Loss: 21.76, Learning Rate: 0.001
Epoch: 60, Train Loss: 18.68, Validation Loss: 21.17, Learning Rate: 0.001
Epoch: 61, Train Loss: 18.08, Validation Loss: 20.85, Learning Rate: 0.001
Epoch: 62, Train Loss: 18.28, Validation Loss: 22.16, Learning Rate: 0.001
Epoch: 63, Train Loss: 17.68, Validation Loss: 21.92, Learning Rate: 0.001
Epoch: 64, Train Loss: 18.37, Validation Loss: 21.76, Learning Rate: 0.001
Epoch: 65, Train Loss: 17.16, Validation Loss: 22.15, Learning Rate: 0.001
Epoch: 66, Train Loss: 17.86, Validation Loss: 20.63, Learning Rate: 0.001
Epoch: 67, Train Loss: 17.16, Validation Loss: 20.44, Learning Rate: 0.001
Epoch: 68, Train Loss: 17.57, Validation Loss: 20.83, Learning Rate: 0.001
Epoch: 69, Train Loss: 17.39, Validation Loss: 20.49, Learning Rate: 0.001
Epoch: 70, Train Loss: 17.49, Validation Loss: 21.72, Learning Rate: 0.001
Epoch: 71, Train Loss: 16.92, Validation Loss: 20.99, Learning Rate: 0.001
Epoch: 72, Train Loss: 16.95, Validation Loss: 21.35, Learning Rate: 0.001
Epoch: 73, Train Loss: 16.53, Validation Loss: 21.56, Learning Rate: 0.001
Epoch: 74, Train Loss: 16.58, Validation Loss: 21.43, Learning Rate: 0.001
Epoch: 75, Train Loss: 17.33, Validation Loss: 20.61, Learning Rate: 0.001
Epoch: 76, Train Loss: 16.32, Validation Loss: 20.18, Learning Rate: 0.001
Epoch: 77, Train Loss: 16.90, Validation Loss: 20.62, Learning Rate: 0.001
Epoch: 78, Train Loss: 16.96, Validation Loss: 20.66, Learning Rate: 0.001
Epoch: 79, Train Loss: 17.69, Validation Loss: 22.15, Learning Rate: 0.001
Epoch: 80, Train Loss: 18.58, Validation Loss: 21.69, Learning Rate: 0.001
Epoch: 81, Train Loss: 18.47, Validation Loss: 21.38, Learning Rate: 0.001
Epoch: 82, Train Loss: 17.56, Validation Loss: 21.37, Learning Rate: 0.001
Epoch: 83, Train Loss: 16.95, Validation Loss: 21.03, Learning Rate: 0.001
Epoch: 84, Train Loss: 17.16, Validation Loss: 21.14, Learning Rate: 0.001
Epoch: 85, Train Loss: 17.31, Validation Loss: 22.49, Learning Rate: 0.001
Epoch: 86, Train Loss: 19.07, Validation Loss: 24.52, Learning Rate: 0.001
Epoch: 87, Train Loss: 17.36, Validation Loss: 23.17, Learning Rate: 0.001
Epoch: 88, Train Loss: 16.82, Validation Loss: 22.60, Learning Rate: 0.001
Epoch: 89, Train Loss: 16.20, Validation Loss: 21.86, Learning Rate: 0.001
Epoch: 90, Train Loss: 17.25, Validation Loss: 22.11, Learning Rate: 0.001
Epoch: 91, Train Loss: 16.40, Validation Loss: 22.74, Learning Rate: 0.001
Epoch: 92, Train Loss: 16.89, Validation Loss: 22.47, Learning Rate: 0.001
Epoch: 93, Train Loss: 16.66, Validation Loss: 21.33, Learning Rate: 0.001
Epoch: 94, Train Loss: 17.04, Validation Loss: 21.34, Learning Rate: 0.001
Epoch: 95, Train Loss: 16.84, Validation Loss: 21.59, Learning Rate: 0.001
Epoch: 96, Train Loss: 16.24, Validation Loss: 21.93, Learning Rate: 0.001
Epoch: 97, Train Loss: 15.94, Validation Loss: 21.76, Learning Rate: 0.001
Epoch: 98, Train Loss: 16.28, Validation Loss: 21.91, Learning Rate: 0.001
Epoch: 99, Train Loss: 16.78, Validation Loss: 22.77, Learning Rate: 0.001
torch.Size([20])
Mean Euclidean Distance: 21.526874542236328
Max Euclidean Distance: 47.14849853515625
Min Euclidean Distance: 9.194464683532715
torch.Size([20])
Mean Euclidean Distance: 228.64321899414062
Max Euclidean Distance: 311.8009948730469
Min Euclidean Distance: 14.90279483795166
torch.Size([20])
Mean cosine similarity: 0.9963420033454895
Min: 0.9882093071937561
Max: 0.9994882345199585
torch.Size([20])
Mean cosine similarity: 0.5565590262413025
Min: 0.17251721024513245
Max: 0.8295193314552307
Mean Cosine similarity: 0.9929805932373836
Negative Mean Cosine similarity: 0.5925802300716269
Mean Variance of Embeddings 30.905515276152514
lr=0.001_latent_dim=128_lambd=0.001
Epoch: 0, Train Loss: 2.12, Validation Loss: 4.75, Learning Rate: 0.001
Epoch: 1, Train Loss: 0.62, Validation Loss: 6.33, Learning Rate: 0.001
Epoch: 2, Train Loss: 0.55, Validation Loss: 3.59, Learning Rate: 0.001
Epoch: 3, Train Loss: 0.44, Validation Loss: 4.09, Learning Rate: 0.001
Epoch: 4, Train Loss: 0.36, Validation Loss: 3.24, Learning Rate: 0.001
Epoch: 5, Train Loss: 0.32, Validation Loss: 3.77, Learning Rate: 0.001
Epoch: 6, Train Loss: 0.29, Validation Loss: 3.83, Learning Rate: 0.001
Epoch: 7, Train Loss: 0.28, Validation Loss: 3.17, Learning Rate: 0.001
Epoch: 8, Train Loss: 0.27, Validation Loss: 5.70, Learning Rate: 0.001
Epoch: 9, Train Loss: 0.66, Validation Loss: 12.97, Learning Rate: 0.001
Epoch: 10, Train Loss: 0.77, Validation Loss: 8.21, Learning Rate: 0.001
Epoch: 11, Train Loss: 0.74, Validation Loss: 3.64, Learning Rate: 0.001
Epoch: 12, Train Loss: 0.72, Validation Loss: 12.83, Learning Rate: 0.001
Epoch: 13, Train Loss: 1.03, Validation Loss: 7.94, Learning Rate: 0.001
Epoch: 14, Train Loss: 0.59, Validation Loss: 5.39, Learning Rate: 0.001
Epoch: 15, Train Loss: 0.46, Validation Loss: 3.59, Learning Rate: 0.001
Epoch: 16, Train Loss: 0.41, Validation Loss: 3.56, Learning Rate: 0.001
Epoch: 17, Train Loss: 0.39, Validation Loss: 3.48, Learning Rate: 0.001
Epoch: 18, Train Loss: 0.35, Validation Loss: 3.38, Learning Rate: 0.001
Epoch: 19, Train Loss: 0.84, Validation Loss: 6.82, Learning Rate: 0.001
Epoch: 20, Train Loss: 0.88, Validation Loss: 3.62, Learning Rate: 0.001
Epoch: 21, Train Loss: 0.50, Validation Loss: 3.00, Learning Rate: 0.001
Epoch: 22, Train Loss: 0.60, Validation Loss: 2.95, Learning Rate: 0.001
Epoch: 23, Train Loss: 0.49, Validation Loss: 2.50, Learning Rate: 0.001
Epoch: 24, Train Loss: 0.40, Validation Loss: 2.53, Learning Rate: 0.001
Epoch: 25, Train Loss: 0.38, Validation Loss: 2.08, Learning Rate: 0.001
Epoch: 26, Train Loss: 0.40, Validation Loss: 3.52, Learning Rate: 0.001
Epoch: 27, Train Loss: 0.85, Validation Loss: 2.68, Learning Rate: 0.001
Epoch: 28, Train Loss: 0.51, Validation Loss: 2.45, Learning Rate: 0.001
Epoch: 29, Train Loss: 0.51, Validation Loss: 2.30, Learning Rate: 0.001
Epoch: 30, Train Loss: 0.70, Validation Loss: 2.42, Learning Rate: 0.001
Epoch: 31, Train Loss: 0.46, Validation Loss: 2.11, Learning Rate: 0.001
Epoch: 32, Train Loss: 0.41, Validation Loss: 2.02, Learning Rate: 0.001
Epoch: 33, Train Loss: 0.42, Validation Loss: 2.13, Learning Rate: 0.001
Epoch: 34, Train Loss: 0.61, Validation Loss: 3.45, Learning Rate: 0.001
Epoch: 35, Train Loss: 0.49, Validation Loss: 2.89, Learning Rate: 0.001
Epoch: 36, Train Loss: 0.81, Validation Loss: 2.60, Learning Rate: 0.001
Epoch: 37, Train Loss: 0.52, Validation Loss: 2.42, Learning Rate: 0.001
Epoch: 38, Train Loss: 0.45, Validation Loss: 2.47, Learning Rate: 0.001
Epoch: 39, Train Loss: 0.41, Validation Loss: 2.56, Learning Rate: 0.001
Epoch: 40, Train Loss: 0.39, Validation Loss: 2.36, Learning Rate: 0.001
Epoch: 41, Train Loss: 0.42, Validation Loss: 2.36, Learning Rate: 0.001
Epoch: 42, Train Loss: 0.36, Validation Loss: 2.23, Learning Rate: 0.001
Epoch: 43, Train Loss: 0.41, Validation Loss: 3.05, Learning Rate: 0.001
Epoch: 44, Train Loss: 0.50, Validation Loss: 2.30, Learning Rate: 0.001
Epoch: 45, Train Loss: 0.55, Validation Loss: 3.88, Learning Rate: 0.001
Epoch: 46, Train Loss: 0.45, Validation Loss: 2.99, Learning Rate: 0.001
Epoch: 47, Train Loss: 0.64, Validation Loss: 2.80, Learning Rate: 0.001
Epoch: 48, Train Loss: 0.75, Validation Loss: 2.21, Learning Rate: 0.001
Epoch: 49, Train Loss: 0.50, Validation Loss: 2.16, Learning Rate: 0.001
Epoch: 50, Train Loss: 0.43, Validation Loss: 2.20, Learning Rate: 0.001
Epoch: 51, Train Loss: 0.39, Validation Loss: 2.15, Learning Rate: 0.001
Epoch: 52, Train Loss: 0.39, Validation Loss: 2.10, Learning Rate: 0.001
Epoch: 53, Train Loss: 0.35, Validation Loss: 1.95, Learning Rate: 0.001
Epoch: 54, Train Loss: 0.33, Validation Loss: 1.98, Learning Rate: 0.001
Epoch: 55, Train Loss: 0.35, Validation Loss: 1.84, Learning Rate: 0.001
Epoch: 56, Train Loss: 0.33, Validation Loss: 1.78, Learning Rate: 0.001
Epoch: 57, Train Loss: 0.33, Validation Loss: 2.44, Learning Rate: 0.001
Epoch: 58, Train Loss: 0.62, Validation Loss: 2.63, Learning Rate: 0.001
Epoch: 59, Train Loss: 0.41, Validation Loss: 2.42, Learning Rate: 0.001
Epoch: 60, Train Loss: 0.37, Validation Loss: 2.24, Learning Rate: 0.001
Epoch: 61, Train Loss: 0.38, Validation Loss: 3.43, Learning Rate: 0.001
Epoch: 62, Train Loss: 0.48, Validation Loss: 4.05, Learning Rate: 0.001
Epoch: 63, Train Loss: 0.87, Validation Loss: 3.01, Learning Rate: 0.001
Epoch: 64, Train Loss: 0.66, Validation Loss: 2.31, Learning Rate: 0.001
Epoch: 65, Train Loss: 0.46, Validation Loss: 2.08, Learning Rate: 0.001
Epoch: 66, Train Loss: 0.39, Validation Loss: 1.91, Learning Rate: 0.001
Epoch: 67, Train Loss: 0.37, Validation Loss: 1.81, Learning Rate: 0.001
Epoch: 68, Train Loss: 0.35, Validation Loss: 1.69, Learning Rate: 0.001
Epoch: 69, Train Loss: 0.33, Validation Loss: 1.70, Learning Rate: 0.001
Epoch: 70, Train Loss: 0.33, Validation Loss: 1.75, Learning Rate: 0.001
Epoch: 71, Train Loss: 0.33, Validation Loss: 1.72, Learning Rate: 0.001
Epoch: 72, Train Loss: 0.30, Validation Loss: 1.76, Learning Rate: 0.001
Epoch: 73, Train Loss: 0.29, Validation Loss: 1.66, Learning Rate: 0.001
Epoch: 74, Train Loss: 0.29, Validation Loss: 1.61, Learning Rate: 0.001
Epoch: 75, Train Loss: 0.28, Validation Loss: 1.62, Learning Rate: 0.001
Epoch: 76, Train Loss: 0.27, Validation Loss: 1.72, Learning Rate: 0.001
Epoch: 77, Train Loss: 0.28, Validation Loss: 1.54, Learning Rate: 0.001
Epoch: 78, Train Loss: 0.54, Validation Loss: 2.64, Learning Rate: 0.001
Epoch: 79, Train Loss: 0.87, Validation Loss: 3.11, Learning Rate: 0.001
Epoch: 80, Train Loss: 0.92, Validation Loss: 3.72, Learning Rate: 0.001
Epoch: 81, Train Loss: 0.66, Validation Loss: 2.34, Learning Rate: 0.001
Epoch: 82, Train Loss: 0.93, Validation Loss: 2.38, Learning Rate: 0.001
Epoch: 83, Train Loss: 0.55, Validation Loss: 2.21, Learning Rate: 0.001
Epoch: 84, Train Loss: 0.47, Validation Loss: 2.13, Learning Rate: 0.001
Epoch: 85, Train Loss: 0.48, Validation Loss: 2.14, Learning Rate: 0.001
Epoch: 86, Train Loss: 0.41, Validation Loss: 2.06, Learning Rate: 0.001
Epoch: 87, Train Loss: 0.62, Validation Loss: 2.63, Learning Rate: 0.001
Epoch: 88, Train Loss: 0.46, Validation Loss: 2.49, Learning Rate: 0.001
Epoch: 89, Train Loss: 1.01, Validation Loss: 4.88, Learning Rate: 0.001
Epoch: 90, Train Loss: 0.60, Validation Loss: 3.83, Learning Rate: 0.001
Epoch: 91, Train Loss: 0.52, Validation Loss: 4.10, Learning Rate: 0.001
Epoch: 92, Train Loss: 0.83, Validation Loss: 6.38, Learning Rate: 0.001
Epoch: 93, Train Loss: 0.57, Validation Loss: 4.97, Learning Rate: 0.001
Epoch: 94, Train Loss: 0.48, Validation Loss: 4.59, Learning Rate: 0.001
Epoch: 95, Train Loss: 0.44, Validation Loss: 3.93, Learning Rate: 0.001
Epoch: 96, Train Loss: 0.43, Validation Loss: 3.39, Learning Rate: 0.001
Epoch: 97, Train Loss: 0.39, Validation Loss: 2.82, Learning Rate: 0.001
Epoch: 98, Train Loss: 0.37, Validation Loss: 2.50, Learning Rate: 0.001
Epoch: 99, Train Loss: 0.37, Validation Loss: 2.38, Learning Rate: 0.001
torch.Size([20])
Mean Euclidean Distance: 15.993636131286621
Max Euclidean Distance: 33.303619384765625
Min Euclidean Distance: 4.83162260055542
torch.Size([20])
Mean Euclidean Distance: 361.5875549316406
Max Euclidean Distance: 697.1050415039062
Min Euclidean Distance: 16.072065353393555
torch.Size([20])
Mean cosine similarity: 0.999133288860321
Min: 0.9951554536819458
Max: 0.9999932646751404
torch.Size([20])
Mean cosine similarity: 0.5861626863479614
Min: -0.08666707575321198
Max: 0.999921977519989
Mean Cosine similarity: 0.996076904494187
Negative Mean Cosine similarity: 0.6968575633805374
Mean Variance of Embeddings 56.632296068915004
lr=0.001_latent_dim=128_lambd=0.01
Epoch: 0, Train Loss: 6.78, Validation Loss: 14.20, Learning Rate: 0.001
Epoch: 1, Train Loss: 3.81, Validation Loss: 11.20, Learning Rate: 0.001
Epoch: 2, Train Loss: 3.53, Validation Loss: 9.40, Learning Rate: 0.001
Epoch: 3, Train Loss: 2.95, Validation Loss: 11.66, Learning Rate: 0.001
Epoch: 4, Train Loss: 3.37, Validation Loss: 12.57, Learning Rate: 0.001
Epoch: 5, Train Loss: 3.86, Validation Loss: 15.67, Learning Rate: 0.001
Epoch: 6, Train Loss: 3.72, Validation Loss: 11.98, Learning Rate: 0.001
Epoch: 7, Train Loss: 2.85, Validation Loss: 10.43, Learning Rate: 0.001
Epoch: 8, Train Loss: 2.47, Validation Loss: 10.93, Learning Rate: 0.001
Epoch: 9, Train Loss: 2.91, Validation Loss: 15.35, Learning Rate: 0.001
Epoch: 10, Train Loss: 3.91, Validation Loss: 13.54, Learning Rate: 0.001
Epoch: 11, Train Loss: 4.17, Validation Loss: 14.09, Learning Rate: 0.001
Epoch: 12, Train Loss: 4.08, Validation Loss: 11.13, Learning Rate: 0.001
Epoch: 13, Train Loss: 3.26, Validation Loss: 10.41, Learning Rate: 0.001
Epoch: 14, Train Loss: 2.72, Validation Loss: 9.54, Learning Rate: 0.001
Epoch: 15, Train Loss: 2.84, Validation Loss: 9.43, Learning Rate: 0.001
Epoch: 16, Train Loss: 2.47, Validation Loss: 10.66, Learning Rate: 0.001
Epoch: 17, Train Loss: 3.93, Validation Loss: 11.87, Learning Rate: 0.001
Epoch: 18, Train Loss: 4.29, Validation Loss: 11.51, Learning Rate: 0.001
Epoch: 19, Train Loss: 2.99, Validation Loss: 11.47, Learning Rate: 0.001
Epoch: 20, Train Loss: 3.05, Validation Loss: 11.11, Learning Rate: 0.001
Epoch: 21, Train Loss: 2.94, Validation Loss: 10.81, Learning Rate: 0.001
Epoch: 22, Train Loss: 2.56, Validation Loss: 10.07, Learning Rate: 0.001
Epoch: 23, Train Loss: 2.37, Validation Loss: 9.63, Learning Rate: 0.001
Epoch: 24, Train Loss: 2.22, Validation Loss: 9.35, Learning Rate: 0.001
Epoch: 25, Train Loss: 2.16, Validation Loss: 9.14, Learning Rate: 0.001
Epoch: 26, Train Loss: 2.11, Validation Loss: 9.55, Learning Rate: 0.001
Epoch: 27, Train Loss: 2.73, Validation Loss: 9.90, Learning Rate: 0.001
Epoch: 28, Train Loss: 2.50, Validation Loss: 8.74, Learning Rate: 0.001
Epoch: 29, Train Loss: 2.20, Validation Loss: 8.70, Learning Rate: 0.001
Epoch: 30, Train Loss: 2.82, Validation Loss: 9.02, Learning Rate: 0.001
Epoch: 31, Train Loss: 2.31, Validation Loss: 8.53, Learning Rate: 0.001
Epoch: 32, Train Loss: 2.12, Validation Loss: 7.85, Learning Rate: 0.001
Epoch: 33, Train Loss: 2.11, Validation Loss: 7.86, Learning Rate: 0.001
Epoch: 34, Train Loss: 2.03, Validation Loss: 7.35, Learning Rate: 0.001
Epoch: 35, Train Loss: 2.02, Validation Loss: 7.55, Learning Rate: 0.001
Epoch: 36, Train Loss: 2.25, Validation Loss: 7.67, Learning Rate: 0.001
Epoch: 37, Train Loss: 2.16, Validation Loss: 7.09, Learning Rate: 0.001
Epoch: 38, Train Loss: 2.23, Validation Loss: 8.17, Learning Rate: 0.001
Epoch: 39, Train Loss: 3.57, Validation Loss: 9.95, Learning Rate: 0.001
Epoch: 40, Train Loss: 2.94, Validation Loss: 11.53, Learning Rate: 0.001
Epoch: 41, Train Loss: 3.54, Validation Loss: 9.94, Learning Rate: 0.001
Epoch: 42, Train Loss: 2.75, Validation Loss: 10.43, Learning Rate: 0.001
Epoch: 43, Train Loss: 2.97, Validation Loss: 13.08, Learning Rate: 0.001
Epoch: 44, Train Loss: 2.90, Validation Loss: 9.67, Learning Rate: 0.001
Epoch: 45, Train Loss: 3.64, Validation Loss: 6.93, Learning Rate: 0.001
Epoch: 46, Train Loss: 2.56, Validation Loss: 6.87, Learning Rate: 0.001
Epoch: 47, Train Loss: 2.33, Validation Loss: 6.46, Learning Rate: 0.001
Epoch: 48, Train Loss: 2.33, Validation Loss: 6.15, Learning Rate: 0.001
Epoch: 49, Train Loss: 2.09, Validation Loss: 5.86, Learning Rate: 0.001
Epoch: 50, Train Loss: 2.23, Validation Loss: 5.73, Learning Rate: 0.001
Epoch: 51, Train Loss: 2.12, Validation Loss: 5.71, Learning Rate: 0.001
Epoch: 52, Train Loss: 2.46, Validation Loss: 6.46, Learning Rate: 0.001
Epoch: 53, Train Loss: 2.28, Validation Loss: 6.18, Learning Rate: 0.001
Epoch: 54, Train Loss: 2.13, Validation Loss: 6.02, Learning Rate: 0.001
Epoch: 55, Train Loss: 1.96, Validation Loss: 5.82, Learning Rate: 0.001
Epoch: 56, Train Loss: 2.06, Validation Loss: 5.80, Learning Rate: 0.001
Epoch: 57, Train Loss: 2.30, Validation Loss: 6.00, Learning Rate: 0.001
Epoch: 58, Train Loss: 2.08, Validation Loss: 5.71, Learning Rate: 0.001
Epoch: 59, Train Loss: 2.16, Validation Loss: 5.96, Learning Rate: 0.001
Epoch: 60, Train Loss: 2.41, Validation Loss: 5.97, Learning Rate: 0.001
Epoch: 61, Train Loss: 2.85, Validation Loss: 7.84, Learning Rate: 0.001
Epoch: 62, Train Loss: 2.24, Validation Loss: 6.90, Learning Rate: 0.001
Epoch: 63, Train Loss: 2.22, Validation Loss: 6.73, Learning Rate: 0.001
Epoch: 64, Train Loss: 2.35, Validation Loss: 6.34, Learning Rate: 0.001
Epoch: 65, Train Loss: 2.10, Validation Loss: 6.07, Learning Rate: 0.001
Epoch: 66, Train Loss: 2.15, Validation Loss: 5.91, Learning Rate: 0.001
Epoch: 67, Train Loss: 2.96, Validation Loss: 7.81, Learning Rate: 0.001
Epoch: 68, Train Loss: 2.77, Validation Loss: 7.50, Learning Rate: 0.001
Epoch: 69, Train Loss: 2.41, Validation Loss: 6.77, Learning Rate: 0.001
Epoch: 70, Train Loss: 2.30, Validation Loss: 5.77, Learning Rate: 0.001
Epoch: 71, Train Loss: 2.08, Validation Loss: 5.86, Learning Rate: 0.001
Epoch: 72, Train Loss: 2.38, Validation Loss: 6.32, Learning Rate: 0.001
Epoch: 73, Train Loss: 1.99, Validation Loss: 6.01, Learning Rate: 0.001
Epoch: 74, Train Loss: 2.45, Validation Loss: 7.28, Learning Rate: 0.001
Epoch: 75, Train Loss: 3.31, Validation Loss: 6.74, Learning Rate: 0.001
Epoch: 76, Train Loss: 2.34, Validation Loss: 6.41, Learning Rate: 0.001
Epoch: 77, Train Loss: 2.99, Validation Loss: 8.75, Learning Rate: 0.001
Epoch: 78, Train Loss: 2.63, Validation Loss: 8.52, Learning Rate: 0.001
Epoch: 79, Train Loss: 2.16, Validation Loss: 8.15, Learning Rate: 0.001
Epoch: 80, Train Loss: 2.41, Validation Loss: 8.19, Learning Rate: 0.001
Epoch: 81, Train Loss: 2.44, Validation Loss: 7.53, Learning Rate: 0.001
Epoch: 82, Train Loss: 2.45, Validation Loss: 7.48, Learning Rate: 0.001
Epoch: 83, Train Loss: 2.11, Validation Loss: 6.64, Learning Rate: 0.001
Epoch: 84, Train Loss: 2.04, Validation Loss: 6.78, Learning Rate: 0.001
Epoch: 85, Train Loss: 2.62, Validation Loss: 7.36, Learning Rate: 0.001
Epoch: 86, Train Loss: 2.43, Validation Loss: 7.32, Learning Rate: 0.001
Epoch: 87, Train Loss: 2.13, Validation Loss: 6.74, Learning Rate: 0.001
Epoch: 88, Train Loss: 2.01, Validation Loss: 6.50, Learning Rate: 0.001
Epoch: 89, Train Loss: 2.25, Validation Loss: 6.38, Learning Rate: 0.001
Epoch: 90, Train Loss: 2.82, Validation Loss: 7.80, Learning Rate: 0.001
Epoch: 91, Train Loss: 2.18, Validation Loss: 6.80, Learning Rate: 0.001
Epoch: 92, Train Loss: 2.04, Validation Loss: 6.47, Learning Rate: 0.001
Epoch: 93, Train Loss: 1.97, Validation Loss: 6.19, Learning Rate: 0.001
Epoch: 94, Train Loss: 1.90, Validation Loss: 6.01, Learning Rate: 0.001
Epoch: 95, Train Loss: 2.25, Validation Loss: 6.27, Learning Rate: 0.001
Epoch: 96, Train Loss: 2.05, Validation Loss: 6.09, Learning Rate: 0.001
Epoch: 97, Train Loss: 2.80, Validation Loss: 7.18, Learning Rate: 0.001
Epoch: 98, Train Loss: 2.28, Validation Loss: 6.53, Learning Rate: 0.001
Epoch: 99, Train Loss: 2.18, Validation Loss: 6.36, Learning Rate: 0.001
torch.Size([20])
Mean Euclidean Distance: 19.135574340820312
Max Euclidean Distance: 52.594024658203125
Min Euclidean Distance: 5.287787914276123
torch.Size([20])
Mean Euclidean Distance: 337.2251892089844
Max Euclidean Distance: 490.30401611328125
Min Euclidean Distance: 174.7891082763672
torch.Size([20])
Mean cosine similarity: 0.9964985251426697
Min: 0.980791449546814
Max: 0.9998635053634644
torch.Size([20])
Mean cosine similarity: 0.2642242908477783
Min: -0.24562814831733704
Max: 0.9917415380477905
Mean Cosine similarity: 0.988666335056568
Negative Mean Cosine similarity: 0.354455043529642
Mean Variance of Embeddings 45.572853351461475