Train: torch.Size([14031, 5, 64, 32]), Valid: torch.Size([4677, 5, 64, 32]), Test: torch.Size([4678, 5, 64, 32])
Starting Downstream Task
torch.Size([2806, 5, 64, 32])
torch.Size([935, 5, 64, 32])
torch.Size([937, 5, 64, 32])
Shape: (5, 144, 72)
Epoch: 0, Train Loss: 0.07214, Valid Loss: 0.05243, EPS: 0.991
Epoch: 1, Train Loss: 0.04469, Valid Loss: 0.04193, EPS: 0.982
Epoch: 2, Train Loss: 0.03429, Valid Loss: 0.03646, EPS: 0.973
Epoch: 3, Train Loss: 0.02790, Valid Loss: 0.03227, EPS: 0.964
Epoch: 4, Train Loss: 0.02371, Valid Loss: 0.03003, EPS: 0.955
Epoch: 5, Train Loss: 0.02113, Valid Loss: 0.02884, EPS: 0.946
Epoch: 6, Train Loss: 0.01937, Valid Loss: 0.02789, EPS: 0.9369999999999999
Epoch: 7, Train Loss: 0.01806, Valid Loss: 0.02748, EPS: 0.928
Epoch: 8, Train Loss: 0.01697, Valid Loss: 0.02609, EPS: 0.919
Epoch: 9, Train Loss: 0.01600, Valid Loss: 0.02633, EPS: 0.91
Epoch: 10, Train Loss: 0.01553, Valid Loss: 0.02623, EPS: 0.901
Epoch: 11, Train Loss: 0.01512, Valid Loss: 0.02608, EPS: 0.892
Epoch: 12, Train Loss: 0.01442, Valid Loss: 0.02631, EPS: 0.883
Epoch: 13, Train Loss: 0.01399, Valid Loss: 0.02652, EPS: 0.874
Epoch: 14, Train Loss: 0.01399, Valid Loss: 0.02612, EPS: 0.865
Epoch: 15, Train Loss: 0.01367, Valid Loss: 0.02606, EPS: 0.856
Epoch: 16, Train Loss: 0.01326, Valid Loss: 0.02598, EPS: 0.847
Epoch: 17, Train Loss: 0.01307, Valid Loss: 0.02598, EPS: 0.8380000000000001
Epoch: 18, Train Loss: 0.01308, Valid Loss: 0.02582, EPS: 0.8290000000000001
Epoch: 19, Train Loss: 0.01309, Valid Loss: 0.02629, EPS: 0.8200000000000001
Epoch: 20, Train Loss: 0.01293, Valid Loss: 0.02634, EPS: 0.811
Epoch: 21, Train Loss: 0.01267, Valid Loss: 0.02612, EPS: 0.802
Epoch: 22, Train Loss: 0.01253, Valid Loss: 0.02658, EPS: 0.793
Epoch: 23, Train Loss: 0.01261, Valid Loss: 0.02567, EPS: 0.784
Epoch: 24, Train Loss: 0.01241, Valid Loss: 0.02664, EPS: 0.775
Epoch: 25, Train Loss: 0.01251, Valid Loss: 0.02616, EPS: 0.766
Epoch: 26, Train Loss: 0.01217, Valid Loss: 0.02617, EPS: 0.757
Epoch: 27, Train Loss: 0.01206, Valid Loss: 0.02605, EPS: 0.748
Epoch: 28, Train Loss: 0.01207, Valid Loss: 0.02571, EPS: 0.739
Epoch: 29, Train Loss: 0.01196, Valid Loss: 0.02573, EPS: 0.73
Epoch: 30, Train Loss: 0.01181, Valid Loss: 0.02571, EPS: 0.721
Epoch: 31, Train Loss: 0.01188, Valid Loss: 0.02615, EPS: 0.712
Epoch: 32, Train Loss: 0.01202, Valid Loss: 0.02660, EPS: 0.703
Epoch: 33, Train Loss: 0.01206, Valid Loss: 0.02627, EPS: 0.694
Epoch: 34, Train Loss: 0.01189, Valid Loss: 0.02613, EPS: 0.685
Epoch: 35, Train Loss: 0.00990, Valid Loss: 0.02444, EPS: 0.676
Epoch: 36, Train Loss: 0.00851, Valid Loss: 0.02377, EPS: 0.667
Epoch: 37, Train Loss: 0.00779, Valid Loss: 0.02377, EPS: 0.658
Epoch: 38, Train Loss: 0.00737, Valid Loss: 0.02350, EPS: 0.649
Epoch: 39, Train Loss: 0.00712, Valid Loss: 0.02335, EPS: 0.64
Epoch: 40, Train Loss: 0.00699, Valid Loss: 0.02333, EPS: 0.6310000000000001
Epoch: 41, Train Loss: 0.00685, Valid Loss: 0.02341, EPS: 0.6220000000000001
Epoch: 42, Train Loss: 0.00670, Valid Loss: 0.02315, EPS: 0.6130000000000001
Epoch: 43, Train Loss: 0.00659, Valid Loss: 0.02328, EPS: 0.6040000000000001
Epoch: 44, Train Loss: 0.00655, Valid Loss: 0.02323, EPS: 0.5950000000000001
Epoch: 45, Train Loss: 0.00644, Valid Loss: 0.02314, EPS: 0.5860000000000001
Epoch: 46, Train Loss: 0.00640, Valid Loss: 0.02331, EPS: 0.5770000000000001
Epoch: 47, Train Loss: 0.00628, Valid Loss: 0.02343, EPS: 0.5680000000000001
Epoch: 48, Train Loss: 0.00623, Valid Loss: 0.02300, EPS: 0.559
Epoch: 49, Train Loss: 0.00615, Valid Loss: 0.02316, EPS: 0.55
Epoch: 50, Train Loss: 0.00614, Valid Loss: 0.02332, EPS: 0.541
Epoch: 51, Train Loss: 0.00606, Valid Loss: 0.02326, EPS: 0.532
Epoch: 52, Train Loss: 0.00602, Valid Loss: 0.02340, EPS: 0.523
Epoch: 53, Train Loss: 0.00601, Valid Loss: 0.02334, EPS: 0.514
Epoch: 54, Train Loss: 0.00595, Valid Loss: 0.02339, EPS: 0.505
Epoch: 55, Train Loss: 0.00588, Valid Loss: 0.02329, EPS: 0.496
Epoch: 56, Train Loss: 0.00581, Valid Loss: 0.02334, EPS: 0.4870000000000001
Epoch: 57, Train Loss: 0.00574, Valid Loss: 0.02329, EPS: 0.4780000000000001
Epoch: 58, Train Loss: 0.00574, Valid Loss: 0.02343, EPS: 0.4690000000000001
Epoch: 59, Train Loss: 0.00571, Valid Loss: 0.02349, EPS: 0.4600000000000001
Epoch: 60, Train Loss: 0.00545, Valid Loss: 0.02329, EPS: 0.45100000000000007
Epoch: 61, Train Loss: 0.00533, Valid Loss: 0.02321, EPS: 0.44200000000000006
Epoch: 62, Train Loss: 0.00527, Valid Loss: 0.02316, EPS: 0.43300000000000005
Epoch: 63, Train Loss: 0.00524, Valid Loss: 0.02320, EPS: 0.42400000000000004
Epoch: 64, Train Loss: 0.00522, Valid Loss: 0.02330, EPS: 0.41500000000000004
Epoch: 65, Train Loss: 0.00518, Valid Loss: 0.02332, EPS: 0.406
Epoch: 66, Train Loss: 0.00517, Valid Loss: 0.02342, EPS: 0.397
Epoch: 67, Train Loss: 0.00512, Valid Loss: 0.02337, EPS: 0.388
Epoch: 68, Train Loss: 0.00514, Valid Loss: 0.02332, EPS: 0.3790000000000001
Epoch: 69, Train Loss: 0.00512, Valid Loss: 0.02329, EPS: 0.3700000000000001
Epoch: 70, Train Loss: 0.00507, Valid Loss: 0.02331, EPS: 0.3610000000000001
Epoch: 71, Train Loss: 0.00506, Valid Loss: 0.02336, EPS: 0.3520000000000001
Epoch: 72, Train Loss: 0.00510, Valid Loss: 0.02321, EPS: 0.343
Epoch: 73, Train Loss: 0.00509, Valid Loss: 0.02347, EPS: 0.334
Epoch: 74, Train Loss: 0.00506, Valid Loss: 0.02350, EPS: 0.325
Epoch: 75, Train Loss: 0.00507, Valid Loss: 0.02350, EPS: 0.316
Epoch: 76, Train Loss: 0.00505, Valid Loss: 0.02333, EPS: 0.307
Epoch: 77, Train Loss: 0.00509, Valid Loss: 0.02329, EPS: 0.298
Epoch: 78, Train Loss: 0.00508, Valid Loss: 0.02346, EPS: 0.289
Epoch: 79, Train Loss: 0.00506, Valid Loss: 0.02337, EPS: 0.27999999999999997
Epoch: 80, Train Loss: 0.00504, Valid Loss: 0.02342, EPS: 0.27099999999999996
Epoch: 81, Train Loss: 0.00506, Valid Loss: 0.02339, EPS: 0.26200000000000007
Epoch: 82, Train Loss: 0.00508, Valid Loss: 0.02335, EPS: 0.25300000000000006
Epoch: 83, Train Loss: 0.00511, Valid Loss: 0.02326, EPS: 0.24400000000000005
Epoch: 84, Train Loss: 0.00507, Valid Loss: 0.02325, EPS: 0.23500000000000004
Epoch: 85, Train Loss: 0.00507, Valid Loss: 0.02332, EPS: 0.22600000000000003
Epoch: 86, Train Loss: 0.00504, Valid Loss: 0.02336, EPS: 0.21700000000000003
Epoch: 87, Train Loss: 0.00504, Valid Loss: 0.02337, EPS: 0.20800000000000002
Epoch: 88, Train Loss: 0.00502, Valid Loss: 0.02328, EPS: 0.199
Epoch: 89, Train Loss: 0.00507, Valid Loss: 0.02326, EPS: 0.19
Epoch: 90, Train Loss: 0.00504, Valid Loss: 0.02349, EPS: 0.181
Epoch: 91, Train Loss: 0.00502, Valid Loss: 0.02330, EPS: 0.172
Epoch: 92, Train Loss: 0.00506, Valid Loss: 0.02343, EPS: 0.16299999999999998
Epoch: 93, Train Loss: 0.00503, Valid Loss: 0.02318, EPS: 0.15400000000000005
Epoch: 94, Train Loss: 0.00507, Valid Loss: 0.02335, EPS: 0.14500000000000005
Epoch: 95, Train Loss: 0.00506, Valid Loss: 0.02345, EPS: 0.13600000000000004
Epoch: 96, Train Loss: 0.00505, Valid Loss: 0.02333, EPS: 0.12700000000000003
Epoch: 97, Train Loss: 0.00506, Valid Loss: 0.02326, EPS: 0.11800000000000002
Epoch: 98, Train Loss: 0.00503, Valid Loss: 0.02333, EPS: 0.10900000000000001
Epoch: 99, Train Loss: 0.00505, Valid Loss: 0.02322, EPS: 0.1
Test Loss: 0.02323
Test Loss: 0.02255
torch.Size([2806, 5, 64, 32])
torch.Size([935, 5, 64, 32])
torch.Size([937, 5, 64, 32])
Shape: (5, 144, 72)
Epoch: 0, Train Loss: 0.08275, Valid Loss: 0.06274, EPS: 0.991
Epoch: 1, Train Loss: 0.05405, Valid Loss: 0.05199, EPS: 0.982
Epoch: 2, Train Loss: 0.04334, Valid Loss: 0.04618, EPS: 0.973
Epoch: 3, Train Loss: 0.03598, Valid Loss: 0.04247, EPS: 0.964
Epoch: 4, Train Loss: 0.03061, Valid Loss: 0.03811, EPS: 0.955
Epoch: 5, Train Loss: 0.02619, Valid Loss: 0.03687, EPS: 0.946
Epoch: 6, Train Loss: 0.02289, Valid Loss: 0.03461, EPS: 0.9369999999999999
Epoch: 7, Train Loss: 0.02025, Valid Loss: 0.03346, EPS: 0.928
Epoch: 8, Train Loss: 0.01842, Valid Loss: 0.03289, EPS: 0.919
Epoch: 9, Train Loss: 0.01721, Valid Loss: 0.03255, EPS: 0.91
Epoch: 10, Train Loss: 0.01567, Valid Loss: 0.03159, EPS: 0.901
Epoch: 11, Train Loss: 0.01485, Valid Loss: 0.03103, EPS: 0.892
Epoch: 12, Train Loss: 0.01370, Valid Loss: 0.03110, EPS: 0.883
Epoch: 13, Train Loss: 0.01257, Valid Loss: 0.03166, EPS: 0.874
Epoch: 14, Train Loss: 0.01230, Valid Loss: 0.03086, EPS: 0.865
Epoch: 15, Train Loss: 0.01192, Valid Loss: 0.03147, EPS: 0.856
Epoch: 16, Train Loss: 0.01116, Valid Loss: 0.03143, EPS: 0.847
Epoch: 17, Train Loss: 0.01091, Valid Loss: 0.03073, EPS: 0.8380000000000001
Epoch: 18, Train Loss: 0.01067, Valid Loss: 0.03041, EPS: 0.8290000000000001
Epoch: 19, Train Loss: 0.01020, Valid Loss: 0.03039, EPS: 0.8200000000000001
Epoch: 20, Train Loss: 0.00987, Valid Loss: 0.03019, EPS: 0.811
Epoch: 21, Train Loss: 0.00971, Valid Loss: 0.03080, EPS: 0.802
Epoch: 22, Train Loss: 0.00962, Valid Loss: 0.03104, EPS: 0.793
Epoch: 23, Train Loss: 0.00950, Valid Loss: 0.03076, EPS: 0.784
Epoch: 24, Train Loss: 0.00915, Valid Loss: 0.03056, EPS: 0.775
Epoch: 25, Train Loss: 0.00895, Valid Loss: 0.03140, EPS: 0.766
Epoch: 26, Train Loss: 0.00906, Valid Loss: 0.03134, EPS: 0.757
Epoch: 27, Train Loss: 0.00886, Valid Loss: 0.03160, EPS: 0.748
Epoch: 28, Train Loss: 0.00889, Valid Loss: 0.03142, EPS: 0.739
Epoch: 29, Train Loss: 0.00866, Valid Loss: 0.03168, EPS: 0.73
Epoch: 30, Train Loss: 0.00859, Valid Loss: 0.03164, EPS: 0.721
Epoch: 31, Train Loss: 0.00833, Valid Loss: 0.03097, EPS: 0.712
Epoch: 32, Train Loss: 0.00741, Valid Loss: 0.03032, EPS: 0.703
Epoch: 33, Train Loss: 0.00620, Valid Loss: 0.02970, EPS: 0.694
Epoch: 34, Train Loss: 0.00556, Valid Loss: 0.02929, EPS: 0.685
Epoch: 35, Train Loss: 0.00522, Valid Loss: 0.02899, EPS: 0.676
Epoch: 36, Train Loss: 0.00485, Valid Loss: 0.02875, EPS: 0.667
Epoch: 37, Train Loss: 0.00473, Valid Loss: 0.02858, EPS: 0.658
Epoch: 38, Train Loss: 0.00455, Valid Loss: 0.02849, EPS: 0.649
Epoch: 39, Train Loss: 0.00440, Valid Loss: 0.02873, EPS: 0.64
Epoch: 40, Train Loss: 0.00430, Valid Loss: 0.02904, EPS: 0.6310000000000001
Epoch: 41, Train Loss: 0.00421, Valid Loss: 0.02871, EPS: 0.6220000000000001
Epoch: 42, Train Loss: 0.00417, Valid Loss: 0.02848, EPS: 0.6130000000000001
Epoch: 43, Train Loss: 0.00407, Valid Loss: 0.02838, EPS: 0.6040000000000001
Epoch: 44, Train Loss: 0.00405, Valid Loss: 0.02833, EPS: 0.5950000000000001
Epoch: 45, Train Loss: 0.00401, Valid Loss: 0.02860, EPS: 0.5860000000000001
Epoch: 46, Train Loss: 0.00393, Valid Loss: 0.02828, EPS: 0.5770000000000001
Epoch: 47, Train Loss: 0.00395, Valid Loss: 0.02879, EPS: 0.5680000000000001
Epoch: 48, Train Loss: 0.00391, Valid Loss: 0.02840, EPS: 0.559
Epoch: 49, Train Loss: 0.00382, Valid Loss: 0.02830, EPS: 0.55
Epoch: 50, Train Loss: 0.00374, Valid Loss: 0.02843, EPS: 0.541
Epoch: 51, Train Loss: 0.00373, Valid Loss: 0.02845, EPS: 0.532
Epoch: 52, Train Loss: 0.00374, Valid Loss: 0.02856, EPS: 0.523
Epoch: 53, Train Loss: 0.00367, Valid Loss: 0.02850, EPS: 0.514
Epoch: 54, Train Loss: 0.00366, Valid Loss: 0.02845, EPS: 0.505
Epoch: 55, Train Loss: 0.00361, Valid Loss: 0.02825, EPS: 0.496
Epoch: 56, Train Loss: 0.00366, Valid Loss: 0.02838, EPS: 0.4870000000000001
Epoch: 57, Train Loss: 0.00357, Valid Loss: 0.02819, EPS: 0.4780000000000001
Epoch: 58, Train Loss: 0.00359, Valid Loss: 0.02810, EPS: 0.4690000000000001
Epoch: 59, Train Loss: 0.00353, Valid Loss: 0.02839, EPS: 0.4600000000000001
Epoch: 60, Train Loss: 0.00349, Valid Loss: 0.02822, EPS: 0.45100000000000007
Epoch: 61, Train Loss: 0.00349, Valid Loss: 0.02842, EPS: 0.44200000000000006
Epoch: 62, Train Loss: 0.00350, Valid Loss: 0.02816, EPS: 0.43300000000000005
Epoch: 63, Train Loss: 0.00347, Valid Loss: 0.02811, EPS: 0.42400000000000004
Epoch: 64, Train Loss: 0.00345, Valid Loss: 0.02819, EPS: 0.41500000000000004
Epoch: 65, Train Loss: 0.00343, Valid Loss: 0.02829, EPS: 0.406
Epoch: 66, Train Loss: 0.00343, Valid Loss: 0.02819, EPS: 0.397
Epoch: 67, Train Loss: 0.00338, Valid Loss: 0.02799, EPS: 0.388
Epoch: 68, Train Loss: 0.00332, Valid Loss: 0.02787, EPS: 0.3790000000000001
Epoch: 69, Train Loss: 0.00335, Valid Loss: 0.02847, EPS: 0.3700000000000001
Epoch: 70, Train Loss: 0.00327, Valid Loss: 0.02823, EPS: 0.3610000000000001
Epoch: 71, Train Loss: 0.00327, Valid Loss: 0.02800, EPS: 0.3520000000000001
Epoch: 72, Train Loss: 0.00326, Valid Loss: 0.02834, EPS: 0.343
Epoch: 73, Train Loss: 0.00329, Valid Loss: 0.02823, EPS: 0.334
Epoch: 74, Train Loss: 0.00330, Valid Loss: 0.02810, EPS: 0.325
Epoch: 75, Train Loss: 0.00326, Valid Loss: 0.02839, EPS: 0.316
Epoch: 76, Train Loss: 0.00326, Valid Loss: 0.02837, EPS: 0.307
Epoch: 77, Train Loss: 0.00322, Valid Loss: 0.02836, EPS: 0.298
Epoch: 78, Train Loss: 0.00321, Valid Loss: 0.02817, EPS: 0.289
Epoch: 79, Train Loss: 0.00322, Valid Loss: 0.02827, EPS: 0.27999999999999997
Epoch: 80, Train Loss: 0.00308, Valid Loss: 0.02814, EPS: 0.27099999999999996
Epoch: 81, Train Loss: 0.00305, Valid Loss: 0.02779, EPS: 0.26200000000000007
Epoch: 82, Train Loss: 0.00296, Valid Loss: 0.02804, EPS: 0.25300000000000006
Epoch: 83, Train Loss: 0.00292, Valid Loss: 0.02777, EPS: 0.24400000000000005
Epoch: 84, Train Loss: 0.00289, Valid Loss: 0.02789, EPS: 0.23500000000000004
Epoch: 85, Train Loss: 0.00289, Valid Loss: 0.02791, EPS: 0.22600000000000003
Epoch: 86, Train Loss: 0.00285, Valid Loss: 0.02800, EPS: 0.21700000000000003
Epoch: 87, Train Loss: 0.00283, Valid Loss: 0.02779, EPS: 0.20800000000000002
Epoch: 88, Train Loss: 0.00285, Valid Loss: 0.02783, EPS: 0.199
Epoch: 89, Train Loss: 0.00282, Valid Loss: 0.02839, EPS: 0.19
Epoch: 90, Train Loss: 0.00284, Valid Loss: 0.02795, EPS: 0.181
Epoch: 91, Train Loss: 0.00281, Valid Loss: 0.02800, EPS: 0.172
Epoch: 92, Train Loss: 0.00280, Valid Loss: 0.02813, EPS: 0.16299999999999998
Epoch: 93, Train Loss: 0.00278, Valid Loss: 0.02800, EPS: 0.15400000000000005
Epoch: 94, Train Loss: 0.00279, Valid Loss: 0.02802, EPS: 0.14500000000000005
Epoch: 95, Train Loss: 0.00279, Valid Loss: 0.02796, EPS: 0.13600000000000004
Epoch: 96, Train Loss: 0.00283, Valid Loss: 0.02803, EPS: 0.12700000000000003
Epoch: 97, Train Loss: 0.00278, Valid Loss: 0.02825, EPS: 0.11800000000000002
Epoch: 98, Train Loss: 0.00276, Valid Loss: 0.02800, EPS: 0.10900000000000001
Epoch: 99, Train Loss: 0.00277, Valid Loss: 0.02791, EPS: 0.1
Test Loss: 0.02820
Test Loss: 0.02722
torch.Size([2806, 5, 64, 32])
torch.Size([935, 5, 64, 32])
torch.Size([937, 5, 64, 32])
Shape: (5, 144, 72)
Epoch: 0, Train Loss: 0.07168, Valid Loss: 0.05425, EPS: 0.991
Epoch: 1, Train Loss: 0.04520, Valid Loss: 0.04312, EPS: 0.982
Epoch: 2, Train Loss: 0.03486, Valid Loss: 0.03737, EPS: 0.973
Epoch: 3, Train Loss: 0.02857, Valid Loss: 0.03280, EPS: 0.964
Epoch: 4, Train Loss: 0.02429, Valid Loss: 0.03054, EPS: 0.955
Epoch: 5, Train Loss: 0.02162, Valid Loss: 0.02864, EPS: 0.946
Epoch: 6, Train Loss: 0.01959, Valid Loss: 0.02798, EPS: 0.9369999999999999
Epoch: 7, Train Loss: 0.01819, Valid Loss: 0.02702, EPS: 0.928
Epoch: 8, Train Loss: 0.01730, Valid Loss: 0.02698, EPS: 0.919
Epoch: 9, Train Loss: 0.01639, Valid Loss: 0.02625, EPS: 0.91
Epoch: 10, Train Loss: 0.01563, Valid Loss: 0.02686, EPS: 0.901
Epoch: 11, Train Loss: 0.01487, Valid Loss: 0.02591, EPS: 0.892
Epoch: 12, Train Loss: 0.01424, Valid Loss: 0.02641, EPS: 0.883
Epoch: 13, Train Loss: 0.01439, Valid Loss: 0.02659, EPS: 0.874
Epoch: 14, Train Loss: 0.01411, Valid Loss: 0.02627, EPS: 0.865
Epoch: 15, Train Loss: 0.01374, Valid Loss: 0.02651, EPS: 0.856
Epoch: 16, Train Loss: 0.01337, Valid Loss: 0.02595, EPS: 0.847
Epoch: 17, Train Loss: 0.01311, Valid Loss: 0.02573, EPS: 0.8380000000000001
Epoch: 18, Train Loss: 0.01284, Valid Loss: 0.02603, EPS: 0.8290000000000001
Epoch: 19, Train Loss: 0.01284, Valid Loss: 0.02645, EPS: 0.8200000000000001
Epoch: 20, Train Loss: 0.01274, Valid Loss: 0.02600, EPS: 0.811
Epoch: 21, Train Loss: 0.01262, Valid Loss: 0.02578, EPS: 0.802
Epoch: 22, Train Loss: 0.01256, Valid Loss: 0.02611, EPS: 0.793
Epoch: 23, Train Loss: 0.01244, Valid Loss: 0.02601, EPS: 0.784
Epoch: 24, Train Loss: 0.01240, Valid Loss: 0.02662, EPS: 0.775
Epoch: 25, Train Loss: 0.01244, Valid Loss: 0.02647, EPS: 0.766
Epoch: 26, Train Loss: 0.01234, Valid Loss: 0.02650, EPS: 0.757
Epoch: 27, Train Loss: 0.01212, Valid Loss: 0.02623, EPS: 0.748
Epoch: 28, Train Loss: 0.01192, Valid Loss: 0.02654, EPS: 0.739
Epoch: 29, Train Loss: 0.01017, Valid Loss: 0.02476, EPS: 0.73
Epoch: 30, Train Loss: 0.00869, Valid Loss: 0.02396, EPS: 0.721
Epoch: 31, Train Loss: 0.00795, Valid Loss: 0.02376, EPS: 0.712
Epoch: 32, Train Loss: 0.00756, Valid Loss: 0.02330, EPS: 0.703
Epoch: 33, Train Loss: 0.00728, Valid Loss: 0.02326, EPS: 0.694
Epoch: 34, Train Loss: 0.00710, Valid Loss: 0.02342, EPS: 0.685
Epoch: 35, Train Loss: 0.00697, Valid Loss: 0.02344, EPS: 0.676
Epoch: 36, Train Loss: 0.00685, Valid Loss: 0.02319, EPS: 0.667
Epoch: 37, Train Loss: 0.00677, Valid Loss: 0.02331, EPS: 0.658
Epoch: 38, Train Loss: 0.00667, Valid Loss: 0.02324, EPS: 0.649
Epoch: 39, Train Loss: 0.00658, Valid Loss: 0.02317, EPS: 0.64
Epoch: 40, Train Loss: 0.00650, Valid Loss: 0.02331, EPS: 0.6310000000000001
Epoch: 41, Train Loss: 0.00644, Valid Loss: 0.02322, EPS: 0.6220000000000001
Epoch: 42, Train Loss: 0.00637, Valid Loss: 0.02338, EPS: 0.6130000000000001
Epoch: 43, Train Loss: 0.00631, Valid Loss: 0.02322, EPS: 0.6040000000000001
Epoch: 44, Train Loss: 0.00620, Valid Loss: 0.02322, EPS: 0.5950000000000001
Epoch: 45, Train Loss: 0.00613, Valid Loss: 0.02338, EPS: 0.5860000000000001
Epoch: 46, Train Loss: 0.00613, Valid Loss: 0.02339, EPS: 0.5770000000000001
Epoch: 47, Train Loss: 0.00608, Valid Loss: 0.02351, EPS: 0.5680000000000001
Epoch: 48, Train Loss: 0.00601, Valid Loss: 0.02346, EPS: 0.559
Epoch: 49, Train Loss: 0.00594, Valid Loss: 0.02346, EPS: 0.55
Epoch: 50, Train Loss: 0.00587, Valid Loss: 0.02371, EPS: 0.541
Epoch: 51, Train Loss: 0.00568, Valid Loss: 0.02338, EPS: 0.532
Epoch: 52, Train Loss: 0.00552, Valid Loss: 0.02322, EPS: 0.523
Epoch: 53, Train Loss: 0.00545, Valid Loss: 0.02364, EPS: 0.514
Epoch: 54, Train Loss: 0.00542, Valid Loss: 0.02334, EPS: 0.505
Epoch: 55, Train Loss: 0.00540, Valid Loss: 0.02358, EPS: 0.496
Epoch: 56, Train Loss: 0.00540, Valid Loss: 0.02328, EPS: 0.4870000000000001
Epoch: 57, Train Loss: 0.00538, Valid Loss: 0.02323, EPS: 0.4780000000000001
Epoch: 58, Train Loss: 0.00532, Valid Loss: 0.02332, EPS: 0.4690000000000001
Epoch: 59, Train Loss: 0.00534, Valid Loss: 0.02353, EPS: 0.4600000000000001
Epoch: 60, Train Loss: 0.00529, Valid Loss: 0.02341, EPS: 0.45100000000000007
Epoch: 61, Train Loss: 0.00529, Valid Loss: 0.02358, EPS: 0.44200000000000006
Epoch: 62, Train Loss: 0.00527, Valid Loss: 0.02355, EPS: 0.43300000000000005
Epoch: 63, Train Loss: 0.00527, Valid Loss: 0.02358, EPS: 0.42400000000000004
Epoch: 64, Train Loss: 0.00529, Valid Loss: 0.02352, EPS: 0.41500000000000004
Epoch: 65, Train Loss: 0.00528, Valid Loss: 0.02345, EPS: 0.406
Epoch: 66, Train Loss: 0.00524, Valid Loss: 0.02355, EPS: 0.397
Epoch: 67, Train Loss: 0.00525, Valid Loss: 0.02340, EPS: 0.388
Epoch: 68, Train Loss: 0.00528, Valid Loss: 0.02341, EPS: 0.3790000000000001
Epoch: 69, Train Loss: 0.00523, Valid Loss: 0.02347, EPS: 0.3700000000000001
Epoch: 70, Train Loss: 0.00525, Valid Loss: 0.02338, EPS: 0.3610000000000001
Epoch: 71, Train Loss: 0.00528, Valid Loss: 0.02334, EPS: 0.3520000000000001
Epoch: 72, Train Loss: 0.00526, Valid Loss: 0.02340, EPS: 0.343
Epoch: 73, Train Loss: 0.00522, Valid Loss: 0.02333, EPS: 0.334
Epoch: 74, Train Loss: 0.00526, Valid Loss: 0.02353, EPS: 0.325
Epoch: 75, Train Loss: 0.00529, Valid Loss: 0.02338, EPS: 0.316
Epoch: 76, Train Loss: 0.00524, Valid Loss: 0.02359, EPS: 0.307
Epoch: 77, Train Loss: 0.00528, Valid Loss: 0.02343, EPS: 0.298
Epoch: 78, Train Loss: 0.00527, Valid Loss: 0.02349, EPS: 0.289
Epoch: 79, Train Loss: 0.00525, Valid Loss: 0.02352, EPS: 0.27999999999999997
Epoch: 80, Train Loss: 0.00528, Valid Loss: 0.02341, EPS: 0.27099999999999996
Epoch: 81, Train Loss: 0.00525, Valid Loss: 0.02340, EPS: 0.26200000000000007
Epoch: 82, Train Loss: 0.00525, Valid Loss: 0.02350, EPS: 0.25300000000000006
Epoch: 83, Train Loss: 0.00529, Valid Loss: 0.02360, EPS: 0.24400000000000005
Epoch: 84, Train Loss: 0.00527, Valid Loss: 0.02348, EPS: 0.23500000000000004
Epoch: 85, Train Loss: 0.00521, Valid Loss: 0.02346, EPS: 0.22600000000000003
Epoch: 86, Train Loss: 0.00525, Valid Loss: 0.02351, EPS: 0.21700000000000003
Epoch: 87, Train Loss: 0.00526, Valid Loss: 0.02350, EPS: 0.20800000000000002
Epoch: 88, Train Loss: 0.00524, Valid Loss: 0.02362, EPS: 0.199
Epoch: 89, Train Loss: 0.00523, Valid Loss: 0.02347, EPS: 0.19
Epoch: 90, Train Loss: 0.00524, Valid Loss: 0.02350, EPS: 0.181
Epoch: 91, Train Loss: 0.00525, Valid Loss: 0.02343, EPS: 0.172
Epoch: 92, Train Loss: 0.00524, Valid Loss: 0.02339, EPS: 0.16299999999999998
Epoch: 93, Train Loss: 0.00524, Valid Loss: 0.02363, EPS: 0.15400000000000005
Epoch: 94, Train Loss: 0.00524, Valid Loss: 0.02343, EPS: 0.14500000000000005
Epoch: 95, Train Loss: 0.00523, Valid Loss: 0.02332, EPS: 0.13600000000000004
Epoch: 96, Train Loss: 0.00521, Valid Loss: 0.02342, EPS: 0.12700000000000003
Epoch: 97, Train Loss: 0.00523, Valid Loss: 0.02337, EPS: 0.11800000000000002
Epoch: 98, Train Loss: 0.00525, Valid Loss: 0.02351, EPS: 0.10900000000000001
Epoch: 99, Train Loss: 0.00522, Valid Loss: 0.02359, EPS: 0.1
Test Loss: 0.02333
Test Loss: 0.02227
torch.Size([2806, 5, 64, 32])
torch.Size([935, 5, 64, 32])
torch.Size([937, 5, 64, 32])
Shape: (5, 144, 72)
Epoch: 0, Train Loss: 0.08258, Valid Loss: 0.06176, EPS: 0.991
Epoch: 1, Train Loss: 0.05369, Valid Loss: 0.05153, EPS: 0.982
Epoch: 2, Train Loss: 0.04343, Valid Loss: 0.04587, EPS: 0.973
Epoch: 3, Train Loss: 0.03607, Valid Loss: 0.04172, EPS: 0.964
Epoch: 4, Train Loss: 0.03066, Valid Loss: 0.03958, EPS: 0.955
Epoch: 5, Train Loss: 0.02631, Valid Loss: 0.03678, EPS: 0.946
Epoch: 6, Train Loss: 0.02294, Valid Loss: 0.03500, EPS: 0.9369999999999999
Epoch: 7, Train Loss: 0.02045, Valid Loss: 0.03365, EPS: 0.928
Epoch: 8, Train Loss: 0.01858, Valid Loss: 0.03333, EPS: 0.919
Epoch: 9, Train Loss: 0.01707, Valid Loss: 0.03289, EPS: 0.91
Epoch: 10, Train Loss: 0.01584, Valid Loss: 0.03248, EPS: 0.901
Epoch: 11, Train Loss: 0.01474, Valid Loss: 0.03165, EPS: 0.892
Epoch: 12, Train Loss: 0.01371, Valid Loss: 0.03207, EPS: 0.883
Epoch: 13, Train Loss: 0.01286, Valid Loss: 0.03093, EPS: 0.874
Epoch: 14, Train Loss: 0.01197, Valid Loss: 0.03021, EPS: 0.865
Epoch: 15, Train Loss: 0.01126, Valid Loss: 0.03064, EPS: 0.856
Epoch: 16, Train Loss: 0.01077, Valid Loss: 0.02991, EPS: 0.847
Epoch: 17, Train Loss: 0.01029, Valid Loss: 0.03074, EPS: 0.8380000000000001
Epoch: 18, Train Loss: 0.01006, Valid Loss: 0.03110, EPS: 0.8290000000000001
Epoch: 19, Train Loss: 0.01000, Valid Loss: 0.03085, EPS: 0.8200000000000001
Epoch: 20, Train Loss: 0.00966, Valid Loss: 0.03010, EPS: 0.811
Epoch: 21, Train Loss: 0.00948, Valid Loss: 0.03070, EPS: 0.802
Epoch: 22, Train Loss: 0.00935, Valid Loss: 0.03087, EPS: 0.793
Epoch: 23, Train Loss: 0.00943, Valid Loss: 0.03017, EPS: 0.784
Epoch: 24, Train Loss: 0.00919, Valid Loss: 0.03026, EPS: 0.775
Epoch: 25, Train Loss: 0.00890, Valid Loss: 0.02989, EPS: 0.766
Epoch: 26, Train Loss: 0.00867, Valid Loss: 0.03043, EPS: 0.757
Epoch: 27, Train Loss: 0.00866, Valid Loss: 0.03065, EPS: 0.748
Epoch: 28, Train Loss: 0.00852, Valid Loss: 0.03095, EPS: 0.739
Epoch: 29, Train Loss: 0.00849, Valid Loss: 0.03116, EPS: 0.73
Epoch: 30, Train Loss: 0.00857, Valid Loss: 0.03048, EPS: 0.721
Epoch: 31, Train Loss: 0.00842, Valid Loss: 0.03077, EPS: 0.712
Epoch: 32, Train Loss: 0.00858, Valid Loss: 0.03112, EPS: 0.703
Epoch: 33, Train Loss: 0.00845, Valid Loss: 0.03080, EPS: 0.694
Epoch: 34, Train Loss: 0.00829, Valid Loss: 0.03092, EPS: 0.685
Epoch: 35, Train Loss: 0.00817, Valid Loss: 0.03112, EPS: 0.676
Epoch: 36, Train Loss: 0.00817, Valid Loss: 0.03093, EPS: 0.667
Epoch: 37, Train Loss: 0.00727, Valid Loss: 0.02983, EPS: 0.658
Epoch: 38, Train Loss: 0.00596, Valid Loss: 0.02908, EPS: 0.649
Epoch: 39, Train Loss: 0.00531, Valid Loss: 0.02895, EPS: 0.64
Epoch: 40, Train Loss: 0.00497, Valid Loss: 0.02869, EPS: 0.6310000000000001
Epoch: 41, Train Loss: 0.00467, Valid Loss: 0.02831, EPS: 0.6220000000000001
Epoch: 42, Train Loss: 0.00447, Valid Loss: 0.02808, EPS: 0.6130000000000001
Epoch: 43, Train Loss: 0.00435, Valid Loss: 0.02823, EPS: 0.6040000000000001
Epoch: 44, Train Loss: 0.00417, Valid Loss: 0.02821, EPS: 0.5950000000000001
Epoch: 45, Train Loss: 0.00408, Valid Loss: 0.02818, EPS: 0.5860000000000001
Epoch: 46, Train Loss: 0.00396, Valid Loss: 0.02814, EPS: 0.5770000000000001
Epoch: 47, Train Loss: 0.00394, Valid Loss: 0.02791, EPS: 0.5680000000000001
Epoch: 48, Train Loss: 0.00388, Valid Loss: 0.02798, EPS: 0.559
Epoch: 49, Train Loss: 0.00382, Valid Loss: 0.02812, EPS: 0.55
Epoch: 50, Train Loss: 0.00378, Valid Loss: 0.02794, EPS: 0.541
Epoch: 51, Train Loss: 0.00374, Valid Loss: 0.02786, EPS: 0.532
Epoch: 52, Train Loss: 0.00365, Valid Loss: 0.02775, EPS: 0.523
Epoch: 53, Train Loss: 0.00364, Valid Loss: 0.02774, EPS: 0.514
Epoch: 54, Train Loss: 0.00365, Valid Loss: 0.02761, EPS: 0.505
Epoch: 55, Train Loss: 0.00357, Valid Loss: 0.02766, EPS: 0.496
Epoch: 56, Train Loss: 0.00354, Valid Loss: 0.02756, EPS: 0.4870000000000001
Epoch: 57, Train Loss: 0.00356, Valid Loss: 0.02762, EPS: 0.4780000000000001
Epoch: 58, Train Loss: 0.00348, Valid Loss: 0.02758, EPS: 0.4690000000000001
Epoch: 59, Train Loss: 0.00350, Valid Loss: 0.02753, EPS: 0.4600000000000001
Epoch: 60, Train Loss: 0.00343, Valid Loss: 0.02746, EPS: 0.45100000000000007
Epoch: 61, Train Loss: 0.00343, Valid Loss: 0.02766, EPS: 0.44200000000000006
Epoch: 62, Train Loss: 0.00343, Valid Loss: 0.02744, EPS: 0.43300000000000005
Epoch: 63, Train Loss: 0.00338, Valid Loss: 0.02755, EPS: 0.42400000000000004
Epoch: 64, Train Loss: 0.00338, Valid Loss: 0.02727, EPS: 0.41500000000000004
Epoch: 65, Train Loss: 0.00335, Valid Loss: 0.02746, EPS: 0.406
Epoch: 66, Train Loss: 0.00335, Valid Loss: 0.02745, EPS: 0.397
Epoch: 67, Train Loss: 0.00333, Valid Loss: 0.02761, EPS: 0.388
Epoch: 68, Train Loss: 0.00330, Valid Loss: 0.02759, EPS: 0.3790000000000001
Epoch: 69, Train Loss: 0.00331, Valid Loss: 0.02755, EPS: 0.3700000000000001
Epoch: 70, Train Loss: 0.00331, Valid Loss: 0.02736, EPS: 0.3610000000000001
Epoch: 71, Train Loss: 0.00323, Valid Loss: 0.02734, EPS: 0.3520000000000001
Epoch: 72, Train Loss: 0.00326, Valid Loss: 0.02755, EPS: 0.343
Epoch: 73, Train Loss: 0.00325, Valid Loss: 0.02731, EPS: 0.334
Epoch: 74, Train Loss: 0.00317, Valid Loss: 0.02742, EPS: 0.325
Epoch: 75, Train Loss: 0.00322, Valid Loss: 0.02730, EPS: 0.316
Epoch: 76, Train Loss: 0.00314, Valid Loss: 0.02724, EPS: 0.307
Epoch: 77, Train Loss: 0.00311, Valid Loss: 0.02739, EPS: 0.298
Epoch: 78, Train Loss: 0.00302, Valid Loss: 0.02741, EPS: 0.289
Epoch: 79, Train Loss: 0.00300, Valid Loss: 0.02716, EPS: 0.27999999999999997
Epoch: 80, Train Loss: 0.00294, Valid Loss: 0.02712, EPS: 0.27099999999999996
Epoch: 81, Train Loss: 0.00298, Valid Loss: 0.02726, EPS: 0.26200000000000007
Epoch: 82, Train Loss: 0.00297, Valid Loss: 0.02710, EPS: 0.25300000000000006
Epoch: 83, Train Loss: 0.00290, Valid Loss: 0.02730, EPS: 0.24400000000000005
Epoch: 84, Train Loss: 0.00293, Valid Loss: 0.02743, EPS: 0.23500000000000004
Epoch: 85, Train Loss: 0.00292, Valid Loss: 0.02719, EPS: 0.22600000000000003
Epoch: 86, Train Loss: 0.00293, Valid Loss: 0.02703, EPS: 0.21700000000000003
Epoch: 87, Train Loss: 0.00290, Valid Loss: 0.02731, EPS: 0.20800000000000002
Epoch: 88, Train Loss: 0.00288, Valid Loss: 0.02716, EPS: 0.199
Epoch: 89, Train Loss: 0.00291, Valid Loss: 0.02726, EPS: 0.19
Epoch: 90, Train Loss: 0.00286, Valid Loss: 0.02724, EPS: 0.181
Epoch: 91, Train Loss: 0.00287, Valid Loss: 0.02715, EPS: 0.172
Epoch: 92, Train Loss: 0.00288, Valid Loss: 0.02720, EPS: 0.16299999999999998
Epoch: 93, Train Loss: 0.00289, Valid Loss: 0.02703, EPS: 0.15400000000000005
Epoch: 94, Train Loss: 0.00288, Valid Loss: 0.02717, EPS: 0.14500000000000005
Epoch: 95, Train Loss: 0.00285, Valid Loss: 0.02708, EPS: 0.13600000000000004
Epoch: 96, Train Loss: 0.00286, Valid Loss: 0.02723, EPS: 0.12700000000000003
Epoch: 97, Train Loss: 0.00287, Valid Loss: 0.02720, EPS: 0.11800000000000002
Epoch: 98, Train Loss: 0.00287, Valid Loss: 0.02726, EPS: 0.10900000000000001
Epoch: 99, Train Loss: 0.00283, Valid Loss: 0.02722, EPS: 0.1
Test Loss: 0.02713
Test Loss: 0.02724
torch.Size([2806, 5, 64, 32])
torch.Size([935, 5, 64, 32])
torch.Size([937, 5, 64, 32])
Shape: (5, 144, 72)
Epoch: 0, Train Loss: 0.07191, Valid Loss: 0.05345, EPS: 0.991
Epoch: 1, Train Loss: 0.04489, Valid Loss: 0.04324, EPS: 0.982
Epoch: 2, Train Loss: 0.03466, Valid Loss: 0.03672, EPS: 0.973
Epoch: 3, Train Loss: 0.02853, Valid Loss: 0.03276, EPS: 0.964
Epoch: 4, Train Loss: 0.02439, Valid Loss: 0.03079, EPS: 0.955
Epoch: 5, Train Loss: 0.02165, Valid Loss: 0.02925, EPS: 0.946
Epoch: 6, Train Loss: 0.01963, Valid Loss: 0.02795, EPS: 0.9369999999999999
Epoch: 7, Train Loss: 0.01814, Valid Loss: 0.02713, EPS: 0.928
Epoch: 8, Train Loss: 0.01682, Valid Loss: 0.02679, EPS: 0.919
Epoch: 9, Train Loss: 0.01620, Valid Loss: 0.02678, EPS: 0.91
Epoch: 10, Train Loss: 0.01545, Valid Loss: 0.02589, EPS: 0.901
Epoch: 11, Train Loss: 0.01479, Valid Loss: 0.02642, EPS: 0.892
Epoch: 12, Train Loss: 0.01452, Valid Loss: 0.02628, EPS: 0.883
Epoch: 13, Train Loss: 0.01417, Valid Loss: 0.02587, EPS: 0.874
Epoch: 14, Train Loss: 0.01380, Valid Loss: 0.02612, EPS: 0.865
Epoch: 15, Train Loss: 0.01346, Valid Loss: 0.02549, EPS: 0.856
Epoch: 16, Train Loss: 0.01305, Valid Loss: 0.02605, EPS: 0.847
Epoch: 17, Train Loss: 0.01316, Valid Loss: 0.02646, EPS: 0.8380000000000001
Epoch: 18, Train Loss: 0.01321, Valid Loss: 0.02616, EPS: 0.8290000000000001
Epoch: 19, Train Loss: 0.01303, Valid Loss: 0.02571, EPS: 0.8200000000000001
Epoch: 20, Train Loss: 0.01295, Valid Loss: 0.02601, EPS: 0.811
Epoch: 21, Train Loss: 0.01274, Valid Loss: 0.02641, EPS: 0.802
Epoch: 22, Train Loss: 0.01289, Valid Loss: 0.02663, EPS: 0.793
Epoch: 23, Train Loss: 0.01274, Valid Loss: 0.02632, EPS: 0.784
Epoch: 24, Train Loss: 0.01254, Valid Loss: 0.02616, EPS: 0.775
Epoch: 25, Train Loss: 0.01256, Valid Loss: 0.02564, EPS: 0.766
Epoch: 26, Train Loss: 0.01219, Valid Loss: 0.02615, EPS: 0.757
Epoch: 27, Train Loss: 0.01035, Valid Loss: 0.02424, EPS: 0.748
Epoch: 28, Train Loss: 0.00888, Valid Loss: 0.02383, EPS: 0.739
Epoch: 29, Train Loss: 0.00816, Valid Loss: 0.02355, EPS: 0.73
Epoch: 30, Train Loss: 0.00778, Valid Loss: 0.02325, EPS: 0.721
Epoch: 31, Train Loss: 0.00746, Valid Loss: 0.02327, EPS: 0.712
Epoch: 32, Train Loss: 0.00727, Valid Loss: 0.02294, EPS: 0.703
Epoch: 33, Train Loss: 0.00715, Valid Loss: 0.02303, EPS: 0.694
Epoch: 34, Train Loss: 0.00701, Valid Loss: 0.02323, EPS: 0.685
Epoch: 35, Train Loss: 0.00691, Valid Loss: 0.02299, EPS: 0.676
Epoch: 36, Train Loss: 0.00684, Valid Loss: 0.02326, EPS: 0.667
Epoch: 37, Train Loss: 0.00669, Valid Loss: 0.02314, EPS: 0.658
Epoch: 38, Train Loss: 0.00669, Valid Loss: 0.02325, EPS: 0.649
Epoch: 39, Train Loss: 0.00655, Valid Loss: 0.02302, EPS: 0.64
Epoch: 40, Train Loss: 0.00642, Valid Loss: 0.02307, EPS: 0.6310000000000001
Epoch: 41, Train Loss: 0.00639, Valid Loss: 0.02303, EPS: 0.6220000000000001
Epoch: 42, Train Loss: 0.00636, Valid Loss: 0.02308, EPS: 0.6130000000000001
Epoch: 43, Train Loss: 0.00627, Valid Loss: 0.02308, EPS: 0.6040000000000001
Epoch: 44, Train Loss: 0.00604, Valid Loss: 0.02316, EPS: 0.5950000000000001
Epoch: 45, Train Loss: 0.00596, Valid Loss: 0.02312, EPS: 0.5860000000000001
Epoch: 46, Train Loss: 0.00594, Valid Loss: 0.02296, EPS: 0.5770000000000001
Epoch: 47, Train Loss: 0.00585, Valid Loss: 0.02281, EPS: 0.5680000000000001
Epoch: 48, Train Loss: 0.00587, Valid Loss: 0.02290, EPS: 0.559
Epoch: 49, Train Loss: 0.00580, Valid Loss: 0.02313, EPS: 0.55
Epoch: 50, Train Loss: 0.00581, Valid Loss: 0.02284, EPS: 0.541
Epoch: 51, Train Loss: 0.00580, Valid Loss: 0.02295, EPS: 0.532
Epoch: 52, Train Loss: 0.00576, Valid Loss: 0.02286, EPS: 0.523
Epoch: 53, Train Loss: 0.00577, Valid Loss: 0.02319, EPS: 0.514
Epoch: 54, Train Loss: 0.00575, Valid Loss: 0.02297, EPS: 0.505
Epoch: 55, Train Loss: 0.00574, Valid Loss: 0.02310, EPS: 0.496
Epoch: 56, Train Loss: 0.00572, Valid Loss: 0.02301, EPS: 0.4870000000000001
Epoch: 57, Train Loss: 0.00573, Valid Loss: 0.02325, EPS: 0.4780000000000001
Epoch: 58, Train Loss: 0.00567, Valid Loss: 0.02308, EPS: 0.4690000000000001
Epoch: 59, Train Loss: 0.00569, Valid Loss: 0.02304, EPS: 0.4600000000000001
Epoch: 60, Train Loss: 0.00568, Valid Loss: 0.02297, EPS: 0.45100000000000007
Epoch: 61, Train Loss: 0.00568, Valid Loss: 0.02295, EPS: 0.44200000000000006
Epoch: 62, Train Loss: 0.00565, Valid Loss: 0.02302, EPS: 0.43300000000000005
Epoch: 63, Train Loss: 0.00568, Valid Loss: 0.02301, EPS: 0.42400000000000004
Epoch: 64, Train Loss: 0.00568, Valid Loss: 0.02296, EPS: 0.41500000000000004
Epoch: 65, Train Loss: 0.00563, Valid Loss: 0.02321, EPS: 0.406
Epoch: 66, Train Loss: 0.00566, Valid Loss: 0.02305, EPS: 0.397
Epoch: 67, Train Loss: 0.00565, Valid Loss: 0.02308, EPS: 0.388
Epoch: 68, Train Loss: 0.00565, Valid Loss: 0.02293, EPS: 0.3790000000000001
Epoch: 69, Train Loss: 0.00566, Valid Loss: 0.02309, EPS: 0.3700000000000001
Epoch: 70, Train Loss: 0.00564, Valid Loss: 0.02296, EPS: 0.3610000000000001
Epoch: 71, Train Loss: 0.00565, Valid Loss: 0.02301, EPS: 0.3520000000000001
Epoch: 72, Train Loss: 0.00565, Valid Loss: 0.02292, EPS: 0.343
Epoch: 73, Train Loss: 0.00567, Valid Loss: 0.02303, EPS: 0.334
Epoch: 74, Train Loss: 0.00566, Valid Loss: 0.02303, EPS: 0.325
Epoch: 75, Train Loss: 0.00565, Valid Loss: 0.02300, EPS: 0.316
Epoch: 76, Train Loss: 0.00567, Valid Loss: 0.02309, EPS: 0.307
Epoch: 77, Train Loss: 0.00566, Valid Loss: 0.02308, EPS: 0.298
Epoch: 78, Train Loss: 0.00564, Valid Loss: 0.02300, EPS: 0.289
Epoch: 79, Train Loss: 0.00562, Valid Loss: 0.02300, EPS: 0.27999999999999997
Epoch: 80, Train Loss: 0.00567, Valid Loss: 0.02288, EPS: 0.27099999999999996
Epoch: 81, Train Loss: 0.00567, Valid Loss: 0.02313, EPS: 0.26200000000000007
Epoch: 82, Train Loss: 0.00564, Valid Loss: 0.02301, EPS: 0.25300000000000006
Epoch: 83, Train Loss: 0.00567, Valid Loss: 0.02302, EPS: 0.24400000000000005
Epoch: 84, Train Loss: 0.00566, Valid Loss: 0.02307, EPS: 0.23500000000000004
Epoch: 85, Train Loss: 0.00567, Valid Loss: 0.02315, EPS: 0.22600000000000003
Epoch: 86, Train Loss: 0.00565, Valid Loss: 0.02287, EPS: 0.21700000000000003
Epoch: 87, Train Loss: 0.00566, Valid Loss: 0.02305, EPS: 0.20800000000000002
Epoch: 88, Train Loss: 0.00563, Valid Loss: 0.02300, EPS: 0.199
Epoch: 89, Train Loss: 0.00568, Valid Loss: 0.02301, EPS: 0.19
Epoch: 90, Train Loss: 0.00563, Valid Loss: 0.02320, EPS: 0.181
Epoch: 91, Train Loss: 0.00567, Valid Loss: 0.02299, EPS: 0.172
Epoch: 92, Train Loss: 0.00565, Valid Loss: 0.02303, EPS: 0.16299999999999998
Epoch: 93, Train Loss: 0.00566, Valid Loss: 0.02301, EPS: 0.15400000000000005
Epoch: 94, Train Loss: 0.00563, Valid Loss: 0.02301, EPS: 0.14500000000000005
Epoch: 95, Train Loss: 0.00564, Valid Loss: 0.02292, EPS: 0.13600000000000004
Epoch: 96, Train Loss: 0.00566, Valid Loss: 0.02304, EPS: 0.12700000000000003
Epoch: 97, Train Loss: 0.00561, Valid Loss: 0.02309, EPS: 0.11800000000000002
Epoch: 98, Train Loss: 0.00566, Valid Loss: 0.02302, EPS: 0.10900000000000001
Epoch: 99, Train Loss: 0.00565, Valid Loss: 0.02293, EPS: 0.1
Test Loss: 0.02297
Test Loss: 0.02269
torch.Size([2806, 5, 64, 32])
torch.Size([935, 5, 64, 32])
torch.Size([937, 5, 64, 32])
Shape: (5, 144, 72)
Epoch: 0, Train Loss: 0.08251, Valid Loss: 0.06343, EPS: 0.991
Epoch: 1, Train Loss: 0.05483, Valid Loss: 0.05147, EPS: 0.982
Epoch: 2, Train Loss: 0.04355, Valid Loss: 0.04648, EPS: 0.973
Epoch: 3, Train Loss: 0.03620, Valid Loss: 0.04219, EPS: 0.964
Epoch: 4, Train Loss: 0.03056, Valid Loss: 0.03894, EPS: 0.955
Epoch: 5, Train Loss: 0.02622, Valid Loss: 0.03696, EPS: 0.946
Epoch: 6, Train Loss: 0.02301, Valid Loss: 0.03503, EPS: 0.9369999999999999
Epoch: 7, Train Loss: 0.02061, Valid Loss: 0.03361, EPS: 0.928
Epoch: 8, Train Loss: 0.01847, Valid Loss: 0.03232, EPS: 0.919
Epoch: 9, Train Loss: 0.01644, Valid Loss: 0.03172, EPS: 0.91
Epoch: 10, Train Loss: 0.01499, Valid Loss: 0.03124, EPS: 0.901
Epoch: 11, Train Loss: 0.01394, Valid Loss: 0.03126, EPS: 0.892
Epoch: 12, Train Loss: 0.01329, Valid Loss: 0.03050, EPS: 0.883
Epoch: 13, Train Loss: 0.01251, Valid Loss: 0.03087, EPS: 0.874
Epoch: 14, Train Loss: 0.01188, Valid Loss: 0.03147, EPS: 0.865
Epoch: 15, Train Loss: 0.01149, Valid Loss: 0.03119, EPS: 0.856
Epoch: 16, Train Loss: 0.01090, Valid Loss: 0.03029, EPS: 0.847
Epoch: 17, Train Loss: 0.01044, Valid Loss: 0.03013, EPS: 0.8380000000000001
Epoch: 18, Train Loss: 0.01012, Valid Loss: 0.03133, EPS: 0.8290000000000001
Epoch: 19, Train Loss: 0.00997, Valid Loss: 0.03109, EPS: 0.8200000000000001
Epoch: 20, Train Loss: 0.00964, Valid Loss: 0.03116, EPS: 0.811
Epoch: 21, Train Loss: 0.00942, Valid Loss: 0.03147, EPS: 0.802
Epoch: 22, Train Loss: 0.00926, Valid Loss: 0.03141, EPS: 0.793
Epoch: 23, Train Loss: 0.00914, Valid Loss: 0.03116, EPS: 0.784
Epoch: 24, Train Loss: 0.00907, Valid Loss: 0.03100, EPS: 0.775
Epoch: 25, Train Loss: 0.00889, Valid Loss: 0.03111, EPS: 0.766
Epoch: 26, Train Loss: 0.00879, Valid Loss: 0.03059, EPS: 0.757
Epoch: 27, Train Loss: 0.00845, Valid Loss: 0.03033, EPS: 0.748
Epoch: 28, Train Loss: 0.00835, Valid Loss: 0.03046, EPS: 0.739
Epoch: 29, Train Loss: 0.00741, Valid Loss: 0.03004, EPS: 0.73
Epoch: 30, Train Loss: 0.00627, Valid Loss: 0.02920, EPS: 0.721
Epoch: 31, Train Loss: 0.00570, Valid Loss: 0.02928, EPS: 0.712
Epoch: 32, Train Loss: 0.00525, Valid Loss: 0.02860, EPS: 0.703
Epoch: 33, Train Loss: 0.00493, Valid Loss: 0.02862, EPS: 0.694
Epoch: 34, Train Loss: 0.00477, Valid Loss: 0.02833, EPS: 0.685
Epoch: 35, Train Loss: 0.00457, Valid Loss: 0.02862, EPS: 0.676
Epoch: 36, Train Loss: 0.00449, Valid Loss: 0.02803, EPS: 0.667
Epoch: 37, Train Loss: 0.00437, Valid Loss: 0.02812, EPS: 0.658
Epoch: 38, Train Loss: 0.00431, Valid Loss: 0.02845, EPS: 0.649
Epoch: 39, Train Loss: 0.00419, Valid Loss: 0.02792, EPS: 0.64
Epoch: 40, Train Loss: 0.00416, Valid Loss: 0.02825, EPS: 0.6310000000000001
Epoch: 41, Train Loss: 0.00406, Valid Loss: 0.02801, EPS: 0.6220000000000001
Epoch: 42, Train Loss: 0.00398, Valid Loss: 0.02819, EPS: 0.6130000000000001
Epoch: 43, Train Loss: 0.00393, Valid Loss: 0.02816, EPS: 0.6040000000000001
Epoch: 44, Train Loss: 0.00390, Valid Loss: 0.02798, EPS: 0.5950000000000001
Epoch: 45, Train Loss: 0.00389, Valid Loss: 0.02785, EPS: 0.5860000000000001
Epoch: 46, Train Loss: 0.00386, Valid Loss: 0.02785, EPS: 0.5770000000000001
Epoch: 47, Train Loss: 0.00384, Valid Loss: 0.02769, EPS: 0.5680000000000001
Epoch: 48, Train Loss: 0.00372, Valid Loss: 0.02807, EPS: 0.559
Epoch: 49, Train Loss: 0.00376, Valid Loss: 0.02777, EPS: 0.55
Epoch: 50, Train Loss: 0.00373, Valid Loss: 0.02775, EPS: 0.541
Epoch: 51, Train Loss: 0.00366, Valid Loss: 0.02780, EPS: 0.532
Epoch: 52, Train Loss: 0.00364, Valid Loss: 0.02769, EPS: 0.523
Epoch: 53, Train Loss: 0.00369, Valid Loss: 0.02787, EPS: 0.514
Epoch: 54, Train Loss: 0.00359, Valid Loss: 0.02782, EPS: 0.505
Epoch: 55, Train Loss: 0.00361, Valid Loss: 0.02777, EPS: 0.496
Epoch: 56, Train Loss: 0.00352, Valid Loss: 0.02771, EPS: 0.4870000000000001
Epoch: 57, Train Loss: 0.00354, Valid Loss: 0.02756, EPS: 0.4780000000000001
Epoch: 58, Train Loss: 0.00356, Valid Loss: 0.02782, EPS: 0.4690000000000001
Epoch: 59, Train Loss: 0.00352, Valid Loss: 0.02778, EPS: 0.4600000000000001
Epoch: 60, Train Loss: 0.00346, Valid Loss: 0.02770, EPS: 0.45100000000000007
Epoch: 61, Train Loss: 0.00344, Valid Loss: 0.02756, EPS: 0.44200000000000006
Epoch: 62, Train Loss: 0.00348, Valid Loss: 0.02772, EPS: 0.43300000000000005
Epoch: 63, Train Loss: 0.00345, Valid Loss: 0.02758, EPS: 0.42400000000000004
Epoch: 64, Train Loss: 0.00343, Valid Loss: 0.02770, EPS: 0.41500000000000004
Epoch: 65, Train Loss: 0.00342, Valid Loss: 0.02738, EPS: 0.406
Epoch: 66, Train Loss: 0.00335, Valid Loss: 0.02768, EPS: 0.397
Epoch: 67, Train Loss: 0.00335, Valid Loss: 0.02745, EPS: 0.388
Epoch: 68, Train Loss: 0.00335, Valid Loss: 0.02772, EPS: 0.3790000000000001
Epoch: 69, Train Loss: 0.00336, Valid Loss: 0.02768, EPS: 0.3700000000000001
Epoch: 70, Train Loss: 0.00328, Valid Loss: 0.02761, EPS: 0.3610000000000001
Epoch: 71, Train Loss: 0.00330, Valid Loss: 0.02780, EPS: 0.3520000000000001
Epoch: 72, Train Loss: 0.00326, Valid Loss: 0.02765, EPS: 0.343
Epoch: 73, Train Loss: 0.00331, Valid Loss: 0.02767, EPS: 0.334
Epoch: 74, Train Loss: 0.00326, Valid Loss: 0.02754, EPS: 0.325
Epoch: 75, Train Loss: 0.00326, Valid Loss: 0.02760, EPS: 0.316
Epoch: 76, Train Loss: 0.00321, Valid Loss: 0.02741, EPS: 0.307
Epoch: 77, Train Loss: 0.00313, Valid Loss: 0.02748, EPS: 0.298
Epoch: 78, Train Loss: 0.00307, Valid Loss: 0.02729, EPS: 0.289
Epoch: 79, Train Loss: 0.00299, Valid Loss: 0.02728, EPS: 0.27999999999999997
Epoch: 80, Train Loss: 0.00296, Valid Loss: 0.02751, EPS: 0.27099999999999996
Epoch: 81, Train Loss: 0.00290, Valid Loss: 0.02717, EPS: 0.26200000000000007
Epoch: 82, Train Loss: 0.00289, Valid Loss: 0.02747, EPS: 0.25300000000000006
Epoch: 83, Train Loss: 0.00285, Valid Loss: 0.02739, EPS: 0.24400000000000005
Epoch: 84, Train Loss: 0.00290, Valid Loss: 0.02734, EPS: 0.23500000000000004
Epoch: 85, Train Loss: 0.00285, Valid Loss: 0.02741, EPS: 0.22600000000000003
Epoch: 86, Train Loss: 0.00282, Valid Loss: 0.02734, EPS: 0.21700000000000003
Epoch: 87, Train Loss: 0.00283, Valid Loss: 0.02750, EPS: 0.20800000000000002
Epoch: 88, Train Loss: 0.00282, Valid Loss: 0.02725, EPS: 0.199
Epoch: 89, Train Loss: 0.00282, Valid Loss: 0.02733, EPS: 0.19
Epoch: 90, Train Loss: 0.00282, Valid Loss: 0.02721, EPS: 0.181
Epoch: 91, Train Loss: 0.00280, Valid Loss: 0.02752, EPS: 0.172
Epoch: 92, Train Loss: 0.00279, Valid Loss: 0.02765, EPS: 0.16299999999999998
Epoch: 93, Train Loss: 0.00280, Valid Loss: 0.02728, EPS: 0.15400000000000005
Epoch: 94, Train Loss: 0.00278, Valid Loss: 0.02744, EPS: 0.14500000000000005
Epoch: 95, Train Loss: 0.00276, Valid Loss: 0.02739, EPS: 0.13600000000000004
Epoch: 96, Train Loss: 0.00277, Valid Loss: 0.02746, EPS: 0.12700000000000003
Epoch: 97, Train Loss: 0.00276, Valid Loss: 0.02729, EPS: 0.11800000000000002
Epoch: 98, Train Loss: 0.00276, Valid Loss: 0.02775, EPS: 0.10900000000000001
Epoch: 99, Train Loss: 0.00276, Valid Loss: 0.02739, EPS: 0.1
Test Loss: 0.02738
Test Loss: 0.02797
