Train shape: torch.Size([14031, 5, 64, 32])
Valid shape: torch.Size([4677, 5, 64, 32])
Test shape: torch.Size([4678, 5, 64, 32])
Shape: (5, 144, 72)
Epoch: 0, Train Loss = 0.44, Valid loss = 0.35, lr = 0.00100
Epoch: 1, Train Loss = 0.34, Valid loss = 0.34, lr = 0.00100
Epoch: 2, Train Loss = 0.32, Valid loss = 0.33, lr = 0.00100
Epoch: 3, Train Loss = 0.32, Valid loss = 0.33, lr = 0.00100
Epoch: 4, Train Loss = 0.32, Valid loss = 0.33, lr = 0.00100
Epoch: 5, Train Loss = 0.31, Valid loss = 0.33, lr = 0.00100
Epoch: 6, Train Loss = 0.31, Valid loss = 0.32, lr = 0.00100
Epoch: 7, Train Loss = 0.31, Valid loss = 0.32, lr = 0.00100
Epoch: 8, Train Loss = 0.30, Valid loss = 0.31, lr = 0.00100
Epoch: 9, Train Loss = 0.30, Valid loss = 0.31, lr = 0.00100
Epoch: 10, Train Loss = 0.30, Valid loss = 0.31, lr = 0.00100
Epoch: 11, Train Loss = 0.30, Valid loss = 0.31, lr = 0.00100
Epoch: 12, Train Loss = 0.30, Valid loss = 0.32, lr = 0.00100
Epoch: 13, Train Loss = 0.30, Valid loss = 0.31, lr = 0.00100
Epoch: 14, Train Loss = 0.30, Valid loss = 0.31, lr = 0.00100
Epoch: 15, Train Loss = 0.30, Valid loss = 0.31, lr = 0.00100
Epoch: 16, Train Loss = 0.30, Valid loss = 0.31, lr = 0.00100
Epoch: 17, Train Loss = 0.30, Valid loss = 0.31, lr = 0.00100
Epoch: 18, Train Loss = 0.30, Valid loss = 0.31, lr = 0.00100
Epoch: 19, Train Loss = 0.30, Valid loss = 0.31, lr = 0.00100
Epoch: 20, Train Loss = 0.29, Valid loss = 0.31, lr = 0.00100
Epoch: 21, Train Loss = 0.29, Valid loss = 0.30, lr = 0.00100
Epoch: 22, Train Loss = 0.29, Valid loss = 0.30, lr = 0.00100
Epoch: 23, Train Loss = 0.29, Valid loss = 0.30, lr = 0.00100
Epoch: 24, Train Loss = 0.29, Valid loss = 0.30, lr = 0.00100
Epoch: 25, Train Loss = 0.28, Valid loss = 0.30, lr = 0.00100
Epoch: 26, Train Loss = 0.28, Valid loss = 0.30, lr = 0.00100
Epoch: 27, Train Loss = 0.28, Valid loss = 0.30, lr = 0.00100
Epoch: 28, Train Loss = 0.28, Valid loss = 0.30, lr = 0.00100
Epoch: 29, Train Loss = 0.28, Valid loss = 0.30, lr = 0.00100
Epoch: 30, Train Loss = 0.28, Valid loss = 0.30, lr = 0.00100
Epoch: 31, Train Loss = 0.28, Valid loss = 0.30, lr = 0.00100
Epoch: 32, Train Loss = 0.28, Valid loss = 0.30, lr = 0.00100
Epoch: 33, Train Loss = 0.28, Valid loss = 0.30, lr = 0.00100
Epoch: 34, Train Loss = 0.28, Valid loss = 0.30, lr = 0.00100
Epoch: 35, Train Loss = 0.27, Valid loss = 0.30, lr = 0.00100
Epoch: 36, Train Loss = 0.27, Valid loss = 0.30, lr = 0.00100
Epoch: 37, Train Loss = 0.27, Valid loss = 0.30, lr = 0.00100
Epoch: 38, Train Loss = 0.27, Valid loss = 0.30, lr = 0.00100
Epoch: 39, Train Loss = 0.37, Valid loss = 0.47, lr = 0.00100
Epoch: 40, Train Loss = 0.41, Valid loss = 0.39, lr = 0.00100
Epoch: 41, Train Loss = 0.38, Valid loss = 0.38, lr = 0.00100
Epoch: 42, Train Loss = 0.37, Valid loss = 0.38, lr = 0.00100
Epoch: 43, Train Loss = 0.36, Valid loss = 0.37, lr = 0.00100
Epoch: 44, Train Loss = 0.36, Valid loss = 0.37, lr = 0.00100
Epoch: 45, Train Loss = 0.36, Valid loss = 0.37, lr = 0.00100
Epoch: 46, Train Loss = 0.36, Valid loss = 0.37, lr = 0.00010
Epoch: 47, Train Loss = 0.36, Valid loss = 0.37, lr = 0.00010
Epoch: 48, Train Loss = 0.36, Valid loss = 0.37, lr = 0.00010
Epoch: 49, Train Loss = 0.36, Valid loss = 0.36, lr = 0.00010
Epoch: 50, Train Loss = 0.36, Valid loss = 0.36, lr = 0.00010
Epoch: 51, Train Loss = 0.35, Valid loss = 0.36, lr = 0.00010
Epoch: 52, Train Loss = 0.35, Valid loss = 0.36, lr = 0.00010
Epoch: 53, Train Loss = 0.35, Valid loss = 0.36, lr = 0.00010
Epoch: 54, Train Loss = 0.35, Valid loss = 0.36, lr = 0.00010
Epoch: 55, Train Loss = 0.35, Valid loss = 0.35, lr = 0.00010
Epoch: 56, Train Loss = 0.34, Valid loss = 0.35, lr = 0.00010
Epoch: 57, Train Loss = 0.34, Valid loss = 0.35, lr = 0.00001
Epoch: 58, Train Loss = 0.34, Valid loss = 0.35, lr = 0.00001
Epoch: 59, Train Loss = 0.34, Valid loss = 0.35, lr = 0.00001
Epoch: 60, Train Loss = 0.34, Valid loss = 0.35, lr = 0.00001
Epoch: 61, Train Loss = 0.34, Valid loss = 0.35, lr = 0.00001
Epoch: 62, Train Loss = 0.34, Valid loss = 0.35, lr = 0.00001
Epoch: 63, Train Loss = 0.34, Valid loss = 0.35, lr = 0.00001
Epoch: 64, Train Loss = 0.34, Valid loss = 0.35, lr = 0.00001
Epoch: 65, Train Loss = 0.34, Valid loss = 0.35, lr = 0.00001
Epoch: 66, Train Loss = 0.34, Valid loss = 0.35, lr = 0.00001
Epoch: 67, Train Loss = 0.34, Valid loss = 0.35, lr = 0.00001
Epoch: 68, Train Loss = 0.34, Valid loss = 0.35, lr = 0.00000
Epoch: 69, Train Loss = 0.34, Valid loss = 0.35, lr = 0.00000
Epoch: 70, Train Loss = 0.34, Valid loss = 0.35, lr = 0.00000
Epoch: 71, Train Loss = 0.34, Valid loss = 0.35, lr = 0.00000
Epoch: 72, Train Loss = 0.34, Valid loss = 0.35, lr = 0.00000
Epoch: 73, Train Loss = 0.34, Valid loss = 0.35, lr = 0.00000
Epoch: 74, Train Loss = 0.34, Valid loss = 0.35, lr = 0.00000
Epoch: 75, Train Loss = 0.34, Valid loss = 0.35, lr = 0.00000
Epoch: 76, Train Loss = 0.34, Valid loss = 0.35, lr = 0.00000
Epoch: 77, Train Loss = 0.34, Valid loss = 0.35, lr = 0.00000
Epoch: 78, Train Loss = 0.34, Valid loss = 0.35, lr = 0.00000
Epoch: 79, Train Loss = 0.34, Valid loss = 0.35, lr = 0.00000
Epoch: 80, Train Loss = 0.34, Valid loss = 0.35, lr = 0.00000
Epoch: 81, Train Loss = 0.34, Valid loss = 0.35, lr = 0.00000
Epoch: 82, Train Loss = 0.34, Valid loss = 0.35, lr = 0.00000
Epoch: 83, Train Loss = 0.34, Valid loss = 0.35, lr = 0.00000
Epoch: 84, Train Loss = 0.34, Valid loss = 0.35, lr = 0.00000
Epoch: 85, Train Loss = 0.34, Valid loss = 0.35, lr = 0.00000
Epoch: 86, Train Loss = 0.34, Valid loss = 0.35, lr = 0.00000
Epoch: 87, Train Loss = 0.34, Valid loss = 0.35, lr = 0.00000
Epoch: 88, Train Loss = 0.34, Valid loss = 0.35, lr = 0.00000
Epoch: 89, Train Loss = 0.34, Valid loss = 0.35, lr = 0.00000
Epoch: 90, Train Loss = 0.34, Valid loss = 0.35, lr = 0.00000
Epoch: 91, Train Loss = 0.34, Valid loss = 0.35, lr = 0.00000
Epoch: 92, Train Loss = 0.34, Valid loss = 0.35, lr = 0.00000
Epoch: 93, Train Loss = 0.34, Valid loss = 0.35, lr = 0.00000
Epoch: 94, Train Loss = 0.34, Valid loss = 0.35, lr = 0.00000
Epoch: 95, Train Loss = 0.34, Valid loss = 0.35, lr = 0.00000
Epoch: 96, Train Loss = 0.34, Valid loss = 0.35, lr = 0.00000
Epoch: 97, Train Loss = 0.34, Valid loss = 0.35, lr = 0.00000
Epoch: 98, Train Loss = 0.34, Valid loss = 0.35, lr = 0.00000
Epoch: 99, Train Loss = 0.34, Valid loss = 0.35, lr = 0.00000
Epoch: 100, Train Loss = 0.34, Valid loss = 0.35, lr = 0.00000
Epoch: 101, Train Loss = 0.34, Valid loss = 0.35, lr = 0.00000
Epoch: 102, Train Loss = 0.34, Valid loss = 0.35, lr = 0.00000
Epoch: 103, Train Loss = 0.34, Valid loss = 0.35, lr = 0.00000
Epoch: 104, Train Loss = 0.34, Valid loss = 0.35, lr = 0.00000
Epoch: 105, Train Loss = 0.34, Valid loss = 0.35, lr = 0.00000
Epoch: 106, Train Loss = 0.34, Valid loss = 0.35, lr = 0.00000
Epoch: 107, Train Loss = 0.34, Valid loss = 0.35, lr = 0.00000
Epoch: 108, Train Loss = 0.34, Valid loss = 0.35, lr = 0.00000
Epoch: 109, Train Loss = 0.34, Valid loss = 0.35, lr = 0.00000
Epoch: 110, Train Loss = 0.34, Valid loss = 0.35, lr = 0.00000
Epoch: 111, Train Loss = 0.34, Valid loss = 0.35, lr = 0.00000
Epoch: 112, Train Loss = 0.34, Valid loss = 0.35, lr = 0.00000
Epoch: 113, Train Loss = 0.34, Valid loss = 0.35, lr = 0.00000
Epoch: 114, Train Loss = 0.34, Valid loss = 0.35, lr = 0.00000
Epoch: 115, Train Loss = 0.34, Valid loss = 0.35, lr = 0.00000
Epoch: 116, Train Loss = 0.34, Valid loss = 0.35, lr = 0.00000
Epoch: 117, Train Loss = 0.34, Valid loss = 0.35, lr = 0.00000
Epoch: 118, Train Loss = 0.34, Valid loss = 0.35, lr = 0.00000
Epoch: 119, Train Loss = 0.34, Valid loss = 0.35, lr = 0.00000
Epoch: 120, Train Loss = 0.34, Valid loss = 0.35, lr = 0.00000
Epoch: 121, Train Loss = 0.34, Valid loss = 0.35, lr = 0.00000
Epoch: 122, Train Loss = 0.34, Valid loss = 0.35, lr = 0.00000
Epoch: 123, Train Loss = 0.34, Valid loss = 0.35, lr = 0.00000
Epoch: 124, Train Loss = 0.34, Valid loss = 0.35, lr = 0.00000
Epoch: 125, Train Loss = 0.34, Valid loss = 0.35, lr = 0.00000
Epoch: 126, Train Loss = 0.34, Valid loss = 0.35, lr = 0.00000
Epoch: 127, Train Loss = 0.34, Valid loss = 0.35, lr = 0.00000
Epoch: 128, Train Loss = 0.34, Valid loss = 0.35, lr = 0.00000
Epoch: 129, Train Loss = 0.34, Valid loss = 0.35, lr = 0.00000
Epoch: 130, Train Loss = 0.34, Valid loss = 0.35, lr = 0.00000
Epoch: 131, Train Loss = 0.34, Valid loss = 0.35, lr = 0.00000
Epoch: 132, Train Loss = 0.34, Valid loss = 0.35, lr = 0.00000
Epoch: 133, Train Loss = 0.34, Valid loss = 0.35, lr = 0.00000
Epoch: 134, Train Loss = 0.34, Valid loss = 0.35, lr = 0.00000
Epoch: 135, Train Loss = 0.34, Valid loss = 0.35, lr = 0.00000
Epoch: 136, Train Loss = 0.34, Valid loss = 0.35, lr = 0.00000
Epoch: 137, Train Loss = 0.34, Valid loss = 0.35, lr = 0.00000
Epoch: 138, Train Loss = 0.34, Valid loss = 0.35, lr = 0.00000
Epoch: 139, Train Loss = 0.34, Valid loss = 0.35, lr = 0.00000
Epoch: 140, Train Loss = 0.34, Valid loss = 0.35, lr = 0.00000
Epoch: 141, Train Loss = 0.34, Valid loss = 0.35, lr = 0.00000
Epoch: 142, Train Loss = 0.34, Valid loss = 0.35, lr = 0.00000
Epoch: 143, Train Loss = 0.34, Valid loss = 0.35, lr = 0.00000
Epoch: 144, Train Loss = 0.34, Valid loss = 0.35, lr = 0.00000
Epoch: 145, Train Loss = 0.34, Valid loss = 0.35, lr = 0.00000
Epoch: 146, Train Loss = 0.34, Valid loss = 0.35, lr = 0.00000
Epoch: 147, Train Loss = 0.34, Valid loss = 0.35, lr = 0.00000
Epoch: 148, Train Loss = 0.34, Valid loss = 0.35, lr = 0.00000
Epoch: 149, Train Loss = 0.34, Valid loss = 0.35, lr = 0.00000
Epoch: 150, Train Loss = 0.34, Valid loss = 0.35, lr = 0.00000
Epoch: 151, Train Loss = 0.34, Valid loss = 0.35, lr = 0.00000
Epoch: 152, Train Loss = 0.34, Valid loss = 0.35, lr = 0.00000
Epoch: 153, Train Loss = 0.34, Valid loss = 0.35, lr = 0.00000
Epoch: 154, Train Loss = 0.34, Valid loss = 0.35, lr = 0.00000
Epoch: 155, Train Loss = 0.34, Valid loss = 0.35, lr = 0.00000
Epoch: 156, Train Loss = 0.34, Valid loss = 0.35, lr = 0.00000
Epoch: 157, Train Loss = 0.34, Valid loss = 0.35, lr = 0.00000
Epoch: 158, Train Loss = 0.34, Valid loss = 0.35, lr = 0.00000
Epoch: 159, Train Loss = 0.34, Valid loss = 0.35, lr = 0.00000
Epoch: 160, Train Loss = 0.34, Valid loss = 0.35, lr = 0.00000
Epoch: 161, Train Loss = 0.34, Valid loss = 0.35, lr = 0.00000
Epoch: 162, Train Loss = 0.34, Valid loss = 0.35, lr = 0.00000
Epoch: 163, Train Loss = 0.34, Valid loss = 0.35, lr = 0.00000
Epoch: 164, Train Loss = 0.34, Valid loss = 0.35, lr = 0.00000
Epoch: 165, Train Loss = 0.34, Valid loss = 0.35, lr = 0.00000
Epoch: 166, Train Loss = 0.34, Valid loss = 0.35, lr = 0.00000
Epoch: 167, Train Loss = 0.34, Valid loss = 0.35, lr = 0.00000
Epoch: 168, Train Loss = 0.34, Valid loss = 0.35, lr = 0.00000
Epoch: 169, Train Loss = 0.34, Valid loss = 0.35, lr = 0.00000
Epoch: 170, Train Loss = 0.34, Valid loss = 0.35, lr = 0.00000
Epoch: 171, Train Loss = 0.34, Valid loss = 0.35, lr = 0.00000
Epoch: 172, Train Loss = 0.34, Valid loss = 0.35, lr = 0.00000
Epoch: 173, Train Loss = 0.34, Valid loss = 0.35, lr = 0.00000
Epoch: 174, Train Loss = 0.34, Valid loss = 0.35, lr = 0.00000
Epoch: 175, Train Loss = 0.34, Valid loss = 0.35, lr = 0.00000
Epoch: 176, Train Loss = 0.34, Valid loss = 0.35, lr = 0.00000
Epoch: 177, Train Loss = 0.34, Valid loss = 0.35, lr = 0.00000
Epoch: 178, Train Loss = 0.34, Valid loss = 0.35, lr = 0.00000
Epoch: 179, Train Loss = 0.34, Valid loss = 0.35, lr = 0.00000
Starting Downstream Task
torch.Size([2806, 5, 64, 32])
torch.Size([935, 5, 64, 32])
torch.Size([937, 5, 64, 32])
Shape: (5, 144, 72)
Epoch: 0, Train Loss: 872.51584, Valid Loss: 433.49183, EPS: 0.991
Epoch: 1, Train Loss: 289.19348, Valid Loss: 174.40191, EPS: 0.982
Epoch: 2, Train Loss: 161.38804, Valid Loss: 118.89407, EPS: 0.973
Epoch: 3, Train Loss: 123.72520, Valid Loss: 103.36736, EPS: 0.964
Epoch: 4, Train Loss: 108.53084, Valid Loss: 95.11362, EPS: 0.955
Epoch: 5, Train Loss: 104.58260, Valid Loss: 90.79572, EPS: 0.946
Epoch: 6, Train Loss: 94.84012, Valid Loss: 84.09456, EPS: 0.9369999999999999
Epoch: 7, Train Loss: 90.65949, Valid Loss: 82.20175, EPS: 0.928
Epoch: 8, Train Loss: 92.76722, Valid Loss: 81.84194, EPS: 0.919
Epoch: 9, Train Loss: 86.47719, Valid Loss: 80.15603, EPS: 0.91
Epoch: 10, Train Loss: 85.35761, Valid Loss: 70.68017, EPS: 0.901
Epoch: 11, Train Loss: 73.21549, Valid Loss: 63.63250, EPS: 0.892
Epoch: 12, Train Loss: 68.00734, Valid Loss: 59.43403, EPS: 0.883
Epoch: 13, Train Loss: 77.20348, Valid Loss: 68.69374, EPS: 0.874
Epoch: 14, Train Loss: 79.37821, Valid Loss: 80.28613, EPS: 0.865
Epoch: 15, Train Loss: 84.75598, Valid Loss: 79.06023, EPS: 0.856
Epoch: 16, Train Loss: 86.54490, Valid Loss: 79.88725, EPS: 0.847
Epoch: 17, Train Loss: 85.91945, Valid Loss: 79.38084, EPS: 0.8380000000000001
Epoch: 18, Train Loss: 86.43065, Valid Loss: 78.90975, EPS: 0.8290000000000001
Epoch: 19, Train Loss: 84.52334, Valid Loss: 78.77793, EPS: 0.8200000000000001
Epoch: 20, Train Loss: 84.65039, Valid Loss: 78.85320, EPS: 0.811
Epoch: 21, Train Loss: 84.23043, Valid Loss: 78.10188, EPS: 0.802
Epoch: 22, Train Loss: 84.72210, Valid Loss: 77.19958, EPS: 0.793
Epoch: 23, Train Loss: 84.01853, Valid Loss: 78.66786, EPS: 0.784
Epoch: 24, Train Loss: 83.00250, Valid Loss: 78.59946, EPS: 0.775
Epoch: 25, Train Loss: 83.18809, Valid Loss: 78.64887, EPS: 0.766
Epoch: 26, Train Loss: 85.07267, Valid Loss: 77.97692, EPS: 0.757
Epoch: 27, Train Loss: 85.13083, Valid Loss: 77.37137, EPS: 0.748
Epoch: 28, Train Loss: 83.95059, Valid Loss: 77.79915, EPS: 0.739
Epoch: 29, Train Loss: 83.59157, Valid Loss: 77.84486, EPS: 0.73
Epoch: 30, Train Loss: 82.81400, Valid Loss: 78.22482, EPS: 0.721
Epoch: 31, Train Loss: 83.20049, Valid Loss: 77.70556, EPS: 0.712
Epoch: 32, Train Loss: 82.99495, Valid Loss: 78.05177, EPS: 0.703
Epoch: 33, Train Loss: 83.09798, Valid Loss: 77.81965, EPS: 0.694
Epoch: 34, Train Loss: 82.82100, Valid Loss: 78.27141, EPS: 0.685
Epoch: 35, Train Loss: 83.01379, Valid Loss: 78.06913, EPS: 0.676
Epoch: 36, Train Loss: 82.82941, Valid Loss: 77.95051, EPS: 0.667
Epoch: 37, Train Loss: 82.88570, Valid Loss: 78.34996, EPS: 0.658
Epoch: 38, Train Loss: 83.17442, Valid Loss: 78.21829, EPS: 0.649
Epoch: 39, Train Loss: 83.41689, Valid Loss: 78.02581, EPS: 0.64
Epoch: 40, Train Loss: 83.03417, Valid Loss: 77.85016, EPS: 0.6310000000000001
Epoch: 41, Train Loss: 83.09759, Valid Loss: 77.94038, EPS: 0.6220000000000001
Epoch: 42, Train Loss: 82.85286, Valid Loss: 77.82763, EPS: 0.6130000000000001
Epoch: 43, Train Loss: 82.84343, Valid Loss: 78.09254, EPS: 0.6040000000000001
Epoch: 44, Train Loss: 83.08656, Valid Loss: 78.02881, EPS: 0.5950000000000001
Epoch: 45, Train Loss: 82.91466, Valid Loss: 77.83568, EPS: 0.5860000000000001
Epoch: 46, Train Loss: 82.59893, Valid Loss: 78.02779, EPS: 0.5770000000000001
Epoch: 47, Train Loss: 82.59141, Valid Loss: 78.06959, EPS: 0.5680000000000001
Epoch: 48, Train Loss: 82.78808, Valid Loss: 77.97274, EPS: 0.559
Epoch: 49, Train Loss: 83.09168, Valid Loss: 78.11102, EPS: 0.55
Epoch: 50, Train Loss: 82.68605, Valid Loss: 78.20507, EPS: 0.541
Epoch: 51, Train Loss: 82.86515, Valid Loss: 77.92700, EPS: 0.532
Epoch: 52, Train Loss: 82.72948, Valid Loss: 77.86215, EPS: 0.523
Epoch: 53, Train Loss: 82.96915, Valid Loss: 78.05389, EPS: 0.514
Epoch: 54, Train Loss: 82.72072, Valid Loss: 78.13554, EPS: 0.505
Epoch: 55, Train Loss: 82.84076, Valid Loss: 77.94521, EPS: 0.496
Epoch: 56, Train Loss: 83.01767, Valid Loss: 77.91845, EPS: 0.4870000000000001
Epoch: 57, Train Loss: 82.81917, Valid Loss: 77.98937, EPS: 0.4780000000000001
Epoch: 58, Train Loss: 82.84815, Valid Loss: 77.88275, EPS: 0.4690000000000001
Epoch: 59, Train Loss: 83.22987, Valid Loss: 77.88248, EPS: 0.4600000000000001
Epoch: 60, Train Loss: 82.80334, Valid Loss: 78.14571, EPS: 0.45100000000000007
Epoch: 61, Train Loss: 82.74184, Valid Loss: 77.90445, EPS: 0.44200000000000006
Epoch: 62, Train Loss: 82.62873, Valid Loss: 78.46701, EPS: 0.43300000000000005
Epoch: 63, Train Loss: 82.57414, Valid Loss: 78.16945, EPS: 0.42400000000000004
Epoch: 64, Train Loss: 82.80673, Valid Loss: 77.92018, EPS: 0.41500000000000004
Epoch: 65, Train Loss: 83.09396, Valid Loss: 77.77661, EPS: 0.406
Epoch: 66, Train Loss: 82.90159, Valid Loss: 77.92586, EPS: 0.397
Epoch: 67, Train Loss: 83.31500, Valid Loss: 78.00423, EPS: 0.388
Epoch: 68, Train Loss: 83.06500, Valid Loss: 78.20252, EPS: 0.3790000000000001
Epoch: 69, Train Loss: 82.71240, Valid Loss: 77.90787, EPS: 0.3700000000000001
Epoch: 70, Train Loss: 82.62687, Valid Loss: 77.97098, EPS: 0.3610000000000001
Epoch: 71, Train Loss: 82.64412, Valid Loss: 78.25882, EPS: 0.3520000000000001
Epoch: 72, Train Loss: 82.83494, Valid Loss: 77.97415, EPS: 0.343
Epoch: 73, Train Loss: 82.59894, Valid Loss: 77.80445, EPS: 0.334
Epoch: 74, Train Loss: 82.78341, Valid Loss: 77.96110, EPS: 0.325
Epoch: 75, Train Loss: 82.67895, Valid Loss: 78.27565, EPS: 0.316
Epoch: 76, Train Loss: 82.82989, Valid Loss: 77.58735, EPS: 0.307
Epoch: 77, Train Loss: 82.79316, Valid Loss: 77.77430, EPS: 0.298
Epoch: 78, Train Loss: 82.84327, Valid Loss: 77.87453, EPS: 0.289
Epoch: 79, Train Loss: 82.93213, Valid Loss: 78.37386, EPS: 0.27999999999999997
Epoch: 80, Train Loss: 82.69912, Valid Loss: 78.39819, EPS: 0.27099999999999996
Epoch: 81, Train Loss: 83.08611, Valid Loss: 77.78782, EPS: 0.26200000000000007
Epoch: 82, Train Loss: 83.05939, Valid Loss: 78.00017, EPS: 0.25300000000000006
Epoch: 83, Train Loss: 82.96235, Valid Loss: 77.95885, EPS: 0.24400000000000005
Epoch: 84, Train Loss: 82.89500, Valid Loss: 78.05566, EPS: 0.23500000000000004
Epoch: 85, Train Loss: 82.39563, Valid Loss: 78.37002, EPS: 0.22600000000000003
Epoch: 86, Train Loss: 82.52178, Valid Loss: 78.24576, EPS: 0.21700000000000003
Epoch: 87, Train Loss: 83.18727, Valid Loss: 78.03684, EPS: 0.20800000000000002
Epoch: 88, Train Loss: 82.89862, Valid Loss: 78.11917, EPS: 0.199
Epoch: 89, Train Loss: 82.84595, Valid Loss: 77.87750, EPS: 0.19
Epoch: 90, Train Loss: 82.86216, Valid Loss: 78.10916, EPS: 0.181
Epoch: 91, Train Loss: 82.58615, Valid Loss: 77.70835, EPS: 0.172
Epoch: 92, Train Loss: 82.93461, Valid Loss: 78.11832, EPS: 0.16299999999999998
Epoch: 93, Train Loss: 82.97392, Valid Loss: 77.94258, EPS: 0.15400000000000005
Epoch: 94, Train Loss: 82.68083, Valid Loss: 78.19899, EPS: 0.14500000000000005
Epoch: 95, Train Loss: 82.70242, Valid Loss: 77.94422, EPS: 0.13600000000000004
Epoch: 96, Train Loss: 82.69936, Valid Loss: 78.15309, EPS: 0.12700000000000003
Epoch: 97, Train Loss: 83.37345, Valid Loss: 78.01132, EPS: 0.11800000000000002
Epoch: 98, Train Loss: 82.85328, Valid Loss: 77.71525, EPS: 0.10900000000000001
Epoch: 99, Train Loss: 82.97125, Valid Loss: 77.79135, EPS: 0.1
Test Loss: 78.11654
Test Loss: 76.04368
torch.Size([2806, 5, 64, 32])
torch.Size([935, 5, 64, 32])
torch.Size([937, 5, 64, 32])
Shape: (5, 144, 72)
Epoch: 0, Train Loss: 850.80603, Valid Loss: 369.38160, EPS: 0.991
Epoch: 1, Train Loss: 253.85703, Valid Loss: 148.67848, EPS: 0.982
Epoch: 2, Train Loss: 159.81847, Valid Loss: 122.97638, EPS: 0.973
Epoch: 3, Train Loss: 144.98469, Valid Loss: 140.71731, EPS: 0.964
Epoch: 4, Train Loss: 136.51695, Valid Loss: 112.71929, EPS: 0.955
Epoch: 5, Train Loss: 114.08855, Valid Loss: 89.58603, EPS: 0.946
Epoch: 6, Train Loss: 108.13979, Valid Loss: 91.13480, EPS: 0.9369999999999999
Epoch: 7, Train Loss: 117.17225, Valid Loss: 100.60486, EPS: 0.928
Epoch: 8, Train Loss: 103.11703, Valid Loss: 85.23493, EPS: 0.919
Epoch: 9, Train Loss: 97.48018, Valid Loss: 97.66807, EPS: 0.91
Epoch: 10, Train Loss: 106.10060, Valid Loss: 86.15550, EPS: 0.901
Epoch: 11, Train Loss: 99.74667, Valid Loss: 88.90753, EPS: 0.892
Epoch: 12, Train Loss: 98.33142, Valid Loss: 84.86221, EPS: 0.883
Epoch: 13, Train Loss: 98.85976, Valid Loss: 90.72975, EPS: 0.874
Epoch: 14, Train Loss: 94.61624, Valid Loss: 82.49825, EPS: 0.865
Epoch: 15, Train Loss: 91.22007, Valid Loss: 81.98674, EPS: 0.856
Epoch: 16, Train Loss: 87.90084, Valid Loss: 80.69771, EPS: 0.847
Epoch: 17, Train Loss: 86.39821, Valid Loss: 80.19912, EPS: 0.8380000000000001
Epoch: 18, Train Loss: 85.93020, Valid Loss: 81.04199, EPS: 0.8290000000000001
Epoch: 19, Train Loss: 86.13086, Valid Loss: 80.91106, EPS: 0.8200000000000001
Epoch: 20, Train Loss: 86.28126, Valid Loss: 80.85591, EPS: 0.811
Epoch: 21, Train Loss: 85.77156, Valid Loss: 80.91868, EPS: 0.802
Epoch: 22, Train Loss: 85.77338, Valid Loss: 81.26946, EPS: 0.793
Epoch: 23, Train Loss: 87.09133, Valid Loss: 79.68086, EPS: 0.784
Epoch: 24, Train Loss: 87.13140, Valid Loss: 80.21096, EPS: 0.775
Epoch: 25, Train Loss: 87.74768, Valid Loss: 80.34141, EPS: 0.766
Epoch: 26, Train Loss: 86.18737, Valid Loss: 80.60569, EPS: 0.757
Epoch: 27, Train Loss: 86.81492, Valid Loss: 80.91890, EPS: 0.748
Epoch: 28, Train Loss: 90.01727, Valid Loss: 81.28063, EPS: 0.739
Epoch: 29, Train Loss: 88.75344, Valid Loss: 82.04991, EPS: 0.73
Epoch: 30, Train Loss: 85.94340, Valid Loss: 81.12124, EPS: 0.721
Epoch: 31, Train Loss: 85.77985, Valid Loss: 79.49010, EPS: 0.712
Epoch: 32, Train Loss: 87.63806, Valid Loss: 81.31654, EPS: 0.703
Epoch: 33, Train Loss: 86.09972, Valid Loss: 80.97581, EPS: 0.694
Epoch: 34, Train Loss: 86.31725, Valid Loss: 81.61506, EPS: 0.685
Epoch: 35, Train Loss: 86.68474, Valid Loss: 81.54751, EPS: 0.676
Epoch: 36, Train Loss: 85.99524, Valid Loss: 81.66338, EPS: 0.667
Epoch: 37, Train Loss: 85.61939, Valid Loss: 82.23159, EPS: 0.658
Epoch: 38, Train Loss: 85.57117, Valid Loss: 81.79387, EPS: 0.649
Epoch: 39, Train Loss: 86.33781, Valid Loss: 81.01643, EPS: 0.64
Epoch: 40, Train Loss: 85.81086, Valid Loss: 81.57827, EPS: 0.6310000000000001
Epoch: 41, Train Loss: 85.51266, Valid Loss: 80.48396, EPS: 0.6220000000000001
Epoch: 42, Train Loss: 85.74729, Valid Loss: 80.84869, EPS: 0.6130000000000001
Epoch: 43, Train Loss: 85.67128, Valid Loss: 81.23658, EPS: 0.6040000000000001
Epoch: 44, Train Loss: 89.80179, Valid Loss: 80.23132, EPS: 0.5950000000000001
Epoch: 45, Train Loss: 87.56817, Valid Loss: 79.80498, EPS: 0.5860000000000001
Epoch: 46, Train Loss: 95.32674, Valid Loss: 81.40146, EPS: 0.5770000000000001
Epoch: 47, Train Loss: 92.29996, Valid Loss: 82.38026, EPS: 0.5680000000000001
Epoch: 48, Train Loss: 91.77757, Valid Loss: 81.05640, EPS: 0.559
Epoch: 49, Train Loss: 88.57155, Valid Loss: 80.51121, EPS: 0.55
Epoch: 50, Train Loss: 87.38404, Valid Loss: 80.11614, EPS: 0.541
Epoch: 51, Train Loss: 86.93369, Valid Loss: 80.36172, EPS: 0.532
Epoch: 52, Train Loss: 86.25826, Valid Loss: 80.28519, EPS: 0.523
Epoch: 53, Train Loss: 86.14212, Valid Loss: 79.97168, EPS: 0.514
Epoch: 54, Train Loss: 86.21622, Valid Loss: 80.33102, EPS: 0.505
Epoch: 55, Train Loss: 86.05255, Valid Loss: 80.39558, EPS: 0.496
Epoch: 56, Train Loss: 85.85838, Valid Loss: 80.42533, EPS: 0.4870000000000001
Epoch: 57, Train Loss: 85.89158, Valid Loss: 80.47180, EPS: 0.4780000000000001
Epoch: 58, Train Loss: 85.88417, Valid Loss: 80.78009, EPS: 0.4690000000000001
Epoch: 59, Train Loss: 85.98877, Valid Loss: 80.50271, EPS: 0.4600000000000001
Epoch: 60, Train Loss: 85.74045, Valid Loss: 80.43735, EPS: 0.45100000000000007
Epoch: 61, Train Loss: 85.97118, Valid Loss: 80.23531, EPS: 0.44200000000000006
Epoch: 62, Train Loss: 85.64636, Valid Loss: 80.40186, EPS: 0.43300000000000005
Epoch: 63, Train Loss: 85.83843, Valid Loss: 80.75090, EPS: 0.42400000000000004
Epoch: 64, Train Loss: 85.93060, Valid Loss: 80.66056, EPS: 0.41500000000000004
Epoch: 65, Train Loss: 85.78344, Valid Loss: 80.62465, EPS: 0.406
Epoch: 66, Train Loss: 85.91406, Valid Loss: 80.64289, EPS: 0.397
Epoch: 67, Train Loss: 85.83096, Valid Loss: 80.30937, EPS: 0.388
Epoch: 68, Train Loss: 85.92474, Valid Loss: 80.47586, EPS: 0.3790000000000001
Epoch: 69, Train Loss: 85.72191, Valid Loss: 80.86564, EPS: 0.3700000000000001
Epoch: 70, Train Loss: 85.94482, Valid Loss: 80.64036, EPS: 0.3610000000000001
Epoch: 71, Train Loss: 85.90571, Valid Loss: 80.72746, EPS: 0.3520000000000001
Epoch: 72, Train Loss: 85.75776, Valid Loss: 80.46100, EPS: 0.343
Epoch: 73, Train Loss: 85.99817, Valid Loss: 80.60976, EPS: 0.334
Epoch: 74, Train Loss: 85.96168, Valid Loss: 80.42300, EPS: 0.325
Epoch: 75, Train Loss: 85.77431, Valid Loss: 80.58168, EPS: 0.316
Epoch: 76, Train Loss: 85.69700, Valid Loss: 80.43655, EPS: 0.307
Epoch: 77, Train Loss: 85.91395, Valid Loss: 80.65681, EPS: 0.298
Epoch: 78, Train Loss: 85.84047, Valid Loss: 80.52610, EPS: 0.289
Epoch: 79, Train Loss: 85.78678, Valid Loss: 80.03187, EPS: 0.27999999999999997
Epoch: 80, Train Loss: 85.83886, Valid Loss: 80.34620, EPS: 0.27099999999999996
Epoch: 81, Train Loss: 86.02766, Valid Loss: 80.43313, EPS: 0.26200000000000007
Epoch: 82, Train Loss: 85.82823, Valid Loss: 80.86491, EPS: 0.25300000000000006
Epoch: 83, Train Loss: 85.82133, Valid Loss: 80.75678, EPS: 0.24400000000000005
Epoch: 84, Train Loss: 86.08490, Valid Loss: 80.65878, EPS: 0.23500000000000004
Epoch: 85, Train Loss: 86.00469, Valid Loss: 80.42186, EPS: 0.22600000000000003
Epoch: 86, Train Loss: 86.01091, Valid Loss: 80.50479, EPS: 0.21700000000000003
Epoch: 87, Train Loss: 86.03370, Valid Loss: 80.65053, EPS: 0.20800000000000002
Epoch: 88, Train Loss: 85.84545, Valid Loss: 80.62683, EPS: 0.199
Epoch: 89, Train Loss: 85.66867, Valid Loss: 80.71826, EPS: 0.19
Epoch: 90, Train Loss: 85.94819, Valid Loss: 80.52099, EPS: 0.181
Epoch: 91, Train Loss: 85.79334, Valid Loss: 80.68553, EPS: 0.172
Epoch: 92, Train Loss: 85.74841, Valid Loss: 80.51231, EPS: 0.16299999999999998
Epoch: 93, Train Loss: 85.68306, Valid Loss: 80.57097, EPS: 0.15400000000000005
Epoch: 94, Train Loss: 85.81465, Valid Loss: 80.26960, EPS: 0.14500000000000005
Epoch: 95, Train Loss: 85.88854, Valid Loss: 80.87204, EPS: 0.13600000000000004
Epoch: 96, Train Loss: 85.60805, Valid Loss: 80.22007, EPS: 0.12700000000000003
Epoch: 97, Train Loss: 85.79506, Valid Loss: 80.53112, EPS: 0.11800000000000002
Epoch: 98, Train Loss: 85.99977, Valid Loss: 80.60375, EPS: 0.10900000000000001
Epoch: 99, Train Loss: 85.67371, Valid Loss: 80.62269, EPS: 0.1
Test Loss: 80.47507
Test Loss: 79.43043
torch.Size([2806, 5, 64, 32])
torch.Size([935, 5, 64, 32])
torch.Size([937, 5, 64, 32])
Shape: (5, 144, 72)
Epoch: 0, Train Loss: 898.42739, Valid Loss: 410.44526, EPS: 0.991
Epoch: 1, Train Loss: 294.21197, Valid Loss: 182.51623, EPS: 0.982
Epoch: 2, Train Loss: 184.86878, Valid Loss: 150.07524, EPS: 0.973
Epoch: 3, Train Loss: 156.54393, Valid Loss: 128.87890, EPS: 0.964
Epoch: 4, Train Loss: 142.81840, Valid Loss: 114.48341, EPS: 0.955
Epoch: 5, Train Loss: 112.86213, Valid Loss: 90.60607, EPS: 0.946
Epoch: 6, Train Loss: 104.16624, Valid Loss: 83.29975, EPS: 0.9369999999999999
Epoch: 7, Train Loss: 102.04119, Valid Loss: 91.74212, EPS: 0.928
Epoch: 8, Train Loss: 92.53183, Valid Loss: 77.32837, EPS: 0.919
Epoch: 9, Train Loss: 103.47002, Valid Loss: 93.69332, EPS: 0.91
Epoch: 10, Train Loss: 109.18798, Valid Loss: 97.97187, EPS: 0.901
Epoch: 11, Train Loss: 103.04808, Valid Loss: 86.15060, EPS: 0.892
Epoch: 12, Train Loss: 91.47407, Valid Loss: 81.72463, EPS: 0.883
Epoch: 13, Train Loss: 88.19744, Valid Loss: 80.21013, EPS: 0.874
Epoch: 14, Train Loss: 86.60429, Valid Loss: 81.58757, EPS: 0.865
Epoch: 15, Train Loss: 88.49485, Valid Loss: 82.74654, EPS: 0.856
Epoch: 16, Train Loss: 88.19514, Valid Loss: 81.28007, EPS: 0.847
Epoch: 17, Train Loss: 88.95538, Valid Loss: 80.94066, EPS: 0.8380000000000001
Epoch: 18, Train Loss: 91.09092, Valid Loss: 81.74294, EPS: 0.8290000000000001
Epoch: 19, Train Loss: 87.19810, Valid Loss: 81.03322, EPS: 0.8200000000000001
Epoch: 20, Train Loss: 85.77106, Valid Loss: 80.83162, EPS: 0.811
Epoch: 21, Train Loss: 85.57720, Valid Loss: 80.93392, EPS: 0.802
Epoch: 22, Train Loss: 85.75193, Valid Loss: 80.95259, EPS: 0.793
Epoch: 23, Train Loss: 85.31640, Valid Loss: 81.21480, EPS: 0.784
Epoch: 24, Train Loss: 85.68990, Valid Loss: 81.38065, EPS: 0.775
Epoch: 25, Train Loss: 85.57107, Valid Loss: 81.24867, EPS: 0.766
Epoch: 26, Train Loss: 85.48997, Valid Loss: 80.56206, EPS: 0.757
Epoch: 27, Train Loss: 85.86621, Valid Loss: 80.20326, EPS: 0.748
Epoch: 28, Train Loss: 85.63487, Valid Loss: 80.72095, EPS: 0.739
Epoch: 29, Train Loss: 85.66367, Valid Loss: 80.52693, EPS: 0.73
Epoch: 30, Train Loss: 85.66224, Valid Loss: 80.81991, EPS: 0.721
Epoch: 31, Train Loss: 85.60149, Valid Loss: 80.98714, EPS: 0.712
Epoch: 32, Train Loss: 85.53288, Valid Loss: 80.61927, EPS: 0.703
Epoch: 33, Train Loss: 85.62883, Valid Loss: 80.52842, EPS: 0.694
Epoch: 34, Train Loss: 85.55949, Valid Loss: 80.68014, EPS: 0.685
Epoch: 35, Train Loss: 85.72477, Valid Loss: 80.91638, EPS: 0.676
Epoch: 36, Train Loss: 85.65579, Valid Loss: 80.44052, EPS: 0.667
Epoch: 37, Train Loss: 85.67531, Valid Loss: 80.86860, EPS: 0.658
Epoch: 38, Train Loss: 85.68179, Valid Loss: 81.05248, EPS: 0.649
Epoch: 39, Train Loss: 85.35862, Valid Loss: 80.63517, EPS: 0.64
Epoch: 40, Train Loss: 85.48508, Valid Loss: 80.70091, EPS: 0.6310000000000001
Epoch: 41, Train Loss: 85.63490, Valid Loss: 81.13544, EPS: 0.6220000000000001
Epoch: 42, Train Loss: 85.68105, Valid Loss: 80.62753, EPS: 0.6130000000000001
Epoch: 43, Train Loss: 85.58454, Valid Loss: 80.49991, EPS: 0.6040000000000001
Epoch: 44, Train Loss: 85.55747, Valid Loss: 81.15805, EPS: 0.5950000000000001
Epoch: 45, Train Loss: 85.35269, Valid Loss: 80.89577, EPS: 0.5860000000000001
Epoch: 46, Train Loss: 85.52577, Valid Loss: 81.12369, EPS: 0.5770000000000001
Epoch: 47, Train Loss: 85.60170, Valid Loss: 80.82199, EPS: 0.5680000000000001
Epoch: 48, Train Loss: 85.66199, Valid Loss: 80.68214, EPS: 0.559
Epoch: 49, Train Loss: 85.63662, Valid Loss: 81.13559, EPS: 0.55
Epoch: 50, Train Loss: 85.62200, Valid Loss: 80.92451, EPS: 0.541
Epoch: 51, Train Loss: 85.34773, Valid Loss: 80.82699, EPS: 0.532
Epoch: 52, Train Loss: 85.61564, Valid Loss: 80.54577, EPS: 0.523
Epoch: 53, Train Loss: 85.52110, Valid Loss: 81.26397, EPS: 0.514
Epoch: 54, Train Loss: 85.45400, Valid Loss: 80.88573, EPS: 0.505
Epoch: 55, Train Loss: 85.57188, Valid Loss: 80.84145, EPS: 0.496
Epoch: 56, Train Loss: 85.51497, Valid Loss: 80.71055, EPS: 0.4870000000000001
Epoch: 57, Train Loss: 85.53092, Valid Loss: 80.77143, EPS: 0.4780000000000001
Epoch: 58, Train Loss: 85.70777, Valid Loss: 80.89777, EPS: 0.4690000000000001
Epoch: 59, Train Loss: 85.55712, Valid Loss: 80.68276, EPS: 0.4600000000000001
Epoch: 60, Train Loss: 85.61692, Valid Loss: 81.16580, EPS: 0.45100000000000007
Epoch: 61, Train Loss: 85.62069, Valid Loss: 80.85471, EPS: 0.44200000000000006
Epoch: 62, Train Loss: 85.63024, Valid Loss: 80.86025, EPS: 0.43300000000000005
Epoch: 63, Train Loss: 85.77003, Valid Loss: 80.71275, EPS: 0.42400000000000004
Epoch: 64, Train Loss: 85.51719, Valid Loss: 80.91456, EPS: 0.41500000000000004
Epoch: 65, Train Loss: 85.64130, Valid Loss: 80.73697, EPS: 0.406
Epoch: 66, Train Loss: 85.52004, Valid Loss: 80.72339, EPS: 0.397
Epoch: 67, Train Loss: 85.59131, Valid Loss: 80.93824, EPS: 0.388
Epoch: 68, Train Loss: 85.50854, Valid Loss: 80.96411, EPS: 0.3790000000000001
Epoch: 69, Train Loss: 85.57240, Valid Loss: 81.25243, EPS: 0.3700000000000001
Epoch: 70, Train Loss: 85.71351, Valid Loss: 81.12312, EPS: 0.3610000000000001
Epoch: 71, Train Loss: 85.61852, Valid Loss: 81.02385, EPS: 0.3520000000000001
Epoch: 72, Train Loss: 85.39788, Valid Loss: 80.84458, EPS: 0.343
Epoch: 73, Train Loss: 85.55663, Valid Loss: 80.76742, EPS: 0.334
Epoch: 74, Train Loss: 85.40410, Valid Loss: 80.99006, EPS: 0.325
Epoch: 75, Train Loss: 85.57462, Valid Loss: 80.76423, EPS: 0.316
Epoch: 76, Train Loss: 85.54827, Valid Loss: 81.01521, EPS: 0.307
Epoch: 77, Train Loss: 85.33581, Valid Loss: 81.09720, EPS: 0.298
Epoch: 78, Train Loss: 85.41479, Valid Loss: 81.00685, EPS: 0.289
Epoch: 79, Train Loss: 85.59708, Valid Loss: 80.75941, EPS: 0.27999999999999997
Epoch: 80, Train Loss: 85.56835, Valid Loss: 80.83731, EPS: 0.27099999999999996
Epoch: 81, Train Loss: 85.56805, Valid Loss: 80.64323, EPS: 0.26200000000000007
Epoch: 82, Train Loss: 85.85377, Valid Loss: 80.95727, EPS: 0.25300000000000006
Epoch: 83, Train Loss: 85.58659, Valid Loss: 80.59709, EPS: 0.24400000000000005
Epoch: 84, Train Loss: 85.30500, Valid Loss: 80.77402, EPS: 0.23500000000000004
Epoch: 85, Train Loss: 85.54113, Valid Loss: 80.74438, EPS: 0.22600000000000003
Epoch: 86, Train Loss: 85.58586, Valid Loss: 81.00564, EPS: 0.21700000000000003
Epoch: 87, Train Loss: 85.54349, Valid Loss: 80.76941, EPS: 0.20800000000000002
Epoch: 88, Train Loss: 85.65171, Valid Loss: 80.66038, EPS: 0.199
Epoch: 89, Train Loss: 85.42981, Valid Loss: 80.74689, EPS: 0.19
Epoch: 90, Train Loss: 85.54169, Valid Loss: 80.78706, EPS: 0.181
Epoch: 91, Train Loss: 85.94967, Valid Loss: 80.95604, EPS: 0.172
Epoch: 92, Train Loss: 85.46025, Valid Loss: 80.87763, EPS: 0.16299999999999998
Epoch: 93, Train Loss: 85.34239, Valid Loss: 81.09199, EPS: 0.15400000000000005
Epoch: 94, Train Loss: 85.68841, Valid Loss: 80.96061, EPS: 0.14500000000000005
Epoch: 95, Train Loss: 85.58679, Valid Loss: 80.98695, EPS: 0.13600000000000004
Epoch: 96, Train Loss: 85.59104, Valid Loss: 80.81354, EPS: 0.12700000000000003
Epoch: 97, Train Loss: 85.60744, Valid Loss: 80.95979, EPS: 0.11800000000000002
Epoch: 98, Train Loss: 85.70124, Valid Loss: 80.75607, EPS: 0.10900000000000001
Epoch: 99, Train Loss: 85.62108, Valid Loss: 81.04041, EPS: 0.1
Test Loss: 80.71378
Test Loss: 78.67681
torch.Size([2806, 5, 64, 32])
torch.Size([935, 5, 64, 32])
torch.Size([937, 5, 64, 32])
Shape: (5, 144, 72)
Epoch: 0, Train Loss: 877.20748, Valid Loss: 388.41999, EPS: 0.991
Epoch: 1, Train Loss: 274.01839, Valid Loss: 163.41881, EPS: 0.982
Epoch: 2, Train Loss: 171.79342, Valid Loss: 130.56535, EPS: 0.973
Epoch: 3, Train Loss: 139.36513, Valid Loss: 108.19682, EPS: 0.964
Epoch: 4, Train Loss: 120.54517, Valid Loss: 100.10164, EPS: 0.955
Epoch: 5, Train Loss: 102.49453, Valid Loss: 87.86260, EPS: 0.946
Epoch: 6, Train Loss: 101.41713, Valid Loss: 87.76405, EPS: 0.9369999999999999
Epoch: 7, Train Loss: 99.36397, Valid Loss: 85.66340, EPS: 0.928
Epoch: 8, Train Loss: 96.09092, Valid Loss: 84.70498, EPS: 0.919
Epoch: 9, Train Loss: 102.56117, Valid Loss: 89.63553, EPS: 0.91
Epoch: 10, Train Loss: 97.14143, Valid Loss: 82.97015, EPS: 0.901
Epoch: 11, Train Loss: 92.94075, Valid Loss: 80.81615, EPS: 0.892
Epoch: 12, Train Loss: 88.38781, Valid Loss: 80.83939, EPS: 0.883
Epoch: 13, Train Loss: 86.58504, Valid Loss: 79.38204, EPS: 0.874
Epoch: 14, Train Loss: 86.53054, Valid Loss: 80.75686, EPS: 0.865
Epoch: 15, Train Loss: 85.74177, Valid Loss: 81.07786, EPS: 0.856
Epoch: 16, Train Loss: 87.90623, Valid Loss: 81.52245, EPS: 0.847
Epoch: 17, Train Loss: 90.46122, Valid Loss: 81.20909, EPS: 0.8380000000000001
Epoch: 18, Train Loss: 93.21913, Valid Loss: 84.32360, EPS: 0.8290000000000001
Epoch: 19, Train Loss: 91.58613, Valid Loss: 80.86144, EPS: 0.8200000000000001
Epoch: 20, Train Loss: 87.87491, Valid Loss: 80.20581, EPS: 0.811
Epoch: 21, Train Loss: 88.02710, Valid Loss: 81.32286, EPS: 0.802
Epoch: 22, Train Loss: 86.66856, Valid Loss: 80.45071, EPS: 0.793
Epoch: 23, Train Loss: 93.91995, Valid Loss: 81.89736, EPS: 0.784
Epoch: 24, Train Loss: 87.43722, Valid Loss: 80.86571, EPS: 0.775
Epoch: 25, Train Loss: 86.33451, Valid Loss: 80.28914, EPS: 0.766
Epoch: 26, Train Loss: 86.18399, Valid Loss: 81.01262, EPS: 0.757
Epoch: 27, Train Loss: 86.00968, Valid Loss: 80.65837, EPS: 0.748
Epoch: 28, Train Loss: 85.97257, Valid Loss: 80.42283, EPS: 0.739
Epoch: 29, Train Loss: 85.82836, Valid Loss: 80.53492, EPS: 0.73
Epoch: 30, Train Loss: 85.75120, Valid Loss: 80.39911, EPS: 0.721
Epoch: 31, Train Loss: 85.96565, Valid Loss: 79.77501, EPS: 0.712
Epoch: 32, Train Loss: 86.46173, Valid Loss: 79.59972, EPS: 0.703
Epoch: 33, Train Loss: 86.30520, Valid Loss: 79.44942, EPS: 0.694
Epoch: 34, Train Loss: 87.87357, Valid Loss: 79.61882, EPS: 0.685
Epoch: 35, Train Loss: 87.12907, Valid Loss: 79.92290, EPS: 0.676
Epoch: 36, Train Loss: 87.90696, Valid Loss: 79.38640, EPS: 0.667
Epoch: 37, Train Loss: 87.88366, Valid Loss: 79.38308, EPS: 0.658
Epoch: 38, Train Loss: 87.75118, Valid Loss: 79.78964, EPS: 0.649
Epoch: 39, Train Loss: 87.85885, Valid Loss: 79.96141, EPS: 0.64
Epoch: 40, Train Loss: 87.83115, Valid Loss: 80.01562, EPS: 0.6310000000000001
Epoch: 41, Train Loss: 87.81357, Valid Loss: 79.75353, EPS: 0.6220000000000001
Epoch: 42, Train Loss: 87.74384, Valid Loss: 80.04361, EPS: 0.6130000000000001
Epoch: 43, Train Loss: 87.74838, Valid Loss: 80.35877, EPS: 0.6040000000000001
Epoch: 44, Train Loss: 87.66855, Valid Loss: 80.18929, EPS: 0.5950000000000001
Epoch: 45, Train Loss: 87.28779, Valid Loss: 80.08528, EPS: 0.5860000000000001
Epoch: 46, Train Loss: 87.47749, Valid Loss: 79.71465, EPS: 0.5770000000000001
Epoch: 47, Train Loss: 87.12347, Valid Loss: 79.87231, EPS: 0.5680000000000001
Epoch: 48, Train Loss: 87.42449, Valid Loss: 80.44330, EPS: 0.559
Epoch: 49, Train Loss: 87.48295, Valid Loss: 79.97591, EPS: 0.55
Epoch: 50, Train Loss: 87.15749, Valid Loss: 80.01839, EPS: 0.541
Epoch: 51, Train Loss: 87.37242, Valid Loss: 80.12051, EPS: 0.532
Epoch: 52, Train Loss: 87.27442, Valid Loss: 80.07745, EPS: 0.523
Epoch: 53, Train Loss: 87.43017, Valid Loss: 80.07643, EPS: 0.514
Epoch: 54, Train Loss: 87.04058, Valid Loss: 80.31216, EPS: 0.505
Epoch: 55, Train Loss: 87.13063, Valid Loss: 80.29708, EPS: 0.496
Epoch: 56, Train Loss: 87.38883, Valid Loss: 80.15442, EPS: 0.4870000000000001
Epoch: 57, Train Loss: 87.36296, Valid Loss: 80.08383, EPS: 0.4780000000000001
Epoch: 58, Train Loss: 87.20732, Valid Loss: 79.72825, EPS: 0.4690000000000001
Epoch: 59, Train Loss: 87.08335, Valid Loss: 80.41879, EPS: 0.4600000000000001
Epoch: 60, Train Loss: 87.34758, Valid Loss: 80.24403, EPS: 0.45100000000000007
Epoch: 61, Train Loss: 87.21031, Valid Loss: 79.73981, EPS: 0.44200000000000006
Epoch: 62, Train Loss: 87.16577, Valid Loss: 80.04443, EPS: 0.43300000000000005
Epoch: 63, Train Loss: 87.00223, Valid Loss: 80.09771, EPS: 0.42400000000000004
Epoch: 64, Train Loss: 87.35350, Valid Loss: 79.98112, EPS: 0.41500000000000004
Epoch: 65, Train Loss: 87.16155, Valid Loss: 80.29825, EPS: 0.406
Epoch: 66, Train Loss: 87.28916, Valid Loss: 79.82174, EPS: 0.397
Epoch: 67, Train Loss: 87.36172, Valid Loss: 80.04748, EPS: 0.388
Epoch: 68, Train Loss: 87.11619, Valid Loss: 80.21269, EPS: 0.3790000000000001
Epoch: 69, Train Loss: 87.49922, Valid Loss: 79.91575, EPS: 0.3700000000000001
Epoch: 70, Train Loss: 87.28192, Valid Loss: 80.01185, EPS: 0.3610000000000001
Epoch: 71, Train Loss: 87.26156, Valid Loss: 79.92305, EPS: 0.3520000000000001
Epoch: 72, Train Loss: 87.32769, Valid Loss: 80.31155, EPS: 0.343
Epoch: 73, Train Loss: 87.08211, Valid Loss: 80.28936, EPS: 0.334
Epoch: 74, Train Loss: 87.06332, Valid Loss: 80.30962, EPS: 0.325
Epoch: 75, Train Loss: 87.09050, Valid Loss: 79.74686, EPS: 0.316
Epoch: 76, Train Loss: 87.27206, Valid Loss: 80.19479, EPS: 0.307
Epoch: 77, Train Loss: 87.27441, Valid Loss: 80.18981, EPS: 0.298
Epoch: 78, Train Loss: 87.24459, Valid Loss: 80.31314, EPS: 0.289
Epoch: 79, Train Loss: 87.24913, Valid Loss: 80.12417, EPS: 0.27999999999999997
Epoch: 80, Train Loss: 87.27830, Valid Loss: 79.96374, EPS: 0.27099999999999996
Epoch: 81, Train Loss: 87.01767, Valid Loss: 79.91013, EPS: 0.26200000000000007
Epoch: 82, Train Loss: 87.26866, Valid Loss: 80.20195, EPS: 0.25300000000000006
Epoch: 83, Train Loss: 87.14369, Valid Loss: 79.87842, EPS: 0.24400000000000005
Epoch: 84, Train Loss: 87.27525, Valid Loss: 80.04762, EPS: 0.23500000000000004
Epoch: 85, Train Loss: 87.17768, Valid Loss: 80.05608, EPS: 0.22600000000000003
Epoch: 86, Train Loss: 87.10639, Valid Loss: 79.69974, EPS: 0.21700000000000003
Epoch: 87, Train Loss: 87.22305, Valid Loss: 80.08758, EPS: 0.20800000000000002
Epoch: 88, Train Loss: 87.09367, Valid Loss: 80.08014, EPS: 0.199
Epoch: 89, Train Loss: 87.07773, Valid Loss: 79.94478, EPS: 0.19
Epoch: 90, Train Loss: 87.30780, Valid Loss: 79.85435, EPS: 0.181
Epoch: 91, Train Loss: 87.37806, Valid Loss: 80.36233, EPS: 0.172
Epoch: 92, Train Loss: 87.33410, Valid Loss: 80.26765, EPS: 0.16299999999999998
Epoch: 93, Train Loss: 87.38394, Valid Loss: 79.90090, EPS: 0.15400000000000005
Epoch: 94, Train Loss: 87.20133, Valid Loss: 80.04534, EPS: 0.14500000000000005
Epoch: 95, Train Loss: 87.16275, Valid Loss: 79.94668, EPS: 0.13600000000000004
Epoch: 96, Train Loss: 87.08874, Valid Loss: 80.07398, EPS: 0.12700000000000003
Epoch: 97, Train Loss: 87.43450, Valid Loss: 79.98599, EPS: 0.11800000000000002
Epoch: 98, Train Loss: 87.42090, Valid Loss: 80.16478, EPS: 0.10900000000000001
Epoch: 99, Train Loss: 87.35984, Valid Loss: 79.89408, EPS: 0.1
Test Loss: 79.80413
Test Loss: 81.10242
Starting Latent Downstream Task
MSE Loss Between Generated and Conditioned: 209.4121
Epoch: 1, Loss: 1.0683
MSE Loss Between Generated and Conditioned: 174.1190
Epoch: 2, Loss: 1.0312
MSE Loss Between Generated and Conditioned: 210.6047
Epoch: 3, Loss: 1.0216
MSE Loss Between Generated and Conditioned: 221.0495
Epoch: 4, Loss: 1.0149
MSE Loss Between Generated and Conditioned: 229.6853
Epoch: 5, Loss: 1.0130
MSE Loss Between Generated and Conditioned: 130.0704
Epoch: 6, Loss: 1.0116
MSE Loss Between Generated and Conditioned: 161.4140
Epoch: 7, Loss: 1.0098
MSE Loss Between Generated and Conditioned: 156.6934
Epoch: 8, Loss: 1.0086
MSE Loss Between Generated and Conditioned: 220.7532
Epoch: 9, Loss: 1.0083
MSE Loss Between Generated and Conditioned: 150.9942
Epoch: 10, Loss: 1.0084
MSE Loss Between Generated and Conditioned: 212.4811
Epoch: 11, Loss: 1.0087
MSE Loss Between Generated and Conditioned: 165.9639
Epoch: 12, Loss: 1.0096
MSE Loss Between Generated and Conditioned: 213.6468
Epoch: 13, Loss: 1.0069
MSE Loss Between Generated and Conditioned: 132.8320
Epoch: 14, Loss: 1.0058
MSE Loss Between Generated and Conditioned: 154.9489
Epoch: 15, Loss: 1.0091
MSE Loss Between Generated and Conditioned: 165.6926
Epoch: 16, Loss: 1.0069
MSE Loss Between Generated and Conditioned: 388.1916
Epoch: 17, Loss: 1.0098
MSE Loss Between Generated and Conditioned: 160.8476
Epoch: 18, Loss: 1.0097
MSE Loss Between Generated and Conditioned: 139.4308
Epoch: 19, Loss: 1.0084
MSE Loss Between Generated and Conditioned: 159.3074
Epoch: 20, Loss: 1.0064
MSE Loss Between Generated and Conditioned: 167.3217
Epoch: 21, Loss: 1.0059
MSE Loss Between Generated and Conditioned: 123.9611
Epoch: 22, Loss: 1.0059
MSE Loss Between Generated and Conditioned: 192.3996
Epoch: 23, Loss: 1.0052
MSE Loss Between Generated and Conditioned: 140.7608
Epoch: 24, Loss: 1.0061
MSE Loss Between Generated and Conditioned: 163.4701
Epoch: 25, Loss: 1.0062
MSE Loss Between Generated and Conditioned: 216.2997
Epoch: 26, Loss: 1.0041
MSE Loss Between Generated and Conditioned: 225.3694
Epoch: 27, Loss: 1.0055
MSE Loss Between Generated and Conditioned: 144.1680
Epoch: 28, Loss: 1.0054
MSE Loss Between Generated and Conditioned: 121.9012
Epoch: 29, Loss: 1.0074
MSE Loss Between Generated and Conditioned: 174.3149
Epoch: 30, Loss: 1.0049
MSE Loss Between Generated and Conditioned: 154.8031
Epoch: 31, Loss: 1.0070
MSE Loss Between Generated and Conditioned: 210.1394
Epoch: 32, Loss: 1.0056
MSE Loss Between Generated and Conditioned: 186.8006
Epoch: 33, Loss: 1.0063
MSE Loss Between Generated and Conditioned: 195.6988
Epoch: 34, Loss: 1.0043
MSE Loss Between Generated and Conditioned: 213.9497
Epoch: 35, Loss: 1.0042
MSE Loss Between Generated and Conditioned: 66.8839
Epoch: 36, Loss: 1.0048
MSE Loss Between Generated and Conditioned: 171.2023
Epoch: 37, Loss: 1.0034
MSE Loss Between Generated and Conditioned: 215.8048
Epoch: 38, Loss: 1.0031
MSE Loss Between Generated and Conditioned: 236.4884
Epoch: 39, Loss: 1.0057
MSE Loss Between Generated and Conditioned: 328.0514
Epoch: 40, Loss: 1.0056
MSE Loss Between Generated and Conditioned: 180.1972
Epoch: 41, Loss: 1.0035
MSE Loss Between Generated and Conditioned: 154.3937
Epoch: 42, Loss: 1.0030
MSE Loss Between Generated and Conditioned: 128.2764
Epoch: 43, Loss: 1.0025
MSE Loss Between Generated and Conditioned: 151.7224
Epoch: 44, Loss: 1.0041
MSE Loss Between Generated and Conditioned: 135.2973
Epoch: 45, Loss: 1.0022
MSE Loss Between Generated and Conditioned: 85.7603
Epoch: 46, Loss: 1.0021
MSE Loss Between Generated and Conditioned: 176.8201
Epoch: 47, Loss: 1.0035
MSE Loss Between Generated and Conditioned: 195.8243
Epoch: 48, Loss: 1.0093
MSE Loss Between Generated and Conditioned: 160.4101
Epoch: 49, Loss: 1.0044
MSE Loss Between Generated and Conditioned: 148.4932
Epoch: 50, Loss: 1.0018
MSE Loss Between Generated and Conditioned: 191.5854
Epoch: 51, Loss: 1.0023
MSE Loss Between Generated and Conditioned: 156.1557
Epoch: 52, Loss: 1.0044
MSE Loss Between Generated and Conditioned: 201.9744
Epoch: 53, Loss: 1.0002
MSE Loss Between Generated and Conditioned: 295.1071
Epoch: 54, Loss: 1.0023
MSE Loss Between Generated and Conditioned: 159.3821
Epoch: 55, Loss: 0.9995
MSE Loss Between Generated and Conditioned: 129.5777
Epoch: 56, Loss: 1.0017
MSE Loss Between Generated and Conditioned: 186.6284
Epoch: 57, Loss: 1.0002
MSE Loss Between Generated and Conditioned: 65.1564
Epoch: 58, Loss: 1.0054
MSE Loss Between Generated and Conditioned: 175.4341
Epoch: 59, Loss: 1.0005
MSE Loss Between Generated and Conditioned: 169.5192
Epoch: 60, Loss: 0.9980
MSE Loss Between Generated and Conditioned: 295.0952
Epoch: 61, Loss: 0.9975
MSE Loss Between Generated and Conditioned: 92.5056
Epoch: 62, Loss: 0.9965
MSE Loss Between Generated and Conditioned: 151.3511
Epoch: 63, Loss: 0.9955
MSE Loss Between Generated and Conditioned: 146.8191
Epoch: 64, Loss: 0.9962
MSE Loss Between Generated and Conditioned: 184.4418
Epoch: 65, Loss: 0.9965
MSE Loss Between Generated and Conditioned: 121.7631
Epoch: 66, Loss: 0.9954
MSE Loss Between Generated and Conditioned: 198.7693
Epoch: 67, Loss: 0.9957
MSE Loss Between Generated and Conditioned: 173.8695
Epoch: 68, Loss: 0.9919
MSE Loss Between Generated and Conditioned: 109.2935
Epoch: 69, Loss: 0.9939
MSE Loss Between Generated and Conditioned: 165.2788
Epoch: 70, Loss: 0.9928
MSE Loss Between Generated and Conditioned: 91.9479
Epoch: 71, Loss: 0.9904
MSE Loss Between Generated and Conditioned: 105.6297
Epoch: 72, Loss: 0.9897
MSE Loss Between Generated and Conditioned: 186.5451
Epoch: 73, Loss: 0.9901
MSE Loss Between Generated and Conditioned: 114.7152
Epoch: 74, Loss: 0.9896
MSE Loss Between Generated and Conditioned: 120.0079
Epoch: 75, Loss: 0.9875
MSE Loss Between Generated and Conditioned: 207.3018
Epoch: 76, Loss: 0.9864
MSE Loss Between Generated and Conditioned: 216.0197
Epoch: 77, Loss: 0.9867
MSE Loss Between Generated and Conditioned: 174.0457
Epoch: 78, Loss: 0.9841
MSE Loss Between Generated and Conditioned: 167.6402
Epoch: 79, Loss: 0.9820
MSE Loss Between Generated and Conditioned: 231.5479
Epoch: 80, Loss: 0.9792
MSE Loss Between Generated and Conditioned: 306.4920
Epoch: 81, Loss: 0.9775
MSE Loss Between Generated and Conditioned: 188.4571
Epoch: 82, Loss: 0.9740
MSE Loss Between Generated and Conditioned: 148.1487
Epoch: 83, Loss: 0.9775
MSE Loss Between Generated and Conditioned: 208.1918
Epoch: 84, Loss: 0.9727
MSE Loss Between Generated and Conditioned: 88.2184
Epoch: 85, Loss: 0.9687
MSE Loss Between Generated and Conditioned: 210.4976
Epoch: 86, Loss: 0.9654
MSE Loss Between Generated and Conditioned: 183.8464
Epoch: 87, Loss: 0.9664
MSE Loss Between Generated and Conditioned: 175.2648
Epoch: 88, Loss: 0.9641
MSE Loss Between Generated and Conditioned: 93.5561
Epoch: 89, Loss: 0.9581
MSE Loss Between Generated and Conditioned: 122.1656
Epoch: 90, Loss: 0.9547
MSE Loss Between Generated and Conditioned: 122.4179
Epoch: 91, Loss: 0.9534
MSE Loss Between Generated and Conditioned: 191.9525
Epoch: 92, Loss: 0.9496
MSE Loss Between Generated and Conditioned: 170.4755
Epoch: 93, Loss: 0.9449
MSE Loss Between Generated and Conditioned: 178.8289
Epoch: 94, Loss: 0.9428
MSE Loss Between Generated and Conditioned: 109.6905
Epoch: 95, Loss: 0.9372
MSE Loss Between Generated and Conditioned: 250.1802
Epoch: 96, Loss: 0.9308
MSE Loss Between Generated and Conditioned: 181.0771
Epoch: 97, Loss: 0.9256
MSE Loss Between Generated and Conditioned: 155.1638
Epoch: 98, Loss: 0.9211
MSE Loss Between Generated and Conditioned: 170.3530
Epoch: 99, Loss: 0.9148
MSE Loss Between Generated and Conditioned: 192.2859
Epoch: 100, Loss: 0.9116
MSE Loss Between Generated and Conditioned: 185.9290
Epoch: 101, Loss: 0.9057
MSE Loss Between Generated and Conditioned: 195.7595
Epoch: 102, Loss: 0.9009
MSE Loss Between Generated and Conditioned: 161.0049
Epoch: 103, Loss: 0.8905
MSE Loss Between Generated and Conditioned: 154.8730
Epoch: 104, Loss: 0.8843
MSE Loss Between Generated and Conditioned: 158.2689
Epoch: 105, Loss: 0.8721
MSE Loss Between Generated and Conditioned: 138.1396
Epoch: 106, Loss: 0.8661
MSE Loss Between Generated and Conditioned: 186.1531
Epoch: 107, Loss: 0.8564
MSE Loss Between Generated and Conditioned: 184.6919
Epoch: 108, Loss: 0.8479
MSE Loss Between Generated and Conditioned: 258.4981
Epoch: 109, Loss: 0.8386
MSE Loss Between Generated and Conditioned: 183.4733
Epoch: 110, Loss: 0.8244
MSE Loss Between Generated and Conditioned: 193.4947
Epoch: 111, Loss: 0.8116
MSE Loss Between Generated and Conditioned: 153.1939
Epoch: 112, Loss: 0.8020
MSE Loss Between Generated and Conditioned: 305.2291
Epoch: 113, Loss: 0.7942
MSE Loss Between Generated and Conditioned: 131.3646
Epoch: 114, Loss: 0.7812
MSE Loss Between Generated and Conditioned: 139.2948
Epoch: 115, Loss: 0.7613
MSE Loss Between Generated and Conditioned: 156.0530
Epoch: 116, Loss: 0.7501
MSE Loss Between Generated and Conditioned: 216.6423
Epoch: 117, Loss: 0.7333
MSE Loss Between Generated and Conditioned: 166.5378
Epoch: 118, Loss: 0.7137
MSE Loss Between Generated and Conditioned: 204.9164
Epoch: 119, Loss: 0.7046
MSE Loss Between Generated and Conditioned: 214.6866
Epoch: 120, Loss: 0.6906
MSE Loss Between Generated and Conditioned: 73.5861
Epoch: 121, Loss: 0.6724
MSE Loss Between Generated and Conditioned: 178.4331
Epoch: 122, Loss: 0.6646
MSE Loss Between Generated and Conditioned: 131.6659
Epoch: 123, Loss: 0.6432
MSE Loss Between Generated and Conditioned: 105.1749
Epoch: 124, Loss: 0.6382
MSE Loss Between Generated and Conditioned: 216.6557
Epoch: 125, Loss: 0.6171
MSE Loss Between Generated and Conditioned: 296.2912
Epoch: 126, Loss: 0.6042
MSE Loss Between Generated and Conditioned: 191.1351
Epoch: 127, Loss: 0.5973
MSE Loss Between Generated and Conditioned: 171.5683
Epoch: 128, Loss: 0.5856
MSE Loss Between Generated and Conditioned: 148.2057
Epoch: 129, Loss: 0.5752
MSE Loss Between Generated and Conditioned: 127.3406
Epoch: 130, Loss: 0.5632
MSE Loss Between Generated and Conditioned: 134.7178
Epoch: 131, Loss: 0.5482
MSE Loss Between Generated and Conditioned: 195.7644
Epoch: 132, Loss: 0.5426
MSE Loss Between Generated and Conditioned: 107.8622
Epoch: 133, Loss: 0.5318
MSE Loss Between Generated and Conditioned: 108.5303
Epoch: 134, Loss: 0.5238
MSE Loss Between Generated and Conditioned: 170.5323
Epoch: 135, Loss: 0.5135
MSE Loss Between Generated and Conditioned: 114.5687
Epoch: 136, Loss: 0.4960
MSE Loss Between Generated and Conditioned: 86.6219
Epoch: 137, Loss: 0.5004
MSE Loss Between Generated and Conditioned: 171.1703
Epoch: 138, Loss: 0.4866
MSE Loss Between Generated and Conditioned: 114.7242
Epoch: 139, Loss: 0.4771
MSE Loss Between Generated and Conditioned: 143.6963
Epoch: 140, Loss: 0.4734
MSE Loss Between Generated and Conditioned: 88.1735
Epoch: 141, Loss: 0.4679
MSE Loss Between Generated and Conditioned: 71.4095
Epoch: 142, Loss: 0.4571
MSE Loss Between Generated and Conditioned: 147.9082
Epoch: 143, Loss: 0.4496
MSE Loss Between Generated and Conditioned: 48.8113
Epoch: 144, Loss: 0.4355
MSE Loss Between Generated and Conditioned: 83.1934
Epoch: 145, Loss: 0.4328
MSE Loss Between Generated and Conditioned: 98.8040
Epoch: 146, Loss: 0.4265
MSE Loss Between Generated and Conditioned: 72.3477
Epoch: 147, Loss: 0.4149
MSE Loss Between Generated and Conditioned: 108.5919
Epoch: 148, Loss: 0.4239
MSE Loss Between Generated and Conditioned: 113.1851
Epoch: 149, Loss: 0.4248
MSE Loss Between Generated and Conditioned: 90.5162
Epoch: 150, Loss: 0.4094
MSE Loss Between Generated and Conditioned: 143.3296
Epoch: 151, Loss: 0.4000
MSE Loss Between Generated and Conditioned: 267.5496
Epoch: 152, Loss: 0.3996
MSE Loss Between Generated and Conditioned: 106.8758
Epoch: 153, Loss: 0.4038
MSE Loss Between Generated and Conditioned: 100.6414
Epoch: 154, Loss: 0.4043
MSE Loss Between Generated and Conditioned: 126.8908
Epoch: 155, Loss: 0.3984
MSE Loss Between Generated and Conditioned: 128.6755
Epoch: 156, Loss: 0.3727
MSE Loss Between Generated and Conditioned: 198.1003
Epoch: 157, Loss: 0.3808
MSE Loss Between Generated and Conditioned: 176.8653
Epoch: 158, Loss: 0.3779
MSE Loss Between Generated and Conditioned: 99.1769
Epoch: 159, Loss: 0.3591
MSE Loss Between Generated and Conditioned: 121.1193
Epoch: 160, Loss: 0.3647
MSE Loss Between Generated and Conditioned: 150.5415
Epoch: 161, Loss: 0.3812
MSE Loss Between Generated and Conditioned: 147.1914
Epoch: 162, Loss: 0.3551
MSE Loss Between Generated and Conditioned: 212.0989
Epoch: 163, Loss: 0.3481
MSE Loss Between Generated and Conditioned: 135.5428
Epoch: 164, Loss: 0.3515
MSE Loss Between Generated and Conditioned: 34.2776
Epoch: 165, Loss: 0.3458
MSE Loss Between Generated and Conditioned: 140.9533
Epoch: 166, Loss: 0.3406
MSE Loss Between Generated and Conditioned: 59.3369
Epoch: 167, Loss: 0.3572
MSE Loss Between Generated and Conditioned: 112.7115
Epoch: 168, Loss: 0.3561
MSE Loss Between Generated and Conditioned: 149.5745
Epoch: 169, Loss: 0.3564
MSE Loss Between Generated and Conditioned: 175.8824
Epoch: 170, Loss: 0.3476
MSE Loss Between Generated and Conditioned: 146.2869
Epoch: 171, Loss: 0.3343
MSE Loss Between Generated and Conditioned: 238.3177
Epoch: 172, Loss: 0.3384
MSE Loss Between Generated and Conditioned: 106.0244
Epoch: 173, Loss: 0.3374
MSE Loss Between Generated and Conditioned: 97.9374
Epoch: 174, Loss: 0.3189
MSE Loss Between Generated and Conditioned: 91.3422
Epoch: 175, Loss: 0.3281
MSE Loss Between Generated and Conditioned: 161.1019
Epoch: 176, Loss: 0.3244
MSE Loss Between Generated and Conditioned: 125.6604
Epoch: 177, Loss: 0.3272
MSE Loss Between Generated and Conditioned: 67.2987
Epoch: 178, Loss: 0.3180
MSE Loss Between Generated and Conditioned: 161.2789
Epoch: 179, Loss: 0.3221
MSE Loss Between Generated and Conditioned: 121.7695
Epoch: 180, Loss: 0.3282
MSE Loss Between Generated and Conditioned: 86.7226
Epoch: 181, Loss: 0.3150
MSE Loss Between Generated and Conditioned: 148.8640
Epoch: 182, Loss: 0.3226
MSE Loss Between Generated and Conditioned: 72.2243
Epoch: 183, Loss: 0.3164
MSE Loss Between Generated and Conditioned: 151.6143
Epoch: 184, Loss: 0.3294
MSE Loss Between Generated and Conditioned: 128.7707
Epoch: 185, Loss: 0.3123
MSE Loss Between Generated and Conditioned: 134.3843
Epoch: 186, Loss: 0.3202
MSE Loss Between Generated and Conditioned: 126.8560
Epoch: 187, Loss: 0.3205
MSE Loss Between Generated and Conditioned: 112.2753
Epoch: 188, Loss: 0.3075
MSE Loss Between Generated and Conditioned: 126.8759
Epoch: 189, Loss: 0.3047
MSE Loss Between Generated and Conditioned: 75.6052
Epoch: 190, Loss: 0.3146
MSE Loss Between Generated and Conditioned: 171.4672
Epoch: 191, Loss: 0.3125
MSE Loss Between Generated and Conditioned: 256.3614
Epoch: 192, Loss: 0.2927
MSE Loss Between Generated and Conditioned: 179.3627
Epoch: 193, Loss: 0.3136
MSE Loss Between Generated and Conditioned: 135.9642
Epoch: 194, Loss: 0.3073
MSE Loss Between Generated and Conditioned: 151.4583
Epoch: 195, Loss: 0.3032
MSE Loss Between Generated and Conditioned: 150.1660
Epoch: 196, Loss: 0.3211
MSE Loss Between Generated and Conditioned: 103.0626
Epoch: 197, Loss: 0.3104
MSE Loss Between Generated and Conditioned: 155.6526
Epoch: 198, Loss: 0.3155
MSE Loss Between Generated and Conditioned: 212.6075
Epoch: 199, Loss: 0.3009
MSE Loss Between Generated and Conditioned: 138.4193
Epoch: 200, Loss: 0.2942
MSE Loss Between Generated and Conditioned: 140.8090
Epoch: 201, Loss: 0.3082
MSE Loss Between Generated and Conditioned: 115.8658
Epoch: 202, Loss: 0.3009
MSE Loss Between Generated and Conditioned: 120.8280
Epoch: 203, Loss: 0.3016
MSE Loss Between Generated and Conditioned: 64.1023
Epoch: 204, Loss: 0.2865
MSE Loss Between Generated and Conditioned: 63.7727
Epoch: 205, Loss: 0.2657
MSE Loss Between Generated and Conditioned: 57.8902
Epoch: 206, Loss: 0.2672
MSE Loss Between Generated and Conditioned: 184.9582
Epoch: 207, Loss: 0.2605
MSE Loss Between Generated and Conditioned: 106.4726
Epoch: 208, Loss: 0.2710
MSE Loss Between Generated and Conditioned: 112.0476
Epoch: 209, Loss: 0.2816
MSE Loss Between Generated and Conditioned: 130.3132
Epoch: 210, Loss: 0.2793
MSE Loss Between Generated and Conditioned: 101.8509
Epoch: 211, Loss: 0.2752
MSE Loss Between Generated and Conditioned: 77.5741
Epoch: 212, Loss: 0.2764
MSE Loss Between Generated and Conditioned: 109.5618
Epoch: 213, Loss: 0.2747
MSE Loss Between Generated and Conditioned: 104.2560
Epoch: 214, Loss: 0.2755
MSE Loss Between Generated and Conditioned: 99.2985
Epoch: 215, Loss: 0.2752
MSE Loss Between Generated and Conditioned: 103.4335
Epoch: 216, Loss: 0.2664
MSE Loss Between Generated and Conditioned: 133.8052
Epoch: 217, Loss: 0.2693
MSE Loss Between Generated and Conditioned: 127.3633
Epoch: 218, Loss: 0.2656
MSE Loss Between Generated and Conditioned: 105.7286
Epoch: 219, Loss: 0.2742
MSE Loss Between Generated and Conditioned: 186.8295
Epoch: 220, Loss: 0.2641
MSE Loss Between Generated and Conditioned: 78.8631
Epoch: 221, Loss: 0.2582
MSE Loss Between Generated and Conditioned: 187.6196
Epoch: 222, Loss: 0.2690
MSE Loss Between Generated and Conditioned: 79.5162
Epoch: 223, Loss: 0.2654
MSE Loss Between Generated and Conditioned: 112.3095
Epoch: 224, Loss: 0.2710
MSE Loss Between Generated and Conditioned: 136.6346
Epoch: 225, Loss: 0.2649
MSE Loss Between Generated and Conditioned: 115.5572
Epoch: 226, Loss: 0.2561
MSE Loss Between Generated and Conditioned: 106.4611
Epoch: 227, Loss: 0.2654
MSE Loss Between Generated and Conditioned: 124.9748
Epoch: 228, Loss: 0.2670
MSE Loss Between Generated and Conditioned: 176.7217
Epoch: 229, Loss: 0.2694
MSE Loss Between Generated and Conditioned: 134.2012
Epoch: 230, Loss: 0.2594
MSE Loss Between Generated and Conditioned: 115.7982
Epoch: 231, Loss: 0.2564
MSE Loss Between Generated and Conditioned: 110.8183
Epoch: 232, Loss: 0.2803
MSE Loss Between Generated and Conditioned: 134.5266
Epoch: 233, Loss: 0.2617
MSE Loss Between Generated and Conditioned: 92.6891
Epoch: 234, Loss: 0.2669
MSE Loss Between Generated and Conditioned: 152.1073
Epoch: 235, Loss: 0.2608
MSE Loss Between Generated and Conditioned: 88.0319
Epoch: 236, Loss: 0.2674
MSE Loss Between Generated and Conditioned: 136.3865
Epoch: 237, Loss: 0.2735
MSE Loss Between Generated and Conditioned: 79.7062
Epoch: 238, Loss: 0.2662
MSE Loss Between Generated and Conditioned: 100.7391
Epoch: 239, Loss: 0.2712
MSE Loss Between Generated and Conditioned: 120.1734
Epoch: 240, Loss: 0.2580
MSE Loss Between Generated and Conditioned: 140.9915
Epoch: 241, Loss: 0.2635
MSE Loss Between Generated and Conditioned: 108.3996
Epoch: 242, Loss: 0.2649
MSE Loss Between Generated and Conditioned: 134.5011
Epoch: 243, Loss: 0.2712
MSE Loss Between Generated and Conditioned: 162.6361
Epoch: 244, Loss: 0.2715
MSE Loss Between Generated and Conditioned: 148.2372
Epoch: 245, Loss: 0.2590
MSE Loss Between Generated and Conditioned: 126.2681
Epoch: 246, Loss: 0.2552
MSE Loss Between Generated and Conditioned: 42.6231
Epoch: 247, Loss: 0.2627
MSE Loss Between Generated and Conditioned: 146.4274
Epoch: 248, Loss: 0.2792
MSE Loss Between Generated and Conditioned: 94.6880
Epoch: 249, Loss: 0.2688
MSE Loss Between Generated and Conditioned: 174.4357
Epoch: 250, Loss: 0.2689
MSE Loss Between Generated and Conditioned: 175.3363
Epoch: 251, Loss: 0.2751
MSE Loss Between Generated and Conditioned: 44.4617
Epoch: 252, Loss: 0.2732
MSE Loss Between Generated and Conditioned: 194.6645
Epoch: 253, Loss: 0.2767
MSE Loss Between Generated and Conditioned: 151.4298
Epoch: 254, Loss: 0.2575
MSE Loss Between Generated and Conditioned: 101.4758
Epoch: 255, Loss: 0.2653
MSE Loss Between Generated and Conditioned: 73.6717
Epoch: 256, Loss: 0.2640
MSE Loss Between Generated and Conditioned: 35.7860
Epoch: 257, Loss: 0.2704
MSE Loss Between Generated and Conditioned: 156.7528
Epoch: 258, Loss: 0.2731
MSE Loss Between Generated and Conditioned: 117.3789
Epoch: 259, Loss: 0.2608
MSE Loss Between Generated and Conditioned: 135.2861
Epoch: 260, Loss: 0.2725
MSE Loss Between Generated and Conditioned: 102.2114
Epoch: 261, Loss: 0.2807
MSE Loss Between Generated and Conditioned: 164.8244
Epoch: 262, Loss: 0.2720
MSE Loss Between Generated and Conditioned: 132.5929
Epoch: 263, Loss: 0.2660
MSE Loss Between Generated and Conditioned: 125.7361
Epoch: 264, Loss: 0.2677
MSE Loss Between Generated and Conditioned: 85.2001
Epoch: 265, Loss: 0.2617
MSE Loss Between Generated and Conditioned: 136.6327
Epoch: 266, Loss: 0.2643
MSE Loss Between Generated and Conditioned: 96.2244
Epoch: 267, Loss: 0.2573
MSE Loss Between Generated and Conditioned: 130.5917
Epoch: 268, Loss: 0.2653
MSE Loss Between Generated and Conditioned: 98.5154
Epoch: 269, Loss: 0.2726
MSE Loss Between Generated and Conditioned: 134.3341
Epoch: 270, Loss: 0.2706
MSE Loss Between Generated and Conditioned: 156.7865
Epoch: 271, Loss: 0.2623
MSE Loss Between Generated and Conditioned: 119.0764
Epoch: 272, Loss: 0.2742
MSE Loss Between Generated and Conditioned: 104.5387
Epoch: 273, Loss: 0.2643
MSE Loss Between Generated and Conditioned: 121.8641
Epoch: 274, Loss: 0.2597
MSE Loss Between Generated and Conditioned: 105.7976
Epoch: 275, Loss: 0.2547
MSE Loss Between Generated and Conditioned: 101.9839
Epoch: 276, Loss: 0.2723
MSE Loss Between Generated and Conditioned: 117.4885
Epoch: 277, Loss: 0.2630
MSE Loss Between Generated and Conditioned: 89.8665
Epoch: 278, Loss: 0.2663
MSE Loss Between Generated and Conditioned: 100.3312
Epoch: 279, Loss: 0.2681
MSE Loss Between Generated and Conditioned: 116.7494
Epoch: 280, Loss: 0.2636
MSE Loss Between Generated and Conditioned: 100.0857
Epoch: 281, Loss: 0.2639
MSE Loss Between Generated and Conditioned: 139.9452
Epoch: 282, Loss: 0.2641
MSE Loss Between Generated and Conditioned: 122.3674
Epoch: 283, Loss: 0.2650
MSE Loss Between Generated and Conditioned: 146.2971
Epoch: 284, Loss: 0.2727
MSE Loss Between Generated and Conditioned: 81.1132
Epoch: 285, Loss: 0.2695
MSE Loss Between Generated and Conditioned: 119.4288
Epoch: 286, Loss: 0.2625
MSE Loss Between Generated and Conditioned: 132.1119
Epoch: 287, Loss: 0.2801
MSE Loss Between Generated and Conditioned: 157.5460
Epoch: 288, Loss: 0.2743
MSE Loss Between Generated and Conditioned: 98.7535
Epoch: 289, Loss: 0.2700
MSE Loss Between Generated and Conditioned: 133.3749
Epoch: 290, Loss: 0.2687
MSE Loss Between Generated and Conditioned: 146.8377
Epoch: 291, Loss: 0.2598
MSE Loss Between Generated and Conditioned: 82.5347
Epoch: 292, Loss: 0.2748
MSE Loss Between Generated and Conditioned: 166.7763
Epoch: 293, Loss: 0.2621
MSE Loss Between Generated and Conditioned: 98.8637
Epoch: 294, Loss: 0.2750
MSE Loss Between Generated and Conditioned: 88.6535
Epoch: 295, Loss: 0.2655
MSE Loss Between Generated and Conditioned: 88.2974
Epoch: 296, Loss: 0.2595
MSE Loss Between Generated and Conditioned: 126.5161
Epoch: 297, Loss: 0.2598
MSE Loss Between Generated and Conditioned: 131.1898
Epoch: 298, Loss: 0.2594
MSE Loss Between Generated and Conditioned: 123.7208
Epoch: 299, Loss: 0.2701
/homes/nb324/Documents/masters_project_multi_modal/latent_diffusion_model_conditional_attn/latent_model_main.py:113: UserWarning: No artists with labels found to put in legend.  Note that artists whose label start with an underscore are ignored when legend() is called with no argument.
  plt.legend()
Traceback (most recent call last):
  File "/homes/nb324/Documents/masters_project_multi_modal/autoencoder_comparison_self_attention/main.py", line 139, in <module>
    main()
  File "/homes/nb324/Documents/masters_project_multi_modal/autoencoder_comparison_self_attention/main.py", line 136, in main
    downstream_task_latent_diffusion_conditional_attn(num_epochs=300, data=test_data, model_encoder=model, model_decoder=model.decoder)
  File "/homes/nb324/Documents/masters_project_multi_modal/latent_diffusion_model_conditional_attn/latent_model_main.py", line 118, in downstream_task
    plt.plot(epochs, train_losses)
  File "/vol/bitbucket/nb324/masters_project/.venv/lib/python3.12/site-packages/matplotlib/pyplot.py", line 3827, in plot
    return gca().plot(
           ^^^^^^^^^^^
  File "/vol/bitbucket/nb324/masters_project/.venv/lib/python3.12/site-packages/matplotlib/axes/_axes.py", line 1777, in plot
    lines = [*self._get_lines(self, *args, data=data, **kwargs)]
            ^^^^^^^^^^^^^^^^^^^^^^^^^^^^^^^^^^^^^^^^^^^^^^^^^^^^
  File "/vol/bitbucket/nb324/masters_project/.venv/lib/python3.12/site-packages/matplotlib/axes/_base.py", line 297, in __call__
    yield from self._plot_args(
               ^^^^^^^^^^^^^^^^
  File "/vol/bitbucket/nb324/masters_project/.venv/lib/python3.12/site-packages/matplotlib/axes/_base.py", line 494, in _plot_args
    raise ValueError(f"x and y must have same first dimension, but "
ValueError: x and y must have same first dimension, but have shapes (1,) and (44,)
