nohup: ignoring input
Train: torch.Size([14031, 5, 64, 32]), Valid: torch.Size([4677, 5, 64, 32]), Test: torch.Size([4678, 5, 64, 32])
Starting Downstream Task
torch.Size([2806, 5, 64, 32])
torch.Size([935, 5, 64, 32])
torch.Size([937, 5, 64, 32])
Shape: (5, 144, 72)
Epoch: 0, Train Loss: 0.11318, Valid Loss: 0.05892, EPS: 0.991
Epoch: 1, Train Loss: 0.04919, Valid Loss: 0.03803, EPS: 0.982
Epoch: 2, Train Loss: 0.03315, Valid Loss: 0.03254, EPS: 0.973
Epoch: 3, Train Loss: 0.02558, Valid Loss: 0.02954, EPS: 0.964
Epoch: 4, Train Loss: 0.02221, Valid Loss: 0.02798, EPS: 0.955
Epoch: 5, Train Loss: 0.01908, Valid Loss: 0.02843, EPS: 0.946
Epoch: 6, Train Loss: 0.01749, Valid Loss: 0.02782, EPS: 0.9369999999999999
Epoch: 7, Train Loss: 0.01626, Valid Loss: 0.02752, EPS: 0.928
Epoch: 8, Train Loss: 0.01609, Valid Loss: 0.02715, EPS: 0.919
Epoch: 9, Train Loss: 0.01521, Valid Loss: 0.02807, EPS: 0.91
Epoch: 10, Train Loss: 0.01418, Valid Loss: 0.02839, EPS: 0.901
Epoch: 11, Train Loss: 0.01346, Valid Loss: 0.02814, EPS: 0.892
Epoch: 12, Train Loss: 0.01273, Valid Loss: 0.02758, EPS: 0.883
Epoch: 13, Train Loss: 0.01220, Valid Loss: 0.02941, EPS: 0.874
Epoch: 14, Train Loss: 0.01228, Valid Loss: 0.02859, EPS: 0.865
Epoch: 15, Train Loss: 0.01146, Valid Loss: 0.02880, EPS: 0.856
Epoch: 16, Train Loss: 0.01097, Valid Loss: 0.02998, EPS: 0.847
Epoch: 17, Train Loss: 0.01107, Valid Loss: 0.02874, EPS: 0.8380000000000001
Epoch: 18, Train Loss: 0.01095, Valid Loss: 0.02775, EPS: 0.8290000000000001
Epoch: 19, Train Loss: 0.01099, Valid Loss: 0.02844, EPS: 0.8200000000000001
Epoch: 20, Train Loss: 0.00885, Valid Loss: 0.02870, EPS: 0.811
Epoch: 21, Train Loss: 0.00749, Valid Loss: 0.02733, EPS: 0.802
Epoch: 22, Train Loss: 0.00664, Valid Loss: 0.02729, EPS: 0.793
Epoch: 23, Train Loss: 0.00623, Valid Loss: 0.02708, EPS: 0.784
Epoch: 24, Train Loss: 0.00585, Valid Loss: 0.02718, EPS: 0.775
Epoch: 25, Train Loss: 0.00572, Valid Loss: 0.02700, EPS: 0.766
Epoch: 26, Train Loss: 0.00543, Valid Loss: 0.02671, EPS: 0.757
Epoch: 27, Train Loss: 0.00541, Valid Loss: 0.02628, EPS: 0.748
Epoch: 28, Train Loss: 0.00525, Valid Loss: 0.02713, EPS: 0.739
Epoch: 29, Train Loss: 0.00511, Valid Loss: 0.02703, EPS: 0.73
Epoch: 30, Train Loss: 0.00493, Valid Loss: 0.02756, EPS: 0.721
Epoch: 31, Train Loss: 0.00494, Valid Loss: 0.02784, EPS: 0.712
Epoch: 32, Train Loss: 0.00507, Valid Loss: 0.02737, EPS: 0.703
Epoch: 33, Train Loss: 0.00493, Valid Loss: 0.02710, EPS: 0.694
Epoch: 34, Train Loss: 0.00486, Valid Loss: 0.02841, EPS: 0.685
Epoch: 35, Train Loss: 0.00486, Valid Loss: 0.02837, EPS: 0.676
Epoch: 36, Train Loss: 0.00462, Valid Loss: 0.02782, EPS: 0.667
Epoch: 37, Train Loss: 0.00477, Valid Loss: 0.02699, EPS: 0.658
Epoch: 38, Train Loss: 0.00435, Valid Loss: 0.02831, EPS: 0.649
Epoch: 39, Train Loss: 0.00405, Valid Loss: 0.02727, EPS: 0.64
Epoch: 40, Train Loss: 0.00445, Valid Loss: 0.02795, EPS: 0.6310000000000001
Epoch: 41, Train Loss: 0.00419, Valid Loss: 0.02827, EPS: 0.6220000000000001
Epoch: 42, Train Loss: 0.00428, Valid Loss: 0.02813, EPS: 0.6130000000000001
Epoch: 43, Train Loss: 0.00403, Valid Loss: 0.02798, EPS: 0.6040000000000001
Epoch: 44, Train Loss: 0.00418, Valid Loss: 0.02858, EPS: 0.5950000000000001
Epoch: 45, Train Loss: 0.00406, Valid Loss: 0.02806, EPS: 0.5860000000000001
Epoch: 46, Train Loss: 0.00453, Valid Loss: 0.02842, EPS: 0.5770000000000001
Epoch: 47, Train Loss: 0.00399, Valid Loss: 0.02828, EPS: 0.5680000000000001
Epoch: 48, Train Loss: 0.00406, Valid Loss: 0.02865, EPS: 0.559
Epoch: 49, Train Loss: 0.00402, Valid Loss: 0.02854, EPS: 0.55
Epoch: 50, Train Loss: 0.00407, Valid Loss: 0.02796, EPS: 0.541
Epoch: 51, Train Loss: 0.00411, Valid Loss: 0.02825, EPS: 0.532
Epoch: 52, Train Loss: 0.00413, Valid Loss: 0.02798, EPS: 0.523
Epoch: 53, Train Loss: 0.00436, Valid Loss: 0.02808, EPS: 0.514
Epoch: 54, Train Loss: 0.00425, Valid Loss: 0.02774, EPS: 0.505
Epoch: 55, Train Loss: 0.00409, Valid Loss: 0.02857, EPS: 0.496
Epoch: 56, Train Loss: 0.00401, Valid Loss: 0.02763, EPS: 0.4870000000000001
Epoch: 57, Train Loss: 0.00457, Valid Loss: 0.02777, EPS: 0.4780000000000001
Epoch: 58, Train Loss: 0.00452, Valid Loss: 0.02809, EPS: 0.4690000000000001
Epoch: 59, Train Loss: 0.00401, Valid Loss: 0.02755, EPS: 0.4600000000000001
Epoch: 60, Train Loss: 0.00412, Valid Loss: 0.02756, EPS: 0.45100000000000007
Epoch: 61, Train Loss: 0.00427, Valid Loss: 0.02840, EPS: 0.44200000000000006
Epoch: 62, Train Loss: 0.00437, Valid Loss: 0.02755, EPS: 0.43300000000000005
Epoch: 63, Train Loss: 0.00442, Valid Loss: 0.02849, EPS: 0.42400000000000004
Epoch: 64, Train Loss: 0.00414, Valid Loss: 0.02824, EPS: 0.41500000000000004
Epoch: 65, Train Loss: 0.00403, Valid Loss: 0.02733, EPS: 0.406
Epoch: 66, Train Loss: 0.00431, Valid Loss: 0.02778, EPS: 0.397
Epoch: 67, Train Loss: 0.00419, Valid Loss: 0.02849, EPS: 0.388
Epoch: 68, Train Loss: 0.00423, Valid Loss: 0.02771, EPS: 0.3790000000000001
Epoch: 69, Train Loss: 0.00427, Valid Loss: 0.02801, EPS: 0.3700000000000001
Epoch: 70, Train Loss: 0.00389, Valid Loss: 0.02870, EPS: 0.3610000000000001
Epoch: 71, Train Loss: 0.00419, Valid Loss: 0.02843, EPS: 0.3520000000000001
Epoch: 72, Train Loss: 0.00399, Valid Loss: 0.02779, EPS: 0.343
Epoch: 73, Train Loss: 0.00404, Valid Loss: 0.02793, EPS: 0.334
Epoch: 74, Train Loss: 0.00415, Valid Loss: 0.02767, EPS: 0.325
Epoch: 75, Train Loss: 0.00419, Valid Loss: 0.02822, EPS: 0.316
Epoch: 76, Train Loss: 0.00412, Valid Loss: 0.02854, EPS: 0.307
Epoch: 77, Train Loss: 0.00403, Valid Loss: 0.02815, EPS: 0.298
Epoch: 78, Train Loss: 0.00420, Valid Loss: 0.02710, EPS: 0.289
Epoch: 79, Train Loss: 0.00403, Valid Loss: 0.02818, EPS: 0.27999999999999997
Epoch: 80, Train Loss: 0.00417, Valid Loss: 0.02822, EPS: 0.27099999999999996
Epoch: 81, Train Loss: 0.00409, Valid Loss: 0.02826, EPS: 0.26200000000000007
Epoch: 82, Train Loss: 0.00403, Valid Loss: 0.02800, EPS: 0.25300000000000006
Epoch: 83, Train Loss: 0.00413, Valid Loss: 0.02831, EPS: 0.24400000000000005
Epoch: 84, Train Loss: 0.00410, Valid Loss: 0.02803, EPS: 0.23500000000000004
Epoch: 85, Train Loss: 0.00426, Valid Loss: 0.02793, EPS: 0.22600000000000003
Epoch: 86, Train Loss: 0.00404, Valid Loss: 0.02831, EPS: 0.21700000000000003
Epoch: 87, Train Loss: 0.00417, Valid Loss: 0.02737, EPS: 0.20800000000000002
Epoch: 88, Train Loss: 0.00418, Valid Loss: 0.02802, EPS: 0.199
Epoch: 89, Train Loss: 0.00391, Valid Loss: 0.02758, EPS: 0.19
Epoch: 90, Train Loss: 0.00410, Valid Loss: 0.02748, EPS: 0.181
Epoch: 91, Train Loss: 0.00410, Valid Loss: 0.02813, EPS: 0.172
Epoch: 92, Train Loss: 0.00413, Valid Loss: 0.02825, EPS: 0.16299999999999998
Epoch: 93, Train Loss: 0.00410, Valid Loss: 0.02793, EPS: 0.15400000000000005
Epoch: 94, Train Loss: 0.00424, Valid Loss: 0.02847, EPS: 0.14500000000000005
Epoch: 95, Train Loss: 0.00431, Valid Loss: 0.02726, EPS: 0.13600000000000004
Epoch: 96, Train Loss: 0.00412, Valid Loss: 0.02810, EPS: 0.12700000000000003
Epoch: 97, Train Loss: 0.00414, Valid Loss: 0.02829, EPS: 0.11800000000000002
Epoch: 98, Train Loss: 0.00416, Valid Loss: 0.02787, EPS: 0.10900000000000001
Epoch: 99, Train Loss: 0.00408, Valid Loss: 0.02841, EPS: 0.1
Test Loss: 0.02812
Test Loss: 0.03055
torch.Size([2806, 5, 64, 32])
torch.Size([935, 5, 64, 32])
torch.Size([937, 5, 64, 32])
Shape: (5, 144, 72)
Epoch: 0, Train Loss: 0.13612, Valid Loss: 0.08290, EPS: 0.991
Epoch: 1, Train Loss: 0.07103, Valid Loss: 0.05599, EPS: 0.982
Epoch: 2, Train Loss: 0.04816, Valid Loss: 0.04308, EPS: 0.973
Epoch: 3, Train Loss: 0.03500, Valid Loss: 0.03915, EPS: 0.964
Epoch: 4, Train Loss: 0.02828, Valid Loss: 0.03391, EPS: 0.955
Epoch: 5, Train Loss: 0.02318, Valid Loss: 0.03276, EPS: 0.946
Epoch: 6, Train Loss: 0.01974, Valid Loss: 0.03398, EPS: 0.9369999999999999
Epoch: 7, Train Loss: 0.01692, Valid Loss: 0.03240, EPS: 0.928
Epoch: 8, Train Loss: 0.01403, Valid Loss: 0.02927, EPS: 0.919
Epoch: 9, Train Loss: 0.01311, Valid Loss: 0.03253, EPS: 0.91
Epoch: 10, Train Loss: 0.01163, Valid Loss: 0.03214, EPS: 0.901
Epoch: 11, Train Loss: 0.01105, Valid Loss: 0.02972, EPS: 0.892
Epoch: 12, Train Loss: 0.01061, Valid Loss: 0.03203, EPS: 0.883
Epoch: 13, Train Loss: 0.01060, Valid Loss: 0.03408, EPS: 0.874
Epoch: 14, Train Loss: 0.00971, Valid Loss: 0.02908, EPS: 0.865
Epoch: 15, Train Loss: 0.00940, Valid Loss: 0.02921, EPS: 0.856
Epoch: 16, Train Loss: 0.00921, Valid Loss: 0.03095, EPS: 0.847
Epoch: 17, Train Loss: 0.00888, Valid Loss: 0.03217, EPS: 0.8380000000000001
Epoch: 18, Train Loss: 0.00841, Valid Loss: 0.03141, EPS: 0.8290000000000001
Epoch: 19, Train Loss: 0.00799, Valid Loss: 0.02989, EPS: 0.8200000000000001
Epoch: 20, Train Loss: 0.00758, Valid Loss: 0.03257, EPS: 0.811
Epoch: 21, Train Loss: 0.00887, Valid Loss: 0.03120, EPS: 0.802
Epoch: 22, Train Loss: 0.00879, Valid Loss: 0.02993, EPS: 0.793
Epoch: 23, Train Loss: 0.00751, Valid Loss: 0.03288, EPS: 0.784
Epoch: 24, Train Loss: 0.00684, Valid Loss: 0.03268, EPS: 0.775
Epoch: 25, Train Loss: 0.00717, Valid Loss: 0.03322, EPS: 0.766
Epoch: 26, Train Loss: 0.00585, Valid Loss: 0.03159, EPS: 0.757
Epoch: 27, Train Loss: 0.00500, Valid Loss: 0.03092, EPS: 0.748
Epoch: 28, Train Loss: 0.00456, Valid Loss: 0.03060, EPS: 0.739
Epoch: 29, Train Loss: 0.00421, Valid Loss: 0.03141, EPS: 0.73
Epoch: 30, Train Loss: 0.00516, Valid Loss: 0.03124, EPS: 0.721
Epoch: 31, Train Loss: 0.00445, Valid Loss: 0.02988, EPS: 0.712
Epoch: 32, Train Loss: 0.00386, Valid Loss: 0.03137, EPS: 0.703
Epoch: 33, Train Loss: 0.00373, Valid Loss: 0.03269, EPS: 0.694
Epoch: 34, Train Loss: 0.00351, Valid Loss: 0.03229, EPS: 0.685
Epoch: 35, Train Loss: 0.00336, Valid Loss: 0.03029, EPS: 0.676
Epoch: 36, Train Loss: 0.00317, Valid Loss: 0.03026, EPS: 0.667
Epoch: 37, Train Loss: 0.00309, Valid Loss: 0.03065, EPS: 0.658
Epoch: 38, Train Loss: 0.00327, Valid Loss: 0.02947, EPS: 0.649
Epoch: 39, Train Loss: 0.00305, Valid Loss: 0.02981, EPS: 0.64
Epoch: 40, Train Loss: 0.00329, Valid Loss: 0.03123, EPS: 0.6310000000000001
Epoch: 41, Train Loss: 0.00327, Valid Loss: 0.03124, EPS: 0.6220000000000001
Epoch: 42, Train Loss: 0.00312, Valid Loss: 0.02944, EPS: 0.6130000000000001
Epoch: 43, Train Loss: 0.00302, Valid Loss: 0.03021, EPS: 0.6040000000000001
Epoch: 44, Train Loss: 0.00297, Valid Loss: 0.03118, EPS: 0.5950000000000001
Epoch: 45, Train Loss: 0.00327, Valid Loss: 0.02992, EPS: 0.5860000000000001
Epoch: 46, Train Loss: 0.00325, Valid Loss: 0.02929, EPS: 0.5770000000000001
Epoch: 47, Train Loss: 0.00302, Valid Loss: 0.03135, EPS: 0.5680000000000001
Epoch: 48, Train Loss: 0.00325, Valid Loss: 0.03112, EPS: 0.559
Epoch: 49, Train Loss: 0.00334, Valid Loss: 0.03120, EPS: 0.55
Epoch: 50, Train Loss: 0.00298, Valid Loss: 0.02830, EPS: 0.541
Epoch: 51, Train Loss: 0.00306, Valid Loss: 0.03037, EPS: 0.532
Epoch: 52, Train Loss: 0.00369, Valid Loss: 0.02997, EPS: 0.523
Epoch: 53, Train Loss: 0.00325, Valid Loss: 0.02993, EPS: 0.514
Epoch: 54, Train Loss: 0.00347, Valid Loss: 0.03034, EPS: 0.505
Epoch: 55, Train Loss: 0.00352, Valid Loss: 0.02937, EPS: 0.496
Epoch: 56, Train Loss: 0.00319, Valid Loss: 0.03137, EPS: 0.4870000000000001
Epoch: 57, Train Loss: 0.00335, Valid Loss: 0.02888, EPS: 0.4780000000000001
Epoch: 58, Train Loss: 0.00309, Valid Loss: 0.02893, EPS: 0.4690000000000001
Epoch: 59, Train Loss: 0.00310, Valid Loss: 0.02981, EPS: 0.4600000000000001
Epoch: 60, Train Loss: 0.00323, Valid Loss: 0.03144, EPS: 0.45100000000000007
Epoch: 61, Train Loss: 0.00293, Valid Loss: 0.03169, EPS: 0.44200000000000006
Epoch: 62, Train Loss: 0.00345, Valid Loss: 0.02998, EPS: 0.43300000000000005
Epoch: 63, Train Loss: 0.00305, Valid Loss: 0.03018, EPS: 0.42400000000000004
Epoch: 64, Train Loss: 0.00331, Valid Loss: 0.03025, EPS: 0.41500000000000004
Epoch: 65, Train Loss: 0.00369, Valid Loss: 0.03223, EPS: 0.406
Epoch: 66, Train Loss: 0.00323, Valid Loss: 0.03033, EPS: 0.397
Epoch: 67, Train Loss: 0.00340, Valid Loss: 0.02842, EPS: 0.388
Epoch: 68, Train Loss: 0.00297, Valid Loss: 0.02955, EPS: 0.3790000000000001
Epoch: 69, Train Loss: 0.00301, Valid Loss: 0.02946, EPS: 0.3700000000000001
Epoch: 70, Train Loss: 0.00320, Valid Loss: 0.03063, EPS: 0.3610000000000001
Epoch: 71, Train Loss: 0.00304, Valid Loss: 0.02924, EPS: 0.3520000000000001
Epoch: 72, Train Loss: 0.00310, Valid Loss: 0.02996, EPS: 0.343
Epoch: 73, Train Loss: 0.00365, Valid Loss: 0.02819, EPS: 0.334
Epoch: 74, Train Loss: 0.00293, Valid Loss: 0.02862, EPS: 0.325
Epoch: 75, Train Loss: 0.00329, Valid Loss: 0.03031, EPS: 0.316
Epoch: 76, Train Loss: 0.00309, Valid Loss: 0.03127, EPS: 0.307
Epoch: 77, Train Loss: 0.00317, Valid Loss: 0.02988, EPS: 0.298
Epoch: 78, Train Loss: 0.00342, Valid Loss: 0.03058, EPS: 0.289
Epoch: 79, Train Loss: 0.00360, Valid Loss: 0.03019, EPS: 0.27999999999999997
Epoch: 80, Train Loss: 0.00367, Valid Loss: 0.03045, EPS: 0.27099999999999996
Epoch: 81, Train Loss: 0.00329, Valid Loss: 0.03026, EPS: 0.26200000000000007
Epoch: 82, Train Loss: 0.00299, Valid Loss: 0.02997, EPS: 0.25300000000000006
Epoch: 83, Train Loss: 0.00331, Valid Loss: 0.02969, EPS: 0.24400000000000005
Epoch: 84, Train Loss: 0.00334, Valid Loss: 0.03126, EPS: 0.23500000000000004
Epoch: 85, Train Loss: 0.00321, Valid Loss: 0.03081, EPS: 0.22600000000000003
Epoch: 86, Train Loss: 0.00337, Valid Loss: 0.03095, EPS: 0.21700000000000003
Epoch: 87, Train Loss: 0.00382, Valid Loss: 0.02932, EPS: 0.20800000000000002
Epoch: 88, Train Loss: 0.00331, Valid Loss: 0.02966, EPS: 0.199
Epoch: 89, Train Loss: 0.00324, Valid Loss: 0.03201, EPS: 0.19
Epoch: 90, Train Loss: 0.00332, Valid Loss: 0.03195, EPS: 0.181
Epoch: 91, Train Loss: 0.00321, Valid Loss: 0.03074, EPS: 0.172
Epoch: 92, Train Loss: 0.00314, Valid Loss: 0.03188, EPS: 0.16299999999999998
Epoch: 93, Train Loss: 0.00322, Valid Loss: 0.03037, EPS: 0.15400000000000005
Epoch: 94, Train Loss: 0.00343, Valid Loss: 0.02960, EPS: 0.14500000000000005
Epoch: 95, Train Loss: 0.00300, Valid Loss: 0.02914, EPS: 0.13600000000000004
Epoch: 96, Train Loss: 0.00380, Valid Loss: 0.03093, EPS: 0.12700000000000003
Epoch: 97, Train Loss: 0.00302, Valid Loss: 0.03101, EPS: 0.11800000000000002
Epoch: 98, Train Loss: 0.00300, Valid Loss: 0.03094, EPS: 0.10900000000000001
Epoch: 99, Train Loss: 0.00371, Valid Loss: 0.03044, EPS: 0.1
Test Loss: 0.03228
Test Loss: 0.03245
torch.Size([2806, 5, 64, 32])
torch.Size([935, 5, 64, 32])
torch.Size([937, 5, 64, 32])
Shape: (5, 144, 72)
Epoch: 0, Train Loss: 0.11451, Valid Loss: 0.06212, EPS: 0.991
Epoch: 1, Train Loss: 0.04984, Valid Loss: 0.03923, EPS: 0.982
Epoch: 2, Train Loss: 0.03335, Valid Loss: 0.03245, EPS: 0.973
Epoch: 3, Train Loss: 0.02570, Valid Loss: 0.02940, EPS: 0.964
Epoch: 4, Train Loss: 0.02170, Valid Loss: 0.02841, EPS: 0.955
Epoch: 5, Train Loss: 0.01905, Valid Loss: 0.02760, EPS: 0.946
Epoch: 6, Train Loss: 0.01775, Valid Loss: 0.02831, EPS: 0.9369999999999999
Epoch: 7, Train Loss: 0.01598, Valid Loss: 0.02749, EPS: 0.928
Epoch: 8, Train Loss: 0.01475, Valid Loss: 0.02686, EPS: 0.919
Epoch: 9, Train Loss: 0.01434, Valid Loss: 0.02897, EPS: 0.91
Epoch: 10, Train Loss: 0.01416, Valid Loss: 0.02907, EPS: 0.901
Epoch: 11, Train Loss: 0.01299, Valid Loss: 0.02769, EPS: 0.892
Epoch: 12, Train Loss: 0.01249, Valid Loss: 0.02823, EPS: 0.883
Epoch: 13, Train Loss: 0.01221, Valid Loss: 0.02752, EPS: 0.874
Epoch: 14, Train Loss: 0.01168, Valid Loss: 0.02856, EPS: 0.865
Epoch: 15, Train Loss: 0.01133, Valid Loss: 0.02827, EPS: 0.856
Epoch: 16, Train Loss: 0.01142, Valid Loss: 0.02738, EPS: 0.847
Epoch: 17, Train Loss: 0.01105, Valid Loss: 0.02800, EPS: 0.8380000000000001
Epoch: 18, Train Loss: 0.01062, Valid Loss: 0.02930, EPS: 0.8290000000000001
Epoch: 19, Train Loss: 0.01078, Valid Loss: 0.03080, EPS: 0.8200000000000001
Epoch: 20, Train Loss: 0.00879, Valid Loss: 0.02817, EPS: 0.811
Epoch: 21, Train Loss: 0.00744, Valid Loss: 0.02792, EPS: 0.802
Epoch: 22, Train Loss: 0.00691, Valid Loss: 0.02818, EPS: 0.793
Epoch: 23, Train Loss: 0.00633, Valid Loss: 0.02850, EPS: 0.784
Epoch: 24, Train Loss: 0.00605, Valid Loss: 0.02773, EPS: 0.775
Epoch: 25, Train Loss: 0.00562, Valid Loss: 0.02767, EPS: 0.766
Epoch: 26, Train Loss: 0.00559, Valid Loss: 0.02795, EPS: 0.757
Epoch: 27, Train Loss: 0.00558, Valid Loss: 0.02735, EPS: 0.748
Epoch: 28, Train Loss: 0.00521, Valid Loss: 0.02759, EPS: 0.739
Epoch: 29, Train Loss: 0.00532, Valid Loss: 0.02787, EPS: 0.73
Epoch: 30, Train Loss: 0.00486, Valid Loss: 0.02745, EPS: 0.721
Epoch: 31, Train Loss: 0.00484, Valid Loss: 0.02784, EPS: 0.712
Epoch: 32, Train Loss: 0.00485, Valid Loss: 0.02808, EPS: 0.703
Epoch: 33, Train Loss: 0.00514, Valid Loss: 0.02832, EPS: 0.694
Epoch: 34, Train Loss: 0.00470, Valid Loss: 0.02736, EPS: 0.685
Epoch: 35, Train Loss: 0.00479, Valid Loss: 0.02811, EPS: 0.676
Epoch: 36, Train Loss: 0.00499, Valid Loss: 0.02728, EPS: 0.667
Epoch: 37, Train Loss: 0.00499, Valid Loss: 0.02817, EPS: 0.658
Epoch: 38, Train Loss: 0.00456, Valid Loss: 0.02815, EPS: 0.649
Epoch: 39, Train Loss: 0.00480, Valid Loss: 0.02746, EPS: 0.64
Epoch: 40, Train Loss: 0.00485, Valid Loss: 0.02794, EPS: 0.6310000000000001
Epoch: 41, Train Loss: 0.00498, Valid Loss: 0.02656, EPS: 0.6220000000000001
Epoch: 42, Train Loss: 0.00457, Valid Loss: 0.02737, EPS: 0.6130000000000001
Epoch: 43, Train Loss: 0.00473, Valid Loss: 0.02815, EPS: 0.6040000000000001
Epoch: 44, Train Loss: 0.00491, Valid Loss: 0.02823, EPS: 0.5950000000000001
Epoch: 45, Train Loss: 0.00471, Valid Loss: 0.02785, EPS: 0.5860000000000001
Epoch: 46, Train Loss: 0.00485, Valid Loss: 0.02886, EPS: 0.5770000000000001
Epoch: 47, Train Loss: 0.00478, Valid Loss: 0.02803, EPS: 0.5680000000000001
Epoch: 48, Train Loss: 0.00466, Valid Loss: 0.02742, EPS: 0.559
Epoch: 49, Train Loss: 0.00470, Valid Loss: 0.02860, EPS: 0.55
Epoch: 50, Train Loss: 0.00476, Valid Loss: 0.02839, EPS: 0.541
Epoch: 51, Train Loss: 0.00468, Valid Loss: 0.02770, EPS: 0.532
Epoch: 52, Train Loss: 0.00492, Valid Loss: 0.02723, EPS: 0.523
Epoch: 53, Train Loss: 0.00466, Valid Loss: 0.02812, EPS: 0.514
Epoch: 54, Train Loss: 0.00492, Valid Loss: 0.02801, EPS: 0.505
Epoch: 55, Train Loss: 0.00527, Valid Loss: 0.02779, EPS: 0.496
Epoch: 56, Train Loss: 0.00442, Valid Loss: 0.02731, EPS: 0.4870000000000001
Epoch: 57, Train Loss: 0.00461, Valid Loss: 0.02728, EPS: 0.4780000000000001
Epoch: 58, Train Loss: 0.00457, Valid Loss: 0.02838, EPS: 0.4690000000000001
Epoch: 59, Train Loss: 0.00465, Valid Loss: 0.02767, EPS: 0.4600000000000001
Epoch: 60, Train Loss: 0.00456, Valid Loss: 0.02750, EPS: 0.45100000000000007
Epoch: 61, Train Loss: 0.00451, Valid Loss: 0.02832, EPS: 0.44200000000000006
Epoch: 62, Train Loss: 0.00456, Valid Loss: 0.02722, EPS: 0.43300000000000005
Epoch: 63, Train Loss: 0.00466, Valid Loss: 0.02793, EPS: 0.42400000000000004
Epoch: 64, Train Loss: 0.00449, Valid Loss: 0.02792, EPS: 0.41500000000000004
Epoch: 65, Train Loss: 0.00476, Valid Loss: 0.02763, EPS: 0.406
Epoch: 66, Train Loss: 0.00460, Valid Loss: 0.02884, EPS: 0.397
Epoch: 67, Train Loss: 0.00447, Valid Loss: 0.02746, EPS: 0.388
Epoch: 68, Train Loss: 0.00484, Valid Loss: 0.02876, EPS: 0.3790000000000001
Epoch: 69, Train Loss: 0.00458, Valid Loss: 0.02798, EPS: 0.3700000000000001
Epoch: 70, Train Loss: 0.00446, Valid Loss: 0.02778, EPS: 0.3610000000000001
Epoch: 71, Train Loss: 0.00457, Valid Loss: 0.02791, EPS: 0.3520000000000001
Epoch: 72, Train Loss: 0.00450, Valid Loss: 0.02751, EPS: 0.343
Epoch: 73, Train Loss: 0.00457, Valid Loss: 0.02842, EPS: 0.334
Epoch: 74, Train Loss: 0.00484, Valid Loss: 0.02712, EPS: 0.325
Epoch: 75, Train Loss: 0.00473, Valid Loss: 0.02650, EPS: 0.316
Epoch: 76, Train Loss: 0.00472, Valid Loss: 0.02832, EPS: 0.307
Epoch: 77, Train Loss: 0.00459, Valid Loss: 0.02792, EPS: 0.298
Epoch: 78, Train Loss: 0.00473, Valid Loss: 0.02824, EPS: 0.289
Epoch: 79, Train Loss: 0.00475, Valid Loss: 0.02830, EPS: 0.27999999999999997
Epoch: 80, Train Loss: 0.00470, Valid Loss: 0.02803, EPS: 0.27099999999999996
Epoch: 81, Train Loss: 0.00467, Valid Loss: 0.02821, EPS: 0.26200000000000007
Epoch: 82, Train Loss: 0.00465, Valid Loss: 0.02830, EPS: 0.25300000000000006
Epoch: 83, Train Loss: 0.00465, Valid Loss: 0.02845, EPS: 0.24400000000000005
Epoch: 84, Train Loss: 0.00480, Valid Loss: 0.02840, EPS: 0.23500000000000004
Epoch: 85, Train Loss: 0.00459, Valid Loss: 0.02790, EPS: 0.22600000000000003
Epoch: 86, Train Loss: 0.00473, Valid Loss: 0.02829, EPS: 0.21700000000000003
Epoch: 87, Train Loss: 0.00450, Valid Loss: 0.02814, EPS: 0.20800000000000002
Epoch: 88, Train Loss: 0.00464, Valid Loss: 0.02751, EPS: 0.199
Epoch: 89, Train Loss: 0.00439, Valid Loss: 0.02820, EPS: 0.19
Epoch: 90, Train Loss: 0.00450, Valid Loss: 0.02781, EPS: 0.181
Epoch: 91, Train Loss: 0.00464, Valid Loss: 0.02739, EPS: 0.172
Epoch: 92, Train Loss: 0.00466, Valid Loss: 0.02763, EPS: 0.16299999999999998
Epoch: 93, Train Loss: 0.00482, Valid Loss: 0.02741, EPS: 0.15400000000000005
Epoch: 94, Train Loss: 0.00459, Valid Loss: 0.02824, EPS: 0.14500000000000005
Epoch: 95, Train Loss: 0.00474, Valid Loss: 0.02832, EPS: 0.13600000000000004
Epoch: 96, Train Loss: 0.00474, Valid Loss: 0.02726, EPS: 0.12700000000000003
Epoch: 97, Train Loss: 0.00454, Valid Loss: 0.02807, EPS: 0.11800000000000002
Epoch: 98, Train Loss: 0.00453, Valid Loss: 0.02750, EPS: 0.10900000000000001
Epoch: 99, Train Loss: 0.00457, Valid Loss: 0.02751, EPS: 0.1
Test Loss: 0.02703
Test Loss: 0.03079
torch.Size([2806, 5, 64, 32])
torch.Size([935, 5, 64, 32])
torch.Size([937, 5, 64, 32])
Shape: (5, 144, 72)
Epoch: 0, Train Loss: 0.13988, Valid Loss: 0.08712, EPS: 0.991
Epoch: 1, Train Loss: 0.07327, Valid Loss: 0.05753, EPS: 0.982
Epoch: 2, Train Loss: 0.04737, Valid Loss: 0.04541, EPS: 0.973
Epoch: 3, Train Loss: 0.03414, Valid Loss: 0.03894, EPS: 0.964
Epoch: 4, Train Loss: 0.02812, Valid Loss: 0.03646, EPS: 0.955
Epoch: 5, Train Loss: 0.02323, Valid Loss: 0.03265, EPS: 0.946
Epoch: 6, Train Loss: 0.01916, Valid Loss: 0.03322, EPS: 0.9369999999999999
Epoch: 7, Train Loss: 0.01667, Valid Loss: 0.03011, EPS: 0.928
Epoch: 8, Train Loss: 0.01518, Valid Loss: 0.03121, EPS: 0.919
Epoch: 9, Train Loss: 0.01329, Valid Loss: 0.03285, EPS: 0.91
Epoch: 10, Train Loss: 0.01231, Valid Loss: 0.03105, EPS: 0.901
Epoch: 11, Train Loss: 0.01088, Valid Loss: 0.03170, EPS: 0.892
Epoch: 12, Train Loss: 0.01105, Valid Loss: 0.03308, EPS: 0.883
Epoch: 13, Train Loss: 0.00992, Valid Loss: 0.03269, EPS: 0.874
Epoch: 14, Train Loss: 0.00941, Valid Loss: 0.03426, EPS: 0.865
Epoch: 15, Train Loss: 0.00963, Valid Loss: 0.03084, EPS: 0.856
Epoch: 16, Train Loss: 0.00956, Valid Loss: 0.03414, EPS: 0.847
Epoch: 17, Train Loss: 0.00934, Valid Loss: 0.03303, EPS: 0.8380000000000001
Epoch: 18, Train Loss: 0.00843, Valid Loss: 0.03035, EPS: 0.8290000000000001
Epoch: 19, Train Loss: 0.00755, Valid Loss: 0.03184, EPS: 0.8200000000000001
Epoch: 20, Train Loss: 0.00679, Valid Loss: 0.03083, EPS: 0.811
Epoch: 21, Train Loss: 0.00611, Valid Loss: 0.03303, EPS: 0.802
Epoch: 22, Train Loss: 0.00512, Valid Loss: 0.02977, EPS: 0.793
Epoch: 23, Train Loss: 0.00555, Valid Loss: 0.02962, EPS: 0.784
Epoch: 24, Train Loss: 0.00479, Valid Loss: 0.03135, EPS: 0.775
Epoch: 25, Train Loss: 0.00468, Valid Loss: 0.03041, EPS: 0.766
Epoch: 26, Train Loss: 0.00434, Valid Loss: 0.03094, EPS: 0.757
Epoch: 27, Train Loss: 0.00418, Valid Loss: 0.03272, EPS: 0.748
Epoch: 28, Train Loss: 0.00430, Valid Loss: 0.03034, EPS: 0.739
Epoch: 29, Train Loss: 0.00397, Valid Loss: 0.03117, EPS: 0.73
Epoch: 30, Train Loss: 0.00350, Valid Loss: 0.03177, EPS: 0.721
Epoch: 31, Train Loss: 0.00410, Valid Loss: 0.03128, EPS: 0.712
Epoch: 32, Train Loss: 0.00319, Valid Loss: 0.02952, EPS: 0.703
Epoch: 33, Train Loss: 0.00354, Valid Loss: 0.03204, EPS: 0.694
Epoch: 34, Train Loss: 0.00411, Valid Loss: 0.03080, EPS: 0.685
Epoch: 35, Train Loss: 0.00340, Valid Loss: 0.03036, EPS: 0.676
Epoch: 36, Train Loss: 0.00384, Valid Loss: 0.03129, EPS: 0.667
Epoch: 37, Train Loss: 0.00372, Valid Loss: 0.03184, EPS: 0.658
Epoch: 38, Train Loss: 0.00356, Valid Loss: 0.03221, EPS: 0.649
Epoch: 39, Train Loss: 0.00342, Valid Loss: 0.03011, EPS: 0.64
Epoch: 40, Train Loss: 0.00357, Valid Loss: 0.03221, EPS: 0.6310000000000001
Epoch: 41, Train Loss: 0.00330, Valid Loss: 0.03012, EPS: 0.6220000000000001
Epoch: 42, Train Loss: 0.00340, Valid Loss: 0.03103, EPS: 0.6130000000000001
Epoch: 43, Train Loss: 0.00325, Valid Loss: 0.03229, EPS: 0.6040000000000001
Epoch: 44, Train Loss: 0.00349, Valid Loss: 0.03206, EPS: 0.5950000000000001
Epoch: 45, Train Loss: 0.00345, Valid Loss: 0.03122, EPS: 0.5860000000000001
Epoch: 46, Train Loss: 0.00381, Valid Loss: 0.03161, EPS: 0.5770000000000001
Epoch: 47, Train Loss: 0.00375, Valid Loss: 0.03302, EPS: 0.5680000000000001
Epoch: 48, Train Loss: 0.00317, Valid Loss: 0.03313, EPS: 0.559
Epoch: 49, Train Loss: 0.00364, Valid Loss: 0.03167, EPS: 0.55
Epoch: 50, Train Loss: 0.00300, Valid Loss: 0.03009, EPS: 0.541
Epoch: 51, Train Loss: 0.00331, Valid Loss: 0.03203, EPS: 0.532
Epoch: 52, Train Loss: 0.00312, Valid Loss: 0.03212, EPS: 0.523
Epoch: 53, Train Loss: 0.00290, Valid Loss: 0.03222, EPS: 0.514
Epoch: 54, Train Loss: 0.00336, Valid Loss: 0.03243, EPS: 0.505
Epoch: 55, Train Loss: 0.00322, Valid Loss: 0.03206, EPS: 0.496
Epoch: 56, Train Loss: 0.00301, Valid Loss: 0.03121, EPS: 0.4870000000000001
Epoch: 57, Train Loss: 0.00323, Valid Loss: 0.03200, EPS: 0.4780000000000001
Epoch: 58, Train Loss: 0.00288, Valid Loss: 0.03098, EPS: 0.4690000000000001
Epoch: 59, Train Loss: 0.00289, Valid Loss: 0.03347, EPS: 0.4600000000000001
Epoch: 60, Train Loss: 0.00331, Valid Loss: 0.03168, EPS: 0.45100000000000007
Epoch: 61, Train Loss: 0.00289, Valid Loss: 0.03199, EPS: 0.44200000000000006
Epoch: 62, Train Loss: 0.00307, Valid Loss: 0.03224, EPS: 0.43300000000000005
Epoch: 63, Train Loss: 0.00343, Valid Loss: 0.03352, EPS: 0.42400000000000004
Epoch: 64, Train Loss: 0.00340, Valid Loss: 0.03016, EPS: 0.41500000000000004
Epoch: 65, Train Loss: 0.00305, Valid Loss: 0.03060, EPS: 0.406
Epoch: 66, Train Loss: 0.00318, Valid Loss: 0.03164, EPS: 0.397
Epoch: 67, Train Loss: 0.00288, Valid Loss: 0.03094, EPS: 0.388
Epoch: 68, Train Loss: 0.00297, Valid Loss: 0.03169, EPS: 0.3790000000000001
Epoch: 69, Train Loss: 0.00374, Valid Loss: 0.02995, EPS: 0.3700000000000001
Epoch: 70, Train Loss: 0.00282, Valid Loss: 0.03168, EPS: 0.3610000000000001
Epoch: 71, Train Loss: 0.00336, Valid Loss: 0.03198, EPS: 0.3520000000000001
Epoch: 72, Train Loss: 0.00319, Valid Loss: 0.03184, EPS: 0.343
Epoch: 73, Train Loss: 0.00318, Valid Loss: 0.03213, EPS: 0.334
Epoch: 74, Train Loss: 0.00301, Valid Loss: 0.03201, EPS: 0.325
Epoch: 75, Train Loss: 0.00312, Valid Loss: 0.03308, EPS: 0.316
Epoch: 76, Train Loss: 0.00299, Valid Loss: 0.03007, EPS: 0.307
Epoch: 77, Train Loss: 0.00314, Valid Loss: 0.03148, EPS: 0.298
Epoch: 78, Train Loss: 0.00284, Valid Loss: 0.02987, EPS: 0.289
Epoch: 79, Train Loss: 0.00312, Valid Loss: 0.02992, EPS: 0.27999999999999997
Epoch: 80, Train Loss: 0.00310, Valid Loss: 0.03200, EPS: 0.27099999999999996
Epoch: 81, Train Loss: 0.00316, Valid Loss: 0.03299, EPS: 0.26200000000000007
Epoch: 82, Train Loss: 0.00328, Valid Loss: 0.03234, EPS: 0.25300000000000006
Epoch: 83, Train Loss: 0.00316, Valid Loss: 0.03308, EPS: 0.24400000000000005
Epoch: 84, Train Loss: 0.00333, Valid Loss: 0.03213, EPS: 0.23500000000000004
Epoch: 85, Train Loss: 0.00344, Valid Loss: 0.03135, EPS: 0.22600000000000003
Epoch: 86, Train Loss: 0.00345, Valid Loss: 0.03013, EPS: 0.21700000000000003
Epoch: 87, Train Loss: 0.00349, Valid Loss: 0.03218, EPS: 0.20800000000000002
Epoch: 88, Train Loss: 0.00332, Valid Loss: 0.03121, EPS: 0.199
Epoch: 89, Train Loss: 0.00308, Valid Loss: 0.03232, EPS: 0.19
Epoch: 90, Train Loss: 0.00289, Valid Loss: 0.03273, EPS: 0.181
Epoch: 91, Train Loss: 0.00344, Valid Loss: 0.03321, EPS: 0.172
Epoch: 92, Train Loss: 0.00277, Valid Loss: 0.03122, EPS: 0.16299999999999998
Epoch: 93, Train Loss: 0.00312, Valid Loss: 0.03202, EPS: 0.15400000000000005
Epoch: 94, Train Loss: 0.00297, Valid Loss: 0.03159, EPS: 0.14500000000000005
Epoch: 95, Train Loss: 0.00302, Valid Loss: 0.03220, EPS: 0.13600000000000004
Epoch: 96, Train Loss: 0.00337, Valid Loss: 0.03254, EPS: 0.12700000000000003
Epoch: 97, Train Loss: 0.00295, Valid Loss: 0.02992, EPS: 0.11800000000000002
Epoch: 98, Train Loss: 0.00318, Valid Loss: 0.03083, EPS: 0.10900000000000001
Epoch: 99, Train Loss: 0.00306, Valid Loss: 0.03082, EPS: 0.1
Test Loss: 0.03064
Test Loss: 0.03443
torch.Size([2806, 5, 64, 32])
torch.Size([935, 5, 64, 32])
torch.Size([937, 5, 64, 32])
Shape: (5, 144, 72)
Epoch: 0, Train Loss: 0.11540, Valid Loss: 0.06059, EPS: 0.991
Epoch: 1, Train Loss: 0.05045, Valid Loss: 0.03937, EPS: 0.982
Epoch: 2, Train Loss: 0.03334, Valid Loss: 0.03152, EPS: 0.973
Epoch: 3, Train Loss: 0.02605, Valid Loss: 0.02779, EPS: 0.964
Epoch: 4, Train Loss: 0.02181, Valid Loss: 0.02668, EPS: 0.955
Epoch: 5, Train Loss: 0.01907, Valid Loss: 0.02861, EPS: 0.946
Epoch: 6, Train Loss: 0.01749, Valid Loss: 0.02845, EPS: 0.9369999999999999
Epoch: 7, Train Loss: 0.01618, Valid Loss: 0.02784, EPS: 0.928
Epoch: 8, Train Loss: 0.01543, Valid Loss: 0.02789, EPS: 0.919
Epoch: 9, Train Loss: 0.01488, Valid Loss: 0.02863, EPS: 0.91
Epoch: 10, Train Loss: 0.01402, Valid Loss: 0.02808, EPS: 0.901
Epoch: 11, Train Loss: 0.01303, Valid Loss: 0.02798, EPS: 0.892
Epoch: 12, Train Loss: 0.01284, Valid Loss: 0.02854, EPS: 0.883
Epoch: 13, Train Loss: 0.01241, Valid Loss: 0.02829, EPS: 0.874
Epoch: 14, Train Loss: 0.01162, Valid Loss: 0.02776, EPS: 0.865
Epoch: 15, Train Loss: 0.01132, Valid Loss: 0.02917, EPS: 0.856
Epoch: 16, Train Loss: 0.00968, Valid Loss: 0.02887, EPS: 0.847
Epoch: 17, Train Loss: 0.00838, Valid Loss: 0.02804, EPS: 0.8380000000000001
Epoch: 18, Train Loss: 0.00727, Valid Loss: 0.02741, EPS: 0.8290000000000001
Epoch: 19, Train Loss: 0.00656, Valid Loss: 0.02707, EPS: 0.8200000000000001
Epoch: 20, Train Loss: 0.00659, Valid Loss: 0.02716, EPS: 0.811
Epoch: 21, Train Loss: 0.00646, Valid Loss: 0.02742, EPS: 0.802
Epoch: 22, Train Loss: 0.00600, Valid Loss: 0.02762, EPS: 0.793
Epoch: 23, Train Loss: 0.00588, Valid Loss: 0.02718, EPS: 0.784
Epoch: 24, Train Loss: 0.00591, Valid Loss: 0.02747, EPS: 0.775
Epoch: 25, Train Loss: 0.00542, Valid Loss: 0.02745, EPS: 0.766
Epoch: 26, Train Loss: 0.00550, Valid Loss: 0.02661, EPS: 0.757
Epoch: 27, Train Loss: 0.00512, Valid Loss: 0.02703, EPS: 0.748
Epoch: 28, Train Loss: 0.00546, Valid Loss: 0.02758, EPS: 0.739
Epoch: 29, Train Loss: 0.00510, Valid Loss: 0.02772, EPS: 0.73
Epoch: 30, Train Loss: 0.00504, Valid Loss: 0.02764, EPS: 0.721
Epoch: 31, Train Loss: 0.00525, Valid Loss: 0.02751, EPS: 0.712
Epoch: 32, Train Loss: 0.00503, Valid Loss: 0.02805, EPS: 0.703
Epoch: 33, Train Loss: 0.00499, Valid Loss: 0.02762, EPS: 0.694
Epoch: 34, Train Loss: 0.00487, Valid Loss: 0.02767, EPS: 0.685
Epoch: 35, Train Loss: 0.00471, Valid Loss: 0.02818, EPS: 0.676
Epoch: 36, Train Loss: 0.00478, Valid Loss: 0.02778, EPS: 0.667
Epoch: 37, Train Loss: 0.00456, Valid Loss: 0.02772, EPS: 0.658
Epoch: 38, Train Loss: 0.00479, Valid Loss: 0.02759, EPS: 0.649
Epoch: 39, Train Loss: 0.00456, Valid Loss: 0.02759, EPS: 0.64
Epoch: 40, Train Loss: 0.00450, Valid Loss: 0.02735, EPS: 0.6310000000000001
Epoch: 41, Train Loss: 0.00424, Valid Loss: 0.02735, EPS: 0.6220000000000001
Epoch: 42, Train Loss: 0.00455, Valid Loss: 0.02747, EPS: 0.6130000000000001
Epoch: 43, Train Loss: 0.00449, Valid Loss: 0.02830, EPS: 0.6040000000000001
Epoch: 44, Train Loss: 0.00421, Valid Loss: 0.02763, EPS: 0.5950000000000001
Epoch: 45, Train Loss: 0.00402, Valid Loss: 0.02751, EPS: 0.5860000000000001
Epoch: 46, Train Loss: 0.00409, Valid Loss: 0.02758, EPS: 0.5770000000000001
Epoch: 47, Train Loss: 0.00441, Valid Loss: 0.02749, EPS: 0.5680000000000001
Epoch: 48, Train Loss: 0.00420, Valid Loss: 0.02751, EPS: 0.559
Epoch: 49, Train Loss: 0.00421, Valid Loss: 0.02703, EPS: 0.55
Epoch: 50, Train Loss: 0.00434, Valid Loss: 0.02788, EPS: 0.541
Epoch: 51, Train Loss: 0.00412, Valid Loss: 0.02780, EPS: 0.532
Epoch: 52, Train Loss: 0.00442, Valid Loss: 0.02759, EPS: 0.523
Epoch: 53, Train Loss: 0.00414, Valid Loss: 0.02868, EPS: 0.514
Epoch: 54, Train Loss: 0.00409, Valid Loss: 0.02711, EPS: 0.505
Epoch: 55, Train Loss: 0.00430, Valid Loss: 0.02754, EPS: 0.496
Epoch: 56, Train Loss: 0.00441, Valid Loss: 0.02793, EPS: 0.4870000000000001
Epoch: 57, Train Loss: 0.00422, Valid Loss: 0.02699, EPS: 0.4780000000000001
Epoch: 58, Train Loss: 0.00417, Valid Loss: 0.02719, EPS: 0.4690000000000001
Epoch: 59, Train Loss: 0.00402, Valid Loss: 0.02787, EPS: 0.4600000000000001
Epoch: 60, Train Loss: 0.00434, Valid Loss: 0.02667, EPS: 0.45100000000000007
Epoch: 61, Train Loss: 0.00424, Valid Loss: 0.02653, EPS: 0.44200000000000006
Epoch: 62, Train Loss: 0.00413, Valid Loss: 0.02758, EPS: 0.43300000000000005
Epoch: 63, Train Loss: 0.00405, Valid Loss: 0.02758, EPS: 0.42400000000000004
Epoch: 64, Train Loss: 0.00431, Valid Loss: 0.02782, EPS: 0.41500000000000004
Epoch: 65, Train Loss: 0.00431, Valid Loss: 0.02831, EPS: 0.406
Epoch: 66, Train Loss: 0.00406, Valid Loss: 0.02713, EPS: 0.397
Epoch: 67, Train Loss: 0.00424, Valid Loss: 0.02793, EPS: 0.388
Epoch: 68, Train Loss: 0.00409, Valid Loss: 0.02727, EPS: 0.3790000000000001
Epoch: 69, Train Loss: 0.00436, Valid Loss: 0.02724, EPS: 0.3700000000000001
Epoch: 70, Train Loss: 0.00415, Valid Loss: 0.02835, EPS: 0.3610000000000001
Epoch: 71, Train Loss: 0.00448, Valid Loss: 0.02770, EPS: 0.3520000000000001
Epoch: 72, Train Loss: 0.00428, Valid Loss: 0.02725, EPS: 0.343
Epoch: 73, Train Loss: 0.00392, Valid Loss: 0.02885, EPS: 0.334
Epoch: 74, Train Loss: 0.00418, Valid Loss: 0.02776, EPS: 0.325
Epoch: 75, Train Loss: 0.00413, Valid Loss: 0.02720, EPS: 0.316
Epoch: 76, Train Loss: 0.00424, Valid Loss: 0.02781, EPS: 0.307
Epoch: 77, Train Loss: 0.00431, Valid Loss: 0.02747, EPS: 0.298
Epoch: 78, Train Loss: 0.00416, Valid Loss: 0.02789, EPS: 0.289
Epoch: 79, Train Loss: 0.00400, Valid Loss: 0.02771, EPS: 0.27999999999999997
Epoch: 80, Train Loss: 0.00413, Valid Loss: 0.02806, EPS: 0.27099999999999996
Epoch: 81, Train Loss: 0.00390, Valid Loss: 0.02687, EPS: 0.26200000000000007
Epoch: 82, Train Loss: 0.00420, Valid Loss: 0.02702, EPS: 0.25300000000000006
Epoch: 83, Train Loss: 0.00425, Valid Loss: 0.02819, EPS: 0.24400000000000005
Epoch: 84, Train Loss: 0.00402, Valid Loss: 0.02816, EPS: 0.23500000000000004
Epoch: 85, Train Loss: 0.00444, Valid Loss: 0.02696, EPS: 0.22600000000000003
Epoch: 86, Train Loss: 0.00398, Valid Loss: 0.02743, EPS: 0.21700000000000003
Epoch: 87, Train Loss: 0.00402, Valid Loss: 0.02806, EPS: 0.20800000000000002
Epoch: 88, Train Loss: 0.00429, Valid Loss: 0.02815, EPS: 0.199
Epoch: 89, Train Loss: 0.00433, Valid Loss: 0.02774, EPS: 0.19
Epoch: 90, Train Loss: 0.00427, Valid Loss: 0.02787, EPS: 0.181
Epoch: 91, Train Loss: 0.00404, Valid Loss: 0.02768, EPS: 0.172
Epoch: 92, Train Loss: 0.00414, Valid Loss: 0.02872, EPS: 0.16299999999999998
Epoch: 93, Train Loss: 0.00406, Valid Loss: 0.02733, EPS: 0.15400000000000005
Epoch: 94, Train Loss: 0.00434, Valid Loss: 0.02778, EPS: 0.14500000000000005
Epoch: 95, Train Loss: 0.00427, Valid Loss: 0.02749, EPS: 0.13600000000000004
Epoch: 96, Train Loss: 0.00400, Valid Loss: 0.02758, EPS: 0.12700000000000003
Epoch: 97, Train Loss: 0.00412, Valid Loss: 0.02884, EPS: 0.11800000000000002
Epoch: 98, Train Loss: 0.00430, Valid Loss: 0.02775, EPS: 0.10900000000000001
Epoch: 99, Train Loss: 0.00422, Valid Loss: 0.02818, EPS: 0.1
Test Loss: 0.02732
Test Loss: 0.03133
torch.Size([2806, 5, 64, 32])
torch.Size([935, 5, 64, 32])
torch.Size([937, 5, 64, 32])
Shape: (5, 144, 72)
Epoch: 0, Train Loss: 0.13948, Valid Loss: 0.08634, EPS: 0.991
Epoch: 1, Train Loss: 0.07469, Valid Loss: 0.05797, EPS: 0.982
Epoch: 2, Train Loss: 0.04811, Valid Loss: 0.04494, EPS: 0.973
Epoch: 3, Train Loss: 0.03630, Valid Loss: 0.03940, EPS: 0.964
Epoch: 4, Train Loss: 0.02950, Valid Loss: 0.03584, EPS: 0.955
Epoch: 5, Train Loss: 0.02341, Valid Loss: 0.03391, EPS: 0.946
Epoch: 6, Train Loss: 0.02012, Valid Loss: 0.03221, EPS: 0.9369999999999999
Epoch: 7, Train Loss: 0.01764, Valid Loss: 0.03009, EPS: 0.928
Epoch: 8, Train Loss: 0.01508, Valid Loss: 0.03141, EPS: 0.919
Epoch: 9, Train Loss: 0.01331, Valid Loss: 0.03021, EPS: 0.91
Epoch: 10, Train Loss: 0.01246, Valid Loss: 0.03261, EPS: 0.901
Epoch: 11, Train Loss: 0.01180, Valid Loss: 0.02957, EPS: 0.892
Epoch: 12, Train Loss: 0.01165, Valid Loss: 0.03234, EPS: 0.883
Epoch: 13, Train Loss: 0.01057, Valid Loss: 0.03230, EPS: 0.874
Epoch: 14, Train Loss: 0.01026, Valid Loss: 0.03214, EPS: 0.865
Epoch: 15, Train Loss: 0.00907, Valid Loss: 0.03039, EPS: 0.856
Epoch: 16, Train Loss: 0.00850, Valid Loss: 0.03327, EPS: 0.847
Epoch: 17, Train Loss: 0.00846, Valid Loss: 0.02947, EPS: 0.8380000000000001
Epoch: 18, Train Loss: 0.00903, Valid Loss: 0.03043, EPS: 0.8290000000000001
Epoch: 19, Train Loss: 0.00804, Valid Loss: 0.02970, EPS: 0.8200000000000001
Epoch: 20, Train Loss: 0.00771, Valid Loss: 0.03197, EPS: 0.811
Epoch: 21, Train Loss: 0.00753, Valid Loss: 0.03336, EPS: 0.802
Epoch: 22, Train Loss: 0.00710, Valid Loss: 0.03213, EPS: 0.793
Epoch: 23, Train Loss: 0.00750, Valid Loss: 0.03106, EPS: 0.784
Epoch: 24, Train Loss: 0.00704, Valid Loss: 0.03020, EPS: 0.775
Epoch: 25, Train Loss: 0.00748, Valid Loss: 0.03043, EPS: 0.766
Epoch: 26, Train Loss: 0.00789, Valid Loss: 0.03242, EPS: 0.757
Epoch: 27, Train Loss: 0.00708, Valid Loss: 0.03028, EPS: 0.748
Epoch: 28, Train Loss: 0.00695, Valid Loss: 0.03288, EPS: 0.739
Epoch: 29, Train Loss: 0.00626, Valid Loss: 0.03082, EPS: 0.73
Epoch: 30, Train Loss: 0.00514, Valid Loss: 0.03057, EPS: 0.721
Epoch: 31, Train Loss: 0.00460, Valid Loss: 0.02928, EPS: 0.712
Epoch: 32, Train Loss: 0.00416, Valid Loss: 0.02752, EPS: 0.703
Epoch: 33, Train Loss: 0.00367, Valid Loss: 0.02917, EPS: 0.694
Epoch: 34, Train Loss: 0.00373, Valid Loss: 0.03016, EPS: 0.685
Epoch: 35, Train Loss: 0.00401, Valid Loss: 0.02903, EPS: 0.676
Epoch: 36, Train Loss: 0.00348, Valid Loss: 0.03070, EPS: 0.667
Epoch: 37, Train Loss: 0.00370, Valid Loss: 0.02934, EPS: 0.658
Epoch: 38, Train Loss: 0.00329, Valid Loss: 0.03035, EPS: 0.649
Epoch: 39, Train Loss: 0.00361, Valid Loss: 0.02978, EPS: 0.64
Epoch: 40, Train Loss: 0.00314, Valid Loss: 0.02953, EPS: 0.6310000000000001
Epoch: 41, Train Loss: 0.00307, Valid Loss: 0.03054, EPS: 0.6220000000000001
Epoch: 42, Train Loss: 0.00289, Valid Loss: 0.02861, EPS: 0.6130000000000001
Epoch: 43, Train Loss: 0.00372, Valid Loss: 0.02948, EPS: 0.6040000000000001
Epoch: 44, Train Loss: 0.00286, Valid Loss: 0.02991, EPS: 0.5950000000000001
Epoch: 45, Train Loss: 0.00267, Valid Loss: 0.02931, EPS: 0.5860000000000001
Epoch: 46, Train Loss: 0.00332, Valid Loss: 0.02987, EPS: 0.5770000000000001
Epoch: 47, Train Loss: 0.00305, Valid Loss: 0.03080, EPS: 0.5680000000000001
Epoch: 48, Train Loss: 0.00288, Valid Loss: 0.03065, EPS: 0.559
Epoch: 49, Train Loss: 0.00319, Valid Loss: 0.03010, EPS: 0.55
Epoch: 50, Train Loss: 0.00274, Valid Loss: 0.02932, EPS: 0.541
Epoch: 51, Train Loss: 0.00298, Valid Loss: 0.03041, EPS: 0.532
Epoch: 52, Train Loss: 0.00310, Valid Loss: 0.02920, EPS: 0.523
Epoch: 53, Train Loss: 0.00355, Valid Loss: 0.02986, EPS: 0.514
Epoch: 54, Train Loss: 0.00300, Valid Loss: 0.02837, EPS: 0.505
Epoch: 55, Train Loss: 0.00313, Valid Loss: 0.02862, EPS: 0.496
Epoch: 56, Train Loss: 0.00271, Valid Loss: 0.02803, EPS: 0.4870000000000001
Epoch: 57, Train Loss: 0.00315, Valid Loss: 0.03023, EPS: 0.4780000000000001
Epoch: 58, Train Loss: 0.00295, Valid Loss: 0.02899, EPS: 0.4690000000000001
Epoch: 59, Train Loss: 0.00286, Valid Loss: 0.02916, EPS: 0.4600000000000001
Epoch: 60, Train Loss: 0.00265, Valid Loss: 0.02794, EPS: 0.45100000000000007
Epoch: 61, Train Loss: 0.00301, Valid Loss: 0.02803, EPS: 0.44200000000000006
Epoch: 62, Train Loss: 0.00280, Valid Loss: 0.03048, EPS: 0.43300000000000005
Epoch: 63, Train Loss: 0.00351, Valid Loss: 0.02809, EPS: 0.42400000000000004
Epoch: 64, Train Loss: 0.00335, Valid Loss: 0.02944, EPS: 0.41500000000000004
Epoch: 65, Train Loss: 0.00313, Valid Loss: 0.02998, EPS: 0.406
Epoch: 66, Train Loss: 0.00359, Valid Loss: 0.02994, EPS: 0.397
Epoch: 67, Train Loss: 0.00325, Valid Loss: 0.03067, EPS: 0.388
Epoch: 68, Train Loss: 0.00279, Valid Loss: 0.02860, EPS: 0.3790000000000001
Epoch: 69, Train Loss: 0.00278, Valid Loss: 0.02959, EPS: 0.3700000000000001
Epoch: 70, Train Loss: 0.00343, Valid Loss: 0.03070, EPS: 0.3610000000000001
Epoch: 71, Train Loss: 0.00275, Valid Loss: 0.02791, EPS: 0.3520000000000001
Epoch: 72, Train Loss: 0.00278, Valid Loss: 0.03035, EPS: 0.343
Epoch: 73, Train Loss: 0.00311, Valid Loss: 0.03031, EPS: 0.334
Epoch: 74, Train Loss: 0.00347, Valid Loss: 0.02796, EPS: 0.325
Epoch: 75, Train Loss: 0.00303, Valid Loss: 0.02916, EPS: 0.316
Epoch: 76, Train Loss: 0.00267, Valid Loss: 0.02755, EPS: 0.307
Epoch: 77, Train Loss: 0.00299, Valid Loss: 0.02966, EPS: 0.298
Epoch: 78, Train Loss: 0.00299, Valid Loss: 0.02768, EPS: 0.289
Epoch: 79, Train Loss: 0.00295, Valid Loss: 0.03005, EPS: 0.27999999999999997
Epoch: 80, Train Loss: 0.00321, Valid Loss: 0.02961, EPS: 0.27099999999999996
Epoch: 81, Train Loss: 0.00278, Valid Loss: 0.02961, EPS: 0.26200000000000007
Epoch: 82, Train Loss: 0.00279, Valid Loss: 0.02953, EPS: 0.25300000000000006
Epoch: 83, Train Loss: 0.00353, Valid Loss: 0.02826, EPS: 0.24400000000000005
Epoch: 84, Train Loss: 0.00294, Valid Loss: 0.02953, EPS: 0.23500000000000004
Epoch: 85, Train Loss: 0.00284, Valid Loss: 0.02911, EPS: 0.22600000000000003
Epoch: 86, Train Loss: 0.00321, Valid Loss: 0.02945, EPS: 0.21700000000000003
Epoch: 87, Train Loss: 0.00310, Valid Loss: 0.02963, EPS: 0.20800000000000002
Epoch: 88, Train Loss: 0.00275, Valid Loss: 0.02817, EPS: 0.199
Epoch: 89, Train Loss: 0.00294, Valid Loss: 0.02868, EPS: 0.19
Epoch: 90, Train Loss: 0.00295, Valid Loss: 0.03045, EPS: 0.181
Epoch: 91, Train Loss: 0.00282, Valid Loss: 0.03047, EPS: 0.172
Epoch: 92, Train Loss: 0.00296, Valid Loss: 0.03017, EPS: 0.16299999999999998
Epoch: 93, Train Loss: 0.00276, Valid Loss: 0.02896, EPS: 0.15400000000000005
Epoch: 94, Train Loss: 0.00296, Valid Loss: 0.03006, EPS: 0.14500000000000005
Epoch: 95, Train Loss: 0.00297, Valid Loss: 0.03021, EPS: 0.13600000000000004
Epoch: 96, Train Loss: 0.00305, Valid Loss: 0.02913, EPS: 0.12700000000000003
Epoch: 97, Train Loss: 0.00312, Valid Loss: 0.02852, EPS: 0.11800000000000002
Epoch: 98, Train Loss: 0.00310, Valid Loss: 0.02791, EPS: 0.10900000000000001
Epoch: 99, Train Loss: 0.00317, Valid Loss: 0.02869, EPS: 0.1
Test Loss: 0.02927
Test Loss: 0.03280
