nohup: ignoring input
Train: torch.Size([14031, 5, 64, 32]), Valid: torch.Size([4677, 5, 64, 32]), Test: torch.Size([4678, 5, 64, 32])
Input shape: (C=5, H=144, W=72)
Fine Tuning Both
Starting Downstream Task
Training Decoder
Epoch: 0, Train Loss: 0.1287, Valid Loss: 0.1048, LR: 1.00e-04
Epoch: 1, Train Loss: 0.1284, Valid Loss: 0.1043, LR: 1.00e-04
Epoch: 2, Train Loss: 0.1284, Valid Loss: 0.1041, LR: 1.00e-04
Epoch: 3, Train Loss: 0.1283, Valid Loss: 0.1047, LR: 1.00e-04
Epoch: 4, Train Loss: 0.1283, Valid Loss: 0.1044, LR: 1.00e-04
Epoch: 5, Train Loss: 0.1282, Valid Loss: 0.1043, LR: 1.00e-04
Epoch: 6, Train Loss: 0.1282, Valid Loss: 0.1041, LR: 1.00e-04
Epoch: 7, Train Loss: 0.1281, Valid Loss: 0.1041, LR: 1.00e-04
Epoch: 8, Train Loss: 0.1280, Valid Loss: 0.1046, LR: 1.00e-04
Epoch: 9, Train Loss: 0.1280, Valid Loss: 0.1047, LR: 1.00e-04
Epoch: 10, Train Loss: 0.1280, Valid Loss: 0.1045, LR: 1.00e-04
Epoch: 11, Train Loss: 0.1279, Valid Loss: 0.1048, LR: 1.00e-04
Epoch: 12, Train Loss: 0.1279, Valid Loss: 0.1046, LR: 1.00e-04
Epoch: 13, Train Loss: 0.1279, Valid Loss: 0.1047, LR: 1.00e-04
Epoch: 14, Train Loss: 0.1276, Valid Loss: 0.1043, LR: 1.00e-05
Epoch: 15, Train Loss: 0.1275, Valid Loss: 0.1044, LR: 1.00e-05
Epoch: 16, Train Loss: 0.1275, Valid Loss: 0.1046, LR: 1.00e-05
Epoch: 17, Train Loss: 0.1275, Valid Loss: 0.1044, LR: 1.00e-05
Epoch: 18, Train Loss: 0.1274, Valid Loss: 0.1041, LR: 1.00e-05
Epoch: 19, Train Loss: 0.1273, Valid Loss: 0.1042, LR: 1.00e-05
Epoch: 20, Train Loss: 0.1273, Valid Loss: 0.1042, LR: 1.00e-05
Epoch: 21, Train Loss: 0.1273, Valid Loss: 0.1043, LR: 1.00e-05
Epoch: 22, Train Loss: 0.1273, Valid Loss: 0.1040, LR: 1.00e-05
Epoch: 23, Train Loss: 0.1272, Valid Loss: 0.1042, LR: 1.00e-05
Epoch: 24, Train Loss: 0.1273, Valid Loss: 0.1044, LR: 1.00e-05
Epoch: 25, Train Loss: 0.1273, Valid Loss: 0.1042, LR: 1.00e-05
Epoch: 26, Train Loss: 0.1272, Valid Loss: 0.1045, LR: 1.00e-05
Epoch: 27, Train Loss: 0.1272, Valid Loss: 0.1041, LR: 1.00e-05
Epoch: 28, Train Loss: 0.1272, Valid Loss: 0.1043, LR: 1.00e-05
Epoch: 29, Train Loss: 0.1272, Valid Loss: 0.1042, LR: 1.00e-05
Epoch: 30, Train Loss: 0.1272, Valid Loss: 0.1044, LR: 1.00e-05
Epoch: 31, Train Loss: 0.1272, Valid Loss: 0.1043, LR: 1.00e-05
Epoch: 32, Train Loss: 0.1272, Valid Loss: 0.1041, LR: 1.00e-05
Epoch: 33, Train Loss: 0.1271, Valid Loss: 0.1044, LR: 1.00e-05
Epoch: 34, Train Loss: 0.1271, Valid Loss: 0.1042, LR: 1.00e-06
Epoch: 35, Train Loss: 0.1272, Valid Loss: 0.1042, LR: 1.00e-06
Epoch: 36, Train Loss: 0.1271, Valid Loss: 0.1042, LR: 1.00e-06
Epoch: 37, Train Loss: 0.1271, Valid Loss: 0.1044, LR: 1.00e-06
Epoch: 38, Train Loss: 0.1272, Valid Loss: 0.1042, LR: 1.00e-06
Epoch: 39, Train Loss: 0.1271, Valid Loss: 0.1043, LR: 1.00e-06
Epoch: 40, Train Loss: 0.1272, Valid Loss: 0.1042, LR: 1.00e-06
Epoch: 41, Train Loss: 0.1272, Valid Loss: 0.1043, LR: 1.00e-06
Epoch: 42, Train Loss: 0.1272, Valid Loss: 0.1042, LR: 1.00e-06
Epoch: 43, Train Loss: 0.1272, Valid Loss: 0.1042, LR: 1.00e-06
Epoch: 44, Train Loss: 0.1272, Valid Loss: 0.1045, LR: 1.00e-06
Epoch: 45, Train Loss: 0.1271, Valid Loss: 0.1042, LR: 1.00e-07
Epoch: 46, Train Loss: 0.1271, Valid Loss: 0.1042, LR: 1.00e-07
Epoch: 47, Train Loss: 0.1272, Valid Loss: 0.1043, LR: 1.00e-07
Epoch: 48, Train Loss: 0.1271, Valid Loss: 0.1041, LR: 1.00e-07
Epoch: 49, Train Loss: 0.1271, Valid Loss: 0.1042, LR: 1.00e-07
Epoch: 50, Train Loss: 0.1271, Valid Loss: 0.1042, LR: 1.00e-07
Epoch: 51, Train Loss: 0.1271, Valid Loss: 0.1043, LR: 1.00e-07
Epoch: 52, Train Loss: 0.1271, Valid Loss: 0.1041, LR: 1.00e-07
Epoch: 53, Train Loss: 0.1271, Valid Loss: 0.1042, LR: 1.00e-07
Epoch: 54, Train Loss: 0.1271, Valid Loss: 0.1043, LR: 1.00e-07
Epoch: 55, Train Loss: 0.1271, Valid Loss: 0.1041, LR: 1.00e-07
Epoch: 56, Train Loss: 0.1271, Valid Loss: 0.1041, LR: 1.00e-08
Epoch: 57, Train Loss: 0.1271, Valid Loss: 0.1043, LR: 1.00e-08
Epoch: 58, Train Loss: 0.1272, Valid Loss: 0.1041, LR: 1.00e-08
Epoch: 59, Train Loss: 0.1271, Valid Loss: 0.1041, LR: 1.00e-08
Epoch: 60, Train Loss: 0.1271, Valid Loss: 0.1040, LR: 1.00e-08
Epoch: 61, Train Loss: 0.1270, Valid Loss: 0.1042, LR: 1.00e-08
Epoch: 62, Train Loss: 0.1271, Valid Loss: 0.1043, LR: 1.00e-08
Epoch: 63, Train Loss: 0.1272, Valid Loss: 0.1042, LR: 1.00e-08
Epoch: 64, Train Loss: 0.1271, Valid Loss: 0.1042, LR: 1.00e-08
Epoch: 65, Train Loss: 0.1272, Valid Loss: 0.1040, LR: 1.00e-08
Epoch: 66, Train Loss: 0.1271, Valid Loss: 0.1042, LR: 1.00e-08
Epoch: 67, Train Loss: 0.1271, Valid Loss: 0.1044, LR: 1.00e-08
Epoch: 68, Train Loss: 0.1271, Valid Loss: 0.1042, LR: 1.00e-08
Epoch: 69, Train Loss: 0.1271, Valid Loss: 0.1041, LR: 1.00e-08
Epoch: 70, Train Loss: 0.1272, Valid Loss: 0.1041, LR: 1.00e-08
Epoch: 71, Train Loss: 0.1271, Valid Loss: 0.1040, LR: 1.00e-08
Epoch: 72, Train Loss: 0.1270, Valid Loss: 0.1042, LR: 1.00e-08
Epoch: 73, Train Loss: 0.1271, Valid Loss: 0.1042, LR: 1.00e-08
Epoch: 74, Train Loss: 0.1271, Valid Loss: 0.1042, LR: 1.00e-08
Epoch: 75, Train Loss: 0.1271, Valid Loss: 0.1043, LR: 1.00e-08
Epoch: 76, Train Loss: 0.1271, Valid Loss: 0.1043, LR: 1.00e-08
Epoch: 77, Train Loss: 0.1270, Valid Loss: 0.1042, LR: 1.00e-08
Epoch: 78, Train Loss: 0.1272, Valid Loss: 0.1043, LR: 1.00e-08
Epoch: 79, Train Loss: 0.1271, Valid Loss: 0.1042, LR: 1.00e-08
Epoch: 80, Train Loss: 0.1271, Valid Loss: 0.1043, LR: 1.00e-08
Epoch: 81, Train Loss: 0.1271, Valid Loss: 0.1042, LR: 1.00e-08
Epoch: 82, Train Loss: 0.1271, Valid Loss: 0.1042, LR: 1.00e-08
Epoch: 83, Train Loss: 0.1271, Valid Loss: 0.1041, LR: 1.00e-08
Epoch: 84, Train Loss: 0.1272, Valid Loss: 0.1043, LR: 1.00e-08
Epoch: 85, Train Loss: 0.1271, Valid Loss: 0.1042, LR: 1.00e-08
Epoch: 86, Train Loss: 0.1271, Valid Loss: 0.1043, LR: 1.00e-08
Epoch: 87, Train Loss: 0.1271, Valid Loss: 0.1043, LR: 1.00e-08
Epoch: 88, Train Loss: 0.1271, Valid Loss: 0.1043, LR: 1.00e-08
Epoch: 89, Train Loss: 0.1271, Valid Loss: 0.1042, LR: 1.00e-08
Epoch: 90, Train Loss: 0.1271, Valid Loss: 0.1044, LR: 1.00e-08
Epoch: 91, Train Loss: 0.1272, Valid Loss: 0.1042, LR: 1.00e-08
Epoch: 92, Train Loss: 0.1271, Valid Loss: 0.1042, LR: 1.00e-08
Epoch: 93, Train Loss: 0.1272, Valid Loss: 0.1043, LR: 1.00e-08
Epoch: 94, Train Loss: 0.1271, Valid Loss: 0.1042, LR: 1.00e-08
Epoch: 95, Train Loss: 0.1271, Valid Loss: 0.1042, LR: 1.00e-08
Epoch: 96, Train Loss: 0.1271, Valid Loss: 0.1042, LR: 1.00e-08
Epoch: 97, Train Loss: 0.1271, Valid Loss: 0.1043, LR: 1.00e-08
Epoch: 98, Train Loss: 0.1271, Valid Loss: 0.1042, LR: 1.00e-08
Epoch: 99, Train Loss: 0.1271, Valid Loss: 0.1041, LR: 1.00e-08
Epoch: 100, Train Loss: 0.1271, Valid Loss: 0.1042, LR: 1.00e-08
Epoch: 101, Train Loss: 0.1271, Valid Loss: 0.1043, LR: 1.00e-08
Epoch: 102, Train Loss: 0.1271, Valid Loss: 0.1042, LR: 1.00e-08
Epoch: 103, Train Loss: 0.1271, Valid Loss: 0.1042, LR: 1.00e-08
Epoch: 104, Train Loss: 0.1271, Valid Loss: 0.1042, LR: 1.00e-08
Epoch: 105, Train Loss: 0.1272, Valid Loss: 0.1042, LR: 1.00e-08
Epoch: 106, Train Loss: 0.1271, Valid Loss: 0.1042, LR: 1.00e-08
Epoch: 107, Train Loss: 0.1271, Valid Loss: 0.1042, LR: 1.00e-08
Epoch: 108, Train Loss: 0.1271, Valid Loss: 0.1042, LR: 1.00e-08
Epoch: 109, Train Loss: 0.1272, Valid Loss: 0.1043, LR: 1.00e-08
Epoch: 110, Train Loss: 0.1271, Valid Loss: 0.1043, LR: 1.00e-08
Epoch: 111, Train Loss: 0.1272, Valid Loss: 0.1041, LR: 1.00e-08
Epoch: 112, Train Loss: 0.1271, Valid Loss: 0.1042, LR: 1.00e-08
Epoch: 113, Train Loss: 0.1271, Valid Loss: 0.1042, LR: 1.00e-08
Epoch: 114, Train Loss: 0.1271, Valid Loss: 0.1042, LR: 1.00e-08
Epoch: 115, Train Loss: 0.1271, Valid Loss: 0.1042, LR: 1.00e-08
Epoch: 116, Train Loss: 0.1271, Valid Loss: 0.1042, LR: 1.00e-08
Epoch: 117, Train Loss: 0.1271, Valid Loss: 0.1041, LR: 1.00e-08
Epoch: 118, Train Loss: 0.1271, Valid Loss: 0.1042, LR: 1.00e-08
Epoch: 119, Train Loss: 0.1271, Valid Loss: 0.1043, LR: 1.00e-08
Epoch: 120, Train Loss: 0.1271, Valid Loss: 0.1041, LR: 1.00e-08
Epoch: 121, Train Loss: 0.1271, Valid Loss: 0.1043, LR: 1.00e-08
Epoch: 122, Train Loss: 0.1271, Valid Loss: 0.1043, LR: 1.00e-08
Epoch: 123, Train Loss: 0.1271, Valid Loss: 0.1042, LR: 1.00e-08
Epoch: 124, Train Loss: 0.1271, Valid Loss: 0.1042, LR: 1.00e-08
Epoch: 125, Train Loss: 0.1271, Valid Loss: 0.1042, LR: 1.00e-08
Epoch: 126, Train Loss: 0.1271, Valid Loss: 0.1042, LR: 1.00e-08
Epoch: 127, Train Loss: 0.1271, Valid Loss: 0.1043, LR: 1.00e-08
Epoch: 128, Train Loss: 0.1271, Valid Loss: 0.1043, LR: 1.00e-08
Epoch: 129, Train Loss: 0.1271, Valid Loss: 0.1043, LR: 1.00e-08
Epoch: 130, Train Loss: 0.1271, Valid Loss: 0.1043, LR: 1.00e-08
Epoch: 131, Train Loss: 0.1272, Valid Loss: 0.1043, LR: 1.00e-08
Epoch: 132, Train Loss: 0.1272, Valid Loss: 0.1042, LR: 1.00e-08
Epoch: 133, Train Loss: 0.1271, Valid Loss: 0.1041, LR: 1.00e-08
Epoch: 134, Train Loss: 0.1271, Valid Loss: 0.1042, LR: 1.00e-08
Epoch: 135, Train Loss: 0.1272, Valid Loss: 0.1041, LR: 1.00e-08
Epoch: 136, Train Loss: 0.1271, Valid Loss: 0.1041, LR: 1.00e-08
Epoch: 137, Train Loss: 0.1271, Valid Loss: 0.1042, LR: 1.00e-08
Epoch: 138, Train Loss: 0.1271, Valid Loss: 0.1041, LR: 1.00e-08
Epoch: 139, Train Loss: 0.1271, Valid Loss: 0.1043, LR: 1.00e-08
Epoch: 140, Train Loss: 0.1271, Valid Loss: 0.1042, LR: 1.00e-08
Epoch: 141, Train Loss: 0.1271, Valid Loss: 0.1041, LR: 1.00e-08
Epoch: 142, Train Loss: 0.1271, Valid Loss: 0.1042, LR: 1.00e-08
Epoch: 143, Train Loss: 0.1272, Valid Loss: 0.1043, LR: 1.00e-08
Epoch: 144, Train Loss: 0.1271, Valid Loss: 0.1042, LR: 1.00e-08
Epoch: 145, Train Loss: 0.1271, Valid Loss: 0.1042, LR: 1.00e-08
Epoch: 146, Train Loss: 0.1271, Valid Loss: 0.1041, LR: 1.00e-08
Epoch: 147, Train Loss: 0.1271, Valid Loss: 0.1042, LR: 1.00e-08
Epoch: 148, Train Loss: 0.1271, Valid Loss: 0.1042, LR: 1.00e-08
Epoch: 149, Train Loss: 0.1271, Valid Loss: 0.1041, LR: 1.00e-08
Epoch: 150, Train Loss: 0.1272, Valid Loss: 0.1042, LR: 1.00e-08
Epoch: 151, Train Loss: 0.1271, Valid Loss: 0.1043, LR: 1.00e-08
Epoch: 152, Train Loss: 0.1271, Valid Loss: 0.1042, LR: 1.00e-08
Epoch: 153, Train Loss: 0.1271, Valid Loss: 0.1042, LR: 1.00e-08
Epoch: 154, Train Loss: 0.1271, Valid Loss: 0.1042, LR: 1.00e-08
Epoch: 155, Train Loss: 0.1271, Valid Loss: 0.1042, LR: 1.00e-08
Epoch: 156, Train Loss: 0.1271, Valid Loss: 0.1042, LR: 1.00e-08
Epoch: 157, Train Loss: 0.1271, Valid Loss: 0.1042, LR: 1.00e-08
Epoch: 158, Train Loss: 0.1271, Valid Loss: 0.1042, LR: 1.00e-08
Epoch: 159, Train Loss: 0.1271, Valid Loss: 0.1043, LR: 1.00e-08
Epoch: 160, Train Loss: 0.1271, Valid Loss: 0.1043, LR: 1.00e-08
Epoch: 161, Train Loss: 0.1271, Valid Loss: 0.1041, LR: 1.00e-08
Epoch: 162, Train Loss: 0.1272, Valid Loss: 0.1041, LR: 1.00e-08
Epoch: 163, Train Loss: 0.1272, Valid Loss: 0.1042, LR: 1.00e-08
Epoch: 164, Train Loss: 0.1271, Valid Loss: 0.1042, LR: 1.00e-08
Epoch: 165, Train Loss: 0.1272, Valid Loss: 0.1042, LR: 1.00e-08
Epoch: 166, Train Loss: 0.1271, Valid Loss: 0.1043, LR: 1.00e-08
Epoch: 167, Train Loss: 0.1271, Valid Loss: 0.1042, LR: 1.00e-08
Epoch: 168, Train Loss: 0.1270, Valid Loss: 0.1042, LR: 1.00e-08
Epoch: 169, Train Loss: 0.1271, Valid Loss: 0.1041, LR: 1.00e-08
Epoch: 170, Train Loss: 0.1271, Valid Loss: 0.1043, LR: 1.00e-08
Epoch: 171, Train Loss: 0.1272, Valid Loss: 0.1041, LR: 1.00e-08
Epoch: 172, Train Loss: 0.1271, Valid Loss: 0.1042, LR: 1.00e-08
Epoch: 173, Train Loss: 0.1271, Valid Loss: 0.1042, LR: 1.00e-08
Epoch: 174, Train Loss: 0.1272, Valid Loss: 0.1042, LR: 1.00e-08
Epoch: 175, Train Loss: 0.1271, Valid Loss: 0.1044, LR: 1.00e-08
Epoch: 176, Train Loss: 0.1271, Valid Loss: 0.1042, LR: 1.00e-08
Epoch: 177, Train Loss: 0.1271, Valid Loss: 0.1042, LR: 1.00e-08
Epoch: 178, Train Loss: 0.1272, Valid Loss: 0.1042, LR: 1.00e-08
Epoch: 179, Train Loss: 0.1271, Valid Loss: 0.1041, LR: 1.00e-08
Epoch: 180, Train Loss: 0.1271, Valid Loss: 0.1042, LR: 1.00e-08
Epoch: 181, Train Loss: 0.1271, Valid Loss: 0.1043, LR: 1.00e-08
Epoch: 182, Train Loss: 0.1271, Valid Loss: 0.1043, LR: 1.00e-08
Epoch: 183, Train Loss: 0.1271, Valid Loss: 0.1040, LR: 1.00e-08
Epoch: 184, Train Loss: 0.1271, Valid Loss: 0.1041, LR: 1.00e-08
Epoch: 185, Train Loss: 0.1270, Valid Loss: 0.1042, LR: 1.00e-08
Epoch: 186, Train Loss: 0.1271, Valid Loss: 0.1043, LR: 1.00e-08
Epoch: 187, Train Loss: 0.1271, Valid Loss: 0.1041, LR: 1.00e-08
Epoch: 188, Train Loss: 0.1271, Valid Loss: 0.1042, LR: 1.00e-08
Epoch: 189, Train Loss: 0.1271, Valid Loss: 0.1042, LR: 1.00e-08
Epoch: 190, Train Loss: 0.1272, Valid Loss: 0.1042, LR: 1.00e-08
Epoch: 191, Train Loss: 0.1271, Valid Loss: 0.1042, LR: 1.00e-08
Epoch: 192, Train Loss: 0.1271, Valid Loss: 0.1041, LR: 1.00e-08
Epoch: 193, Train Loss: 0.1272, Valid Loss: 0.1041, LR: 1.00e-08
Epoch: 194, Train Loss: 0.1271, Valid Loss: 0.1042, LR: 1.00e-08
Epoch: 195, Train Loss: 0.1271, Valid Loss: 0.1043, LR: 1.00e-08
Epoch: 196, Train Loss: 0.1271, Valid Loss: 0.1043, LR: 1.00e-08
Epoch: 197, Train Loss: 0.1272, Valid Loss: 0.1044, LR: 1.00e-08
Epoch: 198, Train Loss: 0.1271, Valid Loss: 0.1042, LR: 1.00e-08
Epoch: 199, Train Loss: 0.1271, Valid Loss: 0.1042, LR: 1.00e-08
Starting Latent Downstream Task
MSE Loss Between Generated and Conditioned: 1005556.1875
Epoch: 1, Loss: 1.0114
MSE Loss Between Generated and Conditioned: 229005.8750
Epoch: 2, Loss: 0.8155
MSE Loss Between Generated and Conditioned: 128464.8125
Epoch: 3, Loss: 0.7012
MSE Loss Between Generated and Conditioned: 98200.3047
Epoch: 4, Loss: 0.6056
MSE Loss Between Generated and Conditioned: 77987.2734
Epoch: 5, Loss: 0.5330
MSE Loss Between Generated and Conditioned: 68197.4766
Epoch: 6, Loss: 0.4729
MSE Loss Between Generated and Conditioned: 59043.8008
Epoch: 7, Loss: 0.4260
MSE Loss Between Generated and Conditioned: 47609.6797
Epoch: 8, Loss: 0.3957
MSE Loss Between Generated and Conditioned: 43361.0742
Epoch: 9, Loss: 0.3708
MSE Loss Between Generated and Conditioned: 39673.3633
Epoch: 10, Loss: 0.3533
MSE Loss Between Generated and Conditioned: 35426.1016
Epoch: 11, Loss: 0.3352
MSE Loss Between Generated and Conditioned: 32934.7812
Epoch: 12, Loss: 0.3206
MSE Loss Between Generated and Conditioned: 28721.0371
Epoch: 13, Loss: 0.3015
MSE Loss Between Generated and Conditioned: 21268.9414
Epoch: 14, Loss: 0.2893
MSE Loss Between Generated and Conditioned: 19883.6465
Epoch: 15, Loss: 0.2697
MSE Loss Between Generated and Conditioned: 18367.5332
Epoch: 16, Loss: 0.2518
MSE Loss Between Generated and Conditioned: 16718.4688
Epoch: 17, Loss: 0.2509
MSE Loss Between Generated and Conditioned: 13556.5781
Epoch: 18, Loss: 0.2399
MSE Loss Between Generated and Conditioned: 11224.6631
Epoch: 19, Loss: 0.2334
MSE Loss Between Generated and Conditioned: 11674.0869
Epoch: 20, Loss: 0.2254
MSE Loss Between Generated and Conditioned: 11442.1357
Epoch: 21, Loss: 0.2225
MSE Loss Between Generated and Conditioned: 8510.3037
Epoch: 22, Loss: 0.2183
MSE Loss Between Generated and Conditioned: 7163.4385
Epoch: 23, Loss: 0.2088
MSE Loss Between Generated and Conditioned: 7017.1089
Epoch: 24, Loss: 0.2140
MSE Loss Between Generated and Conditioned: 6238.3110
Epoch: 25, Loss: 0.2107
MSE Loss Between Generated and Conditioned: 6920.0249
Epoch: 26, Loss: 0.2023
MSE Loss Between Generated and Conditioned: 6772.4502
Epoch: 27, Loss: 0.1967
MSE Loss Between Generated and Conditioned: 5265.8765
Epoch: 28, Loss: 0.1990
MSE Loss Between Generated and Conditioned: 4635.1851
Epoch: 29, Loss: 0.1969
MSE Loss Between Generated and Conditioned: 5382.6479
Epoch: 30, Loss: 0.1925
MSE Loss Between Generated and Conditioned: 4627.0806
Epoch: 31, Loss: 0.1889
MSE Loss Between Generated and Conditioned: 4778.6460
Epoch: 32, Loss: 0.1872
MSE Loss Between Generated and Conditioned: 4143.1748
Epoch: 33, Loss: 0.1886
MSE Loss Between Generated and Conditioned: 3258.1934
Epoch: 34, Loss: 0.1800
MSE Loss Between Generated and Conditioned: 3503.0649
Epoch: 35, Loss: 0.1779
MSE Loss Between Generated and Conditioned: 2778.4329
Epoch: 36, Loss: 0.1801
MSE Loss Between Generated and Conditioned: 2327.1111
Epoch: 37, Loss: 0.1718
MSE Loss Between Generated and Conditioned: 2487.3953
Epoch: 38, Loss: 0.1696
MSE Loss Between Generated and Conditioned: 2254.5684
Epoch: 39, Loss: 0.1657
MSE Loss Between Generated and Conditioned: 1892.7375
Epoch: 40, Loss: 0.1737
MSE Loss Between Generated and Conditioned: 1786.1166
Epoch: 41, Loss: 0.1671
MSE Loss Between Generated and Conditioned: 2288.3176
Epoch: 42, Loss: 0.1624
MSE Loss Between Generated and Conditioned: 1351.3329
Epoch: 43, Loss: 0.1661
MSE Loss Between Generated and Conditioned: 1660.4915
Epoch: 44, Loss: 0.1632
MSE Loss Between Generated and Conditioned: 1885.1696
Epoch: 45, Loss: 0.1585
MSE Loss Between Generated and Conditioned: 887.6743
Epoch: 46, Loss: 0.1616
MSE Loss Between Generated and Conditioned: 1394.6371
Epoch: 47, Loss: 0.1544
MSE Loss Between Generated and Conditioned: 1580.1432
Epoch: 48, Loss: 0.1593
MSE Loss Between Generated and Conditioned: 1178.9912
Epoch: 49, Loss: 0.1610
MSE Loss Between Generated and Conditioned: 2751.3616
Epoch: 50, Loss: 0.1542
MSE Loss Between Generated and Conditioned: 839.7108
Epoch: 51, Loss: 0.1669
MSE Loss Between Generated and Conditioned: 795.3632
Epoch: 52, Loss: 0.1528
MSE Loss Between Generated and Conditioned: 781.1187
Epoch: 53, Loss: 0.1492
MSE Loss Between Generated and Conditioned: 700.2673
Epoch: 54, Loss: 0.1527
MSE Loss Between Generated and Conditioned: 509.2178
Epoch: 55, Loss: 0.1520
MSE Loss Between Generated and Conditioned: 653.6401
Epoch: 56, Loss: 0.1567
MSE Loss Between Generated and Conditioned: 629.2761
Epoch: 57, Loss: 0.1470
MSE Loss Between Generated and Conditioned: 403.3777
Epoch: 58, Loss: 0.1457
MSE Loss Between Generated and Conditioned: 513.1377
Epoch: 59, Loss: 0.1464
MSE Loss Between Generated and Conditioned: 440.1697
Epoch: 60, Loss: 0.1427
MSE Loss Between Generated and Conditioned: 409.5627
Epoch: 61, Loss: 0.1425
MSE Loss Between Generated and Conditioned: 534.3210
Epoch: 62, Loss: 0.1463
MSE Loss Between Generated and Conditioned: 382.6765
Epoch: 63, Loss: 0.1417
MSE Loss Between Generated and Conditioned: 282.3607
Epoch: 64, Loss: 0.1462
MSE Loss Between Generated and Conditioned: 247.1727
Epoch: 65, Loss: 0.1485
MSE Loss Between Generated and Conditioned: 307.9763
Epoch: 66, Loss: 0.1430
MSE Loss Between Generated and Conditioned: 132.1660
Epoch: 67, Loss: 0.1432
MSE Loss Between Generated and Conditioned: 202.4231
Epoch: 68, Loss: 0.1498
MSE Loss Between Generated and Conditioned: 185.9457
Epoch: 69, Loss: 0.1480
MSE Loss Between Generated and Conditioned: 136.0962
Epoch: 70, Loss: 0.1438
MSE Loss Between Generated and Conditioned: 154.5380
Epoch: 71, Loss: 0.1423
MSE Loss Between Generated and Conditioned: 288.3698
Epoch: 72, Loss: 0.1458
MSE Loss Between Generated and Conditioned: 255.0641
Epoch: 73, Loss: 0.1360
MSE Loss Between Generated and Conditioned: 246.5616
Epoch: 74, Loss: 0.1433
MSE Loss Between Generated and Conditioned: 278.5107
Epoch: 75, Loss: 0.1400
MSE Loss Between Generated and Conditioned: 100.6707
Epoch: 76, Loss: 0.1475
MSE Loss Between Generated and Conditioned: 72.0732
Epoch: 77, Loss: 0.1434
MSE Loss Between Generated and Conditioned: 115.5736
Epoch: 78, Loss: 0.1408
MSE Loss Between Generated and Conditioned: 136.1236
Epoch: 79, Loss: 0.1375
MSE Loss Between Generated and Conditioned: 210.2862
Epoch: 80, Loss: 0.1439
MSE Loss Between Generated and Conditioned: 189.8673
Epoch: 81, Loss: 0.1382
MSE Loss Between Generated and Conditioned: 182.3285
Epoch: 82, Loss: 0.1403
MSE Loss Between Generated and Conditioned: 89.4711
Epoch: 83, Loss: 0.1444
MSE Loss Between Generated and Conditioned: 101.2969
Epoch: 84, Loss: 0.1479
MSE Loss Between Generated and Conditioned: 76.9553
Epoch: 85, Loss: 0.1326
MSE Loss Between Generated and Conditioned: 120.0795
Epoch: 86, Loss: 0.1373
MSE Loss Between Generated and Conditioned: 58.6701
Epoch: 87, Loss: 0.1365
MSE Loss Between Generated and Conditioned: 120.5036
Epoch: 88, Loss: 0.1342
MSE Loss Between Generated and Conditioned: 47.1791
Epoch: 89, Loss: 0.1349
MSE Loss Between Generated and Conditioned: 58.4124
Epoch: 90, Loss: 0.1298
MSE Loss Between Generated and Conditioned: 67.4913
Epoch: 91, Loss: 0.1294
MSE Loss Between Generated and Conditioned: 97.3846
Epoch: 92, Loss: 0.1289
MSE Loss Between Generated and Conditioned: 82.4743
Epoch: 93, Loss: 0.1333
MSE Loss Between Generated and Conditioned: 89.3283
Epoch: 94, Loss: 0.1271
MSE Loss Between Generated and Conditioned: 88.8085
Epoch: 95, Loss: 0.1245
MSE Loss Between Generated and Conditioned: 46.1360
Epoch: 96, Loss: 0.1264
MSE Loss Between Generated and Conditioned: 102.0772
Epoch: 97, Loss: 0.1287
MSE Loss Between Generated and Conditioned: 65.3189
Epoch: 98, Loss: 0.1250
MSE Loss Between Generated and Conditioned: 50.2978
Epoch: 99, Loss: 0.1333
MSE Loss Between Generated and Conditioned: 81.4069
Epoch: 100, Loss: 0.1296
MSE Loss Between Generated and Conditioned: 76.3410
Epoch: 101, Loss: 0.1224
MSE Loss Between Generated and Conditioned: 69.1327
Epoch: 102, Loss: 0.1262
MSE Loss Between Generated and Conditioned: 65.9093
Epoch: 103, Loss: 0.1255
MSE Loss Between Generated and Conditioned: 81.6153
Epoch: 104, Loss: 0.1282
MSE Loss Between Generated and Conditioned: 93.2414
Epoch: 105, Loss: 0.1317
MSE Loss Between Generated and Conditioned: 66.7871
Epoch: 106, Loss: 0.1309
MSE Loss Between Generated and Conditioned: 63.3230
Epoch: 107, Loss: 0.1263
MSE Loss Between Generated and Conditioned: 72.0352
Epoch: 108, Loss: 0.1275
MSE Loss Between Generated and Conditioned: 68.2816
Epoch: 109, Loss: 0.1337
MSE Loss Between Generated and Conditioned: 87.5462
Epoch: 110, Loss: 0.1334
MSE Loss Between Generated and Conditioned: 64.7132
Epoch: 111, Loss: 0.1233
MSE Loss Between Generated and Conditioned: 62.1228
Epoch: 112, Loss: 0.1327
MSE Loss Between Generated and Conditioned: 76.7934
Epoch: 113, Loss: 0.1345
MSE Loss Between Generated and Conditioned: 71.0790
Epoch: 114, Loss: 0.1245
MSE Loss Between Generated and Conditioned: 76.1089
Epoch: 115, Loss: 0.1287
MSE Loss Between Generated and Conditioned: 108.5088
Epoch: 116, Loss: 0.1345
MSE Loss Between Generated and Conditioned: 54.0604
Epoch: 117, Loss: 0.1299
MSE Loss Between Generated and Conditioned: 56.7755
Epoch: 118, Loss: 0.1283
MSE Loss Between Generated and Conditioned: 67.4565
Epoch: 119, Loss: 0.1367
MSE Loss Between Generated and Conditioned: 47.8757
Epoch: 120, Loss: 0.1275
MSE Loss Between Generated and Conditioned: 71.4055
Epoch: 121, Loss: 0.1283
MSE Loss Between Generated and Conditioned: 41.2689
Epoch: 122, Loss: 0.1362
MSE Loss Between Generated and Conditioned: 68.2119
Epoch: 123, Loss: 0.1243
MSE Loss Between Generated and Conditioned: 65.8641
Epoch: 124, Loss: 0.1331
MSE Loss Between Generated and Conditioned: 60.3311
Epoch: 125, Loss: 0.1273
MSE Loss Between Generated and Conditioned: 64.7050
Epoch: 126, Loss: 0.1278
MSE Loss Between Generated and Conditioned: 58.1039
Epoch: 127, Loss: 0.1311
MSE Loss Between Generated and Conditioned: 61.4384
Epoch: 128, Loss: 0.1338
MSE Loss Between Generated and Conditioned: 57.3314
Epoch: 129, Loss: 0.1354
MSE Loss Between Generated and Conditioned: 58.7205
Epoch: 130, Loss: 0.1305
MSE Loss Between Generated and Conditioned: 71.3150
Epoch: 131, Loss: 0.1278
MSE Loss Between Generated and Conditioned: 58.5679
Epoch: 132, Loss: 0.1232
MSE Loss Between Generated and Conditioned: 90.9898
Epoch: 133, Loss: 0.1279
MSE Loss Between Generated and Conditioned: 87.1647
Epoch: 134, Loss: 0.1261
MSE Loss Between Generated and Conditioned: 59.5144
Epoch: 135, Loss: 0.1286
MSE Loss Between Generated and Conditioned: 61.4976
Epoch: 136, Loss: 0.1304
MSE Loss Between Generated and Conditioned: 59.4702
Epoch: 137, Loss: 0.1285
MSE Loss Between Generated and Conditioned: 79.5593
Epoch: 138, Loss: 0.1260
MSE Loss Between Generated and Conditioned: 51.4631
Epoch: 139, Loss: 0.1309
MSE Loss Between Generated and Conditioned: 56.3149
Epoch: 140, Loss: 0.1266
MSE Loss Between Generated and Conditioned: 69.6920
Epoch: 141, Loss: 0.1226
MSE Loss Between Generated and Conditioned: 58.4952
Epoch: 142, Loss: 0.1284
MSE Loss Between Generated and Conditioned: 50.5624
Epoch: 143, Loss: 0.1257
MSE Loss Between Generated and Conditioned: 68.7036
Epoch: 144, Loss: 0.1309
MSE Loss Between Generated and Conditioned: 74.7367
Epoch: 145, Loss: 0.1338
MSE Loss Between Generated and Conditioned: 52.4810
Epoch: 146, Loss: 0.1188
MSE Loss Between Generated and Conditioned: 47.6835
Epoch: 147, Loss: 0.1291
MSE Loss Between Generated and Conditioned: 45.4342
Epoch: 148, Loss: 0.1374
MSE Loss Between Generated and Conditioned: 55.0708
Epoch: 149, Loss: 0.1271
MSE Loss Between Generated and Conditioned: 47.3845
Epoch: 150, Loss: 0.1262
MSE Loss Between Generated and Conditioned: 53.6303
Epoch: 151, Loss: 0.1226
MSE Loss Between Generated and Conditioned: 66.7023
Epoch: 152, Loss: 0.1261
MSE Loss Between Generated and Conditioned: 45.9409
Epoch: 153, Loss: 0.1243
MSE Loss Between Generated and Conditioned: 60.1434
Epoch: 154, Loss: 0.1309
MSE Loss Between Generated and Conditioned: 60.8141
Epoch: 155, Loss: 0.1258
MSE Loss Between Generated and Conditioned: 62.8876
Epoch: 156, Loss: 0.1255
MSE Loss Between Generated and Conditioned: 103.2171
Epoch: 157, Loss: 0.1357
MSE Loss Between Generated and Conditioned: 50.6336
Epoch: 158, Loss: 0.1238
MSE Loss Between Generated and Conditioned: 59.8755
Epoch: 159, Loss: 0.1307
MSE Loss Between Generated and Conditioned: 42.7677
Epoch: 160, Loss: 0.1287
MSE Loss Between Generated and Conditioned: 57.3866
Epoch: 161, Loss: 0.1275
MSE Loss Between Generated and Conditioned: 58.3705
Epoch: 162, Loss: 0.1304
MSE Loss Between Generated and Conditioned: 54.7450
Epoch: 163, Loss: 0.1287
MSE Loss Between Generated and Conditioned: 67.7558
Epoch: 164, Loss: 0.1241
MSE Loss Between Generated and Conditioned: 50.5757
Epoch: 165, Loss: 0.1269
MSE Loss Between Generated and Conditioned: 51.0480
Epoch: 166, Loss: 0.1248
MSE Loss Between Generated and Conditioned: 64.6202
Epoch: 167, Loss: 0.1329
MSE Loss Between Generated and Conditioned: 65.6551
Epoch: 168, Loss: 0.1241
MSE Loss Between Generated and Conditioned: 49.7537
Epoch: 169, Loss: 0.1342
MSE Loss Between Generated and Conditioned: 60.8817
Epoch: 170, Loss: 0.1316
MSE Loss Between Generated and Conditioned: 63.9189
Epoch: 171, Loss: 0.1277
MSE Loss Between Generated and Conditioned: 57.9881
Epoch: 172, Loss: 0.1294
MSE Loss Between Generated and Conditioned: 53.9250
Epoch: 173, Loss: 0.1318
MSE Loss Between Generated and Conditioned: 65.5745
Epoch: 174, Loss: 0.1265
MSE Loss Between Generated and Conditioned: 48.3510
Epoch: 175, Loss: 0.1189
MSE Loss Between Generated and Conditioned: 57.5825
Epoch: 176, Loss: 0.1243
MSE Loss Between Generated and Conditioned: 47.7274
Epoch: 177, Loss: 0.1254
MSE Loss Between Generated and Conditioned: 59.1903
Epoch: 178, Loss: 0.1304
MSE Loss Between Generated and Conditioned: 76.4230
Epoch: 179, Loss: 0.1264
MSE Loss Between Generated and Conditioned: 50.1831
Epoch: 180, Loss: 0.1274
MSE Loss Between Generated and Conditioned: 64.1385
Epoch: 181, Loss: 0.1282
MSE Loss Between Generated and Conditioned: 52.5924
Epoch: 182, Loss: 0.1250
MSE Loss Between Generated and Conditioned: 70.9376
Epoch: 183, Loss: 0.1307
MSE Loss Between Generated and Conditioned: 56.6445
Epoch: 184, Loss: 0.1283
MSE Loss Between Generated and Conditioned: 49.4486
Epoch: 185, Loss: 0.1285
MSE Loss Between Generated and Conditioned: 69.8339
Epoch: 186, Loss: 0.1288
MSE Loss Between Generated and Conditioned: 69.7909
Epoch: 187, Loss: 0.1229
MSE Loss Between Generated and Conditioned: 59.9106
Epoch: 188, Loss: 0.1303
MSE Loss Between Generated and Conditioned: 64.5523
Epoch: 189, Loss: 0.1237
MSE Loss Between Generated and Conditioned: 53.0446
Epoch: 190, Loss: 0.1277
MSE Loss Between Generated and Conditioned: 80.9944
Epoch: 191, Loss: 0.1259
MSE Loss Between Generated and Conditioned: 41.0015
Epoch: 192, Loss: 0.1245
MSE Loss Between Generated and Conditioned: 68.9336
Epoch: 193, Loss: 0.1291
MSE Loss Between Generated and Conditioned: 60.3302
Epoch: 194, Loss: 0.1297
MSE Loss Between Generated and Conditioned: 60.6948
Epoch: 195, Loss: 0.1301
MSE Loss Between Generated and Conditioned: 47.6173
Epoch: 196, Loss: 0.1307
MSE Loss Between Generated and Conditioned: 31.4225
Epoch: 197, Loss: 0.1258
MSE Loss Between Generated and Conditioned: 79.1053
Epoch: 198, Loss: 0.1260
MSE Loss Between Generated and Conditioned: 67.3124
Epoch: 199, Loss: 0.1267
MSE Loss Between Generated and Conditioned: 76.9415
Epoch: 200, Loss: 0.1298
MSE Loss Between Generated and Conditioned: 83.3210
Epoch: 201, Loss: 0.1307
MSE Loss Between Generated and Conditioned: 74.6022
Epoch: 202, Loss: 0.1379
MSE Loss Between Generated and Conditioned: 52.3865
Epoch: 203, Loss: 0.1298
MSE Loss Between Generated and Conditioned: 48.8232
Epoch: 204, Loss: 0.1242
MSE Loss Between Generated and Conditioned: 81.4460
Epoch: 205, Loss: 0.1313
MSE Loss Between Generated and Conditioned: 63.7839
Epoch: 206, Loss: 0.1246
MSE Loss Between Generated and Conditioned: 68.2239
Epoch: 207, Loss: 0.1353
MSE Loss Between Generated and Conditioned: 84.1737
Epoch: 208, Loss: 0.1283
MSE Loss Between Generated and Conditioned: 71.7561
Epoch: 209, Loss: 0.1277
MSE Loss Between Generated and Conditioned: 58.6216
Epoch: 210, Loss: 0.1243
MSE Loss Between Generated and Conditioned: 75.8440
Epoch: 211, Loss: 0.1299
MSE Loss Between Generated and Conditioned: 62.3617
Epoch: 212, Loss: 0.1260
MSE Loss Between Generated and Conditioned: 56.1687
Epoch: 213, Loss: 0.1276
MSE Loss Between Generated and Conditioned: 67.8316
Epoch: 214, Loss: 0.1312
MSE Loss Between Generated and Conditioned: 62.6723
Epoch: 215, Loss: 0.1352
MSE Loss Between Generated and Conditioned: 65.5640
Epoch: 216, Loss: 0.1218
MSE Loss Between Generated and Conditioned: 84.0664
Epoch: 217, Loss: 0.1224
MSE Loss Between Generated and Conditioned: 96.5579
Epoch: 218, Loss: 0.1257
MSE Loss Between Generated and Conditioned: 76.4600
Epoch: 219, Loss: 0.1224
MSE Loss Between Generated and Conditioned: 49.3164
Epoch: 220, Loss: 0.1214
MSE Loss Between Generated and Conditioned: 53.2148
Epoch: 221, Loss: 0.1262
MSE Loss Between Generated and Conditioned: 62.3091
Epoch: 222, Loss: 0.1261
MSE Loss Between Generated and Conditioned: 53.5631
Epoch: 223, Loss: 0.1260
MSE Loss Between Generated and Conditioned: 63.1870
Epoch: 224, Loss: 0.1301
MSE Loss Between Generated and Conditioned: 69.5369
Epoch: 225, Loss: 0.1188
MSE Loss Between Generated and Conditioned: 52.6368
Epoch: 226, Loss: 0.1284
MSE Loss Between Generated and Conditioned: 51.1925
Epoch: 227, Loss: 0.1247
MSE Loss Between Generated and Conditioned: 45.1796
Epoch: 228, Loss: 0.1334
MSE Loss Between Generated and Conditioned: 66.6413
Epoch: 229, Loss: 0.1275
MSE Loss Between Generated and Conditioned: 80.1058
Epoch: 230, Loss: 0.1294
MSE Loss Between Generated and Conditioned: 78.6470
Epoch: 231, Loss: 0.1334
MSE Loss Between Generated and Conditioned: 44.5266
Epoch: 232, Loss: 0.1322
MSE Loss Between Generated and Conditioned: 58.6888
Epoch: 233, Loss: 0.1315
MSE Loss Between Generated and Conditioned: 43.0802
Epoch: 234, Loss: 0.1242
MSE Loss Between Generated and Conditioned: 87.8555
Epoch: 235, Loss: 0.1282
MSE Loss Between Generated and Conditioned: 54.7640
Epoch: 236, Loss: 0.1271
MSE Loss Between Generated and Conditioned: 61.4832
Epoch: 237, Loss: 0.1255
MSE Loss Between Generated and Conditioned: 62.5646
Epoch: 238, Loss: 0.1377
MSE Loss Between Generated and Conditioned: 68.1668
Epoch: 239, Loss: 0.1306
MSE Loss Between Generated and Conditioned: 66.8375
Epoch: 240, Loss: 0.1305
MSE Loss Between Generated and Conditioned: 49.2699
Epoch: 241, Loss: 0.1252
MSE Loss Between Generated and Conditioned: 58.5469
Epoch: 242, Loss: 0.1276
MSE Loss Between Generated and Conditioned: 77.9236
Epoch: 243, Loss: 0.1240
MSE Loss Between Generated and Conditioned: 68.9926
Epoch: 244, Loss: 0.1299
MSE Loss Between Generated and Conditioned: 48.3371
Epoch: 245, Loss: 0.1289
MSE Loss Between Generated and Conditioned: 53.1183
Epoch: 246, Loss: 0.1276
MSE Loss Between Generated and Conditioned: 63.1104
Epoch: 247, Loss: 0.1260
MSE Loss Between Generated and Conditioned: 55.5733
Epoch: 248, Loss: 0.1263
MSE Loss Between Generated and Conditioned: 74.3375
Epoch: 249, Loss: 0.1309
MSE Loss Between Generated and Conditioned: 51.8300
Epoch: 250, Loss: 0.1246
MSE Loss Between Generated and Conditioned: 61.8938
Epoch: 251, Loss: 0.1337
MSE Loss Between Generated and Conditioned: 77.6252
Epoch: 252, Loss: 0.1223
MSE Loss Between Generated and Conditioned: 50.0801
Epoch: 253, Loss: 0.1264
MSE Loss Between Generated and Conditioned: 45.8663
Epoch: 254, Loss: 0.1276
MSE Loss Between Generated and Conditioned: 50.0933
Epoch: 255, Loss: 0.1360
MSE Loss Between Generated and Conditioned: 79.8097
Epoch: 256, Loss: 0.1269
MSE Loss Between Generated and Conditioned: 72.5586
Epoch: 257, Loss: 0.1267
MSE Loss Between Generated and Conditioned: 82.0276
Epoch: 258, Loss: 0.1302
MSE Loss Between Generated and Conditioned: 56.7762
Epoch: 259, Loss: 0.1293
MSE Loss Between Generated and Conditioned: 58.9946
Epoch: 260, Loss: 0.1308
MSE Loss Between Generated and Conditioned: 70.1247
Epoch: 261, Loss: 0.1267
MSE Loss Between Generated and Conditioned: 37.9548
Epoch: 262, Loss: 0.1227
MSE Loss Between Generated and Conditioned: 67.3148
Epoch: 263, Loss: 0.1246
MSE Loss Between Generated and Conditioned: 64.3933
Epoch: 264, Loss: 0.1202
MSE Loss Between Generated and Conditioned: 55.0753
Epoch: 265, Loss: 0.1219
MSE Loss Between Generated and Conditioned: 42.2946
Epoch: 266, Loss: 0.1234
MSE Loss Between Generated and Conditioned: 80.0329
Epoch: 267, Loss: 0.1327
MSE Loss Between Generated and Conditioned: 80.4564
Epoch: 268, Loss: 0.1343
MSE Loss Between Generated and Conditioned: 49.7759
Epoch: 269, Loss: 0.1254
MSE Loss Between Generated and Conditioned: 62.5777
Epoch: 270, Loss: 0.1261
MSE Loss Between Generated and Conditioned: 70.2765
Epoch: 271, Loss: 0.1344
MSE Loss Between Generated and Conditioned: 62.1389
Epoch: 272, Loss: 0.1207
MSE Loss Between Generated and Conditioned: 77.6034
Epoch: 273, Loss: 0.1306
MSE Loss Between Generated and Conditioned: 63.0410
Epoch: 274, Loss: 0.1244
MSE Loss Between Generated and Conditioned: 91.3999
Epoch: 275, Loss: 0.1266
MSE Loss Between Generated and Conditioned: 60.4133
Epoch: 276, Loss: 0.1359
MSE Loss Between Generated and Conditioned: 72.8671
Epoch: 277, Loss: 0.1291
MSE Loss Between Generated and Conditioned: 72.0043
Epoch: 278, Loss: 0.1226
MSE Loss Between Generated and Conditioned: 97.5971
Epoch: 279, Loss: 0.1318
MSE Loss Between Generated and Conditioned: 68.2227
Epoch: 280, Loss: 0.1350
MSE Loss Between Generated and Conditioned: 60.6792
Epoch: 281, Loss: 0.1249
MSE Loss Between Generated and Conditioned: 68.9931
Epoch: 282, Loss: 0.1246
MSE Loss Between Generated and Conditioned: 65.4524
Epoch: 283, Loss: 0.1223
MSE Loss Between Generated and Conditioned: 59.3100
Epoch: 284, Loss: 0.1340
MSE Loss Between Generated and Conditioned: 51.2973
Epoch: 285, Loss: 0.1291
MSE Loss Between Generated and Conditioned: 65.7818
Epoch: 286, Loss: 0.1223
MSE Loss Between Generated and Conditioned: 58.5003
Epoch: 287, Loss: 0.1296
MSE Loss Between Generated and Conditioned: 59.4558
Epoch: 288, Loss: 0.1277
MSE Loss Between Generated and Conditioned: 46.3952
Epoch: 289, Loss: 0.1267
MSE Loss Between Generated and Conditioned: 77.0388
Epoch: 290, Loss: 0.1314
MSE Loss Between Generated and Conditioned: 78.6355
Epoch: 291, Loss: 0.1302
MSE Loss Between Generated and Conditioned: 71.3857
Epoch: 292, Loss: 0.1290
MSE Loss Between Generated and Conditioned: 49.9267
Epoch: 293, Loss: 0.1269
MSE Loss Between Generated and Conditioned: 37.2528
Epoch: 294, Loss: 0.1299
MSE Loss Between Generated and Conditioned: 34.2025
Epoch: 295, Loss: 0.1267
MSE Loss Between Generated and Conditioned: 51.9641
Epoch: 296, Loss: 0.1222
MSE Loss Between Generated and Conditioned: 50.5640
Epoch: 297, Loss: 0.1295
MSE Loss Between Generated and Conditioned: 49.5856
Epoch: 298, Loss: 0.1300
MSE Loss Between Generated and Conditioned: 58.7846
Epoch: 299, Loss: 0.1296
/homes/nb324/Documents/masters_project_multi_modal/latent_diffusion_model_conditional_attn/latent_model_main.py:113: UserWarning: No artists with labels found to put in legend.  Note that artists whose label start with an underscore are ignored when legend() is called with no argument.
  plt.legend()
Traceback (most recent call last):
  File "/homes/nb324/Documents/masters_project_multi_modal/simclr_multi_branch/main.py", line 157, in <module>
    main()
  File "/homes/nb324/Documents/masters_project_multi_modal/simclr_multi_branch/main.py", line 151, in main
    downstream_task_latent_diffusion_conditional_attn(num_epochs=300, data=test_data, model_encoder=model_decoder.model, model_decoder=model_decoder.decoder)
  File "/homes/nb324/Documents/masters_project_multi_modal/latent_diffusion_model_conditional_attn/latent_model_main.py", line 118, in downstream_task
    plt.plot(epochs, train_losses)
  File "/vol/bitbucket/nb324/masters_project/.venv/lib/python3.12/site-packages/matplotlib/pyplot.py", line 3827, in plot
    return gca().plot(
           ^^^^^^^^^^^
  File "/vol/bitbucket/nb324/masters_project/.venv/lib/python3.12/site-packages/matplotlib/axes/_axes.py", line 1777, in plot
    lines = [*self._get_lines(self, *args, data=data, **kwargs)]
            ^^^^^^^^^^^^^^^^^^^^^^^^^^^^^^^^^^^^^^^^^^^^^^^^^^^^
  File "/vol/bitbucket/nb324/masters_project/.venv/lib/python3.12/site-packages/matplotlib/axes/_base.py", line 297, in __call__
    yield from self._plot_args(
               ^^^^^^^^^^^^^^^^
  File "/vol/bitbucket/nb324/masters_project/.venv/lib/python3.12/site-packages/matplotlib/axes/_base.py", line 494, in _plot_args
    raise ValueError(f"x and y must have same first dimension, but "
ValueError: x and y must have same first dimension, but have shapes (1,) and (44,)
Train: torch.Size([14031, 5, 64, 32]), Valid: torch.Size([4677, 5, 64, 32]), Test: torch.Size([4678, 5, 64, 32])
Starting Downstream Task
Running context window: 5 with stride: 5 with seed: 0
torch.Size([2806, 5, 64, 32])
torch.Size([935, 5, 64, 32])
torch.Size([937, 5, 64, 32])
Shape: (5, 144, 72)
Epoch: 0, Train Loss: 0.00415, Valid Loss: 0.00300, EPS: 0.991
Epoch: 1, Train Loss: 0.00268, Valid Loss: 0.00256, EPS: 0.982
Epoch: 2, Train Loss: 0.00229, Valid Loss: 0.00234, EPS: 0.973
Epoch: 3, Train Loss: 0.00212, Valid Loss: 0.00225, EPS: 0.964
Epoch: 4, Train Loss: 0.00205, Valid Loss: 0.00222, EPS: 0.955
Epoch: 5, Train Loss: 0.00200, Valid Loss: 0.00218, EPS: 0.946
Epoch: 6, Train Loss: 0.00197, Valid Loss: 0.00217, EPS: 0.9369999999999999
Epoch: 7, Train Loss: 0.00196, Valid Loss: 0.00216, EPS: 0.928
Epoch: 8, Train Loss: 0.00196, Valid Loss: 0.00217, EPS: 0.919
Epoch: 9, Train Loss: 0.00195, Valid Loss: 0.00216, EPS: 0.91
Epoch: 10, Train Loss: 0.00195, Valid Loss: 0.00216, EPS: 0.901
Epoch: 11, Train Loss: 0.00193, Valid Loss: 0.00215, EPS: 0.892
Epoch: 12, Train Loss: 0.00194, Valid Loss: 0.00215, EPS: 0.883
Epoch: 13, Train Loss: 0.00192, Valid Loss: 0.00214, EPS: 0.874
Epoch: 14, Train Loss: 0.00192, Valid Loss: 0.00212, EPS: 0.865
Epoch: 15, Train Loss: 0.00190, Valid Loss: 0.00213, EPS: 0.856
Epoch: 16, Train Loss: 0.00189, Valid Loss: 0.00213, EPS: 0.847
Epoch: 17, Train Loss: 0.00188, Valid Loss: 0.00212, EPS: 0.8380000000000001
Epoch: 18, Train Loss: 0.00189, Valid Loss: 0.00214, EPS: 0.8290000000000001
Epoch: 19, Train Loss: 0.00189, Valid Loss: 0.00213, EPS: 0.8200000000000001
Epoch: 20, Train Loss: 0.00188, Valid Loss: 0.00213, EPS: 0.811
Epoch: 21, Train Loss: 0.00187, Valid Loss: 0.00212, EPS: 0.802
Epoch: 22, Train Loss: 0.00187, Valid Loss: 0.00212, EPS: 0.793
Epoch: 23, Train Loss: 0.00187, Valid Loss: 0.00212, EPS: 0.784
Epoch: 24, Train Loss: 0.00186, Valid Loss: 0.00210, EPS: 0.775
Epoch: 25, Train Loss: 0.00186, Valid Loss: 0.00210, EPS: 0.766
Epoch: 26, Train Loss: 0.00186, Valid Loss: 0.00211, EPS: 0.757
Epoch: 27, Train Loss: 0.00185, Valid Loss: 0.00213, EPS: 0.748
Epoch: 28, Train Loss: 0.00185, Valid Loss: 0.00210, EPS: 0.739
Epoch: 29, Train Loss: 0.00185, Valid Loss: 0.00211, EPS: 0.73
Epoch: 30, Train Loss: 0.00185, Valid Loss: 0.00210, EPS: 0.721
Epoch: 31, Train Loss: 0.00185, Valid Loss: 0.00209, EPS: 0.712
Epoch: 32, Train Loss: 0.00184, Valid Loss: 0.00209, EPS: 0.703
Epoch: 33, Train Loss: 0.00184, Valid Loss: 0.00208, EPS: 0.694
Epoch: 34, Train Loss: 0.00184, Valid Loss: 0.00208, EPS: 0.685
Epoch: 35, Train Loss: 0.00184, Valid Loss: 0.00209, EPS: 0.676
Epoch: 36, Train Loss: 0.00184, Valid Loss: 0.00210, EPS: 0.667
Epoch: 37, Train Loss: 0.00184, Valid Loss: 0.00209, EPS: 0.658
Epoch: 38, Train Loss: 0.00185, Valid Loss: 0.00210, EPS: 0.649
Epoch: 39, Train Loss: 0.00184, Valid Loss: 0.00209, EPS: 0.64
Epoch: 40, Train Loss: 0.00183, Valid Loss: 0.00210, EPS: 0.6310000000000001
Epoch: 41, Train Loss: 0.00183, Valid Loss: 0.00210, EPS: 0.6220000000000001
Epoch: 42, Train Loss: 0.00183, Valid Loss: 0.00210, EPS: 0.6130000000000001
Epoch: 43, Train Loss: 0.00183, Valid Loss: 0.00210, EPS: 0.6040000000000001
Epoch: 44, Train Loss: 0.00184, Valid Loss: 0.00210, EPS: 0.5950000000000001
Epoch: 45, Train Loss: 0.00184, Valid Loss: 0.00209, EPS: 0.5860000000000001
Epoch: 46, Train Loss: 0.00172, Valid Loss: 0.00203, EPS: 0.5770000000000001
Epoch: 47, Train Loss: 0.00166, Valid Loss: 0.00201, EPS: 0.5680000000000001
Epoch: 48, Train Loss: 0.00164, Valid Loss: 0.00199, EPS: 0.559
Epoch: 49, Train Loss: 0.00162, Valid Loss: 0.00199, EPS: 0.55
Epoch: 50, Train Loss: 0.00161, Valid Loss: 0.00199, EPS: 0.541
Epoch: 51, Train Loss: 0.00161, Valid Loss: 0.00198, EPS: 0.532
Epoch: 52, Train Loss: 0.00160, Valid Loss: 0.00198, EPS: 0.523
Epoch: 53, Train Loss: 0.00160, Valid Loss: 0.00198, EPS: 0.514
Epoch: 54, Train Loss: 0.00159, Valid Loss: 0.00197, EPS: 0.505
Epoch: 55, Train Loss: 0.00159, Valid Loss: 0.00197, EPS: 0.496
Epoch: 56, Train Loss: 0.00159, Valid Loss: 0.00197, EPS: 0.4870000000000001
Epoch: 57, Train Loss: 0.00158, Valid Loss: 0.00197, EPS: 0.4780000000000001
Epoch: 58, Train Loss: 0.00158, Valid Loss: 0.00197, EPS: 0.4690000000000001
Epoch: 59, Train Loss: 0.00158, Valid Loss: 0.00197, EPS: 0.4600000000000001
Epoch: 60, Train Loss: 0.00158, Valid Loss: 0.00197, EPS: 0.45100000000000007
Epoch: 61, Train Loss: 0.00158, Valid Loss: 0.00196, EPS: 0.44200000000000006
Epoch: 62, Train Loss: 0.00157, Valid Loss: 0.00197, EPS: 0.43300000000000005
Epoch: 63, Train Loss: 0.00157, Valid Loss: 0.00196, EPS: 0.42400000000000004
Epoch: 64, Train Loss: 0.00157, Valid Loss: 0.00197, EPS: 0.41500000000000004
Epoch: 65, Train Loss: 0.00157, Valid Loss: 0.00196, EPS: 0.406
Epoch: 66, Train Loss: 0.00157, Valid Loss: 0.00197, EPS: 0.397
Epoch: 67, Train Loss: 0.00157, Valid Loss: 0.00196, EPS: 0.388
Epoch: 68, Train Loss: 0.00157, Valid Loss: 0.00196, EPS: 0.3790000000000001
Epoch: 69, Train Loss: 0.00156, Valid Loss: 0.00196, EPS: 0.3700000000000001
Epoch: 70, Train Loss: 0.00156, Valid Loss: 0.00196, EPS: 0.3610000000000001
Epoch: 71, Train Loss: 0.00156, Valid Loss: 0.00196, EPS: 0.3520000000000001
Epoch: 72, Train Loss: 0.00156, Valid Loss: 0.00196, EPS: 0.343
Epoch: 73, Train Loss: 0.00156, Valid Loss: 0.00196, EPS: 0.334
Epoch: 74, Train Loss: 0.00155, Valid Loss: 0.00196, EPS: 0.325
Epoch: 75, Train Loss: 0.00155, Valid Loss: 0.00195, EPS: 0.316
Epoch: 76, Train Loss: 0.00154, Valid Loss: 0.00195, EPS: 0.307
Epoch: 77, Train Loss: 0.00153, Valid Loss: 0.00195, EPS: 0.298
Epoch: 78, Train Loss: 0.00152, Valid Loss: 0.00195, EPS: 0.289
Epoch: 79, Train Loss: 0.00151, Valid Loss: 0.00195, EPS: 0.27999999999999997
Epoch: 80, Train Loss: 0.00150, Valid Loss: 0.00195, EPS: 0.27099999999999996
Epoch: 81, Train Loss: 0.00150, Valid Loss: 0.00194, EPS: 0.26200000000000007
Epoch: 82, Train Loss: 0.00149, Valid Loss: 0.00194, EPS: 0.25300000000000006
Epoch: 83, Train Loss: 0.00149, Valid Loss: 0.00194, EPS: 0.24400000000000005
Epoch: 84, Train Loss: 0.00149, Valid Loss: 0.00194, EPS: 0.23500000000000004
Epoch: 85, Train Loss: 0.00149, Valid Loss: 0.00194, EPS: 0.22600000000000003
Epoch: 86, Train Loss: 0.00148, Valid Loss: 0.00193, EPS: 0.21700000000000003
Epoch: 87, Train Loss: 0.00148, Valid Loss: 0.00193, EPS: 0.20800000000000002
Epoch: 88, Train Loss: 0.00148, Valid Loss: 0.00194, EPS: 0.199
Epoch: 89, Train Loss: 0.00148, Valid Loss: 0.00193, EPS: 0.19
Epoch: 90, Train Loss: 0.00148, Valid Loss: 0.00194, EPS: 0.181
Epoch: 91, Train Loss: 0.00147, Valid Loss: 0.00194, EPS: 0.172
Epoch: 92, Train Loss: 0.00147, Valid Loss: 0.00193, EPS: 0.16299999999999998
Epoch: 93, Train Loss: 0.00147, Valid Loss: 0.00194, EPS: 0.15400000000000005
Epoch: 94, Train Loss: 0.00147, Valid Loss: 0.00195, EPS: 0.14500000000000005
Epoch: 95, Train Loss: 0.00147, Valid Loss: 0.00194, EPS: 0.13600000000000004
Epoch: 96, Train Loss: 0.00147, Valid Loss: 0.00194, EPS: 0.12700000000000003
Epoch: 97, Train Loss: 0.00147, Valid Loss: 0.00194, EPS: 0.11800000000000002
Epoch: 98, Train Loss: 0.00143, Valid Loss: 0.00193, EPS: 0.10900000000000001
Epoch: 99, Train Loss: 0.00143, Valid Loss: 0.00193, EPS: 0.1
Test Loss: 0.00193
Test Loss: 0.00192
Running context window: 5 with stride: 10 with seed: 0
torch.Size([2806, 5, 64, 32])
torch.Size([935, 5, 64, 32])
torch.Size([937, 5, 64, 32])
Shape: (5, 144, 72)
Epoch: 0, Train Loss: 0.00511, Valid Loss: 0.00383, EPS: 0.991
Epoch: 1, Train Loss: 0.00326, Valid Loss: 0.00302, EPS: 0.982
Epoch: 2, Train Loss: 0.00275, Valid Loss: 0.00276, EPS: 0.973
Epoch: 3, Train Loss: 0.00241, Valid Loss: 0.00258, EPS: 0.964
Epoch: 4, Train Loss: 0.00219, Valid Loss: 0.00245, EPS: 0.955
Epoch: 5, Train Loss: 0.00204, Valid Loss: 0.00237, EPS: 0.946
Epoch: 6, Train Loss: 0.00194, Valid Loss: 0.00230, EPS: 0.9369999999999999
Epoch: 7, Train Loss: 0.00186, Valid Loss: 0.00226, EPS: 0.928
Epoch: 8, Train Loss: 0.00179, Valid Loss: 0.00223, EPS: 0.919
Epoch: 9, Train Loss: 0.00176, Valid Loss: 0.00221, EPS: 0.91
Epoch: 10, Train Loss: 0.00174, Valid Loss: 0.00220, EPS: 0.901
Epoch: 11, Train Loss: 0.00172, Valid Loss: 0.00219, EPS: 0.892
Epoch: 12, Train Loss: 0.00171, Valid Loss: 0.00219, EPS: 0.883
Epoch: 13, Train Loss: 0.00169, Valid Loss: 0.00218, EPS: 0.874
Epoch: 14, Train Loss: 0.00167, Valid Loss: 0.00216, EPS: 0.865
Epoch: 15, Train Loss: 0.00167, Valid Loss: 0.00218, EPS: 0.856
Epoch: 16, Train Loss: 0.00166, Valid Loss: 0.00216, EPS: 0.847
Epoch: 17, Train Loss: 0.00164, Valid Loss: 0.00217, EPS: 0.8380000000000001
Epoch: 18, Train Loss: 0.00164, Valid Loss: 0.00214, EPS: 0.8290000000000001
Epoch: 19, Train Loss: 0.00163, Valid Loss: 0.00216, EPS: 0.8200000000000001
Epoch: 20, Train Loss: 0.00165, Valid Loss: 0.00215, EPS: 0.811
Epoch: 21, Train Loss: 0.00165, Valid Loss: 0.00217, EPS: 0.802
Epoch: 22, Train Loss: 0.00161, Valid Loss: 0.00216, EPS: 0.793
Epoch: 23, Train Loss: 0.00162, Valid Loss: 0.00214, EPS: 0.784
Epoch: 24, Train Loss: 0.00162, Valid Loss: 0.00217, EPS: 0.775
Epoch: 25, Train Loss: 0.00162, Valid Loss: 0.00215, EPS: 0.766
Epoch: 26, Train Loss: 0.00162, Valid Loss: 0.00215, EPS: 0.757
Epoch: 27, Train Loss: 0.00160, Valid Loss: 0.00216, EPS: 0.748
Epoch: 28, Train Loss: 0.00161, Valid Loss: 0.00213, EPS: 0.739
Epoch: 29, Train Loss: 0.00158, Valid Loss: 0.00214, EPS: 0.73
Epoch: 30, Train Loss: 0.00160, Valid Loss: 0.00215, EPS: 0.721
Epoch: 31, Train Loss: 0.00159, Valid Loss: 0.00214, EPS: 0.712
Epoch: 32, Train Loss: 0.00160, Valid Loss: 0.00215, EPS: 0.703
Epoch: 33, Train Loss: 0.00159, Valid Loss: 0.00213, EPS: 0.694
Epoch: 34, Train Loss: 0.00160, Valid Loss: 0.00214, EPS: 0.685
Epoch: 35, Train Loss: 0.00158, Valid Loss: 0.00215, EPS: 0.676
Epoch: 36, Train Loss: 0.00160, Valid Loss: 0.00212, EPS: 0.667
Epoch: 37, Train Loss: 0.00157, Valid Loss: 0.00214, EPS: 0.658
Epoch: 38, Train Loss: 0.00158, Valid Loss: 0.00214, EPS: 0.649
Epoch: 39, Train Loss: 0.00157, Valid Loss: 0.00214, EPS: 0.64
Epoch: 40, Train Loss: 0.00159, Valid Loss: 0.00213, EPS: 0.6310000000000001
Epoch: 41, Train Loss: 0.00158, Valid Loss: 0.00214, EPS: 0.6220000000000001
Epoch: 42, Train Loss: 0.00156, Valid Loss: 0.00214, EPS: 0.6130000000000001
Epoch: 43, Train Loss: 0.00157, Valid Loss: 0.00213, EPS: 0.6040000000000001
Epoch: 44, Train Loss: 0.00158, Valid Loss: 0.00212, EPS: 0.5950000000000001
Epoch: 45, Train Loss: 0.00156, Valid Loss: 0.00215, EPS: 0.5860000000000001
Epoch: 46, Train Loss: 0.00156, Valid Loss: 0.00214, EPS: 0.5770000000000001
Epoch: 47, Train Loss: 0.00156, Valid Loss: 0.00215, EPS: 0.5680000000000001
Epoch: 48, Train Loss: 0.00148, Valid Loss: 0.00211, EPS: 0.559
Epoch: 49, Train Loss: 0.00142, Valid Loss: 0.00207, EPS: 0.55
Epoch: 50, Train Loss: 0.00138, Valid Loss: 0.00206, EPS: 0.541
Epoch: 51, Train Loss: 0.00138, Valid Loss: 0.00205, EPS: 0.532
Epoch: 52, Train Loss: 0.00136, Valid Loss: 0.00203, EPS: 0.523
Epoch: 53, Train Loss: 0.00134, Valid Loss: 0.00204, EPS: 0.514
Epoch: 54, Train Loss: 0.00134, Valid Loss: 0.00203, EPS: 0.505
Epoch: 55, Train Loss: 0.00133, Valid Loss: 0.00202, EPS: 0.496
Epoch: 56, Train Loss: 0.00133, Valid Loss: 0.00202, EPS: 0.4870000000000001
Epoch: 57, Train Loss: 0.00132, Valid Loss: 0.00202, EPS: 0.4780000000000001
Epoch: 58, Train Loss: 0.00132, Valid Loss: 0.00202, EPS: 0.4690000000000001
Epoch: 59, Train Loss: 0.00132, Valid Loss: 0.00202, EPS: 0.4600000000000001
Epoch: 60, Train Loss: 0.00131, Valid Loss: 0.00202, EPS: 0.45100000000000007
Epoch: 61, Train Loss: 0.00130, Valid Loss: 0.00203, EPS: 0.44200000000000006
Epoch: 62, Train Loss: 0.00130, Valid Loss: 0.00202, EPS: 0.43300000000000005
Epoch: 63, Train Loss: 0.00130, Valid Loss: 0.00203, EPS: 0.42400000000000004
Epoch: 64, Train Loss: 0.00130, Valid Loss: 0.00202, EPS: 0.41500000000000004
Epoch: 65, Train Loss: 0.00129, Valid Loss: 0.00202, EPS: 0.406
Epoch: 66, Train Loss: 0.00129, Valid Loss: 0.00202, EPS: 0.397
Epoch: 67, Train Loss: 0.00129, Valid Loss: 0.00202, EPS: 0.388
Epoch: 68, Train Loss: 0.00129, Valid Loss: 0.00202, EPS: 0.3790000000000001
Epoch: 69, Train Loss: 0.00128, Valid Loss: 0.00201, EPS: 0.3700000000000001
Epoch: 70, Train Loss: 0.00128, Valid Loss: 0.00201, EPS: 0.3610000000000001
Epoch: 71, Train Loss: 0.00128, Valid Loss: 0.00202, EPS: 0.3520000000000001
Epoch: 72, Train Loss: 0.00127, Valid Loss: 0.00202, EPS: 0.343
Epoch: 73, Train Loss: 0.00128, Valid Loss: 0.00202, EPS: 0.334
Epoch: 74, Train Loss: 0.00128, Valid Loss: 0.00201, EPS: 0.325
Epoch: 75, Train Loss: 0.00127, Valid Loss: 0.00202, EPS: 0.316
Epoch: 76, Train Loss: 0.00127, Valid Loss: 0.00201, EPS: 0.307
Epoch: 77, Train Loss: 0.00127, Valid Loss: 0.00202, EPS: 0.298
Epoch: 78, Train Loss: 0.00128, Valid Loss: 0.00202, EPS: 0.289
Epoch: 79, Train Loss: 0.00127, Valid Loss: 0.00202, EPS: 0.27999999999999997
Epoch: 80, Train Loss: 0.00127, Valid Loss: 0.00202, EPS: 0.27099999999999996
Epoch: 81, Train Loss: 0.00127, Valid Loss: 0.00202, EPS: 0.26200000000000007
Epoch: 82, Train Loss: 0.00127, Valid Loss: 0.00202, EPS: 0.25300000000000006
Epoch: 83, Train Loss: 0.00127, Valid Loss: 0.00202, EPS: 0.24400000000000005
Epoch: 84, Train Loss: 0.00127, Valid Loss: 0.00202, EPS: 0.23500000000000004
Epoch: 85, Train Loss: 0.00126, Valid Loss: 0.00201, EPS: 0.22600000000000003
Epoch: 86, Train Loss: 0.00127, Valid Loss: 0.00202, EPS: 0.21700000000000003
Epoch: 87, Train Loss: 0.00126, Valid Loss: 0.00201, EPS: 0.20800000000000002
Epoch: 88, Train Loss: 0.00126, Valid Loss: 0.00201, EPS: 0.199
Epoch: 89, Train Loss: 0.00127, Valid Loss: 0.00201, EPS: 0.19
Epoch: 90, Train Loss: 0.00127, Valid Loss: 0.00202, EPS: 0.181
Epoch: 91, Train Loss: 0.00126, Valid Loss: 0.00201, EPS: 0.172
Epoch: 92, Train Loss: 0.00127, Valid Loss: 0.00201, EPS: 0.16299999999999998
Epoch: 93, Train Loss: 0.00126, Valid Loss: 0.00201, EPS: 0.15400000000000005
Epoch: 94, Train Loss: 0.00127, Valid Loss: 0.00201, EPS: 0.14500000000000005
Epoch: 95, Train Loss: 0.00126, Valid Loss: 0.00202, EPS: 0.13600000000000004
Epoch: 96, Train Loss: 0.00127, Valid Loss: 0.00202, EPS: 0.12700000000000003
Epoch: 97, Train Loss: 0.00126, Valid Loss: 0.00202, EPS: 0.11800000000000002
Epoch: 98, Train Loss: 0.00126, Valid Loss: 0.00201, EPS: 0.10900000000000001
Epoch: 99, Train Loss: 0.00126, Valid Loss: 0.00202, EPS: 0.1
Test Loss: 0.00202
Test Loss: 0.00202
Running context window: 5 with stride: 5 with seed: 42
torch.Size([2806, 5, 64, 32])
torch.Size([935, 5, 64, 32])
torch.Size([937, 5, 64, 32])
Shape: (5, 144, 72)
Epoch: 0, Train Loss: 0.00426, Valid Loss: 0.00298, EPS: 0.991
Epoch: 1, Train Loss: 0.00269, Valid Loss: 0.00259, EPS: 0.982
Epoch: 2, Train Loss: 0.00232, Valid Loss: 0.00235, EPS: 0.973
Epoch: 3, Train Loss: 0.00212, Valid Loss: 0.00225, EPS: 0.964
Epoch: 4, Train Loss: 0.00204, Valid Loss: 0.00220, EPS: 0.955
Epoch: 5, Train Loss: 0.00199, Valid Loss: 0.00219, EPS: 0.946
Epoch: 6, Train Loss: 0.00197, Valid Loss: 0.00218, EPS: 0.9369999999999999
Epoch: 7, Train Loss: 0.00196, Valid Loss: 0.00218, EPS: 0.928
Epoch: 8, Train Loss: 0.00195, Valid Loss: 0.00216, EPS: 0.919
Epoch: 9, Train Loss: 0.00194, Valid Loss: 0.00216, EPS: 0.91
Epoch: 10, Train Loss: 0.00193, Valid Loss: 0.00213, EPS: 0.901
Epoch: 11, Train Loss: 0.00193, Valid Loss: 0.00214, EPS: 0.892
Epoch: 12, Train Loss: 0.00193, Valid Loss: 0.00214, EPS: 0.883
Epoch: 13, Train Loss: 0.00191, Valid Loss: 0.00214, EPS: 0.874
Epoch: 14, Train Loss: 0.00192, Valid Loss: 0.00213, EPS: 0.865
Epoch: 15, Train Loss: 0.00191, Valid Loss: 0.00214, EPS: 0.856
Epoch: 16, Train Loss: 0.00190, Valid Loss: 0.00214, EPS: 0.847
Epoch: 17, Train Loss: 0.00191, Valid Loss: 0.00214, EPS: 0.8380000000000001
Epoch: 18, Train Loss: 0.00189, Valid Loss: 0.00211, EPS: 0.8290000000000001
Epoch: 19, Train Loss: 0.00187, Valid Loss: 0.00210, EPS: 0.8200000000000001
Epoch: 20, Train Loss: 0.00187, Valid Loss: 0.00212, EPS: 0.811
Epoch: 21, Train Loss: 0.00186, Valid Loss: 0.00209, EPS: 0.802
Epoch: 22, Train Loss: 0.00186, Valid Loss: 0.00210, EPS: 0.793
Epoch: 23, Train Loss: 0.00186, Valid Loss: 0.00211, EPS: 0.784
Epoch: 24, Train Loss: 0.00186, Valid Loss: 0.00210, EPS: 0.775
Epoch: 25, Train Loss: 0.00186, Valid Loss: 0.00211, EPS: 0.766
Epoch: 26, Train Loss: 0.00186, Valid Loss: 0.00210, EPS: 0.757
Epoch: 27, Train Loss: 0.00185, Valid Loss: 0.00211, EPS: 0.748
Epoch: 28, Train Loss: 0.00185, Valid Loss: 0.00210, EPS: 0.739
Epoch: 29, Train Loss: 0.00185, Valid Loss: 0.00210, EPS: 0.73
Epoch: 30, Train Loss: 0.00186, Valid Loss: 0.00211, EPS: 0.721
Epoch: 31, Train Loss: 0.00186, Valid Loss: 0.00210, EPS: 0.712
Epoch: 32, Train Loss: 0.00185, Valid Loss: 0.00209, EPS: 0.703
Epoch: 33, Train Loss: 0.00184, Valid Loss: 0.00208, EPS: 0.694
Epoch: 34, Train Loss: 0.00185, Valid Loss: 0.00211, EPS: 0.685
Epoch: 35, Train Loss: 0.00185, Valid Loss: 0.00212, EPS: 0.676
Epoch: 36, Train Loss: 0.00185, Valid Loss: 0.00209, EPS: 0.667
Epoch: 37, Train Loss: 0.00184, Valid Loss: 0.00210, EPS: 0.658
Epoch: 38, Train Loss: 0.00185, Valid Loss: 0.00211, EPS: 0.649
Epoch: 39, Train Loss: 0.00184, Valid Loss: 0.00211, EPS: 0.64
Epoch: 40, Train Loss: 0.00185, Valid Loss: 0.00209, EPS: 0.6310000000000001
Epoch: 41, Train Loss: 0.00185, Valid Loss: 0.00210, EPS: 0.6220000000000001
Epoch: 42, Train Loss: 0.00185, Valid Loss: 0.00210, EPS: 0.6130000000000001
Epoch: 43, Train Loss: 0.00185, Valid Loss: 0.00209, EPS: 0.6040000000000001
Epoch: 44, Train Loss: 0.00184, Valid Loss: 0.00209, EPS: 0.5950000000000001
Epoch: 45, Train Loss: 0.00172, Valid Loss: 0.00204, EPS: 0.5860000000000001
Epoch: 46, Train Loss: 0.00167, Valid Loss: 0.00201, EPS: 0.5770000000000001
Epoch: 47, Train Loss: 0.00164, Valid Loss: 0.00200, EPS: 0.5680000000000001
Epoch: 48, Train Loss: 0.00162, Valid Loss: 0.00199, EPS: 0.559
Epoch: 49, Train Loss: 0.00161, Valid Loss: 0.00198, EPS: 0.55
Epoch: 50, Train Loss: 0.00161, Valid Loss: 0.00198, EPS: 0.541
Epoch: 51, Train Loss: 0.00160, Valid Loss: 0.00199, EPS: 0.532
Epoch: 52, Train Loss: 0.00160, Valid Loss: 0.00198, EPS: 0.523
Epoch: 53, Train Loss: 0.00159, Valid Loss: 0.00198, EPS: 0.514
Epoch: 54, Train Loss: 0.00159, Valid Loss: 0.00198, EPS: 0.505
Epoch: 55, Train Loss: 0.00159, Valid Loss: 0.00198, EPS: 0.496
Epoch: 56, Train Loss: 0.00159, Valid Loss: 0.00197, EPS: 0.4870000000000001
Epoch: 57, Train Loss: 0.00159, Valid Loss: 0.00198, EPS: 0.4780000000000001
Epoch: 58, Train Loss: 0.00159, Valid Loss: 0.00198, EPS: 0.4690000000000001
Epoch: 59, Train Loss: 0.00159, Valid Loss: 0.00198, EPS: 0.4600000000000001
Epoch: 60, Train Loss: 0.00158, Valid Loss: 0.00197, EPS: 0.45100000000000007
Epoch: 61, Train Loss: 0.00158, Valid Loss: 0.00198, EPS: 0.44200000000000006
Epoch: 62, Train Loss: 0.00158, Valid Loss: 0.00197, EPS: 0.43300000000000005
Epoch: 63, Train Loss: 0.00158, Valid Loss: 0.00197, EPS: 0.42400000000000004
Epoch: 64, Train Loss: 0.00158, Valid Loss: 0.00197, EPS: 0.41500000000000004
Epoch: 65, Train Loss: 0.00158, Valid Loss: 0.00197, EPS: 0.406
Epoch: 66, Train Loss: 0.00158, Valid Loss: 0.00198, EPS: 0.397
Epoch: 67, Train Loss: 0.00158, Valid Loss: 0.00197, EPS: 0.388
Epoch: 68, Train Loss: 0.00158, Valid Loss: 0.00197, EPS: 0.3790000000000001
Epoch: 69, Train Loss: 0.00158, Valid Loss: 0.00197, EPS: 0.3700000000000001
Epoch: 70, Train Loss: 0.00157, Valid Loss: 0.00197, EPS: 0.3610000000000001
Epoch: 71, Train Loss: 0.00157, Valid Loss: 0.00197, EPS: 0.3520000000000001
Epoch: 72, Train Loss: 0.00155, Valid Loss: 0.00197, EPS: 0.343
Epoch: 73, Train Loss: 0.00155, Valid Loss: 0.00196, EPS: 0.334
Epoch: 74, Train Loss: 0.00155, Valid Loss: 0.00197, EPS: 0.325
Epoch: 75, Train Loss: 0.00155, Valid Loss: 0.00197, EPS: 0.316
Epoch: 76, Train Loss: 0.00155, Valid Loss: 0.00196, EPS: 0.307
Epoch: 77, Train Loss: 0.00155, Valid Loss: 0.00196, EPS: 0.298
Epoch: 78, Train Loss: 0.00155, Valid Loss: 0.00197, EPS: 0.289
Epoch: 79, Train Loss: 0.00155, Valid Loss: 0.00196, EPS: 0.27999999999999997
Epoch: 80, Train Loss: 0.00155, Valid Loss: 0.00196, EPS: 0.27099999999999996
Epoch: 81, Train Loss: 0.00154, Valid Loss: 0.00196, EPS: 0.26200000000000007
Epoch: 82, Train Loss: 0.00154, Valid Loss: 0.00196, EPS: 0.25300000000000006
Epoch: 83, Train Loss: 0.00154, Valid Loss: 0.00196, EPS: 0.24400000000000005
Epoch: 84, Train Loss: 0.00154, Valid Loss: 0.00196, EPS: 0.23500000000000004
Epoch: 85, Train Loss: 0.00154, Valid Loss: 0.00196, EPS: 0.22600000000000003
Epoch: 86, Train Loss: 0.00154, Valid Loss: 0.00196, EPS: 0.21700000000000003
Epoch: 87, Train Loss: 0.00154, Valid Loss: 0.00196, EPS: 0.20800000000000002
Epoch: 88, Train Loss: 0.00154, Valid Loss: 0.00196, EPS: 0.199
Epoch: 89, Train Loss: 0.00153, Valid Loss: 0.00196, EPS: 0.19
Epoch: 90, Train Loss: 0.00153, Valid Loss: 0.00196, EPS: 0.181
Epoch: 91, Train Loss: 0.00153, Valid Loss: 0.00196, EPS: 0.172
Epoch: 92, Train Loss: 0.00153, Valid Loss: 0.00195, EPS: 0.16299999999999998
Epoch: 93, Train Loss: 0.00153, Valid Loss: 0.00195, EPS: 0.15400000000000005
Epoch: 94, Train Loss: 0.00153, Valid Loss: 0.00195, EPS: 0.14500000000000005
Epoch: 95, Train Loss: 0.00153, Valid Loss: 0.00196, EPS: 0.13600000000000004
Epoch: 96, Train Loss: 0.00152, Valid Loss: 0.00195, EPS: 0.12700000000000003
Epoch: 97, Train Loss: 0.00152, Valid Loss: 0.00195, EPS: 0.11800000000000002
Epoch: 98, Train Loss: 0.00152, Valid Loss: 0.00195, EPS: 0.10900000000000001
Epoch: 99, Train Loss: 0.00152, Valid Loss: 0.00195, EPS: 0.1
Test Loss: 0.00195
Test Loss: 0.00195
Running context window: 5 with stride: 10 with seed: 42
torch.Size([2806, 5, 64, 32])
torch.Size([935, 5, 64, 32])
torch.Size([937, 5, 64, 32])
Shape: (5, 144, 72)
Epoch: 0, Train Loss: 0.00530, Valid Loss: 0.00365, EPS: 0.991
Epoch: 1, Train Loss: 0.00328, Valid Loss: 0.00303, EPS: 0.982
Epoch: 2, Train Loss: 0.00274, Valid Loss: 0.00278, EPS: 0.973
Epoch: 3, Train Loss: 0.00241, Valid Loss: 0.00259, EPS: 0.964
Epoch: 4, Train Loss: 0.00221, Valid Loss: 0.00246, EPS: 0.955
Epoch: 5, Train Loss: 0.00205, Valid Loss: 0.00236, EPS: 0.946
Epoch: 6, Train Loss: 0.00193, Valid Loss: 0.00231, EPS: 0.9369999999999999
Epoch: 7, Train Loss: 0.00187, Valid Loss: 0.00227, EPS: 0.928
Epoch: 8, Train Loss: 0.00181, Valid Loss: 0.00225, EPS: 0.919
Epoch: 9, Train Loss: 0.00178, Valid Loss: 0.00224, EPS: 0.91
Epoch: 10, Train Loss: 0.00175, Valid Loss: 0.00220, EPS: 0.901
Epoch: 11, Train Loss: 0.00171, Valid Loss: 0.00219, EPS: 0.892
Epoch: 12, Train Loss: 0.00170, Valid Loss: 0.00218, EPS: 0.883
Epoch: 13, Train Loss: 0.00168, Valid Loss: 0.00218, EPS: 0.874
Epoch: 14, Train Loss: 0.00165, Valid Loss: 0.00217, EPS: 0.865
Epoch: 15, Train Loss: 0.00165, Valid Loss: 0.00218, EPS: 0.856
Epoch: 16, Train Loss: 0.00167, Valid Loss: 0.00217, EPS: 0.847
Epoch: 17, Train Loss: 0.00165, Valid Loss: 0.00218, EPS: 0.8380000000000001
Epoch: 18, Train Loss: 0.00166, Valid Loss: 0.00217, EPS: 0.8290000000000001
Epoch: 19, Train Loss: 0.00166, Valid Loss: 0.00218, EPS: 0.8200000000000001
Epoch: 20, Train Loss: 0.00166, Valid Loss: 0.00217, EPS: 0.811
Epoch: 21, Train Loss: 0.00165, Valid Loss: 0.00216, EPS: 0.802
Epoch: 22, Train Loss: 0.00165, Valid Loss: 0.00218, EPS: 0.793
Epoch: 23, Train Loss: 0.00163, Valid Loss: 0.00215, EPS: 0.784
Epoch: 24, Train Loss: 0.00162, Valid Loss: 0.00216, EPS: 0.775
Epoch: 25, Train Loss: 0.00163, Valid Loss: 0.00217, EPS: 0.766
Epoch: 26, Train Loss: 0.00162, Valid Loss: 0.00216, EPS: 0.757
Epoch: 27, Train Loss: 0.00161, Valid Loss: 0.00216, EPS: 0.748
Epoch: 28, Train Loss: 0.00162, Valid Loss: 0.00215, EPS: 0.739
Epoch: 29, Train Loss: 0.00162, Valid Loss: 0.00217, EPS: 0.73
Epoch: 30, Train Loss: 0.00161, Valid Loss: 0.00214, EPS: 0.721
Epoch: 31, Train Loss: 0.00161, Valid Loss: 0.00215, EPS: 0.712
Epoch: 32, Train Loss: 0.00160, Valid Loss: 0.00216, EPS: 0.703
Epoch: 33, Train Loss: 0.00161, Valid Loss: 0.00216, EPS: 0.694
Epoch: 34, Train Loss: 0.00160, Valid Loss: 0.00215, EPS: 0.685
Epoch: 35, Train Loss: 0.00160, Valid Loss: 0.00214, EPS: 0.676
Epoch: 36, Train Loss: 0.00158, Valid Loss: 0.00214, EPS: 0.667
Epoch: 37, Train Loss: 0.00157, Valid Loss: 0.00214, EPS: 0.658
Epoch: 38, Train Loss: 0.00158, Valid Loss: 0.00214, EPS: 0.649
Epoch: 39, Train Loss: 0.00156, Valid Loss: 0.00213, EPS: 0.64
Epoch: 40, Train Loss: 0.00156, Valid Loss: 0.00212, EPS: 0.6310000000000001
Epoch: 41, Train Loss: 0.00154, Valid Loss: 0.00212, EPS: 0.6220000000000001
Epoch: 42, Train Loss: 0.00157, Valid Loss: 0.00213, EPS: 0.6130000000000001
Epoch: 43, Train Loss: 0.00157, Valid Loss: 0.00213, EPS: 0.6040000000000001
Epoch: 44, Train Loss: 0.00156, Valid Loss: 0.00212, EPS: 0.5950000000000001
Epoch: 45, Train Loss: 0.00155, Valid Loss: 0.00212, EPS: 0.5860000000000001
Epoch: 46, Train Loss: 0.00154, Valid Loss: 0.00212, EPS: 0.5770000000000001
Epoch: 47, Train Loss: 0.00154, Valid Loss: 0.00214, EPS: 0.5680000000000001
Epoch: 48, Train Loss: 0.00156, Valid Loss: 0.00214, EPS: 0.559
Epoch: 49, Train Loss: 0.00155, Valid Loss: 0.00214, EPS: 0.55
Epoch: 50, Train Loss: 0.00155, Valid Loss: 0.00213, EPS: 0.541
Epoch: 51, Train Loss: 0.00156, Valid Loss: 0.00214, EPS: 0.532
Epoch: 52, Train Loss: 0.00156, Valid Loss: 0.00213, EPS: 0.523
Epoch: 53, Train Loss: 0.00155, Valid Loss: 0.00212, EPS: 0.514
Epoch: 54, Train Loss: 0.00157, Valid Loss: 0.00212, EPS: 0.505
Epoch: 55, Train Loss: 0.00156, Valid Loss: 0.00213, EPS: 0.496
Epoch: 56, Train Loss: 0.00154, Valid Loss: 0.00214, EPS: 0.4870000000000001
Epoch: 57, Train Loss: 0.00156, Valid Loss: 0.00212, EPS: 0.4780000000000001
Epoch: 58, Train Loss: 0.00147, Valid Loss: 0.00211, EPS: 0.4690000000000001
Epoch: 59, Train Loss: 0.00142, Valid Loss: 0.00207, EPS: 0.4600000000000001
Epoch: 60, Train Loss: 0.00139, Valid Loss: 0.00206, EPS: 0.45100000000000007
Epoch: 61, Train Loss: 0.00137, Valid Loss: 0.00204, EPS: 0.44200000000000006
Epoch: 62, Train Loss: 0.00136, Valid Loss: 0.00204, EPS: 0.43300000000000005
Epoch: 63, Train Loss: 0.00135, Valid Loss: 0.00203, EPS: 0.42400000000000004
Epoch: 64, Train Loss: 0.00134, Valid Loss: 0.00203, EPS: 0.41500000000000004
Epoch: 65, Train Loss: 0.00132, Valid Loss: 0.00202, EPS: 0.406
Epoch: 66, Train Loss: 0.00132, Valid Loss: 0.00203, EPS: 0.397
Epoch: 67, Train Loss: 0.00131, Valid Loss: 0.00203, EPS: 0.388
Epoch: 68, Train Loss: 0.00131, Valid Loss: 0.00203, EPS: 0.3790000000000001
Epoch: 69, Train Loss: 0.00132, Valid Loss: 0.00202, EPS: 0.3700000000000001
Epoch: 70, Train Loss: 0.00131, Valid Loss: 0.00202, EPS: 0.3610000000000001
Epoch: 71, Train Loss: 0.00131, Valid Loss: 0.00202, EPS: 0.3520000000000001
Epoch: 72, Train Loss: 0.00130, Valid Loss: 0.00202, EPS: 0.343
Epoch: 73, Train Loss: 0.00130, Valid Loss: 0.00202, EPS: 0.334
Epoch: 74, Train Loss: 0.00130, Valid Loss: 0.00202, EPS: 0.325
Epoch: 75, Train Loss: 0.00130, Valid Loss: 0.00202, EPS: 0.316
Epoch: 76, Train Loss: 0.00129, Valid Loss: 0.00202, EPS: 0.307
Epoch: 77, Train Loss: 0.00129, Valid Loss: 0.00202, EPS: 0.298
Epoch: 78, Train Loss: 0.00128, Valid Loss: 0.00202, EPS: 0.289
Epoch: 79, Train Loss: 0.00129, Valid Loss: 0.00202, EPS: 0.27999999999999997
Epoch: 80, Train Loss: 0.00128, Valid Loss: 0.00202, EPS: 0.27099999999999996
Epoch: 81, Train Loss: 0.00127, Valid Loss: 0.00202, EPS: 0.26200000000000007
Epoch: 82, Train Loss: 0.00128, Valid Loss: 0.00202, EPS: 0.25300000000000006
Epoch: 83, Train Loss: 0.00127, Valid Loss: 0.00202, EPS: 0.24400000000000005
Epoch: 84, Train Loss: 0.00127, Valid Loss: 0.00202, EPS: 0.23500000000000004
Epoch: 85, Train Loss: 0.00126, Valid Loss: 0.00202, EPS: 0.22600000000000003
Epoch: 86, Train Loss: 0.00126, Valid Loss: 0.00202, EPS: 0.21700000000000003
Epoch: 87, Train Loss: 0.00126, Valid Loss: 0.00201, EPS: 0.20800000000000002
Epoch: 88, Train Loss: 0.00126, Valid Loss: 0.00201, EPS: 0.199
Epoch: 89, Train Loss: 0.00125, Valid Loss: 0.00202, EPS: 0.19
Epoch: 90, Train Loss: 0.00125, Valid Loss: 0.00201, EPS: 0.181
Epoch: 91, Train Loss: 0.00124, Valid Loss: 0.00202, EPS: 0.172
Epoch: 92, Train Loss: 0.00123, Valid Loss: 0.00202, EPS: 0.16299999999999998
Epoch: 93, Train Loss: 0.00122, Valid Loss: 0.00202, EPS: 0.15400000000000005
Epoch: 94, Train Loss: 0.00121, Valid Loss: 0.00202, EPS: 0.14500000000000005
Epoch: 95, Train Loss: 0.00121, Valid Loss: 0.00202, EPS: 0.13600000000000004
Epoch: 96, Train Loss: 0.00120, Valid Loss: 0.00203, EPS: 0.12700000000000003
Epoch: 97, Train Loss: 0.00120, Valid Loss: 0.00203, EPS: 0.11800000000000002
Epoch: 98, Train Loss: 0.00120, Valid Loss: 0.00203, EPS: 0.10900000000000001
Epoch: 99, Train Loss: 0.00118, Valid Loss: 0.00203, EPS: 0.1
Test Loss: 0.00203
Test Loss: 0.00205
Running context window: 5 with stride: 5 with seed: 123
torch.Size([2806, 5, 64, 32])
torch.Size([935, 5, 64, 32])
torch.Size([937, 5, 64, 32])
Shape: (5, 144, 72)
Epoch: 0, Train Loss: 0.00448, Valid Loss: 0.00302, EPS: 0.991
Epoch: 1, Train Loss: 0.00278, Valid Loss: 0.00264, EPS: 0.982
Epoch: 2, Train Loss: 0.00239, Valid Loss: 0.00243, EPS: 0.973
Epoch: 3, Train Loss: 0.00217, Valid Loss: 0.00228, EPS: 0.964
Epoch: 4, Train Loss: 0.00206, Valid Loss: 0.00223, EPS: 0.955
Epoch: 5, Train Loss: 0.00200, Valid Loss: 0.00220, EPS: 0.946
Epoch: 6, Train Loss: 0.00197, Valid Loss: 0.00218, EPS: 0.9369999999999999
Epoch: 7, Train Loss: 0.00195, Valid Loss: 0.00215, EPS: 0.928
Epoch: 8, Train Loss: 0.00193, Valid Loss: 0.00215, EPS: 0.919
Epoch: 9, Train Loss: 0.00193, Valid Loss: 0.00214, EPS: 0.91
Epoch: 10, Train Loss: 0.00192, Valid Loss: 0.00214, EPS: 0.901
Epoch: 11, Train Loss: 0.00192, Valid Loss: 0.00213, EPS: 0.892
Epoch: 12, Train Loss: 0.00192, Valid Loss: 0.00214, EPS: 0.883
Epoch: 13, Train Loss: 0.00191, Valid Loss: 0.00213, EPS: 0.874
Epoch: 14, Train Loss: 0.00191, Valid Loss: 0.00215, EPS: 0.865
Epoch: 15, Train Loss: 0.00189, Valid Loss: 0.00212, EPS: 0.856
Epoch: 16, Train Loss: 0.00189, Valid Loss: 0.00212, EPS: 0.847
Epoch: 17, Train Loss: 0.00188, Valid Loss: 0.00212, EPS: 0.8380000000000001
Epoch: 18, Train Loss: 0.00188, Valid Loss: 0.00211, EPS: 0.8290000000000001
Epoch: 19, Train Loss: 0.00188, Valid Loss: 0.00211, EPS: 0.8200000000000001
Epoch: 20, Train Loss: 0.00188, Valid Loss: 0.00213, EPS: 0.811
Epoch: 21, Train Loss: 0.00187, Valid Loss: 0.00210, EPS: 0.802
Epoch: 22, Train Loss: 0.00188, Valid Loss: 0.00211, EPS: 0.793
Epoch: 23, Train Loss: 0.00188, Valid Loss: 0.00211, EPS: 0.784
Epoch: 24, Train Loss: 0.00186, Valid Loss: 0.00211, EPS: 0.775
Epoch: 25, Train Loss: 0.00187, Valid Loss: 0.00211, EPS: 0.766
Epoch: 26, Train Loss: 0.00186, Valid Loss: 0.00211, EPS: 0.757
Epoch: 27, Train Loss: 0.00187, Valid Loss: 0.00211, EPS: 0.748
Epoch: 28, Train Loss: 0.00186, Valid Loss: 0.00211, EPS: 0.739
Epoch: 29, Train Loss: 0.00185, Valid Loss: 0.00210, EPS: 0.73
Epoch: 30, Train Loss: 0.00185, Valid Loss: 0.00209, EPS: 0.721
Epoch: 31, Train Loss: 0.00185, Valid Loss: 0.00209, EPS: 0.712
Epoch: 32, Train Loss: 0.00185, Valid Loss: 0.00211, EPS: 0.703
Epoch: 33, Train Loss: 0.00185, Valid Loss: 0.00210, EPS: 0.694
Epoch: 34, Train Loss: 0.00185, Valid Loss: 0.00209, EPS: 0.685
Epoch: 35, Train Loss: 0.00184, Valid Loss: 0.00209, EPS: 0.676
Epoch: 36, Train Loss: 0.00185, Valid Loss: 0.00209, EPS: 0.667
Epoch: 37, Train Loss: 0.00185, Valid Loss: 0.00209, EPS: 0.658
Epoch: 38, Train Loss: 0.00185, Valid Loss: 0.00211, EPS: 0.649
Epoch: 39, Train Loss: 0.00184, Valid Loss: 0.00210, EPS: 0.64
Epoch: 40, Train Loss: 0.00184, Valid Loss: 0.00210, EPS: 0.6310000000000001
Epoch: 41, Train Loss: 0.00184, Valid Loss: 0.00210, EPS: 0.6220000000000001
Epoch: 42, Train Loss: 0.00185, Valid Loss: 0.00210, EPS: 0.6130000000000001
Epoch: 43, Train Loss: 0.00173, Valid Loss: 0.00205, EPS: 0.6040000000000001
Epoch: 44, Train Loss: 0.00168, Valid Loss: 0.00202, EPS: 0.5950000000000001
Epoch: 45, Train Loss: 0.00165, Valid Loss: 0.00200, EPS: 0.5860000000000001
Epoch: 46, Train Loss: 0.00163, Valid Loss: 0.00199, EPS: 0.5770000000000001
Epoch: 47, Train Loss: 0.00162, Valid Loss: 0.00198, EPS: 0.5680000000000001
Epoch: 48, Train Loss: 0.00161, Valid Loss: 0.00198, EPS: 0.559
Epoch: 49, Train Loss: 0.00161, Valid Loss: 0.00198, EPS: 0.55
Epoch: 50, Train Loss: 0.00160, Valid Loss: 0.00198, EPS: 0.541
Epoch: 51, Train Loss: 0.00160, Valid Loss: 0.00197, EPS: 0.532
Epoch: 52, Train Loss: 0.00159, Valid Loss: 0.00197, EPS: 0.523
Epoch: 53, Train Loss: 0.00159, Valid Loss: 0.00197, EPS: 0.514
Epoch: 54, Train Loss: 0.00159, Valid Loss: 0.00197, EPS: 0.505
Epoch: 55, Train Loss: 0.00159, Valid Loss: 0.00197, EPS: 0.496
Epoch: 56, Train Loss: 0.00158, Valid Loss: 0.00197, EPS: 0.4870000000000001
Epoch: 57, Train Loss: 0.00158, Valid Loss: 0.00197, EPS: 0.4780000000000001
Epoch: 58, Train Loss: 0.00158, Valid Loss: 0.00197, EPS: 0.4690000000000001
Epoch: 59, Train Loss: 0.00158, Valid Loss: 0.00197, EPS: 0.4600000000000001
Epoch: 60, Train Loss: 0.00158, Valid Loss: 0.00197, EPS: 0.45100000000000007
Epoch: 61, Train Loss: 0.00158, Valid Loss: 0.00197, EPS: 0.44200000000000006
Epoch: 62, Train Loss: 0.00157, Valid Loss: 0.00197, EPS: 0.43300000000000005
Epoch: 63, Train Loss: 0.00158, Valid Loss: 0.00197, EPS: 0.42400000000000004
Epoch: 64, Train Loss: 0.00157, Valid Loss: 0.00196, EPS: 0.41500000000000004
Epoch: 65, Train Loss: 0.00157, Valid Loss: 0.00196, EPS: 0.406
Epoch: 66, Train Loss: 0.00157, Valid Loss: 0.00197, EPS: 0.397
Epoch: 67, Train Loss: 0.00157, Valid Loss: 0.00196, EPS: 0.388
Epoch: 68, Train Loss: 0.00157, Valid Loss: 0.00197, EPS: 0.3790000000000001
Epoch: 69, Train Loss: 0.00157, Valid Loss: 0.00196, EPS: 0.3700000000000001
Epoch: 70, Train Loss: 0.00157, Valid Loss: 0.00197, EPS: 0.3610000000000001
Epoch: 71, Train Loss: 0.00156, Valid Loss: 0.00196, EPS: 0.3520000000000001
Epoch: 72, Train Loss: 0.00156, Valid Loss: 0.00197, EPS: 0.343
Epoch: 73, Train Loss: 0.00156, Valid Loss: 0.00196, EPS: 0.334
Epoch: 74, Train Loss: 0.00156, Valid Loss: 0.00196, EPS: 0.325
Epoch: 75, Train Loss: 0.00155, Valid Loss: 0.00195, EPS: 0.316
Epoch: 76, Train Loss: 0.00154, Valid Loss: 0.00196, EPS: 0.307
Epoch: 77, Train Loss: 0.00154, Valid Loss: 0.00195, EPS: 0.298
Epoch: 78, Train Loss: 0.00153, Valid Loss: 0.00195, EPS: 0.289
Epoch: 79, Train Loss: 0.00152, Valid Loss: 0.00194, EPS: 0.27999999999999997
Epoch: 80, Train Loss: 0.00151, Valid Loss: 0.00194, EPS: 0.27099999999999996
Epoch: 81, Train Loss: 0.00151, Valid Loss: 0.00195, EPS: 0.26200000000000007
Epoch: 82, Train Loss: 0.00151, Valid Loss: 0.00195, EPS: 0.25300000000000006
Epoch: 83, Train Loss: 0.00150, Valid Loss: 0.00195, EPS: 0.24400000000000005
Epoch: 84, Train Loss: 0.00151, Valid Loss: 0.00196, EPS: 0.23500000000000004
Epoch: 85, Train Loss: 0.00150, Valid Loss: 0.00195, EPS: 0.22600000000000003
Epoch: 86, Train Loss: 0.00150, Valid Loss: 0.00194, EPS: 0.21700000000000003
Epoch: 87, Train Loss: 0.00149, Valid Loss: 0.00195, EPS: 0.20800000000000002
Epoch: 88, Train Loss: 0.00149, Valid Loss: 0.00195, EPS: 0.199
Epoch: 89, Train Loss: 0.00148, Valid Loss: 0.00194, EPS: 0.19
Epoch: 90, Train Loss: 0.00148, Valid Loss: 0.00194, EPS: 0.181
Epoch: 91, Train Loss: 0.00148, Valid Loss: 0.00193, EPS: 0.172
Epoch: 92, Train Loss: 0.00148, Valid Loss: 0.00194, EPS: 0.16299999999999998
Epoch: 93, Train Loss: 0.00148, Valid Loss: 0.00194, EPS: 0.15400000000000005
Epoch: 94, Train Loss: 0.00148, Valid Loss: 0.00194, EPS: 0.14500000000000005
Epoch: 95, Train Loss: 0.00148, Valid Loss: 0.00195, EPS: 0.13600000000000004
Epoch: 96, Train Loss: 0.00148, Valid Loss: 0.00194, EPS: 0.12700000000000003
Epoch: 97, Train Loss: 0.00147, Valid Loss: 0.00194, EPS: 0.11800000000000002
Epoch: 98, Train Loss: 0.00147, Valid Loss: 0.00193, EPS: 0.10900000000000001
Epoch: 99, Train Loss: 0.00146, Valid Loss: 0.00194, EPS: 0.1
Test Loss: 0.00194
Test Loss: 0.00193
Running context window: 5 with stride: 10 with seed: 123
torch.Size([2806, 5, 64, 32])
torch.Size([935, 5, 64, 32])
torch.Size([937, 5, 64, 32])
Shape: (5, 144, 72)
Epoch: 0, Train Loss: 0.00511, Valid Loss: 0.00360, EPS: 0.991
Epoch: 1, Train Loss: 0.00326, Valid Loss: 0.00304, EPS: 0.982
Epoch: 2, Train Loss: 0.00274, Valid Loss: 0.00275, EPS: 0.973
Epoch: 3, Train Loss: 0.00240, Valid Loss: 0.00256, EPS: 0.964
Epoch: 4, Train Loss: 0.00218, Valid Loss: 0.00245, EPS: 0.955
Epoch: 5, Train Loss: 0.00204, Valid Loss: 0.00237, EPS: 0.946
Epoch: 6, Train Loss: 0.00194, Valid Loss: 0.00231, EPS: 0.9369999999999999
Epoch: 7, Train Loss: 0.00186, Valid Loss: 0.00228, EPS: 0.928
Epoch: 8, Train Loss: 0.00182, Valid Loss: 0.00224, EPS: 0.919
Epoch: 9, Train Loss: 0.00178, Valid Loss: 0.00223, EPS: 0.91
Epoch: 10, Train Loss: 0.00174, Valid Loss: 0.00220, EPS: 0.901
Epoch: 11, Train Loss: 0.00172, Valid Loss: 0.00220, EPS: 0.892
Epoch: 12, Train Loss: 0.00169, Valid Loss: 0.00218, EPS: 0.883
Epoch: 13, Train Loss: 0.00168, Valid Loss: 0.00219, EPS: 0.874
Epoch: 14, Train Loss: 0.00169, Valid Loss: 0.00218, EPS: 0.865
Epoch: 15, Train Loss: 0.00167, Valid Loss: 0.00219, EPS: 0.856
Epoch: 16, Train Loss: 0.00167, Valid Loss: 0.00216, EPS: 0.847
Epoch: 17, Train Loss: 0.00165, Valid Loss: 0.00216, EPS: 0.8380000000000001
Epoch: 18, Train Loss: 0.00164, Valid Loss: 0.00217, EPS: 0.8290000000000001
Epoch: 19, Train Loss: 0.00164, Valid Loss: 0.00216, EPS: 0.8200000000000001
Epoch: 20, Train Loss: 0.00163, Valid Loss: 0.00216, EPS: 0.811
Epoch: 21, Train Loss: 0.00164, Valid Loss: 0.00217, EPS: 0.802
Epoch: 22, Train Loss: 0.00163, Valid Loss: 0.00215, EPS: 0.793
Epoch: 23, Train Loss: 0.00161, Valid Loss: 0.00216, EPS: 0.784
Epoch: 24, Train Loss: 0.00163, Valid Loss: 0.00216, EPS: 0.775
Epoch: 25, Train Loss: 0.00161, Valid Loss: 0.00216, EPS: 0.766
Epoch: 26, Train Loss: 0.00161, Valid Loss: 0.00216, EPS: 0.757
Epoch: 27, Train Loss: 0.00162, Valid Loss: 0.00214, EPS: 0.748
Epoch: 28, Train Loss: 0.00161, Valid Loss: 0.00215, EPS: 0.739
Epoch: 29, Train Loss: 0.00160, Valid Loss: 0.00216, EPS: 0.73
Epoch: 30, Train Loss: 0.00160, Valid Loss: 0.00214, EPS: 0.721
Epoch: 31, Train Loss: 0.00160, Valid Loss: 0.00215, EPS: 0.712
Epoch: 32, Train Loss: 0.00158, Valid Loss: 0.00216, EPS: 0.703
Epoch: 33, Train Loss: 0.00158, Valid Loss: 0.00215, EPS: 0.694
Epoch: 34, Train Loss: 0.00159, Valid Loss: 0.00215, EPS: 0.685
Epoch: 35, Train Loss: 0.00158, Valid Loss: 0.00213, EPS: 0.676
Epoch: 36, Train Loss: 0.00158, Valid Loss: 0.00212, EPS: 0.667
Epoch: 37, Train Loss: 0.00158, Valid Loss: 0.00214, EPS: 0.658
Epoch: 38, Train Loss: 0.00157, Valid Loss: 0.00214, EPS: 0.649
Epoch: 39, Train Loss: 0.00159, Valid Loss: 0.00216, EPS: 0.64
Epoch: 40, Train Loss: 0.00158, Valid Loss: 0.00214, EPS: 0.6310000000000001
Epoch: 41, Train Loss: 0.00157, Valid Loss: 0.00216, EPS: 0.6220000000000001
Epoch: 42, Train Loss: 0.00155, Valid Loss: 0.00213, EPS: 0.6130000000000001
Epoch: 43, Train Loss: 0.00158, Valid Loss: 0.00215, EPS: 0.6040000000000001
Epoch: 44, Train Loss: 0.00157, Valid Loss: 0.00214, EPS: 0.5950000000000001
Epoch: 45, Train Loss: 0.00157, Valid Loss: 0.00214, EPS: 0.5860000000000001
Epoch: 46, Train Loss: 0.00157, Valid Loss: 0.00214, EPS: 0.5770000000000001
Epoch: 47, Train Loss: 0.00156, Valid Loss: 0.00213, EPS: 0.5680000000000001
Epoch: 48, Train Loss: 0.00146, Valid Loss: 0.00211, EPS: 0.559
Epoch: 49, Train Loss: 0.00142, Valid Loss: 0.00208, EPS: 0.55
Epoch: 50, Train Loss: 0.00139, Valid Loss: 0.00206, EPS: 0.541
Epoch: 51, Train Loss: 0.00138, Valid Loss: 0.00205, EPS: 0.532
Epoch: 52, Train Loss: 0.00136, Valid Loss: 0.00204, EPS: 0.523
Epoch: 53, Train Loss: 0.00135, Valid Loss: 0.00204, EPS: 0.514
Epoch: 54, Train Loss: 0.00134, Valid Loss: 0.00203, EPS: 0.505
Epoch: 55, Train Loss: 0.00133, Valid Loss: 0.00203, EPS: 0.496
Epoch: 56, Train Loss: 0.00133, Valid Loss: 0.00203, EPS: 0.4870000000000001
Epoch: 57, Train Loss: 0.00132, Valid Loss: 0.00203, EPS: 0.4780000000000001
Epoch: 58, Train Loss: 0.00132, Valid Loss: 0.00203, EPS: 0.4690000000000001
Epoch: 59, Train Loss: 0.00132, Valid Loss: 0.00202, EPS: 0.4600000000000001
Epoch: 60, Train Loss: 0.00131, Valid Loss: 0.00202, EPS: 0.45100000000000007
Epoch: 61, Train Loss: 0.00130, Valid Loss: 0.00201, EPS: 0.44200000000000006
Epoch: 62, Train Loss: 0.00130, Valid Loss: 0.00202, EPS: 0.43300000000000005
Epoch: 63, Train Loss: 0.00130, Valid Loss: 0.00202, EPS: 0.42400000000000004
Epoch: 64, Train Loss: 0.00130, Valid Loss: 0.00202, EPS: 0.41500000000000004
Epoch: 65, Train Loss: 0.00129, Valid Loss: 0.00202, EPS: 0.406
Epoch: 66, Train Loss: 0.00129, Valid Loss: 0.00202, EPS: 0.397
Epoch: 67, Train Loss: 0.00129, Valid Loss: 0.00202, EPS: 0.388
Epoch: 68, Train Loss: 0.00128, Valid Loss: 0.00201, EPS: 0.3790000000000001
Epoch: 69, Train Loss: 0.00128, Valid Loss: 0.00202, EPS: 0.3700000000000001
Epoch: 70, Train Loss: 0.00128, Valid Loss: 0.00201, EPS: 0.3610000000000001
Epoch: 71, Train Loss: 0.00127, Valid Loss: 0.00202, EPS: 0.3520000000000001
Epoch: 72, Train Loss: 0.00127, Valid Loss: 0.00201, EPS: 0.343
Epoch: 73, Train Loss: 0.00127, Valid Loss: 0.00201, EPS: 0.334
Epoch: 74, Train Loss: 0.00126, Valid Loss: 0.00201, EPS: 0.325
Epoch: 75, Train Loss: 0.00126, Valid Loss: 0.00201, EPS: 0.316
Epoch: 76, Train Loss: 0.00125, Valid Loss: 0.00201, EPS: 0.307
Epoch: 77, Train Loss: 0.00125, Valid Loss: 0.00201, EPS: 0.298
Epoch: 78, Train Loss: 0.00125, Valid Loss: 0.00201, EPS: 0.289
Epoch: 79, Train Loss: 0.00123, Valid Loss: 0.00201, EPS: 0.27999999999999997
Epoch: 80, Train Loss: 0.00123, Valid Loss: 0.00201, EPS: 0.27099999999999996
Epoch: 81, Train Loss: 0.00122, Valid Loss: 0.00201, EPS: 0.26200000000000007
Epoch: 82, Train Loss: 0.00121, Valid Loss: 0.00201, EPS: 0.25300000000000006
Epoch: 83, Train Loss: 0.00120, Valid Loss: 0.00202, EPS: 0.24400000000000005
Epoch: 84, Train Loss: 0.00119, Valid Loss: 0.00202, EPS: 0.23500000000000004
Epoch: 85, Train Loss: 0.00118, Valid Loss: 0.00202, EPS: 0.22600000000000003
Epoch: 86, Train Loss: 0.00117, Valid Loss: 0.00204, EPS: 0.21700000000000003
Epoch: 87, Train Loss: 0.00117, Valid Loss: 0.00202, EPS: 0.20800000000000002
Epoch: 88, Train Loss: 0.00117, Valid Loss: 0.00203, EPS: 0.199
Epoch: 89, Train Loss: 0.00116, Valid Loss: 0.00203, EPS: 0.19
Epoch: 90, Train Loss: 0.00114, Valid Loss: 0.00201, EPS: 0.181
Epoch: 91, Train Loss: 0.00112, Valid Loss: 0.00201, EPS: 0.172
Epoch: 92, Train Loss: 0.00112, Valid Loss: 0.00200, EPS: 0.16299999999999998
Epoch: 93, Train Loss: 0.00112, Valid Loss: 0.00201, EPS: 0.15400000000000005
Epoch: 94, Train Loss: 0.00112, Valid Loss: 0.00201, EPS: 0.14500000000000005
Epoch: 95, Train Loss: 0.00111, Valid Loss: 0.00200, EPS: 0.13600000000000004
Epoch: 96, Train Loss: 0.00111, Valid Loss: 0.00201, EPS: 0.12700000000000003
Epoch: 97, Train Loss: 0.00111, Valid Loss: 0.00201, EPS: 0.11800000000000002
Epoch: 98, Train Loss: 0.00110, Valid Loss: 0.00201, EPS: 0.10900000000000001
Epoch: 99, Train Loss: 0.00111, Valid Loss: 0.00201, EPS: 0.1
Test Loss: 0.00200
Test Loss: 0.00203
