nohup: ignoring input
torch.Size([14031, 5, 64, 32])
torch.Size([4677, 5, 64, 32])
torch.Size([4678, 5, 64, 32])
Shape: (5, 144, 72)
Fine Tuning Both
Starting Downstream Task
torch.Size([2806, 5, 64, 32])
torch.Size([935, 5, 64, 32])
torch.Size([937, 5, 64, 32])
Shape: (5, 144, 72)
Epoch: 0, Train Loss: 0.01878, Valid Loss: 0.01115, EPS: 0.991
Epoch: 1, Train Loss: 0.00908, Valid Loss: 0.01046, EPS: 0.982
Epoch: 2, Train Loss: 0.00739, Valid Loss: 0.00969, EPS: 0.973
Epoch: 3, Train Loss: 0.00668, Valid Loss: 0.01070, EPS: 0.964
Epoch: 4, Train Loss: 0.00643, Valid Loss: 0.01182, EPS: 0.955
Epoch: 5, Train Loss: 0.00626, Valid Loss: 0.00965, EPS: 0.946
Epoch: 6, Train Loss: 0.00650, Valid Loss: 0.01055, EPS: 0.9369999999999999
Epoch: 7, Train Loss: 0.00630, Valid Loss: 0.00999, EPS: 0.928
Epoch: 8, Train Loss: 0.00571, Valid Loss: 0.00928, EPS: 0.919
Epoch: 9, Train Loss: 0.00585, Valid Loss: 0.01048, EPS: 0.91
Epoch: 10, Train Loss: 0.00558, Valid Loss: 0.01281, EPS: 0.901
Epoch: 11, Train Loss: 0.00585, Valid Loss: 0.01249, EPS: 0.892
Epoch: 12, Train Loss: 0.00577, Valid Loss: 0.01078, EPS: 0.883
Epoch: 13, Train Loss: 0.00653, Valid Loss: 0.01118, EPS: 0.874
Epoch: 14, Train Loss: 0.00616, Valid Loss: 0.01019, EPS: 0.865
Epoch: 15, Train Loss: 0.00646, Valid Loss: 0.00966, EPS: 0.856
Epoch: 16, Train Loss: 0.00597, Valid Loss: 0.01186, EPS: 0.847
Epoch: 17, Train Loss: 0.00603, Valid Loss: 0.01111, EPS: 0.8380000000000001
Epoch: 18, Train Loss: 0.00577, Valid Loss: 0.00998, EPS: 0.8290000000000001
Epoch: 19, Train Loss: 0.00609, Valid Loss: 0.00969, EPS: 0.8200000000000001
Epoch: 20, Train Loss: 0.00553, Valid Loss: 0.00852, EPS: 0.811
Epoch: 21, Train Loss: 0.00557, Valid Loss: 0.00849, EPS: 0.802
Epoch: 22, Train Loss: 0.00549, Valid Loss: 0.00851, EPS: 0.793
Epoch: 23, Train Loss: 0.00544, Valid Loss: 0.00854, EPS: 0.784
Epoch: 24, Train Loss: 0.00541, Valid Loss: 0.01012, EPS: 0.775
Epoch: 25, Train Loss: 0.00556, Valid Loss: 0.00852, EPS: 0.766
Epoch: 26, Train Loss: 0.00557, Valid Loss: 0.00836, EPS: 0.757
Epoch: 27, Train Loss: 0.00551, Valid Loss: 0.00857, EPS: 0.748
Epoch: 28, Train Loss: 0.00550, Valid Loss: 0.00862, EPS: 0.739
Epoch: 29, Train Loss: 0.00560, Valid Loss: 0.00844, EPS: 0.73
Epoch: 30, Train Loss: 0.00557, Valid Loss: 0.00843, EPS: 0.721
Epoch: 31, Train Loss: 0.00542, Valid Loss: 0.00837, EPS: 0.712
Epoch: 32, Train Loss: 0.00552, Valid Loss: 0.00840, EPS: 0.703
Epoch: 33, Train Loss: 0.00562, Valid Loss: 0.00897, EPS: 0.694
Epoch: 34, Train Loss: 0.00554, Valid Loss: 0.00851, EPS: 0.685
Epoch: 35, Train Loss: 0.00590, Valid Loss: 0.00861, EPS: 0.676
Epoch: 36, Train Loss: 0.00571, Valid Loss: 0.01731, EPS: 0.667
Epoch: 37, Train Loss: 0.00618, Valid Loss: 0.00855, EPS: 0.658
Epoch: 38, Train Loss: 0.00552, Valid Loss: 0.00837, EPS: 0.649
Epoch: 39, Train Loss: 0.00568, Valid Loss: 0.00833, EPS: 0.64
Epoch: 40, Train Loss: 0.00574, Valid Loss: 0.00832, EPS: 0.6310000000000001
Epoch: 41, Train Loss: 0.00561, Valid Loss: 0.00832, EPS: 0.6220000000000001
Epoch: 42, Train Loss: 0.00586, Valid Loss: 0.00829, EPS: 0.6130000000000001
Epoch: 43, Train Loss: 0.00555, Valid Loss: 0.00830, EPS: 0.6040000000000001
Epoch: 44, Train Loss: 0.00577, Valid Loss: 0.00825, EPS: 0.5950000000000001
Epoch: 45, Train Loss: 0.00564, Valid Loss: 0.00827, EPS: 0.5860000000000001
Epoch: 46, Train Loss: 0.00569, Valid Loss: 0.00827, EPS: 0.5770000000000001
Epoch: 47, Train Loss: 0.00579, Valid Loss: 0.00827, EPS: 0.5680000000000001
Epoch: 48, Train Loss: 0.00563, Valid Loss: 0.00823, EPS: 0.559
Epoch: 49, Train Loss: 0.00581, Valid Loss: 0.00825, EPS: 0.55
Epoch: 50, Train Loss: 0.00567, Valid Loss: 0.00824, EPS: 0.541
Epoch: 51, Train Loss: 0.00587, Valid Loss: 0.00824, EPS: 0.532
Epoch: 52, Train Loss: 0.00597, Valid Loss: 0.00825, EPS: 0.523
Epoch: 53, Train Loss: 0.00584, Valid Loss: 0.00823, EPS: 0.514
Epoch: 54, Train Loss: 0.00602, Valid Loss: 0.00825, EPS: 0.505
Epoch: 55, Train Loss: 0.00599, Valid Loss: 0.00818, EPS: 0.496
Epoch: 56, Train Loss: 0.00592, Valid Loss: 0.00818, EPS: 0.4870000000000001
Epoch: 57, Train Loss: 0.00585, Valid Loss: 0.00821, EPS: 0.4780000000000001
Epoch: 58, Train Loss: 0.00608, Valid Loss: 0.00821, EPS: 0.4690000000000001
Epoch: 59, Train Loss: 0.00607, Valid Loss: 0.00825, EPS: 0.4600000000000001
Epoch: 60, Train Loss: 0.00603, Valid Loss: 0.00820, EPS: 0.45100000000000007
Epoch: 61, Train Loss: 0.00600, Valid Loss: 0.00819, EPS: 0.44200000000000006
Epoch: 62, Train Loss: 0.00617, Valid Loss: 0.00821, EPS: 0.43300000000000005
Epoch: 63, Train Loss: 0.00601, Valid Loss: 0.00819, EPS: 0.42400000000000004
Epoch: 64, Train Loss: 0.00640, Valid Loss: 0.00821, EPS: 0.41500000000000004
Epoch: 65, Train Loss: 0.00610, Valid Loss: 0.00817, EPS: 0.406
Epoch: 66, Train Loss: 0.00611, Valid Loss: 0.00820, EPS: 0.397
Epoch: 67, Train Loss: 0.00597, Valid Loss: 0.00819, EPS: 0.388
Epoch: 68, Train Loss: 0.00629, Valid Loss: 0.00820, EPS: 0.3790000000000001
Epoch: 69, Train Loss: 0.00620, Valid Loss: 0.00822, EPS: 0.3700000000000001
Epoch: 70, Train Loss: 0.00613, Valid Loss: 0.00824, EPS: 0.3610000000000001
Epoch: 71, Train Loss: 0.00614, Valid Loss: 0.00817, EPS: 0.3520000000000001
Epoch: 72, Train Loss: 0.00636, Valid Loss: 0.00824, EPS: 0.343
Epoch: 73, Train Loss: 0.00619, Valid Loss: 0.00821, EPS: 0.334
Epoch: 74, Train Loss: 0.00626, Valid Loss: 0.00819, EPS: 0.325
Epoch: 75, Train Loss: 0.00626, Valid Loss: 0.00820, EPS: 0.316
Epoch: 76, Train Loss: 0.00635, Valid Loss: 0.00820, EPS: 0.307
Epoch: 77, Train Loss: 0.00648, Valid Loss: 0.00821, EPS: 0.298
Epoch: 78, Train Loss: 0.00640, Valid Loss: 0.00823, EPS: 0.289
Epoch: 79, Train Loss: 0.00650, Valid Loss: 0.00816, EPS: 0.27999999999999997
Epoch: 80, Train Loss: 0.00642, Valid Loss: 0.00820, EPS: 0.27099999999999996
Epoch: 81, Train Loss: 0.00645, Valid Loss: 0.00819, EPS: 0.26200000000000007
Epoch: 82, Train Loss: 0.00643, Valid Loss: 0.00825, EPS: 0.25300000000000006
Epoch: 83, Train Loss: 0.00658, Valid Loss: 0.00820, EPS: 0.24400000000000005
Epoch: 84, Train Loss: 0.00660, Valid Loss: 0.00819, EPS: 0.23500000000000004
Epoch: 85, Train Loss: 0.00648, Valid Loss: 0.00821, EPS: 0.22600000000000003
Epoch: 86, Train Loss: 0.00665, Valid Loss: 0.00817, EPS: 0.21700000000000003
Epoch: 87, Train Loss: 0.00658, Valid Loss: 0.00820, EPS: 0.20800000000000002
Epoch: 88, Train Loss: 0.00668, Valid Loss: 0.00817, EPS: 0.199
Epoch: 89, Train Loss: 0.00675, Valid Loss: 0.00817, EPS: 0.19
Epoch: 90, Train Loss: 0.00671, Valid Loss: 0.00818, EPS: 0.181
Epoch: 91, Train Loss: 0.00685, Valid Loss: 0.00817, EPS: 0.172
Epoch: 92, Train Loss: 0.00679, Valid Loss: 0.00816, EPS: 0.16299999999999998
Epoch: 93, Train Loss: 0.00669, Valid Loss: 0.00816, EPS: 0.15400000000000005
Epoch: 94, Train Loss: 0.00679, Valid Loss: 0.00817, EPS: 0.14500000000000005
Epoch: 95, Train Loss: 0.00687, Valid Loss: 0.00816, EPS: 0.13600000000000004
Epoch: 96, Train Loss: 0.00700, Valid Loss: 0.00814, EPS: 0.12700000000000003
Epoch: 97, Train Loss: 0.00697, Valid Loss: 0.00816, EPS: 0.11800000000000002
Epoch: 98, Train Loss: 0.00684, Valid Loss: 0.00816, EPS: 0.10900000000000001
Epoch: 99, Train Loss: 0.00696, Valid Loss: 0.00816, EPS: 0.1
Test Loss: 0.00818
Test Loss: 0.00804
