nohup: ignoring input
torch.Size([14031, 5, 64, 32])
torch.Size([4677, 5, 64, 32])
torch.Size([4678, 5, 64, 32])
Shape: (5, 144, 72)
Epoch: 0, Train Loss: 18.34, Validation Loss: 18.32, Learning Rate: 0.001
Epoch: 1, Train Loss: 8.32, Validation Loss: 11.73, Learning Rate: 0.001
Epoch: 2, Train Loss: 6.53, Validation Loss: 10.64, Learning Rate: 0.001
Epoch: 3, Train Loss: 5.59, Validation Loss: 9.20, Learning Rate: 0.001
Epoch: 4, Train Loss: 4.88, Validation Loss: 8.22, Learning Rate: 0.001
Epoch: 5, Train Loss: 4.11, Validation Loss: 7.45, Learning Rate: 0.001
Epoch: 6, Train Loss: 3.69, Validation Loss: 7.04, Learning Rate: 0.001
Epoch: 7, Train Loss: 3.43, Validation Loss: 6.55, Learning Rate: 0.001
Epoch: 8, Train Loss: 3.18, Validation Loss: 6.23, Learning Rate: 0.001
Epoch: 9, Train Loss: 3.02, Validation Loss: 5.84, Learning Rate: 0.001
Epoch: 10, Train Loss: 2.87, Validation Loss: 5.69, Learning Rate: 0.001
Epoch: 11, Train Loss: 2.72, Validation Loss: 5.38, Learning Rate: 0.001
Epoch: 12, Train Loss: 2.63, Validation Loss: 5.37, Learning Rate: 0.001
Epoch: 13, Train Loss: 2.57, Validation Loss: 5.21, Learning Rate: 0.001
Epoch: 14, Train Loss: 2.51, Validation Loss: 4.99, Learning Rate: 0.001
Epoch: 15, Train Loss: 2.45, Validation Loss: 4.78, Learning Rate: 0.001
Epoch: 16, Train Loss: 2.39, Validation Loss: 4.84, Learning Rate: 0.001
Epoch: 17, Train Loss: 2.35, Validation Loss: 4.74, Learning Rate: 0.001
Epoch: 18, Train Loss: 2.31, Validation Loss: 4.69, Learning Rate: 0.001
Epoch: 19, Train Loss: 2.27, Validation Loss: 4.55, Learning Rate: 0.001
Epoch: 20, Train Loss: 2.22, Validation Loss: 4.44, Learning Rate: 0.001
Epoch: 21, Train Loss: 2.21, Validation Loss: 4.30, Learning Rate: 0.001
Epoch: 22, Train Loss: 2.16, Validation Loss: 4.17, Learning Rate: 0.001
Epoch: 23, Train Loss: 2.15, Validation Loss: 4.29, Learning Rate: 0.001
Epoch: 24, Train Loss: 2.10, Validation Loss: 4.16, Learning Rate: 0.001
Epoch: 25, Train Loss: 2.07, Validation Loss: 4.21, Learning Rate: 0.001
Epoch: 26, Train Loss: 2.04, Validation Loss: 4.04, Learning Rate: 0.001
Epoch: 27, Train Loss: 2.02, Validation Loss: 3.99, Learning Rate: 0.001
Epoch: 28, Train Loss: 1.97, Validation Loss: 3.96, Learning Rate: 0.001
Epoch: 29, Train Loss: 1.96, Validation Loss: 3.79, Learning Rate: 0.001
Epoch: 30, Train Loss: 1.96, Validation Loss: 3.74, Learning Rate: 0.001
Epoch: 31, Train Loss: 1.91, Validation Loss: 3.80, Learning Rate: 0.001
Epoch: 32, Train Loss: 1.90, Validation Loss: 3.59, Learning Rate: 0.001
Epoch: 33, Train Loss: 1.89, Validation Loss: 3.72, Learning Rate: 0.001
Epoch: 34, Train Loss: 1.86, Validation Loss: 3.72, Learning Rate: 0.001
Epoch: 35, Train Loss: 1.88, Validation Loss: 3.60, Learning Rate: 0.001
Epoch: 36, Train Loss: 1.85, Validation Loss: 3.68, Learning Rate: 0.001
Epoch: 37, Train Loss: 1.82, Validation Loss: 3.74, Learning Rate: 0.001
Epoch: 38, Train Loss: 1.80, Validation Loss: 3.63, Learning Rate: 0.001
Epoch: 39, Train Loss: 1.77, Validation Loss: 3.49, Learning Rate: 0.001
Epoch: 40, Train Loss: 1.76, Validation Loss: 3.56, Learning Rate: 0.001
Epoch: 41, Train Loss: 1.76, Validation Loss: 3.41, Learning Rate: 0.001
Epoch: 42, Train Loss: 1.74, Validation Loss: 3.35, Learning Rate: 0.001
Epoch: 43, Train Loss: 1.73, Validation Loss: 3.48, Learning Rate: 0.001
Epoch: 44, Train Loss: 1.73, Validation Loss: 3.29, Learning Rate: 0.001
Epoch: 45, Train Loss: 1.70, Validation Loss: 3.28, Learning Rate: 0.001
Epoch: 46, Train Loss: 1.69, Validation Loss: 3.18, Learning Rate: 0.001
Epoch: 47, Train Loss: 1.68, Validation Loss: 3.16, Learning Rate: 0.001
Epoch: 48, Train Loss: 1.67, Validation Loss: 3.27, Learning Rate: 0.001
Epoch: 49, Train Loss: 1.65, Validation Loss: 3.22, Learning Rate: 0.001
Epoch: 50, Train Loss: 1.66, Validation Loss: 3.21, Learning Rate: 0.001
Epoch: 51, Train Loss: 1.65, Validation Loss: 3.06, Learning Rate: 0.001
Epoch: 52, Train Loss: 1.66, Validation Loss: 3.11, Learning Rate: 0.001
Epoch: 53, Train Loss: 1.64, Validation Loss: 3.03, Learning Rate: 0.001
Epoch: 54, Train Loss: 1.64, Validation Loss: 2.98, Learning Rate: 0.001
Epoch: 55, Train Loss: 1.60, Validation Loss: 3.08, Learning Rate: 0.001
Epoch: 56, Train Loss: 1.65, Validation Loss: 3.04, Learning Rate: 0.001
Epoch: 57, Train Loss: 1.60, Validation Loss: 3.04, Learning Rate: 0.001
Epoch: 58, Train Loss: 1.58, Validation Loss: 2.99, Learning Rate: 0.001
Epoch: 59, Train Loss: 1.57, Validation Loss: 3.04, Learning Rate: 0.001
Epoch: 60, Train Loss: 1.59, Validation Loss: 2.95, Learning Rate: 0.001
Epoch: 61, Train Loss: 1.58, Validation Loss: 3.02, Learning Rate: 0.001
Epoch: 62, Train Loss: 1.58, Validation Loss: 2.86, Learning Rate: 0.001
Epoch: 63, Train Loss: 1.56, Validation Loss: 2.78, Learning Rate: 0.001
Epoch: 64, Train Loss: 1.58, Validation Loss: 2.83, Learning Rate: 0.001
Epoch: 65, Train Loss: 1.56, Validation Loss: 2.82, Learning Rate: 0.001
Epoch: 66, Train Loss: 1.56, Validation Loss: 2.75, Learning Rate: 0.001
Epoch: 67, Train Loss: 1.56, Validation Loss: 2.78, Learning Rate: 0.001
Epoch: 68, Train Loss: 1.52, Validation Loss: 2.81, Learning Rate: 0.001
Epoch: 69, Train Loss: 1.53, Validation Loss: 2.64, Learning Rate: 0.001
Epoch: 70, Train Loss: 1.51, Validation Loss: 2.61, Learning Rate: 0.001
Epoch: 71, Train Loss: 1.52, Validation Loss: 2.76, Learning Rate: 0.001
Epoch: 72, Train Loss: 1.50, Validation Loss: 2.77, Learning Rate: 0.001
Epoch: 73, Train Loss: 1.51, Validation Loss: 2.65, Learning Rate: 0.001
Epoch: 74, Train Loss: 1.49, Validation Loss: 2.71, Learning Rate: 0.001
Epoch: 75, Train Loss: 1.49, Validation Loss: 2.66, Learning Rate: 0.001
Epoch: 76, Train Loss: 1.48, Validation Loss: 2.62, Learning Rate: 0.001
Epoch: 77, Train Loss: 1.47, Validation Loss: 2.63, Learning Rate: 0.001
Epoch: 78, Train Loss: 1.47, Validation Loss: 2.59, Learning Rate: 0.001
Epoch: 79, Train Loss: 1.47, Validation Loss: 2.51, Learning Rate: 0.001
Epoch: 80, Train Loss: 1.48, Validation Loss: 2.53, Learning Rate: 0.001
Epoch: 81, Train Loss: 1.47, Validation Loss: 2.60, Learning Rate: 0.001
Epoch: 82, Train Loss: 1.45, Validation Loss: 2.75, Learning Rate: 0.001
Epoch: 83, Train Loss: 1.46, Validation Loss: 2.57, Learning Rate: 0.001
Epoch: 84, Train Loss: 1.46, Validation Loss: 2.61, Learning Rate: 0.001
Epoch: 85, Train Loss: 1.44, Validation Loss: 2.53, Learning Rate: 0.001
Epoch: 86, Train Loss: 1.44, Validation Loss: 2.61, Learning Rate: 0.001
Epoch: 87, Train Loss: 1.45, Validation Loss: 2.54, Learning Rate: 0.001
Epoch: 88, Train Loss: 1.43, Validation Loss: 2.49, Learning Rate: 0.001
Epoch: 89, Train Loss: 1.44, Validation Loss: 2.53, Learning Rate: 0.001
Epoch: 90, Train Loss: 1.43, Validation Loss: 2.57, Learning Rate: 0.001
Epoch: 91, Train Loss: 1.43, Validation Loss: 2.52, Learning Rate: 0.001
Epoch: 92, Train Loss: 1.43, Validation Loss: 2.52, Learning Rate: 0.001
Epoch: 93, Train Loss: 1.43, Validation Loss: 2.54, Learning Rate: 0.001
Epoch: 94, Train Loss: 1.43, Validation Loss: 2.49, Learning Rate: 0.001
Epoch: 95, Train Loss: 1.41, Validation Loss: 2.46, Learning Rate: 0.001
Epoch: 96, Train Loss: 1.41, Validation Loss: 2.41, Learning Rate: 0.001
Epoch: 97, Train Loss: 1.41, Validation Loss: 2.39, Learning Rate: 0.001
Epoch: 98, Train Loss: 1.42, Validation Loss: 2.42, Learning Rate: 0.001
Epoch: 99, Train Loss: 1.42, Validation Loss: 2.47, Learning Rate: 0.001
Fine Tuning Both
Epoch: 0, Alpha: 1.00, Total Train Loss: 1.44, Contrastive Train Loss: 1.44, Recon Train Loss: 417211815120672576.00, Total Valid Loss: 2.60, Contrastive Valid Loss: 2.60, Recon Valid Loss: 158025943831147040.00, Learning Rate: 0.001
Epoch: 1, Alpha: 0.99, Total Train Loss: 31650364643695.36, Contrastive Train Loss: 34.17, Recon Train Loss: 3180887893120379.00, Total Valid Loss: 34.95, Contrastive Valid Loss: 34.84, Recon Valid Loss: 46.61, Learning Rate: 0.001
Epoch: 2, Alpha: 0.98, Total Train Loss: 21.02, Contrastive Train Loss: 20.66, Recon Train Loss: 38.84, Total Valid Loss: 27.12, Contrastive Valid Loss: 27.58, Recon Valid Loss: 4.42, Learning Rate: 0.001
Epoch: 3, Alpha: 0.97, Total Train Loss: 14.60, Contrastive Train Loss: 14.82, Recon Train Loss: 7.49, Total Valid Loss: 26.28, Contrastive Valid Loss: 26.93, Recon Valid Loss: 4.80, Learning Rate: 0.001
Epoch: 4, Alpha: 0.96, Total Train Loss: 12.16, Contrastive Train Loss: 12.50, Recon Train Loss: 3.84, Total Valid Loss: 26.47, Contrastive Valid Loss: 27.45, Recon Valid Loss: 2.49, Learning Rate: 0.001
Epoch: 5, Alpha: 0.95, Total Train Loss: 10.79, Contrastive Train Loss: 11.20, Recon Train Loss: 2.77, Total Valid Loss: 23.86, Contrastive Valid Loss: 24.88, Recon Valid Loss: 4.06, Learning Rate: 0.001
Epoch: 6, Alpha: 0.94, Total Train Loss: 10.05, Contrastive Train Loss: 10.53, Recon Train Loss: 2.27, Total Valid Loss: 23.61, Contrastive Valid Loss: 24.99, Recon Valid Loss: 1.36, Learning Rate: 0.001
Epoch: 7, Alpha: 0.93, Total Train Loss: 9.47, Contrastive Train Loss: 10.03, Recon Train Loss: 1.74, Total Valid Loss: 22.90, Contrastive Valid Loss: 24.47, Recon Valid Loss: 1.34, Learning Rate: 0.001
Epoch: 8, Alpha: 0.92, Total Train Loss: 9.05, Contrastive Train Loss: 9.66, Recon Train Loss: 1.72, Total Valid Loss: 23.03, Contrastive Valid Loss: 24.80, Recon Valid Loss: 1.73, Learning Rate: 0.001
Epoch: 9, Alpha: 0.91, Total Train Loss: 8.69, Contrastive Train Loss: 9.38, Recon Train Loss: 1.43, Total Valid Loss: 21.87, Contrastive Valid Loss: 23.82, Recon Valid Loss: 1.23, Learning Rate: 0.001
Epoch: 10, Alpha: 0.90, Total Train Loss: 8.27, Contrastive Train Loss: 9.00, Recon Train Loss: 1.35, Total Valid Loss: 22.35, Contrastive Valid Loss: 24.57, Recon Valid Loss: 1.22, Learning Rate: 0.001
Epoch: 11, Alpha: 0.90, Total Train Loss: 7.97, Contrastive Train Loss: 8.75, Recon Train Loss: 1.32, Total Valid Loss: 21.18, Contrastive Valid Loss: 23.49, Recon Valid Loss: 1.30, Learning Rate: 0.001
Epoch: 12, Alpha: 0.89, Total Train Loss: 7.59, Contrastive Train Loss: 8.41, Recon Train Loss: 1.14, Total Valid Loss: 20.42, Contrastive Valid Loss: 22.86, Recon Valid Loss: 1.34, Learning Rate: 0.0001
Epoch: 13, Alpha: 0.88, Total Train Loss: 7.35, Contrastive Train Loss: 8.21, Recon Train Loss: 1.13, Total Valid Loss: 20.66, Contrastive Valid Loss: 23.36, Recon Valid Loss: 1.23, Learning Rate: 0.0001
Epoch: 14, Alpha: 0.87, Total Train Loss: 7.34, Contrastive Train Loss: 8.27, Recon Train Loss: 1.12, Total Valid Loss: 19.86, Contrastive Valid Loss: 22.67, Recon Valid Loss: 1.17, Learning Rate: 0.0001
Epoch: 15, Alpha: 0.86, Total Train Loss: 7.21, Contrastive Train Loss: 8.19, Recon Train Loss: 1.12, Total Valid Loss: 19.83, Contrastive Valid Loss: 22.82, Recon Valid Loss: 1.33, Learning Rate: 0.0001
Epoch: 16, Alpha: 0.85, Total Train Loss: 7.19, Contrastive Train Loss: 8.24, Recon Train Loss: 1.11, Total Valid Loss: 20.09, Contrastive Valid Loss: 23.36, Recon Valid Loss: 1.23, Learning Rate: 0.0001
Epoch: 17, Alpha: 0.84, Total Train Loss: 7.06, Contrastive Train Loss: 8.16, Recon Train Loss: 1.11, Total Valid Loss: 19.86, Contrastive Valid Loss: 23.30, Recon Valid Loss: 1.27, Learning Rate: 0.0001
Epoch: 18, Alpha: 0.84, Total Train Loss: 6.97, Contrastive Train Loss: 8.13, Recon Train Loss: 1.10, Total Valid Loss: 19.79, Contrastive Valid Loss: 23.46, Recon Valid Loss: 1.17, Learning Rate: 0.0001
Epoch: 19, Alpha: 0.83, Total Train Loss: 6.87, Contrastive Train Loss: 8.08, Recon Train Loss: 1.10, Total Valid Loss: 19.61, Contrastive Valid Loss: 23.45, Recon Valid Loss: 1.28, Learning Rate: 0.0001
Epoch: 20, Alpha: 0.82, Total Train Loss: 6.79, Contrastive Train Loss: 8.05, Recon Train Loss: 1.10, Total Valid Loss: 19.36, Contrastive Valid Loss: 23.37, Recon Valid Loss: 1.27, Learning Rate: 0.0001
Epoch: 21, Alpha: 0.81, Total Train Loss: 6.69, Contrastive Train Loss: 8.00, Recon Train Loss: 1.09, Total Valid Loss: 18.70, Contrastive Valid Loss: 22.79, Recon Valid Loss: 1.20, Learning Rate: 0.0001
Epoch: 22, Alpha: 0.80, Total Train Loss: 6.61, Contrastive Train Loss: 7.97, Recon Train Loss: 1.09, Total Valid Loss: 18.58, Contrastive Valid Loss: 22.87, Recon Valid Loss: 1.17, Learning Rate: 0.0001
Epoch: 23, Alpha: 0.79, Total Train Loss: 6.49, Contrastive Train Loss: 7.89, Recon Train Loss: 1.08, Total Valid Loss: 18.69, Contrastive Valid Loss: 23.21, Recon Valid Loss: 1.19, Learning Rate: 1e-05
Epoch: 24, Alpha: 0.79, Total Train Loss: 6.46, Contrastive Train Loss: 7.92, Recon Train Loss: 1.08, Total Valid Loss: 18.92, Contrastive Valid Loss: 23.74, Recon Valid Loss: 1.18, Learning Rate: 1e-05
Epoch: 25, Alpha: 0.78, Total Train Loss: 6.40, Contrastive Train Loss: 7.91, Recon Train Loss: 1.08, Total Valid Loss: 18.23, Contrastive Valid Loss: 23.07, Recon Valid Loss: 1.19, Learning Rate: 1e-05
Epoch: 26, Alpha: 0.77, Total Train Loss: 6.36, Contrastive Train Loss: 7.92, Recon Train Loss: 1.08, Total Valid Loss: 17.77, Contrastive Valid Loss: 22.69, Recon Valid Loss: 1.18, Learning Rate: 1e-05
Epoch: 27, Alpha: 0.76, Total Train Loss: 6.28, Contrastive Train Loss: 7.90, Recon Train Loss: 1.08, Total Valid Loss: 17.84, Contrastive Valid Loss: 23.00, Recon Valid Loss: 1.18, Learning Rate: 1e-05
Epoch: 28, Alpha: 0.76, Total Train Loss: 6.27, Contrastive Train Loss: 7.95, Recon Train Loss: 1.08, Total Valid Loss: 17.76, Contrastive Valid Loss: 23.11, Recon Valid Loss: 1.18, Learning Rate: 1e-05
Epoch: 29, Alpha: 0.75, Total Train Loss: 6.17, Contrastive Train Loss: 7.88, Recon Train Loss: 1.08, Total Valid Loss: 17.33, Contrastive Valid Loss: 22.76, Recon Valid Loss: 1.19, Learning Rate: 1e-05
Epoch: 30, Alpha: 0.74, Total Train Loss: 6.13, Contrastive Train Loss: 7.90, Recon Train Loss: 1.08, Total Valid Loss: 17.42, Contrastive Valid Loss: 23.10, Recon Valid Loss: 1.20, Learning Rate: 1e-05
Epoch: 31, Alpha: 0.73, Total Train Loss: 6.06, Contrastive Train Loss: 7.88, Recon Train Loss: 1.07, Total Valid Loss: 17.59, Contrastive Valid Loss: 23.56, Recon Valid Loss: 1.18, Learning Rate: 1e-05
Epoch: 32, Alpha: 0.73, Total Train Loss: 6.01, Contrastive Train Loss: 7.88, Recon Train Loss: 1.07, Total Valid Loss: 17.30, Contrastive Valid Loss: 23.38, Recon Valid Loss: 1.18, Learning Rate: 1e-05
Epoch: 33, Alpha: 0.72, Total Train Loss: 5.95, Contrastive Train Loss: 7.86, Recon Train Loss: 1.07, Total Valid Loss: 16.90, Contrastive Valid Loss: 23.05, Recon Valid Loss: 1.15, Learning Rate: 1e-05
Epoch: 34, Alpha: 0.71, Total Train Loss: 5.96, Contrastive Train Loss: 7.94, Recon Train Loss: 1.07, Total Valid Loss: 17.20, Contrastive Valid Loss: 23.69, Recon Valid Loss: 1.17, Learning Rate: 1.0000000000000002e-06
Epoch: 35, Alpha: 0.70, Total Train Loss: 5.86, Contrastive Train Loss: 7.86, Recon Train Loss: 1.07, Total Valid Loss: 17.13, Contrastive Valid Loss: 23.82, Recon Valid Loss: 1.18, Learning Rate: 1.0000000000000002e-06
Epoch: 36, Alpha: 0.70, Total Train Loss: 5.80, Contrastive Train Loss: 7.85, Recon Train Loss: 1.07, Total Valid Loss: 16.54, Contrastive Valid Loss: 23.19, Recon Valid Loss: 1.18, Learning Rate: 1.0000000000000002e-06
Epoch: 37, Alpha: 0.69, Total Train Loss: 5.78, Contrastive Train Loss: 7.89, Recon Train Loss: 1.07, Total Valid Loss: 16.65, Contrastive Valid Loss: 23.57, Recon Valid Loss: 1.18, Learning Rate: 1.0000000000000002e-06
Epoch: 38, Alpha: 0.68, Total Train Loss: 5.72, Contrastive Train Loss: 7.87, Recon Train Loss: 1.07, Total Valid Loss: 16.28, Contrastive Valid Loss: 23.26, Recon Valid Loss: 1.16, Learning Rate: 1.0000000000000002e-06
Epoch: 39, Alpha: 0.68, Total Train Loss: 5.66, Contrastive Train Loss: 7.85, Recon Train Loss: 1.07, Total Valid Loss: 16.09, Contrastive Valid Loss: 23.20, Recon Valid Loss: 1.17, Learning Rate: 1.0000000000000002e-06
Epoch: 40, Alpha: 0.67, Total Train Loss: 5.63, Contrastive Train Loss: 7.87, Recon Train Loss: 1.07, Total Valid Loss: 15.49, Contrastive Valid Loss: 22.54, Recon Valid Loss: 1.16, Learning Rate: 1.0000000000000002e-06
Epoch: 41, Alpha: 0.66, Total Train Loss: 5.58, Contrastive Train Loss: 7.87, Recon Train Loss: 1.07, Total Valid Loss: 16.31, Contrastive Valid Loss: 23.99, Recon Valid Loss: 1.17, Learning Rate: 1.0000000000000002e-06
Epoch: 42, Alpha: 0.66, Total Train Loss: 5.55, Contrastive Train Loss: 7.89, Recon Train Loss: 1.07, Total Valid Loss: 15.76, Contrastive Valid Loss: 23.38, Recon Valid Loss: 1.17, Learning Rate: 1.0000000000000002e-06
Epoch: 43, Alpha: 0.65, Total Train Loss: 5.49, Contrastive Train Loss: 7.87, Recon Train Loss: 1.07, Total Valid Loss: 15.53, Contrastive Valid Loss: 23.24, Recon Valid Loss: 1.17, Learning Rate: 1.0000000000000002e-06
Epoch: 44, Alpha: 0.64, Total Train Loss: 5.43, Contrastive Train Loss: 7.83, Recon Train Loss: 1.07, Total Valid Loss: 15.26, Contrastive Valid Loss: 23.05, Recon Valid Loss: 1.16, Learning Rate: 1.0000000000000002e-06
Epoch: 45, Alpha: 0.64, Total Train Loss: 5.40, Contrastive Train Loss: 7.87, Recon Train Loss: 1.07, Total Valid Loss: 15.05, Contrastive Valid Loss: 22.93, Recon Valid Loss: 1.17, Learning Rate: 1.0000000000000002e-07
Epoch: 46, Alpha: 0.63, Total Train Loss: 5.39, Contrastive Train Loss: 7.91, Recon Train Loss: 1.07, Total Valid Loss: 14.71, Contrastive Valid Loss: 22.63, Recon Valid Loss: 1.16, Learning Rate: 1.0000000000000002e-07
Epoch: 47, Alpha: 0.63, Total Train Loss: 5.32, Contrastive Train Loss: 7.87, Recon Train Loss: 1.07, Total Valid Loss: 14.97, Contrastive Valid Loss: 23.25, Recon Valid Loss: 1.17, Learning Rate: 1.0000000000000002e-07
Epoch: 48, Alpha: 0.62, Total Train Loss: 5.26, Contrastive Train Loss: 7.84, Recon Train Loss: 1.07, Total Valid Loss: 14.50, Contrastive Valid Loss: 22.72, Recon Valid Loss: 1.16, Learning Rate: 1.0000000000000002e-07
Epoch: 49, Alpha: 0.61, Total Train Loss: 5.22, Contrastive Train Loss: 7.85, Recon Train Loss: 1.07, Total Valid Loss: 14.39, Contrastive Valid Loss: 22.74, Recon Valid Loss: 1.17, Learning Rate: 1.0000000000000002e-07
Epoch: 50, Alpha: 0.61, Total Train Loss: 5.21, Contrastive Train Loss: 7.90, Recon Train Loss: 1.07, Total Valid Loss: 14.50, Contrastive Valid Loss: 23.14, Recon Valid Loss: 1.18, Learning Rate: 1.0000000000000002e-07
Epoch: 51, Alpha: 0.60, Total Train Loss: 5.16, Contrastive Train Loss: 7.89, Recon Train Loss: 1.07, Total Valid Loss: 14.33, Contrastive Valid Loss: 23.07, Recon Valid Loss: 1.18, Learning Rate: 1.0000000000000002e-07
Epoch: 52, Alpha: 0.59, Total Train Loss: 5.08, Contrastive Train Loss: 7.82, Recon Train Loss: 1.07, Total Valid Loss: 14.15, Contrastive Valid Loss: 23.01, Recon Valid Loss: 1.17, Learning Rate: 1.0000000000000002e-07
Epoch: 53, Alpha: 0.59, Total Train Loss: 4.99, Contrastive Train Loss: 7.73, Recon Train Loss: 1.07, Total Valid Loss: 13.94, Contrastive Valid Loss: 22.86, Recon Valid Loss: 1.18, Learning Rate: 1.0000000000000002e-07
Epoch: 54, Alpha: 0.58, Total Train Loss: 5.03, Contrastive Train Loss: 7.86, Recon Train Loss: 1.07, Total Valid Loss: 13.70, Contrastive Valid Loss: 22.67, Recon Valid Loss: 1.17, Learning Rate: 1.0000000000000002e-07
Epoch: 55, Alpha: 0.58, Total Train Loss: 5.00, Contrastive Train Loss: 7.87, Recon Train Loss: 1.07, Total Valid Loss: 13.60, Contrastive Valid Loss: 22.72, Recon Valid Loss: 1.17, Learning Rate: 1.0000000000000002e-07
Epoch: 56, Alpha: 0.57, Total Train Loss: 4.96, Contrastive Train Loss: 7.87, Recon Train Loss: 1.07, Total Valid Loss: 13.65, Contrastive Valid Loss: 23.02, Recon Valid Loss: 1.17, Learning Rate: 1.0000000000000004e-08
Epoch: 57, Alpha: 0.57, Total Train Loss: 4.94, Contrastive Train Loss: 7.92, Recon Train Loss: 1.07, Total Valid Loss: 13.94, Contrastive Valid Loss: 23.75, Recon Valid Loss: 1.17, Learning Rate: 1.0000000000000004e-08
Epoch: 58, Alpha: 0.56, Total Train Loss: 4.89, Contrastive Train Loss: 7.90, Recon Train Loss: 1.07, Total Valid Loss: 13.17, Contrastive Valid Loss: 22.60, Recon Valid Loss: 1.18, Learning Rate: 1.0000000000000004e-08
Epoch: 59, Alpha: 0.55, Total Train Loss: 4.81, Contrastive Train Loss: 7.82, Recon Train Loss: 1.07, Total Valid Loss: 13.35, Contrastive Valid Loss: 23.14, Recon Valid Loss: 1.18, Learning Rate: 1.0000000000000004e-08
Epoch: 60, Alpha: 0.55, Total Train Loss: 4.81, Contrastive Train Loss: 7.89, Recon Train Loss: 1.07, Total Valid Loss: 12.73, Contrastive Valid Loss: 22.24, Recon Valid Loss: 1.17, Learning Rate: 1.0000000000000004e-08
Epoch: 61, Alpha: 0.54, Total Train Loss: 4.78, Contrastive Train Loss: 7.90, Recon Train Loss: 1.07, Total Valid Loss: 12.86, Contrastive Valid Loss: 22.69, Recon Valid Loss: 1.17, Learning Rate: 1.0000000000000004e-08
Epoch: 62, Alpha: 0.54, Total Train Loss: 4.71, Contrastive Train Loss: 7.84, Recon Train Loss: 1.07, Total Valid Loss: 12.93, Contrastive Valid Loss: 23.02, Recon Valid Loss: 1.17, Learning Rate: 1.0000000000000004e-08
Epoch: 63, Alpha: 0.53, Total Train Loss: 4.67, Contrastive Train Loss: 7.82, Recon Train Loss: 1.07, Total Valid Loss: 12.79, Contrastive Valid Loss: 22.99, Recon Valid Loss: 1.17, Learning Rate: 1.0000000000000004e-08
Epoch: 64, Alpha: 0.53, Total Train Loss: 4.66, Contrastive Train Loss: 7.88, Recon Train Loss: 1.07, Total Valid Loss: 12.72, Contrastive Valid Loss: 23.06, Recon Valid Loss: 1.17, Learning Rate: 1.0000000000000004e-08
Epoch: 65, Alpha: 0.52, Total Train Loss: 4.58, Contrastive Train Loss: 7.79, Recon Train Loss: 1.07, Total Valid Loss: 12.46, Contrastive Valid Loss: 22.80, Recon Valid Loss: 1.17, Learning Rate: 1.0000000000000004e-08
Epoch: 66, Alpha: 0.52, Total Train Loss: 4.59, Contrastive Train Loss: 7.87, Recon Train Loss: 1.07, Total Valid Loss: 12.03, Contrastive Valid Loss: 22.19, Recon Valid Loss: 1.16, Learning Rate: 1.0000000000000004e-08
Epoch: 67, Alpha: 0.51, Total Train Loss: 4.56, Contrastive Train Loss: 7.89, Recon Train Loss: 1.07, Total Valid Loss: 12.13, Contrastive Valid Loss: 22.59, Recon Valid Loss: 1.17, Learning Rate: 1.0000000000000004e-08
Epoch: 68, Alpha: 0.51, Total Train Loss: 4.54, Contrastive Train Loss: 7.91, Recon Train Loss: 1.07, Total Valid Loss: 12.39, Contrastive Valid Loss: 23.32, Recon Valid Loss: 1.17, Learning Rate: 1.0000000000000004e-08
Epoch: 69, Alpha: 0.50, Total Train Loss: 4.49, Contrastive Train Loss: 7.89, Recon Train Loss: 1.07, Total Valid Loss: 12.02, Contrastive Valid Loss: 22.80, Recon Valid Loss: 1.17, Learning Rate: 1.0000000000000004e-08
Epoch: 70, Alpha: 0.50, Total Train Loss: 4.48, Contrastive Train Loss: 7.94, Recon Train Loss: 1.07, Total Valid Loss: 12.07, Contrastive Valid Loss: 23.12, Recon Valid Loss: 1.17, Learning Rate: 1.0000000000000004e-08
Epoch: 71, Alpha: 0.49, Total Train Loss: 4.42, Contrastive Train Loss: 7.89, Recon Train Loss: 1.07, Total Valid Loss: 11.83, Contrastive Valid Loss: 22.86, Recon Valid Loss: 1.16, Learning Rate: 1.0000000000000004e-08
Epoch: 72, Alpha: 0.49, Total Train Loss: 4.36, Contrastive Train Loss: 7.83, Recon Train Loss: 1.07, Total Valid Loss: 11.82, Contrastive Valid Loss: 23.05, Recon Valid Loss: 1.18, Learning Rate: 1.0000000000000004e-08
Epoch: 73, Alpha: 0.48, Total Train Loss: 4.37, Contrastive Train Loss: 7.91, Recon Train Loss: 1.07, Total Valid Loss: 11.92, Contrastive Valid Loss: 23.48, Recon Valid Loss: 1.17, Learning Rate: 1.0000000000000004e-08
Epoch: 74, Alpha: 0.48, Total Train Loss: 4.31, Contrastive Train Loss: 7.86, Recon Train Loss: 1.07, Total Valid Loss: 11.62, Contrastive Valid Loss: 23.07, Recon Valid Loss: 1.18, Learning Rate: 1.0000000000000004e-08
Epoch: 75, Alpha: 0.47, Total Train Loss: 4.29, Contrastive Train Loss: 7.89, Recon Train Loss: 1.07, Total Valid Loss: 11.35, Contrastive Valid Loss: 22.71, Recon Valid Loss: 1.18, Learning Rate: 1.0000000000000004e-08
Epoch: 76, Alpha: 0.47, Total Train Loss: 4.25, Contrastive Train Loss: 7.88, Recon Train Loss: 1.07, Total Valid Loss: 11.42, Contrastive Valid Loss: 23.08, Recon Valid Loss: 1.17, Learning Rate: 1.0000000000000004e-08
Epoch: 77, Alpha: 0.46, Total Train Loss: 4.21, Contrastive Train Loss: 7.85, Recon Train Loss: 1.07, Total Valid Loss: 11.05, Contrastive Valid Loss: 22.52, Recon Valid Loss: 1.16, Learning Rate: 1.0000000000000004e-08
Epoch: 78, Alpha: 0.46, Total Train Loss: 4.16, Contrastive Train Loss: 7.81, Recon Train Loss: 1.07, Total Valid Loss: 10.96, Contrastive Valid Loss: 22.51, Recon Valid Loss: 1.17, Learning Rate: 1.0000000000000004e-08
Epoch: 79, Alpha: 0.45, Total Train Loss: 4.18, Contrastive Train Loss: 7.92, Recon Train Loss: 1.07, Total Valid Loss: 11.20, Contrastive Valid Loss: 23.28, Recon Valid Loss: 1.17, Learning Rate: 1.0000000000000004e-08
Epoch: 80, Alpha: 0.45, Total Train Loss: 4.12, Contrastive Train Loss: 7.86, Recon Train Loss: 1.07, Total Valid Loss: 10.93, Contrastive Valid Loss: 22.88, Recon Valid Loss: 1.17, Learning Rate: 1.0000000000000004e-08
Epoch: 81, Alpha: 0.44, Total Train Loss: 4.07, Contrastive Train Loss: 7.81, Recon Train Loss: 1.07, Total Valid Loss: 10.85, Contrastive Valid Loss: 22.92, Recon Valid Loss: 1.17, Learning Rate: 1.0000000000000004e-08
Epoch: 82, Alpha: 0.44, Total Train Loss: 4.06, Contrastive Train Loss: 7.86, Recon Train Loss: 1.07, Total Valid Loss: 10.62, Contrastive Valid Loss: 22.63, Recon Valid Loss: 1.17, Learning Rate: 1.0000000000000004e-08
Epoch: 83, Alpha: 0.44, Total Train Loss: 4.04, Contrastive Train Loss: 7.87, Recon Train Loss: 1.07, Total Valid Loss: 10.79, Contrastive Valid Loss: 23.24, Recon Valid Loss: 1.17, Learning Rate: 1.0000000000000004e-08
Epoch: 84, Alpha: 0.43, Total Train Loss: 4.00, Contrastive Train Loss: 7.86, Recon Train Loss: 1.07, Total Valid Loss: 10.54, Contrastive Valid Loss: 22.89, Recon Valid Loss: 1.17, Learning Rate: 1.0000000000000004e-08
Epoch: 85, Alpha: 0.43, Total Train Loss: 4.00, Contrastive Train Loss: 7.93, Recon Train Loss: 1.07, Total Valid Loss: 10.69, Contrastive Valid Loss: 23.43, Recon Valid Loss: 1.18, Learning Rate: 1.0000000000000004e-08
Epoch: 86, Alpha: 0.42, Total Train Loss: 3.96, Contrastive Train Loss: 7.90, Recon Train Loss: 1.07, Total Valid Loss: 10.14, Contrastive Valid Loss: 22.37, Recon Valid Loss: 1.17, Learning Rate: 1.0000000000000004e-08
Epoch: 87, Alpha: 0.42, Total Train Loss: 3.92, Contrastive Train Loss: 7.86, Recon Train Loss: 1.07, Total Valid Loss: 10.82, Contrastive Valid Loss: 24.19, Recon Valid Loss: 1.18, Learning Rate: 1.0000000000000004e-08
Epoch: 88, Alpha: 0.41, Total Train Loss: 3.89, Contrastive Train Loss: 7.86, Recon Train Loss: 1.07, Total Valid Loss: 10.17, Contrastive Valid Loss: 22.87, Recon Valid Loss: 1.17, Learning Rate: 1.0000000000000004e-08
Epoch: 89, Alpha: 0.41, Total Train Loss: 3.88, Contrastive Train Loss: 7.90, Recon Train Loss: 1.07, Total Valid Loss: 10.19, Contrastive Valid Loss: 23.12, Recon Valid Loss: 1.17, Learning Rate: 1.0000000000000004e-08
Epoch: 90, Alpha: 0.41, Total Train Loss: 3.84, Contrastive Train Loss: 7.89, Recon Train Loss: 1.07, Total Valid Loss: 10.04, Contrastive Valid Loss: 22.97, Recon Valid Loss: 1.17, Learning Rate: 1.0000000000000004e-08
Epoch: 91, Alpha: 0.40, Total Train Loss: 3.81, Contrastive Train Loss: 7.88, Recon Train Loss: 1.07, Total Valid Loss: 9.96, Contrastive Valid Loss: 23.00, Recon Valid Loss: 1.17, Learning Rate: 1.0000000000000004e-08
Epoch: 92, Alpha: 0.40, Total Train Loss: 3.80, Contrastive Train Loss: 7.92, Recon Train Loss: 1.07, Total Valid Loss: 10.00, Contrastive Valid Loss: 23.32, Recon Valid Loss: 1.17, Learning Rate: 1.0000000000000004e-08
Epoch: 93, Alpha: 0.39, Total Train Loss: 3.79, Contrastive Train Loss: 7.96, Recon Train Loss: 1.07, Total Valid Loss: 9.62, Contrastive Valid Loss: 22.58, Recon Valid Loss: 1.17, Learning Rate: 1.0000000000000004e-08
Epoch: 94, Alpha: 0.39, Total Train Loss: 3.74, Contrastive Train Loss: 7.91, Recon Train Loss: 1.07, Total Valid Loss: 9.93, Contrastive Valid Loss: 23.59, Recon Valid Loss: 1.17, Learning Rate: 1.0000000000000004e-08
Epoch: 95, Alpha: 0.39, Total Train Loss: 3.69, Contrastive Train Loss: 7.84, Recon Train Loss: 1.07, Total Valid Loss: 9.82, Contrastive Valid Loss: 23.54, Recon Valid Loss: 1.18, Learning Rate: 1.0000000000000004e-08
Epoch: 96, Alpha: 0.38, Total Train Loss: 3.71, Contrastive Train Loss: 7.96, Recon Train Loss: 1.07, Total Valid Loss: 9.68, Contrastive Valid Loss: 23.39, Recon Valid Loss: 1.17, Learning Rate: 1.0000000000000004e-08
Epoch: 97, Alpha: 0.38, Total Train Loss: 3.66, Contrastive Train Loss: 7.89, Recon Train Loss: 1.07, Total Valid Loss: 9.39, Contrastive Valid Loss: 22.85, Recon Valid Loss: 1.17, Learning Rate: 1.0000000000000004e-08
Epoch: 98, Alpha: 0.38, Total Train Loss: 3.63, Contrastive Train Loss: 7.90, Recon Train Loss: 1.07, Total Valid Loss: 9.22, Contrastive Valid Loss: 22.62, Recon Valid Loss: 1.17, Learning Rate: 1.0000000000000004e-08
Epoch: 99, Alpha: 0.37, Total Train Loss: 3.59, Contrastive Train Loss: 7.85, Recon Train Loss: 1.07, Total Valid Loss: 9.17, Contrastive Valid Loss: 22.69, Recon Valid Loss: 1.17, Learning Rate: 1.0000000000000004e-08
Epoch: 100, Alpha: 0.37, Total Train Loss: 3.56, Contrastive Train Loss: 7.83, Recon Train Loss: 1.07, Total Valid Loss: 9.41, Contrastive Valid Loss: 23.57, Recon Valid Loss: 1.17, Learning Rate: 1.0000000000000004e-08
Epoch: 101, Alpha: 0.36, Total Train Loss: 3.59, Contrastive Train Loss: 7.98, Recon Train Loss: 1.07, Total Valid Loss: 9.22, Contrastive Valid Loss: 23.28, Recon Valid Loss: 1.16, Learning Rate: 1.0000000000000004e-08
Epoch: 102, Alpha: 0.36, Total Train Loss: 3.54, Contrastive Train Loss: 7.91, Recon Train Loss: 1.07, Total Valid Loss: 8.99, Contrastive Valid Loss: 22.86, Recon Valid Loss: 1.17, Learning Rate: 1.0000000000000004e-08
Epoch: 103, Alpha: 0.36, Total Train Loss: 3.52, Contrastive Train Loss: 7.92, Recon Train Loss: 1.07, Total Valid Loss: 9.01, Contrastive Valid Loss: 23.13, Recon Valid Loss: 1.17, Learning Rate: 1.0000000000000004e-08
Epoch: 104, Alpha: 0.35, Total Train Loss: 3.47, Contrastive Train Loss: 7.85, Recon Train Loss: 1.07, Total Valid Loss: 8.99, Contrastive Valid Loss: 23.28, Recon Valid Loss: 1.18, Learning Rate: 1.0000000000000004e-08
Epoch: 105, Alpha: 0.35, Total Train Loss: 3.46, Contrastive Train Loss: 7.89, Recon Train Loss: 1.07, Total Valid Loss: 8.63, Contrastive Valid Loss: 22.50, Recon Valid Loss: 1.17, Learning Rate: 1.0000000000000004e-08
Epoch: 106, Alpha: 0.35, Total Train Loss: 3.43, Contrastive Train Loss: 7.89, Recon Train Loss: 1.07, Total Valid Loss: 8.72, Contrastive Valid Loss: 22.95, Recon Valid Loss: 1.18, Learning Rate: 1.0000000000000004e-08
Epoch: 107, Alpha: 0.34, Total Train Loss: 3.44, Contrastive Train Loss: 7.97, Recon Train Loss: 1.07, Total Valid Loss: 8.64, Contrastive Valid Loss: 22.94, Recon Valid Loss: 1.17, Learning Rate: 1.0000000000000004e-08
Epoch: 108, Alpha: 0.34, Total Train Loss: 3.39, Contrastive Train Loss: 7.90, Recon Train Loss: 1.07, Total Valid Loss: 8.63, Contrastive Valid Loss: 23.12, Recon Valid Loss: 1.18, Learning Rate: 1.0000000000000004e-08
Epoch: 109, Alpha: 0.34, Total Train Loss: 3.36, Contrastive Train Loss: 7.87, Recon Train Loss: 1.07, Total Valid Loss: 8.45, Contrastive Valid Loss: 22.82, Recon Valid Loss: 1.17, Learning Rate: 1.0000000000000004e-08
Epoch: 110, Alpha: 0.33, Total Train Loss: 3.34, Contrastive Train Loss: 7.88, Recon Train Loss: 1.07, Total Valid Loss: 8.54, Contrastive Valid Loss: 23.32, Recon Valid Loss: 1.16, Learning Rate: 1.0000000000000004e-08
Epoch: 111, Alpha: 0.33, Total Train Loss: 3.32, Contrastive Train Loss: 7.90, Recon Train Loss: 1.07, Total Valid Loss: 8.25, Contrastive Valid Loss: 22.63, Recon Valid Loss: 1.18, Learning Rate: 1.0000000000000004e-08
Epoch: 112, Alpha: 0.33, Total Train Loss: 3.29, Contrastive Train Loss: 7.88, Recon Train Loss: 1.07, Total Valid Loss: 8.28, Contrastive Valid Loss: 22.98, Recon Valid Loss: 1.16, Learning Rate: 1.0000000000000004e-08
Epoch: 113, Alpha: 0.32, Total Train Loss: 3.26, Contrastive Train Loss: 7.86, Recon Train Loss: 1.07, Total Valid Loss: 8.23, Contrastive Valid Loss: 23.03, Recon Valid Loss: 1.17, Learning Rate: 1.0000000000000004e-08
Epoch: 114, Alpha: 0.32, Total Train Loss: 3.24, Contrastive Train Loss: 7.86, Recon Train Loss: 1.07, Total Valid Loss: 8.04, Contrastive Valid Loss: 22.64, Recon Valid Loss: 1.17, Learning Rate: 1.0000000000000004e-08
Epoch: 115, Alpha: 0.32, Total Train Loss: 3.23, Contrastive Train Loss: 7.88, Recon Train Loss: 1.07, Total Valid Loss: 8.15, Contrastive Valid Loss: 23.22, Recon Valid Loss: 1.17, Learning Rate: 1.0000000000000004e-08
Epoch: 116, Alpha: 0.31, Total Train Loss: 3.21, Contrastive Train Loss: 7.88, Recon Train Loss: 1.07, Total Valid Loss: 8.03, Contrastive Valid Loss: 23.06, Recon Valid Loss: 1.17, Learning Rate: 1.0000000000000004e-08
Epoch: 117, Alpha: 0.31, Total Train Loss: 3.19, Contrastive Train Loss: 7.88, Recon Train Loss: 1.07, Total Valid Loss: 8.01, Contrastive Valid Loss: 23.23, Recon Valid Loss: 1.17, Learning Rate: 1.0000000000000004e-08
Epoch: 118, Alpha: 0.31, Total Train Loss: 3.16, Contrastive Train Loss: 7.86, Recon Train Loss: 1.07, Total Valid Loss: 7.90, Contrastive Valid Loss: 23.08, Recon Valid Loss: 1.16, Learning Rate: 1.0000000000000004e-08
Epoch: 119, Alpha: 0.30, Total Train Loss: 3.13, Contrastive Train Loss: 7.84, Recon Train Loss: 1.07, Total Valid Loss: 7.76, Contrastive Valid Loss: 22.82, Recon Valid Loss: 1.17, Learning Rate: 1.0000000000000004e-08
Epoch: 120, Alpha: 0.30, Total Train Loss: 3.12, Contrastive Train Loss: 7.88, Recon Train Loss: 1.07, Total Valid Loss: 7.84, Contrastive Valid Loss: 23.32, Recon Valid Loss: 1.17, Learning Rate: 1.0000000000000004e-08
Epoch: 121, Alpha: 0.30, Total Train Loss: 3.10, Contrastive Train Loss: 7.86, Recon Train Loss: 1.07, Total Valid Loss: 7.53, Contrastive Valid Loss: 22.50, Recon Valid Loss: 1.17, Learning Rate: 1.0000000000000004e-08
Epoch: 122, Alpha: 0.30, Total Train Loss: 3.08, Contrastive Train Loss: 7.86, Recon Train Loss: 1.07, Total Valid Loss: 7.39, Contrastive Valid Loss: 22.24, Recon Valid Loss: 1.16, Learning Rate: 1.0000000000000004e-08
Epoch: 123, Alpha: 0.29, Total Train Loss: 3.06, Contrastive Train Loss: 7.89, Recon Train Loss: 1.07, Total Valid Loss: 7.58, Contrastive Valid Loss: 23.12, Recon Valid Loss: 1.17, Learning Rate: 1.0000000000000004e-08
Epoch: 124, Alpha: 0.29, Total Train Loss: 3.07, Contrastive Train Loss: 7.97, Recon Train Loss: 1.07, Total Valid Loss: 7.63, Contrastive Valid Loss: 23.49, Recon Valid Loss: 1.17, Learning Rate: 1.0000000000000004e-08
Epoch: 125, Alpha: 0.29, Total Train Loss: 3.01, Contrastive Train Loss: 7.84, Recon Train Loss: 1.07, Total Valid Loss: 7.38, Contrastive Valid Loss: 22.84, Recon Valid Loss: 1.17, Learning Rate: 1.0000000000000004e-08
Epoch: 126, Alpha: 0.28, Total Train Loss: 3.02, Contrastive Train Loss: 7.95, Recon Train Loss: 1.07, Total Valid Loss: 7.22, Contrastive Valid Loss: 22.51, Recon Valid Loss: 1.16, Learning Rate: 1.0000000000000004e-08
Epoch: 127, Alpha: 0.28, Total Train Loss: 3.00, Contrastive Train Loss: 7.95, Recon Train Loss: 1.07, Total Valid Loss: 7.22, Contrastive Valid Loss: 22.73, Recon Valid Loss: 1.17, Learning Rate: 1.0000000000000004e-08
Epoch: 128, Alpha: 0.28, Total Train Loss: 2.97, Contrastive Train Loss: 7.91, Recon Train Loss: 1.07, Total Valid Loss: 7.22, Contrastive Valid Loss: 22.92, Recon Valid Loss: 1.17, Learning Rate: 1.0000000000000004e-08
Epoch: 129, Alpha: 0.28, Total Train Loss: 2.94, Contrastive Train Loss: 7.85, Recon Train Loss: 1.07, Total Valid Loss: 7.27, Contrastive Valid Loss: 23.32, Recon Valid Loss: 1.17, Learning Rate: 1.0000000000000004e-08
Epoch: 130, Alpha: 0.27, Total Train Loss: 2.93, Contrastive Train Loss: 7.88, Recon Train Loss: 1.07, Total Valid Loss: 7.14, Contrastive Valid Loss: 23.08, Recon Valid Loss: 1.17, Learning Rate: 1.0000000000000004e-08
Epoch: 131, Alpha: 0.27, Total Train Loss: 2.90, Contrastive Train Loss: 7.83, Recon Train Loss: 1.07, Total Valid Loss: 7.16, Contrastive Valid Loss: 23.39, Recon Valid Loss: 1.17, Learning Rate: 1.0000000000000004e-08
Epoch: 132, Alpha: 0.27, Total Train Loss: 2.88, Contrastive Train Loss: 7.85, Recon Train Loss: 1.07, Total Valid Loss: 7.01, Contrastive Valid Loss: 23.00, Recon Valid Loss: 1.18, Learning Rate: 1.0000000000000004e-08
Epoch: 133, Alpha: 0.26, Total Train Loss: 2.86, Contrastive Train Loss: 7.84, Recon Train Loss: 1.07, Total Valid Loss: 6.85, Contrastive Valid Loss: 22.65, Recon Valid Loss: 1.17, Learning Rate: 1.0000000000000004e-08
Epoch: 134, Alpha: 0.26, Total Train Loss: 2.85, Contrastive Train Loss: 7.86, Recon Train Loss: 1.07, Total Valid Loss: 6.78, Contrastive Valid Loss: 22.58, Recon Valid Loss: 1.17, Learning Rate: 1.0000000000000004e-08
Epoch: 135, Alpha: 0.26, Total Train Loss: 2.84, Contrastive Train Loss: 7.88, Recon Train Loss: 1.07, Total Valid Loss: 6.89, Contrastive Valid Loss: 23.24, Recon Valid Loss: 1.17, Learning Rate: 1.0000000000000004e-08
Epoch: 136, Alpha: 0.26, Total Train Loss: 2.83, Contrastive Train Loss: 7.91, Recon Train Loss: 1.07, Total Valid Loss: 6.96, Contrastive Valid Loss: 23.72, Recon Valid Loss: 1.17, Learning Rate: 1.0000000000000004e-08
Epoch: 137, Alpha: 0.25, Total Train Loss: 2.80, Contrastive Train Loss: 7.87, Recon Train Loss: 1.07, Total Valid Loss: 6.78, Contrastive Valid Loss: 23.25, Recon Valid Loss: 1.17, Learning Rate: 1.0000000000000004e-08
Epoch: 138, Alpha: 0.25, Total Train Loss: 2.78, Contrastive Train Loss: 7.86, Recon Train Loss: 1.07, Total Valid Loss: 6.69, Contrastive Valid Loss: 23.12, Recon Valid Loss: 1.17, Learning Rate: 1.0000000000000004e-08
Epoch: 139, Alpha: 0.25, Total Train Loss: 2.77, Contrastive Train Loss: 7.90, Recon Train Loss: 1.07, Total Valid Loss: 6.52, Contrastive Valid Loss: 22.68, Recon Valid Loss: 1.17, Learning Rate: 1.0000000000000004e-08
Epoch: 140, Alpha: 0.25, Total Train Loss: 2.75, Contrastive Train Loss: 7.89, Recon Train Loss: 1.07, Total Valid Loss: 6.48, Contrastive Valid Loss: 22.71, Recon Valid Loss: 1.16, Learning Rate: 1.0000000000000004e-08
Epoch: 141, Alpha: 0.24, Total Train Loss: 2.72, Contrastive Train Loss: 7.81, Recon Train Loss: 1.07, Total Valid Loss: 6.48, Contrastive Valid Loss: 22.94, Recon Valid Loss: 1.17, Learning Rate: 1.0000000000000004e-08
Epoch: 142, Alpha: 0.24, Total Train Loss: 2.71, Contrastive Train Loss: 7.85, Recon Train Loss: 1.07, Total Valid Loss: 6.51, Contrastive Valid Loss: 23.24, Recon Valid Loss: 1.17, Learning Rate: 1.0000000000000004e-08
Epoch: 143, Alpha: 0.24, Total Train Loss: 2.70, Contrastive Train Loss: 7.89, Recon Train Loss: 1.07, Total Valid Loss: 6.32, Contrastive Valid Loss: 22.70, Recon Valid Loss: 1.17, Learning Rate: 1.0000000000000004e-08
Epoch: 144, Alpha: 0.24, Total Train Loss: 2.69, Contrastive Train Loss: 7.89, Recon Train Loss: 1.07, Total Valid Loss: 6.19, Contrastive Valid Loss: 22.39, Recon Valid Loss: 1.16, Learning Rate: 1.0000000000000004e-08
Epoch: 145, Alpha: 0.23, Total Train Loss: 2.67, Contrastive Train Loss: 7.86, Recon Train Loss: 1.07, Total Valid Loss: 6.23, Contrastive Valid Loss: 22.76, Recon Valid Loss: 1.17, Learning Rate: 1.0000000000000004e-08
Epoch: 146, Alpha: 0.23, Total Train Loss: 2.65, Contrastive Train Loss: 7.88, Recon Train Loss: 1.07, Total Valid Loss: 6.29, Contrastive Valid Loss: 23.20, Recon Valid Loss: 1.17, Learning Rate: 1.0000000000000004e-08
Epoch: 147, Alpha: 0.23, Total Train Loss: 2.64, Contrastive Train Loss: 7.88, Recon Train Loss: 1.07, Total Valid Loss: 6.21, Contrastive Valid Loss: 23.12, Recon Valid Loss: 1.17, Learning Rate: 1.0000000000000004e-08
Epoch: 148, Alpha: 0.23, Total Train Loss: 2.61, Contrastive Train Loss: 7.84, Recon Train Loss: 1.07, Total Valid Loss: 6.08, Contrastive Valid Loss: 22.76, Recon Valid Loss: 1.17, Learning Rate: 1.0000000000000004e-08
Epoch: 149, Alpha: 0.23, Total Train Loss: 2.60, Contrastive Train Loss: 7.86, Recon Train Loss: 1.07, Total Valid Loss: 6.06, Contrastive Valid Loss: 22.86, Recon Valid Loss: 1.17, Learning Rate: 1.0000000000000004e-08
Epoch: 150, Alpha: 0.22, Total Train Loss: 2.59, Contrastive Train Loss: 7.86, Recon Train Loss: 1.07, Total Valid Loss: 5.91, Contrastive Valid Loss: 22.42, Recon Valid Loss: 1.17, Learning Rate: 1.0000000000000004e-08
Epoch: 151, Alpha: 0.22, Total Train Loss: 2.58, Contrastive Train Loss: 7.88, Recon Train Loss: 1.07, Total Valid Loss: 6.03, Contrastive Valid Loss: 23.18, Recon Valid Loss: 1.17, Learning Rate: 1.0000000000000004e-08
Epoch: 152, Alpha: 0.22, Total Train Loss: 2.58, Contrastive Train Loss: 7.97, Recon Train Loss: 1.07, Total Valid Loss: 5.80, Contrastive Valid Loss: 22.31, Recon Valid Loss: 1.17, Learning Rate: 1.0000000000000004e-08
Epoch: 153, Alpha: 0.22, Total Train Loss: 2.54, Contrastive Train Loss: 7.84, Recon Train Loss: 1.07, Total Valid Loss: 5.99, Contrastive Valid Loss: 23.43, Recon Valid Loss: 1.17, Learning Rate: 1.0000000000000004e-08
Epoch: 154, Alpha: 0.21, Total Train Loss: 2.53, Contrastive Train Loss: 7.85, Recon Train Loss: 1.07, Total Valid Loss: 6.00, Contrastive Valid Loss: 23.71, Recon Valid Loss: 1.17, Learning Rate: 1.0000000000000004e-08
Epoch: 155, Alpha: 0.21, Total Train Loss: 2.52, Contrastive Train Loss: 7.88, Recon Train Loss: 1.07, Total Valid Loss: 5.87, Contrastive Valid Loss: 23.29, Recon Valid Loss: 1.17, Learning Rate: 1.0000000000000004e-08
Epoch: 156, Alpha: 0.21, Total Train Loss: 2.50, Contrastive Train Loss: 7.89, Recon Train Loss: 1.07, Total Valid Loss: 5.69, Contrastive Valid Loss: 22.68, Recon Valid Loss: 1.16, Learning Rate: 1.0000000000000004e-08
Epoch: 157, Alpha: 0.21, Total Train Loss: 2.48, Contrastive Train Loss: 7.85, Recon Train Loss: 1.07, Total Valid Loss: 5.80, Contrastive Valid Loss: 23.46, Recon Valid Loss: 1.16, Learning Rate: 1.0000000000000004e-08
Epoch: 158, Alpha: 0.21, Total Train Loss: 2.46, Contrastive Train Loss: 7.82, Recon Train Loss: 1.07, Total Valid Loss: 5.77, Contrastive Valid Loss: 23.54, Recon Valid Loss: 1.16, Learning Rate: 1.0000000000000004e-08
Epoch: 159, Alpha: 0.20, Total Train Loss: 2.46, Contrastive Train Loss: 7.87, Recon Train Loss: 1.07, Total Valid Loss: 5.71, Contrastive Valid Loss: 23.43, Recon Valid Loss: 1.17, Learning Rate: 1.0000000000000004e-08
Epoch: 160, Alpha: 0.20, Total Train Loss: 2.45, Contrastive Train Loss: 7.88, Recon Train Loss: 1.07, Total Valid Loss: 5.55, Contrastive Valid Loss: 22.87, Recon Valid Loss: 1.17, Learning Rate: 1.0000000000000004e-08
Epoch: 161, Alpha: 0.20, Total Train Loss: 2.43, Contrastive Train Loss: 7.88, Recon Train Loss: 1.07, Total Valid Loss: 5.48, Contrastive Valid Loss: 22.77, Recon Valid Loss: 1.17, Learning Rate: 1.0000000000000004e-08
Epoch: 162, Alpha: 0.20, Total Train Loss: 2.42, Contrastive Train Loss: 7.89, Recon Train Loss: 1.07, Total Valid Loss: 5.54, Contrastive Valid Loss: 23.26, Recon Valid Loss: 1.17, Learning Rate: 1.0000000000000004e-08
Epoch: 163, Alpha: 0.20, Total Train Loss: 2.40, Contrastive Train Loss: 7.87, Recon Train Loss: 1.07, Total Valid Loss: 5.50, Contrastive Valid Loss: 23.28, Recon Valid Loss: 1.17, Learning Rate: 1.0000000000000004e-08
Epoch: 164, Alpha: 0.19, Total Train Loss: 2.37, Contrastive Train Loss: 7.79, Recon Train Loss: 1.07, Total Valid Loss: 5.34, Contrastive Valid Loss: 22.72, Recon Valid Loss: 1.16, Learning Rate: 1.0000000000000004e-08
Epoch: 165, Alpha: 0.19, Total Train Loss: 2.38, Contrastive Train Loss: 7.90, Recon Train Loss: 1.07, Total Valid Loss: 5.35, Contrastive Valid Loss: 22.95, Recon Valid Loss: 1.17, Learning Rate: 1.0000000000000004e-08
Epoch: 166, Alpha: 0.19, Total Train Loss: 2.36, Contrastive Train Loss: 7.85, Recon Train Loss: 1.07, Total Valid Loss: 5.34, Contrastive Valid Loss: 23.10, Recon Valid Loss: 1.17, Learning Rate: 1.0000000000000004e-08
Epoch: 167, Alpha: 0.19, Total Train Loss: 2.35, Contrastive Train Loss: 7.87, Recon Train Loss: 1.07, Total Valid Loss: 5.21, Contrastive Valid Loss: 22.66, Recon Valid Loss: 1.16, Learning Rate: 1.0000000000000004e-08
Epoch: 168, Alpha: 0.19, Total Train Loss: 2.33, Contrastive Train Loss: 7.85, Recon Train Loss: 1.07, Total Valid Loss: 5.27, Contrastive Valid Loss: 23.13, Recon Valid Loss: 1.17, Learning Rate: 1.0000000000000004e-08
Epoch: 169, Alpha: 0.18, Total Train Loss: 2.32, Contrastive Train Loss: 7.86, Recon Train Loss: 1.07, Total Valid Loss: 5.18, Contrastive Valid Loss: 22.90, Recon Valid Loss: 1.17, Learning Rate: 1.0000000000000004e-08
Epoch: 170, Alpha: 0.18, Total Train Loss: 2.31, Contrastive Train Loss: 7.87, Recon Train Loss: 1.07, Total Valid Loss: 5.25, Contrastive Valid Loss: 23.50, Recon Valid Loss: 1.17, Learning Rate: 1.0000000000000004e-08
Epoch: 171, Alpha: 0.18, Total Train Loss: 2.30, Contrastive Train Loss: 7.88, Recon Train Loss: 1.07, Total Valid Loss: 5.02, Contrastive Valid Loss: 22.45, Recon Valid Loss: 1.17, Learning Rate: 1.0000000000000004e-08
Epoch: 172, Alpha: 0.18, Total Train Loss: 2.28, Contrastive Train Loss: 7.84, Recon Train Loss: 1.07, Total Valid Loss: 4.99, Contrastive Valid Loss: 22.49, Recon Valid Loss: 1.17, Learning Rate: 1.0000000000000004e-08
Epoch: 173, Alpha: 0.18, Total Train Loss: 2.28, Contrastive Train Loss: 7.87, Recon Train Loss: 1.07, Total Valid Loss: 5.13, Contrastive Valid Loss: 23.54, Recon Valid Loss: 1.17, Learning Rate: 1.0000000000000004e-08
Epoch: 174, Alpha: 0.18, Total Train Loss: 2.27, Contrastive Train Loss: 7.88, Recon Train Loss: 1.07, Total Valid Loss: 4.96, Contrastive Valid Loss: 22.77, Recon Valid Loss: 1.17, Learning Rate: 1.0000000000000004e-08
Epoch: 175, Alpha: 0.17, Total Train Loss: 2.25, Contrastive Train Loss: 7.85, Recon Train Loss: 1.07, Total Valid Loss: 5.02, Contrastive Valid Loss: 23.34, Recon Valid Loss: 1.16, Learning Rate: 1.0000000000000004e-08
Epoch: 176, Alpha: 0.17, Total Train Loss: 2.24, Contrastive Train Loss: 7.84, Recon Train Loss: 1.07, Total Valid Loss: 4.79, Contrastive Valid Loss: 22.29, Recon Valid Loss: 1.16, Learning Rate: 1.0000000000000004e-08
Epoch: 177, Alpha: 0.17, Total Train Loss: 2.24, Contrastive Train Loss: 7.94, Recon Train Loss: 1.07, Total Valid Loss: 4.86, Contrastive Valid Loss: 22.86, Recon Valid Loss: 1.17, Learning Rate: 1.0000000000000004e-08
Epoch: 178, Alpha: 0.17, Total Train Loss: 2.23, Contrastive Train Loss: 7.94, Recon Train Loss: 1.07, Total Valid Loss: 4.81, Contrastive Valid Loss: 22.73, Recon Valid Loss: 1.17, Learning Rate: 1.0000000000000004e-08
Epoch: 179, Alpha: 0.17, Total Train Loss: 2.20, Contrastive Train Loss: 7.83, Recon Train Loss: 1.07, Total Valid Loss: 4.89, Contrastive Valid Loss: 23.52, Recon Valid Loss: 1.16, Learning Rate: 1.0000000000000004e-08
Starting Downstream Task
torch.Size([2806, 5, 64, 32])
torch.Size([935, 5, 64, 32])
torch.Size([937, 5, 64, 32])
Shape: (5, 144, 72)
Epoch: 0, Train Loss: 80975931.63636, Valid Loss: 83289525.86667
Epoch: 1, Train Loss: 80428743.45455, Valid Loss: 82964587.20000
Epoch: 2, Train Loss: 80386020.54545, Valid Loss: 82728243.20000
Epoch: 3, Train Loss: 79855802.72727, Valid Loss: 82341721.06667
Epoch: 4, Train Loss: 79572440.00000, Valid Loss: 82428970.13333
Epoch: 5, Train Loss: 79418705.63636, Valid Loss: 82083214.93333
Epoch: 6, Train Loss: 79234616.90909, Valid Loss: 81639715.73333
Epoch: 7, Train Loss: 79049083.63636, Valid Loss: 81511474.13333
Epoch: 8, Train Loss: 78508494.18182, Valid Loss: 81067209.06667
Epoch: 9, Train Loss: 78324464.90909, Valid Loss: 80669657.60000
Epoch: 10, Train Loss: 78319075.81818, Valid Loss: 80683934.93333
Epoch: 11, Train Loss: 78053343.27273, Valid Loss: 80419075.20000
Epoch: 12, Train Loss: 77648732.18182, Valid Loss: 80321513.60000
Epoch: 13, Train Loss: 77418616.90909, Valid Loss: 80289308.26667
Epoch: 14, Train Loss: 77276342.90909, Valid Loss: 80124896.53333
Epoch: 15, Train Loss: 76877684.00000, Valid Loss: 79694152.53333
Epoch: 16, Train Loss: 76605071.45455, Valid Loss: 79450667.73333
Epoch: 17, Train Loss: 76411939.81818, Valid Loss: 79124872.00000
Epoch: 18, Train Loss: 76220704.90909, Valid Loss: 78933638.93333
Epoch: 19, Train Loss: 76059518.18182, Valid Loss: 78207693.86667
Epoch: 20, Train Loss: 75840664.90909, Valid Loss: 78412309.33333
Epoch: 21, Train Loss: 75505087.81818, Valid Loss: 78210301.86667
Epoch: 22, Train Loss: 75252270.72727, Valid Loss: 77841351.20000
Epoch: 23, Train Loss: 74982781.27273, Valid Loss: 77744836.26667
Epoch: 24, Train Loss: 74921769.09091, Valid Loss: 77268632.80000
Epoch: 25, Train Loss: 74716158.18182, Valid Loss: 77277464.26667
Epoch: 26, Train Loss: 74387154.18182, Valid Loss: 76998401.86667
Epoch: 27, Train Loss: 74174269.63636, Valid Loss: 76765022.13333
Epoch: 28, Train Loss: 73836740.00000, Valid Loss: 76474220.53333
Epoch: 29, Train Loss: 73778713.63636, Valid Loss: 76305990.40000
Epoch: 30, Train Loss: 73574064.54545, Valid Loss: 76184442.93333
Epoch: 31, Train Loss: 73322743.81818, Valid Loss: 75638537.06667
Epoch: 32, Train Loss: 73060906.72727, Valid Loss: 75334733.06667
Epoch: 33, Train Loss: 72643288.72727, Valid Loss: 75274601.33333
Epoch: 34, Train Loss: 72573750.00000, Valid Loss: 75026415.46667
Epoch: 35, Train Loss: 72215171.63636, Valid Loss: 74759273.33333
Epoch: 36, Train Loss: 71970860.90909, Valid Loss: 74415960.26667
Epoch: 37, Train Loss: 71771770.18182, Valid Loss: 74296342.40000
Epoch: 38, Train Loss: 71570089.63636, Valid Loss: 74064368.26667
Epoch: 39, Train Loss: 71301542.54545, Valid Loss: 73845173.33333
Epoch: 40, Train Loss: 71156308.45455, Valid Loss: 73508536.26667
Epoch: 41, Train Loss: 70952513.00000, Valid Loss: 73391514.40000
Epoch: 42, Train Loss: 70752617.63636, Valid Loss: 73032157.33333
Epoch: 43, Train Loss: 70332040.45455, Valid Loss: 73030645.06667
Epoch: 44, Train Loss: 70301548.54545, Valid Loss: 72608137.33333
Epoch: 45, Train Loss: 70057108.18182, Valid Loss: 72452959.73333
Epoch: 46, Train Loss: 69681811.00000, Valid Loss: 71914682.93333
Epoch: 47, Train Loss: 69571229.00000, Valid Loss: 71978869.86667
Epoch: 48, Train Loss: 69372744.09091, Valid Loss: 71510197.33333
Epoch: 49, Train Loss: 69034311.63636, Valid Loss: 71667352.80000
Epoch: 50, Train Loss: 68890139.90909, Valid Loss: 71489806.40000
Epoch: 51, Train Loss: 68476634.27273, Valid Loss: 71109200.53333
Epoch: 52, Train Loss: 68493632.45455, Valid Loss: 70770644.80000
Epoch: 53, Train Loss: 68135138.09091, Valid Loss: 70661101.33333
Epoch: 54, Train Loss: 67995699.81818, Valid Loss: 70580712.80000
Epoch: 55, Train Loss: 67913993.00000, Valid Loss: 70149232.53333
Epoch: 56, Train Loss: 67739577.36364, Valid Loss: 69925081.33333
Epoch: 57, Train Loss: 67372044.72727, Valid Loss: 69693619.20000
Epoch: 58, Train Loss: 67120756.36364, Valid Loss: 69702851.46667
Epoch: 59, Train Loss: 66929436.63636, Valid Loss: 69489217.06667
Epoch: 60, Train Loss: 66882869.18182, Valid Loss: 69512297.33333
Epoch: 61, Train Loss: 66564791.27273, Valid Loss: 69123546.66667
Epoch: 62, Train Loss: 66397209.00000, Valid Loss: 68943655.20000
Epoch: 63, Train Loss: 66058371.00000, Valid Loss: 68374649.86667
Epoch: 64, Train Loss: 65965847.81818, Valid Loss: 68148064.53333
Epoch: 65, Train Loss: 65582218.36364, Valid Loss: 68275658.66667
Epoch: 66, Train Loss: 65575294.45455, Valid Loss: 67944027.46667
Epoch: 67, Train Loss: 65419893.81818, Valid Loss: 67534668.80000
Epoch: 68, Train Loss: 65199011.63636, Valid Loss: 67465418.40000
Epoch: 69, Train Loss: 64718223.00000, Valid Loss: 67191637.86667
Epoch: 70, Train Loss: 64786198.63636, Valid Loss: 66881170.66667
Epoch: 71, Train Loss: 64465157.54545, Valid Loss: 66921639.20000
Epoch: 72, Train Loss: 64216731.72727, Valid Loss: 66670218.13333
Epoch: 73, Train Loss: 63996763.00000, Valid Loss: 66750689.06667
Epoch: 74, Train Loss: 63857756.63636, Valid Loss: 66001216.26667
Epoch: 75, Train Loss: 63608023.54545, Valid Loss: 65890569.86667
Epoch: 76, Train Loss: 63454849.18182, Valid Loss: 65470314.93333
Epoch: 77, Train Loss: 63201087.27273, Valid Loss: 65428016.80000
Epoch: 78, Train Loss: 63068976.09091, Valid Loss: 65176671.46667
Epoch: 79, Train Loss: 62821900.63636, Valid Loss: 65228756.80000
Epoch: 80, Train Loss: 62654211.54545, Valid Loss: 65091117.86667
Epoch: 81, Train Loss: 62575676.81818, Valid Loss: 64769377.33333
Epoch: 82, Train Loss: 62299445.09091, Valid Loss: 64904840.00000
Epoch: 83, Train Loss: 62045545.63636, Valid Loss: 64453551.20000
Epoch: 84, Train Loss: 61781790.81818, Valid Loss: 64011293.06667
Epoch: 85, Train Loss: 61566962.36364, Valid Loss: 63917834.40000
Epoch: 86, Train Loss: 61416819.09091, Valid Loss: 63711714.66667
Epoch: 87, Train Loss: 61280096.00000, Valid Loss: 63508585.33333
Epoch: 88, Train Loss: 61086102.90909, Valid Loss: 63153833.60000
Epoch: 89, Train Loss: 60971802.72727, Valid Loss: 63214607.20000
Epoch: 90, Train Loss: 60513493.18182, Valid Loss: 62819522.13333
Epoch: 91, Train Loss: 60565806.00000, Valid Loss: 62913588.26667
Epoch: 92, Train Loss: 60262981.90909, Valid Loss: 62558202.13333
Epoch: 93, Train Loss: 60119109.18182, Valid Loss: 62272011.73333
Epoch: 94, Train Loss: 59947307.36364, Valid Loss: 62057532.80000
Epoch: 95, Train Loss: 59722650.18182, Valid Loss: 61935876.00000
Epoch: 96, Train Loss: 59455589.45455, Valid Loss: 62014697.33333
Epoch: 97, Train Loss: 59351144.45455, Valid Loss: 61591216.53333
Epoch: 98, Train Loss: 59104933.36364, Valid Loss: 61525367.46667
Epoch: 99, Train Loss: 59010439.09091, Valid Loss: 61260045.33333
Test Loss: 61213564.53333
Traceback (most recent call last):
Traceback (most recent call last):
Traceback (most recent call last):
Traceback (most recent call last):
  File "/usr/lib/python3.12/multiprocessing/forkserver.py", line 274, in main
  File "/usr/lib/python3.12/multiprocessing/forkserver.py", line 274, in main
  File "/usr/lib/python3.12/multiprocessing/forkserver.py", line 274, in main
  File "/usr/lib/python3.12/multiprocessing/forkserver.py", line 274, in main
    code = _serve_one(child_r, fds,
    code = _serve_one(child_r, fds,
    code = _serve_one(child_r, fds,
    code = _serve_one(child_r, fds,
           ^^^^^^^^^^^^^^^^^^^^^^^^
           ^^^^^^^^^^^^^^^^^^^^^^^^
           ^^^^^^^^^^^^^^^^^^^^^^^^
  File "/usr/lib/python3.12/multiprocessing/forkserver.py", line 313, in _serve_one
           ^^^^^^^^^^^^^^^^^^^^^^^^
  File "/usr/lib/python3.12/multiprocessing/forkserver.py", line 313, in _serve_one
  File "/usr/lib/python3.12/multiprocessing/forkserver.py", line 313, in _serve_one
  File "/usr/lib/python3.12/multiprocessing/forkserver.py", line 313, in _serve_one
    code = spawn._main(child_r, parent_sentinel)
    code = spawn._main(child_r, parent_sentinel)
    code = spawn._main(child_r, parent_sentinel)
    code = spawn._main(child_r, parent_sentinel)
           ^^^^^^^^^^^^^^^^^^^^^^^^^^^^^^^^^^^^^
           ^^^^^^^^^^^^^^^^^^^^^^^^^^^^^^^^^^^^^
           ^^^^^^^^^^^^^^^^^^^^^^^^^^^^^^^^^^^^^
           ^^^^^^^^^^^^^^^^^^^^^^^^^^^^^^^^^^^^^
  File "/usr/lib/python3.12/multiprocessing/spawn.py", line 131, in _main
  File "/usr/lib/python3.12/multiprocessing/spawn.py", line 131, in _main
  File "/usr/lib/python3.12/multiprocessing/spawn.py", line 131, in _main
  File "/usr/lib/python3.12/multiprocessing/spawn.py", line 131, in _main
    prepare(preparation_data)
    prepare(preparation_data)
    prepare(preparation_data)
    prepare(preparation_data)
  File "/usr/lib/python3.12/multiprocessing/spawn.py", line 235, in prepare
  File "/usr/lib/python3.12/multiprocessing/spawn.py", line 235, in prepare
  File "/usr/lib/python3.12/multiprocessing/spawn.py", line 235, in prepare
  File "/usr/lib/python3.12/multiprocessing/spawn.py", line 235, in prepare
    os.chdir(data['dir'])
    os.chdir(data['dir'])
    os.chdir(data['dir'])
    os.chdir(data['dir'])
FileNotFoundError: [Errno 2] No such file or directory: '/homes/nb324/Documents/masters_project_encoder_sparse_data_lower_latent_dim/barlow_twins_decoder_no_batch'
FileNotFoundError: [Errno 2] No such file or directory: '/homes/nb324/Documents/masters_project_encoder_sparse_data_lower_latent_dim/barlow_twins_decoder_no_batch'
FileNotFoundError: [Errno 2] No such file or directory: '/homes/nb324/Documents/masters_project_encoder_sparse_data_lower_latent_dim/barlow_twins_decoder_no_batch'
FileNotFoundError: [Errno 2] No such file or directory: '/homes/nb324/Documents/masters_project_encoder_sparse_data_lower_latent_dim/barlow_twins_decoder_no_batch'
Traceback (most recent call last):
  File "/vol/bitbucket/nb324/masters_project/.venv/lib/python3.12/site-packages/torch/utils/data/dataloader.py", line 1251, in _try_get_data
    data = self._data_queue.get(timeout=timeout)
           ^^^^^^^^^^^^^^^^^^^^^^^^^^^^^^^^^^^^^
  File "/usr/lib/python3.12/queue.py", line 179, in get
    raise Empty
_queue.Empty

The above exception was the direct cause of the following exception:

Traceback (most recent call last):
  File "/homes/nb324/Documents/masters_project_encoder_sparse_data_lower_latent_dim/barlow_twins_decoder_no_batch/main.py", line 119, in <module>
  File "/homes/nb324/Documents/masters_project_encoder_sparse_data_lower_latent_dim/barlow_twins_decoder_no_batch/main.py", line 116, in main
  File "/homes/nb324/Documents/masters_project_encoder_sparse_data_lower_latent_dim/downstream_model_lstm_no_decoder/downstream_task_main.py", line 100, in downstream_task
    test_error = test_lstm_model(encoder_model, seq2seq_model, loss_fn, testloader, DEVICE)
                 ^^^^^^^^^^^^^^^^^^^^^^^^^^^^^^^^^^^^^^^^^^^^^^^^^^^^^^^^^^^^^^^^^^^^^^^^^^
  File "/homes/nb324/Documents/masters_project_encoder_sparse_data_lower_latent_dim/downstream_model_lstm_no_decoder/downstream_model_lstm_test.py", line 19, in test_lstm_model
    for data in testloader:
  File "/vol/bitbucket/nb324/masters_project/.venv/lib/python3.12/site-packages/torch/utils/data/dataloader.py", line 708, in __next__
    data = self._next_data()
           ^^^^^^^^^^^^^^^^^
  File "/vol/bitbucket/nb324/masters_project/.venv/lib/python3.12/site-packages/torch/utils/data/dataloader.py", line 1458, in _next_data
    idx, data = self._get_data()
                ^^^^^^^^^^^^^^^^
  File "/vol/bitbucket/nb324/masters_project/.venv/lib/python3.12/site-packages/torch/utils/data/dataloader.py", line 1410, in _get_data
    success, data = self._try_get_data()
                    ^^^^^^^^^^^^^^^^^^^^
  File "/vol/bitbucket/nb324/masters_project/.venv/lib/python3.12/site-packages/torch/utils/data/dataloader.py", line 1264, in _try_get_data
    raise RuntimeError(
RuntimeError: DataLoader worker (pid(s) 4094701, 4094702, 4094703, 4094704) exited unexpectedly
