nohup: ignoring input
Epoch: 0, Train Loss: 3.86, Validation Loss: 3.43, Learning Rate: 0.0001
Epoch: 1, Train Loss: 2.89, Validation Loss: 3.14, Learning Rate: 0.0001
Epoch: 2, Train Loss: 2.71, Validation Loss: 3.01, Learning Rate: 0.0001
Epoch: 3, Train Loss: 2.61, Validation Loss: 2.92, Learning Rate: 0.0001
Epoch: 4, Train Loss: 2.56, Validation Loss: 2.88, Learning Rate: 0.0001
Epoch: 5, Train Loss: 2.53, Validation Loss: 2.84, Learning Rate: 0.0001
Epoch: 6, Train Loss: 2.50, Validation Loss: 2.82, Learning Rate: 0.0001
Epoch: 7, Train Loss: 2.48, Validation Loss: 2.80, Learning Rate: 0.0001
Epoch: 8, Train Loss: 2.47, Validation Loss: 2.78, Learning Rate: 0.0001
Epoch: 9, Train Loss: 2.45, Validation Loss: 2.76, Learning Rate: 0.0001
Epoch: 10, Train Loss: 2.44, Validation Loss: 2.75, Learning Rate: 0.0001
Epoch: 11, Train Loss: 2.43, Validation Loss: 2.74, Learning Rate: 0.0001
Epoch: 12, Train Loss: 2.43, Validation Loss: 2.73, Learning Rate: 0.0001
Epoch: 13, Train Loss: 2.42, Validation Loss: 2.75, Learning Rate: 0.0001
Epoch: 14, Train Loss: 2.42, Validation Loss: 2.72, Learning Rate: 0.0001
Epoch: 15, Train Loss: 2.41, Validation Loss: 2.73, Learning Rate: 0.0001
Epoch: 16, Train Loss: 2.40, Validation Loss: 2.73, Learning Rate: 0.0001
Epoch: 17, Train Loss: 2.40, Validation Loss: 2.72, Learning Rate: 0.0001
Epoch: 18, Train Loss: 2.40, Validation Loss: 2.72, Learning Rate: 0.0001
Epoch: 19, Train Loss: 2.39, Validation Loss: 2.71, Learning Rate: 0.0001
Epoch: 20, Train Loss: 2.39, Validation Loss: 2.71, Learning Rate: 0.0001
Epoch: 21, Train Loss: 2.39, Validation Loss: 2.71, Learning Rate: 0.0001
Epoch: 22, Train Loss: 2.38, Validation Loss: 2.70, Learning Rate: 0.0001
Epoch: 23, Train Loss: 2.38, Validation Loss: 2.71, Learning Rate: 0.0001
Epoch: 24, Train Loss: 2.38, Validation Loss: 2.72, Learning Rate: 0.0001
Epoch: 25, Train Loss: 2.38, Validation Loss: 2.70, Learning Rate: 0.0001
Epoch: 26, Train Loss: 2.37, Validation Loss: 2.69, Learning Rate: 0.0001
Epoch: 27, Train Loss: 2.37, Validation Loss: 2.71, Learning Rate: 0.0001
Epoch: 28, Train Loss: 2.37, Validation Loss: 2.71, Learning Rate: 0.0001
Epoch: 29, Train Loss: 2.37, Validation Loss: 2.70, Learning Rate: 0.0001
Epoch: 30, Train Loss: 2.37, Validation Loss: 2.69, Learning Rate: 0.0001
Epoch: 31, Train Loss: 2.36, Validation Loss: 2.69, Learning Rate: 0.0001
Epoch: 32, Train Loss: 2.36, Validation Loss: 2.70, Learning Rate: 0.0001
Epoch: 33, Train Loss: 2.36, Validation Loss: 2.69, Learning Rate: 0.0001
Epoch: 34, Train Loss: 2.36, Validation Loss: 2.69, Learning Rate: 0.0001
Epoch: 35, Train Loss: 2.36, Validation Loss: 2.69, Learning Rate: 0.0001
Epoch: 36, Train Loss: 2.36, Validation Loss: 2.68, Learning Rate: 0.0001
Epoch: 37, Train Loss: 2.36, Validation Loss: 2.69, Learning Rate: 0.0001
Epoch: 38, Train Loss: 2.36, Validation Loss: 2.67, Learning Rate: 0.0001
Epoch: 39, Train Loss: 2.36, Validation Loss: 2.67, Learning Rate: 0.0001
Epoch: 40, Train Loss: 2.35, Validation Loss: 2.68, Learning Rate: 0.0001
Epoch: 41, Train Loss: 2.35, Validation Loss: 2.67, Learning Rate: 0.0001
Epoch: 42, Train Loss: 2.35, Validation Loss: 2.67, Learning Rate: 0.0001
Epoch: 43, Train Loss: 2.35, Validation Loss: 2.67, Learning Rate: 0.0001
Epoch: 44, Train Loss: 2.35, Validation Loss: 2.67, Learning Rate: 0.0001
Epoch: 45, Train Loss: 2.35, Validation Loss: 2.66, Learning Rate: 0.0001
Epoch: 46, Train Loss: 2.35, Validation Loss: 2.66, Learning Rate: 0.0001
Epoch: 47, Train Loss: 2.35, Validation Loss: 2.65, Learning Rate: 0.0001
Epoch: 48, Train Loss: 2.35, Validation Loss: 2.66, Learning Rate: 0.0001
Epoch: 49, Train Loss: 2.35, Validation Loss: 2.65, Learning Rate: 0.0001
Epoch: 50, Train Loss: 2.34, Validation Loss: 2.65, Learning Rate: 0.0001
Epoch: 51, Train Loss: 2.34, Validation Loss: 2.65, Learning Rate: 0.0001
Epoch: 52, Train Loss: 2.34, Validation Loss: 2.65, Learning Rate: 0.0001
Epoch: 53, Train Loss: 2.34, Validation Loss: 2.65, Learning Rate: 0.0001
Epoch: 54, Train Loss: 2.34, Validation Loss: 2.65, Learning Rate: 0.0001
Epoch: 55, Train Loss: 2.34, Validation Loss: 2.64, Learning Rate: 0.0001
Epoch: 56, Train Loss: 2.34, Validation Loss: 2.64, Learning Rate: 0.0001
Epoch: 57, Train Loss: 2.34, Validation Loss: 2.64, Learning Rate: 0.0001
Epoch: 58, Train Loss: 2.34, Validation Loss: 2.65, Learning Rate: 0.0001
Epoch: 59, Train Loss: 2.34, Validation Loss: 2.65, Learning Rate: 0.0001
Epoch: 60, Train Loss: 2.34, Validation Loss: 2.64, Learning Rate: 0.0001
Epoch: 61, Train Loss: 2.34, Validation Loss: 2.64, Learning Rate: 0.0001
Epoch: 62, Train Loss: 2.34, Validation Loss: 2.64, Learning Rate: 0.0001
Epoch: 63, Train Loss: 2.34, Validation Loss: 2.64, Learning Rate: 0.0001
Epoch: 64, Train Loss: 2.34, Validation Loss: 2.65, Learning Rate: 0.0001
Epoch: 65, Train Loss: 2.34, Validation Loss: 2.64, Learning Rate: 0.0001
Epoch: 66, Train Loss: 2.34, Validation Loss: 2.64, Learning Rate: 0.0001
Epoch: 67, Train Loss: 2.33, Validation Loss: 2.63, Learning Rate: 0.0001
Epoch: 68, Train Loss: 2.33, Validation Loss: 2.63, Learning Rate: 0.0001
Epoch: 69, Train Loss: 2.33, Validation Loss: 2.62, Learning Rate: 0.0001
Epoch: 70, Train Loss: 2.33, Validation Loss: 2.61, Learning Rate: 0.0001
Epoch: 71, Train Loss: 2.33, Validation Loss: 2.61, Learning Rate: 0.0001
Epoch: 72, Train Loss: 2.33, Validation Loss: 2.62, Learning Rate: 0.0001
Epoch: 73, Train Loss: 2.33, Validation Loss: 2.62, Learning Rate: 0.0001
Epoch: 74, Train Loss: 2.33, Validation Loss: 2.62, Learning Rate: 0.0001
Epoch: 75, Train Loss: 2.33, Validation Loss: 2.61, Learning Rate: 0.0001
Epoch: 76, Train Loss: 2.33, Validation Loss: 2.61, Learning Rate: 0.0001
Epoch: 77, Train Loss: 2.33, Validation Loss: 2.61, Learning Rate: 0.0001
Epoch: 78, Train Loss: 2.33, Validation Loss: 2.61, Learning Rate: 0.0001
Epoch: 79, Train Loss: 2.33, Validation Loss: 2.60, Learning Rate: 0.0001
Epoch: 80, Train Loss: 2.33, Validation Loss: 2.60, Learning Rate: 0.0001
Epoch: 81, Train Loss: 2.33, Validation Loss: 2.59, Learning Rate: 0.0001
Epoch: 82, Train Loss: 2.33, Validation Loss: 2.60, Learning Rate: 0.0001
Epoch: 83, Train Loss: 2.33, Validation Loss: 2.60, Learning Rate: 0.0001
Epoch: 84, Train Loss: 2.33, Validation Loss: 2.60, Learning Rate: 0.0001
Epoch: 85, Train Loss: 2.33, Validation Loss: 2.60, Learning Rate: 0.0001
Epoch: 86, Train Loss: 2.33, Validation Loss: 2.61, Learning Rate: 0.0001
Epoch: 87, Train Loss: 2.33, Validation Loss: 2.59, Learning Rate: 0.0001
Epoch: 88, Train Loss: 2.33, Validation Loss: 2.59, Learning Rate: 0.0001
Epoch: 89, Train Loss: 2.33, Validation Loss: 2.59, Learning Rate: 0.0001
Epoch: 90, Train Loss: 2.33, Validation Loss: 2.59, Learning Rate: 0.0001
Epoch: 91, Train Loss: 2.33, Validation Loss: 2.60, Learning Rate: 0.0001
Epoch: 92, Train Loss: 2.33, Validation Loss: 2.59, Learning Rate: 0.0001
Epoch: 93, Train Loss: 2.33, Validation Loss: 2.59, Learning Rate: 0.0001
Epoch: 94, Train Loss: 2.33, Validation Loss: 2.59, Learning Rate: 0.0001
Epoch: 95, Train Loss: 2.33, Validation Loss: 2.59, Learning Rate: 0.0001
Epoch: 96, Train Loss: 2.33, Validation Loss: 2.58, Learning Rate: 0.0001
Epoch: 97, Train Loss: 2.33, Validation Loss: 2.60, Learning Rate: 0.0001
Epoch: 98, Train Loss: 2.33, Validation Loss: 2.59, Learning Rate: 0.0001
Epoch: 99, Train Loss: 2.33, Validation Loss: 2.60, Learning Rate: 0.0001
torch.Size([14031, 5, 64, 32])
torch.Size([4677, 5, 64, 32])
torch.Size([4678, 5, 64, 32])
Shape: (5, 144, 72)
Fine Tuning Both
Epoch: 0, Alpha: 1.00, Total Train Loss: 2.33, Contrastive Train Loss: 2.33, Recon Train Loss: 1.05, Total Valid Loss: 2.59, Contrastive Valid Loss: 2.59, Recon Valid Loss: 1.08, Learning Rate: 0.0001
Epoch: 1, Alpha: 0.99, Total Train Loss: 2.31, Contrastive Train Loss: 2.32, Recon Train Loss: 0.57, Total Valid Loss: 2.57, Contrastive Valid Loss: 2.59, Recon Valid Loss: 0.46, Learning Rate: 0.0001
Epoch: 2, Alpha: 0.98, Total Train Loss: 2.29, Contrastive Train Loss: 2.32, Recon Train Loss: 0.42, Total Valid Loss: 2.55, Contrastive Valid Loss: 2.59, Recon Valid Loss: 0.42, Learning Rate: 0.0001
Epoch: 3, Alpha: 0.97, Total Train Loss: 2.27, Contrastive Train Loss: 2.32, Recon Train Loss: 0.39, Total Valid Loss: 2.53, Contrastive Valid Loss: 2.59, Recon Valid Loss: 0.38, Learning Rate: 0.0001
Epoch: 4, Alpha: 0.96, Total Train Loss: 2.25, Contrastive Train Loss: 2.32, Recon Train Loss: 0.35, Total Valid Loss: 2.50, Contrastive Valid Loss: 2.59, Recon Valid Loss: 0.35, Learning Rate: 0.0001
Epoch: 5, Alpha: 0.95, Total Train Loss: 2.23, Contrastive Train Loss: 2.32, Recon Train Loss: 0.33, Total Valid Loss: 2.48, Contrastive Valid Loss: 2.59, Recon Valid Loss: 0.33, Learning Rate: 0.0001
Epoch: 6, Alpha: 0.94, Total Train Loss: 2.21, Contrastive Train Loss: 2.32, Recon Train Loss: 0.32, Total Valid Loss: 2.45, Contrastive Valid Loss: 2.58, Recon Valid Loss: 0.32, Learning Rate: 0.0001
Epoch: 7, Alpha: 0.93, Total Train Loss: 2.19, Contrastive Train Loss: 2.32, Recon Train Loss: 0.31, Total Valid Loss: 2.44, Contrastive Valid Loss: 2.59, Recon Valid Loss: 0.32, Learning Rate: 0.0001
Epoch: 8, Alpha: 0.92, Total Train Loss: 2.17, Contrastive Train Loss: 2.32, Recon Train Loss: 0.30, Total Valid Loss: 2.42, Contrastive Valid Loss: 2.60, Recon Valid Loss: 0.31, Learning Rate: 0.0001
Epoch: 9, Alpha: 0.91, Total Train Loss: 2.15, Contrastive Train Loss: 2.32, Recon Train Loss: 0.30, Total Valid Loss: 2.40, Contrastive Valid Loss: 2.60, Recon Valid Loss: 0.31, Learning Rate: 0.0001
Epoch: 10, Alpha: 0.90, Total Train Loss: 2.13, Contrastive Train Loss: 2.32, Recon Train Loss: 0.29, Total Valid Loss: 2.37, Contrastive Valid Loss: 2.59, Recon Valid Loss: 0.30, Learning Rate: 0.0001
Epoch: 11, Alpha: 0.90, Total Train Loss: 2.11, Contrastive Train Loss: 2.32, Recon Train Loss: 0.29, Total Valid Loss: 2.35, Contrastive Valid Loss: 2.59, Recon Valid Loss: 0.30, Learning Rate: 0.0001
Epoch: 12, Alpha: 0.89, Total Train Loss: 2.09, Contrastive Train Loss: 2.32, Recon Train Loss: 0.28, Total Valid Loss: 2.34, Contrastive Valid Loss: 2.60, Recon Valid Loss: 0.30, Learning Rate: 0.0001
Epoch: 13, Alpha: 0.88, Total Train Loss: 2.07, Contrastive Train Loss: 2.32, Recon Train Loss: 0.28, Total Valid Loss: 2.32, Contrastive Valid Loss: 2.60, Recon Valid Loss: 0.29, Learning Rate: 0.0001
Epoch: 14, Alpha: 0.87, Total Train Loss: 2.06, Contrastive Train Loss: 2.32, Recon Train Loss: 0.27, Total Valid Loss: 2.29, Contrastive Valid Loss: 2.59, Recon Valid Loss: 0.28, Learning Rate: 0.0001
Epoch: 15, Alpha: 0.86, Total Train Loss: 2.04, Contrastive Train Loss: 2.32, Recon Train Loss: 0.27, Total Valid Loss: 2.27, Contrastive Valid Loss: 2.59, Recon Valid Loss: 0.28, Learning Rate: 0.0001
Epoch: 16, Alpha: 0.85, Total Train Loss: 2.02, Contrastive Train Loss: 2.32, Recon Train Loss: 0.27, Total Valid Loss: 2.25, Contrastive Valid Loss: 2.59, Recon Valid Loss: 0.28, Learning Rate: 0.0001
Epoch: 17, Alpha: 0.84, Total Train Loss: 2.00, Contrastive Train Loss: 2.32, Recon Train Loss: 0.26, Total Valid Loss: 2.23, Contrastive Valid Loss: 2.59, Recon Valid Loss: 0.27, Learning Rate: 0.0001
Epoch: 18, Alpha: 0.84, Total Train Loss: 1.98, Contrastive Train Loss: 2.32, Recon Train Loss: 0.26, Total Valid Loss: 2.21, Contrastive Valid Loss: 2.59, Recon Valid Loss: 0.27, Learning Rate: 0.0001
Epoch: 19, Alpha: 0.83, Total Train Loss: 1.96, Contrastive Train Loss: 2.32, Recon Train Loss: 0.25, Total Valid Loss: 2.19, Contrastive Valid Loss: 2.60, Recon Valid Loss: 0.26, Learning Rate: 0.0001
Epoch: 20, Alpha: 0.82, Total Train Loss: 1.95, Contrastive Train Loss: 2.32, Recon Train Loss: 0.25, Total Valid Loss: 2.16, Contrastive Valid Loss: 2.59, Recon Valid Loss: 0.26, Learning Rate: 0.0001
Epoch: 21, Alpha: 0.81, Total Train Loss: 1.93, Contrastive Train Loss: 2.32, Recon Train Loss: 0.25, Total Valid Loss: 2.15, Contrastive Valid Loss: 2.59, Recon Valid Loss: 0.26, Learning Rate: 0.0001
Epoch: 22, Alpha: 0.80, Total Train Loss: 1.91, Contrastive Train Loss: 2.32, Recon Train Loss: 0.24, Total Valid Loss: 2.14, Contrastive Valid Loss: 2.60, Recon Valid Loss: 0.26, Learning Rate: 0.0001
Epoch: 23, Alpha: 0.79, Total Train Loss: 1.89, Contrastive Train Loss: 2.32, Recon Train Loss: 0.24, Total Valid Loss: 2.11, Contrastive Valid Loss: 2.59, Recon Valid Loss: 0.25, Learning Rate: 0.0001
Epoch: 24, Alpha: 0.79, Total Train Loss: 1.88, Contrastive Train Loss: 2.32, Recon Train Loss: 0.24, Total Valid Loss: 2.10, Contrastive Valid Loss: 2.60, Recon Valid Loss: 0.25, Learning Rate: 0.0001
Epoch: 25, Alpha: 0.78, Total Train Loss: 1.86, Contrastive Train Loss: 2.32, Recon Train Loss: 0.23, Total Valid Loss: 2.08, Contrastive Valid Loss: 2.60, Recon Valid Loss: 0.25, Learning Rate: 0.0001
Epoch: 26, Alpha: 0.77, Total Train Loss: 1.84, Contrastive Train Loss: 2.32, Recon Train Loss: 0.23, Total Valid Loss: 2.06, Contrastive Valid Loss: 2.60, Recon Valid Loss: 0.25, Learning Rate: 0.0001
Epoch: 27, Alpha: 0.76, Total Train Loss: 1.83, Contrastive Train Loss: 2.32, Recon Train Loss: 0.22, Total Valid Loss: 2.04, Contrastive Valid Loss: 2.60, Recon Valid Loss: 0.24, Learning Rate: 0.0001
Epoch: 28, Alpha: 0.76, Total Train Loss: 1.81, Contrastive Train Loss: 2.32, Recon Train Loss: 0.22, Total Valid Loss: 2.01, Contrastive Valid Loss: 2.59, Recon Valid Loss: 0.23, Learning Rate: 0.0001
Epoch: 29, Alpha: 0.75, Total Train Loss: 1.79, Contrastive Train Loss: 2.32, Recon Train Loss: 0.22, Total Valid Loss: 1.99, Contrastive Valid Loss: 2.59, Recon Valid Loss: 0.23, Learning Rate: 0.0001
Epoch: 30, Alpha: 0.74, Total Train Loss: 1.78, Contrastive Train Loss: 2.32, Recon Train Loss: 0.21, Total Valid Loss: 1.98, Contrastive Valid Loss: 2.59, Recon Valid Loss: 0.22, Learning Rate: 0.0001
Epoch: 31, Alpha: 0.73, Total Train Loss: 1.76, Contrastive Train Loss: 2.32, Recon Train Loss: 0.21, Total Valid Loss: 1.97, Contrastive Valid Loss: 2.60, Recon Valid Loss: 0.23, Learning Rate: 0.0001
Epoch: 32, Alpha: 0.73, Total Train Loss: 1.74, Contrastive Train Loss: 2.32, Recon Train Loss: 0.21, Total Valid Loss: 1.94, Contrastive Valid Loss: 2.59, Recon Valid Loss: 0.22, Learning Rate: 0.0001
Epoch: 33, Alpha: 0.72, Total Train Loss: 1.73, Contrastive Train Loss: 2.32, Recon Train Loss: 0.21, Total Valid Loss: 1.92, Contrastive Valid Loss: 2.59, Recon Valid Loss: 0.22, Learning Rate: 0.0001
Epoch: 34, Alpha: 0.71, Total Train Loss: 1.71, Contrastive Train Loss: 2.32, Recon Train Loss: 0.20, Total Valid Loss: 1.91, Contrastive Valid Loss: 2.59, Recon Valid Loss: 0.22, Learning Rate: 0.0001
Epoch: 35, Alpha: 0.70, Total Train Loss: 1.69, Contrastive Train Loss: 2.32, Recon Train Loss: 0.20, Total Valid Loss: 1.89, Contrastive Valid Loss: 2.59, Recon Valid Loss: 0.22, Learning Rate: 0.0001
Epoch: 36, Alpha: 0.70, Total Train Loss: 1.68, Contrastive Train Loss: 2.32, Recon Train Loss: 0.20, Total Valid Loss: 1.87, Contrastive Valid Loss: 2.59, Recon Valid Loss: 0.21, Learning Rate: 0.0001
Epoch: 37, Alpha: 0.69, Total Train Loss: 1.66, Contrastive Train Loss: 2.32, Recon Train Loss: 0.19, Total Valid Loss: 1.85, Contrastive Valid Loss: 2.59, Recon Valid Loss: 0.21, Learning Rate: 0.0001
Epoch: 38, Alpha: 0.68, Total Train Loss: 1.65, Contrastive Train Loss: 2.32, Recon Train Loss: 0.19, Total Valid Loss: 1.83, Contrastive Valid Loss: 2.59, Recon Valid Loss: 0.20, Learning Rate: 0.0001
Epoch: 39, Alpha: 0.68, Total Train Loss: 1.63, Contrastive Train Loss: 2.32, Recon Train Loss: 0.19, Total Valid Loss: 1.82, Contrastive Valid Loss: 2.59, Recon Valid Loss: 0.20, Learning Rate: 0.0001
Epoch: 40, Alpha: 0.67, Total Train Loss: 1.62, Contrastive Train Loss: 2.32, Recon Train Loss: 0.19, Total Valid Loss: 1.80, Contrastive Valid Loss: 2.59, Recon Valid Loss: 0.20, Learning Rate: 0.0001
Epoch: 41, Alpha: 0.66, Total Train Loss: 1.60, Contrastive Train Loss: 2.32, Recon Train Loss: 0.18, Total Valid Loss: 1.78, Contrastive Valid Loss: 2.58, Recon Valid Loss: 0.20, Learning Rate: 0.0001
Epoch: 42, Alpha: 0.66, Total Train Loss: 1.59, Contrastive Train Loss: 2.32, Recon Train Loss: 0.18, Total Valid Loss: 1.76, Contrastive Valid Loss: 2.58, Recon Valid Loss: 0.19, Learning Rate: 0.0001
Epoch: 43, Alpha: 0.65, Total Train Loss: 1.57, Contrastive Train Loss: 2.32, Recon Train Loss: 0.18, Total Valid Loss: 1.74, Contrastive Valid Loss: 2.58, Recon Valid Loss: 0.19, Learning Rate: 0.0001
Epoch: 44, Alpha: 0.64, Total Train Loss: 1.56, Contrastive Train Loss: 2.32, Recon Train Loss: 0.18, Total Valid Loss: 1.73, Contrastive Valid Loss: 2.59, Recon Valid Loss: 0.19, Learning Rate: 0.0001
Epoch: 45, Alpha: 0.64, Total Train Loss: 1.54, Contrastive Train Loss: 2.32, Recon Train Loss: 0.17, Total Valid Loss: 1.72, Contrastive Valid Loss: 2.59, Recon Valid Loss: 0.19, Learning Rate: 0.0001
Epoch: 46, Alpha: 0.63, Total Train Loss: 1.53, Contrastive Train Loss: 2.32, Recon Train Loss: 0.17, Total Valid Loss: 1.70, Contrastive Valid Loss: 2.58, Recon Valid Loss: 0.19, Learning Rate: 0.0001
Epoch: 47, Alpha: 0.63, Total Train Loss: 1.51, Contrastive Train Loss: 2.32, Recon Train Loss: 0.17, Total Valid Loss: 1.69, Contrastive Valid Loss: 2.59, Recon Valid Loss: 0.18, Learning Rate: 0.0001
Epoch: 48, Alpha: 0.62, Total Train Loss: 1.50, Contrastive Train Loss: 2.32, Recon Train Loss: 0.16, Total Valid Loss: 1.67, Contrastive Valid Loss: 2.59, Recon Valid Loss: 0.18, Learning Rate: 0.0001
Epoch: 49, Alpha: 0.61, Total Train Loss: 1.48, Contrastive Train Loss: 2.32, Recon Train Loss: 0.16, Total Valid Loss: 1.65, Contrastive Valid Loss: 2.58, Recon Valid Loss: 0.18, Learning Rate: 0.0001
Epoch: 50, Alpha: 0.61, Total Train Loss: 1.47, Contrastive Train Loss: 2.32, Recon Train Loss: 0.16, Total Valid Loss: 1.63, Contrastive Valid Loss: 2.58, Recon Valid Loss: 0.17, Learning Rate: 0.0001
Epoch: 51, Alpha: 0.60, Total Train Loss: 1.46, Contrastive Train Loss: 2.32, Recon Train Loss: 0.16, Total Valid Loss: 1.62, Contrastive Valid Loss: 2.58, Recon Valid Loss: 0.17, Learning Rate: 0.0001
Epoch: 52, Alpha: 0.59, Total Train Loss: 1.44, Contrastive Train Loss: 2.32, Recon Train Loss: 0.15, Total Valid Loss: 1.61, Contrastive Valid Loss: 2.59, Recon Valid Loss: 0.17, Learning Rate: 0.0001
Epoch: 53, Alpha: 0.59, Total Train Loss: 1.43, Contrastive Train Loss: 2.32, Recon Train Loss: 0.15, Total Valid Loss: 1.59, Contrastive Valid Loss: 2.58, Recon Valid Loss: 0.17, Learning Rate: 0.0001
Epoch: 54, Alpha: 0.58, Total Train Loss: 1.41, Contrastive Train Loss: 2.32, Recon Train Loss: 0.15, Total Valid Loss: 1.57, Contrastive Valid Loss: 2.58, Recon Valid Loss: 0.16, Learning Rate: 0.0001
Epoch: 55, Alpha: 0.58, Total Train Loss: 1.40, Contrastive Train Loss: 2.32, Recon Train Loss: 0.15, Total Valid Loss: 1.55, Contrastive Valid Loss: 2.57, Recon Valid Loss: 0.16, Learning Rate: 0.0001
Epoch: 56, Alpha: 0.57, Total Train Loss: 1.39, Contrastive Train Loss: 2.32, Recon Train Loss: 0.15, Total Valid Loss: 1.54, Contrastive Valid Loss: 2.57, Recon Valid Loss: 0.16, Learning Rate: 0.0001
Epoch: 57, Alpha: 0.57, Total Train Loss: 1.37, Contrastive Train Loss: 2.32, Recon Train Loss: 0.14, Total Valid Loss: 1.52, Contrastive Valid Loss: 2.57, Recon Valid Loss: 0.16, Learning Rate: 0.0001
Epoch: 58, Alpha: 0.56, Total Train Loss: 1.36, Contrastive Train Loss: 2.32, Recon Train Loss: 0.14, Total Valid Loss: 1.51, Contrastive Valid Loss: 2.57, Recon Valid Loss: 0.16, Learning Rate: 0.0001
Epoch: 59, Alpha: 0.55, Total Train Loss: 1.35, Contrastive Train Loss: 2.32, Recon Train Loss: 0.14, Total Valid Loss: 1.50, Contrastive Valid Loss: 2.58, Recon Valid Loss: 0.16, Learning Rate: 0.0001
Epoch: 60, Alpha: 0.55, Total Train Loss: 1.34, Contrastive Train Loss: 2.32, Recon Train Loss: 0.14, Total Valid Loss: 1.48, Contrastive Valid Loss: 2.57, Recon Valid Loss: 0.16, Learning Rate: 0.0001
Epoch: 61, Alpha: 0.54, Total Train Loss: 1.32, Contrastive Train Loss: 2.32, Recon Train Loss: 0.14, Total Valid Loss: 1.47, Contrastive Valid Loss: 2.57, Recon Valid Loss: 0.16, Learning Rate: 0.0001
Epoch: 62, Alpha: 0.54, Total Train Loss: 1.31, Contrastive Train Loss: 2.32, Recon Train Loss: 0.13, Total Valid Loss: 1.46, Contrastive Valid Loss: 2.58, Recon Valid Loss: 0.15, Learning Rate: 0.0001
Epoch: 63, Alpha: 0.53, Total Train Loss: 1.30, Contrastive Train Loss: 2.32, Recon Train Loss: 0.13, Total Valid Loss: 1.44, Contrastive Valid Loss: 2.58, Recon Valid Loss: 0.15, Learning Rate: 0.0001
Epoch: 64, Alpha: 0.53, Total Train Loss: 1.28, Contrastive Train Loss: 2.32, Recon Train Loss: 0.13, Total Valid Loss: 1.43, Contrastive Valid Loss: 2.57, Recon Valid Loss: 0.15, Learning Rate: 0.0001
Epoch: 65, Alpha: 0.52, Total Train Loss: 1.27, Contrastive Train Loss: 2.32, Recon Train Loss: 0.13, Total Valid Loss: 1.42, Contrastive Valid Loss: 2.57, Recon Valid Loss: 0.16, Learning Rate: 0.0001
Epoch: 66, Alpha: 0.52, Total Train Loss: 1.26, Contrastive Train Loss: 2.32, Recon Train Loss: 0.13, Total Valid Loss: 1.40, Contrastive Valid Loss: 2.57, Recon Valid Loss: 0.14, Learning Rate: 0.0001
Epoch: 67, Alpha: 0.51, Total Train Loss: 1.25, Contrastive Train Loss: 2.32, Recon Train Loss: 0.13, Total Valid Loss: 1.39, Contrastive Valid Loss: 2.57, Recon Valid Loss: 0.14, Learning Rate: 0.0001
Epoch: 68, Alpha: 0.51, Total Train Loss: 1.24, Contrastive Train Loss: 2.32, Recon Train Loss: 0.13, Total Valid Loss: 1.38, Contrastive Valid Loss: 2.57, Recon Valid Loss: 0.15, Learning Rate: 0.0001
Epoch: 69, Alpha: 0.50, Total Train Loss: 1.22, Contrastive Train Loss: 2.32, Recon Train Loss: 0.12, Total Valid Loss: 1.36, Contrastive Valid Loss: 2.57, Recon Valid Loss: 0.14, Learning Rate: 0.0001
Epoch: 70, Alpha: 0.50, Total Train Loss: 1.21, Contrastive Train Loss: 2.32, Recon Train Loss: 0.12, Total Valid Loss: 1.35, Contrastive Valid Loss: 2.58, Recon Valid Loss: 0.15, Learning Rate: 0.0001
Epoch: 71, Alpha: 0.49, Total Train Loss: 1.20, Contrastive Train Loss: 2.32, Recon Train Loss: 0.12, Total Valid Loss: 1.34, Contrastive Valid Loss: 2.57, Recon Valid Loss: 0.14, Learning Rate: 0.0001
Epoch: 72, Alpha: 0.49, Total Train Loss: 1.19, Contrastive Train Loss: 2.32, Recon Train Loss: 0.12, Total Valid Loss: 1.33, Contrastive Valid Loss: 2.58, Recon Valid Loss: 0.14, Learning Rate: 0.0001
Epoch: 73, Alpha: 0.48, Total Train Loss: 1.18, Contrastive Train Loss: 2.32, Recon Train Loss: 0.12, Total Valid Loss: 1.31, Contrastive Valid Loss: 2.57, Recon Valid Loss: 0.14, Learning Rate: 0.0001
Epoch: 74, Alpha: 0.48, Total Train Loss: 1.17, Contrastive Train Loss: 2.32, Recon Train Loss: 0.12, Total Valid Loss: 1.30, Contrastive Valid Loss: 2.57, Recon Valid Loss: 0.14, Learning Rate: 0.0001
Epoch: 75, Alpha: 0.47, Total Train Loss: 1.16, Contrastive Train Loss: 2.32, Recon Train Loss: 0.12, Total Valid Loss: 1.29, Contrastive Valid Loss: 2.57, Recon Valid Loss: 0.14, Learning Rate: 0.0001
Epoch: 76, Alpha: 0.47, Total Train Loss: 1.15, Contrastive Train Loss: 2.32, Recon Train Loss: 0.12, Total Valid Loss: 1.27, Contrastive Valid Loss: 2.57, Recon Valid Loss: 0.14, Learning Rate: 0.0001
Epoch: 77, Alpha: 0.46, Total Train Loss: 1.13, Contrastive Train Loss: 2.32, Recon Train Loss: 0.11, Total Valid Loss: 1.26, Contrastive Valid Loss: 2.57, Recon Valid Loss: 0.14, Learning Rate: 0.0001
Epoch: 78, Alpha: 0.46, Total Train Loss: 1.12, Contrastive Train Loss: 2.32, Recon Train Loss: 0.11, Total Valid Loss: 1.25, Contrastive Valid Loss: 2.57, Recon Valid Loss: 0.14, Learning Rate: 0.0001
Epoch: 79, Alpha: 0.45, Total Train Loss: 1.11, Contrastive Train Loss: 2.32, Recon Train Loss: 0.11, Total Valid Loss: 1.24, Contrastive Valid Loss: 2.57, Recon Valid Loss: 0.14, Learning Rate: 0.0001
Epoch: 80, Alpha: 0.45, Total Train Loss: 1.10, Contrastive Train Loss: 2.32, Recon Train Loss: 0.11, Total Valid Loss: 1.23, Contrastive Valid Loss: 2.57, Recon Valid Loss: 0.13, Learning Rate: 0.0001
Epoch: 81, Alpha: 0.44, Total Train Loss: 1.09, Contrastive Train Loss: 2.32, Recon Train Loss: 0.11, Total Valid Loss: 1.21, Contrastive Valid Loss: 2.57, Recon Valid Loss: 0.13, Learning Rate: 0.0001
Epoch: 82, Alpha: 0.44, Total Train Loss: 1.08, Contrastive Train Loss: 2.32, Recon Train Loss: 0.11, Total Valid Loss: 1.20, Contrastive Valid Loss: 2.57, Recon Valid Loss: 0.13, Learning Rate: 0.0001
Epoch: 83, Alpha: 0.44, Total Train Loss: 1.07, Contrastive Train Loss: 2.32, Recon Train Loss: 0.11, Total Valid Loss: 1.19, Contrastive Valid Loss: 2.56, Recon Valid Loss: 0.13, Learning Rate: 0.0001
Epoch: 84, Alpha: 0.43, Total Train Loss: 1.06, Contrastive Train Loss: 2.32, Recon Train Loss: 0.11, Total Valid Loss: 1.19, Contrastive Valid Loss: 2.57, Recon Valid Loss: 0.14, Learning Rate: 0.0001
Epoch: 85, Alpha: 0.43, Total Train Loss: 1.05, Contrastive Train Loss: 2.32, Recon Train Loss: 0.11, Total Valid Loss: 1.17, Contrastive Valid Loss: 2.57, Recon Valid Loss: 0.13, Learning Rate: 0.0001
Epoch: 86, Alpha: 0.42, Total Train Loss: 1.04, Contrastive Train Loss: 2.32, Recon Train Loss: 0.11, Total Valid Loss: 1.16, Contrastive Valid Loss: 2.57, Recon Valid Loss: 0.13, Learning Rate: 0.0001
Epoch: 87, Alpha: 0.42, Total Train Loss: 1.03, Contrastive Train Loss: 2.32, Recon Train Loss: 0.10, Total Valid Loss: 1.15, Contrastive Valid Loss: 2.56, Recon Valid Loss: 0.13, Learning Rate: 0.0001
Epoch: 88, Alpha: 0.41, Total Train Loss: 1.02, Contrastive Train Loss: 2.32, Recon Train Loss: 0.10, Total Valid Loss: 1.14, Contrastive Valid Loss: 2.56, Recon Valid Loss: 0.13, Learning Rate: 0.0001
Epoch: 89, Alpha: 0.41, Total Train Loss: 1.01, Contrastive Train Loss: 2.32, Recon Train Loss: 0.10, Total Valid Loss: 1.13, Contrastive Valid Loss: 2.57, Recon Valid Loss: 0.13, Learning Rate: 0.0001
Epoch: 90, Alpha: 0.41, Total Train Loss: 1.00, Contrastive Train Loss: 2.32, Recon Train Loss: 0.10, Total Valid Loss: 1.12, Contrastive Valid Loss: 2.56, Recon Valid Loss: 0.13, Learning Rate: 0.0001
Epoch: 91, Alpha: 0.40, Total Train Loss: 0.99, Contrastive Train Loss: 2.32, Recon Train Loss: 0.10, Total Valid Loss: 1.11, Contrastive Valid Loss: 2.56, Recon Valid Loss: 0.13, Learning Rate: 0.0001
Epoch: 92, Alpha: 0.40, Total Train Loss: 0.98, Contrastive Train Loss: 2.32, Recon Train Loss: 0.10, Total Valid Loss: 1.10, Contrastive Valid Loss: 2.56, Recon Valid Loss: 0.13, Learning Rate: 0.0001
Epoch: 93, Alpha: 0.39, Total Train Loss: 0.98, Contrastive Train Loss: 2.32, Recon Train Loss: 0.10, Total Valid Loss: 1.09, Contrastive Valid Loss: 2.56, Recon Valid Loss: 0.13, Learning Rate: 0.0001
Epoch: 94, Alpha: 0.39, Total Train Loss: 0.97, Contrastive Train Loss: 2.32, Recon Train Loss: 0.10, Total Valid Loss: 1.08, Contrastive Valid Loss: 2.56, Recon Valid Loss: 0.13, Learning Rate: 0.0001
Epoch: 95, Alpha: 0.39, Total Train Loss: 0.96, Contrastive Train Loss: 2.32, Recon Train Loss: 0.10, Total Valid Loss: 1.07, Contrastive Valid Loss: 2.57, Recon Valid Loss: 0.13, Learning Rate: 0.0001
Epoch: 96, Alpha: 0.38, Total Train Loss: 0.95, Contrastive Train Loss: 2.32, Recon Train Loss: 0.10, Total Valid Loss: 1.06, Contrastive Valid Loss: 2.56, Recon Valid Loss: 0.12, Learning Rate: 0.0001
Epoch: 97, Alpha: 0.38, Total Train Loss: 0.94, Contrastive Train Loss: 2.32, Recon Train Loss: 0.10, Total Valid Loss: 1.05, Contrastive Valid Loss: 2.56, Recon Valid Loss: 0.12, Learning Rate: 0.0001
Epoch: 98, Alpha: 0.38, Total Train Loss: 0.93, Contrastive Train Loss: 2.32, Recon Train Loss: 0.10, Total Valid Loss: 1.04, Contrastive Valid Loss: 2.57, Recon Valid Loss: 0.12, Learning Rate: 0.0001
Epoch: 99, Alpha: 0.37, Total Train Loss: 0.92, Contrastive Train Loss: 2.32, Recon Train Loss: 0.10, Total Valid Loss: 1.03, Contrastive Valid Loss: 2.56, Recon Valid Loss: 0.13, Learning Rate: 0.0001
Epoch: 100, Alpha: 0.37, Total Train Loss: 0.91, Contrastive Train Loss: 2.32, Recon Train Loss: 0.10, Total Valid Loss: 1.02, Contrastive Valid Loss: 2.56, Recon Valid Loss: 0.12, Learning Rate: 0.0001
Epoch: 101, Alpha: 0.36, Total Train Loss: 0.90, Contrastive Train Loss: 2.32, Recon Train Loss: 0.09, Total Valid Loss: 1.01, Contrastive Valid Loss: 2.56, Recon Valid Loss: 0.13, Learning Rate: 0.0001
Epoch: 102, Alpha: 0.36, Total Train Loss: 0.90, Contrastive Train Loss: 2.32, Recon Train Loss: 0.09, Total Valid Loss: 1.00, Contrastive Valid Loss: 2.56, Recon Valid Loss: 0.12, Learning Rate: 0.0001
Epoch: 103, Alpha: 0.36, Total Train Loss: 0.89, Contrastive Train Loss: 2.32, Recon Train Loss: 0.09, Total Valid Loss: 0.99, Contrastive Valid Loss: 2.56, Recon Valid Loss: 0.12, Learning Rate: 0.0001
Epoch: 104, Alpha: 0.35, Total Train Loss: 0.88, Contrastive Train Loss: 2.32, Recon Train Loss: 0.09, Total Valid Loss: 0.98, Contrastive Valid Loss: 2.57, Recon Valid Loss: 0.11, Learning Rate: 0.0001
Epoch: 105, Alpha: 0.35, Total Train Loss: 0.87, Contrastive Train Loss: 2.32, Recon Train Loss: 0.09, Total Valid Loss: 0.97, Contrastive Valid Loss: 2.56, Recon Valid Loss: 0.12, Learning Rate: 0.0001
Epoch: 106, Alpha: 0.35, Total Train Loss: 0.86, Contrastive Train Loss: 2.32, Recon Train Loss: 0.09, Total Valid Loss: 0.96, Contrastive Valid Loss: 2.56, Recon Valid Loss: 0.12, Learning Rate: 0.0001
Epoch: 107, Alpha: 0.34, Total Train Loss: 0.85, Contrastive Train Loss: 2.32, Recon Train Loss: 0.09, Total Valid Loss: 0.96, Contrastive Valid Loss: 2.57, Recon Valid Loss: 0.12, Learning Rate: 0.0001
Epoch: 108, Alpha: 0.34, Total Train Loss: 0.85, Contrastive Train Loss: 2.32, Recon Train Loss: 0.09, Total Valid Loss: 0.95, Contrastive Valid Loss: 2.56, Recon Valid Loss: 0.13, Learning Rate: 0.0001
Epoch: 109, Alpha: 0.34, Total Train Loss: 0.84, Contrastive Train Loss: 2.32, Recon Train Loss: 0.09, Total Valid Loss: 0.94, Contrastive Valid Loss: 2.57, Recon Valid Loss: 0.12, Learning Rate: 0.0001
Epoch: 110, Alpha: 0.33, Total Train Loss: 0.83, Contrastive Train Loss: 2.32, Recon Train Loss: 0.09, Total Valid Loss: 0.93, Contrastive Valid Loss: 2.56, Recon Valid Loss: 0.12, Learning Rate: 0.0001
Epoch: 111, Alpha: 0.33, Total Train Loss: 0.82, Contrastive Train Loss: 2.32, Recon Train Loss: 0.09, Total Valid Loss: 0.92, Contrastive Valid Loss: 2.56, Recon Valid Loss: 0.11, Learning Rate: 0.0001
Epoch: 112, Alpha: 0.33, Total Train Loss: 0.82, Contrastive Train Loss: 2.32, Recon Train Loss: 0.09, Total Valid Loss: 0.91, Contrastive Valid Loss: 2.56, Recon Valid Loss: 0.11, Learning Rate: 0.0001
Epoch: 113, Alpha: 0.32, Total Train Loss: 0.81, Contrastive Train Loss: 2.32, Recon Train Loss: 0.09, Total Valid Loss: 0.91, Contrastive Valid Loss: 2.56, Recon Valid Loss: 0.12, Learning Rate: 0.0001
Epoch: 114, Alpha: 0.32, Total Train Loss: 0.80, Contrastive Train Loss: 2.32, Recon Train Loss: 0.09, Total Valid Loss: 0.89, Contrastive Valid Loss: 2.57, Recon Valid Loss: 0.11, Learning Rate: 0.0001
Epoch: 115, Alpha: 0.32, Total Train Loss: 0.79, Contrastive Train Loss: 2.32, Recon Train Loss: 0.09, Total Valid Loss: 0.89, Contrastive Valid Loss: 2.56, Recon Valid Loss: 0.12, Learning Rate: 0.0001
Epoch: 116, Alpha: 0.31, Total Train Loss: 0.79, Contrastive Train Loss: 2.32, Recon Train Loss: 0.09, Total Valid Loss: 0.89, Contrastive Valid Loss: 2.56, Recon Valid Loss: 0.12, Learning Rate: 0.0001
Epoch: 117, Alpha: 0.31, Total Train Loss: 0.78, Contrastive Train Loss: 2.32, Recon Train Loss: 0.09, Total Valid Loss: 0.88, Contrastive Valid Loss: 2.56, Recon Valid Loss: 0.12, Learning Rate: 0.0001
Epoch: 118, Alpha: 0.31, Total Train Loss: 0.77, Contrastive Train Loss: 2.32, Recon Train Loss: 0.09, Total Valid Loss: 0.86, Contrastive Valid Loss: 2.56, Recon Valid Loss: 0.11, Learning Rate: 0.0001
Epoch: 119, Alpha: 0.30, Total Train Loss: 0.76, Contrastive Train Loss: 2.32, Recon Train Loss: 0.09, Total Valid Loss: 0.86, Contrastive Valid Loss: 2.56, Recon Valid Loss: 0.11, Learning Rate: 0.0001
Epoch: 120, Alpha: 0.30, Total Train Loss: 0.76, Contrastive Train Loss: 2.32, Recon Train Loss: 0.09, Total Valid Loss: 0.85, Contrastive Valid Loss: 2.56, Recon Valid Loss: 0.11, Learning Rate: 0.0001
Epoch: 121, Alpha: 0.30, Total Train Loss: 0.75, Contrastive Train Loss: 2.32, Recon Train Loss: 0.09, Total Valid Loss: 0.84, Contrastive Valid Loss: 2.57, Recon Valid Loss: 0.11, Learning Rate: 0.0001
Epoch: 122, Alpha: 0.30, Total Train Loss: 0.74, Contrastive Train Loss: 2.32, Recon Train Loss: 0.09, Total Valid Loss: 0.84, Contrastive Valid Loss: 2.56, Recon Valid Loss: 0.11, Learning Rate: 0.0001
Epoch: 123, Alpha: 0.29, Total Train Loss: 0.74, Contrastive Train Loss: 2.32, Recon Train Loss: 0.08, Total Valid Loss: 0.83, Contrastive Valid Loss: 2.56, Recon Valid Loss: 0.11, Learning Rate: 0.0001
Epoch: 124, Alpha: 0.29, Total Train Loss: 0.73, Contrastive Train Loss: 2.32, Recon Train Loss: 0.08, Total Valid Loss: 0.82, Contrastive Valid Loss: 2.57, Recon Valid Loss: 0.11, Learning Rate: 0.0001
Epoch: 125, Alpha: 0.29, Total Train Loss: 0.72, Contrastive Train Loss: 2.32, Recon Train Loss: 0.08, Total Valid Loss: 0.82, Contrastive Valid Loss: 2.56, Recon Valid Loss: 0.11, Learning Rate: 0.0001
Epoch: 126, Alpha: 0.28, Total Train Loss: 0.72, Contrastive Train Loss: 2.32, Recon Train Loss: 0.08, Total Valid Loss: 0.81, Contrastive Valid Loss: 2.56, Recon Valid Loss: 0.12, Learning Rate: 0.0001
Epoch: 127, Alpha: 0.28, Total Train Loss: 0.71, Contrastive Train Loss: 2.32, Recon Train Loss: 0.08, Total Valid Loss: 0.80, Contrastive Valid Loss: 2.56, Recon Valid Loss: 0.11, Learning Rate: 0.0001
Epoch: 128, Alpha: 0.28, Total Train Loss: 0.70, Contrastive Train Loss: 2.32, Recon Train Loss: 0.08, Total Valid Loss: 0.79, Contrastive Valid Loss: 2.56, Recon Valid Loss: 0.11, Learning Rate: 0.0001
Epoch: 129, Alpha: 0.28, Total Train Loss: 0.70, Contrastive Train Loss: 2.32, Recon Train Loss: 0.08, Total Valid Loss: 0.78, Contrastive Valid Loss: 2.56, Recon Valid Loss: 0.11, Learning Rate: 0.0001
Epoch: 130, Alpha: 0.27, Total Train Loss: 0.69, Contrastive Train Loss: 2.32, Recon Train Loss: 0.08, Total Valid Loss: 0.77, Contrastive Valid Loss: 2.56, Recon Valid Loss: 0.10, Learning Rate: 0.0001
Epoch: 131, Alpha: 0.27, Total Train Loss: 0.68, Contrastive Train Loss: 2.32, Recon Train Loss: 0.08, Total Valid Loss: 0.77, Contrastive Valid Loss: 2.56, Recon Valid Loss: 0.11, Learning Rate: 0.0001
Epoch: 132, Alpha: 0.27, Total Train Loss: 0.68, Contrastive Train Loss: 2.32, Recon Train Loss: 0.08, Total Valid Loss: 0.76, Contrastive Valid Loss: 2.56, Recon Valid Loss: 0.11, Learning Rate: 0.0001
Epoch: 133, Alpha: 0.26, Total Train Loss: 0.67, Contrastive Train Loss: 2.32, Recon Train Loss: 0.08, Total Valid Loss: 0.76, Contrastive Valid Loss: 2.57, Recon Valid Loss: 0.11, Learning Rate: 0.0001
Epoch: 134, Alpha: 0.26, Total Train Loss: 0.67, Contrastive Train Loss: 2.32, Recon Train Loss: 0.08, Total Valid Loss: 0.75, Contrastive Valid Loss: 2.56, Recon Valid Loss: 0.10, Learning Rate: 0.0001
Epoch: 135, Alpha: 0.26, Total Train Loss: 0.66, Contrastive Train Loss: 2.32, Recon Train Loss: 0.08, Total Valid Loss: 0.74, Contrastive Valid Loss: 2.56, Recon Valid Loss: 0.11, Learning Rate: 0.0001
Epoch: 136, Alpha: 0.26, Total Train Loss: 0.65, Contrastive Train Loss: 2.32, Recon Train Loss: 0.08, Total Valid Loss: 0.74, Contrastive Valid Loss: 2.56, Recon Valid Loss: 0.11, Learning Rate: 0.0001
Epoch: 137, Alpha: 0.25, Total Train Loss: 0.65, Contrastive Train Loss: 2.32, Recon Train Loss: 0.08, Total Valid Loss: 0.73, Contrastive Valid Loss: 2.56, Recon Valid Loss: 0.10, Learning Rate: 0.0001
Epoch: 138, Alpha: 0.25, Total Train Loss: 0.64, Contrastive Train Loss: 2.32, Recon Train Loss: 0.08, Total Valid Loss: 0.72, Contrastive Valid Loss: 2.56, Recon Valid Loss: 0.10, Learning Rate: 0.0001
Epoch: 139, Alpha: 0.25, Total Train Loss: 0.64, Contrastive Train Loss: 2.32, Recon Train Loss: 0.08, Total Valid Loss: 0.71, Contrastive Valid Loss: 2.56, Recon Valid Loss: 0.10, Learning Rate: 0.0001
Epoch: 140, Alpha: 0.25, Total Train Loss: 0.63, Contrastive Train Loss: 2.32, Recon Train Loss: 0.08, Total Valid Loss: 0.70, Contrastive Valid Loss: 2.56, Recon Valid Loss: 0.10, Learning Rate: 0.0001
Epoch: 141, Alpha: 0.24, Total Train Loss: 0.62, Contrastive Train Loss: 2.32, Recon Train Loss: 0.08, Total Valid Loss: 0.70, Contrastive Valid Loss: 2.56, Recon Valid Loss: 0.10, Learning Rate: 0.0001
Epoch: 142, Alpha: 0.24, Total Train Loss: 0.62, Contrastive Train Loss: 2.32, Recon Train Loss: 0.08, Total Valid Loss: 0.69, Contrastive Valid Loss: 2.56, Recon Valid Loss: 0.10, Learning Rate: 0.0001
Epoch: 143, Alpha: 0.24, Total Train Loss: 0.61, Contrastive Train Loss: 2.32, Recon Train Loss: 0.08, Total Valid Loss: 0.69, Contrastive Valid Loss: 2.56, Recon Valid Loss: 0.10, Learning Rate: 0.0001
Epoch: 144, Alpha: 0.24, Total Train Loss: 0.61, Contrastive Train Loss: 2.32, Recon Train Loss: 0.08, Total Valid Loss: 0.69, Contrastive Valid Loss: 2.56, Recon Valid Loss: 0.11, Learning Rate: 0.0001
Epoch: 145, Alpha: 0.23, Total Train Loss: 0.60, Contrastive Train Loss: 2.32, Recon Train Loss: 0.08, Total Valid Loss: 0.68, Contrastive Valid Loss: 2.56, Recon Valid Loss: 0.10, Learning Rate: 0.0001
Epoch: 146, Alpha: 0.23, Total Train Loss: 0.60, Contrastive Train Loss: 2.32, Recon Train Loss: 0.08, Total Valid Loss: 0.67, Contrastive Valid Loss: 2.56, Recon Valid Loss: 0.09, Learning Rate: 0.0001
Epoch: 147, Alpha: 0.23, Total Train Loss: 0.59, Contrastive Train Loss: 2.32, Recon Train Loss: 0.08, Total Valid Loss: 0.67, Contrastive Valid Loss: 2.56, Recon Valid Loss: 0.10, Learning Rate: 0.0001
Epoch: 148, Alpha: 0.23, Total Train Loss: 0.59, Contrastive Train Loss: 2.32, Recon Train Loss: 0.08, Total Valid Loss: 0.66, Contrastive Valid Loss: 2.56, Recon Valid Loss: 0.10, Learning Rate: 0.0001
Epoch: 149, Alpha: 0.23, Total Train Loss: 0.58, Contrastive Train Loss: 2.32, Recon Train Loss: 0.08, Total Valid Loss: 0.65, Contrastive Valid Loss: 2.56, Recon Valid Loss: 0.10, Learning Rate: 0.0001
Epoch: 150, Alpha: 0.22, Total Train Loss: 0.58, Contrastive Train Loss: 2.32, Recon Train Loss: 0.08, Total Valid Loss: 0.64, Contrastive Valid Loss: 2.56, Recon Valid Loss: 0.09, Learning Rate: 0.0001
Epoch: 151, Alpha: 0.22, Total Train Loss: 0.57, Contrastive Train Loss: 2.32, Recon Train Loss: 0.08, Total Valid Loss: 0.64, Contrastive Valid Loss: 2.56, Recon Valid Loss: 0.10, Learning Rate: 0.0001
Epoch: 152, Alpha: 0.22, Total Train Loss: 0.57, Contrastive Train Loss: 2.32, Recon Train Loss: 0.08, Total Valid Loss: 0.64, Contrastive Valid Loss: 2.57, Recon Valid Loss: 0.10, Learning Rate: 0.0001
Epoch: 153, Alpha: 0.22, Total Train Loss: 0.56, Contrastive Train Loss: 2.32, Recon Train Loss: 0.08, Total Valid Loss: 0.63, Contrastive Valid Loss: 2.56, Recon Valid Loss: 0.09, Learning Rate: 0.0001
Epoch: 154, Alpha: 0.21, Total Train Loss: 0.56, Contrastive Train Loss: 2.32, Recon Train Loss: 0.07, Total Valid Loss: 0.63, Contrastive Valid Loss: 2.57, Recon Valid Loss: 0.10, Learning Rate: 0.0001
Epoch: 155, Alpha: 0.21, Total Train Loss: 0.55, Contrastive Train Loss: 2.32, Recon Train Loss: 0.07, Total Valid Loss: 0.62, Contrastive Valid Loss: 2.56, Recon Valid Loss: 0.10, Learning Rate: 0.0001
Epoch: 156, Alpha: 0.21, Total Train Loss: 0.55, Contrastive Train Loss: 2.32, Recon Train Loss: 0.07, Total Valid Loss: 0.62, Contrastive Valid Loss: 2.56, Recon Valid Loss: 0.10, Learning Rate: 0.0001
Epoch: 157, Alpha: 0.21, Total Train Loss: 0.54, Contrastive Train Loss: 2.32, Recon Train Loss: 0.07, Total Valid Loss: 0.61, Contrastive Valid Loss: 2.57, Recon Valid Loss: 0.10, Learning Rate: 0.0001
Epoch: 158, Alpha: 0.21, Total Train Loss: 0.54, Contrastive Train Loss: 2.32, Recon Train Loss: 0.07, Total Valid Loss: 0.60, Contrastive Valid Loss: 2.56, Recon Valid Loss: 0.09, Learning Rate: 0.0001
Epoch: 159, Alpha: 0.20, Total Train Loss: 0.53, Contrastive Train Loss: 2.32, Recon Train Loss: 0.07, Total Valid Loss: 0.60, Contrastive Valid Loss: 2.55, Recon Valid Loss: 0.09, Learning Rate: 0.0001
Epoch: 160, Alpha: 0.20, Total Train Loss: 0.53, Contrastive Train Loss: 2.32, Recon Train Loss: 0.07, Total Valid Loss: 0.59, Contrastive Valid Loss: 2.56, Recon Valid Loss: 0.09, Learning Rate: 0.0001
Epoch: 161, Alpha: 0.20, Total Train Loss: 0.52, Contrastive Train Loss: 2.32, Recon Train Loss: 0.07, Total Valid Loss: 0.58, Contrastive Valid Loss: 2.56, Recon Valid Loss: 0.09, Learning Rate: 0.0001
Epoch: 162, Alpha: 0.20, Total Train Loss: 0.52, Contrastive Train Loss: 2.32, Recon Train Loss: 0.07, Total Valid Loss: 0.58, Contrastive Valid Loss: 2.57, Recon Valid Loss: 0.09, Learning Rate: 0.0001
Epoch: 163, Alpha: 0.20, Total Train Loss: 0.51, Contrastive Train Loss: 2.32, Recon Train Loss: 0.07, Total Valid Loss: 0.57, Contrastive Valid Loss: 2.56, Recon Valid Loss: 0.09, Learning Rate: 0.0001
Epoch: 164, Alpha: 0.19, Total Train Loss: 0.51, Contrastive Train Loss: 2.32, Recon Train Loss: 0.07, Total Valid Loss: 0.57, Contrastive Valid Loss: 2.56, Recon Valid Loss: 0.09, Learning Rate: 0.0001
Epoch: 165, Alpha: 0.19, Total Train Loss: 0.50, Contrastive Train Loss: 2.32, Recon Train Loss: 0.07, Total Valid Loss: 0.57, Contrastive Valid Loss: 2.56, Recon Valid Loss: 0.09, Learning Rate: 0.0001
Epoch: 166, Alpha: 0.19, Total Train Loss: 0.50, Contrastive Train Loss: 2.32, Recon Train Loss: 0.07, Total Valid Loss: 0.56, Contrastive Valid Loss: 2.56, Recon Valid Loss: 0.09, Learning Rate: 0.0001
Epoch: 167, Alpha: 0.19, Total Train Loss: 0.49, Contrastive Train Loss: 2.32, Recon Train Loss: 0.07, Total Valid Loss: 0.55, Contrastive Valid Loss: 2.55, Recon Valid Loss: 0.09, Learning Rate: 0.0001
Epoch: 168, Alpha: 0.19, Total Train Loss: 0.49, Contrastive Train Loss: 2.32, Recon Train Loss: 0.07, Total Valid Loss: 0.55, Contrastive Valid Loss: 2.55, Recon Valid Loss: 0.09, Learning Rate: 0.0001
Epoch: 169, Alpha: 0.18, Total Train Loss: 0.49, Contrastive Train Loss: 2.32, Recon Train Loss: 0.07, Total Valid Loss: 0.55, Contrastive Valid Loss: 2.56, Recon Valid Loss: 0.09, Learning Rate: 0.0001
Epoch: 170, Alpha: 0.18, Total Train Loss: 0.48, Contrastive Train Loss: 2.32, Recon Train Loss: 0.07, Total Valid Loss: 0.54, Contrastive Valid Loss: 2.56, Recon Valid Loss: 0.09, Learning Rate: 0.0001
Epoch: 171, Alpha: 0.18, Total Train Loss: 0.48, Contrastive Train Loss: 2.32, Recon Train Loss: 0.07, Total Valid Loss: 0.54, Contrastive Valid Loss: 2.56, Recon Valid Loss: 0.09, Learning Rate: 0.0001
Epoch: 172, Alpha: 0.18, Total Train Loss: 0.47, Contrastive Train Loss: 2.32, Recon Train Loss: 0.07, Total Valid Loss: 0.53, Contrastive Valid Loss: 2.55, Recon Valid Loss: 0.09, Learning Rate: 0.0001
Epoch: 173, Alpha: 0.18, Total Train Loss: 0.47, Contrastive Train Loss: 2.32, Recon Train Loss: 0.07, Total Valid Loss: 0.52, Contrastive Valid Loss: 2.55, Recon Valid Loss: 0.09, Learning Rate: 0.0001
Epoch: 174, Alpha: 0.18, Total Train Loss: 0.46, Contrastive Train Loss: 2.32, Recon Train Loss: 0.07, Total Valid Loss: 0.52, Contrastive Valid Loss: 2.55, Recon Valid Loss: 0.09, Learning Rate: 0.0001
Epoch: 175, Alpha: 0.17, Total Train Loss: 0.46, Contrastive Train Loss: 2.32, Recon Train Loss: 0.07, Total Valid Loss: 0.52, Contrastive Valid Loss: 2.56, Recon Valid Loss: 0.09, Learning Rate: 0.0001
Epoch: 176, Alpha: 0.17, Total Train Loss: 0.46, Contrastive Train Loss: 2.32, Recon Train Loss: 0.07, Total Valid Loss: 0.51, Contrastive Valid Loss: 2.56, Recon Valid Loss: 0.09, Learning Rate: 0.0001
Epoch: 177, Alpha: 0.17, Total Train Loss: 0.45, Contrastive Train Loss: 2.32, Recon Train Loss: 0.07, Total Valid Loss: 0.51, Contrastive Valid Loss: 2.55, Recon Valid Loss: 0.09, Learning Rate: 0.0001
Epoch: 178, Alpha: 0.17, Total Train Loss: 0.45, Contrastive Train Loss: 2.32, Recon Train Loss: 0.07, Total Valid Loss: 0.50, Contrastive Valid Loss: 2.55, Recon Valid Loss: 0.09, Learning Rate: 0.0001
Epoch: 179, Alpha: 0.17, Total Train Loss: 0.44, Contrastive Train Loss: 2.32, Recon Train Loss: 0.07, Total Valid Loss: 0.50, Contrastive Valid Loss: 2.55, Recon Valid Loss: 0.09, Learning Rate: 0.0001
Starting Downstream Task
torch.Size([2806, 5, 64, 32])
torch.Size([935, 5, 64, 32])
torch.Size([937, 5, 64, 32])
Shape: (5, 144, 72)
Epoch: 0, Train Loss: 0.02467, Valid Loss: 0.01437, EPS: 1.0
Epoch: 1, Train Loss: 0.01275, Valid Loss: 0.01176, EPS: 0.991
Epoch: 2, Train Loss: 0.01082, Valid Loss: 0.01085, EPS: 0.982
Epoch: 3, Train Loss: 0.00985, Valid Loss: 0.01039, EPS: 0.973
Epoch: 4, Train Loss: 0.00931, Valid Loss: 0.00997, EPS: 0.964
Epoch: 5, Train Loss: 0.00887, Valid Loss: 0.00967, EPS: 0.955
Epoch: 6, Train Loss: 0.00857, Valid Loss: 0.00954, EPS: 0.946
Epoch: 7, Train Loss: 0.00838, Valid Loss: 0.00929, EPS: 0.9369999999999999
Epoch: 8, Train Loss: 0.00824, Valid Loss: 0.00941, EPS: 0.928
Epoch: 9, Train Loss: 0.00807, Valid Loss: 0.00933, EPS: 0.919
Epoch: 10, Train Loss: 0.00801, Valid Loss: 0.00932, EPS: 0.91
Epoch: 11, Train Loss: 0.00790, Valid Loss: 0.00937, EPS: 0.901
Epoch: 12, Train Loss: 0.00784, Valid Loss: 0.00917, EPS: 0.892
Epoch: 13, Train Loss: 0.00771, Valid Loss: 0.00937, EPS: 0.883
Epoch: 14, Train Loss: 0.00765, Valid Loss: 0.00923, EPS: 0.874
Epoch: 15, Train Loss: 0.00759, Valid Loss: 0.00929, EPS: 0.865
Epoch: 16, Train Loss: 0.00757, Valid Loss: 0.00917, EPS: 0.856
Epoch: 17, Train Loss: 0.00751, Valid Loss: 0.00926, EPS: 0.847
Epoch: 18, Train Loss: 0.00741, Valid Loss: 0.00930, EPS: 0.8380000000000001
Epoch: 19, Train Loss: 0.00738, Valid Loss: 0.00951, EPS: 0.8290000000000001
Epoch: 20, Train Loss: 0.00731, Valid Loss: 0.00935, EPS: 0.8200000000000001
Epoch: 21, Train Loss: 0.00729, Valid Loss: 0.00920, EPS: 0.811
Epoch: 22, Train Loss: 0.00726, Valid Loss: 0.00931, EPS: 0.802
Epoch: 23, Train Loss: 0.00724, Valid Loss: 0.00923, EPS: 0.793
Epoch: 24, Train Loss: 0.00719, Valid Loss: 0.00919, EPS: 0.784
Epoch: 25, Train Loss: 0.00713, Valid Loss: 0.00937, EPS: 0.775
Epoch: 26, Train Loss: 0.00713, Valid Loss: 0.00919, EPS: 0.766
Epoch: 27, Train Loss: 0.00708, Valid Loss: 0.00913, EPS: 0.757
Epoch: 28, Train Loss: 0.00705, Valid Loss: 0.00919, EPS: 0.748
Epoch: 29, Train Loss: 0.00699, Valid Loss: 0.00939, EPS: 0.739
Epoch: 30, Train Loss: 0.00696, Valid Loss: 0.00932, EPS: 0.73
Epoch: 31, Train Loss: 0.00699, Valid Loss: 0.00936, EPS: 0.721
Epoch: 32, Train Loss: 0.00694, Valid Loss: 0.00933, EPS: 0.712
Epoch: 33, Train Loss: 0.00699, Valid Loss: 0.00940, EPS: 0.703
Epoch: 34, Train Loss: 0.00695, Valid Loss: 0.00938, EPS: 0.694
Epoch: 35, Train Loss: 0.00692, Valid Loss: 0.00931, EPS: 0.685
Epoch: 36, Train Loss: 0.00690, Valid Loss: 0.00938, EPS: 0.676
Epoch: 37, Train Loss: 0.00687, Valid Loss: 0.00936, EPS: 0.667
Epoch: 38, Train Loss: 0.00682, Valid Loss: 0.00940, EPS: 0.658
Epoch: 39, Train Loss: 0.00616, Valid Loss: 0.00872, EPS: 0.649
Epoch: 40, Train Loss: 0.00587, Valid Loss: 0.00874, EPS: 0.64
Epoch: 41, Train Loss: 0.00582, Valid Loss: 0.00866, EPS: 0.6310000000000001
Epoch: 42, Train Loss: 0.00576, Valid Loss: 0.00864, EPS: 0.6220000000000001
Epoch: 43, Train Loss: 0.00572, Valid Loss: 0.00871, EPS: 0.6130000000000001
Epoch: 44, Train Loss: 0.00573, Valid Loss: 0.00864, EPS: 0.6040000000000001
Epoch: 45, Train Loss: 0.00567, Valid Loss: 0.00868, EPS: 0.5950000000000001
Epoch: 46, Train Loss: 0.00568, Valid Loss: 0.00865, EPS: 0.5860000000000001
Epoch: 47, Train Loss: 0.00564, Valid Loss: 0.00862, EPS: 0.5770000000000001
Epoch: 48, Train Loss: 0.00565, Valid Loss: 0.00865, EPS: 0.5680000000000001
Epoch: 49, Train Loss: 0.00562, Valid Loss: 0.00861, EPS: 0.559
Epoch: 50, Train Loss: 0.00563, Valid Loss: 0.00863, EPS: 0.55
Epoch: 51, Train Loss: 0.00559, Valid Loss: 0.00863, EPS: 0.541
Epoch: 52, Train Loss: 0.00558, Valid Loss: 0.00858, EPS: 0.532
Epoch: 53, Train Loss: 0.00557, Valid Loss: 0.00857, EPS: 0.523
Epoch: 54, Train Loss: 0.00557, Valid Loss: 0.00860, EPS: 0.514
Epoch: 55, Train Loss: 0.00555, Valid Loss: 0.00867, EPS: 0.505
Epoch: 56, Train Loss: 0.00556, Valid Loss: 0.00866, EPS: 0.496
Epoch: 57, Train Loss: 0.00554, Valid Loss: 0.00862, EPS: 0.4870000000000001
Epoch: 58, Train Loss: 0.00551, Valid Loss: 0.00859, EPS: 0.4780000000000001
Epoch: 59, Train Loss: 0.00550, Valid Loss: 0.00857, EPS: 0.4690000000000001
Epoch: 60, Train Loss: 0.00549, Valid Loss: 0.00856, EPS: 0.4600000000000001
Epoch: 61, Train Loss: 0.00546, Valid Loss: 0.00854, EPS: 0.45100000000000007
Epoch: 62, Train Loss: 0.00545, Valid Loss: 0.00855, EPS: 0.44200000000000006
Epoch: 63, Train Loss: 0.00545, Valid Loss: 0.00855, EPS: 0.43300000000000005
Epoch: 64, Train Loss: 0.00542, Valid Loss: 0.00858, EPS: 0.42400000000000004
Epoch: 65, Train Loss: 0.00545, Valid Loss: 0.00858, EPS: 0.41500000000000004
Epoch: 66, Train Loss: 0.00540, Valid Loss: 0.00856, EPS: 0.406
Epoch: 67, Train Loss: 0.00539, Valid Loss: 0.00852, EPS: 0.397
Epoch: 68, Train Loss: 0.00539, Valid Loss: 0.00855, EPS: 0.388
Epoch: 69, Train Loss: 0.00535, Valid Loss: 0.00849, EPS: 0.3790000000000001
Epoch: 70, Train Loss: 0.00534, Valid Loss: 0.00851, EPS: 0.3700000000000001
Epoch: 71, Train Loss: 0.00532, Valid Loss: 0.00845, EPS: 0.3610000000000001
Epoch: 72, Train Loss: 0.00532, Valid Loss: 0.00848, EPS: 0.3520000000000001
Epoch: 73, Train Loss: 0.00529, Valid Loss: 0.00847, EPS: 0.343
Epoch: 74, Train Loss: 0.00529, Valid Loss: 0.00845, EPS: 0.334
Epoch: 75, Train Loss: 0.00528, Valid Loss: 0.00848, EPS: 0.325
Epoch: 76, Train Loss: 0.00525, Valid Loss: 0.00845, EPS: 0.316
Epoch: 77, Train Loss: 0.00526, Valid Loss: 0.00844, EPS: 0.307
Epoch: 78, Train Loss: 0.00524, Valid Loss: 0.00841, EPS: 0.298
Epoch: 79, Train Loss: 0.00522, Valid Loss: 0.00842, EPS: 0.289
Epoch: 80, Train Loss: 0.00521, Valid Loss: 0.00850, EPS: 0.27999999999999997
Epoch: 81, Train Loss: 0.00520, Valid Loss: 0.00853, EPS: 0.27099999999999996
Epoch: 82, Train Loss: 0.00520, Valid Loss: 0.00844, EPS: 0.26200000000000007
Epoch: 83, Train Loss: 0.00518, Valid Loss: 0.00839, EPS: 0.25300000000000006
Epoch: 84, Train Loss: 0.00518, Valid Loss: 0.00846, EPS: 0.24400000000000005
Epoch: 85, Train Loss: 0.00516, Valid Loss: 0.00839, EPS: 0.23500000000000004
Epoch: 86, Train Loss: 0.00516, Valid Loss: 0.00847, EPS: 0.22600000000000003
Epoch: 87, Train Loss: 0.00513, Valid Loss: 0.00844, EPS: 0.21700000000000003
Epoch: 88, Train Loss: 0.00514, Valid Loss: 0.00846, EPS: 0.20800000000000002
Epoch: 89, Train Loss: 0.00513, Valid Loss: 0.00846, EPS: 0.199
Epoch: 90, Train Loss: 0.00512, Valid Loss: 0.00842, EPS: 0.19
Epoch: 91, Train Loss: 0.00512, Valid Loss: 0.00843, EPS: 0.181
Epoch: 92, Train Loss: 0.00510, Valid Loss: 0.00845, EPS: 0.172
Epoch: 93, Train Loss: 0.00509, Valid Loss: 0.00843, EPS: 0.16299999999999998
Epoch: 94, Train Loss: 0.00508, Valid Loss: 0.00844, EPS: 0.15400000000000005
Epoch: 95, Train Loss: 0.00499, Valid Loss: 0.00838, EPS: 0.14500000000000005
Epoch: 96, Train Loss: 0.00495, Valid Loss: 0.00836, EPS: 0.13600000000000004
Epoch: 97, Train Loss: 0.00495, Valid Loss: 0.00838, EPS: 0.12700000000000003
Epoch: 98, Train Loss: 0.00493, Valid Loss: 0.00836, EPS: 0.11800000000000002
Epoch: 99, Train Loss: 0.00493, Valid Loss: 0.00838, EPS: 0.10900000000000001
Test Loss: 0.00837
Test Loss: 0.00838
Training Decoder
Epoch: 0, Total Train Loss: 0.07, Total Valid Loss: 0.08, Learning Rate: 0.0001
Epoch: 1, Total Train Loss: 0.07, Total Valid Loss: 0.08, Learning Rate: 0.0001
Epoch: 2, Total Train Loss: 0.07, Total Valid Loss: 0.08, Learning Rate: 0.0001
Epoch: 3, Total Train Loss: 0.07, Total Valid Loss: 0.08, Learning Rate: 0.0001
Epoch: 4, Total Train Loss: 0.07, Total Valid Loss: 0.08, Learning Rate: 0.0001
Epoch: 5, Total Train Loss: 0.07, Total Valid Loss: 0.08, Learning Rate: 0.0001
Epoch: 6, Total Train Loss: 0.07, Total Valid Loss: 0.08, Learning Rate: 0.0001
Epoch: 7, Total Train Loss: 0.07, Total Valid Loss: 0.08, Learning Rate: 0.0001
Epoch: 8, Total Train Loss: 0.07, Total Valid Loss: 0.08, Learning Rate: 0.0001
Epoch: 9, Total Train Loss: 0.07, Total Valid Loss: 0.08, Learning Rate: 0.0001
Epoch: 10, Total Train Loss: 0.07, Total Valid Loss: 0.08, Learning Rate: 0.0001
Epoch: 11, Total Train Loss: 0.07, Total Valid Loss: 0.08, Learning Rate: 0.0001
Epoch: 12, Total Train Loss: 0.07, Total Valid Loss: 0.08, Learning Rate: 0.0001
Epoch: 13, Total Train Loss: 0.07, Total Valid Loss: 0.08, Learning Rate: 0.0001
Epoch: 14, Total Train Loss: 0.07, Total Valid Loss: 0.08, Learning Rate: 0.0001
Epoch: 15, Total Train Loss: 0.07, Total Valid Loss: 0.08, Learning Rate: 0.0001
Epoch: 16, Total Train Loss: 0.07, Total Valid Loss: 0.08, Learning Rate: 0.0001
Epoch: 17, Total Train Loss: 0.07, Total Valid Loss: 0.08, Learning Rate: 0.0001
Epoch: 18, Total Train Loss: 0.07, Total Valid Loss: 0.08, Learning Rate: 0.0001
Epoch: 19, Total Train Loss: 0.07, Total Valid Loss: 0.08, Learning Rate: 0.0001
Epoch: 20, Total Train Loss: 0.07, Total Valid Loss: 0.08, Learning Rate: 0.0001
Epoch: 21, Total Train Loss: 0.07, Total Valid Loss: 0.08, Learning Rate: 0.0001
Epoch: 22, Total Train Loss: 0.07, Total Valid Loss: 0.08, Learning Rate: 0.0001
Epoch: 23, Total Train Loss: 0.07, Total Valid Loss: 0.08, Learning Rate: 0.0001
Epoch: 24, Total Train Loss: 0.07, Total Valid Loss: 0.08, Learning Rate: 0.0001
Epoch: 25, Total Train Loss: 0.07, Total Valid Loss: 0.08, Learning Rate: 0.0001
Epoch: 26, Total Train Loss: 0.07, Total Valid Loss: 0.08, Learning Rate: 0.0001
Epoch: 27, Total Train Loss: 0.07, Total Valid Loss: 0.08, Learning Rate: 0.0001
Epoch: 28, Total Train Loss: 0.07, Total Valid Loss: 0.08, Learning Rate: 0.0001
Epoch: 29, Total Train Loss: 0.07, Total Valid Loss: 0.08, Learning Rate: 0.0001
Epoch: 30, Total Train Loss: 0.07, Total Valid Loss: 0.08, Learning Rate: 0.0001
Epoch: 31, Total Train Loss: 0.07, Total Valid Loss: 0.08, Learning Rate: 0.0001
Epoch: 32, Total Train Loss: 0.07, Total Valid Loss: 0.08, Learning Rate: 0.0001
Epoch: 33, Total Train Loss: 0.07, Total Valid Loss: 0.08, Learning Rate: 0.0001
Epoch: 34, Total Train Loss: 0.07, Total Valid Loss: 0.08, Learning Rate: 0.0001
Epoch: 35, Total Train Loss: 0.07, Total Valid Loss: 0.08, Learning Rate: 0.0001
Epoch: 36, Total Train Loss: 0.07, Total Valid Loss: 0.08, Learning Rate: 0.0001
Epoch: 37, Total Train Loss: 0.07, Total Valid Loss: 0.08, Learning Rate: 0.0001
Epoch: 38, Total Train Loss: 0.07, Total Valid Loss: 0.08, Learning Rate: 0.0001
Epoch: 39, Total Train Loss: 0.07, Total Valid Loss: 0.08, Learning Rate: 0.0001
Epoch: 40, Total Train Loss: 0.07, Total Valid Loss: 0.08, Learning Rate: 0.0001
Epoch: 41, Total Train Loss: 0.07, Total Valid Loss: 0.08, Learning Rate: 0.0001
Epoch: 42, Total Train Loss: 0.07, Total Valid Loss: 0.08, Learning Rate: 0.0001
Epoch: 43, Total Train Loss: 0.07, Total Valid Loss: 0.08, Learning Rate: 0.0001
Epoch: 44, Total Train Loss: 0.07, Total Valid Loss: 0.08, Learning Rate: 0.0001
Epoch: 45, Total Train Loss: 0.07, Total Valid Loss: 0.08, Learning Rate: 0.0001
Epoch: 46, Total Train Loss: 0.07, Total Valid Loss: 0.08, Learning Rate: 0.0001
Epoch: 47, Total Train Loss: 0.07, Total Valid Loss: 0.08, Learning Rate: 0.0001
Epoch: 48, Total Train Loss: 0.07, Total Valid Loss: 0.08, Learning Rate: 0.0001
Epoch: 49, Total Train Loss: 0.07, Total Valid Loss: 0.08, Learning Rate: 0.0001
Epoch: 50, Total Train Loss: 0.07, Total Valid Loss: 0.08, Learning Rate: 0.0001
Epoch: 51, Total Train Loss: 0.07, Total Valid Loss: 0.08, Learning Rate: 0.0001
Epoch: 52, Total Train Loss: 0.07, Total Valid Loss: 0.08, Learning Rate: 0.0001
Epoch: 53, Total Train Loss: 0.07, Total Valid Loss: 0.08, Learning Rate: 0.0001
Epoch: 54, Total Train Loss: 0.07, Total Valid Loss: 0.08, Learning Rate: 0.0001
Epoch: 55, Total Train Loss: 0.07, Total Valid Loss: 0.08, Learning Rate: 0.0001
Epoch: 56, Total Train Loss: 0.07, Total Valid Loss: 0.08, Learning Rate: 0.0001
Epoch: 57, Total Train Loss: 0.07, Total Valid Loss: 0.08, Learning Rate: 0.0001
Epoch: 58, Total Train Loss: 0.07, Total Valid Loss: 0.08, Learning Rate: 0.0001
Epoch: 59, Total Train Loss: 0.07, Total Valid Loss: 0.08, Learning Rate: 0.0001
Epoch: 60, Total Train Loss: 0.07, Total Valid Loss: 0.08, Learning Rate: 0.0001
Epoch: 61, Total Train Loss: 0.07, Total Valid Loss: 0.08, Learning Rate: 0.0001
Epoch: 62, Total Train Loss: 0.07, Total Valid Loss: 0.08, Learning Rate: 0.0001
Epoch: 63, Total Train Loss: 0.07, Total Valid Loss: 0.08, Learning Rate: 0.0001
Epoch: 64, Total Train Loss: 0.07, Total Valid Loss: 0.08, Learning Rate: 0.0001
Epoch: 65, Total Train Loss: 0.07, Total Valid Loss: 0.08, Learning Rate: 0.0001
Epoch: 66, Total Train Loss: 0.07, Total Valid Loss: 0.08, Learning Rate: 0.0001
Epoch: 67, Total Train Loss: 0.07, Total Valid Loss: 0.08, Learning Rate: 0.0001
Epoch: 68, Total Train Loss: 0.07, Total Valid Loss: 0.08, Learning Rate: 0.0001
Epoch: 69, Total Train Loss: 0.07, Total Valid Loss: 0.08, Learning Rate: 0.0001
Epoch: 70, Total Train Loss: 0.07, Total Valid Loss: 0.08, Learning Rate: 0.0001
Epoch: 71, Total Train Loss: 0.07, Total Valid Loss: 0.08, Learning Rate: 0.0001
Epoch: 72, Total Train Loss: 0.07, Total Valid Loss: 0.08, Learning Rate: 0.0001
Epoch: 73, Total Train Loss: 0.07, Total Valid Loss: 0.08, Learning Rate: 0.0001
Epoch: 74, Total Train Loss: 0.07, Total Valid Loss: 0.08, Learning Rate: 0.0001
Epoch: 75, Total Train Loss: 0.07, Total Valid Loss: 0.08, Learning Rate: 0.0001
Epoch: 76, Total Train Loss: 0.07, Total Valid Loss: 0.08, Learning Rate: 0.0001
Epoch: 77, Total Train Loss: 0.07, Total Valid Loss: 0.07, Learning Rate: 0.0001
Epoch: 78, Total Train Loss: 0.07, Total Valid Loss: 0.07, Learning Rate: 0.0001
Epoch: 79, Total Train Loss: 0.07, Total Valid Loss: 0.08, Learning Rate: 0.0001
Epoch: 80, Total Train Loss: 0.07, Total Valid Loss: 0.07, Learning Rate: 0.0001
Epoch: 81, Total Train Loss: 0.07, Total Valid Loss: 0.07, Learning Rate: 0.0001
Epoch: 82, Total Train Loss: 0.07, Total Valid Loss: 0.07, Learning Rate: 0.0001
Epoch: 83, Total Train Loss: 0.07, Total Valid Loss: 0.07, Learning Rate: 0.0001
Epoch: 84, Total Train Loss: 0.07, Total Valid Loss: 0.07, Learning Rate: 0.0001
Epoch: 85, Total Train Loss: 0.07, Total Valid Loss: 0.07, Learning Rate: 0.0001
Epoch: 86, Total Train Loss: 0.07, Total Valid Loss: 0.07, Learning Rate: 0.0001
Epoch: 87, Total Train Loss: 0.07, Total Valid Loss: 0.07, Learning Rate: 0.0001
Epoch: 88, Total Train Loss: 0.07, Total Valid Loss: 0.07, Learning Rate: 0.0001
Epoch: 89, Total Train Loss: 0.07, Total Valid Loss: 0.07, Learning Rate: 0.0001
Epoch: 90, Total Train Loss: 0.07, Total Valid Loss: 0.07, Learning Rate: 0.0001
Epoch: 91, Total Train Loss: 0.07, Total Valid Loss: 0.07, Learning Rate: 0.0001
Epoch: 92, Total Train Loss: 0.07, Total Valid Loss: 0.07, Learning Rate: 0.0001
Epoch: 93, Total Train Loss: 0.07, Total Valid Loss: 0.07, Learning Rate: 0.0001
Epoch: 94, Total Train Loss: 0.07, Total Valid Loss: 0.07, Learning Rate: 0.0001
Epoch: 95, Total Train Loss: 0.07, Total Valid Loss: 0.07, Learning Rate: 0.0001
Epoch: 96, Total Train Loss: 0.07, Total Valid Loss: 0.07, Learning Rate: 0.0001
Epoch: 97, Total Train Loss: 0.07, Total Valid Loss: 0.07, Learning Rate: 0.0001
Epoch: 98, Total Train Loss: 0.07, Total Valid Loss: 0.07, Learning Rate: 0.0001
Epoch: 99, Total Train Loss: 0.07, Total Valid Loss: 0.07, Learning Rate: 0.0001
Epoch: 100, Total Train Loss: 0.07, Total Valid Loss: 0.07, Learning Rate: 0.0001
Epoch: 101, Total Train Loss: 0.07, Total Valid Loss: 0.07, Learning Rate: 0.0001
Epoch: 102, Total Train Loss: 0.07, Total Valid Loss: 0.07, Learning Rate: 0.0001
Epoch: 103, Total Train Loss: 0.07, Total Valid Loss: 0.07, Learning Rate: 0.0001
Epoch: 104, Total Train Loss: 0.07, Total Valid Loss: 0.07, Learning Rate: 0.0001
Epoch: 105, Total Train Loss: 0.07, Total Valid Loss: 0.07, Learning Rate: 0.0001
Epoch: 106, Total Train Loss: 0.07, Total Valid Loss: 0.07, Learning Rate: 0.0001
Epoch: 107, Total Train Loss: 0.07, Total Valid Loss: 0.07, Learning Rate: 0.0001
Epoch: 108, Total Train Loss: 0.07, Total Valid Loss: 0.07, Learning Rate: 0.0001
Epoch: 109, Total Train Loss: 0.07, Total Valid Loss: 0.07, Learning Rate: 0.0001
Epoch: 110, Total Train Loss: 0.07, Total Valid Loss: 0.07, Learning Rate: 0.0001
Epoch: 111, Total Train Loss: 0.07, Total Valid Loss: 0.07, Learning Rate: 0.0001
Epoch: 112, Total Train Loss: 0.07, Total Valid Loss: 0.07, Learning Rate: 0.0001
Epoch: 113, Total Train Loss: 0.07, Total Valid Loss: 0.07, Learning Rate: 0.0001
Epoch: 114, Total Train Loss: 0.07, Total Valid Loss: 0.07, Learning Rate: 0.0001
Epoch: 115, Total Train Loss: 0.07, Total Valid Loss: 0.07, Learning Rate: 0.0001
Epoch: 116, Total Train Loss: 0.07, Total Valid Loss: 0.07, Learning Rate: 0.0001
Epoch: 117, Total Train Loss: 0.07, Total Valid Loss: 0.07, Learning Rate: 0.0001
Epoch: 118, Total Train Loss: 0.07, Total Valid Loss: 0.07, Learning Rate: 0.0001
Epoch: 119, Total Train Loss: 0.07, Total Valid Loss: 0.07, Learning Rate: 0.0001
Epoch: 120, Total Train Loss: 0.07, Total Valid Loss: 0.07, Learning Rate: 0.0001
Epoch: 121, Total Train Loss: 0.07, Total Valid Loss: 0.07, Learning Rate: 0.0001
Epoch: 122, Total Train Loss: 0.07, Total Valid Loss: 0.07, Learning Rate: 0.0001
Epoch: 123, Total Train Loss: 0.07, Total Valid Loss: 0.07, Learning Rate: 0.0001
Epoch: 124, Total Train Loss: 0.07, Total Valid Loss: 0.07, Learning Rate: 0.0001
Epoch: 125, Total Train Loss: 0.07, Total Valid Loss: 0.07, Learning Rate: 0.0001
Epoch: 126, Total Train Loss: 0.07, Total Valid Loss: 0.07, Learning Rate: 0.0001
Epoch: 127, Total Train Loss: 0.07, Total Valid Loss: 0.07, Learning Rate: 0.0001
Epoch: 128, Total Train Loss: 0.07, Total Valid Loss: 0.07, Learning Rate: 0.0001
Epoch: 129, Total Train Loss: 0.07, Total Valid Loss: 0.07, Learning Rate: 0.0001
Epoch: 130, Total Train Loss: 0.07, Total Valid Loss: 0.07, Learning Rate: 0.0001
Epoch: 131, Total Train Loss: 0.07, Total Valid Loss: 0.07, Learning Rate: 0.0001
Epoch: 132, Total Train Loss: 0.07, Total Valid Loss: 0.07, Learning Rate: 0.0001
Epoch: 133, Total Train Loss: 0.07, Total Valid Loss: 0.07, Learning Rate: 0.0001
Epoch: 134, Total Train Loss: 0.07, Total Valid Loss: 0.07, Learning Rate: 0.0001
Epoch: 135, Total Train Loss: 0.07, Total Valid Loss: 0.07, Learning Rate: 0.0001
Epoch: 136, Total Train Loss: 0.07, Total Valid Loss: 0.07, Learning Rate: 0.0001
Epoch: 137, Total Train Loss: 0.07, Total Valid Loss: 0.07, Learning Rate: 0.0001
Epoch: 138, Total Train Loss: 0.07, Total Valid Loss: 0.07, Learning Rate: 0.0001
Epoch: 139, Total Train Loss: 0.07, Total Valid Loss: 0.07, Learning Rate: 0.0001
Epoch: 140, Total Train Loss: 0.07, Total Valid Loss: 0.07, Learning Rate: 0.0001
Epoch: 141, Total Train Loss: 0.07, Total Valid Loss: 0.07, Learning Rate: 0.0001
Epoch: 142, Total Train Loss: 0.07, Total Valid Loss: 0.07, Learning Rate: 0.0001
Epoch: 143, Total Train Loss: 0.07, Total Valid Loss: 0.07, Learning Rate: 0.0001
Epoch: 144, Total Train Loss: 0.07, Total Valid Loss: 0.07, Learning Rate: 0.0001
Epoch: 145, Total Train Loss: 0.06, Total Valid Loss: 0.07, Learning Rate: 1e-05
Epoch: 146, Total Train Loss: 0.06, Total Valid Loss: 0.07, Learning Rate: 1e-05
Epoch: 147, Total Train Loss: 0.06, Total Valid Loss: 0.07, Learning Rate: 1e-05
Epoch: 148, Total Train Loss: 0.06, Total Valid Loss: 0.07, Learning Rate: 1e-05
Epoch: 149, Total Train Loss: 0.06, Total Valid Loss: 0.07, Learning Rate: 1e-05
Epoch: 150, Total Train Loss: 0.06, Total Valid Loss: 0.07, Learning Rate: 1e-05
Epoch: 151, Total Train Loss: 0.06, Total Valid Loss: 0.07, Learning Rate: 1e-05
Epoch: 152, Total Train Loss: 0.06, Total Valid Loss: 0.07, Learning Rate: 1e-05
Epoch: 153, Total Train Loss: 0.06, Total Valid Loss: 0.07, Learning Rate: 1e-05
Epoch: 154, Total Train Loss: 0.06, Total Valid Loss: 0.07, Learning Rate: 1e-05
Epoch: 155, Total Train Loss: 0.06, Total Valid Loss: 0.07, Learning Rate: 1e-05
Epoch: 156, Total Train Loss: 0.06, Total Valid Loss: 0.07, Learning Rate: 1e-05
Epoch: 157, Total Train Loss: 0.06, Total Valid Loss: 0.07, Learning Rate: 1e-05
Epoch: 158, Total Train Loss: 0.06, Total Valid Loss: 0.07, Learning Rate: 1e-05
Epoch: 159, Total Train Loss: 0.06, Total Valid Loss: 0.07, Learning Rate: 1e-05
Epoch: 160, Total Train Loss: 0.06, Total Valid Loss: 0.07, Learning Rate: 1.0000000000000002e-06
Epoch: 161, Total Train Loss: 0.06, Total Valid Loss: 0.07, Learning Rate: 1.0000000000000002e-06
Epoch: 162, Total Train Loss: 0.06, Total Valid Loss: 0.07, Learning Rate: 1.0000000000000002e-06
Epoch: 163, Total Train Loss: 0.06, Total Valid Loss: 0.07, Learning Rate: 1.0000000000000002e-06
Epoch: 164, Total Train Loss: 0.06, Total Valid Loss: 0.07, Learning Rate: 1.0000000000000002e-06
Epoch: 165, Total Train Loss: 0.06, Total Valid Loss: 0.07, Learning Rate: 1.0000000000000002e-06
Epoch: 166, Total Train Loss: 0.06, Total Valid Loss: 0.07, Learning Rate: 1.0000000000000002e-06
Epoch: 167, Total Train Loss: 0.06, Total Valid Loss: 0.07, Learning Rate: 1.0000000000000002e-06
Epoch: 168, Total Train Loss: 0.06, Total Valid Loss: 0.07, Learning Rate: 1.0000000000000002e-06
Epoch: 169, Total Train Loss: 0.06, Total Valid Loss: 0.07, Learning Rate: 1.0000000000000002e-06
Epoch: 170, Total Train Loss: 0.06, Total Valid Loss: 0.07, Learning Rate: 1.0000000000000002e-06
Epoch: 171, Total Train Loss: 0.06, Total Valid Loss: 0.07, Learning Rate: 1.0000000000000002e-06
Epoch: 172, Total Train Loss: 0.06, Total Valid Loss: 0.07, Learning Rate: 1.0000000000000002e-06
Epoch: 173, Total Train Loss: 0.06, Total Valid Loss: 0.07, Learning Rate: 1.0000000000000002e-06
Epoch: 174, Total Train Loss: 0.06, Total Valid Loss: 0.07, Learning Rate: 1.0000000000000002e-06
Epoch: 175, Total Train Loss: 0.06, Total Valid Loss: 0.07, Learning Rate: 1.0000000000000002e-06
Epoch: 176, Total Train Loss: 0.06, Total Valid Loss: 0.07, Learning Rate: 1.0000000000000002e-06
Epoch: 177, Total Train Loss: 0.06, Total Valid Loss: 0.07, Learning Rate: 1.0000000000000002e-06
Epoch: 178, Total Train Loss: 0.06, Total Valid Loss: 0.07, Learning Rate: 1.0000000000000002e-06
Epoch: 179, Total Train Loss: 0.06, Total Valid Loss: 0.07, Learning Rate: 1.0000000000000002e-06
Epoch: 180, Total Train Loss: 0.06, Total Valid Loss: 0.07, Learning Rate: 1.0000000000000002e-07
Epoch: 181, Total Train Loss: 0.06, Total Valid Loss: 0.07, Learning Rate: 1.0000000000000002e-07
Epoch: 182, Total Train Loss: 0.06, Total Valid Loss: 0.07, Learning Rate: 1.0000000000000002e-07
Epoch: 183, Total Train Loss: 0.06, Total Valid Loss: 0.07, Learning Rate: 1.0000000000000002e-07
Epoch: 184, Total Train Loss: 0.06, Total Valid Loss: 0.07, Learning Rate: 1.0000000000000002e-07
Epoch: 185, Total Train Loss: 0.06, Total Valid Loss: 0.07, Learning Rate: 1.0000000000000002e-07
Epoch: 186, Total Train Loss: 0.06, Total Valid Loss: 0.07, Learning Rate: 1.0000000000000002e-07
Epoch: 187, Total Train Loss: 0.06, Total Valid Loss: 0.07, Learning Rate: 1.0000000000000002e-07
Epoch: 188, Total Train Loss: 0.06, Total Valid Loss: 0.07, Learning Rate: 1.0000000000000002e-07
Epoch: 189, Total Train Loss: 0.06, Total Valid Loss: 0.07, Learning Rate: 1.0000000000000002e-07
Epoch: 190, Total Train Loss: 0.06, Total Valid Loss: 0.07, Learning Rate: 1.0000000000000002e-07
Epoch: 191, Total Train Loss: 0.06, Total Valid Loss: 0.07, Learning Rate: 1.0000000000000004e-08
Epoch: 192, Total Train Loss: 0.06, Total Valid Loss: 0.07, Learning Rate: 1.0000000000000004e-08
Epoch: 193, Total Train Loss: 0.06, Total Valid Loss: 0.07, Learning Rate: 1.0000000000000004e-08
Epoch: 194, Total Train Loss: 0.06, Total Valid Loss: 0.07, Learning Rate: 1.0000000000000004e-08
Epoch: 195, Total Train Loss: 0.06, Total Valid Loss: 0.07, Learning Rate: 1.0000000000000004e-08
Epoch: 196, Total Train Loss: 0.06, Total Valid Loss: 0.07, Learning Rate: 1.0000000000000004e-08
Epoch: 197, Total Train Loss: 0.06, Total Valid Loss: 0.07, Learning Rate: 1.0000000000000004e-08
Epoch: 198, Total Train Loss: 0.06, Total Valid Loss: 0.07, Learning Rate: 1.0000000000000004e-08
Epoch: 199, Total Train Loss: 0.06, Total Valid Loss: 0.07, Learning Rate: 1.0000000000000004e-08
