nohup: ignoring input
torch.Size([14031, 5, 64, 32])
torch.Size([4677, 5, 64, 32])
torch.Size([4678, 5, 64, 32])
Shape: (5, 144, 72)
Epoch: 0, Train Loss: 11.87, Validation Loss: 11.50, Learning Rate: 0.001
Epoch: 1, Train Loss: 5.62, Validation Loss: 9.86, Learning Rate: 0.001
Epoch: 2, Train Loss: 4.45, Validation Loss: 8.02, Learning Rate: 0.001
Epoch: 3, Train Loss: 3.66, Validation Loss: 7.05, Learning Rate: 0.001
Epoch: 4, Train Loss: 3.19, Validation Loss: 6.27, Learning Rate: 0.001
Epoch: 5, Train Loss: 2.81, Validation Loss: 5.85, Learning Rate: 0.001
Epoch: 6, Train Loss: 2.59, Validation Loss: 5.43, Learning Rate: 0.001
Epoch: 7, Train Loss: 2.38, Validation Loss: 5.13, Learning Rate: 0.001
Epoch: 8, Train Loss: 2.25, Validation Loss: 4.83, Learning Rate: 0.001
Epoch: 9, Train Loss: 2.14, Validation Loss: 4.64, Learning Rate: 0.001
Epoch: 10, Train Loss: 2.03, Validation Loss: 4.46, Learning Rate: 0.001
Epoch: 11, Train Loss: 1.93, Validation Loss: 4.23, Learning Rate: 0.001
Epoch: 12, Train Loss: 1.89, Validation Loss: 4.13, Learning Rate: 0.001
Epoch: 13, Train Loss: 1.82, Validation Loss: 4.03, Learning Rate: 0.001
Epoch: 14, Train Loss: 1.76, Validation Loss: 3.90, Learning Rate: 0.001
Epoch: 15, Train Loss: 1.74, Validation Loss: 3.86, Learning Rate: 0.001
Epoch: 16, Train Loss: 1.68, Validation Loss: 3.76, Learning Rate: 0.001
Epoch: 17, Train Loss: 1.65, Validation Loss: 3.71, Learning Rate: 0.001
Epoch: 18, Train Loss: 1.63, Validation Loss: 3.66, Learning Rate: 0.001
Epoch: 19, Train Loss: 1.62, Validation Loss: 3.60, Learning Rate: 0.001
Epoch: 20, Train Loss: 1.58, Validation Loss: 3.54, Learning Rate: 0.001
Epoch: 21, Train Loss: 1.56, Validation Loss: 3.49, Learning Rate: 0.001
Epoch: 22, Train Loss: 1.55, Validation Loss: 3.52, Learning Rate: 0.001
Epoch: 23, Train Loss: 1.53, Validation Loss: 3.40, Learning Rate: 0.001
Epoch: 24, Train Loss: 1.51, Validation Loss: 3.38, Learning Rate: 0.001
Epoch: 25, Train Loss: 1.51, Validation Loss: 3.35, Learning Rate: 0.001
Epoch: 26, Train Loss: 1.48, Validation Loss: 3.31, Learning Rate: 0.001
Epoch: 27, Train Loss: 1.48, Validation Loss: 3.25, Learning Rate: 0.001
Epoch: 28, Train Loss: 1.46, Validation Loss: 3.31, Learning Rate: 0.001
Epoch: 29, Train Loss: 1.46, Validation Loss: 3.26, Learning Rate: 0.001
Epoch: 30, Train Loss: 1.44, Validation Loss: 3.18, Learning Rate: 0.001
Epoch: 31, Train Loss: 1.44, Validation Loss: 3.14, Learning Rate: 0.001
Epoch: 32, Train Loss: 1.42, Validation Loss: 3.12, Learning Rate: 0.001
Epoch: 33, Train Loss: 1.42, Validation Loss: 3.08, Learning Rate: 0.001
Epoch: 34, Train Loss: 1.41, Validation Loss: 3.06, Learning Rate: 0.001
Epoch: 35, Train Loss: 1.40, Validation Loss: 3.03, Learning Rate: 0.001
Epoch: 36, Train Loss: 1.39, Validation Loss: 3.03, Learning Rate: 0.001
Epoch: 37, Train Loss: 1.38, Validation Loss: 2.98, Learning Rate: 0.001
Epoch: 38, Train Loss: 1.38, Validation Loss: 3.00, Learning Rate: 0.001
Epoch: 39, Train Loss: 1.39, Validation Loss: 2.98, Learning Rate: 0.001
Epoch: 40, Train Loss: 1.38, Validation Loss: 2.92, Learning Rate: 0.001
Epoch: 41, Train Loss: 1.38, Validation Loss: 2.91, Learning Rate: 0.001
Epoch: 42, Train Loss: 1.37, Validation Loss: 2.92, Learning Rate: 0.001
Epoch: 43, Train Loss: 1.36, Validation Loss: 2.84, Learning Rate: 0.001
Epoch: 44, Train Loss: 1.36, Validation Loss: 2.85, Learning Rate: 0.001
Epoch: 45, Train Loss: 1.36, Validation Loss: 2.84, Learning Rate: 0.001
Epoch: 46, Train Loss: 1.36, Validation Loss: 2.83, Learning Rate: 0.001
Epoch: 47, Train Loss: 1.34, Validation Loss: 2.85, Learning Rate: 0.001
Epoch: 48, Train Loss: 1.35, Validation Loss: 2.78, Learning Rate: 0.001
Epoch: 49, Train Loss: 1.34, Validation Loss: 2.83, Learning Rate: 0.001
Epoch: 50, Train Loss: 1.34, Validation Loss: 2.74, Learning Rate: 0.001
Epoch: 51, Train Loss: 1.34, Validation Loss: 2.74, Learning Rate: 0.001
Epoch: 52, Train Loss: 1.33, Validation Loss: 2.73, Learning Rate: 0.001
Epoch: 53, Train Loss: 1.33, Validation Loss: 2.70, Learning Rate: 0.001
Epoch: 54, Train Loss: 1.33, Validation Loss: 2.67, Learning Rate: 0.001
Epoch: 55, Train Loss: 1.32, Validation Loss: 2.64, Learning Rate: 0.001
Epoch: 56, Train Loss: 1.32, Validation Loss: 2.61, Learning Rate: 0.001
Epoch: 57, Train Loss: 1.31, Validation Loss: 2.66, Learning Rate: 0.001
Epoch: 58, Train Loss: 1.31, Validation Loss: 2.59, Learning Rate: 0.001
Epoch: 59, Train Loss: 1.31, Validation Loss: 2.61, Learning Rate: 0.001
Epoch: 60, Train Loss: 1.29, Validation Loss: 2.59, Learning Rate: 0.001
Epoch: 61, Train Loss: 1.30, Validation Loss: 2.53, Learning Rate: 0.001
Epoch: 62, Train Loss: 1.29, Validation Loss: 2.51, Learning Rate: 0.001
Epoch: 63, Train Loss: 1.28, Validation Loss: 2.56, Learning Rate: 0.001
Epoch: 64, Train Loss: 1.28, Validation Loss: 2.54, Learning Rate: 0.001
Epoch: 65, Train Loss: 1.28, Validation Loss: 2.48, Learning Rate: 0.001
Epoch: 66, Train Loss: 1.27, Validation Loss: 2.47, Learning Rate: 0.001
Epoch: 67, Train Loss: 1.27, Validation Loss: 2.47, Learning Rate: 0.001
Epoch: 68, Train Loss: 1.26, Validation Loss: 2.42, Learning Rate: 0.001
Epoch: 69, Train Loss: 1.25, Validation Loss: 2.42, Learning Rate: 0.001
Epoch: 70, Train Loss: 1.25, Validation Loss: 2.41, Learning Rate: 0.001
Epoch: 71, Train Loss: 1.25, Validation Loss: 2.40, Learning Rate: 0.001
Epoch: 72, Train Loss: 1.24, Validation Loss: 2.36, Learning Rate: 0.001
Epoch: 73, Train Loss: 1.24, Validation Loss: 2.32, Learning Rate: 0.001
Epoch: 74, Train Loss: 1.24, Validation Loss: 2.35, Learning Rate: 0.001
Epoch: 75, Train Loss: 1.23, Validation Loss: 2.29, Learning Rate: 0.001
Epoch: 76, Train Loss: 1.23, Validation Loss: 2.32, Learning Rate: 0.001
Epoch: 77, Train Loss: 1.22, Validation Loss: 2.25, Learning Rate: 0.001
Epoch: 78, Train Loss: 1.22, Validation Loss: 2.26, Learning Rate: 0.001
Epoch: 79, Train Loss: 1.22, Validation Loss: 2.26, Learning Rate: 0.001
Epoch: 80, Train Loss: 1.21, Validation Loss: 2.23, Learning Rate: 0.001
Epoch: 81, Train Loss: 1.20, Validation Loss: 2.20, Learning Rate: 0.001
Epoch: 82, Train Loss: 1.20, Validation Loss: 2.21, Learning Rate: 0.001
Epoch: 83, Train Loss: 1.20, Validation Loss: 2.28, Learning Rate: 0.001
Epoch: 84, Train Loss: 1.19, Validation Loss: 2.17, Learning Rate: 0.001
Epoch: 85, Train Loss: 1.18, Validation Loss: 2.21, Learning Rate: 0.001
Epoch: 86, Train Loss: 1.18, Validation Loss: 2.18, Learning Rate: 0.001
Epoch: 87, Train Loss: 1.18, Validation Loss: 2.17, Learning Rate: 0.001
Epoch: 88, Train Loss: 1.17, Validation Loss: 2.23, Learning Rate: 0.001
Epoch: 89, Train Loss: 1.17, Validation Loss: 2.17, Learning Rate: 0.001
Epoch: 90, Train Loss: 1.17, Validation Loss: 2.17, Learning Rate: 0.001
Epoch: 91, Train Loss: 1.16, Validation Loss: 2.17, Learning Rate: 0.001
Epoch: 92, Train Loss: 1.16, Validation Loss: 2.20, Learning Rate: 0.001
Epoch: 93, Train Loss: 1.15, Validation Loss: 2.19, Learning Rate: 0.001
Epoch: 94, Train Loss: 1.15, Validation Loss: 2.16, Learning Rate: 0.001
Epoch: 95, Train Loss: 1.16, Validation Loss: 2.14, Learning Rate: 0.001
Epoch: 96, Train Loss: 1.15, Validation Loss: 2.16, Learning Rate: 0.001
Epoch: 97, Train Loss: 1.14, Validation Loss: 2.15, Learning Rate: 0.001
Epoch: 98, Train Loss: 1.14, Validation Loss: 2.18, Learning Rate: 0.001
Epoch: 99, Train Loss: 1.13, Validation Loss: 2.16, Learning Rate: 0.001
Fine Tuning Both
Epoch: 0, Alpha: 1.00, Total Train Loss: 1.16, Contrastive Train Loss: 1.16, Recon Train Loss: 1.02, Total Valid Loss: 3.25, Contrastive Valid Loss: 3.25, Recon Valid Loss: 1.04, Learning Rate: 0.001
Epoch: 1, Alpha: 0.99, Total Train Loss: 1.14, Contrastive Train Loss: 1.15, Recon Train Loss: 0.58, Total Valid Loss: 3.80, Contrastive Valid Loss: 3.83, Recon Valid Loss: 0.42, Learning Rate: 0.001
Epoch: 2, Alpha: 0.98, Total Train Loss: 1.11, Contrastive Train Loss: 1.13, Recon Train Loss: 0.38, Total Valid Loss: 3.39, Contrastive Valid Loss: 3.46, Recon Valid Loss: 0.37, Learning Rate: 0.001
Epoch: 3, Alpha: 0.97, Total Train Loss: 1.10, Contrastive Train Loss: 1.13, Recon Train Loss: 0.35, Total Valid Loss: 3.47, Contrastive Valid Loss: 3.57, Recon Valid Loss: 0.35, Learning Rate: 0.001
Epoch: 4, Alpha: 0.96, Total Train Loss: 1.09, Contrastive Train Loss: 1.12, Recon Train Loss: 0.34, Total Valid Loss: 3.24, Contrastive Valid Loss: 3.36, Recon Valid Loss: 0.34, Learning Rate: 0.001
Epoch: 5, Alpha: 0.95, Total Train Loss: 1.09, Contrastive Train Loss: 1.13, Recon Train Loss: 0.33, Total Valid Loss: 3.56, Contrastive Valid Loss: 3.73, Recon Valid Loss: 0.34, Learning Rate: 0.001
Epoch: 6, Alpha: 0.94, Total Train Loss: 1.07, Contrastive Train Loss: 1.12, Recon Train Loss: 0.33, Total Valid Loss: 2.96, Contrastive Valid Loss: 3.12, Recon Valid Loss: 0.34, Learning Rate: 0.001
Epoch: 7, Alpha: 0.93, Total Train Loss: 1.06, Contrastive Train Loss: 1.11, Recon Train Loss: 0.32, Total Valid Loss: 2.95, Contrastive Valid Loss: 3.13, Recon Valid Loss: 0.33, Learning Rate: 0.001
Epoch: 8, Alpha: 0.92, Total Train Loss: 1.05, Contrastive Train Loss: 1.11, Recon Train Loss: 0.32, Total Valid Loss: 3.13, Contrastive Valid Loss: 3.37, Recon Valid Loss: 0.33, Learning Rate: 0.001
Epoch: 9, Alpha: 0.91, Total Train Loss: 1.04, Contrastive Train Loss: 1.11, Recon Train Loss: 0.32, Total Valid Loss: 2.88, Contrastive Valid Loss: 3.12, Recon Valid Loss: 0.33, Learning Rate: 0.001
Epoch: 10, Alpha: 0.90, Total Train Loss: 1.02, Contrastive Train Loss: 1.10, Recon Train Loss: 0.32, Total Valid Loss: 2.86, Contrastive Valid Loss: 3.12, Recon Valid Loss: 0.33, Learning Rate: 0.001
Epoch: 11, Alpha: 0.90, Total Train Loss: 1.01, Contrastive Train Loss: 1.09, Recon Train Loss: 0.32, Total Valid Loss: 2.86, Contrastive Valid Loss: 3.15, Recon Valid Loss: 0.33, Learning Rate: 0.001
Epoch: 12, Alpha: 0.89, Total Train Loss: 1.00, Contrastive Train Loss: 1.09, Recon Train Loss: 0.32, Total Valid Loss: 3.15, Contrastive Valid Loss: 3.51, Recon Valid Loss: 0.33, Learning Rate: 0.001
Epoch: 13, Alpha: 0.88, Total Train Loss: 0.99, Contrastive Train Loss: 1.08, Recon Train Loss: 0.31, Total Valid Loss: 2.86, Contrastive Valid Loss: 3.21, Recon Valid Loss: 0.33, Learning Rate: 0.001
Epoch: 14, Alpha: 0.87, Total Train Loss: 0.98, Contrastive Train Loss: 1.08, Recon Train Loss: 0.31, Total Valid Loss: 2.99, Contrastive Valid Loss: 3.39, Recon Valid Loss: 0.33, Learning Rate: 0.001
Epoch: 15, Alpha: 0.86, Total Train Loss: 0.97, Contrastive Train Loss: 1.08, Recon Train Loss: 0.31, Total Valid Loss: 2.72, Contrastive Valid Loss: 3.11, Recon Valid Loss: 0.32, Learning Rate: 0.001
Epoch: 16, Alpha: 0.85, Total Train Loss: 0.97, Contrastive Train Loss: 1.08, Recon Train Loss: 0.31, Total Valid Loss: 2.89, Contrastive Valid Loss: 3.34, Recon Valid Loss: 0.32, Learning Rate: 0.001
Epoch: 17, Alpha: 0.84, Total Train Loss: 0.96, Contrastive Train Loss: 1.08, Recon Train Loss: 0.31, Total Valid Loss: 2.54, Contrastive Valid Loss: 2.95, Recon Valid Loss: 0.32, Learning Rate: 0.001
Epoch: 18, Alpha: 0.84, Total Train Loss: 0.94, Contrastive Train Loss: 1.07, Recon Train Loss: 0.31, Total Valid Loss: 2.72, Contrastive Valid Loss: 3.19, Recon Valid Loss: 0.32, Learning Rate: 0.001
Epoch: 19, Alpha: 0.83, Total Train Loss: 0.95, Contrastive Train Loss: 1.08, Recon Train Loss: 0.31, Total Valid Loss: 2.57, Contrastive Valid Loss: 3.04, Recon Valid Loss: 0.33, Learning Rate: 0.001
Epoch: 20, Alpha: 0.82, Total Train Loss: 0.94, Contrastive Train Loss: 1.07, Recon Train Loss: 0.31, Total Valid Loss: 2.62, Contrastive Valid Loss: 3.12, Recon Valid Loss: 0.33, Learning Rate: 0.001
Epoch: 21, Alpha: 0.81, Total Train Loss: 0.92, Contrastive Train Loss: 1.06, Recon Train Loss: 0.31, Total Valid Loss: 2.71, Contrastive Valid Loss: 3.26, Recon Valid Loss: 0.32, Learning Rate: 0.001
Epoch: 22, Alpha: 0.80, Total Train Loss: 0.91, Contrastive Train Loss: 1.06, Recon Train Loss: 0.31, Total Valid Loss: 2.79, Contrastive Valid Loss: 3.40, Recon Valid Loss: 0.32, Learning Rate: 0.001
Epoch: 23, Alpha: 0.79, Total Train Loss: 0.90, Contrastive Train Loss: 1.06, Recon Train Loss: 0.31, Total Valid Loss: 2.56, Contrastive Valid Loss: 3.14, Recon Valid Loss: 0.32, Learning Rate: 0.001
Epoch: 24, Alpha: 0.79, Total Train Loss: 0.90, Contrastive Train Loss: 1.06, Recon Train Loss: 0.31, Total Valid Loss: 2.53, Contrastive Valid Loss: 3.12, Recon Valid Loss: 0.32, Learning Rate: 0.001
Epoch: 25, Alpha: 0.78, Total Train Loss: 0.89, Contrastive Train Loss: 1.05, Recon Train Loss: 0.31, Total Valid Loss: 2.64, Contrastive Valid Loss: 3.29, Recon Valid Loss: 0.32, Learning Rate: 0.001
Epoch: 26, Alpha: 0.77, Total Train Loss: 0.88, Contrastive Train Loss: 1.05, Recon Train Loss: 0.31, Total Valid Loss: 3.18, Contrastive Valid Loss: 4.02, Recon Valid Loss: 0.33, Learning Rate: 0.001
Epoch: 27, Alpha: 0.76, Total Train Loss: 0.87, Contrastive Train Loss: 1.05, Recon Train Loss: 0.31, Total Valid Loss: 2.52, Contrastive Valid Loss: 3.20, Recon Valid Loss: 0.32, Learning Rate: 0.001
Epoch: 28, Alpha: 0.76, Total Train Loss: 0.86, Contrastive Train Loss: 1.04, Recon Train Loss: 0.31, Total Valid Loss: 2.71, Contrastive Valid Loss: 3.48, Recon Valid Loss: 0.33, Learning Rate: 0.001
Epoch: 29, Alpha: 0.75, Total Train Loss: 0.86, Contrastive Train Loss: 1.05, Recon Train Loss: 0.30, Total Valid Loss: 2.59, Contrastive Valid Loss: 3.35, Recon Valid Loss: 0.32, Learning Rate: 0.001
Epoch: 30, Alpha: 0.74, Total Train Loss: 0.84, Contrastive Train Loss: 1.03, Recon Train Loss: 0.30, Total Valid Loss: 2.54, Contrastive Valid Loss: 3.31, Recon Valid Loss: 0.32, Learning Rate: 0.001
Epoch: 31, Alpha: 0.73, Total Train Loss: 0.85, Contrastive Train Loss: 1.05, Recon Train Loss: 0.30, Total Valid Loss: 2.49, Contrastive Valid Loss: 3.28, Recon Valid Loss: 0.32, Learning Rate: 0.001
Epoch: 32, Alpha: 0.73, Total Train Loss: 0.83, Contrastive Train Loss: 1.03, Recon Train Loss: 0.30, Total Valid Loss: 2.50, Contrastive Valid Loss: 3.32, Recon Valid Loss: 0.32, Learning Rate: 0.001
Epoch: 33, Alpha: 0.72, Total Train Loss: 0.83, Contrastive Train Loss: 1.04, Recon Train Loss: 0.30, Total Valid Loss: 2.26, Contrastive Valid Loss: 3.02, Recon Valid Loss: 0.32, Learning Rate: 0.001
Epoch: 34, Alpha: 0.71, Total Train Loss: 0.82, Contrastive Train Loss: 1.03, Recon Train Loss: 0.30, Total Valid Loss: 2.63, Contrastive Valid Loss: 3.57, Recon Valid Loss: 0.32, Learning Rate: 0.001
Epoch: 35, Alpha: 0.70, Total Train Loss: 0.82, Contrastive Train Loss: 1.03, Recon Train Loss: 0.30, Total Valid Loss: 2.73, Contrastive Valid Loss: 3.73, Recon Valid Loss: 0.32, Learning Rate: 0.001
Epoch: 36, Alpha: 0.70, Total Train Loss: 0.81, Contrastive Train Loss: 1.03, Recon Train Loss: 0.30, Total Valid Loss: 2.26, Contrastive Valid Loss: 3.10, Recon Valid Loss: 0.32, Learning Rate: 0.001
Epoch: 37, Alpha: 0.69, Total Train Loss: 0.80, Contrastive Train Loss: 1.03, Recon Train Loss: 0.30, Total Valid Loss: 2.24, Contrastive Valid Loss: 3.11, Recon Valid Loss: 0.31, Learning Rate: 0.001
Epoch: 38, Alpha: 0.68, Total Train Loss: 0.80, Contrastive Train Loss: 1.03, Recon Train Loss: 0.30, Total Valid Loss: 2.26, Contrastive Valid Loss: 3.16, Recon Valid Loss: 0.31, Learning Rate: 0.001
Epoch: 39, Alpha: 0.68, Total Train Loss: 0.79, Contrastive Train Loss: 1.03, Recon Train Loss: 0.30, Total Valid Loss: 2.54, Contrastive Valid Loss: 3.60, Recon Valid Loss: 0.32, Learning Rate: 0.001
Epoch: 40, Alpha: 0.67, Total Train Loss: 0.78, Contrastive Train Loss: 1.02, Recon Train Loss: 0.30, Total Valid Loss: 2.39, Contrastive Valid Loss: 3.40, Recon Valid Loss: 0.31, Learning Rate: 0.001
Epoch: 41, Alpha: 0.66, Total Train Loss: 0.78, Contrastive Train Loss: 1.03, Recon Train Loss: 0.29, Total Valid Loss: 2.31, Contrastive Valid Loss: 3.32, Recon Valid Loss: 0.31, Learning Rate: 0.001
Epoch: 42, Alpha: 0.66, Total Train Loss: 0.77, Contrastive Train Loss: 1.02, Recon Train Loss: 0.29, Total Valid Loss: 2.22, Contrastive Valid Loss: 3.22, Recon Valid Loss: 0.31, Learning Rate: 0.001
Epoch: 43, Alpha: 0.65, Total Train Loss: 0.77, Contrastive Train Loss: 1.02, Recon Train Loss: 0.29, Total Valid Loss: 2.11, Contrastive Valid Loss: 3.08, Recon Valid Loss: 0.32, Learning Rate: 0.001
Epoch: 44, Alpha: 0.64, Total Train Loss: 0.76, Contrastive Train Loss: 1.02, Recon Train Loss: 0.29, Total Valid Loss: 2.47, Contrastive Valid Loss: 3.66, Recon Valid Loss: 0.31, Learning Rate: 0.001
Epoch: 45, Alpha: 0.64, Total Train Loss: 0.75, Contrastive Train Loss: 1.01, Recon Train Loss: 0.29, Total Valid Loss: 2.46, Contrastive Valid Loss: 3.68, Recon Valid Loss: 0.32, Learning Rate: 0.001
Epoch: 46, Alpha: 0.63, Total Train Loss: 0.75, Contrastive Train Loss: 1.02, Recon Train Loss: 0.29, Total Valid Loss: 2.21, Contrastive Valid Loss: 3.32, Recon Valid Loss: 0.32, Learning Rate: 0.001
Epoch: 47, Alpha: 0.63, Total Train Loss: 0.74, Contrastive Train Loss: 1.02, Recon Train Loss: 0.29, Total Valid Loss: 2.38, Contrastive Valid Loss: 3.62, Recon Valid Loss: 0.32, Learning Rate: 0.001
Epoch: 48, Alpha: 0.62, Total Train Loss: 0.74, Contrastive Train Loss: 1.02, Recon Train Loss: 0.29, Total Valid Loss: 2.17, Contrastive Valid Loss: 3.32, Recon Valid Loss: 0.31, Learning Rate: 0.001
Epoch: 49, Alpha: 0.61, Total Train Loss: 0.73, Contrastive Train Loss: 1.00, Recon Train Loss: 0.29, Total Valid Loss: 2.18, Contrastive Valid Loss: 3.36, Recon Valid Loss: 0.31, Learning Rate: 0.001
Epoch: 50, Alpha: 0.61, Total Train Loss: 0.72, Contrastive Train Loss: 1.01, Recon Train Loss: 0.29, Total Valid Loss: 2.18, Contrastive Valid Loss: 3.39, Recon Valid Loss: 0.31, Learning Rate: 0.001
Epoch: 51, Alpha: 0.60, Total Train Loss: 0.71, Contrastive Train Loss: 1.00, Recon Train Loss: 0.29, Total Valid Loss: 2.27, Contrastive Valid Loss: 3.57, Recon Valid Loss: 0.31, Learning Rate: 0.001
Epoch: 52, Alpha: 0.59, Total Train Loss: 0.71, Contrastive Train Loss: 1.00, Recon Train Loss: 0.28, Total Valid Loss: 2.24, Contrastive Valid Loss: 3.56, Recon Valid Loss: 0.31, Learning Rate: 0.001
Epoch: 53, Alpha: 0.59, Total Train Loss: 0.71, Contrastive Train Loss: 1.00, Recon Train Loss: 0.28, Total Valid Loss: 2.39, Contrastive Valid Loss: 3.85, Recon Valid Loss: 0.31, Learning Rate: 0.001
Epoch: 54, Alpha: 0.58, Total Train Loss: 0.69, Contrastive Train Loss: 0.99, Recon Train Loss: 0.28, Total Valid Loss: 2.11, Contrastive Valid Loss: 3.40, Recon Valid Loss: 0.30, Learning Rate: 0.001
Epoch: 55, Alpha: 0.58, Total Train Loss: 0.69, Contrastive Train Loss: 0.99, Recon Train Loss: 0.28, Total Valid Loss: 1.98, Contrastive Valid Loss: 3.22, Recon Valid Loss: 0.30, Learning Rate: 0.001
Epoch: 56, Alpha: 0.57, Total Train Loss: 0.69, Contrastive Train Loss: 0.99, Recon Train Loss: 0.28, Total Valid Loss: 1.96, Contrastive Valid Loss: 3.21, Recon Valid Loss: 0.30, Learning Rate: 0.001
Epoch: 57, Alpha: 0.57, Total Train Loss: 0.68, Contrastive Train Loss: 0.99, Recon Train Loss: 0.28, Total Valid Loss: 2.45, Contrastive Valid Loss: 4.10, Recon Valid Loss: 0.31, Learning Rate: 0.001
Epoch: 58, Alpha: 0.56, Total Train Loss: 0.68, Contrastive Train Loss: 1.00, Recon Train Loss: 0.28, Total Valid Loss: 2.21, Contrastive Valid Loss: 3.72, Recon Valid Loss: 0.30, Learning Rate: 0.001
Epoch: 59, Alpha: 0.55, Total Train Loss: 0.67, Contrastive Train Loss: 0.99, Recon Train Loss: 0.28, Total Valid Loss: 1.99, Contrastive Valid Loss: 3.35, Recon Valid Loss: 0.30, Learning Rate: 0.001
Epoch: 60, Alpha: 0.55, Total Train Loss: 0.67, Contrastive Train Loss: 0.99, Recon Train Loss: 0.27, Total Valid Loss: 2.13, Contrastive Valid Loss: 3.63, Recon Valid Loss: 0.30, Learning Rate: 0.001
Epoch: 61, Alpha: 0.54, Total Train Loss: 0.67, Contrastive Train Loss: 0.99, Recon Train Loss: 0.27, Total Valid Loss: 1.96, Contrastive Valid Loss: 3.36, Recon Valid Loss: 0.30, Learning Rate: 0.001
Epoch: 62, Alpha: 0.54, Total Train Loss: 0.66, Contrastive Train Loss: 0.99, Recon Train Loss: 0.27, Total Valid Loss: 2.20, Contrastive Valid Loss: 3.82, Recon Valid Loss: 0.30, Learning Rate: 0.001
Epoch: 63, Alpha: 0.53, Total Train Loss: 0.65, Contrastive Train Loss: 0.99, Recon Train Loss: 0.27, Total Valid Loss: 2.06, Contrastive Valid Loss: 3.61, Recon Valid Loss: 0.30, Learning Rate: 0.001
Epoch: 64, Alpha: 0.53, Total Train Loss: 0.65, Contrastive Train Loss: 0.99, Recon Train Loss: 0.27, Total Valid Loss: 2.21, Contrastive Valid Loss: 3.91, Recon Valid Loss: 0.30, Learning Rate: 0.001
Epoch: 65, Alpha: 0.52, Total Train Loss: 0.64, Contrastive Train Loss: 0.98, Recon Train Loss: 0.27, Total Valid Loss: 1.99, Contrastive Valid Loss: 3.55, Recon Valid Loss: 0.30, Learning Rate: 0.001
Epoch: 66, Alpha: 0.52, Total Train Loss: 0.64, Contrastive Train Loss: 0.98, Recon Train Loss: 0.26, Total Valid Loss: 2.02, Contrastive Valid Loss: 3.64, Recon Valid Loss: 0.29, Learning Rate: 0.001
Epoch: 67, Alpha: 0.51, Total Train Loss: 0.63, Contrastive Train Loss: 0.97, Recon Train Loss: 0.26, Total Valid Loss: 2.13, Contrastive Valid Loss: 3.89, Recon Valid Loss: 0.29, Learning Rate: 0.001
Epoch: 68, Alpha: 0.51, Total Train Loss: 0.61, Contrastive Train Loss: 0.96, Recon Train Loss: 0.25, Total Valid Loss: 2.03, Contrastive Valid Loss: 3.72, Recon Valid Loss: 0.28, Learning Rate: 0.0001
Epoch: 69, Alpha: 0.50, Total Train Loss: 0.60, Contrastive Train Loss: 0.94, Recon Train Loss: 0.25, Total Valid Loss: 2.02, Contrastive Valid Loss: 3.75, Recon Valid Loss: 0.29, Learning Rate: 0.0001
Epoch: 70, Alpha: 0.50, Total Train Loss: 0.59, Contrastive Train Loss: 0.93, Recon Train Loss: 0.25, Total Valid Loss: 2.02, Contrastive Valid Loss: 3.78, Recon Valid Loss: 0.28, Learning Rate: 0.0001
Epoch: 71, Alpha: 0.49, Total Train Loss: 0.59, Contrastive Train Loss: 0.94, Recon Train Loss: 0.25, Total Valid Loss: 2.00, Contrastive Valid Loss: 3.77, Recon Valid Loss: 0.29, Learning Rate: 0.0001
Epoch: 72, Alpha: 0.49, Total Train Loss: 0.58, Contrastive Train Loss: 0.92, Recon Train Loss: 0.25, Total Valid Loss: 1.91, Contrastive Valid Loss: 3.62, Recon Valid Loss: 0.28, Learning Rate: 0.0001
Epoch: 73, Alpha: 0.48, Total Train Loss: 0.58, Contrastive Train Loss: 0.93, Recon Train Loss: 0.25, Total Valid Loss: 1.88, Contrastive Valid Loss: 3.59, Recon Valid Loss: 0.28, Learning Rate: 0.0001
Epoch: 74, Alpha: 0.48, Total Train Loss: 0.57, Contrastive Train Loss: 0.93, Recon Train Loss: 0.25, Total Valid Loss: 1.93, Contrastive Valid Loss: 3.72, Recon Valid Loss: 0.28, Learning Rate: 0.0001
Epoch: 75, Alpha: 0.47, Total Train Loss: 0.57, Contrastive Train Loss: 0.92, Recon Train Loss: 0.25, Total Valid Loss: 1.97, Contrastive Valid Loss: 3.84, Recon Valid Loss: 0.28, Learning Rate: 0.0001
Epoch: 76, Alpha: 0.47, Total Train Loss: 0.57, Contrastive Train Loss: 0.93, Recon Train Loss: 0.25, Total Valid Loss: 1.95, Contrastive Valid Loss: 3.84, Recon Valid Loss: 0.28, Learning Rate: 0.0001
Epoch: 77, Alpha: 0.46, Total Train Loss: 0.56, Contrastive Train Loss: 0.93, Recon Train Loss: 0.25, Total Valid Loss: 2.00, Contrastive Valid Loss: 3.98, Recon Valid Loss: 0.28, Learning Rate: 0.0001
Epoch: 78, Alpha: 0.46, Total Train Loss: 0.55, Contrastive Train Loss: 0.92, Recon Train Loss: 0.25, Total Valid Loss: 1.84, Contrastive Valid Loss: 3.69, Recon Valid Loss: 0.28, Learning Rate: 0.0001
Epoch: 79, Alpha: 0.45, Total Train Loss: 0.56, Contrastive Train Loss: 0.93, Recon Train Loss: 0.25, Total Valid Loss: 1.81, Contrastive Valid Loss: 3.64, Recon Valid Loss: 0.28, Learning Rate: 0.0001
Epoch: 80, Alpha: 0.45, Total Train Loss: 0.55, Contrastive Train Loss: 0.92, Recon Train Loss: 0.25, Total Valid Loss: 1.79, Contrastive Valid Loss: 3.64, Recon Valid Loss: 0.28, Learning Rate: 0.0001
Epoch: 81, Alpha: 0.44, Total Train Loss: 0.55, Contrastive Train Loss: 0.92, Recon Train Loss: 0.25, Total Valid Loss: 1.82, Contrastive Valid Loss: 3.73, Recon Valid Loss: 0.28, Learning Rate: 0.0001
Epoch: 82, Alpha: 0.44, Total Train Loss: 0.55, Contrastive Train Loss: 0.93, Recon Train Loss: 0.25, Total Valid Loss: 1.80, Contrastive Valid Loss: 3.73, Recon Valid Loss: 0.28, Learning Rate: 0.0001
Epoch: 83, Alpha: 0.44, Total Train Loss: 0.54, Contrastive Train Loss: 0.92, Recon Train Loss: 0.25, Total Valid Loss: 1.88, Contrastive Valid Loss: 3.95, Recon Valid Loss: 0.28, Learning Rate: 0.0001
Epoch: 84, Alpha: 0.43, Total Train Loss: 0.54, Contrastive Train Loss: 0.92, Recon Train Loss: 0.25, Total Valid Loss: 1.83, Contrastive Valid Loss: 3.86, Recon Valid Loss: 0.28, Learning Rate: 0.0001
Epoch: 85, Alpha: 0.43, Total Train Loss: 0.54, Contrastive Train Loss: 0.93, Recon Train Loss: 0.25, Total Valid Loss: 1.77, Contrastive Valid Loss: 3.76, Recon Valid Loss: 0.28, Learning Rate: 0.0001
Epoch: 86, Alpha: 0.42, Total Train Loss: 0.53, Contrastive Train Loss: 0.92, Recon Train Loss: 0.25, Total Valid Loss: 1.71, Contrastive Valid Loss: 3.66, Recon Valid Loss: 0.28, Learning Rate: 0.0001
Epoch: 87, Alpha: 0.42, Total Train Loss: 0.53, Contrastive Train Loss: 0.91, Recon Train Loss: 0.25, Total Valid Loss: 1.74, Contrastive Valid Loss: 3.76, Recon Valid Loss: 0.28, Learning Rate: 0.0001
Epoch: 88, Alpha: 0.41, Total Train Loss: 0.53, Contrastive Train Loss: 0.92, Recon Train Loss: 0.25, Total Valid Loss: 1.70, Contrastive Valid Loss: 3.71, Recon Valid Loss: 0.28, Learning Rate: 0.0001
Epoch: 89, Alpha: 0.41, Total Train Loss: 0.52, Contrastive Train Loss: 0.92, Recon Train Loss: 0.25, Total Valid Loss: 1.66, Contrastive Valid Loss: 3.64, Recon Valid Loss: 0.28, Learning Rate: 0.0001
Epoch: 90, Alpha: 0.41, Total Train Loss: 0.52, Contrastive Train Loss: 0.93, Recon Train Loss: 0.24, Total Valid Loss: 1.68, Contrastive Valid Loss: 3.72, Recon Valid Loss: 0.28, Learning Rate: 0.0001
Epoch: 91, Alpha: 0.40, Total Train Loss: 0.51, Contrastive Train Loss: 0.91, Recon Train Loss: 0.24, Total Valid Loss: 1.68, Contrastive Valid Loss: 3.75, Recon Valid Loss: 0.28, Learning Rate: 0.0001
Epoch: 92, Alpha: 0.40, Total Train Loss: 0.51, Contrastive Train Loss: 0.92, Recon Train Loss: 0.24, Total Valid Loss: 1.67, Contrastive Valid Loss: 3.77, Recon Valid Loss: 0.28, Learning Rate: 0.0001
Epoch: 93, Alpha: 0.39, Total Train Loss: 0.51, Contrastive Train Loss: 0.92, Recon Train Loss: 0.24, Total Valid Loss: 1.67, Contrastive Valid Loss: 3.80, Recon Valid Loss: 0.28, Learning Rate: 0.0001
Epoch: 94, Alpha: 0.39, Total Train Loss: 0.51, Contrastive Train Loss: 0.92, Recon Train Loss: 0.24, Total Valid Loss: 1.69, Contrastive Valid Loss: 3.88, Recon Valid Loss: 0.28, Learning Rate: 0.0001
Epoch: 95, Alpha: 0.39, Total Train Loss: 0.50, Contrastive Train Loss: 0.91, Recon Train Loss: 0.24, Total Valid Loss: 1.64, Contrastive Valid Loss: 3.80, Recon Valid Loss: 0.28, Learning Rate: 0.0001
Epoch: 96, Alpha: 0.38, Total Train Loss: 0.50, Contrastive Train Loss: 0.92, Recon Train Loss: 0.24, Total Valid Loss: 1.63, Contrastive Valid Loss: 3.81, Recon Valid Loss: 0.28, Learning Rate: 0.0001
Epoch: 97, Alpha: 0.38, Total Train Loss: 0.50, Contrastive Train Loss: 0.92, Recon Train Loss: 0.24, Total Valid Loss: 1.61, Contrastive Valid Loss: 3.79, Recon Valid Loss: 0.28, Learning Rate: 0.0001
Epoch: 98, Alpha: 0.38, Total Train Loss: 0.50, Contrastive Train Loss: 0.92, Recon Train Loss: 0.24, Total Valid Loss: 1.60, Contrastive Valid Loss: 3.81, Recon Valid Loss: 0.28, Learning Rate: 0.0001
Epoch: 99, Alpha: 0.37, Total Train Loss: 0.49, Contrastive Train Loss: 0.91, Recon Train Loss: 0.24, Total Valid Loss: 1.61, Contrastive Valid Loss: 3.86, Recon Valid Loss: 0.28, Learning Rate: 0.0001
Epoch: 100, Alpha: 0.37, Total Train Loss: 0.49, Contrastive Train Loss: 0.92, Recon Train Loss: 0.24, Total Valid Loss: 1.64, Contrastive Valid Loss: 3.98, Recon Valid Loss: 0.28, Learning Rate: 0.0001
Epoch: 101, Alpha: 0.36, Total Train Loss: 0.49, Contrastive Train Loss: 0.91, Recon Train Loss: 0.24, Total Valid Loss: 1.71, Contrastive Valid Loss: 4.21, Recon Valid Loss: 0.28, Learning Rate: 0.0001
Epoch: 102, Alpha: 0.36, Total Train Loss: 0.49, Contrastive Train Loss: 0.92, Recon Train Loss: 0.24, Total Valid Loss: 1.60, Contrastive Valid Loss: 3.94, Recon Valid Loss: 0.28, Learning Rate: 0.0001
Epoch: 103, Alpha: 0.36, Total Train Loss: 0.48, Contrastive Train Loss: 0.91, Recon Train Loss: 0.24, Total Valid Loss: 1.57, Contrastive Valid Loss: 3.91, Recon Valid Loss: 0.28, Learning Rate: 0.0001
Epoch: 104, Alpha: 0.35, Total Train Loss: 0.48, Contrastive Train Loss: 0.91, Recon Train Loss: 0.24, Total Valid Loss: 1.62, Contrastive Valid Loss: 4.08, Recon Valid Loss: 0.28, Learning Rate: 0.0001
Epoch: 105, Alpha: 0.35, Total Train Loss: 0.48, Contrastive Train Loss: 0.91, Recon Train Loss: 0.24, Total Valid Loss: 1.57, Contrastive Valid Loss: 3.98, Recon Valid Loss: 0.28, Learning Rate: 0.0001
Epoch: 106, Alpha: 0.35, Total Train Loss: 0.47, Contrastive Train Loss: 0.92, Recon Train Loss: 0.24, Total Valid Loss: 1.55, Contrastive Valid Loss: 3.95, Recon Valid Loss: 0.28, Learning Rate: 0.0001
Epoch: 107, Alpha: 0.34, Total Train Loss: 0.47, Contrastive Train Loss: 0.91, Recon Train Loss: 0.24, Total Valid Loss: 1.58, Contrastive Valid Loss: 4.07, Recon Valid Loss: 0.28, Learning Rate: 0.0001
Epoch: 108, Alpha: 0.34, Total Train Loss: 0.47, Contrastive Train Loss: 0.91, Recon Train Loss: 0.24, Total Valid Loss: 1.54, Contrastive Valid Loss: 4.00, Recon Valid Loss: 0.28, Learning Rate: 0.0001
Epoch: 109, Alpha: 0.34, Total Train Loss: 0.47, Contrastive Train Loss: 0.92, Recon Train Loss: 0.24, Total Valid Loss: 1.58, Contrastive Valid Loss: 4.14, Recon Valid Loss: 0.28, Learning Rate: 0.0001
Epoch: 110, Alpha: 0.33, Total Train Loss: 0.47, Contrastive Train Loss: 0.92, Recon Train Loss: 0.24, Total Valid Loss: 1.50, Contrastive Valid Loss: 3.96, Recon Valid Loss: 0.28, Learning Rate: 0.0001
Epoch: 111, Alpha: 0.33, Total Train Loss: 0.46, Contrastive Train Loss: 0.92, Recon Train Loss: 0.24, Total Valid Loss: 1.48, Contrastive Valid Loss: 3.93, Recon Valid Loss: 0.28, Learning Rate: 0.0001
Epoch: 112, Alpha: 0.33, Total Train Loss: 0.46, Contrastive Train Loss: 0.91, Recon Train Loss: 0.24, Total Valid Loss: 1.52, Contrastive Valid Loss: 4.10, Recon Valid Loss: 0.28, Learning Rate: 0.0001
Epoch: 113, Alpha: 0.32, Total Train Loss: 0.46, Contrastive Train Loss: 0.91, Recon Train Loss: 0.24, Total Valid Loss: 1.52, Contrastive Valid Loss: 4.13, Recon Valid Loss: 0.28, Learning Rate: 0.0001
Epoch: 114, Alpha: 0.32, Total Train Loss: 0.45, Contrastive Train Loss: 0.91, Recon Train Loss: 0.24, Total Valid Loss: 1.47, Contrastive Valid Loss: 4.00, Recon Valid Loss: 0.28, Learning Rate: 0.0001
Epoch: 115, Alpha: 0.32, Total Train Loss: 0.45, Contrastive Train Loss: 0.91, Recon Train Loss: 0.24, Total Valid Loss: 1.53, Contrastive Valid Loss: 4.23, Recon Valid Loss: 0.28, Learning Rate: 0.0001
Epoch: 116, Alpha: 0.31, Total Train Loss: 0.45, Contrastive Train Loss: 0.91, Recon Train Loss: 0.24, Total Valid Loss: 1.46, Contrastive Valid Loss: 4.07, Recon Valid Loss: 0.28, Learning Rate: 0.0001
Epoch: 117, Alpha: 0.31, Total Train Loss: 0.44, Contrastive Train Loss: 0.90, Recon Train Loss: 0.24, Total Valid Loss: 1.49, Contrastive Valid Loss: 4.18, Recon Valid Loss: 0.28, Learning Rate: 0.0001
Epoch: 118, Alpha: 0.31, Total Train Loss: 0.44, Contrastive Train Loss: 0.91, Recon Train Loss: 0.24, Total Valid Loss: 1.40, Contrastive Valid Loss: 3.94, Recon Valid Loss: 0.28, Learning Rate: 0.0001
Epoch: 119, Alpha: 0.30, Total Train Loss: 0.44, Contrastive Train Loss: 0.91, Recon Train Loss: 0.24, Total Valid Loss: 1.47, Contrastive Valid Loss: 4.19, Recon Valid Loss: 0.28, Learning Rate: 0.0001
Epoch: 120, Alpha: 0.30, Total Train Loss: 0.44, Contrastive Train Loss: 0.90, Recon Train Loss: 0.24, Total Valid Loss: 1.45, Contrastive Valid Loss: 4.18, Recon Valid Loss: 0.28, Learning Rate: 0.0001
Epoch: 121, Alpha: 0.30, Total Train Loss: 0.44, Contrastive Train Loss: 0.91, Recon Train Loss: 0.24, Total Valid Loss: 1.46, Contrastive Valid Loss: 4.25, Recon Valid Loss: 0.27, Learning Rate: 0.0001
Epoch: 122, Alpha: 0.30, Total Train Loss: 0.43, Contrastive Train Loss: 0.90, Recon Train Loss: 0.24, Total Valid Loss: 1.38, Contrastive Valid Loss: 4.02, Recon Valid Loss: 0.27, Learning Rate: 0.0001
Epoch: 123, Alpha: 0.29, Total Train Loss: 0.43, Contrastive Train Loss: 0.91, Recon Train Loss: 0.24, Total Valid Loss: 1.40, Contrastive Valid Loss: 4.14, Recon Valid Loss: 0.27, Learning Rate: 0.0001
Epoch: 124, Alpha: 0.29, Total Train Loss: 0.43, Contrastive Train Loss: 0.90, Recon Train Loss: 0.24, Total Valid Loss: 1.42, Contrastive Valid Loss: 4.22, Recon Valid Loss: 0.27, Learning Rate: 0.0001
Epoch: 125, Alpha: 0.29, Total Train Loss: 0.43, Contrastive Train Loss: 0.91, Recon Train Loss: 0.24, Total Valid Loss: 1.40, Contrastive Valid Loss: 4.20, Recon Valid Loss: 0.28, Learning Rate: 0.0001
Epoch: 126, Alpha: 0.28, Total Train Loss: 0.42, Contrastive Train Loss: 0.90, Recon Train Loss: 0.24, Total Valid Loss: 1.41, Contrastive Valid Loss: 4.27, Recon Valid Loss: 0.27, Learning Rate: 0.0001
Epoch: 127, Alpha: 0.28, Total Train Loss: 0.43, Contrastive Train Loss: 0.91, Recon Train Loss: 0.24, Total Valid Loss: 1.38, Contrastive Valid Loss: 4.20, Recon Valid Loss: 0.27, Learning Rate: 0.0001
Epoch: 128, Alpha: 0.28, Total Train Loss: 0.42, Contrastive Train Loss: 0.91, Recon Train Loss: 0.23, Total Valid Loss: 1.35, Contrastive Valid Loss: 4.15, Recon Valid Loss: 0.27, Learning Rate: 0.0001
Epoch: 129, Alpha: 0.28, Total Train Loss: 0.42, Contrastive Train Loss: 0.91, Recon Train Loss: 0.23, Total Valid Loss: 1.32, Contrastive Valid Loss: 4.07, Recon Valid Loss: 0.27, Learning Rate: 0.0001
Epoch: 130, Alpha: 0.27, Total Train Loss: 0.42, Contrastive Train Loss: 0.91, Recon Train Loss: 0.23, Total Valid Loss: 1.30, Contrastive Valid Loss: 4.03, Recon Valid Loss: 0.27, Learning Rate: 0.0001
Epoch: 131, Alpha: 0.27, Total Train Loss: 0.41, Contrastive Train Loss: 0.90, Recon Train Loss: 0.23, Total Valid Loss: 1.30, Contrastive Valid Loss: 4.08, Recon Valid Loss: 0.27, Learning Rate: 0.0001
Epoch: 132, Alpha: 0.27, Total Train Loss: 0.41, Contrastive Train Loss: 0.91, Recon Train Loss: 0.23, Total Valid Loss: 1.27, Contrastive Valid Loss: 4.01, Recon Valid Loss: 0.27, Learning Rate: 0.0001
Epoch: 133, Alpha: 0.26, Total Train Loss: 0.41, Contrastive Train Loss: 0.91, Recon Train Loss: 0.23, Total Valid Loss: 1.23, Contrastive Valid Loss: 3.91, Recon Valid Loss: 0.27, Learning Rate: 0.0001
Epoch: 134, Alpha: 0.26, Total Train Loss: 0.41, Contrastive Train Loss: 0.91, Recon Train Loss: 0.23, Total Valid Loss: 1.26, Contrastive Valid Loss: 4.04, Recon Valid Loss: 0.27, Learning Rate: 0.0001
Epoch: 135, Alpha: 0.26, Total Train Loss: 0.41, Contrastive Train Loss: 0.91, Recon Train Loss: 0.23, Total Valid Loss: 1.24, Contrastive Valid Loss: 3.99, Recon Valid Loss: 0.27, Learning Rate: 0.0001
Epoch: 136, Alpha: 0.26, Total Train Loss: 0.41, Contrastive Train Loss: 0.90, Recon Train Loss: 0.23, Total Valid Loss: 1.26, Contrastive Valid Loss: 4.11, Recon Valid Loss: 0.27, Learning Rate: 0.0001
Epoch: 137, Alpha: 0.25, Total Train Loss: 0.40, Contrastive Train Loss: 0.90, Recon Train Loss: 0.23, Total Valid Loss: 1.29, Contrastive Valid Loss: 4.29, Recon Valid Loss: 0.27, Learning Rate: 0.0001
Epoch: 138, Alpha: 0.25, Total Train Loss: 0.40, Contrastive Train Loss: 0.91, Recon Train Loss: 0.23, Total Valid Loss: 1.24, Contrastive Valid Loss: 4.13, Recon Valid Loss: 0.27, Learning Rate: 0.0001
Epoch: 139, Alpha: 0.25, Total Train Loss: 0.40, Contrastive Train Loss: 0.90, Recon Train Loss: 0.23, Total Valid Loss: 1.23, Contrastive Valid Loss: 4.12, Recon Valid Loss: 0.27, Learning Rate: 0.0001
Epoch: 140, Alpha: 0.25, Total Train Loss: 0.40, Contrastive Train Loss: 0.90, Recon Train Loss: 0.23, Total Valid Loss: 1.21, Contrastive Valid Loss: 4.09, Recon Valid Loss: 0.27, Learning Rate: 0.0001
Epoch: 141, Alpha: 0.24, Total Train Loss: 0.40, Contrastive Train Loss: 0.90, Recon Train Loss: 0.23, Total Valid Loss: 1.23, Contrastive Valid Loss: 4.19, Recon Valid Loss: 0.27, Learning Rate: 0.0001
Epoch: 142, Alpha: 0.24, Total Train Loss: 0.39, Contrastive Train Loss: 0.90, Recon Train Loss: 0.23, Total Valid Loss: 1.15, Contrastive Valid Loss: 3.92, Recon Valid Loss: 0.27, Learning Rate: 0.0001
Epoch: 143, Alpha: 0.24, Total Train Loss: 0.39, Contrastive Train Loss: 0.91, Recon Train Loss: 0.23, Total Valid Loss: 1.17, Contrastive Valid Loss: 4.04, Recon Valid Loss: 0.27, Learning Rate: 0.0001
Epoch: 144, Alpha: 0.24, Total Train Loss: 0.39, Contrastive Train Loss: 0.90, Recon Train Loss: 0.23, Total Valid Loss: 1.18, Contrastive Valid Loss: 4.12, Recon Valid Loss: 0.27, Learning Rate: 0.0001
Epoch: 145, Alpha: 0.23, Total Train Loss: 0.39, Contrastive Train Loss: 0.91, Recon Train Loss: 0.23, Total Valid Loss: 1.17, Contrastive Valid Loss: 4.10, Recon Valid Loss: 0.27, Learning Rate: 0.0001
Epoch: 146, Alpha: 0.23, Total Train Loss: 0.39, Contrastive Train Loss: 0.90, Recon Train Loss: 0.23, Total Valid Loss: 1.16, Contrastive Valid Loss: 4.09, Recon Valid Loss: 0.27, Learning Rate: 0.0001
Epoch: 147, Alpha: 0.23, Total Train Loss: 0.38, Contrastive Train Loss: 0.90, Recon Train Loss: 0.23, Total Valid Loss: 1.14, Contrastive Valid Loss: 4.04, Recon Valid Loss: 0.27, Learning Rate: 0.0001
Epoch: 148, Alpha: 0.23, Total Train Loss: 0.38, Contrastive Train Loss: 0.91, Recon Train Loss: 0.23, Total Valid Loss: 1.20, Contrastive Valid Loss: 4.34, Recon Valid Loss: 0.27, Learning Rate: 0.0001
Epoch: 149, Alpha: 0.23, Total Train Loss: 0.38, Contrastive Train Loss: 0.90, Recon Train Loss: 0.23, Total Valid Loss: 1.17, Contrastive Valid Loss: 4.27, Recon Valid Loss: 0.27, Learning Rate: 0.0001
Epoch: 150, Alpha: 0.22, Total Train Loss: 0.38, Contrastive Train Loss: 0.91, Recon Train Loss: 0.23, Total Valid Loss: 1.13, Contrastive Valid Loss: 4.14, Recon Valid Loss: 0.27, Learning Rate: 0.0001
Epoch: 151, Alpha: 0.22, Total Train Loss: 0.38, Contrastive Train Loss: 0.89, Recon Train Loss: 0.23, Total Valid Loss: 1.14, Contrastive Valid Loss: 4.20, Recon Valid Loss: 0.27, Learning Rate: 0.0001
Epoch: 152, Alpha: 0.22, Total Train Loss: 0.38, Contrastive Train Loss: 0.91, Recon Train Loss: 0.23, Total Valid Loss: 1.11, Contrastive Valid Loss: 4.10, Recon Valid Loss: 0.27, Learning Rate: 0.0001
Epoch: 153, Alpha: 0.22, Total Train Loss: 0.37, Contrastive Train Loss: 0.90, Recon Train Loss: 0.23, Total Valid Loss: 1.09, Contrastive Valid Loss: 4.08, Recon Valid Loss: 0.27, Learning Rate: 0.0001
Epoch: 154, Alpha: 0.21, Total Train Loss: 0.37, Contrastive Train Loss: 0.91, Recon Train Loss: 0.23, Total Valid Loss: 1.13, Contrastive Valid Loss: 4.29, Recon Valid Loss: 0.27, Learning Rate: 0.0001
Epoch: 155, Alpha: 0.21, Total Train Loss: 0.37, Contrastive Train Loss: 0.90, Recon Train Loss: 0.23, Total Valid Loss: 1.11, Contrastive Valid Loss: 4.23, Recon Valid Loss: 0.27, Learning Rate: 0.0001
Epoch: 156, Alpha: 0.21, Total Train Loss: 0.37, Contrastive Train Loss: 0.90, Recon Train Loss: 0.23, Total Valid Loss: 1.09, Contrastive Valid Loss: 4.19, Recon Valid Loss: 0.27, Learning Rate: 0.0001
Epoch: 157, Alpha: 0.21, Total Train Loss: 0.37, Contrastive Train Loss: 0.90, Recon Train Loss: 0.23, Total Valid Loss: 1.10, Contrastive Valid Loss: 4.29, Recon Valid Loss: 0.27, Learning Rate: 0.0001
Epoch: 158, Alpha: 0.21, Total Train Loss: 0.37, Contrastive Train Loss: 0.90, Recon Train Loss: 0.23, Total Valid Loss: 1.09, Contrastive Valid Loss: 4.27, Recon Valid Loss: 0.27, Learning Rate: 0.0001
Epoch: 159, Alpha: 0.20, Total Train Loss: 0.36, Contrastive Train Loss: 0.89, Recon Train Loss: 0.23, Total Valid Loss: 1.06, Contrastive Valid Loss: 4.17, Recon Valid Loss: 0.27, Learning Rate: 0.0001
Epoch: 160, Alpha: 0.20, Total Train Loss: 0.36, Contrastive Train Loss: 0.90, Recon Train Loss: 0.23, Total Valid Loss: 1.06, Contrastive Valid Loss: 4.19, Recon Valid Loss: 0.27, Learning Rate: 0.0001
Epoch: 161, Alpha: 0.20, Total Train Loss: 0.36, Contrastive Train Loss: 0.90, Recon Train Loss: 0.23, Total Valid Loss: 1.01, Contrastive Valid Loss: 4.01, Recon Valid Loss: 0.27, Learning Rate: 0.0001
Epoch: 162, Alpha: 0.20, Total Train Loss: 0.36, Contrastive Train Loss: 0.89, Recon Train Loss: 0.23, Total Valid Loss: 1.02, Contrastive Valid Loss: 4.09, Recon Valid Loss: 0.27, Learning Rate: 0.0001
Epoch: 163, Alpha: 0.20, Total Train Loss: 0.36, Contrastive Train Loss: 0.90, Recon Train Loss: 0.23, Total Valid Loss: 1.05, Contrastive Valid Loss: 4.29, Recon Valid Loss: 0.27, Learning Rate: 0.0001
Epoch: 164, Alpha: 0.19, Total Train Loss: 0.36, Contrastive Train Loss: 0.90, Recon Train Loss: 0.23, Total Valid Loss: 1.02, Contrastive Valid Loss: 4.15, Recon Valid Loss: 0.27, Learning Rate: 0.0001
Epoch: 165, Alpha: 0.19, Total Train Loss: 0.35, Contrastive Train Loss: 0.90, Recon Train Loss: 0.23, Total Valid Loss: 1.02, Contrastive Valid Loss: 4.20, Recon Valid Loss: 0.27, Learning Rate: 0.0001
Epoch: 166, Alpha: 0.19, Total Train Loss: 0.35, Contrastive Train Loss: 0.90, Recon Train Loss: 0.23, Total Valid Loss: 0.98, Contrastive Valid Loss: 4.03, Recon Valid Loss: 0.26, Learning Rate: 0.0001
Epoch: 167, Alpha: 0.19, Total Train Loss: 0.35, Contrastive Train Loss: 0.89, Recon Train Loss: 0.23, Total Valid Loss: 0.99, Contrastive Valid Loss: 4.14, Recon Valid Loss: 0.26, Learning Rate: 0.0001
Epoch: 168, Alpha: 0.19, Total Train Loss: 0.35, Contrastive Train Loss: 0.90, Recon Train Loss: 0.23, Total Valid Loss: 0.99, Contrastive Valid Loss: 4.13, Recon Valid Loss: 0.26, Learning Rate: 0.0001
Epoch: 169, Alpha: 0.18, Total Train Loss: 0.35, Contrastive Train Loss: 0.90, Recon Train Loss: 0.22, Total Valid Loss: 0.98, Contrastive Valid Loss: 4.12, Recon Valid Loss: 0.26, Learning Rate: 0.0001
Epoch: 170, Alpha: 0.18, Total Train Loss: 0.35, Contrastive Train Loss: 0.90, Recon Train Loss: 0.22, Total Valid Loss: 0.98, Contrastive Valid Loss: 4.20, Recon Valid Loss: 0.26, Learning Rate: 0.0001
Epoch: 171, Alpha: 0.18, Total Train Loss: 0.35, Contrastive Train Loss: 0.90, Recon Train Loss: 0.22, Total Valid Loss: 0.98, Contrastive Valid Loss: 4.21, Recon Valid Loss: 0.26, Learning Rate: 0.0001
Epoch: 172, Alpha: 0.18, Total Train Loss: 0.35, Contrastive Train Loss: 0.90, Recon Train Loss: 0.22, Total Valid Loss: 0.97, Contrastive Valid Loss: 4.22, Recon Valid Loss: 0.26, Learning Rate: 0.0001
Epoch: 173, Alpha: 0.18, Total Train Loss: 0.34, Contrastive Train Loss: 0.90, Recon Train Loss: 0.22, Total Valid Loss: 0.96, Contrastive Valid Loss: 4.18, Recon Valid Loss: 0.26, Learning Rate: 0.0001
Epoch: 174, Alpha: 0.18, Total Train Loss: 0.34, Contrastive Train Loss: 0.89, Recon Train Loss: 0.22, Total Valid Loss: 0.96, Contrastive Valid Loss: 4.24, Recon Valid Loss: 0.26, Learning Rate: 0.0001
Epoch: 175, Alpha: 0.17, Total Train Loss: 0.34, Contrastive Train Loss: 0.89, Recon Train Loss: 0.22, Total Valid Loss: 0.95, Contrastive Valid Loss: 4.20, Recon Valid Loss: 0.26, Learning Rate: 0.0001
Epoch: 176, Alpha: 0.17, Total Train Loss: 0.34, Contrastive Train Loss: 0.90, Recon Train Loss: 0.22, Total Valid Loss: 0.93, Contrastive Valid Loss: 4.12, Recon Valid Loss: 0.26, Learning Rate: 0.0001
Epoch: 177, Alpha: 0.17, Total Train Loss: 0.34, Contrastive Train Loss: 0.89, Recon Train Loss: 0.22, Total Valid Loss: 0.92, Contrastive Valid Loss: 4.14, Recon Valid Loss: 0.26, Learning Rate: 0.0001
Epoch: 178, Alpha: 0.17, Total Train Loss: 0.34, Contrastive Train Loss: 0.89, Recon Train Loss: 0.22, Total Valid Loss: 0.91, Contrastive Valid Loss: 4.12, Recon Valid Loss: 0.26, Learning Rate: 0.0001
Epoch: 179, Alpha: 0.17, Total Train Loss: 0.34, Contrastive Train Loss: 0.90, Recon Train Loss: 0.22, Total Valid Loss: 0.90, Contrastive Valid Loss: 4.07, Recon Valid Loss: 0.26, Learning Rate: 0.0001
Starting Downstream Task
torch.Size([2806, 5, 64, 32])
torch.Size([935, 5, 64, 32])
torch.Size([937, 5, 64, 32])
Shape: (5, 144, 72)
Epoch: 0, Train Loss: 1.06542, Valid Loss: 0.69554
Epoch: 1, Train Loss: 0.64484, Valid Loss: 0.65612
Epoch: 2, Train Loss: 0.61916, Valid Loss: 0.65522
Epoch: 3, Train Loss: 0.59247, Valid Loss: 0.64802
Epoch: 4, Train Loss: 0.59303, Valid Loss: 0.65481
Epoch: 5, Train Loss: 0.58008, Valid Loss: 0.64606
Epoch: 6, Train Loss: 0.57495, Valid Loss: 0.66157
Epoch: 7, Train Loss: 0.57073, Valid Loss: 0.63873
Epoch: 8, Train Loss: 0.57095, Valid Loss: 0.63793
Epoch: 9, Train Loss: 0.56205, Valid Loss: 0.63342
Epoch: 10, Train Loss: 0.55729, Valid Loss: 0.64740
Epoch: 11, Train Loss: 0.55596, Valid Loss: 0.64909
Epoch: 12, Train Loss: 0.55345, Valid Loss: 0.63155
Epoch: 13, Train Loss: 0.55507, Valid Loss: 0.62560
Epoch: 14, Train Loss: 0.55094, Valid Loss: 0.64214
Epoch: 15, Train Loss: 0.54722, Valid Loss: 0.62596
Epoch: 16, Train Loss: 0.54319, Valid Loss: 0.63597
Epoch: 17, Train Loss: 0.53475, Valid Loss: 0.63740
Epoch: 18, Train Loss: 0.53609, Valid Loss: 0.63453
Epoch: 19, Train Loss: 0.53882, Valid Loss: 0.63931
Epoch: 20, Train Loss: 0.53169, Valid Loss: 0.63861
Epoch: 21, Train Loss: 0.53752, Valid Loss: 0.62940
Epoch: 22, Train Loss: 0.53930, Valid Loss: 0.63638
Epoch: 23, Train Loss: 0.53963, Valid Loss: 0.64629
Epoch: 24, Train Loss: 0.53989, Valid Loss: 0.62877
Epoch: 25, Train Loss: 0.51136, Valid Loss: 0.61261
Epoch: 26, Train Loss: 0.49947, Valid Loss: 0.60751
Epoch: 27, Train Loss: 0.49246, Valid Loss: 0.61099
Epoch: 28, Train Loss: 0.48419, Valid Loss: 0.60850
Epoch: 29, Train Loss: 0.48096, Valid Loss: 0.60800
Epoch: 30, Train Loss: 0.48019, Valid Loss: 0.60410
Epoch: 31, Train Loss: 0.47920, Valid Loss: 0.61461
Epoch: 32, Train Loss: 0.47270, Valid Loss: 0.61145
Epoch: 33, Train Loss: 0.46890, Valid Loss: 0.60919
Epoch: 34, Train Loss: 0.46519, Valid Loss: 0.59979
Epoch: 35, Train Loss: 0.46327, Valid Loss: 0.61061
Epoch: 36, Train Loss: 0.46294, Valid Loss: 0.60847
Epoch: 37, Train Loss: 0.45929, Valid Loss: 0.61303
Epoch: 38, Train Loss: 0.45927, Valid Loss: 0.60861
Epoch: 39, Train Loss: 0.45717, Valid Loss: 0.61486
Epoch: 40, Train Loss: 0.45410, Valid Loss: 0.61400
Epoch: 41, Train Loss: 0.44820, Valid Loss: 0.61851
Epoch: 42, Train Loss: 0.44959, Valid Loss: 0.61278
Epoch: 43, Train Loss: 0.44925, Valid Loss: 0.61382
Epoch: 44, Train Loss: 0.44767, Valid Loss: 0.60639
Epoch: 45, Train Loss: 0.44361, Valid Loss: 0.60752
Epoch: 46, Train Loss: 0.43921, Valid Loss: 0.61160
Epoch: 47, Train Loss: 0.43639, Valid Loss: 0.61088
Epoch: 48, Train Loss: 0.43847, Valid Loss: 0.61152
Epoch: 49, Train Loss: 0.43690, Valid Loss: 0.61603
Epoch: 50, Train Loss: 0.43973, Valid Loss: 0.61424
Epoch: 51, Train Loss: 0.43659, Valid Loss: 0.60464
Epoch: 52, Train Loss: 0.43933, Valid Loss: 0.62075
Epoch: 53, Train Loss: 0.43817, Valid Loss: 0.60775
Epoch: 54, Train Loss: 0.43689, Valid Loss: 0.61647
Epoch: 55, Train Loss: 0.43514, Valid Loss: 0.60960
Epoch: 56, Train Loss: 0.43725, Valid Loss: 0.61364
Epoch: 57, Train Loss: 0.43637, Valid Loss: 0.61455
Epoch: 58, Train Loss: 0.43523, Valid Loss: 0.60494
Epoch: 59, Train Loss: 0.43305, Valid Loss: 0.60938
Epoch: 60, Train Loss: 0.43675, Valid Loss: 0.61524
Epoch: 61, Train Loss: 0.43460, Valid Loss: 0.61213
Epoch: 62, Train Loss: 0.43639, Valid Loss: 0.61155
Epoch: 63, Train Loss: 0.43755, Valid Loss: 0.60799
Epoch: 64, Train Loss: 0.43382, Valid Loss: 0.61280
Epoch: 65, Train Loss: 0.43450, Valid Loss: 0.61524
Epoch: 66, Train Loss: 0.43334, Valid Loss: 0.60641
Epoch: 67, Train Loss: 0.43553, Valid Loss: 0.61360
Epoch: 68, Train Loss: 0.43521, Valid Loss: 0.61038
Epoch: 69, Train Loss: 0.43377, Valid Loss: 0.60925
Epoch: 70, Train Loss: 0.43508, Valid Loss: 0.61398
Epoch: 71, Train Loss: 0.43379, Valid Loss: 0.61705
Epoch: 72, Train Loss: 0.43476, Valid Loss: 0.60766
Epoch: 73, Train Loss: 0.43423, Valid Loss: 0.60904
Epoch: 74, Train Loss: 0.43513, Valid Loss: 0.61439
Epoch: 75, Train Loss: 0.43513, Valid Loss: 0.60359
Epoch: 76, Train Loss: 0.44083, Valid Loss: 0.60581
Epoch: 77, Train Loss: 0.43440, Valid Loss: 0.60910
Epoch: 78, Train Loss: 0.43303, Valid Loss: 0.61007
Epoch: 79, Train Loss: 0.43664, Valid Loss: 0.61386
Epoch: 80, Train Loss: 0.43470, Valid Loss: 0.61177
Epoch: 81, Train Loss: 0.43199, Valid Loss: 0.60836
Epoch: 82, Train Loss: 0.43481, Valid Loss: 0.61051
Epoch: 83, Train Loss: 0.43213, Valid Loss: 0.61089
Epoch: 84, Train Loss: 0.43970, Valid Loss: 0.61184
Epoch: 85, Train Loss: 0.43408, Valid Loss: 0.61297
Epoch: 86, Train Loss: 0.43689, Valid Loss: 0.60961
Epoch: 87, Train Loss: 0.43486, Valid Loss: 0.60398
Epoch: 88, Train Loss: 0.43383, Valid Loss: 0.60489
Epoch: 89, Train Loss: 0.43494, Valid Loss: 0.61359
Epoch: 90, Train Loss: 0.43312, Valid Loss: 0.61422
Epoch: 91, Train Loss: 0.43480, Valid Loss: 0.60588
Epoch: 92, Train Loss: 0.43716, Valid Loss: 0.61152
Epoch: 93, Train Loss: 0.43461, Valid Loss: 0.60955
Epoch: 94, Train Loss: 0.43404, Valid Loss: 0.60695
Epoch: 95, Train Loss: 0.43159, Valid Loss: 0.61634
Epoch: 96, Train Loss: 0.43365, Valid Loss: 0.60889
Epoch: 97, Train Loss: 0.43637, Valid Loss: 0.61253
Epoch: 98, Train Loss: 0.43146, Valid Loss: 0.61543
Epoch: 99, Train Loss: 0.43393, Valid Loss: 0.60601
Test Loss: 0.61355
Test Loss: 0.64491
