nohup: ignoring input
torch.Size([14031, 5, 64, 32])
torch.Size([4677, 5, 64, 32])
torch.Size([4678, 5, 64, 32])
Shape: (5, 144, 72)
Fine Tuning Both
Starting Latent Downstream Task
MSE Loss Between Generated and Conditioned: 307013.3438
Epoch: 1, Loss: 1.0097
MSE Loss Between Generated and Conditioned: 61051.7617
Epoch: 2, Loss: 0.8056
MSE Loss Between Generated and Conditioned: 37897.2227
Epoch: 3, Loss: 0.6848
MSE Loss Between Generated and Conditioned: 29129.6562
Epoch: 4, Loss: 0.6105
MSE Loss Between Generated and Conditioned: 25978.5059
Epoch: 5, Loss: 0.5374
MSE Loss Between Generated and Conditioned: 19207.1875
Epoch: 6, Loss: 0.4772
MSE Loss Between Generated and Conditioned: 18311.2188
Epoch: 7, Loss: 0.4385
MSE Loss Between Generated and Conditioned: 15794.3203
Epoch: 8, Loss: 0.3998
MSE Loss Between Generated and Conditioned: 13298.9346
Epoch: 9, Loss: 0.3776
MSE Loss Between Generated and Conditioned: 12994.6406
Epoch: 10, Loss: 0.3473
MSE Loss Between Generated and Conditioned: 9712.9385
Epoch: 11, Loss: 0.3250
MSE Loss Between Generated and Conditioned: 8729.2490
Epoch: 12, Loss: 0.3111
MSE Loss Between Generated and Conditioned: 7652.5073
Epoch: 13, Loss: 0.2901
MSE Loss Between Generated and Conditioned: 5197.7627
Epoch: 14, Loss: 0.2798
MSE Loss Between Generated and Conditioned: 5429.4175
Epoch: 15, Loss: 0.2651
MSE Loss Between Generated and Conditioned: 4621.4741
Epoch: 16, Loss: 0.2555
MSE Loss Between Generated and Conditioned: 4112.8237
Epoch: 17, Loss: 0.2484
MSE Loss Between Generated and Conditioned: 4084.9622
Epoch: 18, Loss: 0.2403
MSE Loss Between Generated and Conditioned: 3293.4087
Epoch: 19, Loss: 0.2343
MSE Loss Between Generated and Conditioned: 1956.9928
Epoch: 20, Loss: 0.2252
MSE Loss Between Generated and Conditioned: 2297.8948
Epoch: 21, Loss: 0.2269
MSE Loss Between Generated and Conditioned: 2044.3934
Epoch: 22, Loss: 0.2194
MSE Loss Between Generated and Conditioned: 1895.8375
Epoch: 23, Loss: 0.2180
MSE Loss Between Generated and Conditioned: 2025.8275
Epoch: 24, Loss: 0.2073
MSE Loss Between Generated and Conditioned: 1877.3578
Epoch: 25, Loss: 0.2078
MSE Loss Between Generated and Conditioned: 1642.1516
Epoch: 26, Loss: 0.2025
MSE Loss Between Generated and Conditioned: 1528.0980
Epoch: 27, Loss: 0.1985
MSE Loss Between Generated and Conditioned: 1763.1074
Epoch: 28, Loss: 0.1999
MSE Loss Between Generated and Conditioned: 1737.0673
Epoch: 29, Loss: 0.1936
MSE Loss Between Generated and Conditioned: 1404.2123
Epoch: 30, Loss: 0.1989
MSE Loss Between Generated and Conditioned: 1504.8514
Epoch: 31, Loss: 0.1967
MSE Loss Between Generated and Conditioned: 1317.7972
Epoch: 32, Loss: 0.1924
MSE Loss Between Generated and Conditioned: 1389.4955
Epoch: 33, Loss: 0.1941
MSE Loss Between Generated and Conditioned: 1288.4750
Epoch: 34, Loss: 0.1943
MSE Loss Between Generated and Conditioned: 1372.9550
Epoch: 35, Loss: 0.1884
MSE Loss Between Generated and Conditioned: 967.1538
Epoch: 36, Loss: 0.1850
MSE Loss Between Generated and Conditioned: 1336.5740
Epoch: 37, Loss: 0.1842
MSE Loss Between Generated and Conditioned: 1549.3439
Epoch: 38, Loss: 0.1811
MSE Loss Between Generated and Conditioned: 1103.4237
Epoch: 39, Loss: 0.1862
MSE Loss Between Generated and Conditioned: 733.6617
Epoch: 40, Loss: 0.1753
MSE Loss Between Generated and Conditioned: 1154.2438
Epoch: 41, Loss: 0.1791
MSE Loss Between Generated and Conditioned: 558.0897
Epoch: 42, Loss: 0.1807
MSE Loss Between Generated and Conditioned: 853.2963
Epoch: 43, Loss: 0.1769
MSE Loss Between Generated and Conditioned: 543.7134
Epoch: 44, Loss: 0.1748
MSE Loss Between Generated and Conditioned: 676.3218
Epoch: 45, Loss: 0.1680
MSE Loss Between Generated and Conditioned: 638.3250
Epoch: 46, Loss: 0.1642
MSE Loss Between Generated and Conditioned: 455.4897
Epoch: 47, Loss: 0.1683
MSE Loss Between Generated and Conditioned: 354.6936
Epoch: 48, Loss: 0.1652
MSE Loss Between Generated and Conditioned: 359.8790
Epoch: 49, Loss: 0.1656
MSE Loss Between Generated and Conditioned: 327.6466
Epoch: 50, Loss: 0.1602
MSE Loss Between Generated and Conditioned: 469.6795
Epoch: 51, Loss: 0.1660
MSE Loss Between Generated and Conditioned: 432.3712
Epoch: 52, Loss: 0.1550
MSE Loss Between Generated and Conditioned: 238.5785
Epoch: 53, Loss: 0.1576
MSE Loss Between Generated and Conditioned: 285.6816
Epoch: 54, Loss: 0.1580
MSE Loss Between Generated and Conditioned: 303.3228
Epoch: 55, Loss: 0.1599
MSE Loss Between Generated and Conditioned: 210.7312
Epoch: 56, Loss: 0.1584
MSE Loss Between Generated and Conditioned: 253.5121
Epoch: 57, Loss: 0.1542
MSE Loss Between Generated and Conditioned: 201.0978
Epoch: 58, Loss: 0.1589
MSE Loss Between Generated and Conditioned: 95.0297
Epoch: 59, Loss: 0.1502
MSE Loss Between Generated and Conditioned: 202.5879
Epoch: 60, Loss: 0.1567
MSE Loss Between Generated and Conditioned: 114.6922
Epoch: 61, Loss: 0.1580
MSE Loss Between Generated and Conditioned: 164.3364
Epoch: 62, Loss: 0.1583
MSE Loss Between Generated and Conditioned: 111.3727
Epoch: 63, Loss: 0.1579
MSE Loss Between Generated and Conditioned: 270.6823
Epoch: 64, Loss: 0.1455
MSE Loss Between Generated and Conditioned: 126.4128
Epoch: 65, Loss: 0.1592
MSE Loss Between Generated and Conditioned: 165.1843
Epoch: 66, Loss: 0.1510
MSE Loss Between Generated and Conditioned: 155.7558
Epoch: 67, Loss: 0.1570
MSE Loss Between Generated and Conditioned: 53.1284
Epoch: 68, Loss: 0.1525
MSE Loss Between Generated and Conditioned: 83.9866
Epoch: 69, Loss: 0.1415
MSE Loss Between Generated and Conditioned: 95.2797
Epoch: 70, Loss: 0.1508
MSE Loss Between Generated and Conditioned: 92.6119
Epoch: 71, Loss: 0.1423
MSE Loss Between Generated and Conditioned: 79.5214
Epoch: 72, Loss: 0.1495
MSE Loss Between Generated and Conditioned: 61.3500
Epoch: 73, Loss: 0.1508
MSE Loss Between Generated and Conditioned: 84.7465
Epoch: 74, Loss: 0.1430
MSE Loss Between Generated and Conditioned: 100.3969
Epoch: 75, Loss: 0.1482
MSE Loss Between Generated and Conditioned: 67.1553
Epoch: 76, Loss: 0.1367
MSE Loss Between Generated and Conditioned: 87.2638
Epoch: 77, Loss: 0.1470
MSE Loss Between Generated and Conditioned: 49.7692
Epoch: 78, Loss: 0.1410
MSE Loss Between Generated and Conditioned: 50.5972
Epoch: 79, Loss: 0.1456
MSE Loss Between Generated and Conditioned: 33.5582
Epoch: 80, Loss: 0.1454
MSE Loss Between Generated and Conditioned: 42.8295
Epoch: 81, Loss: 0.1436
MSE Loss Between Generated and Conditioned: 50.6016
Epoch: 82, Loss: 0.1415
MSE Loss Between Generated and Conditioned: 95.3036
Epoch: 83, Loss: 0.1374
MSE Loss Between Generated and Conditioned: 30.0301
Epoch: 84, Loss: 0.1456
MSE Loss Between Generated and Conditioned: 39.3078
Epoch: 85, Loss: 0.1426
MSE Loss Between Generated and Conditioned: 44.1776
Epoch: 86, Loss: 0.1430
MSE Loss Between Generated and Conditioned: 45.5841
Epoch: 87, Loss: 0.1497
MSE Loss Between Generated and Conditioned: 20.6087
Epoch: 88, Loss: 0.1482
MSE Loss Between Generated and Conditioned: 21.0242
Epoch: 89, Loss: 0.1405
MSE Loss Between Generated and Conditioned: 29.4080
Epoch: 90, Loss: 0.1388
MSE Loss Between Generated and Conditioned: 32.8640
Epoch: 91, Loss: 0.1405
MSE Loss Between Generated and Conditioned: 10.1147
Epoch: 92, Loss: 0.1395
MSE Loss Between Generated and Conditioned: 21.8532
Epoch: 93, Loss: 0.1398
MSE Loss Between Generated and Conditioned: 32.1515
Epoch: 94, Loss: 0.1334
MSE Loss Between Generated and Conditioned: 26.8518
Epoch: 95, Loss: 0.1330
MSE Loss Between Generated and Conditioned: 31.1976
Epoch: 96, Loss: 0.1266
MSE Loss Between Generated and Conditioned: 21.7872
Epoch: 97, Loss: 0.1361
MSE Loss Between Generated and Conditioned: 26.7015
Epoch: 98, Loss: 0.1297
MSE Loss Between Generated and Conditioned: 24.6357
Epoch: 99, Loss: 0.1328
MSE Loss Between Generated and Conditioned: 29.4187
Epoch: 100, Loss: 0.1307
MSE Loss Between Generated and Conditioned: 25.6661
Epoch: 101, Loss: 0.1273
MSE Loss Between Generated and Conditioned: 22.2641
Epoch: 102, Loss: 0.1376
MSE Loss Between Generated and Conditioned: 31.5665
Epoch: 103, Loss: 0.1314
MSE Loss Between Generated and Conditioned: 25.5037
Epoch: 104, Loss: 0.1306
MSE Loss Between Generated and Conditioned: 18.9917
Epoch: 105, Loss: 0.1350
MSE Loss Between Generated and Conditioned: 21.1837
Epoch: 106, Loss: 0.1317
MSE Loss Between Generated and Conditioned: 25.4110
Epoch: 107, Loss: 0.1328
MSE Loss Between Generated and Conditioned: 23.6870
Epoch: 108, Loss: 0.1353
MSE Loss Between Generated and Conditioned: 31.2035
Epoch: 109, Loss: 0.1327
MSE Loss Between Generated and Conditioned: 23.3444
Epoch: 110, Loss: 0.1399
MSE Loss Between Generated and Conditioned: 18.2335
Epoch: 111, Loss: 0.1346
MSE Loss Between Generated and Conditioned: 23.7513
Epoch: 112, Loss: 0.1230
MSE Loss Between Generated and Conditioned: 25.4647
Epoch: 113, Loss: 0.1310
MSE Loss Between Generated and Conditioned: 32.7657
Epoch: 114, Loss: 0.1306
MSE Loss Between Generated and Conditioned: 26.3821
Epoch: 115, Loss: 0.1348
MSE Loss Between Generated and Conditioned: 23.2320
Epoch: 116, Loss: 0.1271
MSE Loss Between Generated and Conditioned: 20.6665
Epoch: 117, Loss: 0.1297
MSE Loss Between Generated and Conditioned: 19.5247
Epoch: 118, Loss: 0.1283
MSE Loss Between Generated and Conditioned: 24.3241
Epoch: 119, Loss: 0.1202
MSE Loss Between Generated and Conditioned: 19.2407
Epoch: 120, Loss: 0.1303
MSE Loss Between Generated and Conditioned: 29.5963
Epoch: 121, Loss: 0.1250
MSE Loss Between Generated and Conditioned: 23.0736
Epoch: 122, Loss: 0.1269
MSE Loss Between Generated and Conditioned: 23.0359
Epoch: 123, Loss: 0.1214
MSE Loss Between Generated and Conditioned: 29.9368
Epoch: 124, Loss: 0.1295
MSE Loss Between Generated and Conditioned: 22.7946
Epoch: 125, Loss: 0.1330
MSE Loss Between Generated and Conditioned: 27.0879
Epoch: 126, Loss: 0.1363
MSE Loss Between Generated and Conditioned: 28.7212
Epoch: 127, Loss: 0.1325
MSE Loss Between Generated and Conditioned: 21.8799
Epoch: 128, Loss: 0.1311
MSE Loss Between Generated and Conditioned: 24.0320
Epoch: 129, Loss: 0.1258
MSE Loss Between Generated and Conditioned: 26.2181
Epoch: 130, Loss: 0.1347
MSE Loss Between Generated and Conditioned: 22.5776
Epoch: 131, Loss: 0.1325
MSE Loss Between Generated and Conditioned: 27.3380
Epoch: 132, Loss: 0.1332
MSE Loss Between Generated and Conditioned: 20.9621
Epoch: 133, Loss: 0.1222
MSE Loss Between Generated and Conditioned: 23.0083
Epoch: 134, Loss: 0.1210
MSE Loss Between Generated and Conditioned: 30.8064
Epoch: 135, Loss: 0.1300
MSE Loss Between Generated and Conditioned: 22.1704
Epoch: 136, Loss: 0.1249
MSE Loss Between Generated and Conditioned: 17.8010
Epoch: 137, Loss: 0.1338
MSE Loss Between Generated and Conditioned: 22.7747
Epoch: 138, Loss: 0.1282
MSE Loss Between Generated and Conditioned: 25.0540
Epoch: 139, Loss: 0.1271
MSE Loss Between Generated and Conditioned: 19.7631
Epoch: 140, Loss: 0.1328
MSE Loss Between Generated and Conditioned: 29.6532
Epoch: 141, Loss: 0.1323
MSE Loss Between Generated and Conditioned: 18.3880
Epoch: 142, Loss: 0.1361
MSE Loss Between Generated and Conditioned: 18.4747
Epoch: 143, Loss: 0.1275
MSE Loss Between Generated and Conditioned: 25.5972
Epoch: 144, Loss: 0.1334
MSE Loss Between Generated and Conditioned: 29.1355
Epoch: 145, Loss: 0.1242
MSE Loss Between Generated and Conditioned: 23.7681
Epoch: 146, Loss: 0.1296
MSE Loss Between Generated and Conditioned: 24.3157
Epoch: 147, Loss: 0.1283
MSE Loss Between Generated and Conditioned: 22.4873
Epoch: 148, Loss: 0.1286
MSE Loss Between Generated and Conditioned: 36.6277
Epoch: 149, Loss: 0.1334
MSE Loss Between Generated and Conditioned: 25.8711
Epoch: 150, Loss: 0.1287
MSE Loss Between Generated and Conditioned: 24.6764
Epoch: 151, Loss: 0.1300
MSE Loss Between Generated and Conditioned: 21.3338
Epoch: 152, Loss: 0.1264
MSE Loss Between Generated and Conditioned: 21.0259
Epoch: 153, Loss: 0.1309
MSE Loss Between Generated and Conditioned: 27.7274
Epoch: 154, Loss: 0.1308
MSE Loss Between Generated and Conditioned: 22.8252
Epoch: 155, Loss: 0.1272
MSE Loss Between Generated and Conditioned: 24.3575
Epoch: 156, Loss: 0.1315
MSE Loss Between Generated and Conditioned: 25.6427
Epoch: 157, Loss: 0.1309
MSE Loss Between Generated and Conditioned: 27.3999
Epoch: 158, Loss: 0.1299
MSE Loss Between Generated and Conditioned: 20.2975
Epoch: 159, Loss: 0.1302
MSE Loss Between Generated and Conditioned: 22.5620
Epoch: 160, Loss: 0.1266
MSE Loss Between Generated and Conditioned: 27.0866
Epoch: 161, Loss: 0.1327
MSE Loss Between Generated and Conditioned: 21.3368
Epoch: 162, Loss: 0.1290
MSE Loss Between Generated and Conditioned: 26.2196
Epoch: 163, Loss: 0.1292
MSE Loss Between Generated and Conditioned: 23.3045
Epoch: 164, Loss: 0.1328
MSE Loss Between Generated and Conditioned: 28.1743
Epoch: 165, Loss: 0.1304
MSE Loss Between Generated and Conditioned: 23.1358
Epoch: 166, Loss: 0.1238
MSE Loss Between Generated and Conditioned: 18.2989
Epoch: 167, Loss: 0.1331
MSE Loss Between Generated and Conditioned: 21.0594
Epoch: 168, Loss: 0.1334
MSE Loss Between Generated and Conditioned: 25.0187
Epoch: 169, Loss: 0.1325
MSE Loss Between Generated and Conditioned: 33.8245
Epoch: 170, Loss: 0.1293
MSE Loss Between Generated and Conditioned: 16.9161
Epoch: 171, Loss: 0.1257
MSE Loss Between Generated and Conditioned: 26.5390
Epoch: 172, Loss: 0.1317
MSE Loss Between Generated and Conditioned: 30.5128
Epoch: 173, Loss: 0.1347
MSE Loss Between Generated and Conditioned: 34.6248
Epoch: 174, Loss: 0.1288
MSE Loss Between Generated and Conditioned: 16.8084
Epoch: 175, Loss: 0.1327
MSE Loss Between Generated and Conditioned: 30.9473
Epoch: 176, Loss: 0.1319
MSE Loss Between Generated and Conditioned: 32.4642
Epoch: 177, Loss: 0.1312
MSE Loss Between Generated and Conditioned: 31.5466
Epoch: 178, Loss: 0.1312
MSE Loss Between Generated and Conditioned: 16.1695
Epoch: 179, Loss: 0.1327
MSE Loss Between Generated and Conditioned: 28.8145
Epoch: 180, Loss: 0.1290
MSE Loss Between Generated and Conditioned: 25.8504
Epoch: 181, Loss: 0.1244
MSE Loss Between Generated and Conditioned: 21.7644
Epoch: 182, Loss: 0.1331
MSE Loss Between Generated and Conditioned: 32.5067
Epoch: 183, Loss: 0.1374
MSE Loss Between Generated and Conditioned: 23.5554
Epoch: 184, Loss: 0.1372
MSE Loss Between Generated and Conditioned: 19.0594
Epoch: 185, Loss: 0.1190
MSE Loss Between Generated and Conditioned: 33.8261
Epoch: 186, Loss: 0.1386
MSE Loss Between Generated and Conditioned: 26.4942
Epoch: 187, Loss: 0.1256
MSE Loss Between Generated and Conditioned: 26.1603
Epoch: 188, Loss: 0.1275
MSE Loss Between Generated and Conditioned: 29.5110
Epoch: 189, Loss: 0.1317
MSE Loss Between Generated and Conditioned: 30.0867
Epoch: 190, Loss: 0.1247
MSE Loss Between Generated and Conditioned: 19.4534
Epoch: 191, Loss: 0.1328
MSE Loss Between Generated and Conditioned: 19.5420
Epoch: 192, Loss: 0.1241
MSE Loss Between Generated and Conditioned: 26.0039
Epoch: 193, Loss: 0.1327
MSE Loss Between Generated and Conditioned: 17.0035
Epoch: 194, Loss: 0.1266
MSE Loss Between Generated and Conditioned: 23.3472
Epoch: 195, Loss: 0.1331
MSE Loss Between Generated and Conditioned: 20.9719
Epoch: 196, Loss: 0.1197
MSE Loss Between Generated and Conditioned: 20.0761
Epoch: 197, Loss: 0.1290
MSE Loss Between Generated and Conditioned: 28.5797
Epoch: 198, Loss: 0.1251
MSE Loss Between Generated and Conditioned: 24.0170
Epoch: 199, Loss: 0.1279
MSE Loss Between Generated and Conditioned: 28.4167
Epoch: 200, Loss: 0.1332
MSE Loss Between Generated and Conditioned: 20.6661
Epoch: 201, Loss: 0.1329
MSE Loss Between Generated and Conditioned: 21.6660
Epoch: 202, Loss: 0.1321
MSE Loss Between Generated and Conditioned: 22.3344
Epoch: 203, Loss: 0.1321
MSE Loss Between Generated and Conditioned: 20.0132
Epoch: 204, Loss: 0.1256
MSE Loss Between Generated and Conditioned: 22.8080
Epoch: 205, Loss: 0.1290
MSE Loss Between Generated and Conditioned: 26.6780
Epoch: 206, Loss: 0.1330
MSE Loss Between Generated and Conditioned: 19.0400
Epoch: 207, Loss: 0.1360
MSE Loss Between Generated and Conditioned: 21.0906
Epoch: 208, Loss: 0.1283
MSE Loss Between Generated and Conditioned: 27.4045
Epoch: 209, Loss: 0.1302
MSE Loss Between Generated and Conditioned: 18.6831
Epoch: 210, Loss: 0.1303
MSE Loss Between Generated and Conditioned: 28.1539
Epoch: 211, Loss: 0.1324
MSE Loss Between Generated and Conditioned: 25.5939
Epoch: 212, Loss: 0.1243
MSE Loss Between Generated and Conditioned: 22.6505
Epoch: 213, Loss: 0.1297
MSE Loss Between Generated and Conditioned: 26.7237
Epoch: 214, Loss: 0.1284
MSE Loss Between Generated and Conditioned: 24.2053
Epoch: 215, Loss: 0.1291
MSE Loss Between Generated and Conditioned: 18.5426
Epoch: 216, Loss: 0.1260
MSE Loss Between Generated and Conditioned: 24.8738
Epoch: 217, Loss: 0.1318
MSE Loss Between Generated and Conditioned: 17.9782
Epoch: 218, Loss: 0.1258
MSE Loss Between Generated and Conditioned: 26.2785
Epoch: 219, Loss: 0.1362
MSE Loss Between Generated and Conditioned: 24.4772
Epoch: 220, Loss: 0.1309
MSE Loss Between Generated and Conditioned: 23.9172
Epoch: 221, Loss: 0.1317
MSE Loss Between Generated and Conditioned: 23.4039
Epoch: 222, Loss: 0.1284
MSE Loss Between Generated and Conditioned: 20.4271
Epoch: 223, Loss: 0.1313
MSE Loss Between Generated and Conditioned: 19.0883
Epoch: 224, Loss: 0.1421
MSE Loss Between Generated and Conditioned: 44.9943
Epoch: 225, Loss: 0.1318
MSE Loss Between Generated and Conditioned: 21.2789
Epoch: 226, Loss: 0.1419
MSE Loss Between Generated and Conditioned: 18.5449
Epoch: 227, Loss: 0.1284
MSE Loss Between Generated and Conditioned: 24.4137
Epoch: 228, Loss: 0.1277
MSE Loss Between Generated and Conditioned: 26.0468
Epoch: 229, Loss: 0.1364
MSE Loss Between Generated and Conditioned: 31.3617
Epoch: 230, Loss: 0.1285
MSE Loss Between Generated and Conditioned: 20.2308
Epoch: 231, Loss: 0.1351
MSE Loss Between Generated and Conditioned: 23.4740
Epoch: 232, Loss: 0.1316
MSE Loss Between Generated and Conditioned: 24.4822
Epoch: 233, Loss: 0.1269
MSE Loss Between Generated and Conditioned: 19.0780
Epoch: 234, Loss: 0.1253
MSE Loss Between Generated and Conditioned: 23.8210
Epoch: 235, Loss: 0.1309
MSE Loss Between Generated and Conditioned: 22.7273
Epoch: 236, Loss: 0.1305
MSE Loss Between Generated and Conditioned: 22.4528
Epoch: 237, Loss: 0.1270
MSE Loss Between Generated and Conditioned: 30.2428
Epoch: 238, Loss: 0.1331
MSE Loss Between Generated and Conditioned: 24.4653
Epoch: 239, Loss: 0.1280
MSE Loss Between Generated and Conditioned: 27.7096
Epoch: 240, Loss: 0.1306
MSE Loss Between Generated and Conditioned: 17.3280
Epoch: 241, Loss: 0.1330
MSE Loss Between Generated and Conditioned: 19.5733
Epoch: 242, Loss: 0.1318
MSE Loss Between Generated and Conditioned: 28.1893
Epoch: 243, Loss: 0.1323
MSE Loss Between Generated and Conditioned: 28.4313
Epoch: 244, Loss: 0.1309
MSE Loss Between Generated and Conditioned: 26.3399
Epoch: 245, Loss: 0.1252
MSE Loss Between Generated and Conditioned: 27.3356
Epoch: 246, Loss: 0.1307
MSE Loss Between Generated and Conditioned: 19.3780
Epoch: 247, Loss: 0.1305
MSE Loss Between Generated and Conditioned: 27.7965
Epoch: 248, Loss: 0.1282
MSE Loss Between Generated and Conditioned: 18.6726
Epoch: 249, Loss: 0.1263
MSE Loss Between Generated and Conditioned: 20.9652
Epoch: 250, Loss: 0.1357
MSE Loss Between Generated and Conditioned: 19.8649
Epoch: 251, Loss: 0.1343
MSE Loss Between Generated and Conditioned: 30.8292
Epoch: 252, Loss: 0.1298
MSE Loss Between Generated and Conditioned: 21.0540
Epoch: 253, Loss: 0.1310
MSE Loss Between Generated and Conditioned: 25.7067
Epoch: 254, Loss: 0.1314
MSE Loss Between Generated and Conditioned: 27.7585
Epoch: 255, Loss: 0.1262
MSE Loss Between Generated and Conditioned: 33.6402
Epoch: 256, Loss: 0.1317
MSE Loss Between Generated and Conditioned: 31.0674
Epoch: 257, Loss: 0.1330
MSE Loss Between Generated and Conditioned: 30.4595
Epoch: 258, Loss: 0.1274
MSE Loss Between Generated and Conditioned: 34.2223
Epoch: 259, Loss: 0.1324
MSE Loss Between Generated and Conditioned: 23.2425
Epoch: 260, Loss: 0.1298
MSE Loss Between Generated and Conditioned: 23.6168
Epoch: 261, Loss: 0.1320
MSE Loss Between Generated and Conditioned: 18.0915
Epoch: 262, Loss: 0.1273
MSE Loss Between Generated and Conditioned: 37.7534
Epoch: 263, Loss: 0.1294
MSE Loss Between Generated and Conditioned: 22.6642
Epoch: 264, Loss: 0.1311
MSE Loss Between Generated and Conditioned: 20.5086
Epoch: 265, Loss: 0.1326
MSE Loss Between Generated and Conditioned: 21.0782
Epoch: 266, Loss: 0.1297
MSE Loss Between Generated and Conditioned: 18.6806
Epoch: 267, Loss: 0.1257
MSE Loss Between Generated and Conditioned: 21.2409
Epoch: 268, Loss: 0.1287
MSE Loss Between Generated and Conditioned: 23.8312
Epoch: 269, Loss: 0.1365
MSE Loss Between Generated and Conditioned: 32.5722
Epoch: 270, Loss: 0.1331
MSE Loss Between Generated and Conditioned: 27.7864
Epoch: 271, Loss: 0.1295
MSE Loss Between Generated and Conditioned: 26.2655
Epoch: 272, Loss: 0.1285
MSE Loss Between Generated and Conditioned: 25.4574
Epoch: 273, Loss: 0.1241
MSE Loss Between Generated and Conditioned: 26.2715
Epoch: 274, Loss: 0.1261
MSE Loss Between Generated and Conditioned: 31.0061
Epoch: 275, Loss: 0.1248
MSE Loss Between Generated and Conditioned: 25.6859
Epoch: 276, Loss: 0.1308
MSE Loss Between Generated and Conditioned: 20.0196
Epoch: 277, Loss: 0.1219
MSE Loss Between Generated and Conditioned: 30.7584
Epoch: 278, Loss: 0.1283
MSE Loss Between Generated and Conditioned: 36.4132
Epoch: 279, Loss: 0.1239
MSE Loss Between Generated and Conditioned: 34.1712
Epoch: 280, Loss: 0.1288
MSE Loss Between Generated and Conditioned: 20.0080
Epoch: 281, Loss: 0.1298
MSE Loss Between Generated and Conditioned: 16.8606
Epoch: 282, Loss: 0.1329
MSE Loss Between Generated and Conditioned: 16.9255
Epoch: 283, Loss: 0.1340
MSE Loss Between Generated and Conditioned: 20.1461
Epoch: 284, Loss: 0.1303
MSE Loss Between Generated and Conditioned: 28.9015
Epoch: 285, Loss: 0.1320
MSE Loss Between Generated and Conditioned: 22.5442
Epoch: 286, Loss: 0.1277
MSE Loss Between Generated and Conditioned: 17.4341
Epoch: 287, Loss: 0.1296
MSE Loss Between Generated and Conditioned: 27.1208
Epoch: 288, Loss: 0.1254
MSE Loss Between Generated and Conditioned: 26.1060
Epoch: 289, Loss: 0.1273
MSE Loss Between Generated and Conditioned: 29.3193
Epoch: 290, Loss: 0.1256
MSE Loss Between Generated and Conditioned: 25.1730
Epoch: 291, Loss: 0.1280
MSE Loss Between Generated and Conditioned: 28.3010
Epoch: 292, Loss: 0.1305
MSE Loss Between Generated and Conditioned: 23.5641
Epoch: 293, Loss: 0.1288
MSE Loss Between Generated and Conditioned: 23.7085
Epoch: 294, Loss: 0.1311
MSE Loss Between Generated and Conditioned: 20.7236
Epoch: 295, Loss: 0.1263
MSE Loss Between Generated and Conditioned: 19.2723
Epoch: 296, Loss: 0.1393
MSE Loss Between Generated and Conditioned: 18.4875
Epoch: 297, Loss: 0.1310
MSE Loss Between Generated and Conditioned: 18.8985
Epoch: 298, Loss: 0.1369
MSE Loss Between Generated and Conditioned: 23.4137
Epoch: 299, Loss: 0.1284
/homes/nb324/Documents/masters_project_encoder_sparse_data_robust_imp_dec/latent_diffusion_model_conditional_attn/latent_model_main.py:68: UserWarning: No artists with labels found to put in legend.  Note that artists whose label start with an underscore are ignored when legend() is called with no argument.
  plt.legend()
Traceback (most recent call last):
  File "/homes/nb324/Documents/masters_project_encoder_sparse_data_robust_imp_dec/simclr_decoder_larger_specific_decoder_first_idea/main.py", line 120, in <module>
    main()
  File "/homes/nb324/Documents/masters_project_encoder_sparse_data_robust_imp_dec/simclr_decoder_larger_specific_decoder_first_idea/main.py", line 104, in main
    downstream_task_latent_diffusion_conditional_attn(num_epochs=300, data=test_data, model_encoder=model_decoder.model.encoder, model_decoder=model_decoder.decoder)
  File "/homes/nb324/Documents/masters_project_encoder_sparse_data_robust_imp_dec/latent_diffusion_model_conditional_attn/latent_model_main.py", line 73, in downstream_task
    plt.plot(epochs, train_losses)
  File "/vol/bitbucket/nb324/masters_project/.venv/lib/python3.12/site-packages/matplotlib/pyplot.py", line 3827, in plot
    return gca().plot(
           ^^^^^^^^^^^
  File "/vol/bitbucket/nb324/masters_project/.venv/lib/python3.12/site-packages/matplotlib/axes/_axes.py", line 1777, in plot
    lines = [*self._get_lines(self, *args, data=data, **kwargs)]
            ^^^^^^^^^^^^^^^^^^^^^^^^^^^^^^^^^^^^^^^^^^^^^^^^^^^^
  File "/vol/bitbucket/nb324/masters_project/.venv/lib/python3.12/site-packages/matplotlib/axes/_base.py", line 297, in __call__
    yield from self._plot_args(
               ^^^^^^^^^^^^^^^^
  File "/vol/bitbucket/nb324/masters_project/.venv/lib/python3.12/site-packages/matplotlib/axes/_base.py", line 494, in _plot_args
    raise ValueError(f"x and y must have same first dimension, but "
ValueError: x and y must have same first dimension, but have shapes (1,) and (44,)
