nohup: ignoring input
torch.Size([14031, 5, 64, 32])
torch.Size([4677, 5, 64, 32])
torch.Size([4678, 5, 64, 32])
Shape: (5, 144, 72)
Epoch: 0, Train Loss = 0.63, Valid loss = 0.44, lr = 0.00100
Epoch: 1, Train Loss = 0.39, Valid loss = 0.38, lr = 0.00100
Epoch: 2, Train Loss = 0.36, Valid loss = 0.36, lr = 0.00100
Epoch: 3, Train Loss = 0.35, Valid loss = 0.35, lr = 0.00100
Epoch: 4, Train Loss = 0.34, Valid loss = 0.34, lr = 0.00100
Epoch: 5, Train Loss = 0.33, Valid loss = 0.33, lr = 0.00100
Epoch: 6, Train Loss = 0.31, Valid loss = 0.31, lr = 0.00100
Epoch: 7, Train Loss = 0.29, Valid loss = 0.29, lr = 0.00100
Epoch: 8, Train Loss = 0.27, Valid loss = 0.27, lr = 0.00100
Epoch: 9, Train Loss = 0.25, Valid loss = 0.24, lr = 0.00100
Epoch: 10, Train Loss = 0.23, Valid loss = 0.23, lr = 0.00100
Epoch: 11, Train Loss = 0.22, Valid loss = 0.22, lr = 0.00100
Epoch: 12, Train Loss = 0.20, Valid loss = 0.20, lr = 0.00100
Epoch: 13, Train Loss = 0.19, Valid loss = 0.19, lr = 0.00100
Epoch: 14, Train Loss = 0.18, Valid loss = 0.18, lr = 0.00100
Epoch: 15, Train Loss = 0.17, Valid loss = 0.17, lr = 0.00100
Epoch: 16, Train Loss = 0.16, Valid loss = 0.16, lr = 0.00100
Epoch: 17, Train Loss = 0.15, Valid loss = 0.16, lr = 0.00100
Epoch: 18, Train Loss = 0.15, Valid loss = 0.15, lr = 0.00100
Epoch: 19, Train Loss = 0.14, Valid loss = 0.15, lr = 0.00100
Epoch: 20, Train Loss = 0.14, Valid loss = 0.14, lr = 0.00100
Epoch: 21, Train Loss = 0.13, Valid loss = 0.14, lr = 0.00100
Epoch: 22, Train Loss = 0.13, Valid loss = 0.14, lr = 0.00100
Epoch: 23, Train Loss = 0.13, Valid loss = 0.13, lr = 0.00100
Epoch: 24, Train Loss = 0.12, Valid loss = 0.13, lr = 0.00100
Epoch: 25, Train Loss = 0.12, Valid loss = 0.13, lr = 0.00100
Epoch: 26, Train Loss = 0.12, Valid loss = 0.13, lr = 0.00100
Epoch: 27, Train Loss = 0.12, Valid loss = 0.12, lr = 0.00100
Epoch: 28, Train Loss = 0.11, Valid loss = 0.12, lr = 0.00100
Epoch: 29, Train Loss = 0.11, Valid loss = 0.12, lr = 0.00100
Epoch: 30, Train Loss = 0.11, Valid loss = 0.12, lr = 0.00100
Epoch: 31, Train Loss = 0.11, Valid loss = 0.12, lr = 0.00100
Epoch: 32, Train Loss = 0.11, Valid loss = 0.11, lr = 0.00100
Epoch: 33, Train Loss = 0.10, Valid loss = 0.11, lr = 0.00100
Epoch: 34, Train Loss = 0.10, Valid loss = 0.11, lr = 0.00100
Epoch: 35, Train Loss = 0.10, Valid loss = 0.11, lr = 0.00100
Epoch: 36, Train Loss = 0.10, Valid loss = 0.11, lr = 0.00100
Epoch: 37, Train Loss = 0.10, Valid loss = 0.11, lr = 0.00100
Epoch: 38, Train Loss = 0.10, Valid loss = 0.10, lr = 0.00100
Epoch: 39, Train Loss = 0.10, Valid loss = 0.10, lr = 0.00100
Epoch: 40, Train Loss = 0.09, Valid loss = 0.10, lr = 0.00100
Epoch: 41, Train Loss = 0.09, Valid loss = 0.10, lr = 0.00100
Epoch: 42, Train Loss = 0.09, Valid loss = 0.10, lr = 0.00100
Epoch: 43, Train Loss = 0.09, Valid loss = 0.10, lr = 0.00100
Epoch: 44, Train Loss = 0.09, Valid loss = 0.10, lr = 0.00100
Epoch: 45, Train Loss = 0.09, Valid loss = 0.10, lr = 0.00100
Epoch: 46, Train Loss = 0.09, Valid loss = 0.10, lr = 0.00100
Epoch: 47, Train Loss = 0.09, Valid loss = 0.10, lr = 0.00100
Epoch: 48, Train Loss = 0.09, Valid loss = 0.10, lr = 0.00100
Epoch: 49, Train Loss = 0.09, Valid loss = 0.09, lr = 0.00100
Epoch: 50, Train Loss = 0.08, Valid loss = 0.10, lr = 0.00100
Epoch: 51, Train Loss = 0.08, Valid loss = 0.09, lr = 0.00100
Epoch: 52, Train Loss = 0.08, Valid loss = 0.09, lr = 0.00100
Epoch: 53, Train Loss = 0.08, Valid loss = 0.09, lr = 0.00100
Epoch: 54, Train Loss = 0.08, Valid loss = 0.09, lr = 0.00100
Epoch: 55, Train Loss = 0.08, Valid loss = 0.09, lr = 0.00100
Epoch: 56, Train Loss = 0.08, Valid loss = 0.09, lr = 0.00100
Epoch: 57, Train Loss = 0.08, Valid loss = 0.09, lr = 0.00100
Epoch: 58, Train Loss = 0.08, Valid loss = 0.09, lr = 0.00100
Epoch: 59, Train Loss = 0.08, Valid loss = 0.09, lr = 0.00100
Epoch: 60, Train Loss = 0.08, Valid loss = 0.09, lr = 0.00100
Epoch: 61, Train Loss = 0.08, Valid loss = 0.09, lr = 0.00100
Epoch: 62, Train Loss = 0.08, Valid loss = 0.09, lr = 0.00100
Epoch: 63, Train Loss = 0.08, Valid loss = 0.09, lr = 0.00100
Epoch: 64, Train Loss = 0.08, Valid loss = 0.09, lr = 0.00100
Epoch: 65, Train Loss = 0.08, Valid loss = 0.09, lr = 0.00100
Epoch: 66, Train Loss = 0.08, Valid loss = 0.09, lr = 0.00100
Epoch: 67, Train Loss = 0.07, Valid loss = 0.09, lr = 0.00100
Epoch: 68, Train Loss = 0.07, Valid loss = 0.09, lr = 0.00100
Epoch: 69, Train Loss = 0.07, Valid loss = 0.08, lr = 0.00100
Epoch: 70, Train Loss = 0.07, Valid loss = 0.09, lr = 0.00100
Epoch: 71, Train Loss = 0.07, Valid loss = 0.09, lr = 0.00100
Epoch: 72, Train Loss = 0.07, Valid loss = 0.08, lr = 0.00100
Epoch: 73, Train Loss = 0.07, Valid loss = 0.08, lr = 0.00100
Epoch: 74, Train Loss = 0.07, Valid loss = 0.08, lr = 0.00100
Epoch: 75, Train Loss = 0.07, Valid loss = 0.08, lr = 0.00100
Epoch: 76, Train Loss = 0.07, Valid loss = 0.08, lr = 0.00100
Epoch: 77, Train Loss = 0.07, Valid loss = 0.08, lr = 0.00100
Epoch: 78, Train Loss = 0.07, Valid loss = 0.08, lr = 0.00100
Epoch: 79, Train Loss = 0.07, Valid loss = 0.08, lr = 0.00100
Epoch: 80, Train Loss = 0.07, Valid loss = 0.08, lr = 0.00100
Epoch: 81, Train Loss = 0.07, Valid loss = 0.08, lr = 0.00100
Epoch: 82, Train Loss = 0.07, Valid loss = 0.08, lr = 0.00100
Epoch: 83, Train Loss = 0.07, Valid loss = 0.08, lr = 0.00100
Epoch: 84, Train Loss = 0.07, Valid loss = 0.08, lr = 0.00100
Epoch: 85, Train Loss = 0.07, Valid loss = 0.08, lr = 0.00100
Epoch: 86, Train Loss = 0.07, Valid loss = 0.08, lr = 0.00100
Epoch: 87, Train Loss = 0.07, Valid loss = 0.08, lr = 0.00100
Epoch: 88, Train Loss = 0.07, Valid loss = 0.08, lr = 0.00100
Epoch: 89, Train Loss = 0.07, Valid loss = 0.08, lr = 0.00100
Epoch: 90, Train Loss = 0.07, Valid loss = 0.08, lr = 0.00100
Epoch: 91, Train Loss = 0.07, Valid loss = 0.08, lr = 0.00100
Epoch: 92, Train Loss = 0.07, Valid loss = 0.08, lr = 0.00100
Epoch: 93, Train Loss = 0.07, Valid loss = 0.08, lr = 0.00100
Epoch: 94, Train Loss = 0.06, Valid loss = 0.08, lr = 0.00100
Epoch: 95, Train Loss = 0.06, Valid loss = 0.08, lr = 0.00100
Epoch: 96, Train Loss = 0.06, Valid loss = 0.08, lr = 0.00100
Epoch: 97, Train Loss = 0.06, Valid loss = 0.08, lr = 0.00100
Epoch: 98, Train Loss = 0.06, Valid loss = 0.08, lr = 0.00100
Epoch: 99, Train Loss = 0.06, Valid loss = 0.08, lr = 0.00100
Epoch: 100, Train Loss = 0.06, Valid loss = 0.08, lr = 0.00100
Epoch: 101, Train Loss = 0.06, Valid loss = 0.08, lr = 0.00100
Epoch: 102, Train Loss = 0.06, Valid loss = 0.08, lr = 0.00100
Epoch: 103, Train Loss = 0.06, Valid loss = 0.08, lr = 0.00100
Epoch: 104, Train Loss = 0.06, Valid loss = 0.08, lr = 0.00100
Epoch: 105, Train Loss = 0.06, Valid loss = 0.08, lr = 0.00100
Epoch: 106, Train Loss = 0.06, Valid loss = 0.08, lr = 0.00100
Epoch: 107, Train Loss = 0.06, Valid loss = 0.08, lr = 0.00100
Epoch: 108, Train Loss = 0.06, Valid loss = 0.08, lr = 0.00100
Epoch: 109, Train Loss = 0.06, Valid loss = 0.08, lr = 0.00100
Epoch: 110, Train Loss = 0.06, Valid loss = 0.08, lr = 0.00100
Epoch: 111, Train Loss = 0.06, Valid loss = 0.08, lr = 0.00100
Epoch: 112, Train Loss = 0.06, Valid loss = 0.08, lr = 0.00100
Epoch: 113, Train Loss = 0.06, Valid loss = 0.08, lr = 0.00100
Epoch: 114, Train Loss = 0.06, Valid loss = 0.08, lr = 0.00100
Epoch: 115, Train Loss = 0.06, Valid loss = 0.08, lr = 0.00100
Epoch: 116, Train Loss = 0.06, Valid loss = 0.08, lr = 0.00100
Epoch: 117, Train Loss = 0.06, Valid loss = 0.08, lr = 0.00100
Epoch: 118, Train Loss = 0.06, Valid loss = 0.08, lr = 0.00100
Epoch: 119, Train Loss = 0.06, Valid loss = 0.08, lr = 0.00100
Epoch: 120, Train Loss = 0.06, Valid loss = 0.08, lr = 0.00100
Epoch: 121, Train Loss = 0.06, Valid loss = 0.08, lr = 0.00100
Epoch: 122, Train Loss = 0.06, Valid loss = 0.08, lr = 0.00100
Epoch: 123, Train Loss = 0.06, Valid loss = 0.08, lr = 0.00100
Epoch: 124, Train Loss = 0.06, Valid loss = 0.08, lr = 0.00100
Epoch: 125, Train Loss = 0.06, Valid loss = 0.08, lr = 0.00100
Epoch: 126, Train Loss = 0.06, Valid loss = 0.08, lr = 0.00100
Epoch: 127, Train Loss = 0.06, Valid loss = 0.08, lr = 0.00100
Epoch: 128, Train Loss = 0.06, Valid loss = 0.08, lr = 0.00100
Epoch: 129, Train Loss = 0.06, Valid loss = 0.08, lr = 0.00100
Epoch: 130, Train Loss = 0.06, Valid loss = 0.08, lr = 0.00100
Epoch: 131, Train Loss = 0.06, Valid loss = 0.08, lr = 0.00100
Epoch: 132, Train Loss = 0.06, Valid loss = 0.07, lr = 0.00100
Epoch: 133, Train Loss = 0.06, Valid loss = 0.08, lr = 0.00100
Epoch: 134, Train Loss = 0.06, Valid loss = 0.08, lr = 0.00100
Epoch: 135, Train Loss = 0.06, Valid loss = 0.08, lr = 0.00100
Epoch: 136, Train Loss = 0.06, Valid loss = 0.08, lr = 0.00100
Epoch: 137, Train Loss = 0.06, Valid loss = 0.08, lr = 0.00100
Epoch: 138, Train Loss = 0.06, Valid loss = 0.08, lr = 0.00100
Epoch: 139, Train Loss = 0.06, Valid loss = 0.08, lr = 0.00100
Epoch: 140, Train Loss = 0.06, Valid loss = 0.07, lr = 0.00100
Epoch: 141, Train Loss = 0.05, Valid loss = 0.08, lr = 0.00100
Epoch: 142, Train Loss = 0.06, Valid loss = 0.08, lr = 0.00100
Epoch: 143, Train Loss = 0.05, Valid loss = 0.08, lr = 0.00100
Epoch: 144, Train Loss = 0.05, Valid loss = 0.07, lr = 0.00100
Epoch: 145, Train Loss = 0.05, Valid loss = 0.08, lr = 0.00100
Epoch: 146, Train Loss = 0.05, Valid loss = 0.08, lr = 0.00100
Epoch: 147, Train Loss = 0.05, Valid loss = 0.07, lr = 0.00100
Epoch: 148, Train Loss = 0.05, Valid loss = 0.08, lr = 0.00100
Epoch: 149, Train Loss = 0.05, Valid loss = 0.07, lr = 0.00100
Epoch: 150, Train Loss = 0.05, Valid loss = 0.08, lr = 0.00100
Epoch: 151, Train Loss = 0.05, Valid loss = 0.08, lr = 0.00100
Epoch: 152, Train Loss = 0.05, Valid loss = 0.07, lr = 0.00100
Epoch: 153, Train Loss = 0.05, Valid loss = 0.07, lr = 0.00100
Epoch: 154, Train Loss = 0.05, Valid loss = 0.07, lr = 0.00100
Epoch: 155, Train Loss = 0.05, Valid loss = 0.07, lr = 0.00100
Epoch: 156, Train Loss = 0.05, Valid loss = 0.07, lr = 0.00100
Epoch: 157, Train Loss = 0.05, Valid loss = 0.07, lr = 0.00100
Epoch: 158, Train Loss = 0.05, Valid loss = 0.08, lr = 0.00100
Epoch: 159, Train Loss = 0.05, Valid loss = 0.08, lr = 0.00100
Epoch: 160, Train Loss = 0.05, Valid loss = 0.07, lr = 0.00100
Epoch: 161, Train Loss = 0.05, Valid loss = 0.08, lr = 0.00100
Epoch: 162, Train Loss = 0.05, Valid loss = 0.07, lr = 0.00100
Epoch: 163, Train Loss = 0.05, Valid loss = 0.07, lr = 0.00100
Epoch: 164, Train Loss = 0.05, Valid loss = 0.08, lr = 0.00100
Epoch: 165, Train Loss = 0.05, Valid loss = 0.08, lr = 0.00100
Epoch: 166, Train Loss = 0.05, Valid loss = 0.08, lr = 0.00100
Epoch: 167, Train Loss = 0.05, Valid loss = 0.08, lr = 0.00100
Epoch: 168, Train Loss = 0.05, Valid loss = 0.08, lr = 0.00100
Epoch: 169, Train Loss = 0.05, Valid loss = 0.07, lr = 0.00100
Epoch: 170, Train Loss = 0.05, Valid loss = 0.07, lr = 0.00100
Epoch: 171, Train Loss = 0.05, Valid loss = 0.07, lr = 0.00100
Epoch: 172, Train Loss = 0.05, Valid loss = 0.08, lr = 0.00100
Epoch: 173, Train Loss = 0.05, Valid loss = 0.07, lr = 0.00100
Epoch: 174, Train Loss = 0.05, Valid loss = 0.08, lr = 0.00100
Epoch: 175, Train Loss = 0.05, Valid loss = 0.08, lr = 0.00100
Epoch: 176, Train Loss = 0.05, Valid loss = 0.08, lr = 0.00100
Epoch: 177, Train Loss = 0.05, Valid loss = 0.07, lr = 0.00100
Epoch: 178, Train Loss = 0.05, Valid loss = 0.08, lr = 0.00100
Epoch: 179, Train Loss = 0.05, Valid loss = 0.07, lr = 0.00100
Starting Downstream Task
torch.Size([2806, 5, 64, 32])
torch.Size([935, 5, 64, 32])
torch.Size([937, 5, 64, 32])
Shape: (5, 144, 72)
Epoch: 0, Train Loss: 0.07023, Valid Loss: 0.04800, EPS: 0.991
Epoch: 1, Train Loss: 0.04084, Valid Loss: 0.04058, EPS: 0.982
Epoch: 2, Train Loss: 0.03465, Valid Loss: 0.03824, EPS: 0.973
Epoch: 3, Train Loss: 0.03192, Valid Loss: 0.03746, EPS: 0.964
Epoch: 4, Train Loss: 0.02989, Valid Loss: 0.03608, EPS: 0.955
Epoch: 5, Train Loss: 0.02860, Valid Loss: 0.03654, EPS: 0.946
Epoch: 6, Train Loss: 0.02761, Valid Loss: 0.03618, EPS: 0.9369999999999999
Epoch: 7, Train Loss: 0.02684, Valid Loss: 0.03631, EPS: 0.928
Epoch: 8, Train Loss: 0.02647, Valid Loss: 0.03613, EPS: 0.919
Epoch: 9, Train Loss: 0.02575, Valid Loss: 0.03579, EPS: 0.91
Epoch: 10, Train Loss: 0.02502, Valid Loss: 0.03637, EPS: 0.901
Epoch: 11, Train Loss: 0.02482, Valid Loss: 0.03619, EPS: 0.892
Epoch: 12, Train Loss: 0.02421, Valid Loss: 0.03616, EPS: 0.883
Epoch: 13, Train Loss: 0.02391, Valid Loss: 0.03647, EPS: 0.874
Epoch: 14, Train Loss: 0.02354, Valid Loss: 0.03648, EPS: 0.865
Epoch: 15, Train Loss: 0.02324, Valid Loss: 0.03669, EPS: 0.856
Epoch: 16, Train Loss: 0.02304, Valid Loss: 0.03681, EPS: 0.847
Epoch: 17, Train Loss: 0.02277, Valid Loss: 0.03698, EPS: 0.8380000000000001
Epoch: 18, Train Loss: 0.02281, Valid Loss: 0.03732, EPS: 0.8290000000000001
Epoch: 19, Train Loss: 0.02259, Valid Loss: 0.03692, EPS: 0.8200000000000001
Epoch: 20, Train Loss: 0.02230, Valid Loss: 0.03680, EPS: 0.811
Epoch: 21, Train Loss: 0.01914, Valid Loss: 0.03480, EPS: 0.802
Epoch: 22, Train Loss: 0.01783, Valid Loss: 0.03450, EPS: 0.793
Epoch: 23, Train Loss: 0.01744, Valid Loss: 0.03439, EPS: 0.784
Epoch: 24, Train Loss: 0.01724, Valid Loss: 0.03430, EPS: 0.775
Epoch: 25, Train Loss: 0.01709, Valid Loss: 0.03435, EPS: 0.766
Epoch: 26, Train Loss: 0.01696, Valid Loss: 0.03437, EPS: 0.757
Epoch: 27, Train Loss: 0.01686, Valid Loss: 0.03435, EPS: 0.748
Epoch: 28, Train Loss: 0.01679, Valid Loss: 0.03448, EPS: 0.739
Epoch: 29, Train Loss: 0.01672, Valid Loss: 0.03443, EPS: 0.73
Epoch: 30, Train Loss: 0.01664, Valid Loss: 0.03448, EPS: 0.721
Epoch: 31, Train Loss: 0.01657, Valid Loss: 0.03445, EPS: 0.712
Epoch: 32, Train Loss: 0.01652, Valid Loss: 0.03456, EPS: 0.703
Epoch: 33, Train Loss: 0.01647, Valid Loss: 0.03452, EPS: 0.694
Epoch: 34, Train Loss: 0.01639, Valid Loss: 0.03460, EPS: 0.685
Epoch: 35, Train Loss: 0.01634, Valid Loss: 0.03461, EPS: 0.676
Epoch: 36, Train Loss: 0.01597, Valid Loss: 0.03444, EPS: 0.667
Epoch: 37, Train Loss: 0.01592, Valid Loss: 0.03445, EPS: 0.658
Epoch: 38, Train Loss: 0.01592, Valid Loss: 0.03444, EPS: 0.649
Epoch: 39, Train Loss: 0.01590, Valid Loss: 0.03441, EPS: 0.64
Epoch: 40, Train Loss: 0.01589, Valid Loss: 0.03446, EPS: 0.6310000000000001
Epoch: 41, Train Loss: 0.01589, Valid Loss: 0.03441, EPS: 0.6220000000000001
Epoch: 42, Train Loss: 0.01588, Valid Loss: 0.03444, EPS: 0.6130000000000001
Epoch: 43, Train Loss: 0.01587, Valid Loss: 0.03443, EPS: 0.6040000000000001
Epoch: 44, Train Loss: 0.01586, Valid Loss: 0.03449, EPS: 0.5950000000000001
Epoch: 45, Train Loss: 0.01585, Valid Loss: 0.03448, EPS: 0.5860000000000001
Epoch: 46, Train Loss: 0.01585, Valid Loss: 0.03450, EPS: 0.5770000000000001
Epoch: 47, Train Loss: 0.01580, Valid Loss: 0.03447, EPS: 0.5680000000000001
Epoch: 48, Train Loss: 0.01580, Valid Loss: 0.03444, EPS: 0.559
Epoch: 49, Train Loss: 0.01578, Valid Loss: 0.03446, EPS: 0.55
Epoch: 50, Train Loss: 0.01580, Valid Loss: 0.03456, EPS: 0.541
Epoch: 51, Train Loss: 0.01580, Valid Loss: 0.03448, EPS: 0.532
Epoch: 52, Train Loss: 0.01579, Valid Loss: 0.03452, EPS: 0.523
Epoch: 53, Train Loss: 0.01580, Valid Loss: 0.03448, EPS: 0.514
Epoch: 54, Train Loss: 0.01579, Valid Loss: 0.03444, EPS: 0.505
Epoch: 55, Train Loss: 0.01579, Valid Loss: 0.03446, EPS: 0.496
Epoch: 56, Train Loss: 0.01579, Valid Loss: 0.03454, EPS: 0.4870000000000001
Epoch: 57, Train Loss: 0.01578, Valid Loss: 0.03448, EPS: 0.4780000000000001
Epoch: 58, Train Loss: 0.01579, Valid Loss: 0.03449, EPS: 0.4690000000000001
Epoch: 59, Train Loss: 0.01578, Valid Loss: 0.03445, EPS: 0.4600000000000001
Epoch: 60, Train Loss: 0.01578, Valid Loss: 0.03442, EPS: 0.45100000000000007
Epoch: 61, Train Loss: 0.01578, Valid Loss: 0.03450, EPS: 0.44200000000000006
Epoch: 62, Train Loss: 0.01578, Valid Loss: 0.03450, EPS: 0.43300000000000005
Epoch: 63, Train Loss: 0.01578, Valid Loss: 0.03449, EPS: 0.42400000000000004
Epoch: 64, Train Loss: 0.01577, Valid Loss: 0.03449, EPS: 0.41500000000000004
Epoch: 65, Train Loss: 0.01578, Valid Loss: 0.03451, EPS: 0.406
Epoch: 66, Train Loss: 0.01577, Valid Loss: 0.03449, EPS: 0.397
Epoch: 67, Train Loss: 0.01578, Valid Loss: 0.03447, EPS: 0.388
Epoch: 68, Train Loss: 0.01576, Valid Loss: 0.03445, EPS: 0.3790000000000001
Epoch: 69, Train Loss: 0.01578, Valid Loss: 0.03446, EPS: 0.3700000000000001
Epoch: 70, Train Loss: 0.01578, Valid Loss: 0.03449, EPS: 0.3610000000000001
Epoch: 71, Train Loss: 0.01577, Valid Loss: 0.03451, EPS: 0.3520000000000001
Epoch: 72, Train Loss: 0.01578, Valid Loss: 0.03448, EPS: 0.343
Epoch: 73, Train Loss: 0.01577, Valid Loss: 0.03448, EPS: 0.334
Epoch: 74, Train Loss: 0.01577, Valid Loss: 0.03452, EPS: 0.325
Epoch: 75, Train Loss: 0.01579, Valid Loss: 0.03448, EPS: 0.316
Epoch: 76, Train Loss: 0.01578, Valid Loss: 0.03445, EPS: 0.307
Epoch: 77, Train Loss: 0.01579, Valid Loss: 0.03447, EPS: 0.298
Epoch: 78, Train Loss: 0.01577, Valid Loss: 0.03449, EPS: 0.289
Epoch: 79, Train Loss: 0.01577, Valid Loss: 0.03448, EPS: 0.27999999999999997
Epoch: 80, Train Loss: 0.01577, Valid Loss: 0.03448, EPS: 0.27099999999999996
Epoch: 81, Train Loss: 0.01578, Valid Loss: 0.03448, EPS: 0.26200000000000007
Epoch: 82, Train Loss: 0.01576, Valid Loss: 0.03446, EPS: 0.25300000000000006
Epoch: 83, Train Loss: 0.01578, Valid Loss: 0.03453, EPS: 0.24400000000000005
Epoch: 84, Train Loss: 0.01578, Valid Loss: 0.03450, EPS: 0.23500000000000004
Epoch: 85, Train Loss: 0.01577, Valid Loss: 0.03449, EPS: 0.22600000000000003
Epoch: 86, Train Loss: 0.01577, Valid Loss: 0.03451, EPS: 0.21700000000000003
Epoch: 87, Train Loss: 0.01578, Valid Loss: 0.03448, EPS: 0.20800000000000002
Epoch: 88, Train Loss: 0.01578, Valid Loss: 0.03445, EPS: 0.199
Epoch: 89, Train Loss: 0.01577, Valid Loss: 0.03447, EPS: 0.19
Epoch: 90, Train Loss: 0.01578, Valid Loss: 0.03450, EPS: 0.181
Epoch: 91, Train Loss: 0.01578, Valid Loss: 0.03452, EPS: 0.172
Epoch: 92, Train Loss: 0.01578, Valid Loss: 0.03451, EPS: 0.16299999999999998
Epoch: 93, Train Loss: 0.01576, Valid Loss: 0.03452, EPS: 0.15400000000000005
Epoch: 94, Train Loss: 0.01579, Valid Loss: 0.03448, EPS: 0.14500000000000005
Epoch: 95, Train Loss: 0.01578, Valid Loss: 0.03446, EPS: 0.13600000000000004
Epoch: 96, Train Loss: 0.01577, Valid Loss: 0.03448, EPS: 0.12700000000000003
Epoch: 97, Train Loss: 0.01579, Valid Loss: 0.03452, EPS: 0.11800000000000002
Epoch: 98, Train Loss: 0.01577, Valid Loss: 0.03444, EPS: 0.10900000000000001
Epoch: 99, Train Loss: 0.01577, Valid Loss: 0.03446, EPS: 0.1
Test Loss: 0.03445
Test Loss: 0.03368
