nohup: ignoring input
torch.Size([14031, 5, 64, 32])
torch.Size([4677, 5, 64, 32])
torch.Size([4678, 5, 64, 32])
Shape: (5, 144, 72)
torch.Size([2806, 5, 64, 32])
torch.Size([935, 5, 64, 32])
torch.Size([937, 5, 64, 32])
Shape: (5, 144, 72)
Epoch: 0, Train Loss: 0.02372, Valid Loss: 0.01857, EPS: 0.991
Epoch: 1, Train Loss: 0.01431, Valid Loss: 0.01556, EPS: 0.982
Epoch: 2, Train Loss: 0.01109, Valid Loss: 0.01353, EPS: 0.973
Epoch: 3, Train Loss: 0.00921, Valid Loss: 0.01268, EPS: 0.964
Epoch: 4, Train Loss: 0.00806, Valid Loss: 0.01203, EPS: 0.955
Epoch: 5, Train Loss: 0.00744, Valid Loss: 0.01150, EPS: 0.946
Epoch: 6, Train Loss: 0.00703, Valid Loss: 0.01162, EPS: 0.9369999999999999
Epoch: 7, Train Loss: 0.00668, Valid Loss: 0.01121, EPS: 0.928
Epoch: 8, Train Loss: 0.00652, Valid Loss: 0.01132, EPS: 0.919
Epoch: 9, Train Loss: 0.00635, Valid Loss: 0.01120, EPS: 0.91
Epoch: 10, Train Loss: 0.00617, Valid Loss: 0.01120, EPS: 0.901
Epoch: 11, Train Loss: 0.00614, Valid Loss: 0.01111, EPS: 0.892
Epoch: 12, Train Loss: 0.00611, Valid Loss: 0.01113, EPS: 0.883
Epoch: 13, Train Loss: 0.00599, Valid Loss: 0.01101, EPS: 0.874
Epoch: 14, Train Loss: 0.00592, Valid Loss: 0.01109, EPS: 0.865
Epoch: 15, Train Loss: 0.00587, Valid Loss: 0.01105, EPS: 0.856
Epoch: 16, Train Loss: 0.00577, Valid Loss: 0.01108, EPS: 0.847
Epoch: 17, Train Loss: 0.00587, Valid Loss: 0.01111, EPS: 0.8380000000000001
Epoch: 18, Train Loss: 0.00574, Valid Loss: 0.01111, EPS: 0.8290000000000001
Epoch: 19, Train Loss: 0.00561, Valid Loss: 0.01105, EPS: 0.8200000000000001
Epoch: 20, Train Loss: 0.00568, Valid Loss: 0.01119, EPS: 0.811
Epoch: 21, Train Loss: 0.00564, Valid Loss: 0.01113, EPS: 0.802
Epoch: 22, Train Loss: 0.00558, Valid Loss: 0.01094, EPS: 0.793
Epoch: 23, Train Loss: 0.00556, Valid Loss: 0.01101, EPS: 0.784
Epoch: 24, Train Loss: 0.00551, Valid Loss: 0.01097, EPS: 0.775
Epoch: 25, Train Loss: 0.00547, Valid Loss: 0.01103, EPS: 0.766
Epoch: 26, Train Loss: 0.00554, Valid Loss: 0.01097, EPS: 0.757
Epoch: 27, Train Loss: 0.00548, Valid Loss: 0.01105, EPS: 0.748
Epoch: 28, Train Loss: 0.00550, Valid Loss: 0.01103, EPS: 0.739
Epoch: 29, Train Loss: 0.00545, Valid Loss: 0.01099, EPS: 0.73
Epoch: 30, Train Loss: 0.00542, Valid Loss: 0.01098, EPS: 0.721
Epoch: 31, Train Loss: 0.00541, Valid Loss: 0.01111, EPS: 0.712
Epoch: 32, Train Loss: 0.00542, Valid Loss: 0.01102, EPS: 0.703
Epoch: 33, Train Loss: 0.00536, Valid Loss: 0.01102, EPS: 0.694
Epoch: 34, Train Loss: 0.00462, Valid Loss: 0.01058, EPS: 0.685
Epoch: 35, Train Loss: 0.00404, Valid Loss: 0.01048, EPS: 0.676
Epoch: 36, Train Loss: 0.00378, Valid Loss: 0.01043, EPS: 0.667
Epoch: 37, Train Loss: 0.00365, Valid Loss: 0.01039, EPS: 0.658
Epoch: 38, Train Loss: 0.00357, Valid Loss: 0.01039, EPS: 0.649
Epoch: 39, Train Loss: 0.00351, Valid Loss: 0.01037, EPS: 0.64
Epoch: 40, Train Loss: 0.00348, Valid Loss: 0.01039, EPS: 0.6310000000000001
Epoch: 41, Train Loss: 0.00344, Valid Loss: 0.01039, EPS: 0.6220000000000001
Epoch: 42, Train Loss: 0.00341, Valid Loss: 0.01038, EPS: 0.6130000000000001
Epoch: 43, Train Loss: 0.00338, Valid Loss: 0.01043, EPS: 0.6040000000000001
Epoch: 44, Train Loss: 0.00336, Valid Loss: 0.01046, EPS: 0.5950000000000001
Epoch: 45, Train Loss: 0.00333, Valid Loss: 0.01045, EPS: 0.5860000000000001
Epoch: 46, Train Loss: 0.00330, Valid Loss: 0.01051, EPS: 0.5770000000000001
Epoch: 47, Train Loss: 0.00330, Valid Loss: 0.01059, EPS: 0.5680000000000001
Epoch: 48, Train Loss: 0.00327, Valid Loss: 0.01060, EPS: 0.559
Epoch: 49, Train Loss: 0.00325, Valid Loss: 0.01064, EPS: 0.55
Epoch: 50, Train Loss: 0.00322, Valid Loss: 0.01069, EPS: 0.541
Epoch: 51, Train Loss: 0.00312, Valid Loss: 0.01068, EPS: 0.532
Epoch: 52, Train Loss: 0.00309, Valid Loss: 0.01068, EPS: 0.523
Epoch: 53, Train Loss: 0.00308, Valid Loss: 0.01066, EPS: 0.514
Epoch: 54, Train Loss: 0.00307, Valid Loss: 0.01068, EPS: 0.505
Epoch: 55, Train Loss: 0.00306, Valid Loss: 0.01071, EPS: 0.496
Epoch: 56, Train Loss: 0.00306, Valid Loss: 0.01072, EPS: 0.4870000000000001
Epoch: 57, Train Loss: 0.00305, Valid Loss: 0.01072, EPS: 0.4780000000000001
Epoch: 58, Train Loss: 0.00304, Valid Loss: 0.01070, EPS: 0.4690000000000001
Epoch: 59, Train Loss: 0.00305, Valid Loss: 0.01072, EPS: 0.4600000000000001
Epoch: 60, Train Loss: 0.00304, Valid Loss: 0.01073, EPS: 0.45100000000000007
Epoch: 61, Train Loss: 0.00303, Valid Loss: 0.01072, EPS: 0.44200000000000006
Epoch: 62, Train Loss: 0.00302, Valid Loss: 0.01073, EPS: 0.43300000000000005
Epoch: 63, Train Loss: 0.00302, Valid Loss: 0.01073, EPS: 0.42400000000000004
Epoch: 64, Train Loss: 0.00302, Valid Loss: 0.01072, EPS: 0.41500000000000004
Epoch: 65, Train Loss: 0.00302, Valid Loss: 0.01073, EPS: 0.406
Epoch: 66, Train Loss: 0.00303, Valid Loss: 0.01074, EPS: 0.397
Epoch: 67, Train Loss: 0.00302, Valid Loss: 0.01075, EPS: 0.388
Epoch: 68, Train Loss: 0.00302, Valid Loss: 0.01073, EPS: 0.3790000000000001
Epoch: 69, Train Loss: 0.00302, Valid Loss: 0.01073, EPS: 0.3700000000000001
Epoch: 70, Train Loss: 0.00302, Valid Loss: 0.01072, EPS: 0.3610000000000001
Epoch: 71, Train Loss: 0.00302, Valid Loss: 0.01073, EPS: 0.3520000000000001
Epoch: 72, Train Loss: 0.00302, Valid Loss: 0.01073, EPS: 0.343
Epoch: 73, Train Loss: 0.00302, Valid Loss: 0.01074, EPS: 0.334
Epoch: 74, Train Loss: 0.00301, Valid Loss: 0.01073, EPS: 0.325
Epoch: 75, Train Loss: 0.00301, Valid Loss: 0.01071, EPS: 0.316
Epoch: 76, Train Loss: 0.00302, Valid Loss: 0.01071, EPS: 0.307
Epoch: 77, Train Loss: 0.00303, Valid Loss: 0.01069, EPS: 0.298
Epoch: 78, Train Loss: 0.00301, Valid Loss: 0.01071, EPS: 0.289
Epoch: 79, Train Loss: 0.00302, Valid Loss: 0.01074, EPS: 0.27999999999999997
Epoch: 80, Train Loss: 0.00301, Valid Loss: 0.01073, EPS: 0.27099999999999996
Epoch: 81, Train Loss: 0.00302, Valid Loss: 0.01071, EPS: 0.26200000000000007
Epoch: 82, Train Loss: 0.00301, Valid Loss: 0.01069, EPS: 0.25300000000000006
Epoch: 83, Train Loss: 0.00301, Valid Loss: 0.01074, EPS: 0.24400000000000005
Epoch: 84, Train Loss: 0.00302, Valid Loss: 0.01073, EPS: 0.23500000000000004
Epoch: 85, Train Loss: 0.00301, Valid Loss: 0.01073, EPS: 0.22600000000000003
Epoch: 86, Train Loss: 0.00302, Valid Loss: 0.01071, EPS: 0.21700000000000003
Epoch: 87, Train Loss: 0.00301, Valid Loss: 0.01073, EPS: 0.20800000000000002
Epoch: 88, Train Loss: 0.00302, Valid Loss: 0.01073, EPS: 0.199
Epoch: 89, Train Loss: 0.00301, Valid Loss: 0.01071, EPS: 0.19
Epoch: 90, Train Loss: 0.00301, Valid Loss: 0.01071, EPS: 0.181
Epoch: 91, Train Loss: 0.00301, Valid Loss: 0.01072, EPS: 0.172
Epoch: 92, Train Loss: 0.00301, Valid Loss: 0.01074, EPS: 0.16299999999999998
Epoch: 93, Train Loss: 0.00301, Valid Loss: 0.01072, EPS: 0.15400000000000005
Epoch: 94, Train Loss: 0.00302, Valid Loss: 0.01071, EPS: 0.14500000000000005
Epoch: 95, Train Loss: 0.00301, Valid Loss: 0.01071, EPS: 0.13600000000000004
Epoch: 96, Train Loss: 0.00302, Valid Loss: 0.01076, EPS: 0.12700000000000003
Epoch: 97, Train Loss: 0.00301, Valid Loss: 0.01071, EPS: 0.11800000000000002
Epoch: 98, Train Loss: 0.00302, Valid Loss: 0.01074, EPS: 0.10900000000000001
Epoch: 99, Train Loss: 0.00301, Valid Loss: 0.01074, EPS: 0.1
Test Loss: 0.01073
Test Loss: 0.01052
torch.Size([2806, 5, 64, 32])
torch.Size([935, 5, 64, 32])
torch.Size([937, 5, 64, 32])
Shape: (5, 144, 72)
Epoch: 0, Train Loss: 0.02705, Valid Loss: 0.02589, EPS: 0.991
Epoch: 1, Train Loss: 0.01783, Valid Loss: 0.02164, EPS: 0.982
Epoch: 2, Train Loss: 0.01370, Valid Loss: 0.01817, EPS: 0.973
Epoch: 3, Train Loss: 0.01113, Valid Loss: 0.01736, EPS: 0.964
Epoch: 4, Train Loss: 0.00951, Valid Loss: 0.01657, EPS: 0.955
Epoch: 5, Train Loss: 0.00821, Valid Loss: 0.01580, EPS: 0.946
Epoch: 6, Train Loss: 0.00729, Valid Loss: 0.01538, EPS: 0.9369999999999999
Epoch: 7, Train Loss: 0.00655, Valid Loss: 0.01467, EPS: 0.928
Epoch: 8, Train Loss: 0.00595, Valid Loss: 0.01464, EPS: 0.919
Epoch: 9, Train Loss: 0.00556, Valid Loss: 0.01456, EPS: 0.91
Epoch: 10, Train Loss: 0.00540, Valid Loss: 0.01434, EPS: 0.901
Epoch: 11, Train Loss: 0.00524, Valid Loss: 0.01429, EPS: 0.892
Epoch: 12, Train Loss: 0.00500, Valid Loss: 0.01441, EPS: 0.883
Epoch: 13, Train Loss: 0.00470, Valid Loss: 0.01414, EPS: 0.874
Epoch: 14, Train Loss: 0.00451, Valid Loss: 0.01410, EPS: 0.865
Epoch: 15, Train Loss: 0.00437, Valid Loss: 0.01408, EPS: 0.856
Epoch: 16, Train Loss: 0.00422, Valid Loss: 0.01401, EPS: 0.847
Epoch: 17, Train Loss: 0.00413, Valid Loss: 0.01408, EPS: 0.8380000000000001
Epoch: 18, Train Loss: 0.00403, Valid Loss: 0.01422, EPS: 0.8290000000000001
Epoch: 19, Train Loss: 0.00398, Valid Loss: 0.01419, EPS: 0.8200000000000001
Epoch: 20, Train Loss: 0.00399, Valid Loss: 0.01424, EPS: 0.811
Epoch: 21, Train Loss: 0.00397, Valid Loss: 0.01403, EPS: 0.802
Epoch: 22, Train Loss: 0.00396, Valid Loss: 0.01401, EPS: 0.793
Epoch: 23, Train Loss: 0.00393, Valid Loss: 0.01416, EPS: 0.784
Epoch: 24, Train Loss: 0.00384, Valid Loss: 0.01405, EPS: 0.775
Epoch: 25, Train Loss: 0.00392, Valid Loss: 0.01428, EPS: 0.766
Epoch: 26, Train Loss: 0.00389, Valid Loss: 0.01411, EPS: 0.757
Epoch: 27, Train Loss: 0.00383, Valid Loss: 0.01401, EPS: 0.748
Epoch: 28, Train Loss: 0.00378, Valid Loss: 0.01423, EPS: 0.739
Epoch: 29, Train Loss: 0.00378, Valid Loss: 0.01422, EPS: 0.73
Epoch: 30, Train Loss: 0.00376, Valid Loss: 0.01430, EPS: 0.721
Epoch: 31, Train Loss: 0.00370, Valid Loss: 0.01425, EPS: 0.712
Epoch: 32, Train Loss: 0.00372, Valid Loss: 0.01459, EPS: 0.703
Epoch: 33, Train Loss: 0.00368, Valid Loss: 0.01407, EPS: 0.694
Epoch: 34, Train Loss: 0.00370, Valid Loss: 0.01425, EPS: 0.685
Epoch: 35, Train Loss: 0.00366, Valid Loss: 0.01435, EPS: 0.676
Epoch: 36, Train Loss: 0.00358, Valid Loss: 0.01413, EPS: 0.667
Epoch: 37, Train Loss: 0.00355, Valid Loss: 0.01449, EPS: 0.658
Epoch: 38, Train Loss: 0.00354, Valid Loss: 0.01427, EPS: 0.649
Epoch: 39, Train Loss: 0.00320, Valid Loss: 0.01415, EPS: 0.64
Epoch: 40, Train Loss: 0.00271, Valid Loss: 0.01388, EPS: 0.6310000000000001
Epoch: 41, Train Loss: 0.00248, Valid Loss: 0.01381, EPS: 0.6220000000000001
Epoch: 42, Train Loss: 0.00233, Valid Loss: 0.01379, EPS: 0.6130000000000001
Epoch: 43, Train Loss: 0.00225, Valid Loss: 0.01384, EPS: 0.6040000000000001
Epoch: 44, Train Loss: 0.00216, Valid Loss: 0.01378, EPS: 0.5950000000000001
Epoch: 45, Train Loss: 0.00212, Valid Loss: 0.01380, EPS: 0.5860000000000001
Epoch: 46, Train Loss: 0.00206, Valid Loss: 0.01374, EPS: 0.5770000000000001
Epoch: 47, Train Loss: 0.00204, Valid Loss: 0.01374, EPS: 0.5680000000000001
Epoch: 48, Train Loss: 0.00201, Valid Loss: 0.01378, EPS: 0.559
Epoch: 49, Train Loss: 0.00199, Valid Loss: 0.01384, EPS: 0.55
Epoch: 50, Train Loss: 0.00200, Valid Loss: 0.01388, EPS: 0.541
Epoch: 51, Train Loss: 0.00196, Valid Loss: 0.01395, EPS: 0.532
Epoch: 52, Train Loss: 0.00195, Valid Loss: 0.01396, EPS: 0.523
Epoch: 53, Train Loss: 0.00193, Valid Loss: 0.01396, EPS: 0.514
Epoch: 54, Train Loss: 0.00192, Valid Loss: 0.01400, EPS: 0.505
Epoch: 55, Train Loss: 0.00192, Valid Loss: 0.01404, EPS: 0.496
Epoch: 56, Train Loss: 0.00191, Valid Loss: 0.01411, EPS: 0.4870000000000001
Epoch: 57, Train Loss: 0.00190, Valid Loss: 0.01419, EPS: 0.4780000000000001
Epoch: 58, Train Loss: 0.00186, Valid Loss: 0.01417, EPS: 0.4690000000000001
Epoch: 59, Train Loss: 0.00185, Valid Loss: 0.01414, EPS: 0.4600000000000001
Epoch: 60, Train Loss: 0.00184, Valid Loss: 0.01413, EPS: 0.45100000000000007
Epoch: 61, Train Loss: 0.00185, Valid Loss: 0.01414, EPS: 0.44200000000000006
Epoch: 62, Train Loss: 0.00182, Valid Loss: 0.01416, EPS: 0.43300000000000005
Epoch: 63, Train Loss: 0.00183, Valid Loss: 0.01413, EPS: 0.42400000000000004
Epoch: 64, Train Loss: 0.00182, Valid Loss: 0.01414, EPS: 0.41500000000000004
Epoch: 65, Train Loss: 0.00181, Valid Loss: 0.01413, EPS: 0.406
Epoch: 66, Train Loss: 0.00181, Valid Loss: 0.01413, EPS: 0.397
Epoch: 67, Train Loss: 0.00182, Valid Loss: 0.01414, EPS: 0.388
Epoch: 68, Train Loss: 0.00181, Valid Loss: 0.01415, EPS: 0.3790000000000001
Epoch: 69, Train Loss: 0.00180, Valid Loss: 0.01417, EPS: 0.3700000000000001
Epoch: 70, Train Loss: 0.00182, Valid Loss: 0.01414, EPS: 0.3610000000000001
Epoch: 71, Train Loss: 0.00180, Valid Loss: 0.01418, EPS: 0.3520000000000001
Epoch: 72, Train Loss: 0.00180, Valid Loss: 0.01413, EPS: 0.343
Epoch: 73, Train Loss: 0.00179, Valid Loss: 0.01415, EPS: 0.334
Epoch: 74, Train Loss: 0.00180, Valid Loss: 0.01416, EPS: 0.325
Epoch: 75, Train Loss: 0.00181, Valid Loss: 0.01415, EPS: 0.316
Epoch: 76, Train Loss: 0.00179, Valid Loss: 0.01417, EPS: 0.307
Epoch: 77, Train Loss: 0.00181, Valid Loss: 0.01416, EPS: 0.298
Epoch: 78, Train Loss: 0.00181, Valid Loss: 0.01416, EPS: 0.289
Epoch: 79, Train Loss: 0.00181, Valid Loss: 0.01415, EPS: 0.27999999999999997
Epoch: 80, Train Loss: 0.00180, Valid Loss: 0.01414, EPS: 0.27099999999999996
Epoch: 81, Train Loss: 0.00181, Valid Loss: 0.01410, EPS: 0.26200000000000007
Epoch: 82, Train Loss: 0.00180, Valid Loss: 0.01413, EPS: 0.25300000000000006
Epoch: 83, Train Loss: 0.00180, Valid Loss: 0.01416, EPS: 0.24400000000000005
Epoch: 84, Train Loss: 0.00180, Valid Loss: 0.01418, EPS: 0.23500000000000004
Epoch: 85, Train Loss: 0.00181, Valid Loss: 0.01414, EPS: 0.22600000000000003
Epoch: 86, Train Loss: 0.00180, Valid Loss: 0.01418, EPS: 0.21700000000000003
Epoch: 87, Train Loss: 0.00181, Valid Loss: 0.01414, EPS: 0.20800000000000002
Epoch: 88, Train Loss: 0.00181, Valid Loss: 0.01415, EPS: 0.199
Epoch: 89, Train Loss: 0.00180, Valid Loss: 0.01413, EPS: 0.19
Epoch: 90, Train Loss: 0.00181, Valid Loss: 0.01417, EPS: 0.181
Epoch: 91, Train Loss: 0.00180, Valid Loss: 0.01413, EPS: 0.172
Epoch: 92, Train Loss: 0.00181, Valid Loss: 0.01418, EPS: 0.16299999999999998
Epoch: 93, Train Loss: 0.00179, Valid Loss: 0.01415, EPS: 0.15400000000000005
Epoch: 94, Train Loss: 0.00181, Valid Loss: 0.01416, EPS: 0.14500000000000005
Epoch: 95, Train Loss: 0.00179, Valid Loss: 0.01408, EPS: 0.13600000000000004
Epoch: 96, Train Loss: 0.00180, Valid Loss: 0.01419, EPS: 0.12700000000000003
Epoch: 97, Train Loss: 0.00179, Valid Loss: 0.01417, EPS: 0.11800000000000002
Epoch: 98, Train Loss: 0.00180, Valid Loss: 0.01414, EPS: 0.10900000000000001
Epoch: 99, Train Loss: 0.00180, Valid Loss: 0.01411, EPS: 0.1
Test Loss: 0.01418
Test Loss: 0.01341
torch.Size([2806, 5, 64, 32])
torch.Size([935, 5, 64, 32])
torch.Size([937, 5, 64, 32])
Shape: (5, 144, 72)
Epoch: 0, Train Loss: 0.02381, Valid Loss: 0.01852, EPS: 0.991
Epoch: 1, Train Loss: 0.01401, Valid Loss: 0.01512, EPS: 0.982
Epoch: 2, Train Loss: 0.01083, Valid Loss: 0.01321, EPS: 0.973
Epoch: 3, Train Loss: 0.00899, Valid Loss: 0.01234, EPS: 0.964
Epoch: 4, Train Loss: 0.00794, Valid Loss: 0.01199, EPS: 0.955
Epoch: 5, Train Loss: 0.00739, Valid Loss: 0.01157, EPS: 0.946
Epoch: 6, Train Loss: 0.00701, Valid Loss: 0.01151, EPS: 0.9369999999999999
Epoch: 7, Train Loss: 0.00679, Valid Loss: 0.01151, EPS: 0.928
Epoch: 8, Train Loss: 0.00657, Valid Loss: 0.01126, EPS: 0.919
Epoch: 9, Train Loss: 0.00648, Valid Loss: 0.01146, EPS: 0.91
Epoch: 10, Train Loss: 0.00634, Valid Loss: 0.01120, EPS: 0.901
Epoch: 11, Train Loss: 0.00621, Valid Loss: 0.01115, EPS: 0.892
Epoch: 12, Train Loss: 0.00608, Valid Loss: 0.01114, EPS: 0.883
Epoch: 13, Train Loss: 0.00595, Valid Loss: 0.01096, EPS: 0.874
Epoch: 14, Train Loss: 0.00584, Valid Loss: 0.01103, EPS: 0.865
Epoch: 15, Train Loss: 0.00577, Valid Loss: 0.01125, EPS: 0.856
Epoch: 16, Train Loss: 0.00582, Valid Loss: 0.01103, EPS: 0.847
Epoch: 17, Train Loss: 0.00578, Valid Loss: 0.01106, EPS: 0.8380000000000001
Epoch: 18, Train Loss: 0.00568, Valid Loss: 0.01110, EPS: 0.8290000000000001
Epoch: 19, Train Loss: 0.00568, Valid Loss: 0.01105, EPS: 0.8200000000000001
Epoch: 20, Train Loss: 0.00563, Valid Loss: 0.01111, EPS: 0.811
Epoch: 21, Train Loss: 0.00563, Valid Loss: 0.01108, EPS: 0.802
Epoch: 22, Train Loss: 0.00566, Valid Loss: 0.01120, EPS: 0.793
Epoch: 23, Train Loss: 0.00554, Valid Loss: 0.01104, EPS: 0.784
Epoch: 24, Train Loss: 0.00547, Valid Loss: 0.01106, EPS: 0.775
Epoch: 25, Train Loss: 0.00470, Valid Loss: 0.01065, EPS: 0.766
Epoch: 26, Train Loss: 0.00414, Valid Loss: 0.01046, EPS: 0.757
Epoch: 27, Train Loss: 0.00387, Valid Loss: 0.01039, EPS: 0.748
Epoch: 28, Train Loss: 0.00376, Valid Loss: 0.01037, EPS: 0.739
Epoch: 29, Train Loss: 0.00368, Valid Loss: 0.01037, EPS: 0.73
Epoch: 30, Train Loss: 0.00363, Valid Loss: 0.01034, EPS: 0.721
Epoch: 31, Train Loss: 0.00361, Valid Loss: 0.01037, EPS: 0.712
Epoch: 32, Train Loss: 0.00356, Valid Loss: 0.01035, EPS: 0.703
Epoch: 33, Train Loss: 0.00354, Valid Loss: 0.01039, EPS: 0.694
Epoch: 34, Train Loss: 0.00350, Valid Loss: 0.01037, EPS: 0.685
Epoch: 35, Train Loss: 0.00348, Valid Loss: 0.01043, EPS: 0.676
Epoch: 36, Train Loss: 0.00347, Valid Loss: 0.01047, EPS: 0.667
Epoch: 37, Train Loss: 0.00344, Valid Loss: 0.01047, EPS: 0.658
Epoch: 38, Train Loss: 0.00341, Valid Loss: 0.01048, EPS: 0.649
Epoch: 39, Train Loss: 0.00339, Valid Loss: 0.01051, EPS: 0.64
Epoch: 40, Train Loss: 0.00337, Valid Loss: 0.01055, EPS: 0.6310000000000001
Epoch: 41, Train Loss: 0.00335, Valid Loss: 0.01058, EPS: 0.6220000000000001
Epoch: 42, Train Loss: 0.00323, Valid Loss: 0.01054, EPS: 0.6130000000000001
Epoch: 43, Train Loss: 0.00321, Valid Loss: 0.01056, EPS: 0.6040000000000001
Epoch: 44, Train Loss: 0.00321, Valid Loss: 0.01058, EPS: 0.5950000000000001
Epoch: 45, Train Loss: 0.00320, Valid Loss: 0.01057, EPS: 0.5860000000000001
Epoch: 46, Train Loss: 0.00320, Valid Loss: 0.01058, EPS: 0.5770000000000001
Epoch: 47, Train Loss: 0.00318, Valid Loss: 0.01057, EPS: 0.5680000000000001
Epoch: 48, Train Loss: 0.00318, Valid Loss: 0.01060, EPS: 0.559
Epoch: 49, Train Loss: 0.00318, Valid Loss: 0.01058, EPS: 0.55
Epoch: 50, Train Loss: 0.00317, Valid Loss: 0.01058, EPS: 0.541
Epoch: 51, Train Loss: 0.00318, Valid Loss: 0.01060, EPS: 0.532
Epoch: 52, Train Loss: 0.00316, Valid Loss: 0.01059, EPS: 0.523
Epoch: 53, Train Loss: 0.00315, Valid Loss: 0.01062, EPS: 0.514
Epoch: 54, Train Loss: 0.00315, Valid Loss: 0.01061, EPS: 0.505
Epoch: 55, Train Loss: 0.00315, Valid Loss: 0.01062, EPS: 0.496
Epoch: 56, Train Loss: 0.00316, Valid Loss: 0.01063, EPS: 0.4870000000000001
Epoch: 57, Train Loss: 0.00315, Valid Loss: 0.01061, EPS: 0.4780000000000001
Epoch: 58, Train Loss: 0.00315, Valid Loss: 0.01063, EPS: 0.4690000000000001
Epoch: 59, Train Loss: 0.00315, Valid Loss: 0.01060, EPS: 0.4600000000000001
Epoch: 60, Train Loss: 0.00315, Valid Loss: 0.01059, EPS: 0.45100000000000007
Epoch: 61, Train Loss: 0.00314, Valid Loss: 0.01063, EPS: 0.44200000000000006
Epoch: 62, Train Loss: 0.00316, Valid Loss: 0.01059, EPS: 0.43300000000000005
Epoch: 63, Train Loss: 0.00315, Valid Loss: 0.01059, EPS: 0.42400000000000004
Epoch: 64, Train Loss: 0.00314, Valid Loss: 0.01063, EPS: 0.41500000000000004
Epoch: 65, Train Loss: 0.00314, Valid Loss: 0.01061, EPS: 0.406
Epoch: 66, Train Loss: 0.00314, Valid Loss: 0.01060, EPS: 0.397
Epoch: 67, Train Loss: 0.00314, Valid Loss: 0.01064, EPS: 0.388
Epoch: 68, Train Loss: 0.00315, Valid Loss: 0.01063, EPS: 0.3790000000000001
Epoch: 69, Train Loss: 0.00314, Valid Loss: 0.01061, EPS: 0.3700000000000001
Epoch: 70, Train Loss: 0.00315, Valid Loss: 0.01060, EPS: 0.3610000000000001
Epoch: 71, Train Loss: 0.00315, Valid Loss: 0.01061, EPS: 0.3520000000000001
Epoch: 72, Train Loss: 0.00315, Valid Loss: 0.01060, EPS: 0.343
Epoch: 73, Train Loss: 0.00314, Valid Loss: 0.01061, EPS: 0.334
Epoch: 74, Train Loss: 0.00315, Valid Loss: 0.01062, EPS: 0.325
Epoch: 75, Train Loss: 0.00315, Valid Loss: 0.01061, EPS: 0.316
Epoch: 76, Train Loss: 0.00314, Valid Loss: 0.01060, EPS: 0.307
Epoch: 77, Train Loss: 0.00315, Valid Loss: 0.01061, EPS: 0.298
Epoch: 78, Train Loss: 0.00315, Valid Loss: 0.01060, EPS: 0.289
Epoch: 79, Train Loss: 0.00315, Valid Loss: 0.01060, EPS: 0.27999999999999997
Epoch: 80, Train Loss: 0.00315, Valid Loss: 0.01058, EPS: 0.27099999999999996
Epoch: 81, Train Loss: 0.00315, Valid Loss: 0.01061, EPS: 0.26200000000000007
Epoch: 82, Train Loss: 0.00314, Valid Loss: 0.01063, EPS: 0.25300000000000006
Epoch: 83, Train Loss: 0.00314, Valid Loss: 0.01062, EPS: 0.24400000000000005
Epoch: 84, Train Loss: 0.00315, Valid Loss: 0.01062, EPS: 0.23500000000000004
Epoch: 85, Train Loss: 0.00315, Valid Loss: 0.01060, EPS: 0.22600000000000003
Epoch: 86, Train Loss: 0.00314, Valid Loss: 0.01064, EPS: 0.21700000000000003
Epoch: 87, Train Loss: 0.00314, Valid Loss: 0.01063, EPS: 0.20800000000000002
Epoch: 88, Train Loss: 0.00315, Valid Loss: 0.01061, EPS: 0.199
Epoch: 89, Train Loss: 0.00315, Valid Loss: 0.01064, EPS: 0.19
Epoch: 90, Train Loss: 0.00315, Valid Loss: 0.01060, EPS: 0.181
Epoch: 91, Train Loss: 0.00314, Valid Loss: 0.01063, EPS: 0.172
Epoch: 92, Train Loss: 0.00314, Valid Loss: 0.01059, EPS: 0.16299999999999998
Epoch: 93, Train Loss: 0.00315, Valid Loss: 0.01062, EPS: 0.15400000000000005
Epoch: 94, Train Loss: 0.00315, Valid Loss: 0.01062, EPS: 0.14500000000000005
Epoch: 95, Train Loss: 0.00316, Valid Loss: 0.01062, EPS: 0.13600000000000004
Epoch: 96, Train Loss: 0.00315, Valid Loss: 0.01060, EPS: 0.12700000000000003
Epoch: 97, Train Loss: 0.00314, Valid Loss: 0.01060, EPS: 0.11800000000000002
Epoch: 98, Train Loss: 0.00313, Valid Loss: 0.01060, EPS: 0.10900000000000001
Epoch: 99, Train Loss: 0.00314, Valid Loss: 0.01063, EPS: 0.1
Test Loss: 0.01062
Test Loss: 0.01040
torch.Size([2806, 5, 64, 32])
torch.Size([935, 5, 64, 32])
torch.Size([937, 5, 64, 32])
Shape: (5, 144, 72)
Epoch: 0, Train Loss: 0.02606, Valid Loss: 0.02609, EPS: 0.991
Epoch: 1, Train Loss: 0.01737, Valid Loss: 0.02141, EPS: 0.982
Epoch: 2, Train Loss: 0.01290, Valid Loss: 0.01817, EPS: 0.973
Epoch: 3, Train Loss: 0.01044, Valid Loss: 0.01721, EPS: 0.964
Epoch: 4, Train Loss: 0.00885, Valid Loss: 0.01583, EPS: 0.955
Epoch: 5, Train Loss: 0.00765, Valid Loss: 0.01499, EPS: 0.946
Epoch: 6, Train Loss: 0.00681, Valid Loss: 0.01460, EPS: 0.9369999999999999
Epoch: 7, Train Loss: 0.00615, Valid Loss: 0.01422, EPS: 0.928
Epoch: 8, Train Loss: 0.00573, Valid Loss: 0.01395, EPS: 0.919
Epoch: 9, Train Loss: 0.00537, Valid Loss: 0.01379, EPS: 0.91
Epoch: 10, Train Loss: 0.00520, Valid Loss: 0.01373, EPS: 0.901
Epoch: 11, Train Loss: 0.00508, Valid Loss: 0.01368, EPS: 0.892
Epoch: 12, Train Loss: 0.00498, Valid Loss: 0.01392, EPS: 0.883
Epoch: 13, Train Loss: 0.00492, Valid Loss: 0.01358, EPS: 0.874
Epoch: 14, Train Loss: 0.00460, Valid Loss: 0.01399, EPS: 0.865
Epoch: 15, Train Loss: 0.00451, Valid Loss: 0.01355, EPS: 0.856
Epoch: 16, Train Loss: 0.00436, Valid Loss: 0.01413, EPS: 0.847
Epoch: 17, Train Loss: 0.00426, Valid Loss: 0.01376, EPS: 0.8380000000000001
Epoch: 18, Train Loss: 0.00409, Valid Loss: 0.01368, EPS: 0.8290000000000001
Epoch: 19, Train Loss: 0.00403, Valid Loss: 0.01389, EPS: 0.8200000000000001
Epoch: 20, Train Loss: 0.00403, Valid Loss: 0.01382, EPS: 0.811
Epoch: 21, Train Loss: 0.00407, Valid Loss: 0.01383, EPS: 0.802
Epoch: 22, Train Loss: 0.00400, Valid Loss: 0.01371, EPS: 0.793
Epoch: 23, Train Loss: 0.00393, Valid Loss: 0.01370, EPS: 0.784
Epoch: 24, Train Loss: 0.00388, Valid Loss: 0.01382, EPS: 0.775
Epoch: 25, Train Loss: 0.00386, Valid Loss: 0.01377, EPS: 0.766
Epoch: 26, Train Loss: 0.00372, Valid Loss: 0.01365, EPS: 0.757
Epoch: 27, Train Loss: 0.00332, Valid Loss: 0.01348, EPS: 0.748
Epoch: 28, Train Loss: 0.00295, Valid Loss: 0.01338, EPS: 0.739
Epoch: 29, Train Loss: 0.00271, Valid Loss: 0.01330, EPS: 0.73
Epoch: 30, Train Loss: 0.00259, Valid Loss: 0.01329, EPS: 0.721
Epoch: 31, Train Loss: 0.00249, Valid Loss: 0.01326, EPS: 0.712
Epoch: 32, Train Loss: 0.00244, Valid Loss: 0.01329, EPS: 0.703
Epoch: 33, Train Loss: 0.00237, Valid Loss: 0.01325, EPS: 0.694
Epoch: 34, Train Loss: 0.00234, Valid Loss: 0.01321, EPS: 0.685
Epoch: 35, Train Loss: 0.00232, Valid Loss: 0.01323, EPS: 0.676
Epoch: 36, Train Loss: 0.00229, Valid Loss: 0.01319, EPS: 0.667
Epoch: 37, Train Loss: 0.00228, Valid Loss: 0.01321, EPS: 0.658
Epoch: 38, Train Loss: 0.00228, Valid Loss: 0.01323, EPS: 0.649
Epoch: 39, Train Loss: 0.00227, Valid Loss: 0.01323, EPS: 0.64
Epoch: 40, Train Loss: 0.00224, Valid Loss: 0.01318, EPS: 0.6310000000000001
Epoch: 41, Train Loss: 0.00225, Valid Loss: 0.01326, EPS: 0.6220000000000001
Epoch: 42, Train Loss: 0.00224, Valid Loss: 0.01318, EPS: 0.6130000000000001
Epoch: 43, Train Loss: 0.00220, Valid Loss: 0.01324, EPS: 0.6040000000000001
Epoch: 44, Train Loss: 0.00221, Valid Loss: 0.01323, EPS: 0.5950000000000001
Epoch: 45, Train Loss: 0.00220, Valid Loss: 0.01326, EPS: 0.5860000000000001
Epoch: 46, Train Loss: 0.00217, Valid Loss: 0.01326, EPS: 0.5770000000000001
Epoch: 47, Train Loss: 0.00216, Valid Loss: 0.01326, EPS: 0.5680000000000001
Epoch: 48, Train Loss: 0.00216, Valid Loss: 0.01333, EPS: 0.559
Epoch: 49, Train Loss: 0.00213, Valid Loss: 0.01328, EPS: 0.55
Epoch: 50, Train Loss: 0.00214, Valid Loss: 0.01336, EPS: 0.541
Epoch: 51, Train Loss: 0.00215, Valid Loss: 0.01334, EPS: 0.532
Epoch: 52, Train Loss: 0.00215, Valid Loss: 0.01329, EPS: 0.523
Epoch: 53, Train Loss: 0.00214, Valid Loss: 0.01329, EPS: 0.514
Epoch: 54, Train Loss: 0.00209, Valid Loss: 0.01331, EPS: 0.505
Epoch: 55, Train Loss: 0.00209, Valid Loss: 0.01330, EPS: 0.496
Epoch: 56, Train Loss: 0.00209, Valid Loss: 0.01337, EPS: 0.4870000000000001
Epoch: 57, Train Loss: 0.00207, Valid Loss: 0.01333, EPS: 0.4780000000000001
Epoch: 58, Train Loss: 0.00207, Valid Loss: 0.01331, EPS: 0.4690000000000001
Epoch: 59, Train Loss: 0.00206, Valid Loss: 0.01329, EPS: 0.4600000000000001
Epoch: 60, Train Loss: 0.00207, Valid Loss: 0.01327, EPS: 0.45100000000000007
Epoch: 61, Train Loss: 0.00206, Valid Loss: 0.01327, EPS: 0.44200000000000006
Epoch: 62, Train Loss: 0.00205, Valid Loss: 0.01329, EPS: 0.43300000000000005
Epoch: 63, Train Loss: 0.00205, Valid Loss: 0.01332, EPS: 0.42400000000000004
Epoch: 64, Train Loss: 0.00206, Valid Loss: 0.01330, EPS: 0.41500000000000004
Epoch: 65, Train Loss: 0.00205, Valid Loss: 0.01327, EPS: 0.406
Epoch: 66, Train Loss: 0.00206, Valid Loss: 0.01334, EPS: 0.397
Epoch: 67, Train Loss: 0.00205, Valid Loss: 0.01326, EPS: 0.388
Epoch: 68, Train Loss: 0.00205, Valid Loss: 0.01327, EPS: 0.3790000000000001
Epoch: 69, Train Loss: 0.00204, Valid Loss: 0.01326, EPS: 0.3700000000000001
Epoch: 70, Train Loss: 0.00204, Valid Loss: 0.01331, EPS: 0.3610000000000001
Epoch: 71, Train Loss: 0.00204, Valid Loss: 0.01328, EPS: 0.3520000000000001
Epoch: 72, Train Loss: 0.00203, Valid Loss: 0.01329, EPS: 0.343
Epoch: 73, Train Loss: 0.00205, Valid Loss: 0.01330, EPS: 0.334
Epoch: 74, Train Loss: 0.00204, Valid Loss: 0.01330, EPS: 0.325
Epoch: 75, Train Loss: 0.00204, Valid Loss: 0.01332, EPS: 0.316
Epoch: 76, Train Loss: 0.00204, Valid Loss: 0.01328, EPS: 0.307
Epoch: 77, Train Loss: 0.00204, Valid Loss: 0.01331, EPS: 0.298
Epoch: 78, Train Loss: 0.00205, Valid Loss: 0.01328, EPS: 0.289
Epoch: 79, Train Loss: 0.00204, Valid Loss: 0.01332, EPS: 0.27999999999999997
Epoch: 80, Train Loss: 0.00206, Valid Loss: 0.01333, EPS: 0.27099999999999996
Epoch: 81, Train Loss: 0.00205, Valid Loss: 0.01330, EPS: 0.26200000000000007
Epoch: 82, Train Loss: 0.00204, Valid Loss: 0.01329, EPS: 0.25300000000000006
Epoch: 83, Train Loss: 0.00205, Valid Loss: 0.01327, EPS: 0.24400000000000005
Epoch: 84, Train Loss: 0.00204, Valid Loss: 0.01330, EPS: 0.23500000000000004
Epoch: 85, Train Loss: 0.00204, Valid Loss: 0.01332, EPS: 0.22600000000000003
Epoch: 86, Train Loss: 0.00204, Valid Loss: 0.01331, EPS: 0.21700000000000003
Epoch: 87, Train Loss: 0.00204, Valid Loss: 0.01331, EPS: 0.20800000000000002
Epoch: 88, Train Loss: 0.00203, Valid Loss: 0.01330, EPS: 0.199
Epoch: 89, Train Loss: 0.00205, Valid Loss: 0.01329, EPS: 0.19
Epoch: 90, Train Loss: 0.00205, Valid Loss: 0.01330, EPS: 0.181
Epoch: 91, Train Loss: 0.00205, Valid Loss: 0.01331, EPS: 0.172
Epoch: 92, Train Loss: 0.00206, Valid Loss: 0.01327, EPS: 0.16299999999999998
Epoch: 93, Train Loss: 0.00205, Valid Loss: 0.01326, EPS: 0.15400000000000005
Epoch: 94, Train Loss: 0.00205, Valid Loss: 0.01330, EPS: 0.14500000000000005
Epoch: 95, Train Loss: 0.00205, Valid Loss: 0.01332, EPS: 0.13600000000000004
Epoch: 96, Train Loss: 0.00206, Valid Loss: 0.01331, EPS: 0.12700000000000003
Epoch: 97, Train Loss: 0.00205, Valid Loss: 0.01329, EPS: 0.11800000000000002
Epoch: 98, Train Loss: 0.00205, Valid Loss: 0.01330, EPS: 0.10900000000000001
Epoch: 99, Train Loss: 0.00206, Valid Loss: 0.01326, EPS: 0.1
Test Loss: 0.01331
Test Loss: 0.01273
Starting Latent Downstream Task
