nohup: ignoring input
torch.Size([14031, 5, 64, 32])
torch.Size([4677, 5, 64, 32])
torch.Size([4678, 5, 64, 32])
Shape: (5, 144, 72)
Fine Tuning Both
Training Decoder
Epoch: 0 | LR: 1.00e-04
  Recon Train Loss: 0.08 Generator: 0.43, Discriminator: 0.69
  Recon Validation Loss: 0.08, 
Epoch: 1 | LR: 1.00e-04
  Recon Train Loss: 0.08 Generator: 0.42, Discriminator: 0.69
  Recon Validation Loss: 0.09, 
Epoch: 2 | LR: 1.00e-04
  Recon Train Loss: 0.08 Generator: 0.43, Discriminator: 0.69
  Recon Validation Loss: 0.09, 
Epoch: 3 | LR: 1.00e-04
  Recon Train Loss: 0.09 Generator: 0.43, Discriminator: 0.69
  Recon Validation Loss: 0.10, 
Epoch: 4 | LR: 1.00e-04
  Recon Train Loss: 0.09 Generator: 0.44, Discriminator: 0.69
  Recon Validation Loss: 0.10, 
Epoch: 5 | LR: 1.00e-04
  Recon Train Loss: 0.09 Generator: 0.44, Discriminator: 0.69
  Recon Validation Loss: 0.10, 
Epoch: 6 | LR: 1.00e-04
  Recon Train Loss: 0.09 Generator: 0.44, Discriminator: 0.69
  Recon Validation Loss: 0.10, 
Epoch: 7 | LR: 1.00e-04
  Recon Train Loss: 0.09 Generator: 0.44, Discriminator: 0.69
  Recon Validation Loss: 0.10, 
Epoch: 8 | LR: 1.00e-04
  Recon Train Loss: 0.10 Generator: 0.44, Discriminator: 0.69
  Recon Validation Loss: 0.10, 
Epoch: 9 | LR: 1.00e-04
  Recon Train Loss: 0.10 Generator: 0.44, Discriminator: 0.69
  Recon Validation Loss: 0.10, 
Epoch: 10 | LR: 1.00e-04
  Recon Train Loss: 0.10 Generator: 0.44, Discriminator: 0.69
  Recon Validation Loss: 0.10, 
Epoch: 11 | LR: 1.00e-04
  Recon Train Loss: 0.10 Generator: 0.44, Discriminator: 0.69
  Recon Validation Loss: 0.10, 
Epoch: 12 | LR: 1.00e-05
  Recon Train Loss: 0.10 Generator: 0.44, Discriminator: 0.69
  Recon Validation Loss: 0.10, 
Epoch: 13 | LR: 1.00e-05
  Recon Train Loss: 0.10 Generator: 0.45, Discriminator: 0.69
  Recon Validation Loss: 0.11, 
Epoch: 14 | LR: 1.00e-05
  Recon Train Loss: 0.10 Generator: 0.45, Discriminator: 0.69
  Recon Validation Loss: 0.11, 
Epoch: 15 | LR: 1.00e-05
  Recon Train Loss: 0.10 Generator: 0.45, Discriminator: 0.69
  Recon Validation Loss: 0.11, 
Epoch: 16 | LR: 1.00e-05
  Recon Train Loss: 0.11 Generator: 0.45, Discriminator: 0.69
  Recon Validation Loss: 0.11, 
Epoch: 17 | LR: 1.00e-05
  Recon Train Loss: 0.11 Generator: 0.46, Discriminator: 0.69
  Recon Validation Loss: 0.11, 
Epoch: 18 | LR: 1.00e-05
  Recon Train Loss: 0.11 Generator: 0.45, Discriminator: 0.69
  Recon Validation Loss: 0.11, 
Epoch: 19 | LR: 1.00e-05
  Recon Train Loss: 0.11 Generator: 0.46, Discriminator: 0.69
  Recon Validation Loss: 0.11, 
Epoch: 20 | LR: 1.00e-05
  Recon Train Loss: 0.11 Generator: 0.46, Discriminator: 0.69
  Recon Validation Loss: 0.11, 
Epoch: 21 | LR: 1.00e-05
  Recon Train Loss: 0.11 Generator: 0.46, Discriminator: 0.69
  Recon Validation Loss: 0.12, 
Epoch: 22 | LR: 1.00e-05
  Recon Train Loss: 0.11 Generator: 0.45, Discriminator: 0.69
  Recon Validation Loss: 0.11, 
Epoch: 23 | LR: 1.00e-06
  Recon Train Loss: 0.11 Generator: 0.46, Discriminator: 0.69
  Recon Validation Loss: 0.11, 
Epoch: 24 | LR: 1.00e-06
  Recon Train Loss: 0.11 Generator: 0.46, Discriminator: 0.68
  Recon Validation Loss: 0.12, 
Epoch: 25 | LR: 1.00e-06
  Recon Train Loss: 0.11 Generator: 0.46, Discriminator: 0.68
  Recon Validation Loss: 0.12, 
Epoch: 26 | LR: 1.00e-06
  Recon Train Loss: 0.11 Generator: 0.47, Discriminator: 0.68
  Recon Validation Loss: 0.12, 
Epoch: 27 | LR: 1.00e-06
  Recon Train Loss: 0.12 Generator: 0.48, Discriminator: 0.67
  Recon Validation Loss: 0.13, 
Epoch: 28 | LR: 1.00e-06
  Recon Train Loss: 0.12 Generator: 0.48, Discriminator: 0.67
  Recon Validation Loss: 0.13, 
Epoch: 29 | LR: 1.00e-06
  Recon Train Loss: 0.13 Generator: 0.49, Discriminator: 0.67
  Recon Validation Loss: 0.14, 
Epoch: 30 | LR: 1.00e-06
  Recon Train Loss: 0.13 Generator: 0.49, Discriminator: 0.67
  Recon Validation Loss: 0.14, 
Epoch: 31 | LR: 1.00e-06
  Recon Train Loss: 0.14 Generator: 0.50, Discriminator: 0.66
  Recon Validation Loss: 0.15, 
Epoch: 32 | LR: 1.00e-06
  Recon Train Loss: 0.14 Generator: 0.51, Discriminator: 0.66
  Recon Validation Loss: 0.15, 
Epoch: 33 | LR: 1.00e-06
  Recon Train Loss: 0.15 Generator: 0.51, Discriminator: 0.66
  Recon Validation Loss: 0.15, 
Epoch: 34 | LR: 1.00e-07
  Recon Train Loss: 0.15 Generator: 0.53, Discriminator: 0.63
  Recon Validation Loss: 0.15, 
Epoch: 35 | LR: 1.00e-07
  Recon Train Loss: 0.15 Generator: 0.57, Discriminator: 0.56
  Recon Validation Loss: 0.15, 
Epoch: 36 | LR: 1.00e-07
  Recon Train Loss: 0.15 Generator: 0.62, Discriminator: 0.50
  Recon Validation Loss: 0.15, 
Epoch: 37 | LR: 1.00e-07
  Recon Train Loss: 0.15 Generator: 0.68, Discriminator: 0.43
  Recon Validation Loss: 0.16, 
Epoch: 38 | LR: 1.00e-07
  Recon Train Loss: 0.15 Generator: 0.75, Discriminator: 0.37
  Recon Validation Loss: 0.16, 
Epoch: 39 | LR: 1.00e-07
  Recon Train Loss: 0.15 Generator: 0.81, Discriminator: 0.33
  Recon Validation Loss: 0.16, 
Epoch: 40 | LR: 1.00e-07
  Recon Train Loss: 0.16 Generator: 0.87, Discriminator: 0.29
  Recon Validation Loss: 0.17, 
Epoch: 41 | LR: 1.00e-07
  Recon Train Loss: 0.16 Generator: 0.92, Discriminator: 0.27
  Recon Validation Loss: 0.17, 
Epoch: 42 | LR: 1.00e-07
  Recon Train Loss: 0.17 Generator: 0.97, Discriminator: 0.25
  Recon Validation Loss: 0.18, 
Epoch: 43 | LR: 1.00e-07
  Recon Train Loss: 0.17 Generator: 1.01, Discriminator: 0.23
  Recon Validation Loss: 0.18, 
Epoch: 44 | LR: 1.00e-07
  Recon Train Loss: 0.18 Generator: 1.05, Discriminator: 0.22
  Recon Validation Loss: 0.19, 
Epoch: 45 | LR: 1.00e-08
  Recon Train Loss: 0.18 Generator: 1.14, Discriminator: 0.19
  Recon Validation Loss: 0.19, 
Epoch: 46 | LR: 1.00e-08
  Recon Train Loss: 0.18 Generator: 1.25, Discriminator: 0.15
  Recon Validation Loss: 0.19, 
Epoch: 47 | LR: 1.00e-08
  Recon Train Loss: 0.18 Generator: 1.37, Discriminator: 0.11
  Recon Validation Loss: 0.19, 
Epoch: 48 | LR: 1.00e-08
  Recon Train Loss: 0.18 Generator: 1.49, Discriminator: 0.09
  Recon Validation Loss: 0.19, 
Epoch: 49 | LR: 1.00e-08
  Recon Train Loss: 0.18 Generator: 1.61, Discriminator: 0.07
  Recon Validation Loss: 0.19, 
Epoch: 50 | LR: 1.00e-08
  Recon Train Loss: 0.18 Generator: 1.72, Discriminator: 0.06
  Recon Validation Loss: 0.19, 
Epoch: 51 | LR: 1.00e-08
  Recon Train Loss: 0.18 Generator: 1.84, Discriminator: 0.05
  Recon Validation Loss: 0.18, 
Epoch: 52 | LR: 1.00e-08
  Recon Train Loss: 0.18 Generator: 1.95, Discriminator: 0.04
  Recon Validation Loss: 0.18, 
Epoch: 53 | LR: 1.00e-08
  Recon Train Loss: 0.18 Generator: 2.05, Discriminator: 0.03
  Recon Validation Loss: 0.18, 
Epoch: 54 | LR: 1.00e-08
  Recon Train Loss: 0.18 Generator: 2.16, Discriminator: 0.03
  Recon Validation Loss: 0.18, 
Epoch: 55 | LR: 1.00e-08
  Recon Train Loss: 0.18 Generator: 2.26, Discriminator: 0.02
  Recon Validation Loss: 0.18, 
Epoch: 56 | LR: 1.00e-08
  Recon Train Loss: 0.18 Generator: 2.36, Discriminator: 0.02
  Recon Validation Loss: 0.18, 
Epoch: 57 | LR: 1.00e-08
  Recon Train Loss: 0.18 Generator: 2.46, Discriminator: 0.02
  Recon Validation Loss: 0.18, 
Epoch: 58 | LR: 1.00e-08
  Recon Train Loss: 0.18 Generator: 2.56, Discriminator: 0.01
  Recon Validation Loss: 0.18, 
Epoch: 59 | LR: 1.00e-08
  Recon Train Loss: 0.18 Generator: 2.65, Discriminator: 0.01
  Recon Validation Loss: 0.18, 
Epoch: 60 | LR: 1.00e-08
  Recon Train Loss: 0.18 Generator: 2.75, Discriminator: 0.01
  Recon Validation Loss: 0.18, 
Epoch: 61 | LR: 1.00e-08
  Recon Train Loss: 0.18 Generator: 2.83, Discriminator: 0.01
  Recon Validation Loss: 0.18, 
Epoch: 62 | LR: 1.00e-08
  Recon Train Loss: 0.18 Generator: 2.93, Discriminator: 0.01
  Recon Validation Loss: 0.18, 
Epoch: 63 | LR: 1.00e-08
  Recon Train Loss: 0.18 Generator: 3.01, Discriminator: 0.01
  Recon Validation Loss: 0.18, 
Epoch: 64 | LR: 1.00e-08
  Recon Train Loss: 0.18 Generator: 3.09, Discriminator: 0.00
  Recon Validation Loss: 0.18, 
Epoch: 65 | LR: 1.00e-08
  Recon Train Loss: 0.18 Generator: 3.17, Discriminator: 0.00
  Recon Validation Loss: 0.18, 
Epoch: 66 | LR: 1.00e-08
  Recon Train Loss: 0.18 Generator: 3.26, Discriminator: 0.00
  Recon Validation Loss: 0.18, 
Epoch: 67 | LR: 1.00e-08
  Recon Train Loss: 0.18 Generator: 3.34, Discriminator: 0.00
  Recon Validation Loss: 0.18, 
Epoch: 68 | LR: 1.00e-08
  Recon Train Loss: 0.17 Generator: 3.42, Discriminator: 0.00
  Recon Validation Loss: 0.18, 
Epoch: 69 | LR: 1.00e-08
  Recon Train Loss: 0.17 Generator: 3.51, Discriminator: 0.00
  Recon Validation Loss: 0.18, 
Epoch: 70 | LR: 1.00e-08
  Recon Train Loss: 0.17 Generator: 3.58, Discriminator: 0.00
  Recon Validation Loss: 0.18, 
Epoch: 71 | LR: 1.00e-08
  Recon Train Loss: 0.17 Generator: 3.64, Discriminator: 0.00
  Recon Validation Loss: 0.18, 
Epoch: 72 | LR: 1.00e-08
  Recon Train Loss: 0.17 Generator: 3.72, Discriminator: 0.00
  Recon Validation Loss: 0.18, 
Epoch: 73 | LR: 1.00e-08
  Recon Train Loss: 0.17 Generator: 3.80, Discriminator: 0.00
  Recon Validation Loss: 0.18, 
Epoch: 74 | LR: 1.00e-08
  Recon Train Loss: 0.17 Generator: 3.87, Discriminator: 0.00
  Recon Validation Loss: 0.18, 
Epoch: 75 | LR: 1.00e-08
  Recon Train Loss: 0.17 Generator: 3.93, Discriminator: 0.00
  Recon Validation Loss: 0.18, 
Epoch: 76 | LR: 1.00e-08
  Recon Train Loss: 0.17 Generator: 4.00, Discriminator: 0.00
  Recon Validation Loss: 0.18, 
Epoch: 77 | LR: 1.00e-08
  Recon Train Loss: 0.18 Generator: 4.07, Discriminator: 0.00
  Recon Validation Loss: 0.18, 
Epoch: 78 | LR: 1.00e-08
  Recon Train Loss: 0.17 Generator: 4.12, Discriminator: 0.00
  Recon Validation Loss: 0.18, 
Epoch: 79 | LR: 1.00e-08
  Recon Train Loss: 0.18 Generator: 4.20, Discriminator: 0.00
  Recon Validation Loss: 0.18, 
Epoch: 80 | LR: 1.00e-08
  Recon Train Loss: 0.18 Generator: 4.26, Discriminator: 0.00
  Recon Validation Loss: 0.18, 
Epoch: 81 | LR: 1.00e-08
  Recon Train Loss: 0.18 Generator: 4.31, Discriminator: 0.00
  Recon Validation Loss: 0.18, 
Epoch: 82 | LR: 1.00e-08
  Recon Train Loss: 0.18 Generator: 4.36, Discriminator: 0.00
  Recon Validation Loss: 0.18, 
Epoch: 83 | LR: 1.00e-08
  Recon Train Loss: 0.18 Generator: 4.43, Discriminator: 0.00
  Recon Validation Loss: 0.18, 
Epoch: 84 | LR: 1.00e-08
  Recon Train Loss: 0.18 Generator: 4.48, Discriminator: 0.00
  Recon Validation Loss: 0.18, 
Epoch: 85 | LR: 1.00e-08
  Recon Train Loss: 0.18 Generator: 4.53, Discriminator: 0.00
  Recon Validation Loss: 0.18, 
Epoch: 86 | LR: 1.00e-08
  Recon Train Loss: 0.18 Generator: 4.58, Discriminator: 0.00
  Recon Validation Loss: 0.18, 
Epoch: 87 | LR: 1.00e-08
  Recon Train Loss: 0.18 Generator: 4.64, Discriminator: 0.00
  Recon Validation Loss: 0.18, 
Epoch: 88 | LR: 1.00e-08
  Recon Train Loss: 0.18 Generator: 4.71, Discriminator: 0.00
  Recon Validation Loss: 0.18, 
Epoch: 89 | LR: 1.00e-08
  Recon Train Loss: 0.18 Generator: 4.74, Discriminator: 0.00
  Recon Validation Loss: 0.18, 
Epoch: 90 | LR: 1.00e-08
  Recon Train Loss: 0.18 Generator: 4.79, Discriminator: 0.00
  Recon Validation Loss: 0.18, 
Epoch: 91 | LR: 1.00e-08
  Recon Train Loss: 0.18 Generator: 4.83, Discriminator: 0.00
  Recon Validation Loss: 0.18, 
Epoch: 92 | LR: 1.00e-08
  Recon Train Loss: 0.18 Generator: 4.88, Discriminator: 0.00
  Recon Validation Loss: 0.18, 
Epoch: 93 | LR: 1.00e-08
  Recon Train Loss: 0.18 Generator: 4.93, Discriminator: 0.00
  Recon Validation Loss: 0.18, 
Epoch: 94 | LR: 1.00e-08
  Recon Train Loss: 0.18 Generator: 4.98, Discriminator: 0.00
  Recon Validation Loss: 0.18, 
Epoch: 95 | LR: 1.00e-08
  Recon Train Loss: 0.18 Generator: 5.01, Discriminator: 0.00
  Recon Validation Loss: 0.18, 
Epoch: 96 | LR: 1.00e-08
  Recon Train Loss: 0.18 Generator: 5.05, Discriminator: 0.00
  Recon Validation Loss: 0.18, 
Epoch: 97 | LR: 1.00e-08
  Recon Train Loss: 0.18 Generator: 5.10, Discriminator: 0.00
  Recon Validation Loss: 0.18, 
Epoch: 98 | LR: 1.00e-08
  Recon Train Loss: 0.18 Generator: 5.13, Discriminator: 0.00
  Recon Validation Loss: 0.18, 
Epoch: 99 | LR: 1.00e-08
  Recon Train Loss: 0.18 Generator: 5.17, Discriminator: 0.00
  Recon Validation Loss: 0.18, 
Epoch: 100 | LR: 1.00e-08
  Recon Train Loss: 0.18 Generator: 5.20, Discriminator: 0.00
  Recon Validation Loss: 0.18, 
Epoch: 101 | LR: 1.00e-08
  Recon Train Loss: 0.18 Generator: 5.26, Discriminator: 0.00
  Recon Validation Loss: 0.18, 
Epoch: 102 | LR: 1.00e-08
  Recon Train Loss: 0.18 Generator: 5.27, Discriminator: 0.00
  Recon Validation Loss: 0.19, 
Epoch: 103 | LR: 1.00e-08
  Recon Train Loss: 0.18 Generator: 5.31, Discriminator: 0.00
  Recon Validation Loss: 0.19, 
Epoch: 104 | LR: 1.00e-08
  Recon Train Loss: 0.18 Generator: 5.36, Discriminator: 0.00
  Recon Validation Loss: 0.19, 
Epoch: 105 | LR: 1.00e-08
  Recon Train Loss: 0.18 Generator: 5.37, Discriminator: 0.00
  Recon Validation Loss: 0.19, 
Epoch: 106 | LR: 1.00e-08
  Recon Train Loss: 0.18 Generator: 5.42, Discriminator: 0.00
  Recon Validation Loss: 0.19, 
Epoch: 107 | LR: 1.00e-08
  Recon Train Loss: 0.18 Generator: 5.45, Discriminator: 0.00
  Recon Validation Loss: 0.19, 
Epoch: 108 | LR: 1.00e-08
  Recon Train Loss: 0.18 Generator: 5.48, Discriminator: 0.00
  Recon Validation Loss: 0.19, 
Epoch: 109 | LR: 1.00e-08
  Recon Train Loss: 0.18 Generator: 5.53, Discriminator: 0.00
  Recon Validation Loss: 0.19, 
Epoch: 110 | LR: 1.00e-08
  Recon Train Loss: 0.18 Generator: 5.56, Discriminator: 0.00
  Recon Validation Loss: 0.19, 
Epoch: 111 | LR: 1.00e-08
  Recon Train Loss: 0.18 Generator: 5.59, Discriminator: 0.00
  Recon Validation Loss: 0.19, 
Epoch: 112 | LR: 1.00e-08
  Recon Train Loss: 0.18 Generator: 5.64, Discriminator: 0.00
  Recon Validation Loss: 0.19, 
Epoch: 113 | LR: 1.00e-08
  Recon Train Loss: 0.18 Generator: 5.67, Discriminator: 0.00
  Recon Validation Loss: 0.19, 
Epoch: 114 | LR: 1.00e-08
  Recon Train Loss: 0.18 Generator: 5.71, Discriminator: 0.00
  Recon Validation Loss: 0.19, 
Epoch: 115 | LR: 1.00e-08
  Recon Train Loss: 0.18 Generator: 5.75, Discriminator: 0.00
  Recon Validation Loss: 0.19, 
Epoch: 116 | LR: 1.00e-08
  Recon Train Loss: 0.18 Generator: 5.76, Discriminator: 0.00
  Recon Validation Loss: 0.19, 
Epoch: 117 | LR: 1.00e-08
  Recon Train Loss: 0.18 Generator: 5.82, Discriminator: 0.00
  Recon Validation Loss: 0.19, 
Epoch: 118 | LR: 1.00e-08
  Recon Train Loss: 0.18 Generator: 5.85, Discriminator: 0.00
  Recon Validation Loss: 0.19, 
Epoch: 119 | LR: 1.00e-08
  Recon Train Loss: 0.18 Generator: 5.88, Discriminator: 0.00
  Recon Validation Loss: 0.19, 
Epoch: 120 | LR: 1.00e-08
  Recon Train Loss: 0.18 Generator: 5.93, Discriminator: 0.00
  Recon Validation Loss: 0.19, 
Epoch: 121 | LR: 1.00e-08
  Recon Train Loss: 0.18 Generator: 5.95, Discriminator: 0.00
  Recon Validation Loss: 0.19, 
Epoch: 122 | LR: 1.00e-08
  Recon Train Loss: 0.18 Generator: 6.00, Discriminator: 0.00
  Recon Validation Loss: 0.19, 
Epoch: 123 | LR: 1.00e-08
  Recon Train Loss: 0.18 Generator: 6.04, Discriminator: 0.00
  Recon Validation Loss: 0.19, 
Epoch: 124 | LR: 1.00e-08
  Recon Train Loss: 0.18 Generator: 6.08, Discriminator: 0.00
  Recon Validation Loss: 0.19, 
Epoch: 125 | LR: 1.00e-08
  Recon Train Loss: 0.19 Generator: 6.11, Discriminator: 0.00
  Recon Validation Loss: 0.19, 
Epoch: 126 | LR: 1.00e-08
  Recon Train Loss: 0.19 Generator: 6.16, Discriminator: 0.00
  Recon Validation Loss: 0.19, 
Epoch: 127 | LR: 1.00e-08
  Recon Train Loss: 0.19 Generator: 6.18, Discriminator: 0.00
  Recon Validation Loss: 0.19, 
Epoch: 128 | LR: 1.00e-08
  Recon Train Loss: 0.19 Generator: 6.22, Discriminator: 0.00
  Recon Validation Loss: 0.19, 
Epoch: 129 | LR: 1.00e-08
  Recon Train Loss: 0.19 Generator: 6.24, Discriminator: 0.00
  Recon Validation Loss: 0.19, 
Epoch: 130 | LR: 1.00e-08
  Recon Train Loss: 0.19 Generator: 6.29, Discriminator: 0.00
  Recon Validation Loss: 0.19, 
Epoch: 131 | LR: 1.00e-08
  Recon Train Loss: 0.19 Generator: 6.31, Discriminator: 0.00
  Recon Validation Loss: 0.19, 
Epoch: 132 | LR: 1.00e-08
  Recon Train Loss: 0.19 Generator: 6.33, Discriminator: 0.00
  Recon Validation Loss: 0.19, 
Epoch: 133 | LR: 1.00e-08
  Recon Train Loss: 0.19 Generator: 6.37, Discriminator: 0.00
  Recon Validation Loss: 0.19, 
Epoch: 134 | LR: 1.00e-08
  Recon Train Loss: 0.19 Generator: 6.40, Discriminator: 0.00
  Recon Validation Loss: 0.19, 
Epoch: 135 | LR: 1.00e-08
  Recon Train Loss: 0.19 Generator: 6.45, Discriminator: 0.00
  Recon Validation Loss: 0.19, 
Epoch: 136 | LR: 1.00e-08
  Recon Train Loss: 0.19 Generator: 6.46, Discriminator: 0.00
  Recon Validation Loss: 0.19, 
Epoch: 137 | LR: 1.00e-08
  Recon Train Loss: 0.19 Generator: 6.50, Discriminator: 0.00
  Recon Validation Loss: 0.19, 
Epoch: 138 | LR: 1.00e-08
  Recon Train Loss: 0.19 Generator: 6.55, Discriminator: 0.00
  Recon Validation Loss: 0.20, 
Epoch: 139 | LR: 1.00e-08
  Recon Train Loss: 0.19 Generator: 6.58, Discriminator: 0.00
  Recon Validation Loss: 0.20, 
Epoch: 140 | LR: 1.00e-08
  Recon Train Loss: 0.19 Generator: 6.62, Discriminator: 0.00
  Recon Validation Loss: 0.20, 
Epoch: 141 | LR: 1.00e-08
  Recon Train Loss: 0.19 Generator: 6.64, Discriminator: 0.00
  Recon Validation Loss: 0.20, 
Epoch: 142 | LR: 1.00e-08
  Recon Train Loss: 0.19 Generator: 6.69, Discriminator: 0.00
  Recon Validation Loss: 0.20, 
Epoch: 143 | LR: 1.00e-08
  Recon Train Loss: 0.19 Generator: 6.72, Discriminator: 0.00
  Recon Validation Loss: 0.20, 
Epoch: 144 | LR: 1.00e-08
  Recon Train Loss: 0.19 Generator: 6.74, Discriminator: 0.00
  Recon Validation Loss: 0.20, 
Epoch: 145 | LR: 1.00e-08
  Recon Train Loss: 0.19 Generator: 6.80, Discriminator: 0.00
  Recon Validation Loss: 0.20, 
Epoch: 146 | LR: 1.00e-08
  Recon Train Loss: 0.19 Generator: 6.80, Discriminator: 0.00
  Recon Validation Loss: 0.20, 
Epoch: 147 | LR: 1.00e-08
  Recon Train Loss: 0.19 Generator: 6.83, Discriminator: 0.00
  Recon Validation Loss: 0.20, 
Epoch: 148 | LR: 1.00e-08
  Recon Train Loss: 0.19 Generator: 6.86, Discriminator: 0.00
  Recon Validation Loss: 0.20, 
Epoch: 149 | LR: 1.00e-08
  Recon Train Loss: 0.19 Generator: 6.91, Discriminator: 0.00
  Recon Validation Loss: 0.20, 
Epoch: 150 | LR: 1.00e-08
  Recon Train Loss: 0.19 Generator: 6.93, Discriminator: 0.00
  Recon Validation Loss: 0.20, 
Epoch: 151 | LR: 1.00e-08
  Recon Train Loss: 0.19 Generator: 6.95, Discriminator: 0.00
  Recon Validation Loss: 0.20, 
Epoch: 152 | LR: 1.00e-08
  Recon Train Loss: 0.19 Generator: 7.00, Discriminator: 0.00
  Recon Validation Loss: 0.20, 
Epoch: 153 | LR: 1.00e-08
  Recon Train Loss: 0.19 Generator: 7.05, Discriminator: 0.00
  Recon Validation Loss: 0.20, 
Epoch: 154 | LR: 1.00e-08
  Recon Train Loss: 0.19 Generator: 7.05, Discriminator: 0.00
  Recon Validation Loss: 0.20, 
Epoch: 155 | LR: 1.00e-08
  Recon Train Loss: 0.19 Generator: 7.09, Discriminator: 0.00
  Recon Validation Loss: 0.20, 
Epoch: 156 | LR: 1.00e-08
  Recon Train Loss: 0.19 Generator: 7.14, Discriminator: 0.00
  Recon Validation Loss: 0.20, 
Epoch: 157 | LR: 1.00e-08
  Recon Train Loss: 0.19 Generator: 7.13, Discriminator: 0.00
  Recon Validation Loss: 0.20, 
Epoch: 158 | LR: 1.00e-08
  Recon Train Loss: 0.19 Generator: 7.16, Discriminator: 0.00
  Recon Validation Loss: 0.20, 
Epoch: 159 | LR: 1.00e-08
  Recon Train Loss: 0.19 Generator: 7.19, Discriminator: 0.00
  Recon Validation Loss: 0.20, 
Epoch: 160 | LR: 1.00e-08
  Recon Train Loss: 0.20 Generator: 7.21, Discriminator: 0.00
  Recon Validation Loss: 0.20, 
Epoch: 161 | LR: 1.00e-08
  Recon Train Loss: 0.20 Generator: 7.20, Discriminator: 0.00
  Recon Validation Loss: 0.20, 
Epoch: 162 | LR: 1.00e-08
  Recon Train Loss: 0.20 Generator: 7.24, Discriminator: 0.00
  Recon Validation Loss: 0.20, 
Epoch: 163 | LR: 1.00e-08
  Recon Train Loss: 0.20 Generator: 7.23, Discriminator: 0.00
  Recon Validation Loss: 0.20, 
Epoch: 164 | LR: 1.00e-08
  Recon Train Loss: 0.20 Generator: 7.26, Discriminator: 0.00
  Recon Validation Loss: 0.20, 
Epoch: 165 | LR: 1.00e-08
  Recon Train Loss: 0.20 Generator: 7.29, Discriminator: 0.00
  Recon Validation Loss: 0.20, 
Epoch: 166 | LR: 1.00e-08
  Recon Train Loss: 0.20 Generator: 7.31, Discriminator: 0.00
  Recon Validation Loss: 0.20, 
Epoch: 167 | LR: 1.00e-08
  Recon Train Loss: 0.20 Generator: 7.35, Discriminator: 0.00
  Recon Validation Loss: 0.20, 
Epoch: 168 | LR: 1.00e-08
  Recon Train Loss: 0.20 Generator: 7.42, Discriminator: 0.00
  Recon Validation Loss: 0.20, 
Epoch: 169 | LR: 1.00e-08
  Recon Train Loss: 0.20 Generator: 7.41, Discriminator: 0.00
  Recon Validation Loss: 0.20, 
Epoch: 170 | LR: 1.00e-08
  Recon Train Loss: 0.20 Generator: 7.43, Discriminator: 0.00
  Recon Validation Loss: 0.20, 
Epoch: 171 | LR: 1.00e-08
  Recon Train Loss: 0.20 Generator: 7.43, Discriminator: 0.00
  Recon Validation Loss: 0.20, 
Epoch: 172 | LR: 1.00e-08
  Recon Train Loss: 0.20 Generator: 7.46, Discriminator: 0.00
  Recon Validation Loss: 0.21, 
Epoch: 173 | LR: 1.00e-08
  Recon Train Loss: 0.20 Generator: 7.48, Discriminator: 0.00
  Recon Validation Loss: 0.21, 
Epoch: 174 | LR: 1.00e-08
  Recon Train Loss: 0.20 Generator: 7.52, Discriminator: 0.00
  Recon Validation Loss: 0.21, 
Epoch: 175 | LR: 1.00e-08
  Recon Train Loss: 0.20 Generator: 7.50, Discriminator: 0.00
  Recon Validation Loss: 0.21, 
Epoch: 176 | LR: 1.00e-08
  Recon Train Loss: 0.20 Generator: 7.58, Discriminator: 0.00
  Recon Validation Loss: 0.21, 
Epoch: 177 | LR: 1.00e-08
  Recon Train Loss: 0.20 Generator: 7.58, Discriminator: 0.00
  Recon Validation Loss: 0.21, 
Epoch: 178 | LR: 1.00e-08
  Recon Train Loss: 0.20 Generator: 7.58, Discriminator: 0.00
  Recon Validation Loss: 0.21, 
Epoch: 179 | LR: 1.00e-08
  Recon Train Loss: 0.20 Generator: 7.59, Discriminator: 0.00
  Recon Validation Loss: 0.21, 
Epoch: 180 | LR: 1.00e-08
  Recon Train Loss: 0.20 Generator: 7.64, Discriminator: 0.00
  Recon Validation Loss: 0.21, 
Epoch: 181 | LR: 1.00e-08
  Recon Train Loss: 0.20 Generator: 7.63, Discriminator: 0.00
  Recon Validation Loss: 0.21, 
Epoch: 182 | LR: 1.00e-08
  Recon Train Loss: 0.20 Generator: 7.62, Discriminator: 0.00
  Recon Validation Loss: 0.21, 
Epoch: 183 | LR: 1.00e-08
  Recon Train Loss: 0.20 Generator: 7.62, Discriminator: 0.00
  Recon Validation Loss: 0.21, 
Epoch: 184 | LR: 1.00e-08
  Recon Train Loss: 0.20 Generator: 7.64, Discriminator: 0.00
  Recon Validation Loss: 0.21, 
Epoch: 185 | LR: 1.00e-08
  Recon Train Loss: 0.20 Generator: 7.66, Discriminator: 0.00
  Recon Validation Loss: 0.21, 
Epoch: 186 | LR: 1.00e-08
  Recon Train Loss: 0.20 Generator: 7.62, Discriminator: 0.00
  Recon Validation Loss: 0.21, 
Epoch: 187 | LR: 1.00e-08
  Recon Train Loss: 0.20 Generator: 7.64, Discriminator: 0.00
  Recon Validation Loss: 0.21, 
Epoch: 188 | LR: 1.00e-08
  Recon Train Loss: 0.20 Generator: 7.65, Discriminator: 0.00
  Recon Validation Loss: 0.21, 
Epoch: 189 | LR: 1.00e-08
  Recon Train Loss: 0.20 Generator: 7.68, Discriminator: 0.00
  Recon Validation Loss: 0.21, 
Epoch: 190 | LR: 1.00e-08
  Recon Train Loss: 0.20 Generator: 7.71, Discriminator: 0.00
  Recon Validation Loss: 0.21, 
Epoch: 191 | LR: 1.00e-08
  Recon Train Loss: 0.20 Generator: 7.72, Discriminator: 0.00
  Recon Validation Loss: 0.21, 
Epoch: 192 | LR: 1.00e-08
  Recon Train Loss: 0.21 Generator: 7.74, Discriminator: 0.00
  Recon Validation Loss: 0.21, 
Epoch: 193 | LR: 1.00e-08
  Recon Train Loss: 0.21 Generator: 7.75, Discriminator: 0.00
  Recon Validation Loss: 0.21, 
Epoch: 194 | LR: 1.00e-08
  Recon Train Loss: 0.21 Generator: 7.75, Discriminator: 0.00
  Recon Validation Loss: 0.21, 
Epoch: 195 | LR: 1.00e-08
  Recon Train Loss: 0.21 Generator: 7.73, Discriminator: 0.00
  Recon Validation Loss: 0.21, 
Epoch: 196 | LR: 1.00e-08
  Recon Train Loss: 0.21 Generator: 7.78, Discriminator: 0.00
  Recon Validation Loss: 0.21, 
Epoch: 197 | LR: 1.00e-08
  Recon Train Loss: 0.21 Generator: 7.82, Discriminator: 0.00
  Recon Validation Loss: 0.21, 
Epoch: 198 | LR: 1.00e-08
  Recon Train Loss: 0.21 Generator: 7.82, Discriminator: 0.00
  Recon Validation Loss: 0.21, 
Epoch: 199 | LR: 1.00e-08
  Recon Train Loss: 0.21 Generator: 7.87, Discriminator: 0.00
  Recon Validation Loss: 0.21, 
