nohup: ignoring input
Train: torch.Size([14031, 5, 64, 32]), Valid: torch.Size([4677, 5, 64, 32]), Test: torch.Size([4678, 5, 64, 32])
Input shape: (C=5, H=144, W=72)
Fine Tuning Both
Starting Downstream Task
Training Decoder
Starting Latent Downstream Task
MSE Loss Between Generated and Conditioned: 441816.5625
Epoch: 1, Loss: 1.0108
MSE Loss Between Generated and Conditioned: 97603.5234
Epoch: 2, Loss: 0.8173
MSE Loss Between Generated and Conditioned: 52522.6250
Epoch: 3, Loss: 0.6985
MSE Loss Between Generated and Conditioned: 41444.9453
Epoch: 4, Loss: 0.6058
MSE Loss Between Generated and Conditioned: 34106.8828
Epoch: 5, Loss: 0.5312
MSE Loss Between Generated and Conditioned: 29321.9746
Epoch: 6, Loss: 0.4806
MSE Loss Between Generated and Conditioned: 24813.1074
Epoch: 7, Loss: 0.4380
MSE Loss Between Generated and Conditioned: 20717.9258
Epoch: 8, Loss: 0.4079
MSE Loss Between Generated and Conditioned: 17072.4199
Epoch: 9, Loss: 0.3797
MSE Loss Between Generated and Conditioned: 16390.4688
Epoch: 10, Loss: 0.3567
MSE Loss Between Generated and Conditioned: 13290.4473
Epoch: 11, Loss: 0.3374
MSE Loss Between Generated and Conditioned: 11737.4502
Epoch: 12, Loss: 0.3205
MSE Loss Between Generated and Conditioned: 10676.3701
Epoch: 13, Loss: 0.3043
MSE Loss Between Generated and Conditioned: 10229.4287
Epoch: 14, Loss: 0.2798
MSE Loss Between Generated and Conditioned: 7102.6714
Epoch: 15, Loss: 0.2666
MSE Loss Between Generated and Conditioned: 7189.5220
Epoch: 16, Loss: 0.2551
MSE Loss Between Generated and Conditioned: 7269.0640
Epoch: 17, Loss: 0.2413
MSE Loss Between Generated and Conditioned: 6415.8745
Epoch: 18, Loss: 0.2407
MSE Loss Between Generated and Conditioned: 4766.9360
Epoch: 19, Loss: 0.2349
MSE Loss Between Generated and Conditioned: 5897.9072
Epoch: 20, Loss: 0.2313
MSE Loss Between Generated and Conditioned: 4564.1753
Epoch: 21, Loss: 0.2198
MSE Loss Between Generated and Conditioned: 6048.7925
Epoch: 22, Loss: 0.2327
MSE Loss Between Generated and Conditioned: 4433.1138
Epoch: 23, Loss: 0.2174
MSE Loss Between Generated and Conditioned: 3857.9551
Epoch: 24, Loss: 0.2190
MSE Loss Between Generated and Conditioned: 3737.4922
Epoch: 25, Loss: 0.2158
MSE Loss Between Generated and Conditioned: 2678.7727
Epoch: 26, Loss: 0.2112
MSE Loss Between Generated and Conditioned: 2487.5312
Epoch: 27, Loss: 0.2003
MSE Loss Between Generated and Conditioned: 2325.8586
Epoch: 28, Loss: 0.1965
MSE Loss Between Generated and Conditioned: 2354.9556
Epoch: 29, Loss: 0.1908
MSE Loss Between Generated and Conditioned: 1833.0625
Epoch: 30, Loss: 0.1949
MSE Loss Between Generated and Conditioned: 1973.6647
Epoch: 31, Loss: 0.1858
MSE Loss Between Generated and Conditioned: 2748.5769
Epoch: 32, Loss: 0.1838
MSE Loss Between Generated and Conditioned: 1993.7958
Epoch: 33, Loss: 0.1805
MSE Loss Between Generated and Conditioned: 1780.5520
Epoch: 34, Loss: 0.1792
MSE Loss Between Generated and Conditioned: 2614.0183
Epoch: 35, Loss: 0.1784
MSE Loss Between Generated and Conditioned: 1623.6547
Epoch: 36, Loss: 0.1702
MSE Loss Between Generated and Conditioned: 2007.6063
Epoch: 37, Loss: 0.1747
MSE Loss Between Generated and Conditioned: 1046.8167
Epoch: 38, Loss: 0.1701
MSE Loss Between Generated and Conditioned: 710.9958
Epoch: 39, Loss: 0.1677
MSE Loss Between Generated and Conditioned: 976.8461
Epoch: 40, Loss: 0.1652
MSE Loss Between Generated and Conditioned: 835.5511
Epoch: 41, Loss: 0.1697
MSE Loss Between Generated and Conditioned: 753.8315
Epoch: 42, Loss: 0.1665
MSE Loss Between Generated and Conditioned: 557.8333
Epoch: 43, Loss: 0.1676
MSE Loss Between Generated and Conditioned: 698.6384
Epoch: 44, Loss: 0.1620
MSE Loss Between Generated and Conditioned: 556.9467
Epoch: 45, Loss: 0.1628
MSE Loss Between Generated and Conditioned: 509.7547
Epoch: 46, Loss: 0.1600
MSE Loss Between Generated and Conditioned: 614.5906
Epoch: 47, Loss: 0.1573
MSE Loss Between Generated and Conditioned: 682.3340
Epoch: 48, Loss: 0.1493
MSE Loss Between Generated and Conditioned: 546.4136
Epoch: 49, Loss: 0.1542
MSE Loss Between Generated and Conditioned: 722.4406
Epoch: 50, Loss: 0.1573
MSE Loss Between Generated and Conditioned: 628.3337
Epoch: 51, Loss: 0.1540
MSE Loss Between Generated and Conditioned: 605.7670
Epoch: 52, Loss: 0.1500
MSE Loss Between Generated and Conditioned: 373.0314
Epoch: 53, Loss: 0.1452
MSE Loss Between Generated and Conditioned: 414.6414
Epoch: 54, Loss: 0.1463
MSE Loss Between Generated and Conditioned: 275.2069
Epoch: 55, Loss: 0.1528
MSE Loss Between Generated and Conditioned: 192.5058
Epoch: 56, Loss: 0.1551
MSE Loss Between Generated and Conditioned: 449.2047
Epoch: 57, Loss: 0.1437
MSE Loss Between Generated and Conditioned: 257.6323
Epoch: 58, Loss: 0.1510
MSE Loss Between Generated and Conditioned: 274.3285
Epoch: 59, Loss: 0.1464
MSE Loss Between Generated and Conditioned: 112.4387
Epoch: 60, Loss: 0.1555
MSE Loss Between Generated and Conditioned: 165.6377
Epoch: 61, Loss: 0.1499
MSE Loss Between Generated and Conditioned: 98.3527
Epoch: 62, Loss: 0.1493
MSE Loss Between Generated and Conditioned: 131.5087
Epoch: 63, Loss: 0.1448
MSE Loss Between Generated and Conditioned: 181.5627
Epoch: 64, Loss: 0.1493
MSE Loss Between Generated and Conditioned: 357.7793
Epoch: 65, Loss: 0.1412
MSE Loss Between Generated and Conditioned: 170.1206
Epoch: 66, Loss: 0.1463
MSE Loss Between Generated and Conditioned: 207.7566
Epoch: 67, Loss: 0.1429
MSE Loss Between Generated and Conditioned: 253.1954
Epoch: 68, Loss: 0.1454
MSE Loss Between Generated and Conditioned: 81.6781
Epoch: 69, Loss: 0.1476
MSE Loss Between Generated and Conditioned: 49.2312
Epoch: 70, Loss: 0.1453
MSE Loss Between Generated and Conditioned: 53.5324
Epoch: 71, Loss: 0.1472
MSE Loss Between Generated and Conditioned: 105.2395
Epoch: 72, Loss: 0.1373
MSE Loss Between Generated and Conditioned: 79.5658
Epoch: 73, Loss: 0.1388
MSE Loss Between Generated and Conditioned: 85.1225
Epoch: 74, Loss: 0.1482
MSE Loss Between Generated and Conditioned: 80.5494
Epoch: 75, Loss: 0.1420
MSE Loss Between Generated and Conditioned: 95.1006
Epoch: 76, Loss: 0.1462
MSE Loss Between Generated and Conditioned: 102.4797
Epoch: 77, Loss: 0.1388
MSE Loss Between Generated and Conditioned: 83.2255
Epoch: 78, Loss: 0.1355
MSE Loss Between Generated and Conditioned: 61.1638
Epoch: 79, Loss: 0.1458
MSE Loss Between Generated and Conditioned: 42.7619
Epoch: 80, Loss: 0.1419
MSE Loss Between Generated and Conditioned: 63.2079
Epoch: 81, Loss: 0.1394
MSE Loss Between Generated and Conditioned: 36.7079
Epoch: 82, Loss: 0.1452
MSE Loss Between Generated and Conditioned: 54.7711
Epoch: 83, Loss: 0.1434
MSE Loss Between Generated and Conditioned: 68.4500
Epoch: 84, Loss: 0.1415
MSE Loss Between Generated and Conditioned: 87.9222
Epoch: 85, Loss: 0.1432
MSE Loss Between Generated and Conditioned: 47.4528
Epoch: 86, Loss: 0.1413
MSE Loss Between Generated and Conditioned: 42.9160
Epoch: 87, Loss: 0.1383
MSE Loss Between Generated and Conditioned: 34.3950
Epoch: 88, Loss: 0.1422
MSE Loss Between Generated and Conditioned: 21.8323
Epoch: 89, Loss: 0.1418
MSE Loss Between Generated and Conditioned: 28.2476
Epoch: 90, Loss: 0.1471
MSE Loss Between Generated and Conditioned: 28.4988
Epoch: 91, Loss: 0.1359
MSE Loss Between Generated and Conditioned: 25.3599
Epoch: 92, Loss: 0.1332
MSE Loss Between Generated and Conditioned: 30.3714
Epoch: 93, Loss: 0.1330
MSE Loss Between Generated and Conditioned: 31.9544
Epoch: 94, Loss: 0.1338
MSE Loss Between Generated and Conditioned: 18.2108
Epoch: 95, Loss: 0.1332
MSE Loss Between Generated and Conditioned: 25.9154
Epoch: 96, Loss: 0.1319
MSE Loss Between Generated and Conditioned: 35.6400
Epoch: 97, Loss: 0.1292
MSE Loss Between Generated and Conditioned: 26.7290
Epoch: 98, Loss: 0.1296
MSE Loss Between Generated and Conditioned: 18.1020
Epoch: 99, Loss: 0.1256
MSE Loss Between Generated and Conditioned: 26.7989
Epoch: 100, Loss: 0.1253
MSE Loss Between Generated and Conditioned: 26.9098
Epoch: 101, Loss: 0.1310
MSE Loss Between Generated and Conditioned: 25.7499
Epoch: 102, Loss: 0.1318
MSE Loss Between Generated and Conditioned: 28.3964
Epoch: 103, Loss: 0.1266
MSE Loss Between Generated and Conditioned: 34.7963
Epoch: 104, Loss: 0.1245
MSE Loss Between Generated and Conditioned: 33.8621
Epoch: 105, Loss: 0.1255
MSE Loss Between Generated and Conditioned: 29.9997
Epoch: 106, Loss: 0.1250
MSE Loss Between Generated and Conditioned: 32.1456
Epoch: 107, Loss: 0.1270
MSE Loss Between Generated and Conditioned: 26.5490
Epoch: 108, Loss: 0.1221
MSE Loss Between Generated and Conditioned: 27.6690
Epoch: 109, Loss: 0.1243
MSE Loss Between Generated and Conditioned: 20.9876
Epoch: 110, Loss: 0.1301
MSE Loss Between Generated and Conditioned: 33.9961
Epoch: 111, Loss: 0.1324
MSE Loss Between Generated and Conditioned: 21.4598
Epoch: 112, Loss: 0.1324
MSE Loss Between Generated and Conditioned: 20.0213
Epoch: 113, Loss: 0.1341
MSE Loss Between Generated and Conditioned: 34.4088
Epoch: 114, Loss: 0.1319
MSE Loss Between Generated and Conditioned: 31.9981
Epoch: 115, Loss: 0.1284
MSE Loss Between Generated and Conditioned: 24.5505
Epoch: 116, Loss: 0.1288
MSE Loss Between Generated and Conditioned: 32.9940
Epoch: 117, Loss: 0.1158
MSE Loss Between Generated and Conditioned: 17.5494
Epoch: 118, Loss: 0.1349
MSE Loss Between Generated and Conditioned: 19.1840
Epoch: 119, Loss: 0.1313
MSE Loss Between Generated and Conditioned: 22.6540
Epoch: 120, Loss: 0.1286
MSE Loss Between Generated and Conditioned: 22.4954
Epoch: 121, Loss: 0.1313
MSE Loss Between Generated and Conditioned: 23.2538
Epoch: 122, Loss: 0.1217
MSE Loss Between Generated and Conditioned: 24.2863
Epoch: 123, Loss: 0.1333
MSE Loss Between Generated and Conditioned: 24.3961
Epoch: 124, Loss: 0.1318
MSE Loss Between Generated and Conditioned: 23.4218
Epoch: 125, Loss: 0.1303
MSE Loss Between Generated and Conditioned: 22.2911
Epoch: 126, Loss: 0.1237
MSE Loss Between Generated and Conditioned: 20.6914
Epoch: 127, Loss: 0.1286
MSE Loss Between Generated and Conditioned: 14.1054
Epoch: 128, Loss: 0.1364
MSE Loss Between Generated and Conditioned: 25.2005
Epoch: 129, Loss: 0.1282
MSE Loss Between Generated and Conditioned: 22.7429
Epoch: 130, Loss: 0.1273
MSE Loss Between Generated and Conditioned: 21.8226
Epoch: 131, Loss: 0.1298
MSE Loss Between Generated and Conditioned: 16.4172
Epoch: 132, Loss: 0.1273
MSE Loss Between Generated and Conditioned: 20.8472
Epoch: 133, Loss: 0.1275
MSE Loss Between Generated and Conditioned: 25.2558
Epoch: 134, Loss: 0.1261
MSE Loss Between Generated and Conditioned: 28.7989
Epoch: 135, Loss: 0.1257
MSE Loss Between Generated and Conditioned: 24.8169
Epoch: 136, Loss: 0.1295
MSE Loss Between Generated and Conditioned: 19.8505
Epoch: 137, Loss: 0.1305
MSE Loss Between Generated and Conditioned: 18.4143
Epoch: 138, Loss: 0.1247
MSE Loss Between Generated and Conditioned: 25.4691
Epoch: 139, Loss: 0.1253
MSE Loss Between Generated and Conditioned: 41.3978
Epoch: 140, Loss: 0.1295
MSE Loss Between Generated and Conditioned: 14.6292
Epoch: 141, Loss: 0.1277
MSE Loss Between Generated and Conditioned: 30.8179
Epoch: 142, Loss: 0.1304
MSE Loss Between Generated and Conditioned: 27.1053
Epoch: 143, Loss: 0.1282
MSE Loss Between Generated and Conditioned: 24.2761
Epoch: 144, Loss: 0.1297
MSE Loss Between Generated and Conditioned: 21.6748
Epoch: 145, Loss: 0.1289
MSE Loss Between Generated and Conditioned: 36.2240
Epoch: 146, Loss: 0.1311
MSE Loss Between Generated and Conditioned: 28.7577
Epoch: 147, Loss: 0.1306
MSE Loss Between Generated and Conditioned: 34.2039
Epoch: 148, Loss: 0.1304
MSE Loss Between Generated and Conditioned: 21.4597
Epoch: 149, Loss: 0.1241
MSE Loss Between Generated and Conditioned: 21.1065
Epoch: 150, Loss: 0.1218
MSE Loss Between Generated and Conditioned: 20.0705
Epoch: 151, Loss: 0.1319
MSE Loss Between Generated and Conditioned: 34.4384
Epoch: 152, Loss: 0.1357
MSE Loss Between Generated and Conditioned: 23.9972
Epoch: 153, Loss: 0.1229
MSE Loss Between Generated and Conditioned: 16.8042
Epoch: 154, Loss: 0.1324
MSE Loss Between Generated and Conditioned: 19.8235
Epoch: 155, Loss: 0.1213
MSE Loss Between Generated and Conditioned: 28.2454
Epoch: 156, Loss: 0.1237
MSE Loss Between Generated and Conditioned: 18.1606
Epoch: 157, Loss: 0.1309
MSE Loss Between Generated and Conditioned: 12.9120
Epoch: 158, Loss: 0.1331
MSE Loss Between Generated and Conditioned: 24.7325
Epoch: 159, Loss: 0.1255
MSE Loss Between Generated and Conditioned: 23.4440
Epoch: 160, Loss: 0.1236
MSE Loss Between Generated and Conditioned: 28.8029
Epoch: 161, Loss: 0.1300
MSE Loss Between Generated and Conditioned: 18.3670
Epoch: 162, Loss: 0.1307
MSE Loss Between Generated and Conditioned: 20.0995
Epoch: 163, Loss: 0.1190
MSE Loss Between Generated and Conditioned: 32.0179
Epoch: 164, Loss: 0.1257
MSE Loss Between Generated and Conditioned: 27.9093
Epoch: 165, Loss: 0.1283
MSE Loss Between Generated and Conditioned: 23.1784
Epoch: 166, Loss: 0.1244
MSE Loss Between Generated and Conditioned: 22.3713
Epoch: 167, Loss: 0.1343
MSE Loss Between Generated and Conditioned: 20.9871
Epoch: 168, Loss: 0.1289
MSE Loss Between Generated and Conditioned: 22.0171
Epoch: 169, Loss: 0.1332
MSE Loss Between Generated and Conditioned: 32.4994
Epoch: 170, Loss: 0.1284
MSE Loss Between Generated and Conditioned: 18.4488
Epoch: 171, Loss: 0.1317
MSE Loss Between Generated and Conditioned: 14.9598
Epoch: 172, Loss: 0.1239
MSE Loss Between Generated and Conditioned: 22.8584
Epoch: 173, Loss: 0.1271
MSE Loss Between Generated and Conditioned: 24.8869
Epoch: 174, Loss: 0.1290
MSE Loss Between Generated and Conditioned: 29.0092
Epoch: 175, Loss: 0.1252
MSE Loss Between Generated and Conditioned: 34.0254
Epoch: 176, Loss: 0.1295
MSE Loss Between Generated and Conditioned: 22.5985
Epoch: 177, Loss: 0.1283
MSE Loss Between Generated and Conditioned: 17.0887
Epoch: 178, Loss: 0.1255
MSE Loss Between Generated and Conditioned: 25.0317
Epoch: 179, Loss: 0.1317
MSE Loss Between Generated and Conditioned: 24.5882
Epoch: 180, Loss: 0.1292
MSE Loss Between Generated and Conditioned: 25.0378
Epoch: 181, Loss: 0.1299
MSE Loss Between Generated and Conditioned: 22.0384
Epoch: 182, Loss: 0.1292
MSE Loss Between Generated and Conditioned: 24.0328
Epoch: 183, Loss: 0.1317
MSE Loss Between Generated and Conditioned: 29.5996
Epoch: 184, Loss: 0.1242
MSE Loss Between Generated and Conditioned: 22.7459
Epoch: 185, Loss: 0.1261
MSE Loss Between Generated and Conditioned: 16.9414
Epoch: 186, Loss: 0.1296
MSE Loss Between Generated and Conditioned: 23.7932
Epoch: 187, Loss: 0.1297
MSE Loss Between Generated and Conditioned: 21.2878
Epoch: 188, Loss: 0.1274
MSE Loss Between Generated and Conditioned: 23.9009
Epoch: 189, Loss: 0.1279
MSE Loss Between Generated and Conditioned: 14.9249
Epoch: 190, Loss: 0.1346
MSE Loss Between Generated and Conditioned: 24.0209
Epoch: 191, Loss: 0.1261
MSE Loss Between Generated and Conditioned: 20.8645
Epoch: 192, Loss: 0.1398
MSE Loss Between Generated and Conditioned: 19.6423
Epoch: 193, Loss: 0.1280
MSE Loss Between Generated and Conditioned: 17.0985
Epoch: 194, Loss: 0.1252
MSE Loss Between Generated and Conditioned: 31.4414
Epoch: 195, Loss: 0.1259
MSE Loss Between Generated and Conditioned: 15.7722
Epoch: 196, Loss: 0.1323
MSE Loss Between Generated and Conditioned: 12.7525
Epoch: 197, Loss: 0.1215
MSE Loss Between Generated and Conditioned: 28.4455
Epoch: 198, Loss: 0.1287
MSE Loss Between Generated and Conditioned: 22.2830
Epoch: 199, Loss: 0.1292
MSE Loss Between Generated and Conditioned: 25.2183
Epoch: 200, Loss: 0.1217
MSE Loss Between Generated and Conditioned: 21.0238
Epoch: 201, Loss: 0.1246
MSE Loss Between Generated and Conditioned: 21.8030
Epoch: 202, Loss: 0.1321
MSE Loss Between Generated and Conditioned: 14.2727
Epoch: 203, Loss: 0.1341
MSE Loss Between Generated and Conditioned: 22.8972
Epoch: 204, Loss: 0.1289
MSE Loss Between Generated and Conditioned: 17.4025
Epoch: 205, Loss: 0.1301
MSE Loss Between Generated and Conditioned: 23.5685
Epoch: 206, Loss: 0.1318
MSE Loss Between Generated and Conditioned: 26.1652
Epoch: 207, Loss: 0.1310
MSE Loss Between Generated and Conditioned: 25.3406
Epoch: 208, Loss: 0.1229
MSE Loss Between Generated and Conditioned: 20.4560
Epoch: 209, Loss: 0.1239
MSE Loss Between Generated and Conditioned: 23.4438
Epoch: 210, Loss: 0.1298
MSE Loss Between Generated and Conditioned: 25.6905
Epoch: 211, Loss: 0.1258
MSE Loss Between Generated and Conditioned: 20.9026
Epoch: 212, Loss: 0.1294
MSE Loss Between Generated and Conditioned: 31.5406
Epoch: 213, Loss: 0.1278
MSE Loss Between Generated and Conditioned: 24.7365
Epoch: 214, Loss: 0.1330
MSE Loss Between Generated and Conditioned: 26.8498
Epoch: 215, Loss: 0.1324
MSE Loss Between Generated and Conditioned: 26.2298
Epoch: 216, Loss: 0.1345
MSE Loss Between Generated and Conditioned: 21.1209
Epoch: 217, Loss: 0.1257
MSE Loss Between Generated and Conditioned: 24.1325
Epoch: 218, Loss: 0.1283
MSE Loss Between Generated and Conditioned: 23.7514
Epoch: 219, Loss: 0.1263
MSE Loss Between Generated and Conditioned: 18.2772
Epoch: 220, Loss: 0.1299
MSE Loss Between Generated and Conditioned: 25.1038
Epoch: 221, Loss: 0.1281
MSE Loss Between Generated and Conditioned: 18.0012
Epoch: 222, Loss: 0.1359
MSE Loss Between Generated and Conditioned: 19.4264
Epoch: 223, Loss: 0.1315
MSE Loss Between Generated and Conditioned: 21.1587
Epoch: 224, Loss: 0.1342
MSE Loss Between Generated and Conditioned: 24.4170
Epoch: 225, Loss: 0.1267
MSE Loss Between Generated and Conditioned: 12.8083
Epoch: 226, Loss: 0.1325
MSE Loss Between Generated and Conditioned: 19.5089
Epoch: 227, Loss: 0.1224
MSE Loss Between Generated and Conditioned: 23.3041
Epoch: 228, Loss: 0.1228
MSE Loss Between Generated and Conditioned: 26.3984
Epoch: 229, Loss: 0.1247
MSE Loss Between Generated and Conditioned: 28.9136
Epoch: 230, Loss: 0.1264
MSE Loss Between Generated and Conditioned: 20.2480
Epoch: 231, Loss: 0.1290
MSE Loss Between Generated and Conditioned: 19.3159
Epoch: 232, Loss: 0.1338
MSE Loss Between Generated and Conditioned: 28.0382
Epoch: 233, Loss: 0.1286
MSE Loss Between Generated and Conditioned: 24.9656
Epoch: 234, Loss: 0.1331
MSE Loss Between Generated and Conditioned: 16.1941
Epoch: 235, Loss: 0.1331
MSE Loss Between Generated and Conditioned: 18.7121
Epoch: 236, Loss: 0.1327
MSE Loss Between Generated and Conditioned: 24.2585
Epoch: 237, Loss: 0.1263
MSE Loss Between Generated and Conditioned: 16.5313
Epoch: 238, Loss: 0.1290
MSE Loss Between Generated and Conditioned: 34.6426
Epoch: 239, Loss: 0.1300
MSE Loss Between Generated and Conditioned: 22.4606
Epoch: 240, Loss: 0.1296
MSE Loss Between Generated and Conditioned: 24.8312
Epoch: 241, Loss: 0.1266
MSE Loss Between Generated and Conditioned: 11.0183
Epoch: 242, Loss: 0.1270
MSE Loss Between Generated and Conditioned: 35.8313
Epoch: 243, Loss: 0.1280
MSE Loss Between Generated and Conditioned: 23.5353
Epoch: 244, Loss: 0.1302
MSE Loss Between Generated and Conditioned: 17.9394
Epoch: 245, Loss: 0.1326
MSE Loss Between Generated and Conditioned: 20.3778
Epoch: 246, Loss: 0.1200
MSE Loss Between Generated and Conditioned: 20.3177
Epoch: 247, Loss: 0.1326
MSE Loss Between Generated and Conditioned: 29.0847
Epoch: 248, Loss: 0.1297
MSE Loss Between Generated and Conditioned: 29.8930
Epoch: 249, Loss: 0.1270
MSE Loss Between Generated and Conditioned: 18.1505
Epoch: 250, Loss: 0.1241
MSE Loss Between Generated and Conditioned: 19.6311
Epoch: 251, Loss: 0.1266
MSE Loss Between Generated and Conditioned: 23.0422
Epoch: 252, Loss: 0.1319
MSE Loss Between Generated and Conditioned: 18.0113
Epoch: 253, Loss: 0.1341
MSE Loss Between Generated and Conditioned: 22.7529
Epoch: 254, Loss: 0.1248
MSE Loss Between Generated and Conditioned: 27.6288
Epoch: 255, Loss: 0.1242
MSE Loss Between Generated and Conditioned: 17.1847
Epoch: 256, Loss: 0.1229
MSE Loss Between Generated and Conditioned: 13.4059
Epoch: 257, Loss: 0.1330
MSE Loss Between Generated and Conditioned: 33.8147
Epoch: 258, Loss: 0.1308
MSE Loss Between Generated and Conditioned: 24.1096
Epoch: 259, Loss: 0.1273
MSE Loss Between Generated and Conditioned: 24.7465
Epoch: 260, Loss: 0.1316
MSE Loss Between Generated and Conditioned: 26.4559
Epoch: 261, Loss: 0.1270
MSE Loss Between Generated and Conditioned: 18.6974
Epoch: 262, Loss: 0.1233
MSE Loss Between Generated and Conditioned: 23.3561
Epoch: 263, Loss: 0.1265
MSE Loss Between Generated and Conditioned: 21.0322
Epoch: 264, Loss: 0.1277
MSE Loss Between Generated and Conditioned: 32.7766
Epoch: 265, Loss: 0.1291
MSE Loss Between Generated and Conditioned: 26.7107
Epoch: 266, Loss: 0.1316
MSE Loss Between Generated and Conditioned: 21.4645
Epoch: 267, Loss: 0.1235
MSE Loss Between Generated and Conditioned: 17.9525
Epoch: 268, Loss: 0.1243
MSE Loss Between Generated and Conditioned: 24.6070
Epoch: 269, Loss: 0.1346
MSE Loss Between Generated and Conditioned: 26.7275
Epoch: 270, Loss: 0.1267
MSE Loss Between Generated and Conditioned: 34.9462
Epoch: 271, Loss: 0.1267
MSE Loss Between Generated and Conditioned: 13.3483
Epoch: 272, Loss: 0.1273
MSE Loss Between Generated and Conditioned: 27.4884
Epoch: 273, Loss: 0.1284
MSE Loss Between Generated and Conditioned: 18.2769
Epoch: 274, Loss: 0.1176
MSE Loss Between Generated and Conditioned: 16.9088
Epoch: 275, Loss: 0.1272
MSE Loss Between Generated and Conditioned: 16.6007
Epoch: 276, Loss: 0.1249
MSE Loss Between Generated and Conditioned: 29.4751
Epoch: 277, Loss: 0.1281
MSE Loss Between Generated and Conditioned: 28.2295
Epoch: 278, Loss: 0.1243
MSE Loss Between Generated and Conditioned: 23.7749
Epoch: 279, Loss: 0.1281
MSE Loss Between Generated and Conditioned: 16.6937
Epoch: 280, Loss: 0.1284
MSE Loss Between Generated and Conditioned: 23.3376
Epoch: 281, Loss: 0.1270
MSE Loss Between Generated and Conditioned: 24.2115
Epoch: 282, Loss: 0.1339
MSE Loss Between Generated and Conditioned: 20.1053
Epoch: 283, Loss: 0.1234
MSE Loss Between Generated and Conditioned: 20.2188
Epoch: 284, Loss: 0.1231
MSE Loss Between Generated and Conditioned: 31.2178
Epoch: 285, Loss: 0.1279
MSE Loss Between Generated and Conditioned: 22.0443
Epoch: 286, Loss: 0.1255
MSE Loss Between Generated and Conditioned: 28.3938
Epoch: 287, Loss: 0.1259
MSE Loss Between Generated and Conditioned: 24.9300
Epoch: 288, Loss: 0.1262
MSE Loss Between Generated and Conditioned: 20.0879
Epoch: 289, Loss: 0.1381
MSE Loss Between Generated and Conditioned: 27.0909
Epoch: 290, Loss: 0.1289
MSE Loss Between Generated and Conditioned: 23.0998
Epoch: 291, Loss: 0.1262
MSE Loss Between Generated and Conditioned: 18.9944
Epoch: 292, Loss: 0.1317
MSE Loss Between Generated and Conditioned: 24.8961
Epoch: 293, Loss: 0.1322
MSE Loss Between Generated and Conditioned: 20.6875
Epoch: 294, Loss: 0.1238
MSE Loss Between Generated and Conditioned: 33.9530
Epoch: 295, Loss: 0.1251
MSE Loss Between Generated and Conditioned: 14.1491
Epoch: 296, Loss: 0.1228
MSE Loss Between Generated and Conditioned: 29.5302
Epoch: 297, Loss: 0.1257
MSE Loss Between Generated and Conditioned: 24.6285
Epoch: 298, Loss: 0.1269
MSE Loss Between Generated and Conditioned: 31.7028
Epoch: 299, Loss: 0.1243
/vol/bitbucket/nb324/masters_project/msc_repo/part_5_further_analysis/latent_diffusion_model_conditional_attn/latent_model_main.py:116: UserWarning: No artists with labels found to put in legend.  Note that artists whose label start with an underscore are ignored when legend() is called with no argument.
  plt.legend()
Traceback (most recent call last):
  File "/vol/bitbucket/nb324/masters_project/msc_repo/part_5_further_analysis/simclr_cycle_loss/main.py", line 180, in <module>
    main()
  File "/vol/bitbucket/nb324/masters_project/msc_repo/part_5_further_analysis/simclr_cycle_loss/main.py", line 172, in main
    downstream_task_latent_diffusion_conditional_attn(
  File "/vol/bitbucket/nb324/masters_project/msc_repo/part_5_further_analysis/latent_diffusion_model_conditional_attn/latent_model_main.py", line 121, in downstream_task
    plt.plot(epochs, train_losses)
  File "/vol/bitbucket/nb324/masters_project/.venv/lib/python3.12/site-packages/matplotlib/pyplot.py", line 3827, in plot
    return gca().plot(
           ^^^^^^^^^^^
  File "/vol/bitbucket/nb324/masters_project/.venv/lib/python3.12/site-packages/matplotlib/axes/_axes.py", line 1777, in plot
    lines = [*self._get_lines(self, *args, data=data, **kwargs)]
            ^^^^^^^^^^^^^^^^^^^^^^^^^^^^^^^^^^^^^^^^^^^^^^^^^^^^
  File "/vol/bitbucket/nb324/masters_project/.venv/lib/python3.12/site-packages/matplotlib/axes/_base.py", line 297, in __call__
    yield from self._plot_args(
               ^^^^^^^^^^^^^^^^
  File "/vol/bitbucket/nb324/masters_project/.venv/lib/python3.12/site-packages/matplotlib/axes/_base.py", line 494, in _plot_args
    raise ValueError(f"x and y must have same first dimension, but "
ValueError: x and y must have same first dimension, but have shapes (1,) and (44,)
