nohup: ignoring input
torch.Size([14031, 5, 64, 32])
torch.Size([4677, 5, 64, 32])
torch.Size([4678, 5, 64, 32])
Shape: (5, 144, 72)
Fine Tuning Both
Starting Latent Downstream Task
MSE Loss Between Generated and Conditioned: 110204600.0000
Epoch: 1, Loss: 1434.4028
MSE Loss Between Generated and Conditioned: 27176170.0000
Epoch: 2, Loss: 1375.4737
MSE Loss Between Generated and Conditioned: 234742.4844
Epoch: 3, Loss: 1193.1121
MSE Loss Between Generated and Conditioned: 188250.3438
Epoch: 4, Loss: 1158.6103
MSE Loss Between Generated and Conditioned: 86319.0625
Epoch: 5, Loss: 990.7087
MSE Loss Between Generated and Conditioned: 78085.7109
Epoch: 6, Loss: 954.4950
MSE Loss Between Generated and Conditioned: 42843.4648
Epoch: 7, Loss: 902.2225
MSE Loss Between Generated and Conditioned: 35248.7695
Epoch: 8, Loss: 926.4666
MSE Loss Between Generated and Conditioned: 34988.7031
Epoch: 9, Loss: 825.4187
MSE Loss Between Generated and Conditioned: 32252.2441
Epoch: 10, Loss: 767.0611
MSE Loss Between Generated and Conditioned: 27022.3340
Epoch: 11, Loss: 691.8347
MSE Loss Between Generated and Conditioned: 22281.3281
Epoch: 12, Loss: 638.9828
MSE Loss Between Generated and Conditioned: 21273.6406
Epoch: 13, Loss: 663.4380
MSE Loss Between Generated and Conditioned: 18640.8574
Epoch: 14, Loss: 595.4093
MSE Loss Between Generated and Conditioned: 18263.2148
Epoch: 15, Loss: 612.4279
MSE Loss Between Generated and Conditioned: 14122.3535
Epoch: 16, Loss: 514.9311
MSE Loss Between Generated and Conditioned: 14533.0029
Epoch: 17, Loss: 566.0844
MSE Loss Between Generated and Conditioned: 12631.9717
Epoch: 18, Loss: 454.9797
MSE Loss Between Generated and Conditioned: 11767.9639
Epoch: 19, Loss: 501.2147
MSE Loss Between Generated and Conditioned: 10405.7178
Epoch: 20, Loss: 438.7079
MSE Loss Between Generated and Conditioned: 9686.5537
Epoch: 21, Loss: 421.5138
MSE Loss Between Generated and Conditioned: 8883.8965
Epoch: 22, Loss: 378.3508
MSE Loss Between Generated and Conditioned: 7908.5195
Epoch: 23, Loss: 327.1989
MSE Loss Between Generated and Conditioned: 7368.7095
Epoch: 24, Loss: 358.4753
MSE Loss Between Generated and Conditioned: 6883.6675
Epoch: 25, Loss: 294.7595
MSE Loss Between Generated and Conditioned: 6158.5005
Epoch: 26, Loss: 329.8370
MSE Loss Between Generated and Conditioned: 6163.9736
Epoch: 27, Loss: 285.0761
MSE Loss Between Generated and Conditioned: 4952.5054
Epoch: 28, Loss: 265.8064
MSE Loss Between Generated and Conditioned: 4435.8022
Epoch: 29, Loss: 290.9904
MSE Loss Between Generated and Conditioned: 4041.9226
Epoch: 30, Loss: 263.1167
MSE Loss Between Generated and Conditioned: 3881.9285
Epoch: 31, Loss: 264.7355
MSE Loss Between Generated and Conditioned: 2839.6113
Epoch: 32, Loss: 236.2580
MSE Loss Between Generated and Conditioned: 2720.6067
Epoch: 33, Loss: 258.8855
MSE Loss Between Generated and Conditioned: 2474.4028
Epoch: 34, Loss: 229.0736
MSE Loss Between Generated and Conditioned: 2369.7625
Epoch: 35, Loss: 225.5273
MSE Loss Between Generated and Conditioned: 1669.2086
Epoch: 36, Loss: 202.2655
MSE Loss Between Generated and Conditioned: 1381.2874
Epoch: 37, Loss: 209.7969
MSE Loss Between Generated and Conditioned: 1466.3728
Epoch: 38, Loss: 209.6993
MSE Loss Between Generated and Conditioned: 1451.6576
Epoch: 39, Loss: 183.4803
MSE Loss Between Generated and Conditioned: 1406.0785
Epoch: 40, Loss: 191.0426
MSE Loss Between Generated and Conditioned: 1496.4026
Epoch: 41, Loss: 178.1537
MSE Loss Between Generated and Conditioned: 944.7961
Epoch: 42, Loss: 172.4426
MSE Loss Between Generated and Conditioned: 1213.2887
Epoch: 43, Loss: 160.5709
MSE Loss Between Generated and Conditioned: 1153.5598
Epoch: 44, Loss: 162.2547
MSE Loss Between Generated and Conditioned: 1035.8464
Epoch: 45, Loss: 152.2838
MSE Loss Between Generated and Conditioned: 1157.0791
Epoch: 46, Loss: 155.8248
MSE Loss Between Generated and Conditioned: 740.4543
Epoch: 47, Loss: 144.8404
MSE Loss Between Generated and Conditioned: 860.9053
Epoch: 48, Loss: 138.2825
MSE Loss Between Generated and Conditioned: 758.7979
Epoch: 49, Loss: 146.1598
MSE Loss Between Generated and Conditioned: 715.5640
Epoch: 50, Loss: 144.2665
MSE Loss Between Generated and Conditioned: 641.1503
Epoch: 51, Loss: 128.0890
MSE Loss Between Generated and Conditioned: 701.8634
Epoch: 52, Loss: 136.6933
MSE Loss Between Generated and Conditioned: 672.4167
Epoch: 53, Loss: 133.1914
MSE Loss Between Generated and Conditioned: 1089.1144
Epoch: 54, Loss: 121.6687
MSE Loss Between Generated and Conditioned: 406.3955
Epoch: 55, Loss: 116.1706
MSE Loss Between Generated and Conditioned: 670.0517
Epoch: 56, Loss: 112.8755
MSE Loss Between Generated and Conditioned: 624.2055
Epoch: 57, Loss: 128.9673
MSE Loss Between Generated and Conditioned: 1444.7904
Epoch: 58, Loss: 127.0612
MSE Loss Between Generated and Conditioned: 751.2812
Epoch: 59, Loss: 124.4534
MSE Loss Between Generated and Conditioned: 658.4493
Epoch: 60, Loss: 120.4676
MSE Loss Between Generated and Conditioned: 369.0876
Epoch: 61, Loss: 116.0372
MSE Loss Between Generated and Conditioned: 734.5394
Epoch: 62, Loss: 122.1362
MSE Loss Between Generated and Conditioned: 640.4073
Epoch: 63, Loss: 108.0847
MSE Loss Between Generated and Conditioned: 469.3196
Epoch: 64, Loss: 129.2639
MSE Loss Between Generated and Conditioned: 491.3049
Epoch: 65, Loss: 109.3661
MSE Loss Between Generated and Conditioned: 1253.3625
Epoch: 66, Loss: 117.2645
MSE Loss Between Generated and Conditioned: 620.1265
Epoch: 67, Loss: 120.3579
MSE Loss Between Generated and Conditioned: 1968.7997
Epoch: 68, Loss: 121.2546
MSE Loss Between Generated and Conditioned: 398.4145
Epoch: 69, Loss: 123.2731
MSE Loss Between Generated and Conditioned: 419.0239
Epoch: 70, Loss: 115.1404
MSE Loss Between Generated and Conditioned: 1197.6309
Epoch: 71, Loss: 123.6165
MSE Loss Between Generated and Conditioned: 854.2739
Epoch: 72, Loss: 112.6793
MSE Loss Between Generated and Conditioned: 303.8208
Epoch: 73, Loss: 106.9411
MSE Loss Between Generated and Conditioned: 266.8454
Epoch: 74, Loss: 110.9045
MSE Loss Between Generated and Conditioned: 773.0269
Epoch: 75, Loss: 104.1796
MSE Loss Between Generated and Conditioned: 613.0226
Epoch: 76, Loss: 97.4371
MSE Loss Between Generated and Conditioned: 824.7920
Epoch: 77, Loss: 109.5079
MSE Loss Between Generated and Conditioned: 335.7573
Epoch: 78, Loss: 111.6706
MSE Loss Between Generated and Conditioned: 594.5859
Epoch: 79, Loss: 104.8639
MSE Loss Between Generated and Conditioned: 542.5657
Epoch: 80, Loss: 114.4488
MSE Loss Between Generated and Conditioned: 391.0183
Epoch: 81, Loss: 115.0592
MSE Loss Between Generated and Conditioned: 403.8630
Epoch: 82, Loss: 107.0366
MSE Loss Between Generated and Conditioned: 391.1284
Epoch: 83, Loss: 106.4294
MSE Loss Between Generated and Conditioned: 983.6646
Epoch: 84, Loss: 109.7641
MSE Loss Between Generated and Conditioned: 222.8468
Epoch: 85, Loss: 105.2509
MSE Loss Between Generated and Conditioned: 423.7774
Epoch: 86, Loss: 119.7505
MSE Loss Between Generated and Conditioned: 382.2953
Epoch: 87, Loss: 117.9801
MSE Loss Between Generated and Conditioned: 223.2357
Epoch: 88, Loss: 110.8026
MSE Loss Between Generated and Conditioned: 390.3044
Epoch: 89, Loss: 101.0434
MSE Loss Between Generated and Conditioned: 290.3606
Epoch: 90, Loss: 95.9051
MSE Loss Between Generated and Conditioned: 196.6370
Epoch: 91, Loss: 90.6390
MSE Loss Between Generated and Conditioned: 197.0168
Epoch: 92, Loss: 84.9802
MSE Loss Between Generated and Conditioned: 219.0904
Epoch: 93, Loss: 80.2795
MSE Loss Between Generated and Conditioned: 159.0589
Epoch: 94, Loss: 84.1496
MSE Loss Between Generated and Conditioned: 259.8066
Epoch: 95, Loss: 77.1019
MSE Loss Between Generated and Conditioned: 248.8895
Epoch: 96, Loss: 72.3610
MSE Loss Between Generated and Conditioned: 219.1601
Epoch: 97, Loss: 77.5115
MSE Loss Between Generated and Conditioned: 314.2829
Epoch: 98, Loss: 62.6681
MSE Loss Between Generated and Conditioned: 208.3767
Epoch: 99, Loss: 63.6273
MSE Loss Between Generated and Conditioned: 222.8459
Epoch: 100, Loss: 71.3653
MSE Loss Between Generated and Conditioned: 259.1021
Epoch: 101, Loss: 64.1052
MSE Loss Between Generated and Conditioned: 242.8812
Epoch: 102, Loss: 62.4830
MSE Loss Between Generated and Conditioned: 247.4780
Epoch: 103, Loss: 57.8542
MSE Loss Between Generated and Conditioned: 244.3600
Epoch: 104, Loss: 55.5648
MSE Loss Between Generated and Conditioned: 221.6549
Epoch: 105, Loss: 59.0201
MSE Loss Between Generated and Conditioned: 239.4417
Epoch: 106, Loss: 54.5750
MSE Loss Between Generated and Conditioned: 172.3828
Epoch: 107, Loss: 54.7576
MSE Loss Between Generated and Conditioned: 373.8472
Epoch: 108, Loss: 59.0813
MSE Loss Between Generated and Conditioned: 200.9246
Epoch: 109, Loss: 55.0749
MSE Loss Between Generated and Conditioned: 184.5752
Epoch: 110, Loss: 52.8863
MSE Loss Between Generated and Conditioned: 245.7557
Epoch: 111, Loss: 55.2363
MSE Loss Between Generated and Conditioned: 295.7764
Epoch: 112, Loss: 48.0147
MSE Loss Between Generated and Conditioned: 201.3362
Epoch: 113, Loss: 50.3282
MSE Loss Between Generated and Conditioned: 178.2904
Epoch: 114, Loss: 47.4186
MSE Loss Between Generated and Conditioned: 150.9118
Epoch: 115, Loss: 49.5663
MSE Loss Between Generated and Conditioned: 172.2627
Epoch: 116, Loss: 46.1672
MSE Loss Between Generated and Conditioned: 237.1685
Epoch: 117, Loss: 49.2956
MSE Loss Between Generated and Conditioned: 237.5619
Epoch: 118, Loss: 47.4160
MSE Loss Between Generated and Conditioned: 155.8370
Epoch: 119, Loss: 43.4716
MSE Loss Between Generated and Conditioned: 257.9590
Epoch: 120, Loss: 45.1699
MSE Loss Between Generated and Conditioned: 198.0447
Epoch: 121, Loss: 43.4081
MSE Loss Between Generated and Conditioned: 335.5772
Epoch: 122, Loss: 46.9190
MSE Loss Between Generated and Conditioned: 278.4667
Epoch: 123, Loss: 44.8461
MSE Loss Between Generated and Conditioned: 275.9162
Epoch: 124, Loss: 44.5018
MSE Loss Between Generated and Conditioned: 201.6120
Epoch: 125, Loss: 43.4015
MSE Loss Between Generated and Conditioned: 149.6123
Epoch: 126, Loss: 49.5455
MSE Loss Between Generated and Conditioned: 179.7262
Epoch: 127, Loss: 44.9521
MSE Loss Between Generated and Conditioned: 174.1570
Epoch: 128, Loss: 44.4319
MSE Loss Between Generated and Conditioned: 316.0688
Epoch: 129, Loss: 44.2499
MSE Loss Between Generated and Conditioned: 123.2012
Epoch: 130, Loss: 45.6786
MSE Loss Between Generated and Conditioned: 151.8652
Epoch: 131, Loss: 41.7965
MSE Loss Between Generated and Conditioned: 238.4009
Epoch: 132, Loss: 44.9815
MSE Loss Between Generated and Conditioned: 184.5592
Epoch: 133, Loss: 37.2115
MSE Loss Between Generated and Conditioned: 147.4041
Epoch: 134, Loss: 42.5529
MSE Loss Between Generated and Conditioned: 175.0030
Epoch: 135, Loss: 45.0045
MSE Loss Between Generated and Conditioned: 266.1550
Epoch: 136, Loss: 43.9349
MSE Loss Between Generated and Conditioned: 233.3796
Epoch: 137, Loss: 41.5679
MSE Loss Between Generated and Conditioned: 167.4873
Epoch: 138, Loss: 37.1994
MSE Loss Between Generated and Conditioned: 182.5463
Epoch: 139, Loss: 43.8506
MSE Loss Between Generated and Conditioned: 228.0946
Epoch: 140, Loss: 40.7296
MSE Loss Between Generated and Conditioned: 282.8130
Epoch: 141, Loss: 44.1859
MSE Loss Between Generated and Conditioned: 107.5019
Epoch: 142, Loss: 44.9040
MSE Loss Between Generated and Conditioned: 230.5526
Epoch: 143, Loss: 40.0557
MSE Loss Between Generated and Conditioned: 258.9048
Epoch: 144, Loss: 42.8263
MSE Loss Between Generated and Conditioned: 156.5841
Epoch: 145, Loss: 38.9199
MSE Loss Between Generated and Conditioned: 197.5925
Epoch: 146, Loss: 42.7941
MSE Loss Between Generated and Conditioned: 229.8679
Epoch: 147, Loss: 40.6429
MSE Loss Between Generated and Conditioned: 199.7558
Epoch: 148, Loss: 40.8726
MSE Loss Between Generated and Conditioned: 196.4396
Epoch: 149, Loss: 44.4138
MSE Loss Between Generated and Conditioned: 239.6450
Epoch: 150, Loss: 42.8787
MSE Loss Between Generated and Conditioned: 177.9699
Epoch: 151, Loss: 43.7489
MSE Loss Between Generated and Conditioned: 254.4693
Epoch: 152, Loss: 46.1502
MSE Loss Between Generated and Conditioned: 232.6840
Epoch: 153, Loss: 40.6680
MSE Loss Between Generated and Conditioned: 220.4115
Epoch: 154, Loss: 40.8295
MSE Loss Between Generated and Conditioned: 211.6278
Epoch: 155, Loss: 38.2903
MSE Loss Between Generated and Conditioned: 158.6591
Epoch: 156, Loss: 38.4733
MSE Loss Between Generated and Conditioned: 188.1140
Epoch: 157, Loss: 43.5834
MSE Loss Between Generated and Conditioned: 233.9059
Epoch: 158, Loss: 39.9390
MSE Loss Between Generated and Conditioned: 193.2120
Epoch: 159, Loss: 37.9276
MSE Loss Between Generated and Conditioned: 320.4503
Epoch: 160, Loss: 40.4711
MSE Loss Between Generated and Conditioned: 281.7722
Epoch: 161, Loss: 37.9317
MSE Loss Between Generated and Conditioned: 292.2895
Epoch: 162, Loss: 36.3565
MSE Loss Between Generated and Conditioned: 221.5977
Epoch: 163, Loss: 36.6348
MSE Loss Between Generated and Conditioned: 290.7513
Epoch: 164, Loss: 38.6783
MSE Loss Between Generated and Conditioned: 179.0636
Epoch: 165, Loss: 40.3924
MSE Loss Between Generated and Conditioned: 179.6873
Epoch: 166, Loss: 36.3112
MSE Loss Between Generated and Conditioned: 249.2233
Epoch: 167, Loss: 44.9477
MSE Loss Between Generated and Conditioned: 175.0934
Epoch: 168, Loss: 38.4757
MSE Loss Between Generated and Conditioned: 173.2762
Epoch: 169, Loss: 38.7278
MSE Loss Between Generated and Conditioned: 245.3564
Epoch: 170, Loss: 39.4523
MSE Loss Between Generated and Conditioned: 178.5408
Epoch: 171, Loss: 40.0642
MSE Loss Between Generated and Conditioned: 146.2862
Epoch: 172, Loss: 37.3870
MSE Loss Between Generated and Conditioned: 180.8564
Epoch: 173, Loss: 37.5816
MSE Loss Between Generated and Conditioned: 172.6041
Epoch: 174, Loss: 42.0099
MSE Loss Between Generated and Conditioned: 185.2340
Epoch: 175, Loss: 40.5452
MSE Loss Between Generated and Conditioned: 144.9911
Epoch: 176, Loss: 38.3111
MSE Loss Between Generated and Conditioned: 77.3558
Epoch: 177, Loss: 41.8518
MSE Loss Between Generated and Conditioned: 196.8890
Epoch: 178, Loss: 38.2114
MSE Loss Between Generated and Conditioned: 216.0476
Epoch: 179, Loss: 38.7201
MSE Loss Between Generated and Conditioned: 130.2706
Epoch: 180, Loss: 33.8659
MSE Loss Between Generated and Conditioned: 190.4845
Epoch: 181, Loss: 40.1828
MSE Loss Between Generated and Conditioned: 116.4018
Epoch: 182, Loss: 40.7825
MSE Loss Between Generated and Conditioned: 202.2099
Epoch: 183, Loss: 38.7359
MSE Loss Between Generated and Conditioned: 172.0637
Epoch: 184, Loss: 39.8449
MSE Loss Between Generated and Conditioned: 160.3629
Epoch: 185, Loss: 38.6241
MSE Loss Between Generated and Conditioned: 207.8242
Epoch: 186, Loss: 35.8933
MSE Loss Between Generated and Conditioned: 182.9353
Epoch: 187, Loss: 36.0551
MSE Loss Between Generated and Conditioned: 164.2334
Epoch: 188, Loss: 38.1738
MSE Loss Between Generated and Conditioned: 220.6943
Epoch: 189, Loss: 42.2519
MSE Loss Between Generated and Conditioned: 219.3679
Epoch: 190, Loss: 40.6452
MSE Loss Between Generated and Conditioned: 184.2458
Epoch: 191, Loss: 41.9600
MSE Loss Between Generated and Conditioned: 166.3579
Epoch: 192, Loss: 42.7885
MSE Loss Between Generated and Conditioned: 232.9894
Epoch: 193, Loss: 35.0827
MSE Loss Between Generated and Conditioned: 195.0313
Epoch: 194, Loss: 40.2149
MSE Loss Between Generated and Conditioned: 216.2124
Epoch: 195, Loss: 44.7505
MSE Loss Between Generated and Conditioned: 228.3700
Epoch: 196, Loss: 40.7767
MSE Loss Between Generated and Conditioned: 220.6337
Epoch: 197, Loss: 39.7993
MSE Loss Between Generated and Conditioned: 198.1672
Epoch: 198, Loss: 35.7048
MSE Loss Between Generated and Conditioned: 195.4673
Epoch: 199, Loss: 35.9892
MSE Loss Between Generated and Conditioned: 234.8837
Epoch: 200, Loss: 37.7433
MSE Loss Between Generated and Conditioned: 182.4720
Epoch: 201, Loss: 38.8990
MSE Loss Between Generated and Conditioned: 229.9093
Epoch: 202, Loss: 36.2165
MSE Loss Between Generated and Conditioned: 192.1597
Epoch: 203, Loss: 40.8352
MSE Loss Between Generated and Conditioned: 203.0272
Epoch: 204, Loss: 39.3063
MSE Loss Between Generated and Conditioned: 235.7023
Epoch: 205, Loss: 40.2873
MSE Loss Between Generated and Conditioned: 182.1150
Epoch: 206, Loss: 37.0200
MSE Loss Between Generated and Conditioned: 246.5538
Epoch: 207, Loss: 39.9101
MSE Loss Between Generated and Conditioned: 152.9705
Epoch: 208, Loss: 35.1659
MSE Loss Between Generated and Conditioned: 204.7866
Epoch: 209, Loss: 38.2310
MSE Loss Between Generated and Conditioned: 132.5611
Epoch: 210, Loss: 42.9470
MSE Loss Between Generated and Conditioned: 204.0838
Epoch: 211, Loss: 37.4441
MSE Loss Between Generated and Conditioned: 204.9451
Epoch: 212, Loss: 35.1509
MSE Loss Between Generated and Conditioned: 224.1217
Epoch: 213, Loss: 40.0773
MSE Loss Between Generated and Conditioned: 247.1462
Epoch: 214, Loss: 38.3387
MSE Loss Between Generated and Conditioned: 136.9869
Epoch: 215, Loss: 43.8574
MSE Loss Between Generated and Conditioned: 256.1121
Epoch: 216, Loss: 37.9408
MSE Loss Between Generated and Conditioned: 215.5163
Epoch: 217, Loss: 38.8140
MSE Loss Between Generated and Conditioned: 211.7783
Epoch: 218, Loss: 39.9542
MSE Loss Between Generated and Conditioned: 315.5729
Epoch: 219, Loss: 38.5594
MSE Loss Between Generated and Conditioned: 182.8453
Epoch: 220, Loss: 39.6078
MSE Loss Between Generated and Conditioned: 220.7194
Epoch: 221, Loss: 35.4914
MSE Loss Between Generated and Conditioned: 181.8919
Epoch: 222, Loss: 45.0710
MSE Loss Between Generated and Conditioned: 212.2942
Epoch: 223, Loss: 38.8556
MSE Loss Between Generated and Conditioned: 205.0700
Epoch: 224, Loss: 41.2704
MSE Loss Between Generated and Conditioned: 252.3362
Epoch: 225, Loss: 41.1665
MSE Loss Between Generated and Conditioned: 173.0528
Epoch: 226, Loss: 37.9961
MSE Loss Between Generated and Conditioned: 215.5081
Epoch: 227, Loss: 41.1404
MSE Loss Between Generated and Conditioned: 161.7299
Epoch: 228, Loss: 42.5675
MSE Loss Between Generated and Conditioned: 231.5380
Epoch: 229, Loss: 35.2530
MSE Loss Between Generated and Conditioned: 233.4676
Epoch: 230, Loss: 38.7067
MSE Loss Between Generated and Conditioned: 154.8516
Epoch: 231, Loss: 35.5638
MSE Loss Between Generated and Conditioned: 190.4725
Epoch: 232, Loss: 36.2925
MSE Loss Between Generated and Conditioned: 273.7922
Epoch: 233, Loss: 43.0291
MSE Loss Between Generated and Conditioned: 206.5979
Epoch: 234, Loss: 43.5597
MSE Loss Between Generated and Conditioned: 166.4930
Epoch: 235, Loss: 45.3763
MSE Loss Between Generated and Conditioned: 178.0311
Epoch: 236, Loss: 40.5039
MSE Loss Between Generated and Conditioned: 220.5470
Epoch: 237, Loss: 40.7243
MSE Loss Between Generated and Conditioned: 184.1632
Epoch: 238, Loss: 41.0909
MSE Loss Between Generated and Conditioned: 233.7372
Epoch: 239, Loss: 37.2576
MSE Loss Between Generated and Conditioned: 205.2360
Epoch: 240, Loss: 37.7549
MSE Loss Between Generated and Conditioned: 237.6544
Epoch: 241, Loss: 36.6671
MSE Loss Between Generated and Conditioned: 211.5967
Epoch: 242, Loss: 38.1326
MSE Loss Between Generated and Conditioned: 242.6475
Epoch: 243, Loss: 41.9325
MSE Loss Between Generated and Conditioned: 213.9268
Epoch: 244, Loss: 41.0889
MSE Loss Between Generated and Conditioned: 166.3889
Epoch: 245, Loss: 39.8743
MSE Loss Between Generated and Conditioned: 150.2306
Epoch: 246, Loss: 38.6388
MSE Loss Between Generated and Conditioned: 221.7796
Epoch: 247, Loss: 37.0502
MSE Loss Between Generated and Conditioned: 216.5773
Epoch: 248, Loss: 41.8870
MSE Loss Between Generated and Conditioned: 207.8717
Epoch: 249, Loss: 39.4120
MSE Loss Between Generated and Conditioned: 208.7666
Epoch: 250, Loss: 39.1838
MSE Loss Between Generated and Conditioned: 165.3468
Epoch: 251, Loss: 37.5430
MSE Loss Between Generated and Conditioned: 239.4833
Epoch: 252, Loss: 40.8126
MSE Loss Between Generated and Conditioned: 218.3218
Epoch: 253, Loss: 36.8991
MSE Loss Between Generated and Conditioned: 166.7597
Epoch: 254, Loss: 41.1606
MSE Loss Between Generated and Conditioned: 231.4343
Epoch: 255, Loss: 37.4850
MSE Loss Between Generated and Conditioned: 226.4029
Epoch: 256, Loss: 41.5652
MSE Loss Between Generated and Conditioned: 239.4072
Epoch: 257, Loss: 37.0535
MSE Loss Between Generated and Conditioned: 170.5432
Epoch: 258, Loss: 38.9761
MSE Loss Between Generated and Conditioned: 207.3656
Epoch: 259, Loss: 38.6626
MSE Loss Between Generated and Conditioned: 178.0255
Epoch: 260, Loss: 44.4395
MSE Loss Between Generated and Conditioned: 133.8161
Epoch: 261, Loss: 39.1546
MSE Loss Between Generated and Conditioned: 256.7418
Epoch: 262, Loss: 40.8216
MSE Loss Between Generated and Conditioned: 176.9041
Epoch: 263, Loss: 38.1467
MSE Loss Between Generated and Conditioned: 199.8392
Epoch: 264, Loss: 37.8014
MSE Loss Between Generated and Conditioned: 156.9692
Epoch: 265, Loss: 40.0069
MSE Loss Between Generated and Conditioned: 265.2738
Epoch: 266, Loss: 37.8989
MSE Loss Between Generated and Conditioned: 197.5957
Epoch: 267, Loss: 40.0161
MSE Loss Between Generated and Conditioned: 187.2639
Epoch: 268, Loss: 40.9345
MSE Loss Between Generated and Conditioned: 106.6319
Epoch: 269, Loss: 40.5049
MSE Loss Between Generated and Conditioned: 173.0016
Epoch: 270, Loss: 40.6656
MSE Loss Between Generated and Conditioned: 268.8935
Epoch: 271, Loss: 37.8997
MSE Loss Between Generated and Conditioned: 216.2399
Epoch: 272, Loss: 37.7315
MSE Loss Between Generated and Conditioned: 160.5211
Epoch: 273, Loss: 39.2997
MSE Loss Between Generated and Conditioned: 157.4037
Epoch: 274, Loss: 40.9881
MSE Loss Between Generated and Conditioned: 204.4766
Epoch: 275, Loss: 38.1327
MSE Loss Between Generated and Conditioned: 256.8196
Epoch: 276, Loss: 38.2038
MSE Loss Between Generated and Conditioned: 194.8940
Epoch: 277, Loss: 41.4194
MSE Loss Between Generated and Conditioned: 162.3167
Epoch: 278, Loss: 37.0201
MSE Loss Between Generated and Conditioned: 169.8179
Epoch: 279, Loss: 37.4532
MSE Loss Between Generated and Conditioned: 175.2296
Epoch: 280, Loss: 41.8941
MSE Loss Between Generated and Conditioned: 218.0755
Epoch: 281, Loss: 43.3210
MSE Loss Between Generated and Conditioned: 171.5918
Epoch: 282, Loss: 42.1002
MSE Loss Between Generated and Conditioned: 271.1690
Epoch: 283, Loss: 40.9721
MSE Loss Between Generated and Conditioned: 222.6637
Epoch: 284, Loss: 38.1427
MSE Loss Between Generated and Conditioned: 170.7336
Epoch: 285, Loss: 43.4842
MSE Loss Between Generated and Conditioned: 194.1225
Epoch: 286, Loss: 36.9661
MSE Loss Between Generated and Conditioned: 166.4111
Epoch: 287, Loss: 38.6790
MSE Loss Between Generated and Conditioned: 181.4255
Epoch: 288, Loss: 43.1104
MSE Loss Between Generated and Conditioned: 274.3626
Epoch: 289, Loss: 39.4927
MSE Loss Between Generated and Conditioned: 182.1762
Epoch: 290, Loss: 41.4915
MSE Loss Between Generated and Conditioned: 196.5289
Epoch: 291, Loss: 40.4092
MSE Loss Between Generated and Conditioned: 229.2732
Epoch: 292, Loss: 40.8197
MSE Loss Between Generated and Conditioned: 206.8946
Epoch: 293, Loss: 36.4321
MSE Loss Between Generated and Conditioned: 225.8242
Epoch: 294, Loss: 42.9957
MSE Loss Between Generated and Conditioned: 267.9522
Epoch: 295, Loss: 38.1338
MSE Loss Between Generated and Conditioned: 148.3975
Epoch: 296, Loss: 40.3069
MSE Loss Between Generated and Conditioned: 181.5075
Epoch: 297, Loss: 39.3272
MSE Loss Between Generated and Conditioned: 146.2674
Epoch: 298, Loss: 39.7179
MSE Loss Between Generated and Conditioned: 162.0847
Epoch: 299, Loss: 38.6469
