nohup: ignoring input
torch.Size([14031, 5, 64, 32])
torch.Size([4677, 5, 64, 32])
torch.Size([4678, 5, 64, 32])
Shape: (5, 144, 72)
Fine Tuning Both
Starting Downstream Task
Starting Latent Downstream Task
MSE Loss Between Generated and Conditioned: 298123.5000
Epoch: 1, Loss: 1.0089
MSE Loss Between Generated and Conditioned: 66460.0703
Epoch: 2, Loss: 0.8131
MSE Loss Between Generated and Conditioned: 41369.1328
Epoch: 3, Loss: 0.7029
MSE Loss Between Generated and Conditioned: 31832.6777
Epoch: 4, Loss: 0.6195
MSE Loss Between Generated and Conditioned: 26955.1387
Epoch: 5, Loss: 0.5456
MSE Loss Between Generated and Conditioned: 20497.5859
Epoch: 6, Loss: 0.4933
MSE Loss Between Generated and Conditioned: 18258.8145
Epoch: 7, Loss: 0.4457
MSE Loss Between Generated and Conditioned: 16909.6230
Epoch: 8, Loss: 0.4110
MSE Loss Between Generated and Conditioned: 13600.2969
Epoch: 9, Loss: 0.3833
MSE Loss Between Generated and Conditioned: 12991.5625
Epoch: 10, Loss: 0.3628
MSE Loss Between Generated and Conditioned: 10571.2119
Epoch: 11, Loss: 0.3318
MSE Loss Between Generated and Conditioned: 9234.8193
Epoch: 12, Loss: 0.3128
MSE Loss Between Generated and Conditioned: 8530.1729
Epoch: 13, Loss: 0.2925
MSE Loss Between Generated and Conditioned: 7065.5000
Epoch: 14, Loss: 0.2792
MSE Loss Between Generated and Conditioned: 5228.5000
Epoch: 15, Loss: 0.2675
MSE Loss Between Generated and Conditioned: 4596.1372
Epoch: 16, Loss: 0.2590
MSE Loss Between Generated and Conditioned: 3613.1641
Epoch: 17, Loss: 0.2473
MSE Loss Between Generated and Conditioned: 2974.4238
Epoch: 18, Loss: 0.2337
MSE Loss Between Generated and Conditioned: 3042.1416
Epoch: 19, Loss: 0.2359
MSE Loss Between Generated and Conditioned: 2555.8462
Epoch: 20, Loss: 0.2263
MSE Loss Between Generated and Conditioned: 2365.4204
Epoch: 21, Loss: 0.2348
MSE Loss Between Generated and Conditioned: 3428.2583
Epoch: 22, Loss: 0.2275
MSE Loss Between Generated and Conditioned: 2497.2312
Epoch: 23, Loss: 0.2204
MSE Loss Between Generated and Conditioned: 1451.3945
Epoch: 24, Loss: 0.2262
MSE Loss Between Generated and Conditioned: 1758.8698
Epoch: 25, Loss: 0.2119
MSE Loss Between Generated and Conditioned: 3708.2117
Epoch: 26, Loss: 0.2141
MSE Loss Between Generated and Conditioned: 2275.1096
Epoch: 27, Loss: 0.2013
MSE Loss Between Generated and Conditioned: 2193.2673
Epoch: 28, Loss: 0.2042
MSE Loss Between Generated and Conditioned: 1678.6549
Epoch: 29, Loss: 0.2128
MSE Loss Between Generated and Conditioned: 1661.1871
Epoch: 30, Loss: 0.1980
MSE Loss Between Generated and Conditioned: 1702.0188
Epoch: 31, Loss: 0.1964
MSE Loss Between Generated and Conditioned: 978.6426
Epoch: 32, Loss: 0.1943
MSE Loss Between Generated and Conditioned: 1809.1273
Epoch: 33, Loss: 0.1879
MSE Loss Between Generated and Conditioned: 2034.4515
Epoch: 34, Loss: 0.1826
MSE Loss Between Generated and Conditioned: 1137.4486
Epoch: 35, Loss: 0.1873
MSE Loss Between Generated and Conditioned: 1391.0830
Epoch: 36, Loss: 0.1803
MSE Loss Between Generated and Conditioned: 1168.1141
Epoch: 37, Loss: 0.1882
MSE Loss Between Generated and Conditioned: 725.6589
Epoch: 38, Loss: 0.1846
MSE Loss Between Generated and Conditioned: 2434.1877
Epoch: 39, Loss: 0.1898
MSE Loss Between Generated and Conditioned: 1365.3864
Epoch: 40, Loss: 0.1737
MSE Loss Between Generated and Conditioned: 689.4409
Epoch: 41, Loss: 0.1670
MSE Loss Between Generated and Conditioned: 647.3735
Epoch: 42, Loss: 0.1594
MSE Loss Between Generated and Conditioned: 564.0594
Epoch: 43, Loss: 0.1678
MSE Loss Between Generated and Conditioned: 501.0107
Epoch: 44, Loss: 0.1706
MSE Loss Between Generated and Conditioned: 430.6019
Epoch: 45, Loss: 0.1668
MSE Loss Between Generated and Conditioned: 529.9461
Epoch: 46, Loss: 0.1723
MSE Loss Between Generated and Conditioned: 319.7524
Epoch: 47, Loss: 0.1648
MSE Loss Between Generated and Conditioned: 224.0332
Epoch: 48, Loss: 0.1614
MSE Loss Between Generated and Conditioned: 316.1458
Epoch: 49, Loss: 0.1593
MSE Loss Between Generated and Conditioned: 493.6999
Epoch: 50, Loss: 0.1557
MSE Loss Between Generated and Conditioned: 589.0992
Epoch: 51, Loss: 0.1624
MSE Loss Between Generated and Conditioned: 371.4298
Epoch: 52, Loss: 0.1565
MSE Loss Between Generated and Conditioned: 445.9716
Epoch: 53, Loss: 0.1512
MSE Loss Between Generated and Conditioned: 489.4796
Epoch: 54, Loss: 0.1580
MSE Loss Between Generated and Conditioned: 223.7929
Epoch: 55, Loss: 0.1535
MSE Loss Between Generated and Conditioned: 395.4015
Epoch: 56, Loss: 0.1653
MSE Loss Between Generated and Conditioned: 820.6528
Epoch: 57, Loss: 0.1486
MSE Loss Between Generated and Conditioned: 234.9254
Epoch: 58, Loss: 0.1553
MSE Loss Between Generated and Conditioned: 289.3625
Epoch: 59, Loss: 0.1523
MSE Loss Between Generated and Conditioned: 167.3416
Epoch: 60, Loss: 0.1478
MSE Loss Between Generated and Conditioned: 233.9387
Epoch: 61, Loss: 0.1493
MSE Loss Between Generated and Conditioned: 140.6473
Epoch: 62, Loss: 0.1518
MSE Loss Between Generated and Conditioned: 179.4942
Epoch: 63, Loss: 0.1511
MSE Loss Between Generated and Conditioned: 113.6749
Epoch: 64, Loss: 0.1504
MSE Loss Between Generated and Conditioned: 143.3849
Epoch: 65, Loss: 0.1408
MSE Loss Between Generated and Conditioned: 110.2587
Epoch: 66, Loss: 0.1484
MSE Loss Between Generated and Conditioned: 86.8506
Epoch: 67, Loss: 0.1487
MSE Loss Between Generated and Conditioned: 90.3845
Epoch: 68, Loss: 0.1497
MSE Loss Between Generated and Conditioned: 126.2211
Epoch: 69, Loss: 0.1411
MSE Loss Between Generated and Conditioned: 122.8928
Epoch: 70, Loss: 0.1501
MSE Loss Between Generated and Conditioned: 117.3427
Epoch: 71, Loss: 0.1466
MSE Loss Between Generated and Conditioned: 103.3965
Epoch: 72, Loss: 0.1404
MSE Loss Between Generated and Conditioned: 102.3981
Epoch: 73, Loss: 0.1461
MSE Loss Between Generated and Conditioned: 96.3852
Epoch: 74, Loss: 0.1405
MSE Loss Between Generated and Conditioned: 84.4222
Epoch: 75, Loss: 0.1451
MSE Loss Between Generated and Conditioned: 68.4006
Epoch: 76, Loss: 0.1475
MSE Loss Between Generated and Conditioned: 57.7093
Epoch: 77, Loss: 0.1421
MSE Loss Between Generated and Conditioned: 57.7912
Epoch: 78, Loss: 0.1432
MSE Loss Between Generated and Conditioned: 86.8334
Epoch: 79, Loss: 0.1432
MSE Loss Between Generated and Conditioned: 48.6475
Epoch: 80, Loss: 0.1444
MSE Loss Between Generated and Conditioned: 47.5787
Epoch: 81, Loss: 0.1432
MSE Loss Between Generated and Conditioned: 41.7010
Epoch: 82, Loss: 0.1401
MSE Loss Between Generated and Conditioned: 43.0853
Epoch: 83, Loss: 0.1451
MSE Loss Between Generated and Conditioned: 35.3020
Epoch: 84, Loss: 0.1450
MSE Loss Between Generated and Conditioned: 23.7560
Epoch: 85, Loss: 0.1433
MSE Loss Between Generated and Conditioned: 42.2764
Epoch: 86, Loss: 0.1459
MSE Loss Between Generated and Conditioned: 73.3303
Epoch: 87, Loss: 0.1448
MSE Loss Between Generated and Conditioned: 31.3660
Epoch: 88, Loss: 0.1441
MSE Loss Between Generated and Conditioned: 54.9190
Epoch: 89, Loss: 0.1440
MSE Loss Between Generated and Conditioned: 8.6206
Epoch: 90, Loss: 0.1447
MSE Loss Between Generated and Conditioned: 30.7869
Epoch: 91, Loss: 0.1481
MSE Loss Between Generated and Conditioned: 26.2886
Epoch: 92, Loss: 0.1414
MSE Loss Between Generated and Conditioned: 40.0644
Epoch: 93, Loss: 0.1406
MSE Loss Between Generated and Conditioned: 15.6998
Epoch: 94, Loss: 0.1348
MSE Loss Between Generated and Conditioned: 21.3036
Epoch: 95, Loss: 0.1346
MSE Loss Between Generated and Conditioned: 30.6625
Epoch: 96, Loss: 0.1366
MSE Loss Between Generated and Conditioned: 25.3891
Epoch: 97, Loss: 0.1299
MSE Loss Between Generated and Conditioned: 24.3693
Epoch: 98, Loss: 0.1305
MSE Loss Between Generated and Conditioned: 18.4983
Epoch: 99, Loss: 0.1266
MSE Loss Between Generated and Conditioned: 22.0759
Epoch: 100, Loss: 0.1301
MSE Loss Between Generated and Conditioned: 19.9457
Epoch: 101, Loss: 0.1261
MSE Loss Between Generated and Conditioned: 26.1236
Epoch: 102, Loss: 0.1285
MSE Loss Between Generated and Conditioned: 15.0622
Epoch: 103, Loss: 0.1251
MSE Loss Between Generated and Conditioned: 13.0298
Epoch: 104, Loss: 0.1366
MSE Loss Between Generated and Conditioned: 24.8781
Epoch: 105, Loss: 0.1310
MSE Loss Between Generated and Conditioned: 23.1178
Epoch: 106, Loss: 0.1384
MSE Loss Between Generated and Conditioned: 22.4031
Epoch: 107, Loss: 0.1310
MSE Loss Between Generated and Conditioned: 20.1875
Epoch: 108, Loss: 0.1327
MSE Loss Between Generated and Conditioned: 28.5016
Epoch: 109, Loss: 0.1328
MSE Loss Between Generated and Conditioned: 31.6245
Epoch: 110, Loss: 0.1298
MSE Loss Between Generated and Conditioned: 11.5544
Epoch: 111, Loss: 0.1359
MSE Loss Between Generated and Conditioned: 15.8917
Epoch: 112, Loss: 0.1385
MSE Loss Between Generated and Conditioned: 18.0490
Epoch: 113, Loss: 0.1329
MSE Loss Between Generated and Conditioned: 22.6695
Epoch: 114, Loss: 0.1363
MSE Loss Between Generated and Conditioned: 22.0015
Epoch: 115, Loss: 0.1325
MSE Loss Between Generated and Conditioned: 29.1769
Epoch: 116, Loss: 0.1253
MSE Loss Between Generated and Conditioned: 17.6675
Epoch: 117, Loss: 0.1372
MSE Loss Between Generated and Conditioned: 21.4402
Epoch: 118, Loss: 0.1274
MSE Loss Between Generated and Conditioned: 24.4723
Epoch: 119, Loss: 0.1290
MSE Loss Between Generated and Conditioned: 19.0078
Epoch: 120, Loss: 0.1333
MSE Loss Between Generated and Conditioned: 13.6903
Epoch: 121, Loss: 0.1317
MSE Loss Between Generated and Conditioned: 27.8576
Epoch: 122, Loss: 0.1280
MSE Loss Between Generated and Conditioned: 18.4901
Epoch: 123, Loss: 0.1278
MSE Loss Between Generated and Conditioned: 19.0866
Epoch: 124, Loss: 0.1321
MSE Loss Between Generated and Conditioned: 24.6874
Epoch: 125, Loss: 0.1297
MSE Loss Between Generated and Conditioned: 18.1297
Epoch: 126, Loss: 0.1291
MSE Loss Between Generated and Conditioned: 15.4690
Epoch: 127, Loss: 0.1292
MSE Loss Between Generated and Conditioned: 19.7348
Epoch: 128, Loss: 0.1316
MSE Loss Between Generated and Conditioned: 17.1655
Epoch: 129, Loss: 0.1360
MSE Loss Between Generated and Conditioned: 22.0476
Epoch: 130, Loss: 0.1329
MSE Loss Between Generated and Conditioned: 18.1637
Epoch: 131, Loss: 0.1311
MSE Loss Between Generated and Conditioned: 18.6787
Epoch: 132, Loss: 0.1270
MSE Loss Between Generated and Conditioned: 12.8695
Epoch: 133, Loss: 0.1251
MSE Loss Between Generated and Conditioned: 12.1392
Epoch: 134, Loss: 0.1368
MSE Loss Between Generated and Conditioned: 18.9845
Epoch: 135, Loss: 0.1366
MSE Loss Between Generated and Conditioned: 30.0620
Epoch: 136, Loss: 0.1281
MSE Loss Between Generated and Conditioned: 21.0357
Epoch: 137, Loss: 0.1304
MSE Loss Between Generated and Conditioned: 21.6221
Epoch: 138, Loss: 0.1332
MSE Loss Between Generated and Conditioned: 20.0518
Epoch: 139, Loss: 0.1254
MSE Loss Between Generated and Conditioned: 13.9669
Epoch: 140, Loss: 0.1312
MSE Loss Between Generated and Conditioned: 24.0063
Epoch: 141, Loss: 0.1305
MSE Loss Between Generated and Conditioned: 17.0644
Epoch: 142, Loss: 0.1321
MSE Loss Between Generated and Conditioned: 25.2668
Epoch: 143, Loss: 0.1272
MSE Loss Between Generated and Conditioned: 13.9597
Epoch: 144, Loss: 0.1266
MSE Loss Between Generated and Conditioned: 16.7085
Epoch: 145, Loss: 0.1319
MSE Loss Between Generated and Conditioned: 18.1535
Epoch: 146, Loss: 0.1275
MSE Loss Between Generated and Conditioned: 21.4333
Epoch: 147, Loss: 0.1263
MSE Loss Between Generated and Conditioned: 14.2362
Epoch: 148, Loss: 0.1375
MSE Loss Between Generated and Conditioned: 18.2858
Epoch: 149, Loss: 0.1312
MSE Loss Between Generated and Conditioned: 20.9030
Epoch: 150, Loss: 0.1272
MSE Loss Between Generated and Conditioned: 20.2054
Epoch: 151, Loss: 0.1287
MSE Loss Between Generated and Conditioned: 22.6326
Epoch: 152, Loss: 0.1299
MSE Loss Between Generated and Conditioned: 24.7018
Epoch: 153, Loss: 0.1287
MSE Loss Between Generated and Conditioned: 20.0613
Epoch: 154, Loss: 0.1303
MSE Loss Between Generated and Conditioned: 20.8036
Epoch: 155, Loss: 0.1248
MSE Loss Between Generated and Conditioned: 24.1202
Epoch: 156, Loss: 0.1333
MSE Loss Between Generated and Conditioned: 19.2843
Epoch: 157, Loss: 0.1352
MSE Loss Between Generated and Conditioned: 17.7521
Epoch: 158, Loss: 0.1258
MSE Loss Between Generated and Conditioned: 17.6917
Epoch: 159, Loss: 0.1280
MSE Loss Between Generated and Conditioned: 14.9720
Epoch: 160, Loss: 0.1320
MSE Loss Between Generated and Conditioned: 18.0576
Epoch: 161, Loss: 0.1357
MSE Loss Between Generated and Conditioned: 17.3358
Epoch: 162, Loss: 0.1282
MSE Loss Between Generated and Conditioned: 18.4057
Epoch: 163, Loss: 0.1248
MSE Loss Between Generated and Conditioned: 27.4315
Epoch: 164, Loss: 0.1289
MSE Loss Between Generated and Conditioned: 19.7254
Epoch: 165, Loss: 0.1340
MSE Loss Between Generated and Conditioned: 14.7068
Epoch: 166, Loss: 0.1297
MSE Loss Between Generated and Conditioned: 27.9652
Epoch: 167, Loss: 0.1354
MSE Loss Between Generated and Conditioned: 15.9716
Epoch: 168, Loss: 0.1332
MSE Loss Between Generated and Conditioned: 18.1374
Epoch: 169, Loss: 0.1250
MSE Loss Between Generated and Conditioned: 20.7445
Epoch: 170, Loss: 0.1266
MSE Loss Between Generated and Conditioned: 18.7096
Epoch: 171, Loss: 0.1337
MSE Loss Between Generated and Conditioned: 19.9078
Epoch: 172, Loss: 0.1327
MSE Loss Between Generated and Conditioned: 18.4575
Epoch: 173, Loss: 0.1295
MSE Loss Between Generated and Conditioned: 15.9717
Epoch: 174, Loss: 0.1335
MSE Loss Between Generated and Conditioned: 16.3445
Epoch: 175, Loss: 0.1199
MSE Loss Between Generated and Conditioned: 20.9528
Epoch: 176, Loss: 0.1261
MSE Loss Between Generated and Conditioned: 15.9349
Epoch: 177, Loss: 0.1260
MSE Loss Between Generated and Conditioned: 17.9539
Epoch: 178, Loss: 0.1281
MSE Loss Between Generated and Conditioned: 26.7072
Epoch: 179, Loss: 0.1309
MSE Loss Between Generated and Conditioned: 23.6744
Epoch: 180, Loss: 0.1304
MSE Loss Between Generated and Conditioned: 23.2952
Epoch: 181, Loss: 0.1295
MSE Loss Between Generated and Conditioned: 22.1028
Epoch: 182, Loss: 0.1294
MSE Loss Between Generated and Conditioned: 13.6021
Epoch: 183, Loss: 0.1282
MSE Loss Between Generated and Conditioned: 19.0023
Epoch: 184, Loss: 0.1302
MSE Loss Between Generated and Conditioned: 25.1443
Epoch: 185, Loss: 0.1271
MSE Loss Between Generated and Conditioned: 20.8224
Epoch: 186, Loss: 0.1369
MSE Loss Between Generated and Conditioned: 13.9542
Epoch: 187, Loss: 0.1332
MSE Loss Between Generated and Conditioned: 19.0677
Epoch: 188, Loss: 0.1279
MSE Loss Between Generated and Conditioned: 21.7012
Epoch: 189, Loss: 0.1331
MSE Loss Between Generated and Conditioned: 16.9278
Epoch: 190, Loss: 0.1321
MSE Loss Between Generated and Conditioned: 13.0378
Epoch: 191, Loss: 0.1278
MSE Loss Between Generated and Conditioned: 16.1891
Epoch: 192, Loss: 0.1307
MSE Loss Between Generated and Conditioned: 21.1519
Epoch: 193, Loss: 0.1281
MSE Loss Between Generated and Conditioned: 12.3222
Epoch: 194, Loss: 0.1221
MSE Loss Between Generated and Conditioned: 20.7349
Epoch: 195, Loss: 0.1345
MSE Loss Between Generated and Conditioned: 24.0078
Epoch: 196, Loss: 0.1235
MSE Loss Between Generated and Conditioned: 16.7306
Epoch: 197, Loss: 0.1347
MSE Loss Between Generated and Conditioned: 17.1439
Epoch: 198, Loss: 0.1301
MSE Loss Between Generated and Conditioned: 14.3343
Epoch: 199, Loss: 0.1275
MSE Loss Between Generated and Conditioned: 15.5173
Epoch: 200, Loss: 0.1333
MSE Loss Between Generated and Conditioned: 20.0573
Epoch: 201, Loss: 0.1271
MSE Loss Between Generated and Conditioned: 16.5026
Epoch: 202, Loss: 0.1306
MSE Loss Between Generated and Conditioned: 13.4210
Epoch: 203, Loss: 0.1279
MSE Loss Between Generated and Conditioned: 18.7217
Epoch: 204, Loss: 0.1291
MSE Loss Between Generated and Conditioned: 18.5207
Epoch: 205, Loss: 0.1336
MSE Loss Between Generated and Conditioned: 26.1727
Epoch: 206, Loss: 0.1266
MSE Loss Between Generated and Conditioned: 21.4020
Epoch: 207, Loss: 0.1288
MSE Loss Between Generated and Conditioned: 19.9812
Epoch: 208, Loss: 0.1256
MSE Loss Between Generated and Conditioned: 18.1324
Epoch: 209, Loss: 0.1258
MSE Loss Between Generated and Conditioned: 19.8235
Epoch: 210, Loss: 0.1316
MSE Loss Between Generated and Conditioned: 17.1514
Epoch: 211, Loss: 0.1323
MSE Loss Between Generated and Conditioned: 21.2768
Epoch: 212, Loss: 0.1280
MSE Loss Between Generated and Conditioned: 18.8281
Epoch: 213, Loss: 0.1305
MSE Loss Between Generated and Conditioned: 23.2443
Epoch: 214, Loss: 0.1241
MSE Loss Between Generated and Conditioned: 17.4178
Epoch: 215, Loss: 0.1330
MSE Loss Between Generated and Conditioned: 18.5736
Epoch: 216, Loss: 0.1269
MSE Loss Between Generated and Conditioned: 28.6910
Epoch: 217, Loss: 0.1290
MSE Loss Between Generated and Conditioned: 19.2498
Epoch: 218, Loss: 0.1322
MSE Loss Between Generated and Conditioned: 22.4653
Epoch: 219, Loss: 0.1299
MSE Loss Between Generated and Conditioned: 21.1474
Epoch: 220, Loss: 0.1239
MSE Loss Between Generated and Conditioned: 20.6770
Epoch: 221, Loss: 0.1278
MSE Loss Between Generated and Conditioned: 27.0638
Epoch: 222, Loss: 0.1311
MSE Loss Between Generated and Conditioned: 19.9146
Epoch: 223, Loss: 0.1294
MSE Loss Between Generated and Conditioned: 16.4263
Epoch: 224, Loss: 0.1287
MSE Loss Between Generated and Conditioned: 18.2151
Epoch: 225, Loss: 0.1296
MSE Loss Between Generated and Conditioned: 8.0630
Epoch: 226, Loss: 0.1213
MSE Loss Between Generated and Conditioned: 17.2036
Epoch: 227, Loss: 0.1327
MSE Loss Between Generated and Conditioned: 17.3929
Epoch: 228, Loss: 0.1323
MSE Loss Between Generated and Conditioned: 17.3765
Epoch: 229, Loss: 0.1324
MSE Loss Between Generated and Conditioned: 18.9193
Epoch: 230, Loss: 0.1243
MSE Loss Between Generated and Conditioned: 23.3618
Epoch: 231, Loss: 0.1324
MSE Loss Between Generated and Conditioned: 22.2794
Epoch: 232, Loss: 0.1304
MSE Loss Between Generated and Conditioned: 19.1851
Epoch: 233, Loss: 0.1328
MSE Loss Between Generated and Conditioned: 13.0803
Epoch: 234, Loss: 0.1314
MSE Loss Between Generated and Conditioned: 13.9919
Epoch: 235, Loss: 0.1306
MSE Loss Between Generated and Conditioned: 16.3992
Epoch: 236, Loss: 0.1258
MSE Loss Between Generated and Conditioned: 15.9218
Epoch: 237, Loss: 0.1316
MSE Loss Between Generated and Conditioned: 16.6596
Epoch: 238, Loss: 0.1256
MSE Loss Between Generated and Conditioned: 20.9880
Epoch: 239, Loss: 0.1311
MSE Loss Between Generated and Conditioned: 23.8769
Epoch: 240, Loss: 0.1308
MSE Loss Between Generated and Conditioned: 17.9763
Epoch: 241, Loss: 0.1327
MSE Loss Between Generated and Conditioned: 24.6547
Epoch: 242, Loss: 0.1345
MSE Loss Between Generated and Conditioned: 27.6421
Epoch: 243, Loss: 0.1289
MSE Loss Between Generated and Conditioned: 20.4608
Epoch: 244, Loss: 0.1327
MSE Loss Between Generated and Conditioned: 10.5215
Epoch: 245, Loss: 0.1307
MSE Loss Between Generated and Conditioned: 18.8455
Epoch: 246, Loss: 0.1299
MSE Loss Between Generated and Conditioned: 22.8860
Epoch: 247, Loss: 0.1317
MSE Loss Between Generated and Conditioned: 16.5460
Epoch: 248, Loss: 0.1296
MSE Loss Between Generated and Conditioned: 15.7341
Epoch: 249, Loss: 0.1265
MSE Loss Between Generated and Conditioned: 15.2052
Epoch: 250, Loss: 0.1294
MSE Loss Between Generated and Conditioned: 19.9758
Epoch: 251, Loss: 0.1249
MSE Loss Between Generated and Conditioned: 12.5343
Epoch: 252, Loss: 0.1358
MSE Loss Between Generated and Conditioned: 21.0757
Epoch: 253, Loss: 0.1306
MSE Loss Between Generated and Conditioned: 15.8239
Epoch: 254, Loss: 0.1292
MSE Loss Between Generated and Conditioned: 12.9957
Epoch: 255, Loss: 0.1302
MSE Loss Between Generated and Conditioned: 22.3006
Epoch: 256, Loss: 0.1244
MSE Loss Between Generated and Conditioned: 21.3790
Epoch: 257, Loss: 0.1274
MSE Loss Between Generated and Conditioned: 21.3433
Epoch: 258, Loss: 0.1323
MSE Loss Between Generated and Conditioned: 15.0606
Epoch: 259, Loss: 0.1332
MSE Loss Between Generated and Conditioned: 12.9865
Epoch: 260, Loss: 0.1248
MSE Loss Between Generated and Conditioned: 16.5893
Epoch: 261, Loss: 0.1228
MSE Loss Between Generated and Conditioned: 12.7960
Epoch: 262, Loss: 0.1221
MSE Loss Between Generated and Conditioned: 20.0749
Epoch: 263, Loss: 0.1276
MSE Loss Between Generated and Conditioned: 18.2645
Epoch: 264, Loss: 0.1219
MSE Loss Between Generated and Conditioned: 19.2305
Epoch: 265, Loss: 0.1310
MSE Loss Between Generated and Conditioned: 14.7108
Epoch: 266, Loss: 0.1290
MSE Loss Between Generated and Conditioned: 14.5785
Epoch: 267, Loss: 0.1321
MSE Loss Between Generated and Conditioned: 30.9917
Epoch: 268, Loss: 0.1316
MSE Loss Between Generated and Conditioned: 19.2124
Epoch: 269, Loss: 0.1268
MSE Loss Between Generated and Conditioned: 23.3730
Epoch: 270, Loss: 0.1333
MSE Loss Between Generated and Conditioned: 18.8337
Epoch: 271, Loss: 0.1384
MSE Loss Between Generated and Conditioned: 19.1696
Epoch: 272, Loss: 0.1347
MSE Loss Between Generated and Conditioned: 21.8635
Epoch: 273, Loss: 0.1249
MSE Loss Between Generated and Conditioned: 19.8385
Epoch: 274, Loss: 0.1267
MSE Loss Between Generated and Conditioned: 16.2411
Epoch: 275, Loss: 0.1319
MSE Loss Between Generated and Conditioned: 21.9981
Epoch: 276, Loss: 0.1308
MSE Loss Between Generated and Conditioned: 21.7098
Epoch: 277, Loss: 0.1318
MSE Loss Between Generated and Conditioned: 23.5749
Epoch: 278, Loss: 0.1262
MSE Loss Between Generated and Conditioned: 26.0724
Epoch: 279, Loss: 0.1319
MSE Loss Between Generated and Conditioned: 20.5038
Epoch: 280, Loss: 0.1257
MSE Loss Between Generated and Conditioned: 27.1623
Epoch: 281, Loss: 0.1350
MSE Loss Between Generated and Conditioned: 15.8538
Epoch: 282, Loss: 0.1317
MSE Loss Between Generated and Conditioned: 19.9757
Epoch: 283, Loss: 0.1301
MSE Loss Between Generated and Conditioned: 13.6938
Epoch: 284, Loss: 0.1226
MSE Loss Between Generated and Conditioned: 19.9081
Epoch: 285, Loss: 0.1291
MSE Loss Between Generated and Conditioned: 21.5089
Epoch: 286, Loss: 0.1256
MSE Loss Between Generated and Conditioned: 12.6966
Epoch: 287, Loss: 0.1336
MSE Loss Between Generated and Conditioned: 17.0199
Epoch: 288, Loss: 0.1281
MSE Loss Between Generated and Conditioned: 13.8327
Epoch: 289, Loss: 0.1271
MSE Loss Between Generated and Conditioned: 20.4817
Epoch: 290, Loss: 0.1405
MSE Loss Between Generated and Conditioned: 21.4536
Epoch: 291, Loss: 0.1298
MSE Loss Between Generated and Conditioned: 15.2208
Epoch: 292, Loss: 0.1324
MSE Loss Between Generated and Conditioned: 14.3728
Epoch: 293, Loss: 0.1301
MSE Loss Between Generated and Conditioned: 23.3722
Epoch: 294, Loss: 0.1276
MSE Loss Between Generated and Conditioned: 23.7944
Epoch: 295, Loss: 0.1356
MSE Loss Between Generated and Conditioned: 15.7803
Epoch: 296, Loss: 0.1273
MSE Loss Between Generated and Conditioned: 27.7741
Epoch: 297, Loss: 0.1273
MSE Loss Between Generated and Conditioned: 25.6441
Epoch: 298, Loss: 0.1316
MSE Loss Between Generated and Conditioned: 20.0035
Epoch: 299, Loss: 0.1305
/vol/bitbucket/nb324/masters_project/msc_repo/part_4_improved_decoder/latent_diffusion_model_conditional_attn/latent_model_main.py:116: UserWarning: No artists with labels found to put in legend.  Note that artists whose label start with an underscore are ignored when legend() is called with no argument.
  plt.legend()
Traceback (most recent call last):
  File "/vol/bitbucket/nb324/masters_project/msc_repo/part_4_improved_decoder/simclr_decoder_larger_specific_decoder/main.py", line 151, in <module>
    main()
  File "/vol/bitbucket/nb324/masters_project/msc_repo/part_4_improved_decoder/simclr_decoder_larger_specific_decoder/main.py", line 143, in main
    downstream_task_latent_diffusion_conditional_attn(
  File "/vol/bitbucket/nb324/masters_project/msc_repo/part_4_improved_decoder/latent_diffusion_model_conditional_attn/latent_model_main.py", line 121, in downstream_task
    plt.plot(epochs, train_losses)
  File "/vol/bitbucket/nb324/masters_project/.venv/lib/python3.12/site-packages/matplotlib/pyplot.py", line 3827, in plot
    return gca().plot(
           ^^^^^^^^^^^
  File "/vol/bitbucket/nb324/masters_project/.venv/lib/python3.12/site-packages/matplotlib/axes/_axes.py", line 1777, in plot
    lines = [*self._get_lines(self, *args, data=data, **kwargs)]
            ^^^^^^^^^^^^^^^^^^^^^^^^^^^^^^^^^^^^^^^^^^^^^^^^^^^^
  File "/vol/bitbucket/nb324/masters_project/.venv/lib/python3.12/site-packages/matplotlib/axes/_base.py", line 297, in __call__
    yield from self._plot_args(
               ^^^^^^^^^^^^^^^^
  File "/vol/bitbucket/nb324/masters_project/.venv/lib/python3.12/site-packages/matplotlib/axes/_base.py", line 494, in _plot_args
    raise ValueError(f"x and y must have same first dimension, but "
ValueError: x and y must have same first dimension, but have shapes (1,) and (44,)
