nohup: ignoring input
Train: torch.Size([14031, 5, 64, 32]), Valid: torch.Size([4677, 5, 64, 32]), Test: torch.Size([4678, 5, 64, 32])
Starting Downstream Task
Running context window: 5 with stride: 5 with seed: 0
torch.Size([2806, 5, 64, 32])
torch.Size([935, 5, 64, 32])
torch.Size([937, 5, 64, 32])
Shape: (5, 144, 72)
Epoch: 0, Train Loss: 0.02087, Valid Loss: 0.01305, EPS: 0.991
Epoch: 1, Train Loss: 0.01224, Valid Loss: 0.01142, EPS: 0.982
Epoch: 2, Train Loss: 0.01114, Valid Loss: 0.01075, EPS: 0.973
Epoch: 3, Train Loss: 0.01041, Valid Loss: 0.01010, EPS: 0.964
Epoch: 4, Train Loss: 0.00956, Valid Loss: 0.00952, EPS: 0.955
Epoch: 5, Train Loss: 0.00865, Valid Loss: 0.00878, EPS: 0.946
Epoch: 6, Train Loss: 0.00780, Valid Loss: 0.00843, EPS: 0.9369999999999999
Epoch: 7, Train Loss: 0.00718, Valid Loss: 0.00802, EPS: 0.928
Epoch: 8, Train Loss: 0.00672, Valid Loss: 0.00764, EPS: 0.919
Epoch: 9, Train Loss: 0.00631, Valid Loss: 0.00747, EPS: 0.91
Epoch: 10, Train Loss: 0.00605, Valid Loss: 0.00719, EPS: 0.901
Epoch: 11, Train Loss: 0.00585, Valid Loss: 0.00713, EPS: 0.892
Epoch: 12, Train Loss: 0.00566, Valid Loss: 0.00715, EPS: 0.883
Epoch: 13, Train Loss: 0.00558, Valid Loss: 0.00694, EPS: 0.874
Epoch: 14, Train Loss: 0.00552, Valid Loss: 0.00701, EPS: 0.865
Epoch: 15, Train Loss: 0.00545, Valid Loss: 0.00695, EPS: 0.856
Epoch: 16, Train Loss: 0.00540, Valid Loss: 0.00690, EPS: 0.847
Epoch: 17, Train Loss: 0.00531, Valid Loss: 0.00680, EPS: 0.8380000000000001
Epoch: 18, Train Loss: 0.00529, Valid Loss: 0.00679, EPS: 0.8290000000000001
Epoch: 19, Train Loss: 0.00524, Valid Loss: 0.00677, EPS: 0.8200000000000001
Epoch: 20, Train Loss: 0.00521, Valid Loss: 0.00667, EPS: 0.811
Epoch: 21, Train Loss: 0.00515, Valid Loss: 0.00667, EPS: 0.802
Epoch: 22, Train Loss: 0.00517, Valid Loss: 0.00673, EPS: 0.793
Epoch: 23, Train Loss: 0.00516, Valid Loss: 0.00669, EPS: 0.784
Epoch: 24, Train Loss: 0.00513, Valid Loss: 0.00662, EPS: 0.775
Epoch: 25, Train Loss: 0.00506, Valid Loss: 0.00662, EPS: 0.766
Epoch: 26, Train Loss: 0.00508, Valid Loss: 0.00667, EPS: 0.757
Epoch: 27, Train Loss: 0.00500, Valid Loss: 0.00663, EPS: 0.748
Epoch: 28, Train Loss: 0.00498, Valid Loss: 0.00656, EPS: 0.739
Epoch: 29, Train Loss: 0.00496, Valid Loss: 0.00663, EPS: 0.73
Epoch: 30, Train Loss: 0.00498, Valid Loss: 0.00656, EPS: 0.721
Epoch: 31, Train Loss: 0.00495, Valid Loss: 0.00663, EPS: 0.712
Epoch: 32, Train Loss: 0.00491, Valid Loss: 0.00654, EPS: 0.703
Epoch: 33, Train Loss: 0.00488, Valid Loss: 0.00657, EPS: 0.694
Epoch: 34, Train Loss: 0.00488, Valid Loss: 0.00652, EPS: 0.685
Epoch: 35, Train Loss: 0.00486, Valid Loss: 0.00656, EPS: 0.676
Epoch: 36, Train Loss: 0.00486, Valid Loss: 0.00655, EPS: 0.667
Epoch: 37, Train Loss: 0.00492, Valid Loss: 0.00655, EPS: 0.658
Epoch: 38, Train Loss: 0.00486, Valid Loss: 0.00655, EPS: 0.649
Epoch: 39, Train Loss: 0.00484, Valid Loss: 0.00660, EPS: 0.64
Epoch: 40, Train Loss: 0.00479, Valid Loss: 0.00649, EPS: 0.6310000000000001
Epoch: 41, Train Loss: 0.00481, Valid Loss: 0.00652, EPS: 0.6220000000000001
Epoch: 42, Train Loss: 0.00476, Valid Loss: 0.00645, EPS: 0.6130000000000001
Epoch: 43, Train Loss: 0.00476, Valid Loss: 0.00654, EPS: 0.6040000000000001
Epoch: 44, Train Loss: 0.00479, Valid Loss: 0.00647, EPS: 0.5950000000000001
Epoch: 45, Train Loss: 0.00479, Valid Loss: 0.00652, EPS: 0.5860000000000001
Epoch: 46, Train Loss: 0.00481, Valid Loss: 0.00649, EPS: 0.5770000000000001
Epoch: 47, Train Loss: 0.00480, Valid Loss: 0.00654, EPS: 0.5680000000000001
Epoch: 48, Train Loss: 0.00478, Valid Loss: 0.00653, EPS: 0.559
Epoch: 49, Train Loss: 0.00475, Valid Loss: 0.00650, EPS: 0.55
Epoch: 50, Train Loss: 0.00478, Valid Loss: 0.00653, EPS: 0.541
Epoch: 51, Train Loss: 0.00479, Valid Loss: 0.00642, EPS: 0.532
Epoch: 52, Train Loss: 0.00478, Valid Loss: 0.00644, EPS: 0.523
Epoch: 53, Train Loss: 0.00475, Valid Loss: 0.00642, EPS: 0.514
Epoch: 54, Train Loss: 0.00476, Valid Loss: 0.00645, EPS: 0.505
Epoch: 55, Train Loss: 0.00476, Valid Loss: 0.00642, EPS: 0.496
Epoch: 56, Train Loss: 0.00469, Valid Loss: 0.00649, EPS: 0.4870000000000001
Epoch: 57, Train Loss: 0.00469, Valid Loss: 0.00639, EPS: 0.4780000000000001
Epoch: 58, Train Loss: 0.00469, Valid Loss: 0.00637, EPS: 0.4690000000000001
Epoch: 59, Train Loss: 0.00473, Valid Loss: 0.00640, EPS: 0.4600000000000001
Epoch: 60, Train Loss: 0.00467, Valid Loss: 0.00639, EPS: 0.45100000000000007
Epoch: 61, Train Loss: 0.00470, Valid Loss: 0.00641, EPS: 0.44200000000000006
Epoch: 62, Train Loss: 0.00470, Valid Loss: 0.00645, EPS: 0.43300000000000005
Epoch: 63, Train Loss: 0.00467, Valid Loss: 0.00640, EPS: 0.42400000000000004
Epoch: 64, Train Loss: 0.00465, Valid Loss: 0.00638, EPS: 0.41500000000000004
Epoch: 65, Train Loss: 0.00465, Valid Loss: 0.00641, EPS: 0.406
Epoch: 66, Train Loss: 0.00469, Valid Loss: 0.00642, EPS: 0.397
Epoch: 67, Train Loss: 0.00467, Valid Loss: 0.00643, EPS: 0.388
Epoch: 68, Train Loss: 0.00468, Valid Loss: 0.00650, EPS: 0.3790000000000001
Epoch: 69, Train Loss: 0.00466, Valid Loss: 0.00646, EPS: 0.3700000000000001
Epoch: 70, Train Loss: 0.00409, Valid Loss: 0.00609, EPS: 0.3610000000000001
Epoch: 71, Train Loss: 0.00381, Valid Loss: 0.00597, EPS: 0.3520000000000001
Epoch: 72, Train Loss: 0.00363, Valid Loss: 0.00584, EPS: 0.343
Epoch: 73, Train Loss: 0.00354, Valid Loss: 0.00581, EPS: 0.334
Epoch: 74, Train Loss: 0.00348, Valid Loss: 0.00582, EPS: 0.325
Epoch: 75, Train Loss: 0.00346, Valid Loss: 0.00580, EPS: 0.316
Epoch: 76, Train Loss: 0.00344, Valid Loss: 0.00578, EPS: 0.307
Epoch: 77, Train Loss: 0.00342, Valid Loss: 0.00579, EPS: 0.298
Epoch: 78, Train Loss: 0.00341, Valid Loss: 0.00579, EPS: 0.289
Epoch: 79, Train Loss: 0.00340, Valid Loss: 0.00581, EPS: 0.27999999999999997
Epoch: 80, Train Loss: 0.00338, Valid Loss: 0.00580, EPS: 0.27099999999999996
Epoch: 81, Train Loss: 0.00336, Valid Loss: 0.00580, EPS: 0.26200000000000007
Epoch: 82, Train Loss: 0.00337, Valid Loss: 0.00581, EPS: 0.25300000000000006
Epoch: 83, Train Loss: 0.00337, Valid Loss: 0.00579, EPS: 0.24400000000000005
Epoch: 84, Train Loss: 0.00335, Valid Loss: 0.00583, EPS: 0.23500000000000004
Epoch: 85, Train Loss: 0.00333, Valid Loss: 0.00579, EPS: 0.22600000000000003
Epoch: 86, Train Loss: 0.00332, Valid Loss: 0.00583, EPS: 0.21700000000000003
Epoch: 87, Train Loss: 0.00333, Valid Loss: 0.00580, EPS: 0.20800000000000002
Epoch: 88, Train Loss: 0.00323, Valid Loss: 0.00577, EPS: 0.199
Epoch: 89, Train Loss: 0.00318, Valid Loss: 0.00579, EPS: 0.19
Epoch: 90, Train Loss: 0.00317, Valid Loss: 0.00576, EPS: 0.181
Epoch: 91, Train Loss: 0.00316, Valid Loss: 0.00578, EPS: 0.172
Epoch: 92, Train Loss: 0.00315, Valid Loss: 0.00577, EPS: 0.16299999999999998
Epoch: 93, Train Loss: 0.00315, Valid Loss: 0.00578, EPS: 0.15400000000000005
Epoch: 94, Train Loss: 0.00314, Valid Loss: 0.00578, EPS: 0.14500000000000005
Epoch: 95, Train Loss: 0.00313, Valid Loss: 0.00577, EPS: 0.13600000000000004
Epoch: 96, Train Loss: 0.00313, Valid Loss: 0.00579, EPS: 0.12700000000000003
Epoch: 97, Train Loss: 0.00313, Valid Loss: 0.00579, EPS: 0.11800000000000002
Epoch: 98, Train Loss: 0.00313, Valid Loss: 0.00577, EPS: 0.10900000000000001
Epoch: 99, Train Loss: 0.00311, Valid Loss: 0.00577, EPS: 0.1
Test Loss: 0.00579
Test Loss: 0.00587
Running context window: 5 with stride: 10 with seed: 0
torch.Size([2806, 5, 64, 32])
torch.Size([935, 5, 64, 32])
torch.Size([937, 5, 64, 32])
Shape: (5, 144, 72)
Epoch: 0, Train Loss: 0.02523, Valid Loss: 0.01699, EPS: 0.991
Epoch: 1, Train Loss: 0.01454, Valid Loss: 0.01253, EPS: 0.982
Epoch: 2, Train Loss: 0.01207, Valid Loss: 0.01193, EPS: 0.973
Epoch: 3, Train Loss: 0.01136, Valid Loss: 0.01134, EPS: 0.964
Epoch: 4, Train Loss: 0.01081, Valid Loss: 0.01093, EPS: 0.955
Epoch: 5, Train Loss: 0.01030, Valid Loss: 0.01052, EPS: 0.946
Epoch: 6, Train Loss: 0.00977, Valid Loss: 0.01019, EPS: 0.9369999999999999
Epoch: 7, Train Loss: 0.00909, Valid Loss: 0.00977, EPS: 0.928
Epoch: 8, Train Loss: 0.00840, Valid Loss: 0.00946, EPS: 0.919
Epoch: 9, Train Loss: 0.00779, Valid Loss: 0.00925, EPS: 0.91
Epoch: 10, Train Loss: 0.00731, Valid Loss: 0.00903, EPS: 0.901
Epoch: 11, Train Loss: 0.00673, Valid Loss: 0.00859, EPS: 0.892
Epoch: 12, Train Loss: 0.00632, Valid Loss: 0.00840, EPS: 0.883
Epoch: 13, Train Loss: 0.00597, Valid Loss: 0.00850, EPS: 0.874
Epoch: 14, Train Loss: 0.00559, Valid Loss: 0.00836, EPS: 0.865
Epoch: 15, Train Loss: 0.00540, Valid Loss: 0.00813, EPS: 0.856
Epoch: 16, Train Loss: 0.00512, Valid Loss: 0.00804, EPS: 0.847
Epoch: 17, Train Loss: 0.00492, Valid Loss: 0.00794, EPS: 0.8380000000000001
Epoch: 18, Train Loss: 0.00478, Valid Loss: 0.00781, EPS: 0.8290000000000001
Epoch: 19, Train Loss: 0.00461, Valid Loss: 0.00781, EPS: 0.8200000000000001
Epoch: 20, Train Loss: 0.00462, Valid Loss: 0.00775, EPS: 0.811
Epoch: 21, Train Loss: 0.00463, Valid Loss: 0.00775, EPS: 0.802
Epoch: 22, Train Loss: 0.00446, Valid Loss: 0.00770, EPS: 0.793
Epoch: 23, Train Loss: 0.00443, Valid Loss: 0.00770, EPS: 0.784
Epoch: 24, Train Loss: 0.00442, Valid Loss: 0.00776, EPS: 0.775
Epoch: 25, Train Loss: 0.00430, Valid Loss: 0.00777, EPS: 0.766
Epoch: 26, Train Loss: 0.00428, Valid Loss: 0.00751, EPS: 0.757
Epoch: 27, Train Loss: 0.00417, Valid Loss: 0.00761, EPS: 0.748
Epoch: 28, Train Loss: 0.00412, Valid Loss: 0.00757, EPS: 0.739
Epoch: 29, Train Loss: 0.00411, Valid Loss: 0.00760, EPS: 0.73
Epoch: 30, Train Loss: 0.00411, Valid Loss: 0.00747, EPS: 0.721
Epoch: 31, Train Loss: 0.00403, Valid Loss: 0.00743, EPS: 0.712
Epoch: 32, Train Loss: 0.00399, Valid Loss: 0.00751, EPS: 0.703
Epoch: 33, Train Loss: 0.00392, Valid Loss: 0.00740, EPS: 0.694
Epoch: 34, Train Loss: 0.00397, Valid Loss: 0.00748, EPS: 0.685
Epoch: 35, Train Loss: 0.00395, Valid Loss: 0.00755, EPS: 0.676
Epoch: 36, Train Loss: 0.00397, Valid Loss: 0.00749, EPS: 0.667
Epoch: 37, Train Loss: 0.00391, Valid Loss: 0.00747, EPS: 0.658
Epoch: 38, Train Loss: 0.00388, Valid Loss: 0.00750, EPS: 0.649
Epoch: 39, Train Loss: 0.00389, Valid Loss: 0.00761, EPS: 0.64
Epoch: 40, Train Loss: 0.00387, Valid Loss: 0.00749, EPS: 0.6310000000000001
Epoch: 41, Train Loss: 0.00389, Valid Loss: 0.00758, EPS: 0.6220000000000001
Epoch: 42, Train Loss: 0.00387, Valid Loss: 0.00755, EPS: 0.6130000000000001
Epoch: 43, Train Loss: 0.00383, Valid Loss: 0.00755, EPS: 0.6040000000000001
Epoch: 44, Train Loss: 0.00389, Valid Loss: 0.00748, EPS: 0.5950000000000001
Epoch: 45, Train Loss: 0.00350, Valid Loss: 0.00723, EPS: 0.5860000000000001
Epoch: 46, Train Loss: 0.00320, Valid Loss: 0.00717, EPS: 0.5770000000000001
Epoch: 47, Train Loss: 0.00304, Valid Loss: 0.00704, EPS: 0.5680000000000001
Epoch: 48, Train Loss: 0.00293, Valid Loss: 0.00694, EPS: 0.559
Epoch: 49, Train Loss: 0.00283, Valid Loss: 0.00693, EPS: 0.55
Epoch: 50, Train Loss: 0.00274, Valid Loss: 0.00687, EPS: 0.541
Epoch: 51, Train Loss: 0.00271, Valid Loss: 0.00689, EPS: 0.532
Epoch: 52, Train Loss: 0.00267, Valid Loss: 0.00693, EPS: 0.523
Epoch: 53, Train Loss: 0.00264, Valid Loss: 0.00694, EPS: 0.514
Epoch: 54, Train Loss: 0.00262, Valid Loss: 0.00695, EPS: 0.505
Epoch: 55, Train Loss: 0.00260, Valid Loss: 0.00691, EPS: 0.496
Epoch: 56, Train Loss: 0.00258, Valid Loss: 0.00687, EPS: 0.4870000000000001
Epoch: 57, Train Loss: 0.00255, Valid Loss: 0.00690, EPS: 0.4780000000000001
Epoch: 58, Train Loss: 0.00254, Valid Loss: 0.00691, EPS: 0.4690000000000001
Epoch: 59, Train Loss: 0.00255, Valid Loss: 0.00696, EPS: 0.4600000000000001
Epoch: 60, Train Loss: 0.00252, Valid Loss: 0.00698, EPS: 0.45100000000000007
Epoch: 61, Train Loss: 0.00250, Valid Loss: 0.00696, EPS: 0.44200000000000006
Epoch: 62, Train Loss: 0.00246, Valid Loss: 0.00695, EPS: 0.43300000000000005
Epoch: 63, Train Loss: 0.00247, Valid Loss: 0.00695, EPS: 0.42400000000000004
Epoch: 64, Train Loss: 0.00244, Valid Loss: 0.00694, EPS: 0.41500000000000004
Epoch: 65, Train Loss: 0.00245, Valid Loss: 0.00693, EPS: 0.406
Epoch: 66, Train Loss: 0.00245, Valid Loss: 0.00691, EPS: 0.397
Epoch: 67, Train Loss: 0.00243, Valid Loss: 0.00692, EPS: 0.388
Epoch: 68, Train Loss: 0.00244, Valid Loss: 0.00689, EPS: 0.3790000000000001
Epoch: 69, Train Loss: 0.00244, Valid Loss: 0.00691, EPS: 0.3700000000000001
Epoch: 70, Train Loss: 0.00243, Valid Loss: 0.00692, EPS: 0.3610000000000001
Epoch: 71, Train Loss: 0.00242, Valid Loss: 0.00694, EPS: 0.3520000000000001
Epoch: 72, Train Loss: 0.00241, Valid Loss: 0.00690, EPS: 0.343
Epoch: 73, Train Loss: 0.00242, Valid Loss: 0.00696, EPS: 0.334
Epoch: 74, Train Loss: 0.00242, Valid Loss: 0.00690, EPS: 0.325
Epoch: 75, Train Loss: 0.00241, Valid Loss: 0.00690, EPS: 0.316
Epoch: 76, Train Loss: 0.00240, Valid Loss: 0.00691, EPS: 0.307
Epoch: 77, Train Loss: 0.00241, Valid Loss: 0.00691, EPS: 0.298
Epoch: 78, Train Loss: 0.00241, Valid Loss: 0.00693, EPS: 0.289
Epoch: 79, Train Loss: 0.00241, Valid Loss: 0.00690, EPS: 0.27999999999999997
Epoch: 80, Train Loss: 0.00240, Valid Loss: 0.00692, EPS: 0.27099999999999996
Epoch: 81, Train Loss: 0.00240, Valid Loss: 0.00688, EPS: 0.26200000000000007
Epoch: 82, Train Loss: 0.00240, Valid Loss: 0.00693, EPS: 0.25300000000000006
Epoch: 83, Train Loss: 0.00241, Valid Loss: 0.00695, EPS: 0.24400000000000005
Epoch: 84, Train Loss: 0.00240, Valid Loss: 0.00692, EPS: 0.23500000000000004
Epoch: 85, Train Loss: 0.00242, Valid Loss: 0.00686, EPS: 0.22600000000000003
Epoch: 86, Train Loss: 0.00241, Valid Loss: 0.00689, EPS: 0.21700000000000003
Epoch: 87, Train Loss: 0.00241, Valid Loss: 0.00691, EPS: 0.20800000000000002
Epoch: 88, Train Loss: 0.00240, Valid Loss: 0.00695, EPS: 0.199
Epoch: 89, Train Loss: 0.00242, Valid Loss: 0.00692, EPS: 0.19
Epoch: 90, Train Loss: 0.00242, Valid Loss: 0.00692, EPS: 0.181
Epoch: 91, Train Loss: 0.00241, Valid Loss: 0.00693, EPS: 0.172
Epoch: 92, Train Loss: 0.00243, Valid Loss: 0.00692, EPS: 0.16299999999999998
Epoch: 93, Train Loss: 0.00241, Valid Loss: 0.00690, EPS: 0.15400000000000005
Epoch: 94, Train Loss: 0.00243, Valid Loss: 0.00692, EPS: 0.14500000000000005
Epoch: 95, Train Loss: 0.00242, Valid Loss: 0.00692, EPS: 0.13600000000000004
Epoch: 96, Train Loss: 0.00240, Valid Loss: 0.00690, EPS: 0.12700000000000003
Epoch: 97, Train Loss: 0.00242, Valid Loss: 0.00691, EPS: 0.11800000000000002
Epoch: 98, Train Loss: 0.00240, Valid Loss: 0.00692, EPS: 0.10900000000000001
Epoch: 99, Train Loss: 0.00241, Valid Loss: 0.00689, EPS: 0.1
Test Loss: 0.00691
Test Loss: 0.00689
Running context window: 5 with stride: 5 with seed: 42
torch.Size([2806, 5, 64, 32])
torch.Size([935, 5, 64, 32])
torch.Size([937, 5, 64, 32])
Shape: (5, 144, 72)
Epoch: 0, Train Loss: 0.02144, Valid Loss: 0.01355, EPS: 0.991
Epoch: 1, Train Loss: 0.01237, Valid Loss: 0.01151, EPS: 0.982
Epoch: 2, Train Loss: 0.01118, Valid Loss: 0.01085, EPS: 0.973
Epoch: 3, Train Loss: 0.01051, Valid Loss: 0.01023, EPS: 0.964
Epoch: 4, Train Loss: 0.00975, Valid Loss: 0.00963, EPS: 0.955
Epoch: 5, Train Loss: 0.00888, Valid Loss: 0.00903, EPS: 0.946
Epoch: 6, Train Loss: 0.00806, Valid Loss: 0.00854, EPS: 0.9369999999999999
Epoch: 7, Train Loss: 0.00742, Valid Loss: 0.00820, EPS: 0.928
Epoch: 8, Train Loss: 0.00690, Valid Loss: 0.00779, EPS: 0.919
Epoch: 9, Train Loss: 0.00642, Valid Loss: 0.00754, EPS: 0.91
Epoch: 10, Train Loss: 0.00619, Valid Loss: 0.00742, EPS: 0.901
Epoch: 11, Train Loss: 0.00604, Valid Loss: 0.00728, EPS: 0.892
Epoch: 12, Train Loss: 0.00580, Valid Loss: 0.00705, EPS: 0.883
Epoch: 13, Train Loss: 0.00569, Valid Loss: 0.00695, EPS: 0.874
Epoch: 14, Train Loss: 0.00558, Valid Loss: 0.00690, EPS: 0.865
Epoch: 15, Train Loss: 0.00547, Valid Loss: 0.00699, EPS: 0.856
Epoch: 16, Train Loss: 0.00545, Valid Loss: 0.00686, EPS: 0.847
Epoch: 17, Train Loss: 0.00536, Valid Loss: 0.00682, EPS: 0.8380000000000001
Epoch: 18, Train Loss: 0.00529, Valid Loss: 0.00677, EPS: 0.8290000000000001
Epoch: 19, Train Loss: 0.00522, Valid Loss: 0.00672, EPS: 0.8200000000000001
Epoch: 20, Train Loss: 0.00521, Valid Loss: 0.00669, EPS: 0.811
Epoch: 21, Train Loss: 0.00511, Valid Loss: 0.00666, EPS: 0.802
Epoch: 22, Train Loss: 0.00509, Valid Loss: 0.00673, EPS: 0.793
Epoch: 23, Train Loss: 0.00508, Valid Loss: 0.00661, EPS: 0.784
Epoch: 24, Train Loss: 0.00509, Valid Loss: 0.00670, EPS: 0.775
Epoch: 25, Train Loss: 0.00511, Valid Loss: 0.00664, EPS: 0.766
Epoch: 26, Train Loss: 0.00510, Valid Loss: 0.00661, EPS: 0.757
Epoch: 27, Train Loss: 0.00501, Valid Loss: 0.00668, EPS: 0.748
Epoch: 28, Train Loss: 0.00500, Valid Loss: 0.00663, EPS: 0.739
Epoch: 29, Train Loss: 0.00496, Valid Loss: 0.00660, EPS: 0.73
Epoch: 30, Train Loss: 0.00498, Valid Loss: 0.00658, EPS: 0.721
Epoch: 31, Train Loss: 0.00499, Valid Loss: 0.00661, EPS: 0.712
Epoch: 32, Train Loss: 0.00500, Valid Loss: 0.00655, EPS: 0.703
Epoch: 33, Train Loss: 0.00489, Valid Loss: 0.00657, EPS: 0.694
Epoch: 34, Train Loss: 0.00497, Valid Loss: 0.00664, EPS: 0.685
Epoch: 35, Train Loss: 0.00492, Valid Loss: 0.00654, EPS: 0.676
Epoch: 36, Train Loss: 0.00490, Valid Loss: 0.00654, EPS: 0.667
Epoch: 37, Train Loss: 0.00489, Valid Loss: 0.00656, EPS: 0.658
Epoch: 38, Train Loss: 0.00488, Valid Loss: 0.00653, EPS: 0.649
Epoch: 39, Train Loss: 0.00486, Valid Loss: 0.00650, EPS: 0.64
Epoch: 40, Train Loss: 0.00489, Valid Loss: 0.00651, EPS: 0.6310000000000001
Epoch: 41, Train Loss: 0.00487, Valid Loss: 0.00658, EPS: 0.6220000000000001
Epoch: 42, Train Loss: 0.00491, Valid Loss: 0.00648, EPS: 0.6130000000000001
Epoch: 43, Train Loss: 0.00485, Valid Loss: 0.00645, EPS: 0.6040000000000001
Epoch: 44, Train Loss: 0.00488, Valid Loss: 0.00651, EPS: 0.5950000000000001
Epoch: 45, Train Loss: 0.00485, Valid Loss: 0.00657, EPS: 0.5860000000000001
Epoch: 46, Train Loss: 0.00486, Valid Loss: 0.00652, EPS: 0.5770000000000001
Epoch: 47, Train Loss: 0.00486, Valid Loss: 0.00654, EPS: 0.5680000000000001
Epoch: 48, Train Loss: 0.00484, Valid Loss: 0.00660, EPS: 0.559
Epoch: 49, Train Loss: 0.00479, Valid Loss: 0.00656, EPS: 0.55
Epoch: 50, Train Loss: 0.00474, Valid Loss: 0.00654, EPS: 0.541
Epoch: 51, Train Loss: 0.00481, Valid Loss: 0.00649, EPS: 0.532
Epoch: 52, Train Loss: 0.00477, Valid Loss: 0.00650, EPS: 0.523
Epoch: 53, Train Loss: 0.00478, Valid Loss: 0.00647, EPS: 0.514
Epoch: 54, Train Loss: 0.00478, Valid Loss: 0.00651, EPS: 0.505
Epoch: 55, Train Loss: 0.00424, Valid Loss: 0.00621, EPS: 0.496
Epoch: 56, Train Loss: 0.00393, Valid Loss: 0.00603, EPS: 0.4870000000000001
Epoch: 57, Train Loss: 0.00377, Valid Loss: 0.00596, EPS: 0.4780000000000001
Epoch: 58, Train Loss: 0.00367, Valid Loss: 0.00592, EPS: 0.4690000000000001
Epoch: 59, Train Loss: 0.00362, Valid Loss: 0.00588, EPS: 0.4600000000000001
Epoch: 60, Train Loss: 0.00359, Valid Loss: 0.00587, EPS: 0.45100000000000007
Epoch: 61, Train Loss: 0.00357, Valid Loss: 0.00586, EPS: 0.44200000000000006
Epoch: 62, Train Loss: 0.00357, Valid Loss: 0.00588, EPS: 0.43300000000000005
Epoch: 63, Train Loss: 0.00353, Valid Loss: 0.00588, EPS: 0.42400000000000004
Epoch: 64, Train Loss: 0.00354, Valid Loss: 0.00588, EPS: 0.41500000000000004
Epoch: 65, Train Loss: 0.00352, Valid Loss: 0.00585, EPS: 0.406
Epoch: 66, Train Loss: 0.00352, Valid Loss: 0.00591, EPS: 0.397
Epoch: 67, Train Loss: 0.00350, Valid Loss: 0.00588, EPS: 0.388
Epoch: 68, Train Loss: 0.00349, Valid Loss: 0.00590, EPS: 0.3790000000000001
Epoch: 69, Train Loss: 0.00349, Valid Loss: 0.00592, EPS: 0.3700000000000001
Epoch: 70, Train Loss: 0.00347, Valid Loss: 0.00588, EPS: 0.3610000000000001
Epoch: 71, Train Loss: 0.00346, Valid Loss: 0.00593, EPS: 0.3520000000000001
Epoch: 72, Train Loss: 0.00345, Valid Loss: 0.00588, EPS: 0.343
Epoch: 73, Train Loss: 0.00344, Valid Loss: 0.00592, EPS: 0.334
Epoch: 74, Train Loss: 0.00343, Valid Loss: 0.00598, EPS: 0.325
Epoch: 75, Train Loss: 0.00343, Valid Loss: 0.00593, EPS: 0.316
Epoch: 76, Train Loss: 0.00342, Valid Loss: 0.00598, EPS: 0.307
Epoch: 77, Train Loss: 0.00332, Valid Loss: 0.00590, EPS: 0.298
Epoch: 78, Train Loss: 0.00329, Valid Loss: 0.00589, EPS: 0.289
Epoch: 79, Train Loss: 0.00326, Valid Loss: 0.00588, EPS: 0.27999999999999997
Epoch: 80, Train Loss: 0.00325, Valid Loss: 0.00588, EPS: 0.27099999999999996
Epoch: 81, Train Loss: 0.00325, Valid Loss: 0.00589, EPS: 0.26200000000000007
Epoch: 82, Train Loss: 0.00325, Valid Loss: 0.00589, EPS: 0.25300000000000006
Epoch: 83, Train Loss: 0.00324, Valid Loss: 0.00587, EPS: 0.24400000000000005
Epoch: 84, Train Loss: 0.00323, Valid Loss: 0.00586, EPS: 0.23500000000000004
Epoch: 85, Train Loss: 0.00322, Valid Loss: 0.00588, EPS: 0.22600000000000003
Epoch: 86, Train Loss: 0.00322, Valid Loss: 0.00592, EPS: 0.21700000000000003
Epoch: 87, Train Loss: 0.00321, Valid Loss: 0.00590, EPS: 0.20800000000000002
Epoch: 88, Train Loss: 0.00321, Valid Loss: 0.00593, EPS: 0.199
Epoch: 89, Train Loss: 0.00321, Valid Loss: 0.00589, EPS: 0.19
Epoch: 90, Train Loss: 0.00320, Valid Loss: 0.00591, EPS: 0.181
Epoch: 91, Train Loss: 0.00320, Valid Loss: 0.00589, EPS: 0.172
Epoch: 92, Train Loss: 0.00319, Valid Loss: 0.00590, EPS: 0.16299999999999998
Epoch: 93, Train Loss: 0.00320, Valid Loss: 0.00592, EPS: 0.15400000000000005
Epoch: 94, Train Loss: 0.00320, Valid Loss: 0.00590, EPS: 0.14500000000000005
Epoch: 95, Train Loss: 0.00320, Valid Loss: 0.00589, EPS: 0.13600000000000004
Epoch: 96, Train Loss: 0.00320, Valid Loss: 0.00590, EPS: 0.12700000000000003
Epoch: 97, Train Loss: 0.00321, Valid Loss: 0.00590, EPS: 0.11800000000000002
Epoch: 98, Train Loss: 0.00320, Valid Loss: 0.00589, EPS: 0.10900000000000001
Epoch: 99, Train Loss: 0.00320, Valid Loss: 0.00588, EPS: 0.1
Test Loss: 0.00590
Test Loss: 0.00596
Running context window: 5 with stride: 10 with seed: 42
torch.Size([2806, 5, 64, 32])
torch.Size([935, 5, 64, 32])
torch.Size([937, 5, 64, 32])
Shape: (5, 144, 72)
Epoch: 0, Train Loss: 0.02434, Valid Loss: 0.01604, EPS: 0.991
Epoch: 1, Train Loss: 0.01407, Valid Loss: 0.01243, EPS: 0.982
Epoch: 2, Train Loss: 0.01198, Valid Loss: 0.01176, EPS: 0.973
Epoch: 3, Train Loss: 0.01120, Valid Loss: 0.01126, EPS: 0.964
Epoch: 4, Train Loss: 0.01066, Valid Loss: 0.01090, EPS: 0.955
Epoch: 5, Train Loss: 0.01014, Valid Loss: 0.01044, EPS: 0.946
Epoch: 6, Train Loss: 0.00958, Valid Loss: 0.01004, EPS: 0.9369999999999999
Epoch: 7, Train Loss: 0.00879, Valid Loss: 0.00962, EPS: 0.928
Epoch: 8, Train Loss: 0.00814, Valid Loss: 0.00920, EPS: 0.919
Epoch: 9, Train Loss: 0.00749, Valid Loss: 0.00908, EPS: 0.91
Epoch: 10, Train Loss: 0.00708, Valid Loss: 0.00883, EPS: 0.901
Epoch: 11, Train Loss: 0.00658, Valid Loss: 0.00847, EPS: 0.892
Epoch: 12, Train Loss: 0.00614, Valid Loss: 0.00832, EPS: 0.883
Epoch: 13, Train Loss: 0.00573, Valid Loss: 0.00820, EPS: 0.874
Epoch: 14, Train Loss: 0.00536, Valid Loss: 0.00800, EPS: 0.865
Epoch: 15, Train Loss: 0.00513, Valid Loss: 0.00801, EPS: 0.856
Epoch: 16, Train Loss: 0.00501, Valid Loss: 0.00793, EPS: 0.847
Epoch: 17, Train Loss: 0.00486, Valid Loss: 0.00785, EPS: 0.8380000000000001
Epoch: 18, Train Loss: 0.00476, Valid Loss: 0.00789, EPS: 0.8290000000000001
Epoch: 19, Train Loss: 0.00464, Valid Loss: 0.00777, EPS: 0.8200000000000001
Epoch: 20, Train Loss: 0.00461, Valid Loss: 0.00776, EPS: 0.811
Epoch: 21, Train Loss: 0.00454, Valid Loss: 0.00776, EPS: 0.802
Epoch: 22, Train Loss: 0.00455, Valid Loss: 0.00767, EPS: 0.793
Epoch: 23, Train Loss: 0.00446, Valid Loss: 0.00770, EPS: 0.784
Epoch: 24, Train Loss: 0.00430, Valid Loss: 0.00768, EPS: 0.775
Epoch: 25, Train Loss: 0.00430, Valid Loss: 0.00751, EPS: 0.766
Epoch: 26, Train Loss: 0.00423, Valid Loss: 0.00769, EPS: 0.757
Epoch: 27, Train Loss: 0.00415, Valid Loss: 0.00761, EPS: 0.748
Epoch: 28, Train Loss: 0.00412, Valid Loss: 0.00751, EPS: 0.739
Epoch: 29, Train Loss: 0.00409, Valid Loss: 0.00749, EPS: 0.73
Epoch: 30, Train Loss: 0.00408, Valid Loss: 0.00757, EPS: 0.721
Epoch: 31, Train Loss: 0.00410, Valid Loss: 0.00761, EPS: 0.712
Epoch: 32, Train Loss: 0.00411, Valid Loss: 0.00760, EPS: 0.703
Epoch: 33, Train Loss: 0.00410, Valid Loss: 0.00751, EPS: 0.694
Epoch: 34, Train Loss: 0.00406, Valid Loss: 0.00752, EPS: 0.685
Epoch: 35, Train Loss: 0.00394, Valid Loss: 0.00743, EPS: 0.676
Epoch: 36, Train Loss: 0.00393, Valid Loss: 0.00735, EPS: 0.667
Epoch: 37, Train Loss: 0.00392, Valid Loss: 0.00741, EPS: 0.658
Epoch: 38, Train Loss: 0.00390, Valid Loss: 0.00751, EPS: 0.649
Epoch: 39, Train Loss: 0.00386, Valid Loss: 0.00747, EPS: 0.64
Epoch: 40, Train Loss: 0.00390, Valid Loss: 0.00756, EPS: 0.6310000000000001
Epoch: 41, Train Loss: 0.00389, Valid Loss: 0.00748, EPS: 0.6220000000000001
Epoch: 42, Train Loss: 0.00388, Valid Loss: 0.00747, EPS: 0.6130000000000001
Epoch: 43, Train Loss: 0.00389, Valid Loss: 0.00749, EPS: 0.6040000000000001
Epoch: 44, Train Loss: 0.00381, Valid Loss: 0.00750, EPS: 0.5950000000000001
Epoch: 45, Train Loss: 0.00387, Valid Loss: 0.00741, EPS: 0.5860000000000001
Epoch: 46, Train Loss: 0.00382, Valid Loss: 0.00744, EPS: 0.5770000000000001
Epoch: 47, Train Loss: 0.00381, Valid Loss: 0.00738, EPS: 0.5680000000000001
Epoch: 48, Train Loss: 0.00344, Valid Loss: 0.00716, EPS: 0.559
Epoch: 49, Train Loss: 0.00316, Valid Loss: 0.00706, EPS: 0.55
Epoch: 50, Train Loss: 0.00302, Valid Loss: 0.00694, EPS: 0.541
Epoch: 51, Train Loss: 0.00292, Valid Loss: 0.00690, EPS: 0.532
Epoch: 52, Train Loss: 0.00281, Valid Loss: 0.00687, EPS: 0.523
Epoch: 53, Train Loss: 0.00276, Valid Loss: 0.00686, EPS: 0.514
Epoch: 54, Train Loss: 0.00274, Valid Loss: 0.00680, EPS: 0.505
Epoch: 55, Train Loss: 0.00265, Valid Loss: 0.00684, EPS: 0.496
Epoch: 56, Train Loss: 0.00265, Valid Loss: 0.00684, EPS: 0.4870000000000001
Epoch: 57, Train Loss: 0.00262, Valid Loss: 0.00688, EPS: 0.4780000000000001
Epoch: 58, Train Loss: 0.00262, Valid Loss: 0.00688, EPS: 0.4690000000000001
Epoch: 59, Train Loss: 0.00260, Valid Loss: 0.00684, EPS: 0.4600000000000001
Epoch: 60, Train Loss: 0.00260, Valid Loss: 0.00686, EPS: 0.45100000000000007
Epoch: 61, Train Loss: 0.00257, Valid Loss: 0.00686, EPS: 0.44200000000000006
Epoch: 62, Train Loss: 0.00256, Valid Loss: 0.00689, EPS: 0.43300000000000005
Epoch: 63, Train Loss: 0.00256, Valid Loss: 0.00685, EPS: 0.42400000000000004
Epoch: 64, Train Loss: 0.00254, Valid Loss: 0.00687, EPS: 0.41500000000000004
Epoch: 65, Train Loss: 0.00250, Valid Loss: 0.00688, EPS: 0.406
Epoch: 66, Train Loss: 0.00248, Valid Loss: 0.00687, EPS: 0.397
Epoch: 67, Train Loss: 0.00247, Valid Loss: 0.00687, EPS: 0.388
Epoch: 68, Train Loss: 0.00245, Valid Loss: 0.00683, EPS: 0.3790000000000001
Epoch: 69, Train Loss: 0.00244, Valid Loss: 0.00684, EPS: 0.3700000000000001
Epoch: 70, Train Loss: 0.00244, Valid Loss: 0.00686, EPS: 0.3610000000000001
Epoch: 71, Train Loss: 0.00245, Valid Loss: 0.00682, EPS: 0.3520000000000001
Epoch: 72, Train Loss: 0.00243, Valid Loss: 0.00688, EPS: 0.343
Epoch: 73, Train Loss: 0.00244, Valid Loss: 0.00682, EPS: 0.334
Epoch: 74, Train Loss: 0.00243, Valid Loss: 0.00691, EPS: 0.325
Epoch: 75, Train Loss: 0.00242, Valid Loss: 0.00684, EPS: 0.316
Epoch: 76, Train Loss: 0.00243, Valid Loss: 0.00690, EPS: 0.307
Epoch: 77, Train Loss: 0.00242, Valid Loss: 0.00686, EPS: 0.298
Epoch: 78, Train Loss: 0.00240, Valid Loss: 0.00686, EPS: 0.289
Epoch: 79, Train Loss: 0.00241, Valid Loss: 0.00684, EPS: 0.27999999999999997
Epoch: 80, Train Loss: 0.00240, Valid Loss: 0.00689, EPS: 0.27099999999999996
Epoch: 81, Train Loss: 0.00242, Valid Loss: 0.00692, EPS: 0.26200000000000007
Epoch: 82, Train Loss: 0.00239, Valid Loss: 0.00683, EPS: 0.25300000000000006
Epoch: 83, Train Loss: 0.00241, Valid Loss: 0.00686, EPS: 0.24400000000000005
Epoch: 84, Train Loss: 0.00241, Valid Loss: 0.00691, EPS: 0.23500000000000004
Epoch: 85, Train Loss: 0.00241, Valid Loss: 0.00688, EPS: 0.22600000000000003
Epoch: 86, Train Loss: 0.00240, Valid Loss: 0.00686, EPS: 0.21700000000000003
Epoch: 87, Train Loss: 0.00241, Valid Loss: 0.00685, EPS: 0.20800000000000002
Epoch: 88, Train Loss: 0.00241, Valid Loss: 0.00685, EPS: 0.199
Epoch: 89, Train Loss: 0.00242, Valid Loss: 0.00687, EPS: 0.19
Epoch: 90, Train Loss: 0.00241, Valid Loss: 0.00690, EPS: 0.181
Epoch: 91, Train Loss: 0.00242, Valid Loss: 0.00688, EPS: 0.172
Epoch: 92, Train Loss: 0.00242, Valid Loss: 0.00684, EPS: 0.16299999999999998
Epoch: 93, Train Loss: 0.00241, Valid Loss: 0.00685, EPS: 0.15400000000000005
Epoch: 94, Train Loss: 0.00240, Valid Loss: 0.00688, EPS: 0.14500000000000005
Epoch: 95, Train Loss: 0.00241, Valid Loss: 0.00682, EPS: 0.13600000000000004
Epoch: 96, Train Loss: 0.00241, Valid Loss: 0.00688, EPS: 0.12700000000000003
Epoch: 97, Train Loss: 0.00242, Valid Loss: 0.00691, EPS: 0.11800000000000002
Epoch: 98, Train Loss: 0.00242, Valid Loss: 0.00690, EPS: 0.10900000000000001
Epoch: 99, Train Loss: 0.00240, Valid Loss: 0.00688, EPS: 0.1
Test Loss: 0.00686
Test Loss: 0.00690
Running context window: 5 with stride: 5 with seed: 123
torch.Size([2806, 5, 64, 32])
torch.Size([935, 5, 64, 32])
torch.Size([937, 5, 64, 32])
Shape: (5, 144, 72)
Epoch: 0, Train Loss: 0.02112, Valid Loss: 0.01308, EPS: 0.991
Epoch: 1, Train Loss: 0.01231, Valid Loss: 0.01157, EPS: 0.982
Epoch: 2, Train Loss: 0.01123, Valid Loss: 0.01087, EPS: 0.973
Epoch: 3, Train Loss: 0.01054, Valid Loss: 0.01022, EPS: 0.964
Epoch: 4, Train Loss: 0.00966, Valid Loss: 0.00957, EPS: 0.955
Epoch: 5, Train Loss: 0.00878, Valid Loss: 0.00889, EPS: 0.946
Epoch: 6, Train Loss: 0.00784, Valid Loss: 0.00819, EPS: 0.9369999999999999
Epoch: 7, Train Loss: 0.00711, Valid Loss: 0.00783, EPS: 0.928
Epoch: 8, Train Loss: 0.00654, Valid Loss: 0.00754, EPS: 0.919
Epoch: 9, Train Loss: 0.00623, Valid Loss: 0.00749, EPS: 0.91
Epoch: 10, Train Loss: 0.00603, Valid Loss: 0.00729, EPS: 0.901
Epoch: 11, Train Loss: 0.00586, Valid Loss: 0.00707, EPS: 0.892
Epoch: 12, Train Loss: 0.00570, Valid Loss: 0.00698, EPS: 0.883
Epoch: 13, Train Loss: 0.00556, Valid Loss: 0.00696, EPS: 0.874
Epoch: 14, Train Loss: 0.00547, Valid Loss: 0.00681, EPS: 0.865
Epoch: 15, Train Loss: 0.00538, Valid Loss: 0.00682, EPS: 0.856
Epoch: 16, Train Loss: 0.00530, Valid Loss: 0.00681, EPS: 0.847
Epoch: 17, Train Loss: 0.00525, Valid Loss: 0.00670, EPS: 0.8380000000000001
Epoch: 18, Train Loss: 0.00523, Valid Loss: 0.00677, EPS: 0.8290000000000001
Epoch: 19, Train Loss: 0.00518, Valid Loss: 0.00673, EPS: 0.8200000000000001
Epoch: 20, Train Loss: 0.00520, Valid Loss: 0.00679, EPS: 0.811
Epoch: 21, Train Loss: 0.00510, Valid Loss: 0.00660, EPS: 0.802
Epoch: 22, Train Loss: 0.00506, Valid Loss: 0.00670, EPS: 0.793
Epoch: 23, Train Loss: 0.00517, Valid Loss: 0.00667, EPS: 0.784
Epoch: 24, Train Loss: 0.00511, Valid Loss: 0.00670, EPS: 0.775
Epoch: 25, Train Loss: 0.00510, Valid Loss: 0.00669, EPS: 0.766
Epoch: 26, Train Loss: 0.00506, Valid Loss: 0.00665, EPS: 0.757
Epoch: 27, Train Loss: 0.00501, Valid Loss: 0.00659, EPS: 0.748
Epoch: 28, Train Loss: 0.00496, Valid Loss: 0.00659, EPS: 0.739
Epoch: 29, Train Loss: 0.00493, Valid Loss: 0.00657, EPS: 0.73
Epoch: 30, Train Loss: 0.00493, Valid Loss: 0.00663, EPS: 0.721
Epoch: 31, Train Loss: 0.00497, Valid Loss: 0.00665, EPS: 0.712
Epoch: 32, Train Loss: 0.00493, Valid Loss: 0.00655, EPS: 0.703
Epoch: 33, Train Loss: 0.00491, Valid Loss: 0.00656, EPS: 0.694
Epoch: 34, Train Loss: 0.00490, Valid Loss: 0.00653, EPS: 0.685
Epoch: 35, Train Loss: 0.00490, Valid Loss: 0.00657, EPS: 0.676
Epoch: 36, Train Loss: 0.00491, Valid Loss: 0.00651, EPS: 0.667
Epoch: 37, Train Loss: 0.00482, Valid Loss: 0.00652, EPS: 0.658
Epoch: 38, Train Loss: 0.00487, Valid Loss: 0.00655, EPS: 0.649
Epoch: 39, Train Loss: 0.00483, Valid Loss: 0.00649, EPS: 0.64
Epoch: 40, Train Loss: 0.00485, Valid Loss: 0.00658, EPS: 0.6310000000000001
Epoch: 41, Train Loss: 0.00485, Valid Loss: 0.00650, EPS: 0.6220000000000001
Epoch: 42, Train Loss: 0.00485, Valid Loss: 0.00659, EPS: 0.6130000000000001
Epoch: 43, Train Loss: 0.00482, Valid Loss: 0.00649, EPS: 0.6040000000000001
Epoch: 44, Train Loss: 0.00479, Valid Loss: 0.00654, EPS: 0.5950000000000001
Epoch: 45, Train Loss: 0.00477, Valid Loss: 0.00645, EPS: 0.5860000000000001
Epoch: 46, Train Loss: 0.00480, Valid Loss: 0.00646, EPS: 0.5770000000000001
Epoch: 47, Train Loss: 0.00482, Valid Loss: 0.00651, EPS: 0.5680000000000001
Epoch: 48, Train Loss: 0.00481, Valid Loss: 0.00655, EPS: 0.559
Epoch: 49, Train Loss: 0.00477, Valid Loss: 0.00653, EPS: 0.55
Epoch: 50, Train Loss: 0.00477, Valid Loss: 0.00650, EPS: 0.541
Epoch: 51, Train Loss: 0.00479, Valid Loss: 0.00650, EPS: 0.532
Epoch: 52, Train Loss: 0.00474, Valid Loss: 0.00648, EPS: 0.523
Epoch: 53, Train Loss: 0.00478, Valid Loss: 0.00652, EPS: 0.514
Epoch: 54, Train Loss: 0.00475, Valid Loss: 0.00647, EPS: 0.505
Epoch: 55, Train Loss: 0.00478, Valid Loss: 0.00654, EPS: 0.496
Epoch: 56, Train Loss: 0.00475, Valid Loss: 0.00650, EPS: 0.4870000000000001
Epoch: 57, Train Loss: 0.00418, Valid Loss: 0.00616, EPS: 0.4780000000000001
Epoch: 58, Train Loss: 0.00385, Valid Loss: 0.00600, EPS: 0.4690000000000001
Epoch: 59, Train Loss: 0.00368, Valid Loss: 0.00593, EPS: 0.4600000000000001
Epoch: 60, Train Loss: 0.00359, Valid Loss: 0.00585, EPS: 0.45100000000000007
Epoch: 61, Train Loss: 0.00353, Valid Loss: 0.00584, EPS: 0.44200000000000006
Epoch: 62, Train Loss: 0.00351, Valid Loss: 0.00585, EPS: 0.43300000000000005
Epoch: 63, Train Loss: 0.00348, Valid Loss: 0.00582, EPS: 0.42400000000000004
Epoch: 64, Train Loss: 0.00346, Valid Loss: 0.00581, EPS: 0.41500000000000004
Epoch: 65, Train Loss: 0.00345, Valid Loss: 0.00584, EPS: 0.406
Epoch: 66, Train Loss: 0.00345, Valid Loss: 0.00581, EPS: 0.397
Epoch: 67, Train Loss: 0.00344, Valid Loss: 0.00580, EPS: 0.388
Epoch: 68, Train Loss: 0.00343, Valid Loss: 0.00580, EPS: 0.3790000000000001
Epoch: 69, Train Loss: 0.00341, Valid Loss: 0.00583, EPS: 0.3700000000000001
Epoch: 70, Train Loss: 0.00341, Valid Loss: 0.00582, EPS: 0.3610000000000001
Epoch: 71, Train Loss: 0.00339, Valid Loss: 0.00585, EPS: 0.3520000000000001
Epoch: 72, Train Loss: 0.00338, Valid Loss: 0.00586, EPS: 0.343
Epoch: 73, Train Loss: 0.00338, Valid Loss: 0.00585, EPS: 0.334
Epoch: 74, Train Loss: 0.00336, Valid Loss: 0.00587, EPS: 0.325
Epoch: 75, Train Loss: 0.00335, Valid Loss: 0.00587, EPS: 0.316
Epoch: 76, Train Loss: 0.00334, Valid Loss: 0.00589, EPS: 0.307
Epoch: 77, Train Loss: 0.00333, Valid Loss: 0.00587, EPS: 0.298
Epoch: 78, Train Loss: 0.00332, Valid Loss: 0.00586, EPS: 0.289
Epoch: 79, Train Loss: 0.00331, Valid Loss: 0.00587, EPS: 0.27999999999999997
Epoch: 80, Train Loss: 0.00321, Valid Loss: 0.00583, EPS: 0.27099999999999996
Epoch: 81, Train Loss: 0.00317, Valid Loss: 0.00584, EPS: 0.26200000000000007
Epoch: 82, Train Loss: 0.00316, Valid Loss: 0.00583, EPS: 0.25300000000000006
Epoch: 83, Train Loss: 0.00315, Valid Loss: 0.00582, EPS: 0.24400000000000005
Epoch: 84, Train Loss: 0.00313, Valid Loss: 0.00585, EPS: 0.23500000000000004
Epoch: 85, Train Loss: 0.00312, Valid Loss: 0.00584, EPS: 0.22600000000000003
Epoch: 86, Train Loss: 0.00311, Valid Loss: 0.00585, EPS: 0.21700000000000003
Epoch: 87, Train Loss: 0.00311, Valid Loss: 0.00585, EPS: 0.20800000000000002
Epoch: 88, Train Loss: 0.00311, Valid Loss: 0.00587, EPS: 0.199
Epoch: 89, Train Loss: 0.00310, Valid Loss: 0.00581, EPS: 0.19
Epoch: 90, Train Loss: 0.00310, Valid Loss: 0.00586, EPS: 0.181
Epoch: 91, Train Loss: 0.00308, Valid Loss: 0.00583, EPS: 0.172
Epoch: 92, Train Loss: 0.00308, Valid Loss: 0.00586, EPS: 0.16299999999999998
Epoch: 93, Train Loss: 0.00309, Valid Loss: 0.00586, EPS: 0.15400000000000005
Epoch: 94, Train Loss: 0.00308, Valid Loss: 0.00585, EPS: 0.14500000000000005
Epoch: 95, Train Loss: 0.00308, Valid Loss: 0.00583, EPS: 0.13600000000000004
Epoch: 96, Train Loss: 0.00308, Valid Loss: 0.00587, EPS: 0.12700000000000003
Epoch: 97, Train Loss: 0.00310, Valid Loss: 0.00583, EPS: 0.11800000000000002
Epoch: 98, Train Loss: 0.00308, Valid Loss: 0.00584, EPS: 0.10900000000000001
Epoch: 99, Train Loss: 0.00308, Valid Loss: 0.00587, EPS: 0.1
Test Loss: 0.00585
Test Loss: 0.00592
Running context window: 5 with stride: 10 with seed: 123
torch.Size([2806, 5, 64, 32])
torch.Size([935, 5, 64, 32])
torch.Size([937, 5, 64, 32])
Shape: (5, 144, 72)
Epoch: 0, Train Loss: 0.02614, Valid Loss: 0.01757, EPS: 0.991
Epoch: 1, Train Loss: 0.01517, Valid Loss: 0.01288, EPS: 0.982
Epoch: 2, Train Loss: 0.01223, Valid Loss: 0.01208, EPS: 0.973
Epoch: 3, Train Loss: 0.01160, Valid Loss: 0.01146, EPS: 0.964
Epoch: 4, Train Loss: 0.01091, Valid Loss: 0.01099, EPS: 0.955
Epoch: 5, Train Loss: 0.01044, Valid Loss: 0.01058, EPS: 0.946
Epoch: 6, Train Loss: 0.00994, Valid Loss: 0.01024, EPS: 0.9369999999999999
Epoch: 7, Train Loss: 0.00928, Valid Loss: 0.00985, EPS: 0.928
Epoch: 8, Train Loss: 0.00876, Valid Loss: 0.00964, EPS: 0.919
Epoch: 9, Train Loss: 0.00810, Valid Loss: 0.00930, EPS: 0.91
Epoch: 10, Train Loss: 0.00754, Valid Loss: 0.00896, EPS: 0.901
Epoch: 11, Train Loss: 0.00701, Valid Loss: 0.00868, EPS: 0.892
Epoch: 12, Train Loss: 0.00651, Valid Loss: 0.00846, EPS: 0.883
Epoch: 13, Train Loss: 0.00607, Valid Loss: 0.00827, EPS: 0.874
Epoch: 14, Train Loss: 0.00581, Valid Loss: 0.00805, EPS: 0.865
Epoch: 15, Train Loss: 0.00545, Valid Loss: 0.00805, EPS: 0.856
Epoch: 16, Train Loss: 0.00526, Valid Loss: 0.00788, EPS: 0.847
Epoch: 17, Train Loss: 0.00496, Valid Loss: 0.00785, EPS: 0.8380000000000001
Epoch: 18, Train Loss: 0.00488, Valid Loss: 0.00767, EPS: 0.8290000000000001
Epoch: 19, Train Loss: 0.00472, Valid Loss: 0.00764, EPS: 0.8200000000000001
Epoch: 20, Train Loss: 0.00459, Valid Loss: 0.00773, EPS: 0.811
Epoch: 21, Train Loss: 0.00455, Valid Loss: 0.00780, EPS: 0.802
Epoch: 22, Train Loss: 0.00449, Valid Loss: 0.00762, EPS: 0.793
Epoch: 23, Train Loss: 0.00442, Valid Loss: 0.00756, EPS: 0.784
Epoch: 24, Train Loss: 0.00439, Valid Loss: 0.00775, EPS: 0.775
Epoch: 25, Train Loss: 0.00439, Valid Loss: 0.00779, EPS: 0.766
Epoch: 26, Train Loss: 0.00428, Valid Loss: 0.00754, EPS: 0.757
Epoch: 27, Train Loss: 0.00419, Valid Loss: 0.00742, EPS: 0.748
Epoch: 28, Train Loss: 0.00412, Valid Loss: 0.00744, EPS: 0.739
Epoch: 29, Train Loss: 0.00411, Valid Loss: 0.00760, EPS: 0.73
Epoch: 30, Train Loss: 0.00409, Valid Loss: 0.00755, EPS: 0.721
Epoch: 31, Train Loss: 0.00399, Valid Loss: 0.00756, EPS: 0.712
Epoch: 32, Train Loss: 0.00400, Valid Loss: 0.00734, EPS: 0.703
Epoch: 33, Train Loss: 0.00398, Valid Loss: 0.00749, EPS: 0.694
Epoch: 34, Train Loss: 0.00402, Valid Loss: 0.00742, EPS: 0.685
Epoch: 35, Train Loss: 0.00395, Valid Loss: 0.00752, EPS: 0.676
Epoch: 36, Train Loss: 0.00396, Valid Loss: 0.00745, EPS: 0.667
Epoch: 37, Train Loss: 0.00391, Valid Loss: 0.00754, EPS: 0.658
Epoch: 38, Train Loss: 0.00395, Valid Loss: 0.00748, EPS: 0.649
Epoch: 39, Train Loss: 0.00395, Valid Loss: 0.00751, EPS: 0.64
Epoch: 40, Train Loss: 0.00388, Valid Loss: 0.00743, EPS: 0.6310000000000001
Epoch: 41, Train Loss: 0.00383, Valid Loss: 0.00744, EPS: 0.6220000000000001
Epoch: 42, Train Loss: 0.00377, Valid Loss: 0.00733, EPS: 0.6130000000000001
Epoch: 43, Train Loss: 0.00378, Valid Loss: 0.00748, EPS: 0.6040000000000001
Epoch: 44, Train Loss: 0.00379, Valid Loss: 0.00748, EPS: 0.5950000000000001
Epoch: 45, Train Loss: 0.00389, Valid Loss: 0.00748, EPS: 0.5860000000000001
Epoch: 46, Train Loss: 0.00388, Valid Loss: 0.00750, EPS: 0.5770000000000001
Epoch: 47, Train Loss: 0.00386, Valid Loss: 0.00742, EPS: 0.5680000000000001
Epoch: 48, Train Loss: 0.00383, Valid Loss: 0.00739, EPS: 0.559
Epoch: 49, Train Loss: 0.00379, Valid Loss: 0.00730, EPS: 0.55
Epoch: 50, Train Loss: 0.00377, Valid Loss: 0.00745, EPS: 0.541
Epoch: 51, Train Loss: 0.00375, Valid Loss: 0.00741, EPS: 0.532
Epoch: 52, Train Loss: 0.00376, Valid Loss: 0.00730, EPS: 0.523
Epoch: 53, Train Loss: 0.00374, Valid Loss: 0.00722, EPS: 0.514
Epoch: 54, Train Loss: 0.00372, Valid Loss: 0.00733, EPS: 0.505
Epoch: 55, Train Loss: 0.00376, Valid Loss: 0.00749, EPS: 0.496
Epoch: 56, Train Loss: 0.00370, Valid Loss: 0.00751, EPS: 0.4870000000000001
Epoch: 57, Train Loss: 0.00371, Valid Loss: 0.00726, EPS: 0.4780000000000001
Epoch: 58, Train Loss: 0.00369, Valid Loss: 0.00726, EPS: 0.4690000000000001
Epoch: 59, Train Loss: 0.00367, Valid Loss: 0.00742, EPS: 0.4600000000000001
Epoch: 60, Train Loss: 0.00366, Valid Loss: 0.00724, EPS: 0.45100000000000007
Epoch: 61, Train Loss: 0.00359, Valid Loss: 0.00735, EPS: 0.44200000000000006
Epoch: 62, Train Loss: 0.00365, Valid Loss: 0.00741, EPS: 0.43300000000000005
Epoch: 63, Train Loss: 0.00367, Valid Loss: 0.00740, EPS: 0.42400000000000004
Epoch: 64, Train Loss: 0.00367, Valid Loss: 0.00729, EPS: 0.41500000000000004
Epoch: 65, Train Loss: 0.00335, Valid Loss: 0.00712, EPS: 0.406
Epoch: 66, Train Loss: 0.00303, Valid Loss: 0.00702, EPS: 0.397
Epoch: 67, Train Loss: 0.00286, Valid Loss: 0.00693, EPS: 0.388
Epoch: 68, Train Loss: 0.00274, Valid Loss: 0.00686, EPS: 0.3790000000000001
Epoch: 69, Train Loss: 0.00261, Valid Loss: 0.00682, EPS: 0.3700000000000001
Epoch: 70, Train Loss: 0.00254, Valid Loss: 0.00682, EPS: 0.3610000000000001
Epoch: 71, Train Loss: 0.00251, Valid Loss: 0.00683, EPS: 0.3520000000000001
Epoch: 72, Train Loss: 0.00248, Valid Loss: 0.00682, EPS: 0.343
Epoch: 73, Train Loss: 0.00244, Valid Loss: 0.00681, EPS: 0.334
Epoch: 74, Train Loss: 0.00245, Valid Loss: 0.00683, EPS: 0.325
Epoch: 75, Train Loss: 0.00241, Valid Loss: 0.00679, EPS: 0.316
Epoch: 76, Train Loss: 0.00241, Valid Loss: 0.00681, EPS: 0.307
Epoch: 77, Train Loss: 0.00236, Valid Loss: 0.00681, EPS: 0.298
Epoch: 78, Train Loss: 0.00237, Valid Loss: 0.00684, EPS: 0.289
Epoch: 79, Train Loss: 0.00235, Valid Loss: 0.00683, EPS: 0.27999999999999997
Epoch: 80, Train Loss: 0.00233, Valid Loss: 0.00684, EPS: 0.27099999999999996
Epoch: 81, Train Loss: 0.00233, Valid Loss: 0.00685, EPS: 0.26200000000000007
Epoch: 82, Train Loss: 0.00232, Valid Loss: 0.00684, EPS: 0.25300000000000006
Epoch: 83, Train Loss: 0.00232, Valid Loss: 0.00685, EPS: 0.24400000000000005
Epoch: 84, Train Loss: 0.00230, Valid Loss: 0.00684, EPS: 0.23500000000000004
Epoch: 85, Train Loss: 0.00228, Valid Loss: 0.00687, EPS: 0.22600000000000003
Epoch: 86, Train Loss: 0.00228, Valid Loss: 0.00691, EPS: 0.21700000000000003
Epoch: 87, Train Loss: 0.00223, Valid Loss: 0.00689, EPS: 0.20800000000000002
Epoch: 88, Train Loss: 0.00222, Valid Loss: 0.00686, EPS: 0.199
Epoch: 89, Train Loss: 0.00223, Valid Loss: 0.00687, EPS: 0.19
Epoch: 90, Train Loss: 0.00221, Valid Loss: 0.00687, EPS: 0.181
Epoch: 91, Train Loss: 0.00220, Valid Loss: 0.00686, EPS: 0.172
Epoch: 92, Train Loss: 0.00220, Valid Loss: 0.00686, EPS: 0.16299999999999998
Epoch: 93, Train Loss: 0.00220, Valid Loss: 0.00689, EPS: 0.15400000000000005
Epoch: 94, Train Loss: 0.00218, Valid Loss: 0.00686, EPS: 0.14500000000000005
Epoch: 95, Train Loss: 0.00218, Valid Loss: 0.00687, EPS: 0.13600000000000004
Epoch: 96, Train Loss: 0.00218, Valid Loss: 0.00685, EPS: 0.12700000000000003
Epoch: 97, Train Loss: 0.00215, Valid Loss: 0.00686, EPS: 0.11800000000000002
Epoch: 98, Train Loss: 0.00215, Valid Loss: 0.00685, EPS: 0.10900000000000001
Epoch: 99, Train Loss: 0.00217, Valid Loss: 0.00686, EPS: 0.1
Test Loss: 0.00683
Test Loss: 0.00692
