nohup: ignoring input
Train: torch.Size([14031, 5, 64, 32]), Valid: torch.Size([4677, 5, 64, 32]), Test: torch.Size([4678, 5, 64, 32])
Input shape: (C=5, H=144, W=72)
Epoch: 0
  Train Loss:        8.3870
    Contrastive 1:   4.1281
    Contrastive 2:   4.1246
    Cycle:           0.1343
  Valid Loss:        7.5038
    Contrastive 1:   3.7339
    Contrastive 2:   3.7386
    Cycle:           0.0313
  LR: 1.00e-04
Epoch: 1
  Train Loss:        6.7015
    Contrastive 1:   3.3439
    Contrastive 2:   3.3442
    Cycle:           0.0133
  Valid Loss:        6.7970
    Contrastive 1:   3.3758
    Contrastive 2:   3.4054
    Cycle:           0.0158
  LR: 1.00e-04
Epoch: 2
  Train Loss:        6.2482
    Contrastive 1:   3.1201
    Contrastive 2:   3.1201
    Cycle:           0.0080
  Valid Loss:        6.6134
    Contrastive 1:   3.2968
    Contrastive 2:   3.3032
    Cycle:           0.0134
  LR: 1.00e-04
Epoch: 3
  Train Loss:        6.0522
    Contrastive 1:   3.0212
    Contrastive 2:   3.0237
    Cycle:           0.0073
  Valid Loss:        6.4909
    Contrastive 1:   3.2388
    Contrastive 2:   3.2398
    Cycle:           0.0123
  LR: 1.00e-04
Epoch: 4
  Train Loss:        5.9046
    Contrastive 1:   2.9476
    Contrastive 2:   2.9501
    Cycle:           0.0069
  Valid Loss:        6.4246
    Contrastive 1:   3.2091
    Contrastive 2:   3.2024
    Cycle:           0.0131
  LR: 1.00e-04
Epoch: 5
  Train Loss:        5.7971
    Contrastive 1:   2.8946
    Contrastive 2:   2.8956
    Cycle:           0.0068
  Valid Loss:        6.3277
    Contrastive 1:   3.1628
    Contrastive 2:   3.1521
    Cycle:           0.0128
  LR: 1.00e-04
Epoch: 6
  Train Loss:        5.7293
    Contrastive 1:   2.8587
    Contrastive 2:   2.8638
    Cycle:           0.0068
  Valid Loss:        6.3255
    Contrastive 1:   3.1693
    Contrastive 2:   3.1433
    Cycle:           0.0130
  LR: 1.00e-04
Epoch: 7
  Train Loss:        5.6675
    Contrastive 1:   2.8298
    Contrastive 2:   2.8311
    Cycle:           0.0066
  Valid Loss:        6.3505
    Contrastive 1:   3.1785
    Contrastive 2:   3.1584
    Cycle:           0.0136
  LR: 1.00e-04
Epoch: 8
  Train Loss:        5.6151
    Contrastive 1:   2.8028
    Contrastive 2:   2.8057
    Cycle:           0.0065
  Valid Loss:        6.3438
    Contrastive 1:   3.1780
    Contrastive 2:   3.1515
    Cycle:           0.0143
  LR: 1.00e-04
Epoch: 9
  Train Loss:        5.5682
    Contrastive 1:   2.7816
    Contrastive 2:   2.7801
    Cycle:           0.0065
  Valid Loss:        6.4088
    Contrastive 1:   3.2088
    Contrastive 2:   3.1848
    Cycle:           0.0153
  LR: 1.00e-04
Epoch: 10
  Train Loss:        5.5123
    Contrastive 1:   2.7521
    Contrastive 2:   2.7538
    Cycle:           0.0065
  Valid Loss:        6.3715
    Contrastive 1:   3.1903
    Contrastive 2:   3.1661
    Cycle:           0.0151
  LR: 1.00e-04
Epoch: 11
  Train Loss:        5.4656
    Contrastive 1:   2.7304
    Contrastive 2:   2.7287
    Cycle:           0.0064
  Valid Loss:        6.4137
    Contrastive 1:   3.2092
    Contrastive 2:   3.1883
    Cycle:           0.0162
  LR: 1.00e-04
Epoch: 12
  Train Loss:        5.4199
    Contrastive 1:   2.7069
    Contrastive 2:   2.7066
    Cycle:           0.0064
  Valid Loss:        6.4910
    Contrastive 1:   3.2517
    Contrastive 2:   3.2216
    Cycle:           0.0176
  LR: 1.00e-04
Epoch: 13
  Train Loss:        5.3700
    Contrastive 1:   2.6824
    Contrastive 2:   2.6812
    Cycle:           0.0064
  Valid Loss:        6.4678
    Contrastive 1:   3.2321
    Contrastive 2:   3.2184
    Cycle:           0.0174
  LR: 1.00e-04
Epoch: 14
  Train Loss:        5.3216
    Contrastive 1:   2.6578
    Contrastive 2:   2.6574
    Cycle:           0.0063
  Valid Loss:        6.5462
    Contrastive 1:   3.2759
    Contrastive 2:   3.2509
    Cycle:           0.0195
  LR: 1.00e-04
Epoch: 15
  Train Loss:        5.2825
    Contrastive 1:   2.6377
    Contrastive 2:   2.6384
    Cycle:           0.0063
  Valid Loss:        6.6021
    Contrastive 1:   3.3014
    Contrastive 2:   3.2799
    Cycle:           0.0208
  LR: 1.00e-04
Epoch: 16
  Train Loss:        5.2330
    Contrastive 1:   2.6136
    Contrastive 2:   2.6133
    Cycle:           0.0061
  Valid Loss:        6.6524
    Contrastive 1:   3.3239
    Contrastive 2:   3.3069
    Cycle:           0.0216
  LR: 1.00e-04
Epoch: 17
  Train Loss:        5.1967
    Contrastive 1:   2.5955
    Contrastive 2:   2.5953
    Cycle:           0.0060
  Valid Loss:        6.6568
    Contrastive 1:   3.3307
    Contrastive 2:   3.3043
    Cycle:           0.0217
  LR: 1.00e-04
Epoch: 18
  Train Loss:        5.1314
    Contrastive 1:   2.5638
    Contrastive 2:   2.5623
    Cycle:           0.0053
  Valid Loss:        6.6733
    Contrastive 1:   3.3332
    Contrastive 2:   3.3173
    Cycle:           0.0227
  LR: 1.00e-05
Epoch: 19
  Train Loss:        5.1098
    Contrastive 1:   2.5531
    Contrastive 2:   2.5517
    Cycle:           0.0050
  Valid Loss:        6.7038
    Contrastive 1:   3.3530
    Contrastive 2:   3.3279
    Cycle:           0.0229
  LR: 1.00e-05
Epoch: 20
  Train Loss:        5.0963
    Contrastive 1:   2.5461
    Contrastive 2:   2.5454
    Cycle:           0.0048
  Valid Loss:        6.7032
    Contrastive 1:   3.3515
    Contrastive 2:   3.3289
    Cycle:           0.0228
  LR: 1.00e-05
Epoch: 21
  Train Loss:        5.0875
    Contrastive 1:   2.5411
    Contrastive 2:   2.5416
    Cycle:           0.0048
  Valid Loss:        6.7382
    Contrastive 1:   3.3708
    Contrastive 2:   3.3440
    Cycle:           0.0234
  LR: 1.00e-05
Epoch: 22
  Train Loss:        5.0815
    Contrastive 1:   2.5388
    Contrastive 2:   2.5380
    Cycle:           0.0047
  Valid Loss:        6.7553
    Contrastive 1:   3.3757
    Contrastive 2:   3.3558
    Cycle:           0.0238
  LR: 1.00e-05
Epoch: 23
  Train Loss:        5.0695
    Contrastive 1:   2.5326
    Contrastive 2:   2.5322
    Cycle:           0.0046
  Valid Loss:        6.7422
    Contrastive 1:   3.3710
    Contrastive 2:   3.3478
    Cycle:           0.0235
  LR: 1.00e-05
Epoch: 24
  Train Loss:        5.0662
    Contrastive 1:   2.5310
    Contrastive 2:   2.5306
    Cycle:           0.0046
  Valid Loss:        6.7504
    Contrastive 1:   3.3815
    Contrastive 2:   3.3447
    Cycle:           0.0242
  LR: 1.00e-05
Epoch: 25
  Train Loss:        5.0549
    Contrastive 1:   2.5248
    Contrastive 2:   2.5256
    Cycle:           0.0045
  Valid Loss:        6.7829
    Contrastive 1:   3.3947
    Contrastive 2:   3.3637
    Cycle:           0.0244
  LR: 1.00e-05
Epoch: 26
  Train Loss:        5.0508
    Contrastive 1:   2.5230
    Contrastive 2:   2.5233
    Cycle:           0.0045
  Valid Loss:        6.7929
    Contrastive 1:   3.3962
    Contrastive 2:   3.3718
    Cycle:           0.0248
  LR: 1.00e-05
Epoch: 27
  Train Loss:        5.0452
    Contrastive 1:   2.5203
    Contrastive 2:   2.5205
    Cycle:           0.0044
  Valid Loss:        6.7922
    Contrastive 1:   3.3973
    Contrastive 2:   3.3701
    Cycle:           0.0248
  LR: 1.00e-05
Epoch: 28
  Train Loss:        5.0397
    Contrastive 1:   2.5180
    Contrastive 2:   2.5173
    Cycle:           0.0044
  Valid Loss:        6.7887
    Contrastive 1:   3.3940
    Contrastive 2:   3.3699
    Cycle:           0.0248
  LR: 1.00e-05
Epoch: 29
  Train Loss:        5.0328
    Contrastive 1:   2.5140
    Contrastive 2:   2.5145
    Cycle:           0.0043
  Valid Loss:        6.8199
    Contrastive 1:   3.4043
    Contrastive 2:   3.3893
    Cycle:           0.0262
  LR: 1.00e-06
Epoch: 30
  Train Loss:        5.0299
    Contrastive 1:   2.5125
    Contrastive 2:   2.5131
    Cycle:           0.0043
  Valid Loss:        6.8289
    Contrastive 1:   3.4123
    Contrastive 2:   3.3912
    Cycle:           0.0254
  LR: 1.00e-06
Epoch: 31
  Train Loss:        5.0276
    Contrastive 1:   2.5111
    Contrastive 2:   2.5122
    Cycle:           0.0042
  Valid Loss:        6.8333
    Contrastive 1:   3.4171
    Contrastive 2:   3.3905
    Cycle:           0.0257
  LR: 1.00e-06
Epoch: 32
  Train Loss:        5.0273
    Contrastive 1:   2.5108
    Contrastive 2:   2.5123
    Cycle:           0.0042
  Valid Loss:        6.8336
    Contrastive 1:   3.4169
    Contrastive 2:   3.3913
    Cycle:           0.0254
  LR: 1.00e-06
Epoch: 33
  Train Loss:        5.0295
    Contrastive 1:   2.5125
    Contrastive 2:   2.5128
    Cycle:           0.0042
  Valid Loss:        6.8572
    Contrastive 1:   3.4300
    Contrastive 2:   3.4012
    Cycle:           0.0260
  LR: 1.00e-06
Epoch: 34
  Train Loss:        5.0249
    Contrastive 1:   2.5105
    Contrastive 2:   2.5102
    Cycle:           0.0042
  Valid Loss:        6.8400
    Contrastive 1:   3.4141
    Contrastive 2:   3.4004
    Cycle:           0.0255
  LR: 1.00e-06
Epoch: 35
  Train Loss:        5.0254
    Contrastive 1:   2.5107
    Contrastive 2:   2.5105
    Cycle:           0.0042
  Valid Loss:        6.8211
    Contrastive 1:   3.4139
    Contrastive 2:   3.3815
    Cycle:           0.0257
  LR: 1.00e-06
Epoch: 36
  Train Loss:        5.0252
    Contrastive 1:   2.5107
    Contrastive 2:   2.5102
    Cycle:           0.0042
  Valid Loss:        6.8179
    Contrastive 1:   3.4162
    Contrastive 2:   3.3765
    Cycle:           0.0252
  LR: 1.00e-06
Epoch: 37
  Train Loss:        5.0264
    Contrastive 1:   2.5110
    Contrastive 2:   2.5112
    Cycle:           0.0042
  Valid Loss:        6.8480
    Contrastive 1:   3.4216
    Contrastive 2:   3.4004
    Cycle:           0.0260
  LR: 1.00e-06
Epoch: 38
  Train Loss:        5.0232
    Contrastive 1:   2.5098
    Contrastive 2:   2.5092
    Cycle:           0.0042
  Valid Loss:        6.8496
    Contrastive 1:   3.4250
    Contrastive 2:   3.3983
    Cycle:           0.0263
  LR: 1.00e-06
Epoch: 39
  Train Loss:        5.0246
    Contrastive 1:   2.5105
    Contrastive 2:   2.5099
    Cycle:           0.0042
  Valid Loss:        6.8158
    Contrastive 1:   3.4051
    Contrastive 2:   3.3856
    Cycle:           0.0252
  LR: 1.00e-06
Epoch: 40
  Train Loss:        5.0199
    Contrastive 1:   2.5083
    Contrastive 2:   2.5074
    Cycle:           0.0042
  Valid Loss:        6.8486
    Contrastive 1:   3.4298
    Contrastive 2:   3.3929
    Cycle:           0.0259
  LR: 1.00e-07
Epoch: 41
  Train Loss:        5.0205
    Contrastive 1:   2.5081
    Contrastive 2:   2.5082
    Cycle:           0.0042
  Valid Loss:        6.8510
    Contrastive 1:   3.4251
    Contrastive 2:   3.3997
    Cycle:           0.0262
  LR: 1.00e-07
Epoch: 42
  Train Loss:        5.0204
    Contrastive 1:   2.5082
    Contrastive 2:   2.5080
    Cycle:           0.0042
  Valid Loss:        6.8311
    Contrastive 1:   3.4131
    Contrastive 2:   3.3922
    Cycle:           0.0257
  LR: 1.00e-07
Epoch: 43
  Train Loss:        5.0221
    Contrastive 1:   2.5089
    Contrastive 2:   2.5091
    Cycle:           0.0042
  Valid Loss:        6.8272
    Contrastive 1:   3.4193
    Contrastive 2:   3.3825
    Cycle:           0.0254
  LR: 1.00e-07
Epoch: 44
  Train Loss:        5.0209
    Contrastive 1:   2.5079
    Contrastive 2:   2.5088
    Cycle:           0.0042
  Valid Loss:        6.8241
    Contrastive 1:   3.4118
    Contrastive 2:   3.3869
    Cycle:           0.0255
  LR: 1.00e-07
Epoch: 45
  Train Loss:        5.0207
    Contrastive 1:   2.5086
    Contrastive 2:   2.5079
    Cycle:           0.0042
  Valid Loss:        6.8448
    Contrastive 1:   3.4256
    Contrastive 2:   3.3934
    Cycle:           0.0258
  LR: 1.00e-07
Epoch: 46
  Train Loss:        5.0202
    Contrastive 1:   2.5076
    Contrastive 2:   2.5084
    Cycle:           0.0042
  Valid Loss:        6.8475
    Contrastive 1:   3.4191
    Contrastive 2:   3.4026
    Cycle:           0.0258
  LR: 1.00e-07
Epoch: 47
  Train Loss:        5.0231
    Contrastive 1:   2.5096
    Contrastive 2:   2.5093
    Cycle:           0.0042
  Valid Loss:        6.8137
    Contrastive 1:   3.4092
    Contrastive 2:   3.3793
    Cycle:           0.0253
  LR: 1.00e-07
Epoch: 48
  Train Loss:        5.0227
    Contrastive 1:   2.5087
    Contrastive 2:   2.5098
    Cycle:           0.0042
  Valid Loss:        6.8381
    Contrastive 1:   3.4192
    Contrastive 2:   3.3930
    Cycle:           0.0260
  LR: 1.00e-07
Epoch: 49
  Train Loss:        5.0219
    Contrastive 1:   2.5091
    Contrastive 2:   2.5087
    Cycle:           0.0042
  Valid Loss:        6.8275
    Contrastive 1:   3.4157
    Contrastive 2:   3.3865
    Cycle:           0.0253
  LR: 1.00e-07
Epoch: 50
  Train Loss:        5.0202
    Contrastive 1:   2.5081
    Contrastive 2:   2.5080
    Cycle:           0.0041
  Valid Loss:        6.8281
    Contrastive 1:   3.4152
    Contrastive 2:   3.3874
    Cycle:           0.0255
  LR: 1.00e-07
Epoch: 51
  Train Loss:        5.0205
    Contrastive 1:   2.5079
    Contrastive 2:   2.5085
    Cycle:           0.0041
  Valid Loss:        6.8527
    Contrastive 1:   3.4264
    Contrastive 2:   3.4001
    Cycle:           0.0262
  LR: 1.00e-08
Epoch: 52
  Train Loss:        5.0197
    Contrastive 1:   2.5078
    Contrastive 2:   2.5078
    Cycle:           0.0042
  Valid Loss:        6.8291
    Contrastive 1:   3.4108
    Contrastive 2:   3.3929
    Cycle:           0.0255
  LR: 1.00e-08
Epoch: 53
  Train Loss:        5.0226
    Contrastive 1:   2.5094
    Contrastive 2:   2.5091
    Cycle:           0.0042
  Valid Loss:        6.8349
    Contrastive 1:   3.4193
    Contrastive 2:   3.3900
    Cycle:           0.0256
  LR: 1.00e-08
Epoch: 54
  Train Loss:        5.0219
    Contrastive 1:   2.5091
    Contrastive 2:   2.5086
    Cycle:           0.0042
  Valid Loss:        6.8368
    Contrastive 1:   3.4178
    Contrastive 2:   3.3933
    Cycle:           0.0256
  LR: 1.00e-08
Epoch: 55
  Train Loss:        5.0210
    Contrastive 1:   2.5088
    Contrastive 2:   2.5081
    Cycle:           0.0042
  Valid Loss:        6.8132
    Contrastive 1:   3.4050
    Contrastive 2:   3.3830
    Cycle:           0.0251
  LR: 1.00e-08
Epoch: 56
  Train Loss:        5.0215
    Contrastive 1:   2.5089
    Contrastive 2:   2.5084
    Cycle:           0.0042
  Valid Loss:        6.8492
    Contrastive 1:   3.4262
    Contrastive 2:   3.3971
    Cycle:           0.0259
  LR: 1.00e-08
Epoch: 57
  Train Loss:        5.0189
    Contrastive 1:   2.5072
    Contrastive 2:   2.5076
    Cycle:           0.0041
  Valid Loss:        6.8083
    Contrastive 1:   3.4050
    Contrastive 2:   3.3782
    Cycle:           0.0250
  LR: 1.00e-08
Epoch: 58
  Train Loss:        5.0200
    Contrastive 1:   2.5083
    Contrastive 2:   2.5076
    Cycle:           0.0042
  Valid Loss:        6.8409
    Contrastive 1:   3.4236
    Contrastive 2:   3.3915
    Cycle:           0.0258
  LR: 1.00e-08
Epoch: 59
  Train Loss:        5.0191
    Contrastive 1:   2.5074
    Contrastive 2:   2.5075
    Cycle:           0.0042
  Valid Loss:        6.8246
    Contrastive 1:   3.4128
    Contrastive 2:   3.3865
    Cycle:           0.0253
  LR: 1.00e-08
Epoch: 60
  Train Loss:        5.0207
    Contrastive 1:   2.5085
    Contrastive 2:   2.5080
    Cycle:           0.0042
  Valid Loss:        6.8038
    Contrastive 1:   3.4024
    Contrastive 2:   3.3765
    Cycle:           0.0249
  LR: 1.00e-08
Epoch: 61
  Train Loss:        5.0221
    Contrastive 1:   2.5092
    Contrastive 2:   2.5087
    Cycle:           0.0042
  Valid Loss:        6.8091
    Contrastive 1:   3.4002
    Contrastive 2:   3.3836
    Cycle:           0.0253
  LR: 1.00e-08
Epoch: 62
  Train Loss:        5.0208
    Contrastive 1:   2.5084
    Contrastive 2:   2.5082
    Cycle:           0.0042
  Valid Loss:        6.8380
    Contrastive 1:   3.4136
    Contrastive 2:   3.3989
    Cycle:           0.0255
  LR: 1.00e-08
Epoch: 63
  Train Loss:        5.0194
    Contrastive 1:   2.5078
    Contrastive 2:   2.5075
    Cycle:           0.0042
  Valid Loss:        6.8368
    Contrastive 1:   3.4171
    Contrastive 2:   3.3943
    Cycle:           0.0254
  LR: 1.00e-08
Epoch: 64
  Train Loss:        5.0216
    Contrastive 1:   2.5091
    Contrastive 2:   2.5084
    Cycle:           0.0042
  Valid Loss:        6.8355
    Contrastive 1:   3.4154
    Contrastive 2:   3.3942
    Cycle:           0.0259
  LR: 1.00e-08
Epoch: 65
  Train Loss:        5.0207
    Contrastive 1:   2.5086
    Contrastive 2:   2.5079
    Cycle:           0.0042
  Valid Loss:        6.8330
    Contrastive 1:   3.4155
    Contrastive 2:   3.3921
    Cycle:           0.0254
  LR: 1.00e-08
Epoch: 66
  Train Loss:        5.0182
    Contrastive 1:   2.5074
    Contrastive 2:   2.5066
    Cycle:           0.0042
  Valid Loss:        6.8191
    Contrastive 1:   3.4083
    Contrastive 2:   3.3856
    Cycle:           0.0252
  LR: 1.00e-08
Epoch: 67
  Train Loss:        5.0234
    Contrastive 1:   2.5098
    Contrastive 2:   2.5094
    Cycle:           0.0042
  Valid Loss:        6.8384
    Contrastive 1:   3.4255
    Contrastive 2:   3.3874
    Cycle:           0.0255
  LR: 1.00e-08
Epoch: 68
  Train Loss:        5.0229
    Contrastive 1:   2.5094
    Contrastive 2:   2.5093
    Cycle:           0.0042
  Valid Loss:        6.8493
    Contrastive 1:   3.4285
    Contrastive 2:   3.3950
    Cycle:           0.0258
  LR: 1.00e-08
Epoch: 69
  Train Loss:        5.0216
    Contrastive 1:   2.5086
    Contrastive 2:   2.5088
    Cycle:           0.0042
  Valid Loss:        6.8250
    Contrastive 1:   3.4103
    Contrastive 2:   3.3891
    Cycle:           0.0255
  LR: 1.00e-08
Epoch: 70
  Train Loss:        5.0192
    Contrastive 1:   2.5080
    Contrastive 2:   2.5070
    Cycle:           0.0042
  Valid Loss:        6.8471
    Contrastive 1:   3.4144
    Contrastive 2:   3.4070
    Cycle:           0.0257
  LR: 1.00e-08
Epoch: 71
  Train Loss:        5.0191
    Contrastive 1:   2.5076
    Contrastive 2:   2.5073
    Cycle:           0.0042
  Valid Loss:        6.8247
    Contrastive 1:   3.4125
    Contrastive 2:   3.3869
    Cycle:           0.0253
  LR: 1.00e-08
Epoch: 72
  Train Loss:        5.0222
    Contrastive 1:   2.5094
    Contrastive 2:   2.5086
    Cycle:           0.0042
  Valid Loss:        6.8606
    Contrastive 1:   3.4322
    Contrastive 2:   3.4025
    Cycle:           0.0258
  LR: 1.00e-08
Epoch: 73
  Train Loss:        5.0185
    Contrastive 1:   2.5074
    Contrastive 2:   2.5070
    Cycle:           0.0041
  Valid Loss:        6.8104
    Contrastive 1:   3.4046
    Contrastive 2:   3.3807
    Cycle:           0.0252
  LR: 1.00e-08
Epoch: 74
  Train Loss:        5.0210
    Contrastive 1:   2.5085
    Contrastive 2:   2.5083
    Cycle:           0.0042
  Valid Loss:        6.8464
    Contrastive 1:   3.4160
    Contrastive 2:   3.4047
    Cycle:           0.0257
  LR: 1.00e-08
Epoch: 75
  Train Loss:        5.0206
    Contrastive 1:   2.5084
    Contrastive 2:   2.5080
    Cycle:           0.0041
  Valid Loss:        6.8256
    Contrastive 1:   3.4124
    Contrastive 2:   3.3876
    Cycle:           0.0255
  LR: 1.00e-08
Epoch: 76
  Train Loss:        5.0209
    Contrastive 1:   2.5081
    Contrastive 2:   2.5086
    Cycle:           0.0042
  Valid Loss:        6.8317
    Contrastive 1:   3.4070
    Contrastive 2:   3.3990
    Cycle:           0.0257
  LR: 1.00e-08
Epoch: 77
  Train Loss:        5.0201
    Contrastive 1:   2.5079
    Contrastive 2:   2.5080
    Cycle:           0.0041
  Valid Loss:        6.8527
    Contrastive 1:   3.4233
    Contrastive 2:   3.4035
    Cycle:           0.0258
  LR: 1.00e-08
Epoch: 78
  Train Loss:        5.0219
    Contrastive 1:   2.5092
    Contrastive 2:   2.5085
    Cycle:           0.0042
  Valid Loss:        6.8360
    Contrastive 1:   3.4176
    Contrastive 2:   3.3926
    Cycle:           0.0258
  LR: 1.00e-08
Epoch: 79
  Train Loss:        5.0213
    Contrastive 1:   2.5084
    Contrastive 2:   2.5087
    Cycle:           0.0042
  Valid Loss:        6.8480
    Contrastive 1:   3.4138
    Contrastive 2:   3.4084
    Cycle:           0.0258
  LR: 1.00e-08
Epoch: 80
  Train Loss:        5.0210
    Contrastive 1:   2.5084
    Contrastive 2:   2.5084
    Cycle:           0.0042
  Valid Loss:        6.8345
    Contrastive 1:   3.4180
    Contrastive 2:   3.3908
    Cycle:           0.0257
  LR: 1.00e-08
Epoch: 81
  Train Loss:        5.0213
    Contrastive 1:   2.5085
    Contrastive 2:   2.5086
    Cycle:           0.0042
  Valid Loss:        6.8315
    Contrastive 1:   3.4129
    Contrastive 2:   3.3929
    Cycle:           0.0257
  LR: 1.00e-08
Epoch: 82
  Train Loss:        5.0219
    Contrastive 1:   2.5089
    Contrastive 2:   2.5089
    Cycle:           0.0042
  Valid Loss:        6.8299
    Contrastive 1:   3.4120
    Contrastive 2:   3.3923
    Cycle:           0.0255
  LR: 1.00e-08
Epoch: 83
  Train Loss:        5.0207
    Contrastive 1:   2.5088
    Contrastive 2:   2.5078
    Cycle:           0.0042
  Valid Loss:        6.8505
    Contrastive 1:   3.4217
    Contrastive 2:   3.4025
    Cycle:           0.0263
  LR: 1.00e-08
Epoch: 84
  Train Loss:        5.0193
    Contrastive 1:   2.5078
    Contrastive 2:   2.5073
    Cycle:           0.0042
  Valid Loss:        6.8500
    Contrastive 1:   3.4270
    Contrastive 2:   3.3974
    Cycle:           0.0256
  LR: 1.00e-08
Epoch: 85
  Train Loss:        5.0193
    Contrastive 1:   2.5077
    Contrastive 2:   2.5075
    Cycle:           0.0042
  Valid Loss:        6.8173
    Contrastive 1:   3.4169
    Contrastive 2:   3.3748
    Cycle:           0.0257
  LR: 1.00e-08
Epoch: 86
  Train Loss:        5.0202
    Contrastive 1:   2.5082
    Contrastive 2:   2.5079
    Cycle:           0.0042
  Valid Loss:        6.8268
    Contrastive 1:   3.4156
    Contrastive 2:   3.3857
    Cycle:           0.0255
  LR: 1.00e-08
Epoch: 87
  Train Loss:        5.0200
    Contrastive 1:   2.5081
    Contrastive 2:   2.5078
    Cycle:           0.0042
  Valid Loss:        6.8367
    Contrastive 1:   3.4211
    Contrastive 2:   3.3897
    Cycle:           0.0258
  LR: 1.00e-08
Epoch: 88
  Train Loss:        5.0196
    Contrastive 1:   2.5079
    Contrastive 2:   2.5076
    Cycle:           0.0042
  Valid Loss:        6.8213
    Contrastive 1:   3.4068
    Contrastive 2:   3.3891
    Cycle:           0.0254
  LR: 1.00e-08
Epoch: 89
  Train Loss:        5.0215
    Contrastive 1:   2.5085
    Contrastive 2:   2.5088
    Cycle:           0.0042
  Valid Loss:        6.8371
    Contrastive 1:   3.4226
    Contrastive 2:   3.3884
    Cycle:           0.0261
  LR: 1.00e-08
Epoch: 90
  Train Loss:        5.0201
    Contrastive 1:   2.5078
    Contrastive 2:   2.5081
    Cycle:           0.0042
  Valid Loss:        6.8393
    Contrastive 1:   3.4231
    Contrastive 2:   3.3905
    Cycle:           0.0258
  LR: 1.00e-08
Epoch: 91
  Train Loss:        5.0202
    Contrastive 1:   2.5082
    Contrastive 2:   2.5079
    Cycle:           0.0041
  Valid Loss:        6.8371
    Contrastive 1:   3.4154
    Contrastive 2:   3.3964
    Cycle:           0.0253
  LR: 1.00e-08
Epoch: 92
  Train Loss:        5.0194
    Contrastive 1:   2.5073
    Contrastive 2:   2.5079
    Cycle:           0.0041
  Valid Loss:        6.8277
    Contrastive 1:   3.4143
    Contrastive 2:   3.3878
    Cycle:           0.0256
  LR: 1.00e-08
Epoch: 93
  Train Loss:        5.0206
    Contrastive 1:   2.5083
    Contrastive 2:   2.5081
    Cycle:           0.0042
  Valid Loss:        6.8169
    Contrastive 1:   3.4071
    Contrastive 2:   3.3846
    Cycle:           0.0252
  LR: 1.00e-08
Epoch: 94
  Train Loss:        5.0190
    Contrastive 1:   2.5074
    Contrastive 2:   2.5074
    Cycle:           0.0042
  Valid Loss:        6.8406
    Contrastive 1:   3.4211
    Contrastive 2:   3.3938
    Cycle:           0.0256
  LR: 1.00e-08
Epoch: 95
  Train Loss:        5.0173
    Contrastive 1:   2.5066
    Contrastive 2:   2.5066
    Cycle:           0.0042
  Valid Loss:        6.8321
    Contrastive 1:   3.4149
    Contrastive 2:   3.3919
    Cycle:           0.0254
  LR: 1.00e-08
Epoch: 96
  Train Loss:        5.0218
    Contrastive 1:   2.5090
    Contrastive 2:   2.5087
    Cycle:           0.0042
  Valid Loss:        6.8309
    Contrastive 1:   3.4114
    Contrastive 2:   3.3937
    Cycle:           0.0257
  LR: 1.00e-08
Epoch: 97
  Train Loss:        5.0211
    Contrastive 1:   2.5086
    Contrastive 2:   2.5084
    Cycle:           0.0042
  Valid Loss:        6.8521
    Contrastive 1:   3.4272
    Contrastive 2:   3.3989
    Cycle:           0.0260
  LR: 1.00e-08
Epoch: 98
  Train Loss:        5.0178
    Contrastive 1:   2.5069
    Contrastive 2:   2.5067
    Cycle:           0.0042
  Valid Loss:        6.8314
    Contrastive 1:   3.4167
    Contrastive 2:   3.3892
    Cycle:           0.0254
  LR: 1.00e-08
Epoch: 99
  Train Loss:        5.0211
    Contrastive 1:   2.5088
    Contrastive 2:   2.5081
    Cycle:           0.0042
  Valid Loss:        6.8350
    Contrastive 1:   3.4176
    Contrastive 2:   3.3918
    Cycle:           0.0256
  LR: 1.00e-08