nohup: ignoring input
torch.Size([14031, 5, 64, 32])
torch.Size([4677, 5, 64, 32])
torch.Size([4678, 5, 64, 32])
Shape: (5, 144, 72)
Fine Tuning Both
Epoch: 0 | Alpha: 1.00 | LR: 1.00e-04
  Train Loss     - Total: 5.22, Contrastive: 5.22, Recon: 1.04, Generator: 0.68, Discriminator: 0.64
  Validation Loss- Total: 7.37, Contrastive: 7.37, Recon: 1.06
Epoch: 1 | Alpha: 0.99 | LR: 1.00e-04
  Train Loss     - Total: 5.16, Contrastive: 5.21, Recon: 0.73, Generator: 0.56, Discriminator: 0.63
  Validation Loss- Total: 7.31, Contrastive: 7.38, Recon: 0.57
Epoch: 2 | Alpha: 0.98 | LR: 1.00e-04
  Train Loss     - Total: 5.10, Contrastive: 5.19, Recon: 0.48, Generator: 0.58, Discriminator: 0.66
  Validation Loss- Total: 7.24, Contrastive: 7.37, Recon: 0.47
Epoch: 3 | Alpha: 0.97 | LR: 1.00e-04
  Train Loss     - Total: 5.04, Contrastive: 5.17, Recon: 0.43, Generator: 0.61, Discriminator: 0.68
  Validation Loss- Total: 7.17, Contrastive: 7.38, Recon: 0.43
Epoch: 4 | Alpha: 0.96 | LR: 1.00e-04
  Train Loss     - Total: 4.98, Contrastive: 5.16, Recon: 0.42, Generator: 0.63, Discriminator: 0.68
  Validation Loss- Total: 7.13, Contrastive: 7.41, Recon: 0.43
Epoch: 5 | Alpha: 0.95 | LR: 1.00e-04
  Train Loss     - Total: 4.93, Contrastive: 5.14, Recon: 0.41, Generator: 0.64, Discriminator: 0.67
  Validation Loss- Total: 7.11, Contrastive: 7.45, Recon: 0.43
Epoch: 6 | Alpha: 0.94 | LR: 1.00e-04
  Train Loss     - Total: 4.87, Contrastive: 5.12, Recon: 0.42, Generator: 0.64, Discriminator: 0.68
  Validation Loss- Total: 7.03, Contrastive: 7.44, Recon: 0.43
Epoch: 7 | Alpha: 0.93 | LR: 1.00e-04
  Train Loss     - Total: 4.82, Contrastive: 5.11, Recon: 0.42, Generator: 0.65, Discriminator: 0.68
  Validation Loss- Total: 7.00, Contrastive: 7.47, Recon: 0.43
Epoch: 8 | Alpha: 0.92 | LR: 1.00e-04
  Train Loss     - Total: 4.77, Contrastive: 5.10, Recon: 0.42, Generator: 0.66, Discriminator: 0.68
  Validation Loss- Total: 6.92, Contrastive: 7.46, Recon: 0.43
Epoch: 9 | Alpha: 0.91 | LR: 1.00e-04
  Train Loss     - Total: 4.72, Contrastive: 5.09, Recon: 0.42, Generator: 0.66, Discriminator: 0.68
  Validation Loss- Total: 6.86, Contrastive: 7.47, Recon: 0.43
Epoch: 10 | Alpha: 0.90 | LR: 1.00e-04
  Train Loss     - Total: 4.67, Contrastive: 5.08, Recon: 0.42, Generator: 0.66, Discriminator: 0.68
  Validation Loss- Total: 6.80, Contrastive: 7.48, Recon: 0.43
Epoch: 11 | Alpha: 0.90 | LR: 1.00e-04
  Train Loss     - Total: 4.62, Contrastive: 5.07, Recon: 0.42, Generator: 0.67, Discriminator: 0.68
  Validation Loss- Total: 6.76, Contrastive: 7.50, Recon: 0.43
Epoch: 12 | Alpha: 0.89 | LR: 1.00e-04
  Train Loss     - Total: 4.58, Contrastive: 5.06, Recon: 0.42, Generator: 0.67, Discriminator: 0.68
  Validation Loss- Total: 6.72, Contrastive: 7.52, Recon: 0.43
Epoch: 13 | Alpha: 0.88 | LR: 1.00e-04
  Train Loss     - Total: 4.53, Contrastive: 5.05, Recon: 0.42, Generator: 0.67, Discriminator: 0.69
  Validation Loss- Total: 6.64, Contrastive: 7.50, Recon: 0.43
Epoch: 14 | Alpha: 0.87 | LR: 1.00e-04
  Train Loss     - Total: 4.48, Contrastive: 5.04, Recon: 0.42, Generator: 0.67, Discriminator: 0.68
  Validation Loss- Total: 6.57, Contrastive: 7.49, Recon: 0.43
Epoch: 15 | Alpha: 0.86 | LR: 1.00e-04
  Train Loss     - Total: 4.44, Contrastive: 5.04, Recon: 0.42, Generator: 0.68, Discriminator: 0.68
  Validation Loss- Total: 6.52, Contrastive: 7.51, Recon: 0.43
Epoch: 16 | Alpha: 0.85 | LR: 1.00e-04
  Train Loss     - Total: 4.40, Contrastive: 5.03, Recon: 0.42, Generator: 0.68, Discriminator: 0.69
  Validation Loss- Total: 6.50, Contrastive: 7.55, Recon: 0.43
Epoch: 17 | Alpha: 0.84 | LR: 1.00e-04
  Train Loss     - Total: 4.36, Contrastive: 5.02, Recon: 0.42, Generator: 0.68, Discriminator: 0.69
  Validation Loss- Total: 6.41, Contrastive: 7.52, Recon: 0.43
Epoch: 18 | Alpha: 0.84 | LR: 1.00e-04
  Train Loss     - Total: 4.31, Contrastive: 5.01, Recon: 0.42, Generator: 0.68, Discriminator: 0.69
  Validation Loss- Total: 6.36, Contrastive: 7.54, Recon: 0.42
Epoch: 19 | Alpha: 0.83 | LR: 1.00e-04
  Train Loss     - Total: 4.27, Contrastive: 5.01, Recon: 0.41, Generator: 0.69, Discriminator: 0.68
  Validation Loss- Total: 6.32, Contrastive: 7.56, Recon: 0.42
Epoch: 20 | Alpha: 0.82 | LR: 1.00e-04
  Train Loss     - Total: 4.23, Contrastive: 5.00, Recon: 0.41, Generator: 0.69, Discriminator: 0.69
  Validation Loss- Total: 6.27, Contrastive: 7.57, Recon: 0.42
Epoch: 21 | Alpha: 0.81 | LR: 1.00e-04
  Train Loss     - Total: 4.19, Contrastive: 5.00, Recon: 0.42, Generator: 0.69, Discriminator: 0.69
  Validation Loss- Total: 6.21, Contrastive: 7.56, Recon: 0.43
Epoch: 22 | Alpha: 0.80 | LR: 1.00e-04
  Train Loss     - Total: 4.15, Contrastive: 4.99, Recon: 0.41, Generator: 0.69, Discriminator: 0.69
  Validation Loss- Total: 6.16, Contrastive: 7.57, Recon: 0.42
Epoch: 23 | Alpha: 0.79 | LR: 1.00e-04
  Train Loss     - Total: 4.11, Contrastive: 4.98, Recon: 0.41, Generator: 0.69, Discriminator: 0.69
  Validation Loss- Total: 6.10, Contrastive: 7.57, Recon: 0.42
Epoch: 24 | Alpha: 0.79 | LR: 1.00e-04
  Train Loss     - Total: 4.08, Contrastive: 4.98, Recon: 0.41, Generator: 0.69, Discriminator: 0.69
  Validation Loss- Total: 6.06, Contrastive: 7.59, Recon: 0.42
Epoch: 25 | Alpha: 0.78 | LR: 1.00e-04
  Train Loss     - Total: 4.04, Contrastive: 4.97, Recon: 0.40, Generator: 0.69, Discriminator: 0.69
  Validation Loss- Total: 6.01, Contrastive: 7.60, Recon: 0.42
Epoch: 26 | Alpha: 0.77 | LR: 1.00e-04
  Train Loss     - Total: 4.00, Contrastive: 4.97, Recon: 0.40, Generator: 0.69, Discriminator: 0.69
  Validation Loss- Total: 5.93, Contrastive: 7.57, Recon: 0.41
Epoch: 27 | Alpha: 0.76 | LR: 1.00e-04
  Train Loss     - Total: 3.97, Contrastive: 4.96, Recon: 0.40, Generator: 0.70, Discriminator: 0.69
  Validation Loss- Total: 5.88, Contrastive: 7.57, Recon: 0.41
Epoch: 28 | Alpha: 0.76 | LR: 1.00e-04
  Train Loss     - Total: 3.93, Contrastive: 4.96, Recon: 0.40, Generator: 0.69, Discriminator: 0.69
  Validation Loss- Total: 5.85, Contrastive: 7.61, Recon: 0.42
Epoch: 29 | Alpha: 0.75 | LR: 1.00e-04
  Train Loss     - Total: 3.89, Contrastive: 4.95, Recon: 0.39, Generator: 0.70, Discriminator: 0.69
  Validation Loss- Total: 5.81, Contrastive: 7.63, Recon: 0.40
Epoch: 30 | Alpha: 0.74 | LR: 1.00e-04
  Train Loss     - Total: 3.86, Contrastive: 4.95, Recon: 0.39, Generator: 0.69, Discriminator: 0.69
  Validation Loss- Total: 5.75, Contrastive: 7.63, Recon: 0.39
Epoch: 31 | Alpha: 0.73 | LR: 1.00e-04
  Train Loss     - Total: 3.82, Contrastive: 4.95, Recon: 0.38, Generator: 0.70, Discriminator: 0.69
  Validation Loss- Total: 5.71, Contrastive: 7.64, Recon: 0.39
Epoch: 32 | Alpha: 0.73 | LR: 1.00e-04
  Train Loss     - Total: 3.79, Contrastive: 4.94, Recon: 0.38, Generator: 0.70, Discriminator: 0.69
  Validation Loss- Total: 5.67, Contrastive: 7.66, Recon: 0.39
Epoch: 33 | Alpha: 0.72 | LR: 1.00e-04
  Train Loss     - Total: 3.75, Contrastive: 4.94, Recon: 0.37, Generator: 0.70, Discriminator: 0.69
  Validation Loss- Total: 5.61, Contrastive: 7.65, Recon: 0.38
Epoch: 34 | Alpha: 0.71 | LR: 1.00e-04
  Train Loss     - Total: 3.72, Contrastive: 4.93, Recon: 0.37, Generator: 0.70, Discriminator: 0.69
  Validation Loss- Total: 5.55, Contrastive: 7.64, Recon: 0.38
Epoch: 35 | Alpha: 0.70 | LR: 1.00e-04
  Train Loss     - Total: 3.68, Contrastive: 4.93, Recon: 0.37, Generator: 0.69, Discriminator: 0.69
  Validation Loss- Total: 5.49, Contrastive: 7.63, Recon: 0.37
Epoch: 36 | Alpha: 0.70 | LR: 1.00e-04
  Train Loss     - Total: 3.65, Contrastive: 4.93, Recon: 0.36, Generator: 0.70, Discriminator: 0.69
  Validation Loss- Total: 5.45, Contrastive: 7.66, Recon: 0.37
Epoch: 37 | Alpha: 0.69 | LR: 1.00e-04
  Train Loss     - Total: 3.62, Contrastive: 4.92, Recon: 0.36, Generator: 0.70, Discriminator: 0.69
  Validation Loss- Total: 5.41, Contrastive: 7.67, Recon: 0.36
Epoch: 38 | Alpha: 0.68 | LR: 1.00e-04
  Train Loss     - Total: 3.59, Contrastive: 4.92, Recon: 0.35, Generator: 0.70, Discriminator: 0.69
  Validation Loss- Total: 5.35, Contrastive: 7.66, Recon: 0.36
Epoch: 39 | Alpha: 0.68 | LR: 1.00e-04
  Train Loss     - Total: 3.55, Contrastive: 4.91, Recon: 0.35, Generator: 0.70, Discriminator: 0.69
  Validation Loss- Total: 5.31, Contrastive: 7.67, Recon: 0.35
Epoch: 40 | Alpha: 0.67 | LR: 1.00e-04
  Train Loss     - Total: 3.52, Contrastive: 4.91, Recon: 0.34, Generator: 0.70, Discriminator: 0.69
  Validation Loss- Total: 5.26, Contrastive: 7.68, Recon: 0.35
Epoch: 41 | Alpha: 0.66 | LR: 1.00e-04
  Train Loss     - Total: 3.49, Contrastive: 4.91, Recon: 0.34, Generator: 0.70, Discriminator: 0.69
  Validation Loss- Total: 5.23, Contrastive: 7.71, Recon: 0.35
Epoch: 42 | Alpha: 0.66 | LR: 1.00e-04
  Train Loss     - Total: 3.46, Contrastive: 4.91, Recon: 0.34, Generator: 0.70, Discriminator: 0.69
  Validation Loss- Total: 5.17, Contrastive: 7.69, Recon: 0.34
Epoch: 43 | Alpha: 0.65 | LR: 1.00e-04
  Train Loss     - Total: 3.43, Contrastive: 4.90, Recon: 0.33, Generator: 0.70, Discriminator: 0.69
  Validation Loss- Total: 5.13, Contrastive: 7.71, Recon: 0.34
Epoch: 44 | Alpha: 0.64 | LR: 1.00e-04
  Train Loss     - Total: 3.40, Contrastive: 4.90, Recon: 0.33, Generator: 0.70, Discriminator: 0.69
  Validation Loss- Total: 5.06, Contrastive: 7.68, Recon: 0.34
Epoch: 45 | Alpha: 0.64 | LR: 1.00e-04
  Train Loss     - Total: 3.37, Contrastive: 4.90, Recon: 0.32, Generator: 0.70, Discriminator: 0.69
  Validation Loss- Total: 5.02, Contrastive: 7.69, Recon: 0.33
Epoch: 46 | Alpha: 0.63 | LR: 1.00e-04
  Train Loss     - Total: 3.34, Contrastive: 4.90, Recon: 0.32, Generator: 0.70, Discriminator: 0.69
  Validation Loss- Total: 4.99, Contrastive: 7.71, Recon: 0.33
Epoch: 47 | Alpha: 0.63 | LR: 1.00e-04
  Train Loss     - Total: 3.31, Contrastive: 4.90, Recon: 0.32, Generator: 0.70, Discriminator: 0.69
  Validation Loss- Total: 4.94, Contrastive: 7.71, Recon: 0.33
Epoch: 48 | Alpha: 0.62 | LR: 1.00e-04
  Train Loss     - Total: 3.28, Contrastive: 4.89, Recon: 0.31, Generator: 0.70, Discriminator: 0.69
  Validation Loss- Total: 4.89, Contrastive: 7.70, Recon: 0.32
Epoch: 49 | Alpha: 0.61 | LR: 1.00e-04
  Train Loss     - Total: 3.25, Contrastive: 4.89, Recon: 0.31, Generator: 0.70, Discriminator: 0.69
  Validation Loss- Total: 4.84, Contrastive: 7.70, Recon: 0.32
Epoch: 50 | Alpha: 0.61 | LR: 1.00e-04
  Train Loss     - Total: 3.22, Contrastive: 4.89, Recon: 0.31, Generator: 0.70, Discriminator: 0.69
  Validation Loss- Total: 4.78, Contrastive: 7.68, Recon: 0.32
Epoch: 51 | Alpha: 0.60 | LR: 1.00e-04
  Train Loss     - Total: 3.19, Contrastive: 4.89, Recon: 0.30, Generator: 0.70, Discriminator: 0.69
  Validation Loss- Total: 4.76, Contrastive: 7.72, Recon: 0.32
Epoch: 52 | Alpha: 0.59 | LR: 1.00e-04
  Train Loss     - Total: 3.16, Contrastive: 4.88, Recon: 0.30, Generator: 0.70, Discriminator: 0.69
  Validation Loss- Total: 4.71, Contrastive: 7.71, Recon: 0.31
Epoch: 53 | Alpha: 0.59 | LR: 1.00e-04
  Train Loss     - Total: 3.14, Contrastive: 4.88, Recon: 0.30, Generator: 0.70, Discriminator: 0.69
  Validation Loss- Total: 4.67, Contrastive: 7.72, Recon: 0.30
Epoch: 54 | Alpha: 0.58 | LR: 1.00e-04
  Train Loss     - Total: 3.11, Contrastive: 4.88, Recon: 0.29, Generator: 0.70, Discriminator: 0.69
  Validation Loss- Total: 4.61, Contrastive: 7.70, Recon: 0.30
Epoch: 55 | Alpha: 0.58 | LR: 1.00e-04
  Train Loss     - Total: 3.08, Contrastive: 4.88, Recon: 0.29, Generator: 0.70, Discriminator: 0.69
  Validation Loss- Total: 4.58, Contrastive: 7.72, Recon: 0.30
Epoch: 56 | Alpha: 0.57 | LR: 1.00e-04
  Train Loss     - Total: 3.06, Contrastive: 4.88, Recon: 0.28, Generator: 0.70, Discriminator: 0.69
  Validation Loss- Total: 4.54, Contrastive: 7.72, Recon: 0.29
Epoch: 57 | Alpha: 0.57 | LR: 1.00e-04
  Train Loss     - Total: 3.03, Contrastive: 4.88, Recon: 0.28, Generator: 0.70, Discriminator: 0.69
  Validation Loss- Total: 4.49, Contrastive: 7.72, Recon: 0.29
Epoch: 58 | Alpha: 0.56 | LR: 1.00e-04
  Train Loss     - Total: 3.00, Contrastive: 4.87, Recon: 0.27, Generator: 0.70, Discriminator: 0.69
  Validation Loss- Total: 4.45, Contrastive: 7.72, Recon: 0.28
Epoch: 59 | Alpha: 0.55 | LR: 1.00e-04
  Train Loss     - Total: 2.98, Contrastive: 4.87, Recon: 0.27, Generator: 0.70, Discriminator: 0.69
  Validation Loss- Total: 4.41, Contrastive: 7.74, Recon: 0.28
Epoch: 60 | Alpha: 0.55 | LR: 1.00e-04
  Train Loss     - Total: 2.95, Contrastive: 4.87, Recon: 0.27, Generator: 0.70, Discriminator: 0.69
  Validation Loss- Total: 4.36, Contrastive: 7.72, Recon: 0.27
Epoch: 61 | Alpha: 0.54 | LR: 1.00e-04
  Train Loss     - Total: 2.92, Contrastive: 4.87, Recon: 0.26, Generator: 0.70, Discriminator: 0.69
  Validation Loss- Total: 4.33, Contrastive: 7.74, Recon: 0.27
Epoch: 62 | Alpha: 0.54 | LR: 1.00e-04
  Train Loss     - Total: 2.90, Contrastive: 4.87, Recon: 0.26, Generator: 0.70, Discriminator: 0.69
  Validation Loss- Total: 4.29, Contrastive: 7.75, Recon: 0.27
Epoch: 63 | Alpha: 0.53 | LR: 1.00e-04
  Train Loss     - Total: 2.87, Contrastive: 4.86, Recon: 0.25, Generator: 0.70, Discriminator: 0.69
  Validation Loss- Total: 4.24, Contrastive: 7.74, Recon: 0.26
Epoch: 64 | Alpha: 0.53 | LR: 1.00e-04
  Train Loss     - Total: 2.85, Contrastive: 4.87, Recon: 0.25, Generator: 0.70, Discriminator: 0.69
  Validation Loss- Total: 4.20, Contrastive: 7.74, Recon: 0.25
Epoch: 65 | Alpha: 0.52 | LR: 1.00e-04
  Train Loss     - Total: 2.82, Contrastive: 4.86, Recon: 0.24, Generator: 0.70, Discriminator: 0.69
  Validation Loss- Total: 4.16, Contrastive: 7.74, Recon: 0.25
Epoch: 66 | Alpha: 0.52 | LR: 1.00e-04
  Train Loss     - Total: 2.80, Contrastive: 4.86, Recon: 0.24, Generator: 0.70, Discriminator: 0.69
  Validation Loss- Total: 4.12, Contrastive: 7.75, Recon: 0.24
Epoch: 67 | Alpha: 0.51 | LR: 1.00e-04
  Train Loss     - Total: 2.77, Contrastive: 4.86, Recon: 0.24, Generator: 0.70, Discriminator: 0.69
  Validation Loss- Total: 4.09, Contrastive: 7.76, Recon: 0.24
Epoch: 68 | Alpha: 0.51 | LR: 1.00e-04
  Train Loss     - Total: 2.75, Contrastive: 4.86, Recon: 0.23, Generator: 0.70, Discriminator: 0.69
  Validation Loss- Total: 4.04, Contrastive: 7.74, Recon: 0.24
Epoch: 69 | Alpha: 0.50 | LR: 1.00e-04
  Train Loss     - Total: 2.72, Contrastive: 4.86, Recon: 0.23, Generator: 0.70, Discriminator: 0.69
  Validation Loss- Total: 4.00, Contrastive: 7.74, Recon: 0.24
Epoch: 70 | Alpha: 0.50 | LR: 1.00e-04
  Train Loss     - Total: 2.70, Contrastive: 4.86, Recon: 0.23, Generator: 0.70, Discriminator: 0.69
  Validation Loss- Total: 3.97, Contrastive: 7.77, Recon: 0.23
Epoch: 71 | Alpha: 0.49 | LR: 1.00e-04
  Train Loss     - Total: 2.68, Contrastive: 4.85, Recon: 0.22, Generator: 0.70, Discriminator: 0.69
  Validation Loss- Total: 3.93, Contrastive: 7.76, Recon: 0.23
Epoch: 72 | Alpha: 0.49 | LR: 1.00e-04
  Train Loss     - Total: 2.65, Contrastive: 4.85, Recon: 0.22, Generator: 0.70, Discriminator: 0.69
  Validation Loss- Total: 3.90, Contrastive: 7.78, Recon: 0.23
Epoch: 73 | Alpha: 0.48 | LR: 1.00e-04
  Train Loss     - Total: 2.63, Contrastive: 4.85, Recon: 0.22, Generator: 0.70, Discriminator: 0.69
  Validation Loss- Total: 3.86, Contrastive: 7.78, Recon: 0.22
Epoch: 74 | Alpha: 0.48 | LR: 1.00e-04
  Train Loss     - Total: 2.61, Contrastive: 4.85, Recon: 0.21, Generator: 0.70, Discriminator: 0.69
  Validation Loss- Total: 3.82, Contrastive: 7.76, Recon: 0.22
Epoch: 75 | Alpha: 0.47 | LR: 1.00e-04
  Train Loss     - Total: 2.58, Contrastive: 4.85, Recon: 0.21, Generator: 0.70, Discriminator: 0.69
  Validation Loss- Total: 3.76, Contrastive: 7.72, Recon: 0.21
Epoch: 76 | Alpha: 0.47 | LR: 1.00e-04
  Train Loss     - Total: 2.56, Contrastive: 4.85, Recon: 0.21, Generator: 0.70, Discriminator: 0.69
  Validation Loss- Total: 3.73, Contrastive: 7.72, Recon: 0.21
Epoch: 77 | Alpha: 0.46 | LR: 1.00e-04
  Train Loss     - Total: 2.54, Contrastive: 4.85, Recon: 0.20, Generator: 0.70, Discriminator: 0.69
  Validation Loss- Total: 3.70, Contrastive: 7.75, Recon: 0.21
Epoch: 78 | Alpha: 0.46 | LR: 1.00e-04
  Train Loss     - Total: 2.52, Contrastive: 4.84, Recon: 0.20, Generator: 0.70, Discriminator: 0.69
  Validation Loss- Total: 3.69, Contrastive: 7.80, Recon: 0.21
Epoch: 79 | Alpha: 0.45 | LR: 1.00e-04
  Train Loss     - Total: 2.50, Contrastive: 4.85, Recon: 0.20, Generator: 0.70, Discriminator: 0.69
  Validation Loss- Total: 3.63, Contrastive: 7.76, Recon: 0.21
Epoch: 80 | Alpha: 0.45 | LR: 1.00e-04
  Train Loss     - Total: 2.48, Contrastive: 4.84, Recon: 0.20, Generator: 0.70, Discriminator: 0.69
  Validation Loss- Total: 3.60, Contrastive: 7.76, Recon: 0.20
Epoch: 81 | Alpha: 0.44 | LR: 1.00e-04
  Train Loss     - Total: 2.46, Contrastive: 4.84, Recon: 0.20, Generator: 0.69, Discriminator: 0.69
  Validation Loss- Total: 3.58, Contrastive: 7.78, Recon: 0.20
Epoch: 82 | Alpha: 0.44 | LR: 1.00e-04
  Train Loss     - Total: 2.44, Contrastive: 4.84, Recon: 0.19, Generator: 0.70, Discriminator: 0.69
  Validation Loss- Total: 3.54, Contrastive: 7.77, Recon: 0.20
Epoch: 83 | Alpha: 0.44 | LR: 1.00e-04
  Train Loss     - Total: 2.42, Contrastive: 4.84, Recon: 0.19, Generator: 0.70, Discriminator: 0.69
  Validation Loss- Total: 3.49, Contrastive: 7.75, Recon: 0.20
Epoch: 84 | Alpha: 0.43 | LR: 1.00e-04
  Train Loss     - Total: 2.39, Contrastive: 4.84, Recon: 0.19, Generator: 0.70, Discriminator: 0.69
  Validation Loss- Total: 3.47, Contrastive: 7.78, Recon: 0.20
Epoch: 85 | Alpha: 0.43 | LR: 1.00e-04
  Train Loss     - Total: 2.37, Contrastive: 4.84, Recon: 0.19, Generator: 0.69, Discriminator: 0.69
  Validation Loss- Total: 3.44, Contrastive: 7.79, Recon: 0.19
Epoch: 86 | Alpha: 0.42 | LR: 1.00e-04
  Train Loss     - Total: 2.35, Contrastive: 4.84, Recon: 0.18, Generator: 0.69, Discriminator: 0.69
  Validation Loss- Total: 3.40, Contrastive: 7.78, Recon: 0.19
Epoch: 87 | Alpha: 0.42 | LR: 1.00e-04
  Train Loss     - Total: 2.33, Contrastive: 4.84, Recon: 0.18, Generator: 0.70, Discriminator: 0.69
  Validation Loss- Total: 3.37, Contrastive: 7.77, Recon: 0.19
Epoch: 88 | Alpha: 0.41 | LR: 1.00e-04
  Train Loss     - Total: 2.32, Contrastive: 4.84, Recon: 0.18, Generator: 0.70, Discriminator: 0.69
  Validation Loss- Total: 3.33, Contrastive: 7.78, Recon: 0.19
Epoch: 89 | Alpha: 0.41 | LR: 1.00e-04
  Train Loss     - Total: 2.30, Contrastive: 4.84, Recon: 0.18, Generator: 0.70, Discriminator: 0.69
  Validation Loss- Total: 3.30, Contrastive: 7.77, Recon: 0.18
Epoch: 90 | Alpha: 0.41 | LR: 1.00e-04
  Train Loss     - Total: 2.28, Contrastive: 4.84, Recon: 0.18, Generator: 0.70, Discriminator: 0.69
  Validation Loss- Total: 3.27, Contrastive: 7.78, Recon: 0.18
Epoch: 91 | Alpha: 0.40 | LR: 1.00e-04
  Train Loss     - Total: 2.26, Contrastive: 4.83, Recon: 0.18, Generator: 0.70, Discriminator: 0.69
  Validation Loss- Total: 3.25, Contrastive: 7.81, Recon: 0.18
Epoch: 92 | Alpha: 0.40 | LR: 1.00e-04
  Train Loss     - Total: 2.24, Contrastive: 4.83, Recon: 0.17, Generator: 0.70, Discriminator: 0.69
  Validation Loss- Total: 3.22, Contrastive: 7.82, Recon: 0.18
Epoch: 93 | Alpha: 0.39 | LR: 1.00e-04
  Train Loss     - Total: 2.22, Contrastive: 4.83, Recon: 0.17, Generator: 0.70, Discriminator: 0.69
  Validation Loss- Total: 3.18, Contrastive: 7.78, Recon: 0.18
Epoch: 94 | Alpha: 0.39 | LR: 1.00e-04
  Train Loss     - Total: 2.20, Contrastive: 4.83, Recon: 0.17, Generator: 0.70, Discriminator: 0.69
  Validation Loss- Total: 3.15, Contrastive: 7.78, Recon: 0.18
Epoch: 95 | Alpha: 0.39 | LR: 1.00e-04
  Train Loss     - Total: 2.18, Contrastive: 4.83, Recon: 0.17, Generator: 0.70, Discriminator: 0.69
  Validation Loss- Total: 3.13, Contrastive: 7.80, Recon: 0.18
Epoch: 96 | Alpha: 0.38 | LR: 1.00e-04
  Train Loss     - Total: 2.17, Contrastive: 4.83, Recon: 0.17, Generator: 0.70, Discriminator: 0.69
  Validation Loss- Total: 3.10, Contrastive: 7.81, Recon: 0.17
Epoch: 97 | Alpha: 0.38 | LR: 1.00e-04
  Train Loss     - Total: 2.15, Contrastive: 4.83, Recon: 0.17, Generator: 0.70, Discriminator: 0.69
  Validation Loss- Total: 3.06, Contrastive: 7.79, Recon: 0.17
Epoch: 98 | Alpha: 0.38 | LR: 1.00e-04
  Train Loss     - Total: 2.13, Contrastive: 4.83, Recon: 0.17, Generator: 0.70, Discriminator: 0.69
  Validation Loss- Total: 3.02, Contrastive: 7.77, Recon: 0.17
Epoch: 99 | Alpha: 0.37 | LR: 1.00e-04
  Train Loss     - Total: 2.12, Contrastive: 4.83, Recon: 0.16, Generator: 0.70, Discriminator: 0.69
  Validation Loss- Total: 3.01, Contrastive: 7.81, Recon: 0.17
Epoch: 100 | Alpha: 0.37 | LR: 1.00e-04
  Train Loss     - Total: 2.10, Contrastive: 4.83, Recon: 0.16, Generator: 0.70, Discriminator: 0.69
  Validation Loss- Total: 2.98, Contrastive: 7.80, Recon: 0.17
Epoch: 101 | Alpha: 0.36 | LR: 1.00e-04
  Train Loss     - Total: 2.08, Contrastive: 4.82, Recon: 0.16, Generator: 0.69, Discriminator: 0.69
  Validation Loss- Total: 2.96, Contrastive: 7.83, Recon: 0.17
Epoch: 102 | Alpha: 0.36 | LR: 1.00e-04
  Train Loss     - Total: 2.07, Contrastive: 4.83, Recon: 0.16, Generator: 0.70, Discriminator: 0.69
  Validation Loss- Total: 2.92, Contrastive: 7.80, Recon: 0.17
Epoch: 103 | Alpha: 0.36 | LR: 1.00e-04
  Train Loss     - Total: 2.05, Contrastive: 4.82, Recon: 0.16, Generator: 0.70, Discriminator: 0.69
  Validation Loss- Total: 2.90, Contrastive: 7.82, Recon: 0.17
Epoch: 104 | Alpha: 0.35 | LR: 1.00e-04
  Train Loss     - Total: 2.03, Contrastive: 4.82, Recon: 0.16, Generator: 0.70, Discriminator: 0.69
  Validation Loss- Total: 2.89, Contrastive: 7.87, Recon: 0.16
Epoch: 105 | Alpha: 0.35 | LR: 1.00e-04
  Train Loss     - Total: 2.02, Contrastive: 4.82, Recon: 0.16, Generator: 0.70, Discriminator: 0.69
  Validation Loss- Total: 2.85, Contrastive: 7.82, Recon: 0.17
Epoch: 106 | Alpha: 0.35 | LR: 1.00e-04
  Train Loss     - Total: 2.00, Contrastive: 4.82, Recon: 0.16, Generator: 0.70, Discriminator: 0.69
  Validation Loss- Total: 2.81, Contrastive: 7.80, Recon: 0.16
Epoch: 107 | Alpha: 0.34 | LR: 1.00e-04
  Train Loss     - Total: 1.98, Contrastive: 4.82, Recon: 0.16, Generator: 0.69, Discriminator: 0.69
  Validation Loss- Total: 2.78, Contrastive: 7.81, Recon: 0.16
Epoch: 108 | Alpha: 0.34 | LR: 1.00e-04
  Train Loss     - Total: 1.97, Contrastive: 4.82, Recon: 0.15, Generator: 0.70, Discriminator: 0.69
  Validation Loss- Total: 2.76, Contrastive: 7.82, Recon: 0.16
Epoch: 109 | Alpha: 0.34 | LR: 1.00e-04
  Train Loss     - Total: 1.95, Contrastive: 4.82, Recon: 0.15, Generator: 0.70, Discriminator: 0.69
  Validation Loss- Total: 2.74, Contrastive: 7.83, Recon: 0.16
Epoch: 110 | Alpha: 0.33 | LR: 1.00e-04
  Train Loss     - Total: 1.94, Contrastive: 4.82, Recon: 0.15, Generator: 0.70, Discriminator: 0.69
  Validation Loss- Total: 2.71, Contrastive: 7.82, Recon: 0.16
Epoch: 111 | Alpha: 0.33 | LR: 1.00e-04
  Train Loss     - Total: 1.92, Contrastive: 4.82, Recon: 0.15, Generator: 0.70, Discriminator: 0.69
  Validation Loss- Total: 2.68, Contrastive: 7.81, Recon: 0.16
Epoch: 112 | Alpha: 0.33 | LR: 1.00e-04
  Train Loss     - Total: 1.91, Contrastive: 4.82, Recon: 0.15, Generator: 0.69, Discriminator: 0.69
  Validation Loss- Total: 2.66, Contrastive: 7.83, Recon: 0.16
Epoch: 113 | Alpha: 0.32 | LR: 1.00e-04
  Train Loss     - Total: 1.89, Contrastive: 4.82, Recon: 0.15, Generator: 0.69, Discriminator: 0.69
  Validation Loss- Total: 2.65, Contrastive: 7.87, Recon: 0.15
Epoch: 114 | Alpha: 0.32 | LR: 1.00e-04
  Train Loss     - Total: 1.88, Contrastive: 4.82, Recon: 0.15, Generator: 0.69, Discriminator: 0.69
  Validation Loss- Total: 2.61, Contrastive: 7.84, Recon: 0.16
Epoch: 115 | Alpha: 0.32 | LR: 1.00e-04
  Train Loss     - Total: 1.86, Contrastive: 4.82, Recon: 0.15, Generator: 0.69, Discriminator: 0.69
  Validation Loss- Total: 2.59, Contrastive: 7.85, Recon: 0.15
Epoch: 116 | Alpha: 0.31 | LR: 1.00e-04
  Train Loss     - Total: 1.85, Contrastive: 4.82, Recon: 0.15, Generator: 0.69, Discriminator: 0.69
  Validation Loss- Total: 2.56, Contrastive: 7.83, Recon: 0.15
Epoch: 117 | Alpha: 0.31 | LR: 1.00e-04
  Train Loss     - Total: 1.84, Contrastive: 4.81, Recon: 0.15, Generator: 0.70, Discriminator: 0.69
  Validation Loss- Total: 2.55, Contrastive: 7.88, Recon: 0.15
Epoch: 118 | Alpha: 0.31 | LR: 1.00e-04
  Train Loss     - Total: 1.82, Contrastive: 4.82, Recon: 0.15, Generator: 0.69, Discriminator: 0.69
  Validation Loss- Total: 2.52, Contrastive: 7.85, Recon: 0.15
Epoch: 119 | Alpha: 0.30 | LR: 1.00e-04
  Train Loss     - Total: 1.81, Contrastive: 4.82, Recon: 0.14, Generator: 0.69, Discriminator: 0.69
  Validation Loss- Total: 2.49, Contrastive: 7.84, Recon: 0.15
Epoch: 120 | Alpha: 0.30 | LR: 1.00e-04
  Train Loss     - Total: 1.79, Contrastive: 4.82, Recon: 0.14, Generator: 0.69, Discriminator: 0.69
  Validation Loss- Total: 2.48, Contrastive: 7.87, Recon: 0.15
Epoch: 121 | Alpha: 0.30 | LR: 1.00e-04
  Train Loss     - Total: 1.78, Contrastive: 4.81, Recon: 0.14, Generator: 0.70, Discriminator: 0.69
  Validation Loss- Total: 2.44, Contrastive: 7.84, Recon: 0.15
Epoch: 122 | Alpha: 0.30 | LR: 1.00e-04
  Train Loss     - Total: 1.77, Contrastive: 4.81, Recon: 0.14, Generator: 0.70, Discriminator: 0.69
  Validation Loss- Total: 2.44, Contrastive: 7.90, Recon: 0.15
Epoch: 123 | Alpha: 0.29 | LR: 1.00e-04
  Train Loss     - Total: 1.75, Contrastive: 4.81, Recon: 0.14, Generator: 0.70, Discriminator: 0.69
  Validation Loss- Total: 2.41, Contrastive: 7.87, Recon: 0.15
Epoch: 124 | Alpha: 0.29 | LR: 1.00e-04
  Train Loss     - Total: 1.74, Contrastive: 4.81, Recon: 0.14, Generator: 0.70, Discriminator: 0.69
  Validation Loss- Total: 2.38, Contrastive: 7.85, Recon: 0.15
Epoch: 125 | Alpha: 0.29 | LR: 1.00e-04
  Train Loss     - Total: 1.73, Contrastive: 4.81, Recon: 0.14, Generator: 0.70, Discriminator: 0.69
  Validation Loss- Total: 2.36, Contrastive: 7.86, Recon: 0.15
Epoch: 126 | Alpha: 0.28 | LR: 1.00e-04
  Train Loss     - Total: 1.71, Contrastive: 4.81, Recon: 0.14, Generator: 0.69, Discriminator: 0.69
  Validation Loss- Total: 2.34, Contrastive: 7.89, Recon: 0.15
Epoch: 127 | Alpha: 0.28 | LR: 1.00e-04
  Train Loss     - Total: 1.70, Contrastive: 4.81, Recon: 0.14, Generator: 0.70, Discriminator: 0.69
  Validation Loss- Total: 2.31, Contrastive: 7.87, Recon: 0.15
Epoch: 128 | Alpha: 0.28 | LR: 1.00e-04
  Train Loss     - Total: 1.69, Contrastive: 4.81, Recon: 0.14, Generator: 0.70, Discriminator: 0.69
  Validation Loss- Total: 2.29, Contrastive: 7.84, Recon: 0.15
Epoch: 129 | Alpha: 0.28 | LR: 1.00e-04
  Train Loss     - Total: 1.68, Contrastive: 4.81, Recon: 0.14, Generator: 0.70, Discriminator: 0.69
  Validation Loss- Total: 2.29, Contrastive: 7.93, Recon: 0.14
Epoch: 130 | Alpha: 0.27 | LR: 1.00e-04
  Train Loss     - Total: 1.66, Contrastive: 4.81, Recon: 0.14, Generator: 0.69, Discriminator: 0.69
  Validation Loss- Total: 2.26, Contrastive: 7.91, Recon: 0.15
Epoch: 131 | Alpha: 0.27 | LR: 1.00e-04
  Train Loss     - Total: 1.65, Contrastive: 4.81, Recon: 0.14, Generator: 0.69, Discriminator: 0.69
  Validation Loss- Total: 2.24, Contrastive: 7.92, Recon: 0.14
Epoch: 132 | Alpha: 0.27 | LR: 1.00e-04
  Train Loss     - Total: 1.64, Contrastive: 4.81, Recon: 0.14, Generator: 0.70, Discriminator: 0.69
  Validation Loss- Total: 2.21, Contrastive: 7.88, Recon: 0.14
Epoch: 133 | Alpha: 0.26 | LR: 1.00e-04
  Train Loss     - Total: 1.63, Contrastive: 4.81, Recon: 0.14, Generator: 0.70, Discriminator: 0.69
  Validation Loss- Total: 2.20, Contrastive: 7.91, Recon: 0.14
Epoch: 134 | Alpha: 0.26 | LR: 1.00e-04
  Train Loss     - Total: 1.62, Contrastive: 4.81, Recon: 0.14, Generator: 0.69, Discriminator: 0.69
  Validation Loss- Total: 2.17, Contrastive: 7.89, Recon: 0.14
Epoch: 135 | Alpha: 0.26 | LR: 1.00e-04
  Train Loss     - Total: 1.60, Contrastive: 4.81, Recon: 0.13, Generator: 0.69, Discriminator: 0.69
  Validation Loss- Total: 2.15, Contrastive: 7.88, Recon: 0.14
Epoch: 136 | Alpha: 0.26 | LR: 1.00e-04
  Train Loss     - Total: 1.59, Contrastive: 4.81, Recon: 0.13, Generator: 0.69, Discriminator: 0.69
  Validation Loss- Total: 2.14, Contrastive: 7.92, Recon: 0.14
Epoch: 137 | Alpha: 0.25 | LR: 1.00e-04
  Train Loss     - Total: 1.58, Contrastive: 4.81, Recon: 0.13, Generator: 0.69, Discriminator: 0.69
  Validation Loss- Total: 2.12, Contrastive: 7.92, Recon: 0.14
Epoch: 138 | Alpha: 0.25 | LR: 1.00e-04
  Train Loss     - Total: 1.57, Contrastive: 4.81, Recon: 0.13, Generator: 0.70, Discriminator: 0.69
  Validation Loss- Total: 2.09, Contrastive: 7.89, Recon: 0.14
Epoch: 139 | Alpha: 0.25 | LR: 1.00e-04
  Train Loss     - Total: 1.56, Contrastive: 4.81, Recon: 0.13, Generator: 0.70, Discriminator: 0.69
  Validation Loss- Total: 2.08, Contrastive: 7.92, Recon: 0.14
Epoch: 140 | Alpha: 0.25 | LR: 1.00e-04
  Train Loss     - Total: 1.55, Contrastive: 4.81, Recon: 0.13, Generator: 0.70, Discriminator: 0.69
  Validation Loss- Total: 2.05, Contrastive: 7.91, Recon: 0.14
Epoch: 141 | Alpha: 0.24 | LR: 1.00e-04
  Train Loss     - Total: 1.53, Contrastive: 4.81, Recon: 0.13, Generator: 0.69, Discriminator: 0.69
  Validation Loss- Total: 2.03, Contrastive: 7.89, Recon: 0.14
Epoch: 142 | Alpha: 0.24 | LR: 1.00e-04
  Train Loss     - Total: 1.52, Contrastive: 4.80, Recon: 0.13, Generator: 0.69, Discriminator: 0.69
  Validation Loss- Total: 2.01, Contrastive: 7.88, Recon: 0.14
Epoch: 143 | Alpha: 0.24 | LR: 1.00e-04
  Train Loss     - Total: 1.51, Contrastive: 4.81, Recon: 0.13, Generator: 0.70, Discriminator: 0.69
  Validation Loss- Total: 2.00, Contrastive: 7.91, Recon: 0.14
Epoch: 144 | Alpha: 0.24 | LR: 1.00e-04
  Train Loss     - Total: 1.50, Contrastive: 4.80, Recon: 0.13, Generator: 0.70, Discriminator: 0.69
  Validation Loss- Total: 1.98, Contrastive: 7.92, Recon: 0.14
Epoch: 145 | Alpha: 0.23 | LR: 1.00e-04
  Train Loss     - Total: 1.49, Contrastive: 4.80, Recon: 0.13, Generator: 0.69, Discriminator: 0.69
  Validation Loss- Total: 1.96, Contrastive: 7.93, Recon: 0.14
Epoch: 146 | Alpha: 0.23 | LR: 1.00e-04
  Train Loss     - Total: 1.48, Contrastive: 4.80, Recon: 0.13, Generator: 0.69, Discriminator: 0.69
  Validation Loss- Total: 1.95, Contrastive: 7.93, Recon: 0.14
Epoch: 147 | Alpha: 0.23 | LR: 1.00e-04
  Train Loss     - Total: 1.47, Contrastive: 4.80, Recon: 0.13, Generator: 0.70, Discriminator: 0.69
  Validation Loss- Total: 1.93, Contrastive: 7.94, Recon: 0.14
Epoch: 148 | Alpha: 0.23 | LR: 1.00e-04
  Train Loss     - Total: 1.46, Contrastive: 4.80, Recon: 0.13, Generator: 0.70, Discriminator: 0.69
  Validation Loss- Total: 1.90, Contrastive: 7.90, Recon: 0.13
Epoch: 149 | Alpha: 0.23 | LR: 1.00e-04
  Train Loss     - Total: 1.45, Contrastive: 4.80, Recon: 0.13, Generator: 0.70, Discriminator: 0.69
  Validation Loss- Total: 1.89, Contrastive: 7.93, Recon: 0.13
Epoch: 150 | Alpha: 0.22 | LR: 1.00e-04
  Train Loss     - Total: 1.44, Contrastive: 4.80, Recon: 0.13, Generator: 0.70, Discriminator: 0.69
  Validation Loss- Total: 1.88, Contrastive: 7.96, Recon: 0.13
Epoch: 151 | Alpha: 0.22 | LR: 1.00e-04
  Train Loss     - Total: 1.43, Contrastive: 4.80, Recon: 0.13, Generator: 0.69, Discriminator: 0.69
  Validation Loss- Total: 1.86, Contrastive: 7.93, Recon: 0.13
Epoch: 152 | Alpha: 0.22 | LR: 1.00e-04
  Train Loss     - Total: 1.42, Contrastive: 4.80, Recon: 0.13, Generator: 0.69, Discriminator: 0.69
  Validation Loss- Total: 1.84, Contrastive: 7.94, Recon: 0.13
Epoch: 153 | Alpha: 0.22 | LR: 1.00e-04
  Train Loss     - Total: 1.41, Contrastive: 4.80, Recon: 0.13, Generator: 0.69, Discriminator: 0.69
  Validation Loss- Total: 1.83, Contrastive: 7.98, Recon: 0.13
Epoch: 154 | Alpha: 0.21 | LR: 1.00e-04
  Train Loss     - Total: 1.40, Contrastive: 4.80, Recon: 0.13, Generator: 0.69, Discriminator: 0.69
  Validation Loss- Total: 1.81, Contrastive: 7.95, Recon: 0.13
Epoch: 155 | Alpha: 0.21 | LR: 1.00e-04
  Train Loss     - Total: 1.39, Contrastive: 4.80, Recon: 0.12, Generator: 0.70, Discriminator: 0.69
  Validation Loss- Total: 1.79, Contrastive: 7.93, Recon: 0.13
Epoch: 156 | Alpha: 0.21 | LR: 1.00e-04
  Train Loss     - Total: 1.38, Contrastive: 4.80, Recon: 0.12, Generator: 0.70, Discriminator: 0.69
  Validation Loss- Total: 1.77, Contrastive: 7.94, Recon: 0.13
Epoch: 157 | Alpha: 0.21 | LR: 1.00e-04
  Train Loss     - Total: 1.37, Contrastive: 4.80, Recon: 0.13, Generator: 0.69, Discriminator: 0.69
  Validation Loss- Total: 1.76, Contrastive: 7.96, Recon: 0.13
Epoch: 158 | Alpha: 0.21 | LR: 1.00e-04
  Train Loss     - Total: 1.36, Contrastive: 4.80, Recon: 0.12, Generator: 0.69, Discriminator: 0.69
  Validation Loss- Total: 1.74, Contrastive: 7.95, Recon: 0.13
Epoch: 159 | Alpha: 0.20 | LR: 1.00e-04
  Train Loss     - Total: 1.35, Contrastive: 4.80, Recon: 0.12, Generator: 0.69, Discriminator: 0.69
  Validation Loss- Total: 1.73, Contrastive: 7.95, Recon: 0.13
Epoch: 160 | Alpha: 0.20 | LR: 1.00e-04
  Train Loss     - Total: 1.34, Contrastive: 4.80, Recon: 0.12, Generator: 0.70, Discriminator: 0.69
  Validation Loss- Total: 1.72, Contrastive: 7.99, Recon: 0.13
Epoch: 161 | Alpha: 0.20 | LR: 1.00e-04
  Train Loss     - Total: 1.33, Contrastive: 4.80, Recon: 0.12, Generator: 0.69, Discriminator: 0.69
  Validation Loss- Total: 1.69, Contrastive: 7.95, Recon: 0.13
Epoch: 162 | Alpha: 0.20 | LR: 1.00e-04
  Train Loss     - Total: 1.33, Contrastive: 4.80, Recon: 0.12, Generator: 0.69, Discriminator: 0.69
  Validation Loss- Total: 1.68, Contrastive: 7.97, Recon: 0.13
Epoch: 163 | Alpha: 0.20 | LR: 1.00e-04
  Train Loss     - Total: 1.32, Contrastive: 4.80, Recon: 0.12, Generator: 0.70, Discriminator: 0.69
  Validation Loss- Total: 1.67, Contrastive: 7.97, Recon: 0.13
Epoch: 164 | Alpha: 0.19 | LR: 1.00e-04
  Train Loss     - Total: 1.31, Contrastive: 4.80, Recon: 0.12, Generator: 0.70, Discriminator: 0.69
  Validation Loss- Total: 1.65, Contrastive: 7.95, Recon: 0.13
Epoch: 165 | Alpha: 0.19 | LR: 1.00e-04
  Train Loss     - Total: 1.30, Contrastive: 4.80, Recon: 0.12, Generator: 0.69, Discriminator: 0.69
  Validation Loss- Total: 1.64, Contrastive: 7.99, Recon: 0.13
Epoch: 166 | Alpha: 0.19 | LR: 1.00e-04
  Train Loss     - Total: 1.29, Contrastive: 4.80, Recon: 0.12, Generator: 0.70, Discriminator: 0.69
  Validation Loss- Total: 1.62, Contrastive: 7.95, Recon: 0.13
Epoch: 167 | Alpha: 0.19 | LR: 1.00e-04
  Train Loss     - Total: 1.28, Contrastive: 4.80, Recon: 0.12, Generator: 0.70, Discriminator: 0.69
  Validation Loss- Total: 1.61, Contrastive: 7.99, Recon: 0.13
Epoch: 168 | Alpha: 0.19 | LR: 1.00e-04
  Train Loss     - Total: 1.27, Contrastive: 4.80, Recon: 0.12, Generator: 0.69, Discriminator: 0.69
  Validation Loss- Total: 1.59, Contrastive: 7.98, Recon: 0.13
Epoch: 169 | Alpha: 0.18 | LR: 1.00e-04
  Train Loss     - Total: 1.27, Contrastive: 4.80, Recon: 0.12, Generator: 0.69, Discriminator: 0.69
  Validation Loss- Total: 1.58, Contrastive: 7.98, Recon: 0.13
Epoch: 170 | Alpha: 0.18 | LR: 1.00e-04
  Train Loss     - Total: 1.26, Contrastive: 4.80, Recon: 0.12, Generator: 0.69, Discriminator: 0.69
  Validation Loss- Total: 1.56, Contrastive: 8.00, Recon: 0.13
Epoch: 171 | Alpha: 0.18 | LR: 1.00e-04
  Train Loss     - Total: 1.25, Contrastive: 4.80, Recon: 0.12, Generator: 0.70, Discriminator: 0.69
  Validation Loss- Total: 1.55, Contrastive: 7.99, Recon: 0.13
Epoch: 172 | Alpha: 0.18 | LR: 1.00e-04
  Train Loss     - Total: 1.24, Contrastive: 4.80, Recon: 0.12, Generator: 0.69, Discriminator: 0.69
  Validation Loss- Total: 1.53, Contrastive: 7.96, Recon: 0.13
Epoch: 173 | Alpha: 0.18 | LR: 1.00e-04
  Train Loss     - Total: 1.23, Contrastive: 4.80, Recon: 0.12, Generator: 0.69, Discriminator: 0.69
  Validation Loss- Total: 1.52, Contrastive: 7.99, Recon: 0.13
Epoch: 174 | Alpha: 0.18 | LR: 1.00e-04
  Train Loss     - Total: 1.22, Contrastive: 4.80, Recon: 0.12, Generator: 0.69, Discriminator: 0.69
  Validation Loss- Total: 1.50, Contrastive: 7.98, Recon: 0.13
Epoch: 175 | Alpha: 0.17 | LR: 1.00e-04
  Train Loss     - Total: 1.22, Contrastive: 4.80, Recon: 0.12, Generator: 0.69, Discriminator: 0.69
  Validation Loss- Total: 1.49, Contrastive: 7.99, Recon: 0.12
Epoch: 176 | Alpha: 0.17 | LR: 1.00e-04
  Train Loss     - Total: 1.21, Contrastive: 4.79, Recon: 0.12, Generator: 0.69, Discriminator: 0.69
  Validation Loss- Total: 1.47, Contrastive: 7.96, Recon: 0.13
Epoch: 177 | Alpha: 0.17 | LR: 1.00e-04
  Train Loss     - Total: 1.20, Contrastive: 4.79, Recon: 0.12, Generator: 0.69, Discriminator: 0.69
  Validation Loss- Total: 1.47, Contrastive: 8.00, Recon: 0.12
Epoch: 178 | Alpha: 0.17 | LR: 1.00e-04
  Train Loss     - Total: 1.19, Contrastive: 4.80, Recon: 0.12, Generator: 0.69, Discriminator: 0.69
  Validation Loss- Total: 1.45, Contrastive: 8.00, Recon: 0.12
Epoch: 179 | Alpha: 0.17 | LR: 1.00e-04
  Train Loss     - Total: 1.19, Contrastive: 4.80, Recon: 0.12, Generator: 0.70, Discriminator: 0.69
  Validation Loss- Total: 1.43, Contrastive: 7.97, Recon: 0.12
Epoch: 180 | Alpha: 0.17 | LR: 1.00e-04
  Train Loss     - Total: 1.18, Contrastive: 4.80, Recon: 0.12, Generator: 0.70, Discriminator: 0.69
  Validation Loss- Total: 1.43, Contrastive: 8.01, Recon: 0.12
Epoch: 181 | Alpha: 0.16 | LR: 1.00e-04
  Train Loss     - Total: 1.17, Contrastive: 4.79, Recon: 0.11, Generator: 0.69, Discriminator: 0.69
  Validation Loss- Total: 1.41, Contrastive: 7.98, Recon: 0.12
Epoch: 182 | Alpha: 0.16 | LR: 1.00e-04
  Train Loss     - Total: 1.16, Contrastive: 4.80, Recon: 0.11, Generator: 0.69, Discriminator: 0.69
  Validation Loss- Total: 1.40, Contrastive: 8.00, Recon: 0.12
Epoch: 183 | Alpha: 0.16 | LR: 1.00e-04
  Train Loss     - Total: 1.16, Contrastive: 4.79, Recon: 0.11, Generator: 0.69, Discriminator: 0.69
  Validation Loss- Total: 1.39, Contrastive: 8.02, Recon: 0.12
Epoch: 184 | Alpha: 0.16 | LR: 1.00e-04
  Train Loss     - Total: 1.15, Contrastive: 4.79, Recon: 0.11, Generator: 0.69, Discriminator: 0.69
  Validation Loss- Total: 1.38, Contrastive: 8.02, Recon: 0.12
Epoch: 185 | Alpha: 0.16 | LR: 1.00e-04
  Train Loss     - Total: 1.14, Contrastive: 4.79, Recon: 0.11, Generator: 0.69, Discriminator: 0.69
  Validation Loss- Total: 1.36, Contrastive: 7.99, Recon: 0.12
Epoch: 186 | Alpha: 0.16 | LR: 1.00e-04
  Train Loss     - Total: 1.13, Contrastive: 4.79, Recon: 0.11, Generator: 0.69, Discriminator: 0.69
  Validation Loss- Total: 1.35, Contrastive: 8.02, Recon: 0.12
Epoch: 187 | Alpha: 0.15 | LR: 1.00e-04
  Train Loss     - Total: 1.13, Contrastive: 4.79, Recon: 0.11, Generator: 0.69, Discriminator: 0.69
  Validation Loss- Total: 1.34, Contrastive: 8.03, Recon: 0.12
Epoch: 188 | Alpha: 0.15 | LR: 1.00e-04
  Train Loss     - Total: 1.12, Contrastive: 4.79, Recon: 0.11, Generator: 0.69, Discriminator: 0.69
  Validation Loss- Total: 1.33, Contrastive: 8.02, Recon: 0.12
Epoch: 189 | Alpha: 0.15 | LR: 1.00e-04
  Train Loss     - Total: 1.11, Contrastive: 4.79, Recon: 0.11, Generator: 0.69, Discriminator: 0.69
  Validation Loss- Total: 1.32, Contrastive: 8.05, Recon: 0.12
Epoch: 190 | Alpha: 0.15 | LR: 1.00e-04
  Train Loss     - Total: 1.11, Contrastive: 4.79, Recon: 0.11, Generator: 0.69, Discriminator: 0.69
  Validation Loss- Total: 1.30, Contrastive: 7.99, Recon: 0.12
Epoch: 191 | Alpha: 0.15 | LR: 1.00e-04
  Train Loss     - Total: 1.10, Contrastive: 4.79, Recon: 0.11, Generator: 0.69, Discriminator: 0.69
  Validation Loss- Total: 1.29, Contrastive: 8.03, Recon: 0.12
Epoch: 192 | Alpha: 0.15 | LR: 1.00e-04
  Train Loss     - Total: 1.09, Contrastive: 4.79, Recon: 0.11, Generator: 0.69, Discriminator: 0.69
  Validation Loss- Total: 1.28, Contrastive: 8.04, Recon: 0.12
Epoch: 193 | Alpha: 0.15 | LR: 1.00e-04
  Train Loss     - Total: 1.09, Contrastive: 4.79, Recon: 0.11, Generator: 0.69, Discriminator: 0.69
  Validation Loss- Total: 1.27, Contrastive: 8.02, Recon: 0.12
Epoch: 194 | Alpha: 0.14 | LR: 1.00e-04
  Train Loss     - Total: 1.08, Contrastive: 4.79, Recon: 0.11, Generator: 0.69, Discriminator: 0.69
  Validation Loss- Total: 1.25, Contrastive: 8.01, Recon: 0.12
Epoch: 195 | Alpha: 0.14 | LR: 1.00e-04
  Train Loss     - Total: 1.07, Contrastive: 4.79, Recon: 0.11, Generator: 0.69, Discriminator: 0.69
  Validation Loss- Total: 1.25, Contrastive: 8.07, Recon: 0.12
Epoch: 196 | Alpha: 0.14 | LR: 1.00e-04
  Train Loss     - Total: 1.07, Contrastive: 4.79, Recon: 0.11, Generator: 0.70, Discriminator: 0.69
  Validation Loss- Total: 1.23, Contrastive: 8.04, Recon: 0.12
Epoch: 197 | Alpha: 0.14 | LR: 1.00e-04
  Train Loss     - Total: 1.06, Contrastive: 4.79, Recon: 0.11, Generator: 0.69, Discriminator: 0.69
  Validation Loss- Total: 1.22, Contrastive: 8.04, Recon: 0.12
Epoch: 198 | Alpha: 0.14 | LR: 1.00e-04
  Train Loss     - Total: 1.06, Contrastive: 4.79, Recon: 0.11, Generator: 0.69, Discriminator: 0.69
  Validation Loss- Total: 1.22, Contrastive: 8.07, Recon: 0.12
Epoch: 199 | Alpha: 0.14 | LR: 1.00e-04
  Train Loss     - Total: 1.05, Contrastive: 4.79, Recon: 0.11, Generator: 0.69, Discriminator: 0.69
  Validation Loss- Total: 1.21, Contrastive: 8.09, Recon: 0.12
Epoch: 200 | Alpha: 0.14 | LR: 1.00e-04
  Train Loss     - Total: 1.04, Contrastive: 4.79, Recon: 0.11, Generator: 0.69, Discriminator: 0.69
  Validation Loss- Total: 1.19, Contrastive: 8.06, Recon: 0.12
Epoch: 201 | Alpha: 0.13 | LR: 1.00e-04
  Train Loss     - Total: 1.04, Contrastive: 4.79, Recon: 0.11, Generator: 0.69, Discriminator: 0.69
  Validation Loss- Total: 1.18, Contrastive: 8.05, Recon: 0.12
Epoch: 202 | Alpha: 0.13 | LR: 1.00e-04
  Train Loss     - Total: 1.03, Contrastive: 4.79, Recon: 0.11, Generator: 0.69, Discriminator: 0.69
  Validation Loss- Total: 1.17, Contrastive: 8.07, Recon: 0.12
Epoch: 203 | Alpha: 0.13 | LR: 1.00e-04
  Train Loss     - Total: 1.02, Contrastive: 4.79, Recon: 0.11, Generator: 0.69, Discriminator: 0.69
  Validation Loss- Total: 1.16, Contrastive: 8.07, Recon: 0.12
Epoch: 204 | Alpha: 0.13 | LR: 1.00e-04
  Train Loss     - Total: 1.02, Contrastive: 4.79, Recon: 0.11, Generator: 0.69, Discriminator: 0.69
  Validation Loss- Total: 1.15, Contrastive: 8.06, Recon: 0.12
Epoch: 205 | Alpha: 0.13 | LR: 1.00e-04
  Train Loss     - Total: 1.01, Contrastive: 4.79, Recon: 0.11, Generator: 0.69, Discriminator: 0.69
  Validation Loss- Total: 1.14, Contrastive: 8.08, Recon: 0.12
Epoch: 206 | Alpha: 0.13 | LR: 1.00e-04
  Train Loss     - Total: 1.01, Contrastive: 4.79, Recon: 0.11, Generator: 0.69, Discriminator: 0.69
  Validation Loss- Total: 1.13, Contrastive: 8.07, Recon: 0.12
Epoch: 207 | Alpha: 0.13 | LR: 1.00e-04
  Train Loss     - Total: 1.00, Contrastive: 4.79, Recon: 0.11, Generator: 0.69, Discriminator: 0.69
  Validation Loss- Total: 1.12, Contrastive: 8.09, Recon: 0.11
Epoch: 208 | Alpha: 0.12 | LR: 1.00e-04
  Train Loss     - Total: 1.00, Contrastive: 4.79, Recon: 0.11, Generator: 0.69, Discriminator: 0.69
  Validation Loss- Total: 1.11, Contrastive: 8.09, Recon: 0.12
Epoch: 209 | Alpha: 0.12 | LR: 1.00e-04
  Train Loss     - Total: 0.99, Contrastive: 4.79, Recon: 0.11, Generator: 0.69, Discriminator: 0.69
  Validation Loss- Total: 1.10, Contrastive: 8.11, Recon: 0.11
Epoch: 210 | Alpha: 0.12 | LR: 1.00e-04
  Train Loss     - Total: 0.98, Contrastive: 4.79, Recon: 0.11, Generator: 0.69, Discriminator: 0.69
  Validation Loss- Total: 1.09, Contrastive: 8.10, Recon: 0.12
Epoch: 211 | Alpha: 0.12 | LR: 1.00e-04
  Train Loss     - Total: 0.98, Contrastive: 4.79, Recon: 0.11, Generator: 0.69, Discriminator: 0.69
  Validation Loss- Total: 1.08, Contrastive: 8.11, Recon: 0.11
Epoch: 212 | Alpha: 0.12 | LR: 1.00e-04
  Train Loss     - Total: 0.97, Contrastive: 4.79, Recon: 0.11, Generator: 0.69, Discriminator: 0.69
  Validation Loss- Total: 1.07, Contrastive: 8.08, Recon: 0.11
Epoch: 213 | Alpha: 0.12 | LR: 1.00e-04
  Train Loss     - Total: 0.97, Contrastive: 4.79, Recon: 0.11, Generator: 0.69, Discriminator: 0.69
  Validation Loss- Total: 1.06, Contrastive: 8.11, Recon: 0.11
Epoch: 214 | Alpha: 0.12 | LR: 1.00e-04
  Train Loss     - Total: 0.96, Contrastive: 4.79, Recon: 0.10, Generator: 0.69, Discriminator: 0.69
  Validation Loss- Total: 1.05, Contrastive: 8.11, Recon: 0.11
Epoch: 215 | Alpha: 0.12 | LR: 1.00e-04
  Train Loss     - Total: 0.96, Contrastive: 4.79, Recon: 0.11, Generator: 0.69, Discriminator: 0.69
  Validation Loss- Total: 1.05, Contrastive: 8.11, Recon: 0.12
Epoch: 216 | Alpha: 0.12 | LR: 1.00e-04
  Train Loss     - Total: 0.95, Contrastive: 4.79, Recon: 0.10, Generator: 0.69, Discriminator: 0.69
  Validation Loss- Total: 1.04, Contrastive: 8.12, Recon: 0.11
Epoch: 217 | Alpha: 0.11 | LR: 1.00e-04
  Train Loss     - Total: 0.95, Contrastive: 4.79, Recon: 0.10, Generator: 0.69, Discriminator: 0.69
  Validation Loss- Total: 1.03, Contrastive: 8.16, Recon: 0.11
Epoch: 218 | Alpha: 0.11 | LR: 1.00e-04
  Train Loss     - Total: 0.94, Contrastive: 4.79, Recon: 0.10, Generator: 0.70, Discriminator: 0.69
  Validation Loss- Total: 1.02, Contrastive: 8.13, Recon: 0.11
Epoch: 219 | Alpha: 0.11 | LR: 1.00e-04
  Train Loss     - Total: 0.94, Contrastive: 4.79, Recon: 0.10, Generator: 0.69, Discriminator: 0.69
  Validation Loss- Total: 1.01, Contrastive: 8.16, Recon: 0.11
Epoch: 220 | Alpha: 0.11 | LR: 1.00e-04
  Train Loss     - Total: 0.93, Contrastive: 4.79, Recon: 0.10, Generator: 0.69, Discriminator: 0.69
  Validation Loss- Total: 0.99, Contrastive: 8.07, Recon: 0.11
Epoch: 221 | Alpha: 0.11 | LR: 1.00e-04
  Train Loss     - Total: 0.93, Contrastive: 4.79, Recon: 0.10, Generator: 0.69, Discriminator: 0.69
  Validation Loss- Total: 1.00, Contrastive: 8.16, Recon: 0.11
Epoch: 222 | Alpha: 0.11 | LR: 1.00e-04
  Train Loss     - Total: 0.92, Contrastive: 4.79, Recon: 0.10, Generator: 0.69, Discriminator: 0.69
  Validation Loss- Total: 0.98, Contrastive: 8.13, Recon: 0.11
Epoch: 223 | Alpha: 0.11 | LR: 1.00e-04
  Train Loss     - Total: 0.92, Contrastive: 4.79, Recon: 0.10, Generator: 0.69, Discriminator: 0.69
  Validation Loss- Total: 0.98, Contrastive: 8.15, Recon: 0.11
Epoch: 224 | Alpha: 0.11 | LR: 1.00e-04
  Train Loss     - Total: 0.91, Contrastive: 4.78, Recon: 0.10, Generator: 0.69, Discriminator: 0.69
  Validation Loss- Total: 0.96, Contrastive: 8.12, Recon: 0.11
Epoch: 225 | Alpha: 0.11 | LR: 1.00e-04
  Train Loss     - Total: 0.91, Contrastive: 4.79, Recon: 0.10, Generator: 0.69, Discriminator: 0.69
  Validation Loss- Total: 0.96, Contrastive: 8.14, Recon: 0.11
Epoch: 226 | Alpha: 0.10 | LR: 1.00e-04
  Train Loss     - Total: 0.90, Contrastive: 4.78, Recon: 0.10, Generator: 0.69, Discriminator: 0.69
  Validation Loss- Total: 0.95, Contrastive: 8.12, Recon: 0.11
Epoch: 227 | Alpha: 0.10 | LR: 1.00e-04
  Train Loss     - Total: 0.90, Contrastive: 4.79, Recon: 0.10, Generator: 0.69, Discriminator: 0.69
  Validation Loss- Total: 0.94, Contrastive: 8.14, Recon: 0.11
Epoch: 228 | Alpha: 0.10 | LR: 1.00e-04
  Train Loss     - Total: 0.89, Contrastive: 4.78, Recon: 0.10, Generator: 0.69, Discriminator: 0.69
  Validation Loss- Total: 0.93, Contrastive: 8.14, Recon: 0.11
Epoch: 229 | Alpha: 0.10 | LR: 1.00e-04
  Train Loss     - Total: 0.89, Contrastive: 4.79, Recon: 0.10, Generator: 0.69, Discriminator: 0.69
  Validation Loss- Total: 0.93, Contrastive: 8.17, Recon: 0.11
Epoch: 230 | Alpha: 0.10 | LR: 1.00e-04
  Train Loss     - Total: 0.88, Contrastive: 4.79, Recon: 0.10, Generator: 0.69, Discriminator: 0.69
  Validation Loss- Total: 0.92, Contrastive: 8.21, Recon: 0.11
Epoch: 231 | Alpha: 0.10 | LR: 1.00e-04
  Train Loss     - Total: 0.88, Contrastive: 4.78, Recon: 0.10, Generator: 0.69, Discriminator: 0.69
  Validation Loss- Total: 0.91, Contrastive: 8.17, Recon: 0.11
Epoch: 232 | Alpha: 0.10 | LR: 1.00e-04
  Train Loss     - Total: 0.87, Contrastive: 4.78, Recon: 0.10, Generator: 0.69, Discriminator: 0.69
  Validation Loss- Total: 0.90, Contrastive: 8.19, Recon: 0.11
Epoch: 233 | Alpha: 0.10 | LR: 1.00e-04
  Train Loss     - Total: 0.87, Contrastive: 4.78, Recon: 0.10, Generator: 0.69, Discriminator: 0.69
  Validation Loss- Total: 0.89, Contrastive: 8.14, Recon: 0.11
Epoch: 234 | Alpha: 0.10 | LR: 1.00e-04
  Train Loss     - Total: 0.86, Contrastive: 4.78, Recon: 0.10, Generator: 0.69, Discriminator: 0.69
  Validation Loss- Total: 0.89, Contrastive: 8.20, Recon: 0.11
Epoch: 235 | Alpha: 0.10 | LR: 1.00e-04
  Train Loss     - Total: 0.86, Contrastive: 4.78, Recon: 0.10, Generator: 0.69, Discriminator: 0.69
  Validation Loss- Total: 0.88, Contrastive: 8.22, Recon: 0.11
Epoch: 236 | Alpha: 0.09 | LR: 1.00e-04
  Train Loss     - Total: 0.86, Contrastive: 4.79, Recon: 0.10, Generator: 0.69, Discriminator: 0.69
  Validation Loss- Total: 0.87, Contrastive: 8.14, Recon: 0.11
Epoch: 237 | Alpha: 0.09 | LR: 1.00e-04
  Train Loss     - Total: 0.85, Contrastive: 4.78, Recon: 0.10, Generator: 0.69, Discriminator: 0.69
  Validation Loss- Total: 0.86, Contrastive: 8.19, Recon: 0.11
Epoch: 238 | Alpha: 0.09 | LR: 1.00e-04
  Train Loss     - Total: 0.85, Contrastive: 4.78, Recon: 0.10, Generator: 0.69, Discriminator: 0.69
  Validation Loss- Total: 0.86, Contrastive: 8.21, Recon: 0.11
Epoch: 239 | Alpha: 0.09 | LR: 1.00e-04
  Train Loss     - Total: 0.84, Contrastive: 4.78, Recon: 0.10, Generator: 0.69, Discriminator: 0.69
  Validation Loss- Total: 0.85, Contrastive: 8.16, Recon: 0.11
Epoch: 240 | Alpha: 0.09 | LR: 1.00e-04
  Train Loss     - Total: 0.84, Contrastive: 4.78, Recon: 0.10, Generator: 0.70, Discriminator: 0.69
  Validation Loss- Total: 0.85, Contrastive: 8.22, Recon: 0.11
Epoch: 241 | Alpha: 0.09 | LR: 1.00e-04
  Train Loss     - Total: 0.84, Contrastive: 4.78, Recon: 0.10, Generator: 0.69, Discriminator: 0.69
  Validation Loss- Total: 0.83, Contrastive: 8.18, Recon: 0.11
Epoch: 242 | Alpha: 0.09 | LR: 1.00e-04
  Train Loss     - Total: 0.83, Contrastive: 4.78, Recon: 0.10, Generator: 0.69, Discriminator: 0.69
  Validation Loss- Total: 0.83, Contrastive: 8.19, Recon: 0.11
Epoch: 243 | Alpha: 0.09 | LR: 1.00e-04
  Train Loss     - Total: 0.83, Contrastive: 4.78, Recon: 0.10, Generator: 0.69, Discriminator: 0.69
  Validation Loss- Total: 0.82, Contrastive: 8.21, Recon: 0.11
Epoch: 244 | Alpha: 0.09 | LR: 1.00e-04
  Train Loss     - Total: 0.82, Contrastive: 4.78, Recon: 0.10, Generator: 0.69, Discriminator: 0.69
  Validation Loss- Total: 0.82, Contrastive: 8.22, Recon: 0.11
Epoch: 245 | Alpha: 0.09 | LR: 1.00e-04
  Train Loss     - Total: 0.82, Contrastive: 4.78, Recon: 0.10, Generator: 0.69, Discriminator: 0.69
  Validation Loss- Total: 0.81, Contrastive: 8.23, Recon: 0.11
Epoch: 246 | Alpha: 0.09 | LR: 1.00e-04
  Train Loss     - Total: 0.82, Contrastive: 4.78, Recon: 0.10, Generator: 0.69, Discriminator: 0.69
  Validation Loss- Total: 0.80, Contrastive: 8.24, Recon: 0.11
Epoch: 247 | Alpha: 0.08 | LR: 1.00e-04
  Train Loss     - Total: 0.81, Contrastive: 4.78, Recon: 0.10, Generator: 0.69, Discriminator: 0.69
  Validation Loss- Total: 0.79, Contrastive: 8.20, Recon: 0.11
Epoch: 248 | Alpha: 0.08 | LR: 1.00e-04
  Train Loss     - Total: 0.81, Contrastive: 4.78, Recon: 0.10, Generator: 0.69, Discriminator: 0.69
  Validation Loss- Total: 0.79, Contrastive: 8.24, Recon: 0.11
Epoch: 249 | Alpha: 0.08 | LR: 1.00e-04
  Train Loss     - Total: 0.80, Contrastive: 4.78, Recon: 0.10, Generator: 0.69, Discriminator: 0.69
  Validation Loss- Total: 0.78, Contrastive: 8.25, Recon: 0.11
torch.Size([2806, 5, 64, 32])
torch.Size([935, 5, 64, 32])
torch.Size([937, 5, 64, 32])
Shape: (5, 144, 72)
Epoch: 0, Train Loss: 0.02060, Valid Loss: 0.01261, EPS: 0.991
Epoch: 1, Train Loss: 0.01166, Valid Loss: 0.01131, EPS: 0.982
Epoch: 2, Train Loss: 0.01031, Valid Loss: 0.01029, EPS: 0.973
Epoch: 3, Train Loss: 0.00942, Valid Loss: 0.00984, EPS: 0.964
Epoch: 4, Train Loss: 0.00892, Valid Loss: 0.00952, EPS: 0.955
Epoch: 5, Train Loss: 0.00855, Valid Loss: 0.00931, EPS: 0.946
Epoch: 6, Train Loss: 0.00830, Valid Loss: 0.00918, EPS: 0.9369999999999999
Epoch: 7, Train Loss: 0.00809, Valid Loss: 0.00893, EPS: 0.928
Epoch: 8, Train Loss: 0.00794, Valid Loss: 0.00897, EPS: 0.919
Epoch: 9, Train Loss: 0.00780, Valid Loss: 0.00883, EPS: 0.91
Epoch: 10, Train Loss: 0.00768, Valid Loss: 0.00873, EPS: 0.901
Epoch: 11, Train Loss: 0.00759, Valid Loss: 0.00880, EPS: 0.892
Epoch: 12, Train Loss: 0.00753, Valid Loss: 0.00876, EPS: 0.883
Epoch: 13, Train Loss: 0.00741, Valid Loss: 0.00871, EPS: 0.874
Epoch: 14, Train Loss: 0.00733, Valid Loss: 0.00869, EPS: 0.865
Epoch: 15, Train Loss: 0.00728, Valid Loss: 0.00857, EPS: 0.856
Epoch: 16, Train Loss: 0.00724, Valid Loss: 0.00875, EPS: 0.847
Epoch: 17, Train Loss: 0.00719, Valid Loss: 0.00866, EPS: 0.8380000000000001
Epoch: 18, Train Loss: 0.00720, Valid Loss: 0.00862, EPS: 0.8290000000000001
Epoch: 19, Train Loss: 0.00707, Valid Loss: 0.00857, EPS: 0.8200000000000001
Epoch: 20, Train Loss: 0.00704, Valid Loss: 0.00870, EPS: 0.811
Epoch: 21, Train Loss: 0.00698, Valid Loss: 0.00864, EPS: 0.802
Epoch: 22, Train Loss: 0.00690, Valid Loss: 0.00867, EPS: 0.793
Epoch: 23, Train Loss: 0.00691, Valid Loss: 0.00866, EPS: 0.784
Epoch: 24, Train Loss: 0.00684, Valid Loss: 0.00864, EPS: 0.775
Epoch: 25, Train Loss: 0.00684, Valid Loss: 0.00861, EPS: 0.766
Epoch: 26, Train Loss: 0.00681, Valid Loss: 0.00868, EPS: 0.757
Epoch: 27, Train Loss: 0.00622, Valid Loss: 0.00816, EPS: 0.748
Epoch: 28, Train Loss: 0.00600, Valid Loss: 0.00810, EPS: 0.739
Epoch: 29, Train Loss: 0.00594, Valid Loss: 0.00807, EPS: 0.73
Epoch: 30, Train Loss: 0.00590, Valid Loss: 0.00807, EPS: 0.721
Epoch: 31, Train Loss: 0.00588, Valid Loss: 0.00809, EPS: 0.712
Epoch: 32, Train Loss: 0.00586, Valid Loss: 0.00808, EPS: 0.703
Epoch: 33, Train Loss: 0.00584, Valid Loss: 0.00805, EPS: 0.694
Epoch: 34, Train Loss: 0.00581, Valid Loss: 0.00803, EPS: 0.685
Epoch: 35, Train Loss: 0.00581, Valid Loss: 0.00803, EPS: 0.676
Epoch: 36, Train Loss: 0.00580, Valid Loss: 0.00805, EPS: 0.667
Epoch: 37, Train Loss: 0.00578, Valid Loss: 0.00801, EPS: 0.658
Epoch: 38, Train Loss: 0.00577, Valid Loss: 0.00803, EPS: 0.649
Epoch: 39, Train Loss: 0.00576, Valid Loss: 0.00805, EPS: 0.64
Epoch: 40, Train Loss: 0.00574, Valid Loss: 0.00804, EPS: 0.6310000000000001
Epoch: 41, Train Loss: 0.00574, Valid Loss: 0.00802, EPS: 0.6220000000000001
Epoch: 42, Train Loss: 0.00572, Valid Loss: 0.00799, EPS: 0.6130000000000001
Epoch: 43, Train Loss: 0.00571, Valid Loss: 0.00802, EPS: 0.6040000000000001
Epoch: 44, Train Loss: 0.00570, Valid Loss: 0.00800, EPS: 0.5950000000000001
Epoch: 45, Train Loss: 0.00568, Valid Loss: 0.00801, EPS: 0.5860000000000001
Epoch: 46, Train Loss: 0.00567, Valid Loss: 0.00799, EPS: 0.5770000000000001
Epoch: 47, Train Loss: 0.00566, Valid Loss: 0.00800, EPS: 0.5680000000000001
Epoch: 48, Train Loss: 0.00564, Valid Loss: 0.00799, EPS: 0.559
Epoch: 49, Train Loss: 0.00563, Valid Loss: 0.00798, EPS: 0.55
Epoch: 50, Train Loss: 0.00562, Valid Loss: 0.00798, EPS: 0.541
Epoch: 51, Train Loss: 0.00562, Valid Loss: 0.00800, EPS: 0.532
Epoch: 52, Train Loss: 0.00560, Valid Loss: 0.00800, EPS: 0.523
Epoch: 53, Train Loss: 0.00559, Valid Loss: 0.00799, EPS: 0.514
Epoch: 54, Train Loss: 0.00559, Valid Loss: 0.00797, EPS: 0.505
Epoch: 55, Train Loss: 0.00558, Valid Loss: 0.00802, EPS: 0.496
Epoch: 56, Train Loss: 0.00557, Valid Loss: 0.00801, EPS: 0.4870000000000001
Epoch: 57, Train Loss: 0.00555, Valid Loss: 0.00797, EPS: 0.4780000000000001
Epoch: 58, Train Loss: 0.00555, Valid Loss: 0.00800, EPS: 0.4690000000000001
Epoch: 59, Train Loss: 0.00554, Valid Loss: 0.00801, EPS: 0.4600000000000001
Epoch: 60, Train Loss: 0.00552, Valid Loss: 0.00796, EPS: 0.45100000000000007
Epoch: 61, Train Loss: 0.00551, Valid Loss: 0.00798, EPS: 0.44200000000000006
Epoch: 62, Train Loss: 0.00550, Valid Loss: 0.00798, EPS: 0.43300000000000005
Epoch: 63, Train Loss: 0.00548, Valid Loss: 0.00798, EPS: 0.42400000000000004
Epoch: 64, Train Loss: 0.00548, Valid Loss: 0.00796, EPS: 0.41500000000000004
Epoch: 65, Train Loss: 0.00547, Valid Loss: 0.00797, EPS: 0.406
Epoch: 66, Train Loss: 0.00545, Valid Loss: 0.00798, EPS: 0.397
Epoch: 67, Train Loss: 0.00544, Valid Loss: 0.00796, EPS: 0.388
Epoch: 68, Train Loss: 0.00543, Valid Loss: 0.00797, EPS: 0.3790000000000001
Epoch: 69, Train Loss: 0.00543, Valid Loss: 0.00796, EPS: 0.3700000000000001
Epoch: 70, Train Loss: 0.00542, Valid Loss: 0.00798, EPS: 0.3610000000000001
Epoch: 71, Train Loss: 0.00541, Valid Loss: 0.00798, EPS: 0.3520000000000001
Epoch: 72, Train Loss: 0.00539, Valid Loss: 0.00794, EPS: 0.343
Epoch: 73, Train Loss: 0.00539, Valid Loss: 0.00801, EPS: 0.334
Epoch: 74, Train Loss: 0.00538, Valid Loss: 0.00796, EPS: 0.325
Epoch: 75, Train Loss: 0.00537, Valid Loss: 0.00798, EPS: 0.316
Epoch: 76, Train Loss: 0.00536, Valid Loss: 0.00800, EPS: 0.307
Epoch: 77, Train Loss: 0.00536, Valid Loss: 0.00800, EPS: 0.298
Epoch: 78, Train Loss: 0.00535, Valid Loss: 0.00797, EPS: 0.289
Epoch: 79, Train Loss: 0.00534, Valid Loss: 0.00800, EPS: 0.27999999999999997
Epoch: 80, Train Loss: 0.00533, Valid Loss: 0.00803, EPS: 0.27099999999999996
Epoch: 81, Train Loss: 0.00533, Valid Loss: 0.00801, EPS: 0.26200000000000007
Epoch: 82, Train Loss: 0.00532, Valid Loss: 0.00800, EPS: 0.25300000000000006
Epoch: 83, Train Loss: 0.00532, Valid Loss: 0.00799, EPS: 0.24400000000000005
Epoch: 84, Train Loss: 0.00522, Valid Loss: 0.00795, EPS: 0.23500000000000004
Epoch: 85, Train Loss: 0.00521, Valid Loss: 0.00796, EPS: 0.22600000000000003
Epoch: 86, Train Loss: 0.00520, Valid Loss: 0.00796, EPS: 0.21700000000000003
Epoch: 87, Train Loss: 0.00520, Valid Loss: 0.00794, EPS: 0.20800000000000002
Epoch: 88, Train Loss: 0.00520, Valid Loss: 0.00796, EPS: 0.199
Epoch: 89, Train Loss: 0.00519, Valid Loss: 0.00797, EPS: 0.19
Epoch: 90, Train Loss: 0.00519, Valid Loss: 0.00797, EPS: 0.181
Epoch: 91, Train Loss: 0.00519, Valid Loss: 0.00796, EPS: 0.172
Epoch: 92, Train Loss: 0.00520, Valid Loss: 0.00795, EPS: 0.16299999999999998
Epoch: 93, Train Loss: 0.00519, Valid Loss: 0.00799, EPS: 0.15400000000000005
Epoch: 94, Train Loss: 0.00518, Valid Loss: 0.00797, EPS: 0.14500000000000005
Epoch: 95, Train Loss: 0.00518, Valid Loss: 0.00796, EPS: 0.13600000000000004
Epoch: 96, Train Loss: 0.00518, Valid Loss: 0.00797, EPS: 0.12700000000000003
Epoch: 97, Train Loss: 0.00518, Valid Loss: 0.00795, EPS: 0.11800000000000002
Epoch: 98, Train Loss: 0.00518, Valid Loss: 0.00795, EPS: 0.10900000000000001
Epoch: 99, Train Loss: 0.00518, Valid Loss: 0.00799, EPS: 0.1
Test Loss: 0.00798
Test Loss: 0.00782
Training Decoder
Epoch: 0 | LR: 1.00e-04
  Recon Train Loss: 0.10 Generator: 0.45, Discriminator: 0.69
  Recon Validation Loss: 0.10, 
Epoch: 1 | LR: 1.00e-04
  Recon Train Loss: 0.10 Generator: 0.44, Discriminator: 0.69
  Recon Validation Loss: 0.10, 
Epoch: 2 | LR: 1.00e-04
  Recon Train Loss: 0.10 Generator: 0.44, Discriminator: 0.69
  Recon Validation Loss: 0.11, 
Epoch: 3 | LR: 1.00e-04
  Recon Train Loss: 0.10 Generator: 0.44, Discriminator: 0.69
  Recon Validation Loss: 0.11, 
Epoch: 4 | LR: 1.00e-04
  Recon Train Loss: 0.10 Generator: 0.44, Discriminator: 0.69
  Recon Validation Loss: 0.10, 
Epoch: 5 | LR: 1.00e-04
  Recon Train Loss: 0.10 Generator: 0.44, Discriminator: 0.69
  Recon Validation Loss: 0.11, 
Epoch: 6 | LR: 1.00e-04
  Recon Train Loss: 0.10 Generator: 0.44, Discriminator: 0.69
  Recon Validation Loss: 0.10, 
Epoch: 7 | LR: 1.00e-04
  Recon Train Loss: 0.10 Generator: 0.44, Discriminator: 0.69
  Recon Validation Loss: 0.10, 
Epoch: 8 | LR: 1.00e-04
  Recon Train Loss: 0.10 Generator: 0.44, Discriminator: 0.69
  Recon Validation Loss: 0.11, 
Epoch: 9 | LR: 1.00e-04
  Recon Train Loss: 0.10 Generator: 0.44, Discriminator: 0.69
  Recon Validation Loss: 0.10, 
Epoch: 10 | LR: 1.00e-04
  Recon Train Loss: 0.10 Generator: 0.44, Discriminator: 0.69
  Recon Validation Loss: 0.10, 
Epoch: 11 | LR: 1.00e-04
  Recon Train Loss: 0.10 Generator: 0.44, Discriminator: 0.69
  Recon Validation Loss: 0.10, 
Epoch: 12 | LR: 1.00e-04
  Recon Train Loss: 0.10 Generator: 0.44, Discriminator: 0.69
  Recon Validation Loss: 0.11, 
Epoch: 13 | LR: 1.00e-04
  Recon Train Loss: 0.10 Generator: 0.44, Discriminator: 0.69
  Recon Validation Loss: 0.10, 
Epoch: 14 | LR: 1.00e-04
  Recon Train Loss: 0.10 Generator: 0.44, Discriminator: 0.69
  Recon Validation Loss: 0.10, 
Epoch: 15 | LR: 1.00e-04
  Recon Train Loss: 0.10 Generator: 0.44, Discriminator: 0.69
  Recon Validation Loss: 0.10, 
Epoch: 16 | LR: 1.00e-04
  Recon Train Loss: 0.10 Generator: 0.44, Discriminator: 0.69
  Recon Validation Loss: 0.10, 
Epoch: 17 | LR: 1.00e-04
  Recon Train Loss: 0.10 Generator: 0.44, Discriminator: 0.69
  Recon Validation Loss: 0.11, 
Epoch: 18 | LR: 1.00e-04
  Recon Train Loss: 0.10 Generator: 0.44, Discriminator: 0.69
  Recon Validation Loss: 0.10, 
Epoch: 19 | LR: 1.00e-04
  Recon Train Loss: 0.10 Generator: 0.44, Discriminator: 0.69
  Recon Validation Loss: 0.10, 
Epoch: 20 | LR: 1.00e-04
  Recon Train Loss: 0.10 Generator: 0.44, Discriminator: 0.69
  Recon Validation Loss: 0.10, 
Epoch: 21 | LR: 1.00e-05
  Recon Train Loss: 0.09 Generator: 0.44, Discriminator: 0.69
  Recon Validation Loss: 0.10, 
Epoch: 22 | LR: 1.00e-05
  Recon Train Loss: 0.09 Generator: 0.44, Discriminator: 0.69
  Recon Validation Loss: 0.10, 
Epoch: 23 | LR: 1.00e-05
  Recon Train Loss: 0.10 Generator: 0.44, Discriminator: 0.69
  Recon Validation Loss: 0.10, 
Epoch: 24 | LR: 1.00e-05
  Recon Train Loss: 0.10 Generator: 0.44, Discriminator: 0.69
  Recon Validation Loss: 0.10, 
Epoch: 25 | LR: 1.00e-05
  Recon Train Loss: 0.10 Generator: 0.45, Discriminator: 0.69
  Recon Validation Loss: 0.10, 
Epoch: 26 | LR: 1.00e-05
  Recon Train Loss: 0.10 Generator: 0.45, Discriminator: 0.69
  Recon Validation Loss: 0.11, 
Epoch: 27 | LR: 1.00e-05
  Recon Train Loss: 0.10 Generator: 0.45, Discriminator: 0.69
  Recon Validation Loss: 0.11, 
Epoch: 28 | LR: 1.00e-05
  Recon Train Loss: 0.10 Generator: 0.45, Discriminator: 0.69
  Recon Validation Loss: 0.11, 
Epoch: 29 | LR: 1.00e-05
  Recon Train Loss: 0.10 Generator: 0.45, Discriminator: 0.69
  Recon Validation Loss: 0.11, 
Epoch: 30 | LR: 1.00e-05
  Recon Train Loss: 0.10 Generator: 0.45, Discriminator: 0.69
  Recon Validation Loss: 0.11, 
Epoch: 31 | LR: 1.00e-05
  Recon Train Loss: 0.10 Generator: 0.45, Discriminator: 0.69
  Recon Validation Loss: 0.11, 
Epoch: 32 | LR: 1.00e-06
  Recon Train Loss: 0.10 Generator: 0.45, Discriminator: 0.69
  Recon Validation Loss: 0.11, 
Epoch: 33 | LR: 1.00e-06
  Recon Train Loss: 0.10 Generator: 0.45, Discriminator: 0.69
  Recon Validation Loss: 0.11, 
Epoch: 34 | LR: 1.00e-06
  Recon Train Loss: 0.10 Generator: 0.45, Discriminator: 0.68
  Recon Validation Loss: 0.11, 
Epoch: 35 | LR: 1.00e-06
  Recon Train Loss: 0.10 Generator: 0.45, Discriminator: 0.68
  Recon Validation Loss: 0.11, 
Epoch: 36 | LR: 1.00e-06
  Recon Train Loss: 0.10 Generator: 0.45, Discriminator: 0.68
  Recon Validation Loss: 0.11, 
Epoch: 37 | LR: 1.00e-06
  Recon Train Loss: 0.10 Generator: 0.45, Discriminator: 0.68
  Recon Validation Loss: 0.11, 
Epoch: 38 | LR: 1.00e-06
  Recon Train Loss: 0.10 Generator: 0.46, Discriminator: 0.68
  Recon Validation Loss: 0.11, 
Epoch: 39 | LR: 1.00e-06
  Recon Train Loss: 0.10 Generator: 0.46, Discriminator: 0.68
  Recon Validation Loss: 0.11, 
Epoch: 40 | LR: 1.00e-06
  Recon Train Loss: 0.10 Generator: 0.46, Discriminator: 0.68
  Recon Validation Loss: 0.11, 
Epoch: 41 | LR: 1.00e-06
  Recon Train Loss: 0.10 Generator: 0.46, Discriminator: 0.68
  Recon Validation Loss: 0.11, 
Epoch: 42 | LR: 1.00e-06
  Recon Train Loss: 0.11 Generator: 0.46, Discriminator: 0.68
  Recon Validation Loss: 0.11, 
Epoch: 43 | LR: 1.00e-07
  Recon Train Loss: 0.11 Generator: 0.46, Discriminator: 0.67
  Recon Validation Loss: 0.11, 
Epoch: 44 | LR: 1.00e-07
  Recon Train Loss: 0.11 Generator: 0.47, Discriminator: 0.67
  Recon Validation Loss: 0.12, 
Epoch: 45 | LR: 1.00e-07
  Recon Train Loss: 0.11 Generator: 0.48, Discriminator: 0.66
  Recon Validation Loss: 0.12, 
Epoch: 46 | LR: 1.00e-07
  Recon Train Loss: 0.11 Generator: 0.48, Discriminator: 0.64
  Recon Validation Loss: 0.12, 
Epoch: 47 | LR: 1.00e-07
  Recon Train Loss: 0.11 Generator: 0.50, Discriminator: 0.62
  Recon Validation Loss: 0.12, 
Epoch: 48 | LR: 1.00e-07
  Recon Train Loss: 0.11 Generator: 0.51, Discriminator: 0.60
  Recon Validation Loss: 0.12, 
Epoch: 49 | LR: 1.00e-07
  Recon Train Loss: 0.11 Generator: 0.53, Discriminator: 0.58
  Recon Validation Loss: 0.12, 
Epoch: 50 | LR: 1.00e-07
  Recon Train Loss: 0.12 Generator: 0.55, Discriminator: 0.55
  Recon Validation Loss: 0.13, 
Epoch: 51 | LR: 1.00e-07
  Recon Train Loss: 0.12 Generator: 0.57, Discriminator: 0.53
  Recon Validation Loss: 0.13, 
Epoch: 52 | LR: 1.00e-07
  Recon Train Loss: 0.12 Generator: 0.60, Discriminator: 0.50
  Recon Validation Loss: 0.13, 
Epoch: 53 | LR: 1.00e-07
  Recon Train Loss: 0.13 Generator: 0.62, Discriminator: 0.49
  Recon Validation Loss: 0.14, 
Epoch: 54 | LR: 1.00e-08
  Recon Train Loss: 0.13 Generator: 0.65, Discriminator: 0.45
  Recon Validation Loss: 0.14, 
Epoch: 55 | LR: 1.00e-08
  Recon Train Loss: 0.13 Generator: 0.69, Discriminator: 0.41
  Recon Validation Loss: 0.14, 
Epoch: 56 | LR: 1.00e-08
  Recon Train Loss: 0.13 Generator: 0.74, Discriminator: 0.36
  Recon Validation Loss: 0.14, 
Epoch: 57 | LR: 1.00e-08
  Recon Train Loss: 0.13 Generator: 0.80, Discriminator: 0.32
  Recon Validation Loss: 0.14, 
Epoch: 58 | LR: 1.00e-08
  Recon Train Loss: 0.13 Generator: 0.86, Discriminator: 0.28
  Recon Validation Loss: 0.14, 
Epoch: 59 | LR: 1.00e-08
  Recon Train Loss: 0.13 Generator: 0.93, Discriminator: 0.25
  Recon Validation Loss: 0.14, 
Epoch: 60 | LR: 1.00e-08
  Recon Train Loss: 0.13 Generator: 0.99, Discriminator: 0.22
  Recon Validation Loss: 0.14, 
Epoch: 61 | LR: 1.00e-08
  Recon Train Loss: 0.13 Generator: 1.05, Discriminator: 0.19
  Recon Validation Loss: 0.14, 
Epoch: 62 | LR: 1.00e-08
  Recon Train Loss: 0.13 Generator: 1.12, Discriminator: 0.17
  Recon Validation Loss: 0.14, 
Epoch: 63 | LR: 1.00e-08
  Recon Train Loss: 0.13 Generator: 1.18, Discriminator: 0.15
  Recon Validation Loss: 0.14, 
Epoch: 64 | LR: 1.00e-08
  Recon Train Loss: 0.13 Generator: 1.24, Discriminator: 0.14
  Recon Validation Loss: 0.14, 
Epoch: 65 | LR: 1.00e-08
  Recon Train Loss: 0.13 Generator: 1.30, Discriminator: 0.12
  Recon Validation Loss: 0.14, 
Epoch: 66 | LR: 1.00e-08
  Recon Train Loss: 0.13 Generator: 1.35, Discriminator: 0.11
  Recon Validation Loss: 0.14, 
Epoch: 67 | LR: 1.00e-08
  Recon Train Loss: 0.13 Generator: 1.41, Discriminator: 0.10
  Recon Validation Loss: 0.14, 
Epoch: 68 | LR: 1.00e-08
  Recon Train Loss: 0.13 Generator: 1.47, Discriminator: 0.09
  Recon Validation Loss: 0.14, 
Epoch: 69 | LR: 1.00e-08
  Recon Train Loss: 0.13 Generator: 1.52, Discriminator: 0.08
  Recon Validation Loss: 0.14, 
Epoch: 70 | LR: 1.00e-08
  Recon Train Loss: 0.13 Generator: 1.57, Discriminator: 0.08
  Recon Validation Loss: 0.14, 
Epoch: 71 | LR: 1.00e-08
  Recon Train Loss: 0.13 Generator: 1.62, Discriminator: 0.07
  Recon Validation Loss: 0.14, 
Epoch: 72 | LR: 1.00e-08
  Recon Train Loss: 0.13 Generator: 1.67, Discriminator: 0.07
  Recon Validation Loss: 0.14, 
Epoch: 73 | LR: 1.00e-08
  Recon Train Loss: 0.13 Generator: 1.72, Discriminator: 0.06
  Recon Validation Loss: 0.14, 
Epoch: 74 | LR: 1.00e-08
  Recon Train Loss: 0.13 Generator: 1.77, Discriminator: 0.06
  Recon Validation Loss: 0.14, 
Epoch: 75 | LR: 1.00e-08
  Recon Train Loss: 0.13 Generator: 1.82, Discriminator: 0.05
  Recon Validation Loss: 0.14, 
Epoch: 76 | LR: 1.00e-08
  Recon Train Loss: 0.13 Generator: 1.87, Discriminator: 0.05
  Recon Validation Loss: 0.14, 
Epoch: 77 | LR: 1.00e-08
  Recon Train Loss: 0.13 Generator: 1.92, Discriminator: 0.04
  Recon Validation Loss: 0.14, 
Epoch: 78 | LR: 1.00e-08
  Recon Train Loss: 0.13 Generator: 1.96, Discriminator: 0.04
  Recon Validation Loss: 0.14, 
Epoch: 79 | LR: 1.00e-08
  Recon Train Loss: 0.13 Generator: 2.00, Discriminator: 0.04
  Recon Validation Loss: 0.14, 
Epoch: 80 | LR: 1.00e-08
  Recon Train Loss: 0.13 Generator: 2.04, Discriminator: 0.04
  Recon Validation Loss: 0.14, 
Epoch: 81 | LR: 1.00e-08
  Recon Train Loss: 0.13 Generator: 2.08, Discriminator: 0.03
  Recon Validation Loss: 0.14, 
Epoch: 82 | LR: 1.00e-08
  Recon Train Loss: 0.13 Generator: 2.12, Discriminator: 0.03
  Recon Validation Loss: 0.14, 
Epoch: 83 | LR: 1.00e-08
  Recon Train Loss: 0.13 Generator: 2.16, Discriminator: 0.03
  Recon Validation Loss: 0.14, 
Epoch: 84 | LR: 1.00e-08
  Recon Train Loss: 0.13 Generator: 2.20, Discriminator: 0.03
  Recon Validation Loss: 0.14, 
Epoch: 85 | LR: 1.00e-08
  Recon Train Loss: 0.13 Generator: 2.24, Discriminator: 0.03
  Recon Validation Loss: 0.14, 
Epoch: 86 | LR: 1.00e-08
  Recon Train Loss: 0.13 Generator: 2.27, Discriminator: 0.03
  Recon Validation Loss: 0.14, 
Epoch: 87 | LR: 1.00e-08
  Recon Train Loss: 0.13 Generator: 2.30, Discriminator: 0.03
  Recon Validation Loss: 0.14, 
Epoch: 88 | LR: 1.00e-08
  Recon Train Loss: 0.13 Generator: 2.33, Discriminator: 0.02
  Recon Validation Loss: 0.14, 
Epoch: 89 | LR: 1.00e-08
  Recon Train Loss: 0.13 Generator: 2.36, Discriminator: 0.02
  Recon Validation Loss: 0.14, 
Epoch: 90 | LR: 1.00e-08
  Recon Train Loss: 0.13 Generator: 2.40, Discriminator: 0.02
  Recon Validation Loss: 0.14, 
Epoch: 91 | LR: 1.00e-08
  Recon Train Loss: 0.13 Generator: 2.43, Discriminator: 0.02
  Recon Validation Loss: 0.14, 
Epoch: 92 | LR: 1.00e-08
  Recon Train Loss: 0.13 Generator: 2.46, Discriminator: 0.02
  Recon Validation Loss: 0.14, 
Epoch: 93 | LR: 1.00e-08
  Recon Train Loss: 0.13 Generator: 2.48, Discriminator: 0.02
  Recon Validation Loss: 0.14, 
Epoch: 94 | LR: 1.00e-08
  Recon Train Loss: 0.13 Generator: 2.51, Discriminator: 0.02
  Recon Validation Loss: 0.14, 
Epoch: 95 | LR: 1.00e-08
  Recon Train Loss: 0.13 Generator: 2.54, Discriminator: 0.02
  Recon Validation Loss: 0.14, 
Epoch: 96 | LR: 1.00e-08
  Recon Train Loss: 0.13 Generator: 2.57, Discriminator: 0.02
  Recon Validation Loss: 0.14, 
Epoch: 97 | LR: 1.00e-08
  Recon Train Loss: 0.13 Generator: 2.60, Discriminator: 0.02
  Recon Validation Loss: 0.14, 
Epoch: 98 | LR: 1.00e-08
  Recon Train Loss: 0.13 Generator: 2.62, Discriminator: 0.02
  Recon Validation Loss: 0.14, 
Epoch: 99 | LR: 1.00e-08
  Recon Train Loss: 0.13 Generator: 2.65, Discriminator: 0.02
  Recon Validation Loss: 0.14, 
Epoch: 100 | LR: 1.00e-08
  Recon Train Loss: 0.13 Generator: 2.67, Discriminator: 0.02
  Recon Validation Loss: 0.14, 
Epoch: 101 | LR: 1.00e-08
  Recon Train Loss: 0.13 Generator: 2.70, Discriminator: 0.01
  Recon Validation Loss: 0.14, 
Epoch: 102 | LR: 1.00e-08
  Recon Train Loss: 0.13 Generator: 2.72, Discriminator: 0.01
  Recon Validation Loss: 0.14, 
Epoch: 103 | LR: 1.00e-08
  Recon Train Loss: 0.13 Generator: 2.75, Discriminator: 0.01
  Recon Validation Loss: 0.14, 
Epoch: 104 | LR: 1.00e-08
  Recon Train Loss: 0.13 Generator: 2.77, Discriminator: 0.01
  Recon Validation Loss: 0.14, 
Epoch: 105 | LR: 1.00e-08
  Recon Train Loss: 0.13 Generator: 2.79, Discriminator: 0.01
  Recon Validation Loss: 0.14, 
Epoch: 106 | LR: 1.00e-08
  Recon Train Loss: 0.13 Generator: 2.81, Discriminator: 0.01
  Recon Validation Loss: 0.14, 
Epoch: 107 | LR: 1.00e-08
  Recon Train Loss: 0.13 Generator: 2.82, Discriminator: 0.01
  Recon Validation Loss: 0.14, 
Epoch: 108 | LR: 1.00e-08
  Recon Train Loss: 0.13 Generator: 2.84, Discriminator: 0.01
  Recon Validation Loss: 0.14, 
Epoch: 109 | LR: 1.00e-08
  Recon Train Loss: 0.13 Generator: 2.86, Discriminator: 0.01
  Recon Validation Loss: 0.14, 
Epoch: 110 | LR: 1.00e-08
  Recon Train Loss: 0.13 Generator: 2.88, Discriminator: 0.01
  Recon Validation Loss: 0.14, 
Epoch: 111 | LR: 1.00e-08
  Recon Train Loss: 0.13 Generator: 2.90, Discriminator: 0.01
  Recon Validation Loss: 0.14, 
Epoch: 112 | LR: 1.00e-08
  Recon Train Loss: 0.13 Generator: 2.91, Discriminator: 0.01
  Recon Validation Loss: 0.14, 
Epoch: 113 | LR: 1.00e-08
  Recon Train Loss: 0.13 Generator: 2.92, Discriminator: 0.01
  Recon Validation Loss: 0.14, 
Epoch: 114 | LR: 1.00e-08
  Recon Train Loss: 0.13 Generator: 2.94, Discriminator: 0.01
  Recon Validation Loss: 0.14, 
Epoch: 115 | LR: 1.00e-08
  Recon Train Loss: 0.13 Generator: 2.96, Discriminator: 0.01
  Recon Validation Loss: 0.14, 
Epoch: 116 | LR: 1.00e-08
  Recon Train Loss: 0.13 Generator: 2.97, Discriminator: 0.01
  Recon Validation Loss: 0.14, 
Epoch: 117 | LR: 1.00e-08
  Recon Train Loss: 0.13 Generator: 2.98, Discriminator: 0.01
  Recon Validation Loss: 0.14, 
Epoch: 118 | LR: 1.00e-08
  Recon Train Loss: 0.13 Generator: 3.00, Discriminator: 0.01
  Recon Validation Loss: 0.14, 
Epoch: 119 | LR: 1.00e-08
  Recon Train Loss: 0.13 Generator: 3.01, Discriminator: 0.01
  Recon Validation Loss: 0.14, 
Epoch: 120 | LR: 1.00e-08
  Recon Train Loss: 0.14 Generator: 3.03, Discriminator: 0.01
  Recon Validation Loss: 0.14, 
Epoch: 121 | LR: 1.00e-08
  Recon Train Loss: 0.14 Generator: 3.03, Discriminator: 0.01
  Recon Validation Loss: 0.14, 
Epoch: 122 | LR: 1.00e-08
  Recon Train Loss: 0.14 Generator: 3.05, Discriminator: 0.01
  Recon Validation Loss: 0.14, 
Epoch: 123 | LR: 1.00e-08
  Recon Train Loss: 0.14 Generator: 3.06, Discriminator: 0.01
  Recon Validation Loss: 0.14, 
Epoch: 124 | LR: 1.00e-08
  Recon Train Loss: 0.14 Generator: 3.08, Discriminator: 0.01
  Recon Validation Loss: 0.14, 
Epoch: 125 | LR: 1.00e-08
  Recon Train Loss: 0.14 Generator: 3.09, Discriminator: 0.01
  Recon Validation Loss: 0.14, 
Epoch: 126 | LR: 1.00e-08
  Recon Train Loss: 0.14 Generator: 3.10, Discriminator: 0.01
  Recon Validation Loss: 0.14, 
Epoch: 127 | LR: 1.00e-08
  Recon Train Loss: 0.14 Generator: 3.12, Discriminator: 0.01
  Recon Validation Loss: 0.15, 
Epoch: 128 | LR: 1.00e-08
  Recon Train Loss: 0.14 Generator: 3.13, Discriminator: 0.01
  Recon Validation Loss: 0.15, 
Epoch: 129 | LR: 1.00e-08
  Recon Train Loss: 0.14 Generator: 3.14, Discriminator: 0.01
  Recon Validation Loss: 0.15, 
Epoch: 130 | LR: 1.00e-08
  Recon Train Loss: 0.14 Generator: 3.15, Discriminator: 0.01
  Recon Validation Loss: 0.15, 
Epoch: 131 | LR: 1.00e-08
  Recon Train Loss: 0.14 Generator: 3.17, Discriminator: 0.01
  Recon Validation Loss: 0.15, 
Epoch: 132 | LR: 1.00e-08
  Recon Train Loss: 0.14 Generator: 3.17, Discriminator: 0.01
  Recon Validation Loss: 0.15, 
Epoch: 133 | LR: 1.00e-08
  Recon Train Loss: 0.14 Generator: 3.18, Discriminator: 0.01
  Recon Validation Loss: 0.15, 
Epoch: 134 | LR: 1.00e-08
  Recon Train Loss: 0.14 Generator: 3.18, Discriminator: 0.01
  Recon Validation Loss: 0.15, 
Epoch: 135 | LR: 1.00e-08
  Recon Train Loss: 0.14 Generator: 3.19, Discriminator: 0.01
  Recon Validation Loss: 0.15, 
Epoch: 136 | LR: 1.00e-08
  Recon Train Loss: 0.14 Generator: 3.21, Discriminator: 0.01
  Recon Validation Loss: 0.15, 
Epoch: 137 | LR: 1.00e-08
  Recon Train Loss: 0.14 Generator: 3.23, Discriminator: 0.01
  Recon Validation Loss: 0.15, 
Epoch: 138 | LR: 1.00e-08
  Recon Train Loss: 0.14 Generator: 3.22, Discriminator: 0.01
  Recon Validation Loss: 0.15, 
Epoch: 139 | LR: 1.00e-08
  Recon Train Loss: 0.14 Generator: 3.24, Discriminator: 0.01
  Recon Validation Loss: 0.15, 
Epoch: 140 | LR: 1.00e-08
  Recon Train Loss: 0.14 Generator: 3.24, Discriminator: 0.01
  Recon Validation Loss: 0.15, 
Epoch: 141 | LR: 1.00e-08
  Recon Train Loss: 0.14 Generator: 3.25, Discriminator: 0.01
  Recon Validation Loss: 0.15, 
Epoch: 142 | LR: 1.00e-08
  Recon Train Loss: 0.14 Generator: 3.26, Discriminator: 0.01
  Recon Validation Loss: 0.15, 
Epoch: 143 | LR: 1.00e-08
  Recon Train Loss: 0.14 Generator: 3.25, Discriminator: 0.01
  Recon Validation Loss: 0.15, 
Epoch: 144 | LR: 1.00e-08
  Recon Train Loss: 0.14 Generator: 3.28, Discriminator: 0.01
  Recon Validation Loss: 0.15, 
Epoch: 145 | LR: 1.00e-08
  Recon Train Loss: 0.14 Generator: 3.29, Discriminator: 0.01
  Recon Validation Loss: 0.15, 
Epoch: 146 | LR: 1.00e-08
  Recon Train Loss: 0.14 Generator: 3.30, Discriminator: 0.01
  Recon Validation Loss: 0.15, 
Epoch: 147 | LR: 1.00e-08
  Recon Train Loss: 0.14 Generator: 3.30, Discriminator: 0.01
  Recon Validation Loss: 0.15, 
Epoch: 148 | LR: 1.00e-08
  Recon Train Loss: 0.14 Generator: 3.31, Discriminator: 0.01
  Recon Validation Loss: 0.15, 
Epoch: 149 | LR: 1.00e-08
  Recon Train Loss: 0.14 Generator: 3.31, Discriminator: 0.01
  Recon Validation Loss: 0.15, 
Epoch: 150 | LR: 1.00e-08
  Recon Train Loss: 0.15 Generator: 3.33, Discriminator: 0.01
  Recon Validation Loss: 0.15, 
Epoch: 151 | LR: 1.00e-08
  Recon Train Loss: 0.15 Generator: 3.34, Discriminator: 0.01
  Recon Validation Loss: 0.15, 
Epoch: 152 | LR: 1.00e-08
  Recon Train Loss: 0.15 Generator: 3.33, Discriminator: 0.01
  Recon Validation Loss: 0.15, 
Epoch: 153 | LR: 1.00e-08
  Recon Train Loss: 0.15 Generator: 3.34, Discriminator: 0.01
  Recon Validation Loss: 0.15, 
Epoch: 154 | LR: 1.00e-08
  Recon Train Loss: 0.15 Generator: 3.34, Discriminator: 0.01
  Recon Validation Loss: 0.15, 
Epoch: 155 | LR: 1.00e-08
  Recon Train Loss: 0.15 Generator: 3.36, Discriminator: 0.01
  Recon Validation Loss: 0.15, 
Epoch: 156 | LR: 1.00e-08
  Recon Train Loss: 0.15 Generator: 3.37, Discriminator: 0.01
  Recon Validation Loss: 0.16, 
Epoch: 157 | LR: 1.00e-08
  Recon Train Loss: 0.15 Generator: 3.37, Discriminator: 0.01
  Recon Validation Loss: 0.16, 
Epoch: 158 | LR: 1.00e-08
  Recon Train Loss: 0.15 Generator: 3.38, Discriminator: 0.01
  Recon Validation Loss: 0.16, 
Epoch: 159 | LR: 1.00e-08
  Recon Train Loss: 0.15 Generator: 3.39, Discriminator: 0.01
  Recon Validation Loss: 0.16, 
Epoch: 160 | LR: 1.00e-08
  Recon Train Loss: 0.15 Generator: 3.39, Discriminator: 0.01
  Recon Validation Loss: 0.16, 
Epoch: 161 | LR: 1.00e-08
  Recon Train Loss: 0.15 Generator: 3.39, Discriminator: 0.01
  Recon Validation Loss: 0.16, 
Epoch: 162 | LR: 1.00e-08
  Recon Train Loss: 0.15 Generator: 3.39, Discriminator: 0.01
  Recon Validation Loss: 0.16, 
Epoch: 163 | LR: 1.00e-08
  Recon Train Loss: 0.15 Generator: 3.42, Discriminator: 0.01
  Recon Validation Loss: 0.16, 
Epoch: 164 | LR: 1.00e-08
  Recon Train Loss: 0.15 Generator: 3.42, Discriminator: 0.01
  Recon Validation Loss: 0.16, 
Epoch: 165 | LR: 1.00e-08
  Recon Train Loss: 0.15 Generator: 3.43, Discriminator: 0.01
  Recon Validation Loss: 0.16, 
Epoch: 166 | LR: 1.00e-08
  Recon Train Loss: 0.15 Generator: 3.41, Discriminator: 0.01
  Recon Validation Loss: 0.16, 
Epoch: 167 | LR: 1.00e-08
  Recon Train Loss: 0.15 Generator: 3.43, Discriminator: 0.01
  Recon Validation Loss: 0.16, 
Epoch: 168 | LR: 1.00e-08
  Recon Train Loss: 0.15 Generator: 3.43, Discriminator: 0.01
  Recon Validation Loss: 0.16, 
Epoch: 169 | LR: 1.00e-08
  Recon Train Loss: 0.15 Generator: 3.45, Discriminator: 0.01
  Recon Validation Loss: 0.16, 
Epoch: 170 | LR: 1.00e-08
  Recon Train Loss: 0.15 Generator: 3.44, Discriminator: 0.01
  Recon Validation Loss: 0.16, 
Epoch: 171 | LR: 1.00e-08
  Recon Train Loss: 0.15 Generator: 3.45, Discriminator: 0.01
  Recon Validation Loss: 0.16, 
Epoch: 172 | LR: 1.00e-08
  Recon Train Loss: 0.15 Generator: 3.45, Discriminator: 0.01
  Recon Validation Loss: 0.16, 
Epoch: 173 | LR: 1.00e-08
  Recon Train Loss: 0.15 Generator: 3.45, Discriminator: 0.01
  Recon Validation Loss: 0.16, 
Epoch: 174 | LR: 1.00e-08
  Recon Train Loss: 0.15 Generator: 3.46, Discriminator: 0.01
  Recon Validation Loss: 0.16, 
Epoch: 175 | LR: 1.00e-08
  Recon Train Loss: 0.15 Generator: 3.47, Discriminator: 0.01
  Recon Validation Loss: 0.16, 
Epoch: 176 | LR: 1.00e-08
  Recon Train Loss: 0.15 Generator: 3.46, Discriminator: 0.01
  Recon Validation Loss: 0.16, 
Epoch: 177 | LR: 1.00e-08
  Recon Train Loss: 0.15 Generator: 3.47, Discriminator: 0.01
  Recon Validation Loss: 0.16, 
Epoch: 178 | LR: 1.00e-08
  Recon Train Loss: 0.16 Generator: 3.47, Discriminator: 0.01
  Recon Validation Loss: 0.16, 
Epoch: 179 | LR: 1.00e-08
  Recon Train Loss: 0.16 Generator: 3.48, Discriminator: 0.01
  Recon Validation Loss: 0.16, 
Epoch: 180 | LR: 1.00e-08
  Recon Train Loss: 0.16 Generator: 3.48, Discriminator: 0.01
  Recon Validation Loss: 0.16, 
Epoch: 181 | LR: 1.00e-08
  Recon Train Loss: 0.16 Generator: 3.49, Discriminator: 0.01
  Recon Validation Loss: 0.16, 
Epoch: 182 | LR: 1.00e-08
  Recon Train Loss: 0.16 Generator: 3.49, Discriminator: 0.01
  Recon Validation Loss: 0.16, 
Epoch: 183 | LR: 1.00e-08
  Recon Train Loss: 0.16 Generator: 3.49, Discriminator: 0.01
  Recon Validation Loss: 0.16, 
Epoch: 184 | LR: 1.00e-08
  Recon Train Loss: 0.16 Generator: 3.49, Discriminator: 0.01
  Recon Validation Loss: 0.17, 
Epoch: 185 | LR: 1.00e-08
  Recon Train Loss: 0.16 Generator: 3.50, Discriminator: 0.01
  Recon Validation Loss: 0.17, 
Epoch: 186 | LR: 1.00e-08
  Recon Train Loss: 0.16 Generator: 3.49, Discriminator: 0.01
  Recon Validation Loss: 0.17, 
Epoch: 187 | LR: 1.00e-08
  Recon Train Loss: 0.16 Generator: 3.52, Discriminator: 0.01
  Recon Validation Loss: 0.17, 
Epoch: 188 | LR: 1.00e-08
  Recon Train Loss: 0.16 Generator: 3.52, Discriminator: 0.01
  Recon Validation Loss: 0.17, 
Epoch: 189 | LR: 1.00e-08
  Recon Train Loss: 0.16 Generator: 3.53, Discriminator: 0.01
  Recon Validation Loss: 0.17, 
Epoch: 190 | LR: 1.00e-08
  Recon Train Loss: 0.16 Generator: 3.53, Discriminator: 0.01
  Recon Validation Loss: 0.17, 
Epoch: 191 | LR: 1.00e-08
  Recon Train Loss: 0.16 Generator: 3.55, Discriminator: 0.01
  Recon Validation Loss: 0.17, 
Epoch: 192 | LR: 1.00e-08
  Recon Train Loss: 0.16 Generator: 3.54, Discriminator: 0.01
  Recon Validation Loss: 0.17, 
Epoch: 193 | LR: 1.00e-08
  Recon Train Loss: 0.16 Generator: 3.55, Discriminator: 0.01
  Recon Validation Loss: 0.17, 
Epoch: 194 | LR: 1.00e-08
  Recon Train Loss: 0.16 Generator: 3.56, Discriminator: 0.01
  Recon Validation Loss: 0.17, 
Epoch: 195 | LR: 1.00e-08
  Recon Train Loss: 0.16 Generator: 3.56, Discriminator: 0.01
  Recon Validation Loss: 0.17, 
Epoch: 196 | LR: 1.00e-08
  Recon Train Loss: 0.16 Generator: 3.57, Discriminator: 0.01
  Recon Validation Loss: 0.17, 
Epoch: 197 | LR: 1.00e-08
  Recon Train Loss: 0.16 Generator: 3.59, Discriminator: 0.01
  Recon Validation Loss: 0.17, 
Epoch: 198 | LR: 1.00e-08
  Recon Train Loss: 0.16 Generator: 3.58, Discriminator: 0.01
  Recon Validation Loss: 0.17, 
Epoch: 199 | LR: 1.00e-08
  Recon Train Loss: 0.16 Generator: 3.59, Discriminator: 0.01
  Recon Validation Loss: 0.17, 
